76 2
6 0 7 5 8 3 9 2 4 1 
861256 42486268 
6 8 7 5 0 3 9 2 4 1 
861720 42125694 
6 0 7 2 8 3 9 5 4 1 
870266 42005518 
6 8 7 2 0 3 9 5 4 1 
870730 41651278 
6 0 9 5 8 3 7 2 4 1 
872008 38652250 
6 8 9 5 0 3 7 2 4 1 
872472 38453256 
6 0 9 2 8 3 4 5 7 1 
916878 38356762 
6 8 9 2 0 3 4 5 7 1 
917342 38164102 
6 0 9 5 8 3 4 2 7 1 
921468 36686468 
6 8 9 5 0 3 4 2 7 1 
921932 36487474 
6 9 0 5 8 3 7 2 4 1 
1178462 34003594 
6 9 0 2 8 3 4 5 7 1 
1228568 33767164 
6 9 0 5 8 3 4 2 7 1 
1233158 32064740 
6 9 0 5 8 1 4 2 7 3 
1531138 31255260 
6 0 3 2 8 4 9 5 7 1 
1798860 31161808 
6 8 3 2 0 4 9 5 7 1 
1799324 30807568 
6 8 3 2 0 4 7 5 9 1 
1800092 30755886 
1 0 3 2 8 4 9 5 7 6 
1852316 30664990 
1 8 3 2 0 4 9 5 7 6 
1852780 30310750 
6 0 9 5 8 4 3 2 7 1 
1940644 29829902 
6 8 9 5 0 4 3 2 7 1 
1941108 29630908 
1 8 3 7 0 4 9 5 2 6 
1943290 29449140 
1 0 3 9 8 4 7 5 2 6 
1943564 29014472 
1 8 3 9 0 4 7 5 2 6 
1944028 28641470 
6 9 3 5 8 0 4 2 7 1 
2015390 28311444 
6 9 3 5 0 8 4 2 7 1 
2074796 27999082 
6 9 3 2 8 4 0 5 7 1 
2157258 27527692 
1 9 3 2 8 4 0 5 7 6 
2210274 27204260 
6 9 0 2 8 4 3 5 7 1 
2254170 26159482 
6 9 0 5 8 4 3 2 7 1 
2259036 25208192 
6 9 0 5 8 4 3 7 2 1 
2344136 24242612 
6 9 0 5 8 4 1 2 7 3 
2647266 23462594 
6 9 0 5 8 4 1 7 2 3 
2732366 22600558 
1 9 0 5 8 4 6 7 2 3 
2940196 22515814 
6 7 8 5 0 4 1 9 2 3 
3136946 22408086 
6 7 0 5 8 4 1 9 2 3 
3155222 22273138 
1 7 0 5 8 4 6 9 2 3 
3363708 22266938 
6 9 0 5 8 2 1 7 4 3 
3378078 21902692 
6 5 8 9 0 4 1 7 2 3 
3548810 21248258 
6 5 0 9 8 4 1 7 2 3 
3554920 21152070 
1 5 8 9 0 4 6 7 2 3 
3757144 21150740 
1 5 0 9 8 4 6 7 2 3 
3763254 21054552 
6 5 8 9 0 2 1 7 4 3 
4190700 20628302 
6 5 0 9 8 2 1 7 4 3 
4196810 20532114 
1 5 0 9 8 2 6 7 4 3 
4422320 20445942 
3 5 8 9 7 1 6 2 4 0 
4607456 20161056 
3 5 0 9 7 1 6 2 4 8 
4756810 20048032 
0 4 1 2 6 9 8 5 7 3 
4899106 18568706 
0 4 6 2 1 9 8 5 7 3 
4926016 18189990 
0 2 1 4 6 9 8 5 7 3 
5315736 17915024 
3 4 8 5 6 9 1 2 7 0 
5336592 16367350 
3 4 8 5 1 9 6 2 7 0 
5360924 16184096 
3 4 8 5 6 7 1 2 9 0 
5381776 15746050 
3 4 8 5 1 7 6 2 9 0 
5406108 15608212 
3 9 8 5 1 7 6 2 4 0 
5471464 15333754 
3 4 8 9 6 7 1 5 2 0 
5476054 15154496 
3 4 8 9 1 7 6 5 2 0 
5500386 14995852 
3 9 8 5 1 7 6 4 2 0 
5583826 14822372 
3 4 8 9 6 7 1 2 5 0 
5598284 14700898 
3 4 8 9 1 7 6 2 5 0 
5622616 14538670 
3 7 8 5 1 4 6 9 2 0 
5752542 14516256 
3 4 0 9 1 7 6 2 5 8 
5772008 14420386 
3 7 0 5 1 4 6 9 2 8 
5902140 14379712 
6 9 8 5 3 4 1 2 7 0 
5934050 13927026 
6 7 8 9 3 4 1 5 2 0 
5983070 13554074 
6 7 8 5 3 4 1 9 2 0 
5991864 13236058 
6 7 0 5 3 4 1 9 2 8 
6141462 13099514 
6 7 8 9 3 2 1 5 4 0 
6626268 12937838 
6 7 8 5 3 2 1 9 4 0 
6628202 12886774 
6 5 8 9 3 4 1 2 7 0 
6645896 12434990 
6 5 8 9 3 4 1 7 2 0 
6731356 11881702 
6 5 0 9 3 4 1 7 2 8 
6880710 11768678 
6 5 8 9 3 2 1 7 4 0 
7373246 11307694 
6 5 8 9 3 2 1 4 7 0 
7418338 11291572 
6 5 0 9 3 2 1 7 4 8 
7522600 11194670 
6 5 0 9 3 2 1 4 7 8 
7567692 11178548 
