68 3
0 2 5 4 1 6 3 
4789916 32065774 18135576 
0 2 3 4 1 6 5 
4904074 28831906 18670170 
2 0 6 1 4 3 5 
4932274 24313790 16489502 
5 3 2 4 0 6 1 
4945318 37408872 13039486 
5 3 0 4 2 6 1 
4958646 36305302 12908364 
2 0 6 5 1 3 4 
4995592 30364730 15471268 
0 2 1 4 5 6 3 
5012158 33666386 14032398 
6 4 2 1 0 5 3 
5016242 26262244 16404688 
2 0 5 1 4 3 6 
5021424 28692118 16075692 
2 0 4 1 6 3 5 
5033596 25117392 14571476 
6 4 0 3 2 5 1 
5038894 23643658 14974632 
2 0 5 1 6 3 4 
5041276 33100732 14318778 
2 0 6 5 4 3 1 
5064944 21387616 14518118 
2 0 4 1 5 3 6 
5079400 33093570 13028116 
6 4 2 3 0 5 1 
5107684 22708824 14277376 
3 5 6 0 4 2 1 
5139332 38333520 12901700 
2 0 4 5 6 3 1 
5166266 22248118 12554118 
2 0 1 5 6 3 4 
5234888 27592814 12050938 
0 2 3 5 1 6 4 
5309826 20831932 14939836 
3 5 4 0 6 2 1 
5323620 37727678 10355758 
4 6 1 2 3 0 5 
5501804 34135300 11962698 
3 5 1 0 6 2 4 
5517688 34936766 11521784 
0 2 1 6 3 4 5 
5584046 26364290 11884370 
4 6 2 3 0 5 1 
5602266 22130910 13766158 
2 0 4 6 1 3 5 
5655406 20172238 17584120 
0 2 1 5 3 6 4 
5672980 18945584 10350720 
0 2 3 5 1 4 6 
5862022 18502152 14529992 
6 5 2 0 3 4 1 
5911638 32357434 9822346 
5 3 4 0 2 6 1 
5945356 34190046 8746474 
6 5 0 2 3 4 1 
6065768 31413356 9459466 
5 3 1 0 2 6 4 
6219088 25489556 9489978 
0 2 1 5 3 4 6 
6225176 16602130 9945570 
6 5 1 2 3 0 4 
6387578 33872302 8713558 
5 6 0 2 4 3 1 
6433258 23285396 9199286 
5 3 6 0 2 4 1 
6568826 36374696 8535780 
6 5 0 3 1 4 2 
6582438 28557930 9132938 
2 3 4 6 5 0 1 
6604064 30024652 9058882 
6 5 2 3 1 4 0 
6606218 27411768 8893866 
5 6 2 0 4 3 1 
6606260 23606468 8566888 
3 5 0 4 6 2 1 
6612026 35652156 7837434 
4 6 1 3 5 0 2 
6648318 16636916 9150610 
4 6 1 3 5 2 0 
6765302 17327978 8939912 
5 3 4 0 2 1 6 
6813554 30581778 8209406 
3 5 1 4 6 2 0 
6890814 23700966 8482640 
3 5 1 4 6 0 2 
6926918 24938716 8292998 
3 5 2 4 6 1 0 
6927678 35176538 7812876 
3 5 0 4 6 1 2 
6938888 34690306 7569376 
3 2 1 6 0 5 4 
7159934 21913926 8797568 
5 6 0 2 4 1 3 
7191220 18734148 8705862 
5 6 2 0 4 1 3 
7349832 19158816 8069476 
3 2 4 6 0 5 1 
7403810 20764382 7384694 
3 1 4 6 5 2 0 
7946602 16068960 8737992 
3 1 4 6 5 0 2 
7962820 16808694 8636958 
0 6 1 5 4 2 3 
7997390 19511758 8064564 
6 0 1 3 2 5 4 
8094386 25098754 6382570 
3 2 4 6 0 1 5 
8187888 16428300 6843684 
6 0 1 3 2 4 5 
8389956 20241722 6409602 
0 4 1 5 6 2 3 
8867208 18815526 6829898 
1 3 4 6 5 2 0 
8898864 15631848 9022062 
3 2 1 5 0 4 6 
8905190 15539708 8428666 
6 0 5 3 2 1 4 
9145158 30098538 6059966 
4 0 1 3 2 5 6 
9467812 19392608 6238442 
0 4 1 5 6 3 2 
9604740 23102296 6042524 
5 0 1 3 2 4 6 
9951174 17509204 6676428 
4 0 5 3 2 1 6 
10497908 24514374 5910914 
0 4 3 5 6 1 2 
10668752 28808620 5722458 
1 2 4 6 0 3 5 
10834306 15071034 7054686 
1 2 3 5 0 4 6 
12156012 14666332 8792362 
