161 4
0 1 3 2 4 5 
3525786 3703218 13536922 11995728 
2 1 3 0 4 5 
3728474 4117658 14850022 10622344 
0 5 3 2 4 1 
3748358 3715092 13970866 11829748 
0 1 3 2 5 4 
3961394 3899450 12916762 10764740 
2 5 3 0 4 1 
3989000 4124464 15403960 10489852 
0 4 3 2 5 1 
3994818 3968484 13222228 10632064 
0 1 5 2 4 3 
4097704 5032698 12782264 11990736 
2 1 3 0 5 4 
4099834 4325362 12672358 10732092 
2 1 4 0 3 5 
4116168 5141386 10937338 8751980 
2 1 5 0 4 3 
4140264 5023426 14272004 10616008 
5 0 1 3 4 2 
4171560 3124496 11619118 11425676 
5 2 1 3 4 0 
4195896 3117644 11749084 11421052 
3 2 1 5 4 0 
4215546 2938380 14780610 8611836 
2 5 4 0 3 1 
4321614 5113200 11453908 8595872 
0 1 4 2 3 5 
4420880 5767106 11778478 7894164 
5 4 1 3 2 0 
4463042 3294140 13593942 7652876 
1 2 3 5 4 0 
4467024 2402256 17041998 8852788 
3 4 1 5 2 0 
4486092 3126476 10992968 10669260 
5 4 1 3 0 2 
4488008 3320536 13566104 8548284 
1 0 5 3 4 2 
4504768 2444890 16214680 11589512 
1 2 5 3 4 0 
4528152 2449868 16351996 11555964 
3 0 1 5 2 4 
4533590 3146472 10703726 10550940 
3 2 1 5 0 4 
4582348 3164160 11707054 10509628 
0 5 4 2 3 1 
4588372 5743988 12175054 7704568 
2 1 5 0 3 4 
4600078 5240014 9868732 8705940 
0 1 5 2 3 4 
4664598 5230166 10974832 7846108 
0 4 5 2 3 1 
4665892 5278788 11258500 7699656 
2 4 5 0 3 1 
4704390 5274880 10478098 8650384 
1 4 3 5 2 0 
4723906 2621096 15983964 10800060 
5 0 1 3 2 4 
4738264 3283728 14024664 7735484 
1 0 3 5 2 4 
4775076 2595462 15666372 10793304 
1 4 5 3 2 0 
4806034 2602208 16052162 7874336 
3 0 4 5 1 2 
4902862 4172880 9797736 5817442 
3 2 4 5 1 0 
4912892 4190288 9810288 5787010 
5 0 3 1 4 2 
4935420 2996590 12061346 14078648 
3 1 0 2 4 5 
4939476 1344966 14382630 11680488 
5 2 3 1 4 0 
4954470 2988772 12173120 14073372 
5 4 2 3 1 0 
4963612 3864116 9049278 6169346 
3 4 0 2 1 5 
5051494 1370700 9715502 13548154 
5 0 2 3 1 4 
5107254 3770112 9390732 6195538 
3 5 0 2 4 1 
5164904 1321350 14794524 11601280 
5 4 0 3 1 2 
5182076 4291472 9008984 6161474 
3 5 0 2 1 4 
5232618 1413250 9905930 13271062 
1 0 4 5 3 2 
5308122 4226954 9528024 5071600 
1 2 4 5 3 0 
5319818 4243644 9540564 5045956 
5 0 4 3 1 2 
5372606 5450104 8891026 6245626 
3 1 2 0 4 5 
5388132 1337276 14531088 10332812 
3 1 0 2 5 4 
5395852 1576126 8072746 10437818 
3 4 0 2 5 1 
5440156 1509960 8294212 10635702 
3 4 2 0 1 5 
5492170 1388280 9575844 14339460 
1 4 2 3 5 0 
5566482 3898664 8756810 5069666 
3 5 2 0 1 4 
5609862 1419238 9547968 14054544 
3 5 2 0 4 1 
5650562 1320422 15070326 10258168 
1 0 2 3 5 4 
5685134 3815430 9098444 5024038 
2 4 5 3 1 0 
5690706 2482504 15577802 6302370 
2 4 1 3 0 5 
5713300 3212880 5244228 8660334 
2 4 5 3 0 1 
5767128 2639044 4756538 8633214 
3 1 2 0 5 4 
5776036 1572804 7820932 10433254 
1 4 0 3 5 2 
5794284 4317060 8637584 5060618 
2 0 5 3 1 4 
5820612 2559190 16025306 5911230 
4 0 3 5 1 2 
5884146 2367670 16531894 5922378 
4 2 3 5 1 0 
5896896 2351278 16523446 5974586 
2 4 1 3 5 0 
5950584 3208984 12827114 4981230 
1 2 0 3 5 4 
5954680 4250468 9128990 4989314 
2 1 5 3 0 4 
5963296 2603698 5519492 8688450 
1 0 4 3 5 2 
5979834 5467262 8350666 5070430 
1 2 4 3 5 0 
6021578 5483904 8500438 5044754 
2 5 1 3 0 4 
6036038 3149474 6163518 8559546 
4 0 1 5 3 2 
6038064 2956178 13999744 4939716 
4 2 1 5 3 0 
6052344 2940758 13992334 4992580 
2 0 1 3 5 4 
6057540 3271090 13259048 4580250 
1 0 2 5 3 4 
6080922 5159322 8608002 5025208 
0 4 5 3 1 2 
6145866 2508592 16225100 6245460 
1 2 0 5 3 4 
6149620 5180936 8768164 4990516 
0 4 1 3 2 5 
6155296 3207756 5165380 7705454 
4 5 2 0 1 3 
6162364 1319866 17291324 14248668 
4 1 2 0 5 3 
6192530 1395168 11518536 10792618 
0 4 5 3 2 1 
6199786 2642880 4756622 7679510 
4 3 2 0 1 5 
6258498 1277254 17572820 14346452 
4 1 2 0 3 5 
6263384 1374452 14114728 8782702 
5 1 0 2 4 3 
6301022 1339104 11316550 11656836 
5 1 2 0 4 3 
6348350 1325910 11641744 10309160 
0 4 1 3 5 2 
6417546 3230256 12720428 4921758 
0 1 5 3 2 4 
6427608 2593892 5519348 7825718 
4 5 2 0 3 1 
6465838 1383446 14654398 8535690 
2 4 0 3 5 1 
6483348 4433468 12636122 4976870 
5 4 0 2 1 3 
6492378 1410492 9009444 13428112 
0 5 1 3 2 4 
6498026 3135734 6084526 7662122 
0 2 1 3 5 4 
6568830 3276894 13282184 4573610 
5 3 0 2 4 1 
6629886 1295682 12155728 11580080 
5 3 2 0 4 1 
6671928 1281522 12462730 10231752 
0 4 2 3 5 1 
6722508 4036344 12648662 4926446 
2 1 4 3 0 5 
6739036 5554426 4620094 8734490 
5 1 2 0 3 4 
6807108 1540722 7527780 8399686 
5 3 0 2 1 4 
6811924 1418158 9626904 13254020 
4 1 0 2 5 3 
6815666 1412250 11328510 10797182 
3 0 4 1 5 2 
6872902 6653910 8146136 5813182 
5 1 0 2 3 4 
6873900 1546636 7869706 7508842 
5 4 0 2 3 1 
6883218 1495548 8091424 7606178 
3 2 4 1 5 0 
6909224 6671276 8278766 5782722 
4 1 0 2 3 5 
6932168 1388622 14191550 7891858 
5 4 2 1 3 0 
6961152 6551828 8104226 6166148 
5 0 2 1 3 4 
7003382 6457986 7982522 6192448 
4 0 5 3 1 2 
7076298 2414358 15932900 6269892 
4 5 0 2 3 1 
7097620 1390854 14603876 7640282 
3 1 4 2 0 5 
7113570 5698622 11687754 2268242 
4 2 5 3 1 0 
7131336 2405694 16069988 6327316 
2 0 3 5 1 4 
7136760 2546902 15519700 5563716 
3 0 2 1 5 4 
7138650 6485070 8275674 5771494 
5 4 0 1 3 2 
7158266 6927500 8097288 6158276 
0 4 3 5 2 1 
7171144 2676216 4224492 10605234 
2 4 3 5 0 1 
7185462 2674972 4314520 10663530 
0 1 4 3 2 5 
7187340 5559980 4755262 7873774 
0 2 3 5 1 4 
7203342 2551094 16335286 5559014 
2 4 3 5 1 0 
7228866 2510788 15836260 5982240 
3 1 4 0 2 5 
7257162 5078456 10981782 2265342 
2 1 3 5 0 4 
7270624 2619340 4695442 10705074 
3 1 5 2 0 4 
7278582 5237202 11549392 2230098 
0 1 3 5 2 4 
7287960 2606942 4605186 10737750 
3 5 4 2 0 1 
7316048 5660426 12084078 2179194 
2 0 1 5 3 4 
7337886 3116146 9971614 4570806 
4 0 1 3 5 2 
7350318 3111122 10796978 4930860 
3 2 0 1 5 4 
7382758 6867868 8311158 5731818 
2 4 1 5 3 0 
7388682 3053788 10260148 4971618 
0 2 1 5 3 4 
7404312 3121998 10895950 4567126 
0 4 1 5 3 2 
7440828 3075060 11191894 4915074 
3 5 4 0 2 1 
7485932 5040218 11498184 2176266 
3 1 5 0 2 4 
7678374 5237244 10443148 2227198 
1 5 0 2 4 3 
7686888 1266696 16823918 11654668 
2 3 4 5 0 1 
7698482 4319062 4749076 10480022 
3 5 1 2 0 4 
7707456 6514338 12124286 2170522 
4 1 3 0 2 5 
7744720 4091904 14478106 2585596 
1 3 0 2 4 5 
7790324 1246890 17251202 11657120 
1 4 0 2 5 3 
7905470 1422696 8637876 10757940 
1 4 0 2 3 5 
7907648 1368492 9141146 7848458 
0 2 4 5 3 1 
7930824 4480886 11019422 4562998 
4 5 3 0 2 1 
7968594 4114506 15032308 2347768 
2 0 4 5 3 1 
7970798 4471158 10163866 4551022 
5 1 3 2 0 4 
8053426 3876996 13288282 2219754 
1 5 0 2 3 4 
8063782 1421812 9331754 7499546 
1 5 2 0 4 3 
8122380 1265080 17121812 10311556 
1 3 2 0 4 5 
8183528 1237546 17403560 10308792 
5 1 3 0 2 4 
8209202 4290510 12953622 2219782 
4 1 3 2 0 5 
8211168 3678390 13255118 2581176 
3 5 1 0 2 4 
8282990 6876126 10904628 2167594 
1 4 2 0 3 5 
8292452 1385748 8990224 8751690 
2 4 0 5 3 1 
8369796 5363636 9368680 4967258 
1 5 2 0 3 4 
8385154 1427476 8962528 8394954 
4 5 3 2 0 1 
8408750 3701034 13689242 2343376 
5 1 4 2 3 0 
8547314 5941164 6723346 7510386 
5 4 1 2 3 0 
8724360 6653624 5869612 7634226 
4 0 5 1 3 2 
8832156 2879820 14011938 6261312 
4 2 5 1 3 0 
8883438 2871162 14131872 6318740 
4 0 3 1 5 2 
8952258 2988076 11408166 5904942 
2 1 3 4 0 5 
8963344 5409746 4714874 10591592 
4 2 3 1 5 0 
8991300 2971642 11519796 5957122 
2 4 5 1 3 0 
8999832 2947804 10485486 6283434 
2 0 5 1 3 4 
9028326 3024652 10469832 5892402 
1 5 3 2 0 4 
9240032 3787032 17034080 2231920 
0 4 5 1 3 2 
9403140 2973892 11262588 6226890 
1 5 4 2 3 0 
9821196 5813280 8239694 7488730 
