132 4
6 2 0 4 5 3 1 
2396384 23827374 30098160 25290580 
6 2 0 4 5 1 3 
2470928 21635854 20003370 25147364 
3 0 2 5 6 4 1 
2552548 25252482 33404654 25100762 
6 2 0 4 3 1 5 
2602864 20573308 21396268 25043750 
3 2 0 5 6 4 1 
2662764 25462798 32468550 24192442 
5 0 2 3 6 4 1 
2676876 28753696 33060584 23774020 
5 2 0 3 6 4 1 
2700308 28752492 32126384 24787316 
6 3 5 4 0 2 1 
2704742 29922918 30815220 22445326 
5 4 6 3 0 2 1 
2715982 27234978 36072440 23131722 
5 4 6 3 2 0 1 
2729678 26416618 35272372 23138598 
3 0 2 1 6 4 5 
2751740 19005784 21818128 29718820 
0 4 6 2 3 1 5 
2754802 23158434 22913738 24531950 
6 3 5 4 2 0 1 
2756686 29107102 29978314 22452008 
2 4 6 0 3 1 5 
2799866 24801396 22888720 24723152 
2 5 3 0 6 4 1 
2807236 30505196 28956788 23505340 
0 4 6 2 5 1 3 
2822450 22366140 24585932 24450140 
0 6 4 2 3 1 5 
2823402 23462414 19436510 25124394 
0 5 3 2 6 4 1 
2834964 31571172 29514518 22514232 
3 2 0 1 6 4 5 
2861984 19218816 21819296 29712002 
5 4 6 1 2 0 3 
2881550 19959602 24769884 27311792 
0 6 4 2 5 1 3 
2891050 22670120 21108704 25042584 
3 0 2 5 6 1 4 
2893346 19124724 24230978 25294992 
2 6 4 0 3 1 5 
2901010 25184696 19410778 24594990 
5 6 4 3 0 2 1 
2967650 27911866 32730664 23554200 
5 6 4 3 2 0 1 
2977830 27093062 31930392 23564070 
3 2 0 5 6 1 4 
2991934 19342184 25835782 24396818 
5 0 2 3 6 1 4 
3016456 21677410 22157516 23871356 
2 6 4 0 5 1 3 
3021842 24029042 20396332 24473820 
4 3 5 6 0 2 1 
3066216 35194014 33010592 22132216 
6 5 3 4 2 0 1 
3074630 29744958 29581046 22815706 
5 4 6 1 2 3 0 
3098094 16745638 22249922 27543080 
5 4 6 1 0 3 2 
3114150 16751540 23807906 27542046 
2 5 3 0 6 1 4 
3115348 21666214 22649828 23449382 
5 6 4 1 2 0 3 
3129698 20635658 21294008 27608478 
4 3 5 6 2 0 1 
3138278 34377442 32163252 22137980 
0 5 3 2 6 1 4 
3141974 21873998 21642870 22370608 
3 0 2 1 4 5 6 
3163502 17986722 19965038 29882994 
3 6 5 1 2 0 4 
3170104 27076626 24718824 22361310 
6 3 5 4 0 1 2 
3184698 17095062 18987532 22406068 
6 3 5 4 2 1 0 
3200298 16697542 19320812 22375454 
3 6 5 1 0 2 4 
3213894 25675026 23310964 22366680 
6 3 5 4 1 2 0 
3253502 29087874 31450692 22326094 
5 2 0 6 1 4 3 
3322794 23072476 18875476 26307560 
5 0 2 3 4 1 6 
3330920 20517204 18191606 23768740 
5 0 2 1 4 3 6 
3335610 20528776 18035246 31453196 
2 5 3 0 4 1 6 
3379060 20991186 17760352 23394488 
0 5 3 2 4 1 6 
3385742 21335230 17010884 22330474 
3 6 5 1 0 4 2 
3508088 15800470 19961860 22246382 
3 6 5 1 2 4 0 
3524504 16155052 19382380 22273148 
4 3 5 6 0 1 2 
3545592 21914478 20359384 22046818 
4 3 5 6 2 1 0 
3581136 21380698 20435174 22001444 
4 3 5 6 1 2 0 
3701400 33768510 32530274 21949024 
4 3 5 6 1 0 2 
3737918 33485718 31607144 22000162 
5 3 1 6 0 4 2 
3790140 15835836 19177040 24661318 
5 1 3 6 0 4 2 
3798044 15624568 26131138 22439438 
5 1 3 6 2 4 0 
3841596 15630238 27000186 22436908 
6 3 1 5 0 2 4 
3878112 28003374 26791874 21812332 
3 6 4 2 1 0 5 
3880606 22573502 16198896 29526992 
5 6 3 1 0 2 4 
3901704 24243654 21337524 20585976 
5 6 3 1 2 0 4 
3911930 25645382 22716408 20573358 
3 1 5 6 2 4 0 
3971606 14863790 25539324 22197856 
3 1 5 6 0 4 2 
3982070 14498360 23982484 22156210 
3 6 4 0 1 2 5 
3982122 22576522 16169244 28885700 
3 5 1 6 0 4 2 
4024242 14801712 20510356 27116208 
3 5 1 2 4 0 6 
4063634 16159496 16226230 28914662 
5 3 1 4 0 6 2 
4134756 15841620 19011094 30781312 
6 3 5 1 0 4 2 
4175538 17110190 18661098 27044278 
5 0 3 1 4 2 6 
4177646 18651006 18281678 25369050 
5 6 3 1 0 4 2 
4195898 16618398 22106020 20696478 
6 3 1 5 0 4 2 
4227946 22273544 18664430 22071704 
3 5 1 0 4 2 6 
4244990 16154120 16248136 30704580 
5 6 3 1 2 4 0 
4266330 16613220 20838748 20679068 
6 3 5 1 2 4 0 
4276410 16704158 18892348 27003214 
5 3 6 1 0 4 2 
4317426 16821542 19170364 25565460 
3 1 5 4 0 6 2 
4327302 14504156 23816702 28404456 
6 3 1 5 2 4 0 
4329546 21870662 18894672 22026426 
6 4 5 3 0 2 1 
4340508 28704318 40172282 19507564 
5 3 6 4 2 0 1 
4351156 26477898 25894164 19188252 
6 3 2 4 1 0 5 
4353476 23891932 15821790 26866144 
5 3 6 4 0 2 1 
4359980 27293858 26698472 19173416 
5 1 3 2 4 0 6 
4368024 14742924 20781264 26174852 
3 5 1 4 0 6 2 
4368858 14807496 20344410 33236202 
5 3 1 2 4 0 6 
4391872 14968664 17444194 31847008 
5 1 3 0 4 2 6 
4417628 14737560 20830966 27197790 
6 3 0 4 1 2 5 
4424094 23471918 15852084 25661886 
3 6 5 4 0 1 2 
4436584 15785342 19887630 30589036 
5 3 1 0 4 2 6 
4440860 14963288 17493732 32741694 
5 3 2 1 4 0 6 
4519824 19584980 17440086 27667148 
0 4 3 2 5 1 6 
4585368 26725974 16718624 24523958 
5 3 2 0 6 4 1 
4686176 27770596 23420366 19635268 
6 5 4 0 1 2 3 
4714018 18589242 18131726 28829446 
6 3 2 0 4 1 5 
4751806 26809872 18662490 21758224 
3 5 6 4 0 1 2 
4777476 16634670 20413366 20967954 
3 4 0 2 5 1 6 
4785038 26572022 15954584 24341664 
3 5 4 6 2 0 1 
4793172 31366434 25695270 19064324 
5 3 6 4 2 1 0 
4794768 16812484 20260134 19393274 
1 5 3 2 4 0 6 
4823768 17415918 18539288 28796718 
6 4 3 5 0 2 1 
4836464 32200578 40168922 17794342 
6 4 5 3 0 1 2 
4838746 15858048 23931438 19450750 
5 3 6 4 0 1 2 
4839936 16805274 19153088 19374190 
3 5 4 6 0 2 1 
4846774 32182142 26469626 19048424 
3 5 0 2 6 4 1 
4848048 27583452 23353092 17800816 
3 6 0 2 1 4 5 
4878592 22912322 16180732 20842764 
5 3 4 6 2 0 1 
4882524 30242292 25895492 17352918 
3 5 2 0 6 4 1 
4886992 26832138 23354612 18701606 
6 4 5 3 2 1 0 
4887946 15446968 21594318 19401536 
5 3 4 6 0 2 1 
4891486 31059056 26699368 17336282 
6 4 5 1 2 3 0 
5038268 15470784 21235806 23367624 
3 5 2 1 4 0 6 
5080958 19583332 16222818 29169192 
3 6 0 2 4 1 5 
5106454 25820078 18872108 20803244 
5 1 6 4 2 0 3 
5115126 21904396 18608482 21172170 
3 6 2 0 1 4 5 
5149564 22636316 16179912 22102832 
3 5 0 2 6 1 4 
5155058 21485158 22069604 18026472 
6 3 2 0 1 4 5 
5172098 23891896 15540338 21797016 
3 5 2 0 6 1 4 
5195104 20737302 22071124 18927224 
3 5 4 6 2 1 0 
5223178 20761844 21140220 19183650 
6 4 0 2 5 1 3 
5243202 21395554 24398066 18886998 
3 5 4 6 0 1 2 
5308402 20398048 20414262 19130840 
6 3 4 0 1 2 5 
5318002 20007942 15853124 32393442 
5 3 2 0 4 1 6 
5319420 19569252 17380668 19659528 
5 3 4 6 2 1 0 
5325382 20574512 20261462 17557966 
6 4 3 5 0 1 2 
5333020 19349030 23928078 17737586 
5 3 4 6 0 1 2 
5370862 20568652 19153984 17537076 
6 4 3 5 2 1 0 
5383052 18941550 21589806 17683556 
6 3 0 2 1 4 5 
5422482 23468862 15541566 23136418 
6 4 0 2 3 1 5 
5459138 20299108 19114964 18736884 
3 5 0 2 4 1 6 
5493354 20316810 16233982 17909030 
6 3 4 2 1 0 5 
5497768 20004922 15824058 34937102 
5 3 0 2 4 1 6 
5525030 19989498 17378908 19980250 
3 5 2 0 4 1 6 
5533088 19567604 16235934 18811588 
3 1 2 0 6 4 5 
5669400 22725802 16187814 21049190 
3 1 0 2 6 4 5 
5809628 23841200 16186266 20435330 
