98 4
0 4 2 6 5 3 1 
2841894 412040 10403256 5407948 
0 4 2 6 5 1 3 
2913912 294066 10406694 5490944 
0 4 2 1 5 6 3 
2977654 286372 10567594 5618536 
0 4 2 3 5 6 1 
3081496 392350 9756596 5829460 
0 4 2 3 5 1 6 
3090990 442398 9754318 5746980 
5 4 2 6 0 3 1 
3457668 405834 4030630 5495988 
4 0 5 6 2 3 1 
3482470 355308 7356786 4725450 
5 4 2 6 0 1 3 
3502678 287860 4034092 5578888 
4 0 5 6 2 1 3 
3531050 271262 7349932 4256682 
5 4 2 1 0 3 6 
3556928 448028 4027908 5541880 
5 4 2 1 0 6 3 
3605948 280006 4033636 5707308 
5 4 2 3 0 1 6 
3653732 436352 3543060 5834144 
5 4 2 3 0 6 1 
3657742 386304 3545326 5916672 
2 0 5 6 4 3 1 
3774064 352486 4614112 4692596 
2 0 5 6 4 1 3 
3782132 268440 4607294 4223684 
2 0 4 6 5 1 3 
4201328 260642 10566244 4646734 
5 4 2 3 1 6 0 
4569058 387822 1185426 10760952 
5 0 4 1 2 6 3 
4595198 258132 7581658 5080424 
5 4 2 3 6 1 0 
4645630 438088 1024622 10915764 
5 0 2 6 4 1 3 
4680628 261494 4692184 4980472 
5 0 2 1 4 6 3 
4774914 261420 4853600 5111900 
5 4 2 6 3 1 0 
4781512 289086 1024622 10667050 
5 4 2 1 3 6 0 
4792458 281392 1185510 10671542 
2 1 4 3 5 6 0 
4825266 207362 9733562 7560108 
5 4 2 3 1 0 6 
4825352 1238702 1134078 8645276 
2 3 0 6 5 1 4 
4845152 128302 10338728 8671146 
2 6 4 3 5 1 0 
4875502 250090 9724996 7730152 
5 4 2 3 6 0 1 
4905934 1238920 975540 8882616 
2 3 0 1 5 6 4 
4949088 120842 10499526 8803352 
2 3 4 6 5 1 0 
4959884 128362 10385140 7165766 
5 4 2 6 1 3 0 
4969090 406312 621994 11145800 
2 3 4 1 5 6 0 
4984228 120746 10545994 7171796 
5 1 4 3 2 6 0 
4993464 205408 7152298 7856686 
5 6 4 3 2 1 0 
5049996 248136 7143726 8026730 
0 3 2 6 5 1 4 
5140862 126332 10532622 8342766 
5 4 2 6 1 0 3 
5148148 1365888 576374 9457294 
5 3 0 6 2 1 4 
5184744 124982 7112082 8633930 
0 3 2 1 5 6 4 
5204604 118638 10693522 8470358 
2 0 5 6 3 1 4 
5210160 269850 1216872 10720016 
5 3 4 6 2 1 0 
5242122 125768 7158494 7465656 
5 3 4 1 2 6 0 
5246702 118232 7400026 7471272 
5 3 0 1 2 6 4 
5268916 117602 7353558 8765722 
4 3 5 6 2 1 0 
5334502 131784 7421938 6774112 
4 3 5 1 2 6 0 
5339082 124248 7663470 6779728 
4 5 2 3 1 6 0 
5363830 669270 1567846 10073642 
2 0 5 6 1 3 4 
5381370 352240 811910 11163174 
4 5 2 6 3 1 0 
5401148 570534 1407042 10049446 
5 1 2 3 4 6 0 
5402036 208322 4963886 7894648 
4 5 2 1 3 6 0 
5412094 562840 1567930 10053938 
5 6 2 3 4 1 0 
5434658 251128 4951022 8064700 
2 0 5 6 3 4 1 
5443102 1480590 1159808 8620178 
0 2 5 6 3 1 4 
5469204 429378 1334896 7604758 
0 2 5 1 3 6 4 
5531072 417952 1495504 7731970 
5 3 2 6 4 1 0 
5539064 128360 4541110 7498046 
5 3 2 1 4 6 0 
5550010 120666 4701998 7502538 
4 5 2 6 1 3 0 
5565326 638230 1001060 10433556 
2 3 5 6 4 1 0 
5582392 128962 4679300 6740946 
2 3 5 1 4 6 0 
5606736 121346 4840154 6746976 
2 0 5 6 1 4 3 
5622380 1478934 748028 8594424 
0 2 5 6 1 3 4 
5645814 523198 930708 8069756 
2 3 5 6 0 1 4 
5706938 135490 4298452 8507812 
5 3 2 6 0 1 4 
5720964 120126 4160020 8430254 
5 3 2 1 0 6 4 
5824234 112272 4159564 8558674 
2 4 5 3 1 6 0 
5936424 388502 1619534 10443404 
5 1 2 3 0 6 4 
6035090 199154 3682804 8969342 
5 6 2 1 0 3 4 
6041664 261244 4152516 8854262 
2 4 5 6 3 1 0 
6041862 289688 1458960 10385498 
5 6 2 3 0 1 4 
6055128 241948 3667140 9019590 
2 4 5 1 3 6 0 
6066206 282072 1619814 10391528 
4 0 5 6 3 1 2 
6107604 268010 1247428 14142370 
5 0 2 6 3 1 4 
6141362 254486 1301624 11000842 
5 2 0 6 3 1 4 
6210524 415984 1251506 8255316 
5 0 2 1 3 6 4 
6235648 254412 1463040 11132270 
4 0 5 6 1 3 2 
6278814 350400 842502 14533376 
5 2 0 1 3 6 4 
6299188 404714 1412046 8385604 
5 0 2 6 1 3 4 
6312740 337422 896620 11492300 
5 2 0 6 1 3 4 
6387230 510116 847294 8747914 
5 0 2 6 1 4 3 
6519388 1467152 833290 8923412 
5 3 4 6 0 1 2 
6550842 117672 4075200 12536232 
5 1 4 3 0 6 2 
6560280 196814 3580772 13119340 
5 6 4 3 0 1 2 
6597936 239524 3568000 13109678 
5 3 4 1 0 6 2 
6693908 109896 4074716 12727740 
0 4 5 6 3 1 2 
7071556 293954 1398586 9860734 
5 0 4 6 3 1 2 
7094734 251990 1237048 14674906 
5 4 0 6 3 1 2 
7106508 285318 1147886 10511526 
0 4 5 1 3 6 2 
7175094 286338 1559458 10051414 
5 4 0 1 3 6 2 
7236842 277858 1308690 10705282 
0 4 5 6 1 3 2 
7258966 410634 995982 10317260 
5 0 4 6 1 3 2 
7266256 335394 832044 15155612 
5 4 0 6 1 3 2 
7294014 402310 745258 10995652 
5 3 0 6 1 4 2 
8145164 1322168 549928 16568566 
2 0 4 6 3 1 5 
8150734 263586 1209016 15544894 
5 3 4 6 1 0 2 
8173224 1147184 614050 16409698 
5 4 3 6 1 0 2 
8266626 1359666 582894 14353504 
5 3 0 6 1 2 4 
8310372 2155240 516838 15474322 
2 0 4 6 1 3 5 
8322256 346990 804054 15964756 
5 3 4 6 1 2 0 
8366022 2150410 563250 14435072 
2 3 0 6 1 4 5 
9200956 1320040 594082 21046794 
