114 3
0 4 5 3 2 6 1 
4681062 35605574 17091304 
0 4 5 3 2 1 6 
4682802 35748512 16502438 
2 3 5 4 0 6 1 
4758502 28916992 8184986 
2 3 5 4 0 1 6 
4760806 29299222 8092746 
4 3 5 2 0 6 1 
5154596 26273606 8198120 
4 3 5 2 0 1 6 
5158434 26573308 8105880 
2 0 5 4 3 6 1 
5401894 37360310 3886436 
2 0 5 4 3 1 6 
5404434 37894644 3555384 
2 1 5 4 0 6 3 
5549786 28501216 7191740 
2 1 5 4 0 3 6 
5556234 26755404 7861912 
4 0 5 2 3 6 1 
5695578 34712038 3899584 
4 0 5 2 3 1 6 
5699652 35163844 3568532 
2 6 5 4 0 1 3 
5772126 28741152 7099494 
2 6 5 4 0 3 1 
5776270 26613110 7861906 
5 3 2 0 4 1 6 
5823110 26269628 8920076 
5 3 2 0 4 6 1 
5824218 25811700 9343384 
4 1 5 2 0 3 6 
6033494 24508530 7875034 
4 1 5 2 0 6 3 
6034716 25841702 7204862 
5 4 3 0 2 1 6 
6217418 23887976 16515658 
5 4 3 0 2 6 1 
6218746 23579982 17104524 
4 6 5 2 0 3 1 
6238724 24368924 7875030 
4 6 5 2 0 1 3 
6243784 26001798 7112618 
2 0 5 4 1 3 6 
6244302 35655604 2727514 
5 1 2 0 4 3 6 
6444088 24243238 8689368 
5 3 4 2 0 6 1 
6514940 20503140 8197394 
5 3 4 2 0 1 6 
6518778 20802842 8105154 
4 0 5 2 1 6 3 
6531060 33744152 3622768 
4 0 5 2 1 3 6 
6531372 33399656 2740662 
5 3 4 0 2 6 1 
6706572 20439372 15150002 
2 0 3 4 5 6 1 
6870086 18952356 23212626 
2 0 3 4 5 1 6 
6872626 19486690 22881574 
5 4 0 2 3 6 1 
6923878 29679628 4178268 
5 4 0 2 3 1 6 
6927276 29679462 3754912 
5 0 4 2 3 6 1 
7012498 28983698 3898740 
5 0 4 2 3 1 6 
7016572 29435504 3567688 
2 3 0 4 5 6 1 
7082808 16472336 21577880 
2 3 0 4 5 1 6 
7084672 16554698 21154524 
5 1 2 4 0 6 3 
7159184 25372372 7191582 
5 1 2 4 0 3 6 
7165888 24187920 7861882 
0 3 2 5 4 6 1 
7185190 19689164 9328486 
0 3 2 5 4 1 6 
7187150 19982036 8905178 
2 0 4 5 3 6 1 
7294670 25915842 3820404 
2 0 4 5 3 1 6 
7297210 26450176 3489352 
5 6 2 4 0 1 3 
7382268 25686126 7099354 
5 3 0 2 4 6 1 
7383040 19776546 9312652 
5 3 0 2 4 1 6 
7386438 19776380 8889296 
5 6 2 4 0 3 1 
7386636 24049274 7861878 
4 0 3 2 5 6 1 
7390642 16356064 23190078 
5 1 4 2 0 3 6 
7403510 19697698 7874542 
5 1 4 2 0 6 3 
7404316 20118660 7204162 
5 4 0 2 1 3 6 
7453262 28198570 2927106 
5 1 4 0 2 3 6 
7530090 19642456 14330524 
2 3 4 5 0 6 1 
7557872 17471580 8118954 
2 3 4 5 0 1 6 
7560176 17853810 8026714 
5 6 4 2 0 3 1 
7608740 19558092 7874538 
5 6 4 2 0 1 3 
7613384 20278756 7111918 
4 3 0 2 5 6 1 
7671250 13873020 21560750 
4 3 0 2 5 1 6 
7674648 13872854 21137394 
5 0 2 4 1 3 6 
7810532 33130246 2727366 
2 3 0 5 4 6 1 
7829200 16608256 9328108 
2 3 0 5 4 1 6 
7831064 16690618 8904752 
5 0 4 2 1 3 6 
7848396 28640232 2740026 
5 1 0 2 4 3 6 
7965368 17289016 8658540 
2 1 0 4 5 6 3 
8009124 16071144 19922466 
2 1 0 4 5 3 6 
8016012 14625200 20923754 
2 0 4 5 1 3 6 
8119528 26208898 2661690 
2 0 4 5 1 6 3 
8131072 24980960 3543588 
2 6 5 4 1 0 3 
8161586 29991648 2132770 
2 6 0 4 5 1 3 
8163508 16003920 19830188 
2 1 5 4 6 0 3 
8194790 30296522 1893964 
0 3 4 5 2 6 1 
8259892 14360906 15104840 
0 3 4 5 2 1 6 
8261632 14503844 14515974 
2 0 4 5 6 1 3 
8386616 25525770 3212536 
2 1 0 5 4 3 6 
8502898 14762134 8673982 
2 1 4 5 0 3 6 
8537812 17307546 7796088 
2 1 4 5 0 6 3 
8550890 17068284 7125708 
4 6 5 2 1 0 3 
8615590 28281140 2145894 
2 6 0 5 4 3 1 
8655418 14612548 9005060 
4 1 5 2 6 0 3 
8663424 28586712 1907086 
4 1 0 2 5 3 6 
8685620 12422396 20906612 
4 1 0 2 5 6 3 
8686402 13455700 19905324 
2 6 4 5 0 1 3 
8773230 17308220 7033462 
4 6 0 2 5 3 1 
8823334 12275498 21237692 
4 6 0 2 5 1 3 
8827514 13308636 19813048 
2 4 0 5 1 3 6 
8897852 25714964 2942424 
2 6 5 4 3 0 1 
9090042 29250410 1902090 
0 1 4 5 2 3 6 
9139566 13718294 14285354 
2 3 5 4 6 0 1 
9167686 29860062 1066248 
2 1 5 4 3 0 6 
9190766 29237752 1571012 
2 3 5 4 1 0 6 
9235206 29542530 973976 
0 6 4 5 2 3 1 
9260464 13576006 14781980 
4 6 5 2 3 0 1 
9542990 27560218 1915214 
4 3 5 2 6 0 1 
9547484 28166380 1079382 
4 3 5 2 1 0 6 
9615180 27845462 987110 
4 1 5 2 3 0 6 
9658520 27544872 1584134 
4 1 0 5 2 3 6 
10020886 12448770 14285336 
4 6 0 5 2 3 1 
10140360 12299186 14781958 
5 3 2 0 1 4 6 
10395414 26593460 973500 
5 1 2 0 3 4 6 
10494456 25586940 1570550 
5 6 2 0 3 4 1 
10678724 25442922 1901630 
0 3 5 2 1 4 6 
11488614 37686680 944778 
0 3 2 5 1 4 6 
11728220 22126134 958602 
5 3 0 2 1 4 6 
11843992 33162502 944080 
0 1 2 5 3 4 6 
11885782 21122406 1555644 
2 3 4 5 1 0 6 
11937376 29161646 909096 
0 6 2 5 3 4 1 
12040438 20983764 1886728 
4 3 6 2 5 1 0 
12934742 12249466 18108504 
4 3 1 2 5 6 0 
12946892 11936030 18110056 
0 3 1 5 2 6 4 
14186812 14104044 11393558 
0 1 3 5 2 6 4 
14392060 14031014 11250586 
0 6 3 5 2 1 4 
14514698 14031664 11158346 
4 3 1 5 2 6 0 
14752834 11826816 21421300 
0 6 1 5 2 3 4 
14934816 13933360 11163002 
0 3 4 5 1 2 6 
16092454 26015594 941530 
