144 4
2 5 0 4 3 1 
3233108 16500760 13249760 34138330 
2 5 0 4 1 3 
3237992 17144194 13213534 34138624 
0 5 2 4 3 1 
3254850 12095740 13753792 39412984 
0 5 2 4 1 3 
3260016 13032712 13718928 39413122 
4 5 0 2 3 1 
3598328 13195170 12018432 33872456 
4 5 0 2 1 3 
3601844 13154520 12005234 33872762 
0 5 4 2 3 1 
3636084 11626834 12717936 41377744 
0 5 4 2 1 3 
3640446 12466798 12708824 41377582 
4 0 5 2 3 1 
3877592 17049008 11132736 30025864 
4 0 5 2 1 3 
3879428 17208710 11101954 30026370 
5 0 4 2 3 1 
3934062 23017714 11073408 29667728 
5 0 4 2 1 3 
3937120 24449414 11048528 29667558 
4 2 5 0 3 1 
3983532 15520458 11622340 35050658 
4 2 5 0 1 3 
3983706 15781920 11591246 35051164 
5 2 4 0 3 1 
3990474 21493264 10543260 23725678 
5 2 4 0 1 3 
3991870 23026724 10518068 23725508 
2 0 5 4 3 1 
4155872 20356470 9847628 29685210 
2 0 5 4 1 3 
4159076 21200256 9793818 29685704 
4 5 2 0 3 1 
4327824 13922652 10167152 38539530 
4 5 2 0 1 3 
4330938 13833498 10166830 38539686 
5 4 2 0 1 3 
4339402 24780610 9219408 23189204 
5 4 2 0 3 1 
4340526 22946622 9270976 23189074 
2 4 5 0 3 1 
4349598 19810500 10545528 36744688 
1 5 0 3 4 2 
4493648 14574864 17780376 31393024 
1 5 2 4 3 0 
4547144 7657790 18492512 40809758 
0 4 2 5 1 3 
4656238 15542692 12664888 24069198 
0 4 2 5 3 1 
4658274 14164760 12701104 24069060 
0 2 5 4 3 1 
4907058 13699354 7401576 34042320 
0 2 5 4 1 3 
4909284 14986942 7335940 34042808 
5 2 0 4 3 1 
4949328 21234446 7127748 31394834 
0 2 4 5 3 1 
4951722 12713274 11456952 23999136 
5 2 0 4 1 3 
4951930 22913418 7063928 31395114 
0 2 4 5 1 3 
4952206 13790678 11447112 23998974 
3 5 2 4 1 0 
5007764 7706382 19392284 40333134 
5 4 0 2 1 3 
5012836 24101468 6786596 28213860 
5 4 0 2 3 1 
5013558 22218976 6851040 28213580 
4 5 1 2 3 0 
5132120 11691150 17153696 39103642 
1 5 4 2 3 0 
5148936 7188884 17512088 42779276 
4 5 3 2 1 0 
5491670 11349696 17926422 37285314 
3 5 4 2 1 0 
5506956 7140468 18412028 42300156 
2 0 4 5 3 1 
5603064 19370226 9631788 29333606 
2 0 4 5 1 3 
5604526 20003828 9633774 29333450 
4 0 2 5 3 1 
5610606 16531592 9921320 32318910 
4 0 2 5 1 3 
5611504 16578118 9920582 32319066 
1 0 5 3 4 2 
5738864 17475764 12888808 22743154 
1 0 5 3 2 4 
5747508 22789364 12829730 22742234 
5 2 4 1 3 0 
5802230 20474224 13290524 21861950 
5 2 4 1 0 3 
5809480 20892978 13195198 21863988 
5 0 1 3 4 2 
5812986 27360810 12218300 15686118 
5 0 1 3 2 4 
5816742 27586418 12135614 15687902 
5 1 4 2 3 0 
5950242 23017724 13282524 21384090 
5 1 4 2 0 3 
5959154 23334718 13187510 21386128 
5 1 3 0 4 2 
5968788 28869336 12139932 10912538 
5 1 3 0 2 4 
5978942 28556976 12084350 10914022 
5 0 3 1 4 2 
5984428 27409326 12517504 14972584 
5 0 3 1 2 4 
5987380 27537926 12460570 14974068 
5 3 1 0 4 2 
6069048 28718560 11766104 10059044 
5 3 1 0 2 4 
6076682 28706728 11684146 10060828 
5 2 4 3 1 0 
6087098 21803882 14019332 21670688 
5 2 4 3 0 1 
6092952 20689176 13949198 21672896 
1 2 5 4 3 0 
6200060 9258454 11887540 32598126 
5 2 1 4 3 0 
6271122 19730426 11253068 25936172 
5 2 1 4 0 3 
6277836 20084508 11174910 25938010 
5 1 0 3 4 2 
6289050 29515984 10406876 15221656 
5 3 4 2 1 0 
6356122 24448642 14048188 21259552 
5 3 4 2 0 1 
6361976 23333936 13978054 21261760 
5 4 2 1 3 0 
6366938 21927556 11123736 20497194 
5 4 2 1 0 3 
6377128 21995694 11059182 20498882 
5 4 1 2 3 0 
6548214 20714956 10814432 20395054 
5 4 1 2 0 3 
6558806 20831598 10737002 20396892 
5 3 0 1 4 2 
6560752 29413724 10332252 13654628 
3 2 5 4 1 0 
6657656 9658012 12786528 32458916 
5 4 3 2 0 1 
6914684 20530794 11734514 20934456 
3 5 0 2 1 4 
7043658 6789530 18851260 32125176 
1 4 2 5 3 0 
7172984 9723210 17438384 22025242 
2 4 1 5 3 0 
7186074 17061660 17405596 21926086 
1 4 2 5 0 3 
7195714 16062118 17162740 22026820 
0 1 3 5 4 2 
7236690 22252636 17290610 12127340 
3 1 0 5 4 2 
7244406 18336996 17753458 16991436 
0 1 3 5 2 4 
7255736 26386822 17085346 12128746 
1 5 0 2 3 4 
7293138 6386740 19300096 32600534 
0 3 1 5 4 2 
7402950 22102052 16658686 11211638 
1 3 0 5 4 2 
7416424 17893174 17045396 15273438 
0 3 1 5 2 4 
7419476 26536766 16427046 11213344 
1 2 4 5 3 0 
7466276 8272374 16249924 22581294 
1 2 4 5 0 3 
7486066 14961898 15943508 22583222 
2 3 0 5 4 1 
7585184 17896924 16739888 18831036 
2 1 4 5 3 0 
7611102 19367404 15873200 21950898 
3 2 4 5 1 0 
7701572 8461748 17149276 22436676 
3 2 4 5 0 1 
7720878 14073868 16852700 22438766 
3 2 4 1 0 5 
7734630 12307538 22525122 19414984 
3 0 1 5 4 2 
7741842 16184654 15757966 16538330 
1 0 3 5 4 2 
7747600 15891416 15681828 15736034 
1 0 3 5 2 4 
7762408 21948744 15425318 15737414 
1 2 4 3 0 5 
7783290 12991766 22369930 19368348 
2 0 3 5 4 1 
7916396 15895016 15363468 19149176 
1 5 4 0 3 2 
8177856 5660336 21887974 40292304 
1 4 2 3 0 5 
8252490 14091894 20423994 15881562 
3 5 4 0 1 2 
8282076 5713818 22338406 39813190 
2 0 1 5 4 3 
8282444 15744614 15887956 20237090 
1 5 0 4 3 2 
8288678 5401760 25082118 33686822 
3 4 2 1 0 5 
8302830 13407954 20192042 15834886 
2 3 1 4 0 5 
8447424 23037926 19877912 9548130 
2 3 1 4 5 0 
8473778 31885850 19465346 9552142 
2 1 3 4 0 5 
8499636 22737542 19642044 9490774 
2 1 3 4 5 0 
8527670 31385114 19247062 9494586 
3 5 0 4 1 2 
8546798 5600754 25532298 33211452 
4 1 3 2 0 5 
8973810 20227554 21964478 10016952 
3 1 4 2 0 5 
8987874 14746028 22516134 15831034 
4 3 1 2 0 5 
9020598 20528226 21813202 9980996 
1 4 0 5 3 2 
9571850 7467180 25049382 29787602 
3 4 1 2 0 5 
9587298 12243858 20147022 15756686 
0 2 4 1 3 5 
9618474 9078814 25370354 20975244 
0 4 2 1 3 5 
10183650 10530196 23036490 17732560 
0 2 4 3 1 5 
10240830 9816552 26713858 20783982 
5 1 3 2 0 4 
10263254 20527214 21398506 13530790 
5 3 1 2 0 4 
10310198 20827236 21191538 12868858 
1 0 4 2 3 5 
10315794 7181254 27946150 27219822 
1 2 4 0 3 5 
10321272 5656954 27416062 21421130 
4 0 3 1 2 5 
10394024 15107506 25629250 14900822 
4 0 1 3 2 5 
10443944 15155998 25359726 15619414 
1 2 0 4 3 5 
10448792 5398136 23791614 29072352 
1 0 4 5 3 2 
10489718 8268126 21155898 25893014 
1 4 2 0 3 5 
10671948 7107712 25921010 18380622 
2 1 3 5 4 0 
10796318 15891596 23707552 14117882 
0 1 4 2 3 5 
10819122 11619214 25361114 17534652 
3 2 4 0 1 5 
10894968 5710464 28914758 21276504 
4 1 0 3 2 5 
10926332 16656428 23297002 11687358 
2 3 1 5 4 0 
10962542 15741162 23088480 13346636 
4 3 0 1 2 5 
10973996 16758338 23222014 10741548 
3 2 0 4 1 5 
11176388 5597158 25290058 28931470 
1 4 0 2 3 5 
11395878 6380066 23513866 23406226 
0 4 1 2 3 5 
11416818 9317596 22991554 17653112 
4 3 0 2 1 5 
11455976 13144134 26517644 15420198 
5 3 1 4 0 2 
11508726 20079926 22785736 11063008 
5 1 3 4 0 2 
11560854 19779892 22579856 11342716 
4 1 3 0 2 5 
11608002 16122956 25251590 7400184 
4 1 3 0 5 2 
11636556 31996914 24730664 7401582 
4 3 1 0 2 5 
11705586 16273358 24907078 7172966 
4 3 1 0 5 2 
11731200 32497932 24355380 7174714 
2 1 0 3 4 5 
12554612 14568054 25841890 13350682 
2 3 0 1 4 5 
12707468 14466144 25767406 12118156 
2 1 3 0 4 5 
13116582 13921406 27796674 9060596 
2 3 1 0 4 5 
13216758 13770980 27452834 8544166 
