27 4
0 4 3 1 2 
2590634 11267920 989728 11246936 
0 1 3 4 2 
2593354 10596604 749696 6123996 
2 1 3 4 0 
2797562 10209838 720936 6121508 
0 3 1 4 2 
3920266 15408598 766444 6015542 
3 1 0 4 2 
3998252 8165476 1015616 14085388 
3 4 0 1 2 
4001932 8704312 886368 10315688 
2 3 1 4 0 
4098798 15011164 738708 6011616 
3 1 2 4 0 
4443132 7342774 949354 13301514 
3 4 2 1 0 
4446812 8660610 940148 11659092 
1 0 2 4 3 
4484094 12303812 664628 2292496 
4 1 2 3 0 
5394102 8174114 942414 13302100 
2 4 0 1 3 
5410032 6733608 720090 10362790 
0 4 2 1 3 
5649184 6329136 770292 11693406 
3 0 2 4 1 
5811006 13803566 646132 2202672 
4 3 0 1 2 
6059502 9522268 878178 8357192 
4 1 3 2 0 
6801882 8620958 562428 6121004 
4 0 2 1 3 
7039434 9797742 525124 2291590 
4 2 0 1 3 
7245162 9717708 511612 2298740 
4 1 3 0 2 
7264434 8185034 550392 6123226 
3 2 0 1 4 
7677334 12653888 607392 2199914 
3 0 2 1 4 
7985126 12947282 600424 2221524 
1 4 3 0 2 
8098584 6339680 700324 11245730 
1 4 3 2 0 
8692622 6744140 693778 11258442 
1 2 0 3 4 
9016134 13776958 596832 2200448 
1 0 2 3 4 
9323846 14111692 590948 2222062 
4 0 2 3 1 
9705066 12461906 497152 2202304 
4 2 0 3 1 
9885198 12329864 483580 2208012 
