1665 4
6 7 0 8 1 9 3 4 5 2 
2285502 37436748 56252508 56705654 
6 7 2 8 1 9 3 4 5 0 
2286884 36137490 57515582 55173770 
6 7 0 1 8 9 3 4 5 2 
2312038 43503056 56674090 55544258 
6 7 2 1 8 9 3 4 5 0 
2313392 42297752 58040022 53930418 
4 7 0 8 1 9 3 6 5 2 
2323432 40840098 55176260 56698736 
4 7 2 8 1 9 3 6 5 0 
2324814 39560118 56548294 54736574 
4 7 0 1 8 9 3 6 5 2 
2348906 47063652 55599014 55537676 
4 7 2 1 8 9 3 6 5 0 
2350260 45877626 57073906 53493558 
0 7 6 1 8 9 3 2 5 4 
2382630 43153670 45285458 44795966 
0 7 4 1 8 9 3 2 5 6 
2395874 40716440 41675978 44360000 
1 7 0 4 6 9 3 8 5 2 
2397608 39688212 48041604 56134674 
6 7 0 8 1 5 3 4 9 2 
2404764 36671296 51778146 55304430 
6 7 2 8 1 5 3 4 9 0 
2405600 35370370 53027112 53782640 
2 7 4 1 8 9 3 0 5 6 
2416842 38387784 43604724 47600852 
0 7 4 8 1 9 3 2 5 6 
2416976 39877830 42109840 46024708 
0 1 6 8 7 9 3 2 5 4 
2453022 37539272 50201904 47355360 
0 1 4 8 7 9 3 2 5 6 
2466106 35157500 46607790 46906798 
1 7 0 4 6 5 3 8 9 2 
2468054 39013840 43594530 54857770 
2 1 6 8 7 9 3 0 5 4 
2478238 34561584 50887984 49788416 
2 1 4 8 7 9 3 0 5 6 
2491322 32199090 47402830 48909576 
0 2 6 1 8 9 3 7 5 4 
2500612 47918798 45239520 42804704 
1 7 4 0 2 5 3 8 9 6 
2503108 42837654 39988566 49383228 
0 8 4 1 7 9 3 2 5 6 
2505658 35096814 45503522 47288062 
0 7 6 1 8 5 3 2 9 4 
2507206 42161908 43166568 43718284 
0 2 4 1 8 9 3 7 5 6 
2514192 44978492 41605162 42369060 
0 7 4 1 8 5 3 2 9 6 
2520450 39724678 39557088 43282318 
2 8 4 1 7 9 3 0 5 6 
2530874 32138894 47017028 50077850 
8 4 0 6 1 9 3 7 5 2 
2535158 31525900 55719602 57574738 
2 7 4 1 8 5 3 0 9 6 
2538566 37370580 41486742 46523128 
1 7 0 4 3 9 6 8 5 2 
2554236 33335850 52906612 46447026 
1 7 2 4 3 9 6 8 5 0 
2555614 34853494 51539118 47760406 
0 7 4 8 1 5 3 2 9 6 
2561184 38973884 39971822 44883282 
7 1 0 4 6 9 3 8 5 2 
2570102 42908364 45235804 42378540 
7 0 4 1 8 9 3 2 5 6 
2597886 36931396 38740186 45476304 
3 7 0 4 1 9 6 8 5 2 
2603928 30593824 50526756 38888100 
3 7 2 4 1 9 6 8 5 0 
2605310 32162898 49126272 40345156 
0 1 4 8 7 5 3 2 9 6 
2610158 34040354 44815260 47895812 
7 1 0 3 4 9 6 8 5 2 
2622208 48152724 50008862 39324926 
0 8 6 1 2 9 3 7 5 4 
2623672 30534156 45550804 43432564 
1 4 2 7 8 9 3 6 5 0 
2624836 32168810 43285792 45579230 
1 4 0 7 8 9 3 6 5 2 
2624922 32104948 42592624 44773596 
0 2 6 1 8 5 3 7 9 4 
2625236 47129052 43019798 41113518 
0 8 4 1 2 9 3 7 5 6 
2636680 27747982 41918910 42993664 
0 2 4 1 8 5 3 7 9 6 
2638816 44188746 39385440 40677874 
7 1 0 6 4 9 3 8 5 2 
2645700 46890338 45006432 38683342 
7 2 4 1 8 9 3 0 5 6 
2665006 36281746 38660018 45473282 
0 1 6 2 7 9 3 8 5 4 
2674146 41631278 43789852 40592758 
3 7 0 5 1 6 9 8 4 2 
2679636 34108440 48680164 40834604 
1 0 6 7 8 9 3 2 5 4 
2683318 35249576 40508280 45901790 
3 7 2 5 1 6 9 8 4 0 
2685386 35709458 48148584 42150020 
2 1 4 0 7 9 3 8 5 6 
2686282 36151438 39891280 42552522 
1 0 4 8 7 9 3 2 5 6 
2686324 41099220 37570042 41565360 
0 1 4 2 7 9 3 8 5 6 
2687230 38465448 39997474 40270234 
7 0 4 1 8 5 3 2 9 6 
2696848 35937924 36516032 43708052 
1 0 4 7 8 9 3 2 5 6 
2697042 31963370 37281348 43636120 
1 4 2 7 8 5 3 6 9 0 
2697996 31286382 38839790 44402652 
3 7 1 4 0 9 6 2 5 8 
2698186 34415544 52705414 38841814 
1 4 0 7 8 5 3 6 9 2 
2698628 31224188 38160730 43586924 
1 4 2 8 7 5 3 6 9 0 
2713286 39755084 39882000 42871232 
1 4 0 8 7 5 3 6 9 2 
2713934 39639202 39144164 42102336 
3 8 0 4 1 9 6 7 5 2 
2716810 28214420 50058396 36966928 
3 7 8 4 0 9 6 2 5 1 
2717124 33981252 47569962 39074472 
3 8 2 4 1 9 6 7 5 0 
2718000 30070966 48672128 38423800 
1 6 0 7 8 9 3 4 5 2 
2720948 33844844 42251180 42774918 
0 1 6 7 2 9 3 8 5 4 
2721584 29982498 44658528 42781284 
7 1 0 4 3 9 6 8 5 2 
2726814 34479970 50536968 32834420 
7 4 2 8 1 9 3 6 5 0 
2726920 38089992 43281160 38104624 
7 4 0 8 1 9 3 6 5 2 
2726978 37406712 42892106 35765386 
7 1 2 4 3 9 6 8 5 0 
2727664 36717476 48809048 35724980 
1 2 4 8 7 9 3 0 5 6 
2729904 40449360 37463008 41561988 
1 0 4 8 7 5 3 2 9 6 
2730766 39975424 35368152 39868824 
0 1 4 7 2 9 3 8 5 6 
2734640 26910622 40969008 42376804 
1 2 4 7 8 9 3 0 5 6 
2736398 31313390 37158962 43632548 
9 1 4 7 8 2 3 5 0 6 
2737968 33770088 43710818 41705756 
0 8 6 7 2 9 3 1 5 4 
2741316 26220196 44829608 46075032 
0 8 4 2 7 9 3 1 5 6 
2742818 34776034 40302600 43565636 
2 4 1 6 0 9 3 7 5 8 
2744140 25832770 51648842 56493652 
7 4 2 1 8 9 3 6 5 0 
2752840 31982696 43410982 36831114 
7 4 0 1 8 9 3 6 5 2 
2752926 31205462 42919070 34573832 
0 8 4 7 2 9 3 1 5 6 
2754324 23220188 41143642 45670506 
0 8 4 1 2 5 3 7 9 6 
2761172 26777836 39991524 43105158 
7 2 4 1 8 5 3 0 9 6 
2763962 35263022 36448468 43781718 
1 0 4 7 8 5 3 2 9 6 
2764388 30942026 35057142 41865216 
1 2 4 8 7 5 3 0 9 6 
2774340 39300312 35273722 39942140 
3 7 0 4 1 5 6 8 9 2 
2777634 29897090 46040526 37486138 
5 7 4 8 1 2 3 9 0 6 
2778996 25582746 49389828 44297666 
7 1 0 6 4 5 3 8 9 2 
2790142 46220906 40863454 39401418 
1 6 0 7 8 5 3 4 9 2 
2794654 32964084 37819286 41588246 
1 2 4 7 8 5 3 0 9 6 
2803738 30266794 34947360 41938332 
4 8 2 1 6 9 3 7 5 0 
2803864 26128262 49734046 43898406 
5 8 4 7 9 2 3 1 0 6 
2809518 25165580 45101580 43776630 
0 7 4 8 2 9 3 1 5 6 
2814314 23198580 47192180 51650208 
7 6 0 8 1 9 3 4 5 2 
2814376 39146488 42535310 33766508 
9 8 4 7 5 2 3 1 0 6 
2817760 24917760 44708320 42600906 
0 4 7 8 1 9 3 6 5 2 
2828326 35527110 44572146 29340660 
0 4 1 7 2 9 3 6 5 8 
2830338 29119126 39397792 43988106 
6 8 2 1 4 9 3 7 5 0 
2833306 25625328 48508920 42137006 
2 8 1 4 0 9 6 7 5 3 
2840132 23057470 40013282 37137416 
7 0 1 6 4 9 3 2 5 8 
2840842 47953686 38067750 37000346 
7 6 0 1 8 9 3 4 5 2 
2841380 32945268 42566112 32575004 
3 1 0 4 7 9 6 8 5 2 
2841608 34824230 48349310 32572374 
0 4 8 7 2 9 3 6 5 1 
2845456 26595890 36358210 45593724 
7 4 2 8 1 5 3 6 9 0 
2851328 37323252 38816082 36866954 
7 4 0 8 1 5 3 6 9 2 
2851932 36641640 38441136 34517622 
0 4 7 1 8 9 3 6 5 2 
2854110 35773028 45376470 28150746 
3 0 4 8 7 5 1 2 9 6 
2856350 34757512 38432270 36994984 
7 4 2 1 8 5 3 6 9 0 
2857616 31128140 38965032 35657188 
7 4 0 1 8 5 3 6 9 2 
2858248 30352574 38487228 33389812 
0 1 4 2 7 5 3 8 9 6 
2867274 37884442 38184924 41257928 
7 2 1 6 4 9 3 0 5 8 
2872934 48957648 38146776 36999922 
0 6 7 8 1 9 3 4 5 2 
2888944 37266926 44219170 27342462 
3 8 0 4 1 5 6 7 9 2 
2890432 27164158 45748622 36638598 
0 6 8 7 2 9 3 4 5 1 
2892878 29054562 36061474 43596218 
4 8 7 1 6 9 3 0 5 2 
2896932 21636408 57816156 52223566 
0 1 4 7 2 5 3 8 9 6 
2901596 26271072 39169210 43406994 
3 2 4 8 7 5 1 0 9 6 
2902044 34082686 38339388 37068506 
9 7 4 1 5 2 3 8 0 6 
2903364 27485558 45215958 37018198 
2 4 1 7 0 9 3 6 5 8 
2907268 28318786 38899776 41867842 
0 6 7 1 8 9 3 4 5 2 
2915784 37512874 45027332 26152598 
0 8 1 4 2 9 6 7 5 3 
2916838 23391038 39942570 38206556 
0 8 4 7 2 5 3 1 9 6 
2921352 22883662 39192596 45780440 
2 4 8 7 0 9 3 6 5 1 
2922414 26155560 35629264 44479192 
7 6 0 8 1 5 3 4 9 2 
2939330 38381416 38084340 32518744 
6 8 7 1 4 9 3 0 5 2 
2941022 20977444 56362280 50024518 
7 0 1 8 4 9 6 2 5 3 
2946444 45093946 34361674 48200892 
7 6 0 1 8 5 3 4 9 2 
2946702 32092380 38134270 31390984 
0 7 4 8 2 5 3 1 9 6 
2958522 22874402 45077418 50687350 
0 4 8 1 2 9 3 6 5 7 
2968774 26721068 48061832 36645826 
2 4 7 8 1 9 3 6 5 0 
2969258 33855932 44938628 29393348 
2 1 8 4 0 9 6 3 5 7 
2969556 22464856 61001064 35411232 
7 2 1 8 4 9 6 0 5 3 
2972880 45670848 34355126 48202688 
0 4 7 8 1 5 3 6 9 2 
2973854 34804572 41058112 28247678 
2 6 8 7 0 9 3 4 5 1 
2974240 28614232 35332528 42481686 
0 4 7 1 8 5 3 6 9 2 
2980006 34962674 41881564 27121508 
9 4 1 7 8 2 3 6 0 5 
2987870 31722318 40633728 32156032 
4 8 7 1 6 5 3 0 9 2 
2991384 20447792 54490694 52177146 
2 4 7 1 8 9 3 6 5 0 
2995042 33095068 45713090 28121198 
2 7 1 4 0 9 6 8 5 3 
2996372 21339794 40221382 39050942 
0 4 8 7 2 5 3 6 9 1 
3005284 25856644 38374940 45158762 
5 4 8 7 9 2 3 6 0 1 
3006714 24716372 46524198 36620882 
8 6 0 7 1 5 3 4 9 2 
3011506 32191836 37954438 40145082 
0 7 6 4 8 9 3 2 5 1 
3015998 44687794 34298222 56240524 
0 6 8 1 2 9 3 4 5 7 
3016802 28964034 47741774 34648104 
2 8 6 4 0 9 3 7 5 1 
3018028 29062424 34640286 53781728 
7 6 8 0 2 9 3 4 5 1 
3020312 36245774 35310646 41822916 
9 7 4 1 5 0 3 8 2 6 
3020748 26636112 47328756 35906020 
1 7 3 2 0 9 6 8 5 4 
3022878 48915010 33731906 54985764 
2 4 8 1 0 9 3 6 5 7 
3025470 25713094 47335306 33943950 
2 8 1 4 0 5 6 7 9 3 
3030760 21962090 40939624 37685718 
6 2 8 7 4 9 3 0 5 1 
3032220 29138374 35555608 41904304 
0 6 7 8 1 5 3 4 9 2 
3034472 36544388 40705136 26249480 
6 8 7 1 4 5 3 0 9 2 
3035474 19788828 53036818 49978098 
0 8 6 4 2 9 3 7 5 1 
3035740 29498752 34615416 54880014 
7 1 0 4 8 9 6 3 5 2 
3036790 30695436 49752390 32536904 
7 6 8 2 0 9 3 4 5 1 
3036998 39164790 35085894 40578620 
1 7 3 0 2 9 6 8 5 4 
3037500 47975358 33913510 53539346 
8 0 1 7 4 9 6 2 5 3 
3038500 44099078 33289228 46694388 
0 6 7 1 8 5 3 4 9 2 
3041680 36702520 41532426 25123360 
1 4 9 7 8 2 3 6 0 5 
3046830 27968666 35484998 34575960 
4 8 7 1 6 9 3 2 5 0 
3054146 20773360 57602496 48996484 
8 2 1 7 4 9 6 0 5 3 
3054840 44675860 33267328 46695984 
1 4 5 7 8 2 3 6 0 9 
3056760 28269418 33930324 37102318 
0 8 7 4 3 9 6 1 5 2 
3057414 29547424 53221664 31821542 
2 6 7 1 8 9 3 4 5 0 
3064894 34619298 45352144 26122984 
0 7 1 4 2 9 6 8 5 3 
3067206 21673362 40150670 40120082 
6 1 7 8 4 9 3 0 5 2 
3067568 21011434 55154122 48354136 
3 4 9 8 1 2 7 6 0 5 
3077418 27188032 46876474 36322952 
2 6 8 1 0 9 3 4 5 7 
3077902 27956060 47015248 31946228 
9 4 1 8 3 2 7 6 0 5 
3078422 22793692 53418352 34794412 
2 4 8 7 0 5 3 6 9 1 
3079390 25407924 37647586 44049440 
7 0 8 4 6 9 5 2 3 1 
3082156 46329694 33472252 43984434 
9 6 1 7 8 2 3 4 0 5 
3082262 33892930 40494252 31231862 
2 7 8 4 0 9 6 1 5 3 
3086140 19646996 49352538 46299452 
0 4 8 1 2 5 3 6 9 7 
3086586 25843450 47005102 36028812 
4 2 1 8 7 9 6 0 5 3 
3087250 46275878 31076968 50324808 
3 4 5 8 1 2 7 6 0 9 
3087300 26262256 45052594 36244366 
0 1 7 4 3 9 6 8 5 2 
3088948 30065654 52501766 28512400 
0 4 7 8 3 5 1 6 9 2 
3092738 28726024 50565270 30092354 
0 7 3 8 1 9 6 2 5 4 
3093762 42529144 32926912 56594632 
4 2 6 8 7 9 3 0 5 1 
3094882 51991198 29735996 43015656 
5 6 8 7 9 2 3 4 0 1 
3101154 26815116 46381168 35696758 
4 2 6 7 8 9 3 0 5 1 
3101360 50963172 29729622 45697272 
4 0 6 8 7 9 3 2 5 1 
3102952 51491094 29778908 43018472 
4 0 1 8 7 9 6 2 5 3 
3104854 45698976 31083516 50323012 
4 2 1 8 7 9 3 0 5 6 
3107008 42917286 34649168 29234346 
0 8 1 4 2 5 6 7 9 3 
3110318 22304048 40867320 38749648 
2 4 7 8 1 5 3 6 9 0 
3111954 33127000 41306382 28293262 
9 4 1 8 7 2 3 6 0 5 
3113164 33286808 39327926 29291040 
4 2 1 7 8 9 3 0 5 6 
3113278 42587204 35406882 31307146 
0 8 1 7 2 9 3 4 5 6 
3113490 18718920 48804914 54106178 
4 0 6 7 8 9 3 2 5 1 
3113654 50463188 29787886 45700288 
7 2 8 4 6 9 5 0 3 1 
3114520 47037022 33456746 43372706 
2 4 7 1 8 5 3 6 9 0 
3118106 32278320 42099972 27084856 
2 6 8 7 0 5 3 4 9 1 
3131216 27866596 37350850 42051934 
9 4 1 7 8 0 3 6 2 5 
3134004 31187146 40056904 33027840 
0 6 8 1 2 5 3 4 9 7 
3134614 28086416 46685044 34031090 
5 7 3 4 6 0 9 8 2 1 
3137070 27270868 44120600 35644968 
1 6 9 7 8 2 3 4 0 5 
3138544 30139282 35345904 33651858 
2 4 8 1 0 5 3 6 9 7 
3140430 24827086 46280168 33332146 
5 7 8 4 9 0 6 3 2 1 
3142522 22450300 57719434 36506176 
5 8 7 4 6 0 9 1 2 3 
3142840 25471274 36188518 39079968 
7 0 8 6 4 9 5 2 3 1 
3146050 50446230 33012802 40179910 
2 1 4 6 7 9 3 8 5 0 
3148080 30413634 43822530 32746932 
1 6 5 7 8 2 3 4 0 9 
3148474 30440034 33791230 36178216 
2 1 3 4 0 9 6 8 5 7 
3148574 23266306 53915944 32312592 
0 7 6 4 8 5 1 2 9 3 
3148592 39306408 32959500 52792198 
4 8 7 1 6 5 3 2 9 0 
3148618 19603792 54157914 48943002 
4 0 1 7 8 9 6 2 5 3 
3153562 45217434 31894400 50916380 
0 6 7 8 3 5 1 4 9 2 
3154008 30466126 50213842 28094362 
3 7 5 4 9 0 6 8 2 1 
3154190 26523300 53101050 32129150 
0 7 3 1 8 9 6 2 5 4 
3159406 43372226 32961044 51262716 
2 4 8 7 0 9 6 1 5 3 
3160920 19681472 47680722 59477114 
5 4 1 7 8 2 3 6 0 9 
3161360 30526994 36991834 31937796 
5 7 1 4 6 0 9 8 2 3 
3163192 26269454 39489820 36111730 
2 1 8 4 0 5 6 3 9 7 
3167004 21410284 60222910 36638608 
2 7 6 4 0 9 3 8 5 1 
3170098 24401350 34723902 55700154 
6 2 4 8 7 9 3 0 5 1 
3170324 46778282 32032306 40870522 
6 0 4 8 7 9 3 2 5 1 
3170360 46278190 32076364 40873542 
1 7 3 6 4 0 9 8 2 5 
3170916 40990930 35768386 31460402 
1 4 9 8 7 2 3 6 0 5 
3171944 36609316 35032396 31712768 
3 7 1 4 9 0 6 8 2 5 
3172428 27079966 46503570 32582750 
7 2 8 6 4 9 5 0 3 1 
3175246 51153468 32985782 39568032 
5 4 3 8 1 2 7 6 0 9 
3175644 25206600 43961658 32533954 
2 1 7 4 3 9 6 8 5 0 
3175666 29945856 50855380 28453138 
6 2 4 7 8 9 3 0 5 1 
3176818 45121264 31950092 43551978 
2 6 7 8 1 5 3 4 9 0 
3180750 34651200 40941598 26294998 
6 0 4 7 8 9 3 2 5 1 
3181078 44621292 32009502 43555198 
1 4 5 8 7 2 3 6 0 9 
3181930 36722160 33272006 34403038 
0 7 6 4 2 9 3 8 5 1 
3181938 24837678 34699032 56798440 
0 7 1 8 2 9 3 4 5 6 
3182104 18693280 48090220 53791032 
2 1 7 4 0 9 6 8 5 3 
3184862 21632702 43889848 35358656 
4 8 5 7 6 2 3 1 0 9 
3185838 25214042 39589090 43698138 
2 7 1 4 0 5 6 8 9 3 
3187084 20597942 40971268 38525612 
2 8 7 4 0 9 6 1 5 3 
3187506 19748904 44534962 38667380 
2 6 7 1 8 5 3 4 9 0 
3187958 33802550 41739026 25086642 
6 8 7 1 4 5 3 2 9 0 
3188322 19099640 52703384 47176968 
2 8 4 1 6 5 3 7 9 0 
3188530 29502486 43793712 34495510 
2 6 8 1 0 5 3 4 9 7 
3192862 27070052 45960110 31334424 
4 2 6 7 8 5 1 0 9 3 
3202670 47147352 27367482 47125860 
9 6 1 8 7 2 3 4 0 5 
3203332 35457300 39173098 28366670 
2 8 3 1 0 9 6 7 5 4 
3205438 31454048 33262826 51730160 
4 2 1 8 7 5 3 0 9 6 
3206308 41881662 34958378 28027250 
4 2 6 8 7 5 3 0 9 1 
3207286 50995606 30383798 41566304 
0 4 2 7 8 5 1 6 9 3 
3208554 39120426 30494468 45551402 
1 4 9 7 8 0 3 6 2 5 
3211252 27471302 35741006 35585352 
4 0 1 8 7 5 3 2 9 6 
3213616 42556698 35045550 27952642 
4 0 6 8 7 5 3 2 9 1 
3215362 50520754 30414106 41492432 
4 0 6 7 8 5 1 2 9 3 
3215576 46600462 27407658 47051960 
1 7 9 4 5 0 6 8 2 3 
3218572 28671584 42680402 31209108 
5 7 6 4 1 0 3 8 2 9 
3219418 27368180 36273928 38370862 
1 4 5 7 8 0 3 6 2 9 
3221728 27773722 34200440 38101616 
6 8 9 7 4 2 3 1 0 5 
3226630 23514596 38629400 40702530 
3 7 9 4 1 0 6 8 2 5 
3227034 30720964 40483700 29418470 
0 8 6 1 4 9 3 7 5 2 
3227968 30223914 42180980 33013764 
3 7 1 8 0 9 6 2 5 4 
3230350 35059226 32993940 59229026 
2 4 7 8 3 5 1 6 9 0 
3230838 26908568 50694848 30148406 
7 0 6 4 8 9 3 2 5 1 
3233084 36502428 30712140 47674446 
4 2 1 7 8 5 3 0 9 6 
3235482 41654032 35693776 30025682 
4 2 6 7 8 5 3 0 9 1 
3236668 50070032 30355108 44173552 
3 0 1 8 7 6 9 2 4 5 
3236964 34060580 33233962 36830600 
6 8 5 7 4 2 3 1 0 9 
3237184 23801428 37943718 39790216 
3 7 5 4 1 0 6 8 2 9 
3237366 30663652 39193176 29092366 
0 8 3 7 2 6 9 1 4 5 
3246394 24604510 37535522 54045660 
0 8 3 1 2 9 6 7 5 4 
3247142 30755710 33229284 49913848 
4 0 6 7 8 5 3 2 9 1 
3248968 49595300 30400768 44099880 
5 4 1 8 3 2 7 6 0 9 
3251912 22912512 49242722 34792988 
9 4 1 8 7 0 3 6 2 5 
3252754 32722364 38757478 30184096 
5 6 1 7 8 2 3 4 0 9 
3255752 32697606 36852358 31013626 
2 7 1 8 0 9 3 4 5 6 
3256232 19079832 47587198 54990678 
1 6 9 8 7 2 3 4 0 5 
3259434 38779812 34877950 30788466 
0 7 1 4 2 5 6 8 9 3 
3260770 20939900 40898964 39589542 
1 7 6 4 5 0 9 8 2 3 
3265746 27105472 37728302 36690768 
0 8 1 7 2 5 3 4 9 6 
3266934 17885210 49374156 54627856 
5 6 3 8 1 2 7 4 0 9 
3267210 27378240 43813404 31610476 
6 0 1 8 7 5 3 2 9 4 
3267316 40576312 40511162 28120214 
4 8 3 7 6 0 9 1 2 5 
3267640 24307572 36109646 47160142 
6 2 1 8 7 5 3 0 9 4 
3268186 39685660 40412182 28194756 
0 6 2 7 8 5 1 4 9 3 
3268680 41651212 30199014 43553376 
1 6 5 8 7 2 3 4 0 9 
3269420 38892656 33117560 33478736 
9 4 8 7 1 2 3 6 0 5 
3271128 26280524 40792920 32772236 
7 0 1 4 8 9 6 2 5 3 
3272992 31481306 35530238 33355966 
5 8 4 7 6 2 3 1 0 9 
3274450 25098114 38354962 39604886 
3 2 1 8 7 6 9 0 4 5 
3274736 33752074 33316590 37750628 
4 2 8 7 6 9 5 0 3 1 
3279568 29740224 32998164 50016330 
2 4 0 7 8 5 1 6 9 3 
3281846 36325768 30467996 44651494 
0 4 8 1 7 9 3 6 5 2 
3282242 29402504 43041940 27138240 
6 2 4 8 7 5 3 0 9 1 
3282728 45782690 32680108 39421170 
6 0 4 8 7 5 3 2 9 1 
3282770 45307850 32711562 39347502 
5 7 3 4 9 0 6 8 2 1 
3282916 23941390 50006368 32184958 
2 7 8 4 0 5 6 1 9 3 
3283644 19153736 48842280 45568250 
6 2 4 7 8 5 1 0 9 3 
3284672 41248908 29621336 44797078 
0 4 1 8 7 9 3 6 5 2 
3284870 29243942 38721180 27380532 
5 4 1 8 7 2 3 6 0 9 
3286654 34105048 35745756 29237276 
0 4 8 7 2 9 5 6 3 1 
3287378 26929604 34043048 54221336 
6 7 8 1 4 5 3 0 9 2 
3287838 19739126 47230316 45616334 
6 0 4 7 8 5 1 2 9 3 
3289544 40702030 29662658 44723382 
5 8 7 4 9 0 6 1 2 3 
3291962 22102060 42841126 35273744 
3 7 4 6 1 0 9 8 2 5 
3296146 29212626 39426128 32349922 
0 1 7 4 3 5 6 8 9 2 
3297332 29240204 49290000 29369610 
2 6 7 8 3 5 1 4 9 0 
3300286 28433054 50331612 28150348 
1 6 9 7 8 0 3 4 2 5 
3302984 29717674 35564100 34431186 
9 7 1 4 5 0 6 8 2 3 
3303630 22773612 46425494 31649352 
0 8 1 4 3 9 6 7 5 2 
3303918 27391804 48040356 30259216 
9 8 7 4 5 0 6 1 2 3 
3304098 21972582 42282680 34502504 
5 1 7 4 6 0 9 8 2 3 
3306164 26047402 36118418 39682532 
0 6 1 7 8 9 3 4 5 2 
3307496 37247736 39205824 26945454 
5 7 1 4 9 0 6 8 2 3 
3309058 22898566 46131868 32403380 
3 7 4 6 1 2 9 8 0 5 
3309194 29490030 38363218 33487880 
2 8 1 4 3 9 6 7 5 0 
3309970 27561408 46770206 30210712 
5 4 1 7 8 0 3 6 2 9 
3310326 29998216 36533222 32816708 
6 2 4 7 8 5 3 0 9 1 
3312126 44228124 32575578 42028258 
4 2 3 8 7 5 1 0 9 6 
3312174 44355726 35768742 27305936 
3 7 1 4 5 0 6 8 2 9 
3312630 27928886 42979222 31676334 
0 7 1 8 2 5 3 4 9 6 
3312728 17871918 48495746 53239918 
1 6 5 7 8 0 3 4 2 9 
3313460 30020094 34023534 36947450 
8 0 6 4 7 9 3 2 5 1 
3314438 33780702 30173084 39572032 
4 2 6 8 7 5 1 0 9 3 
3315722 47507946 27537130 39003620 
5 4 8 7 1 0 9 6 2 3 
3315760 26606384 34854388 41129328 
8 0 1 4 7 9 6 2 5 3 
3316340 30967980 33646908 31256094 
6 2 8 7 4 9 5 0 3 1 
3318082 28564524 31415386 46371356 
4 0 3 8 7 5 1 2 9 6 
3320040 45030472 35853984 27231054 
4 0 6 8 7 5 1 2 9 3 
3324404 46960936 27561954 38929520 
2 4 1 8 0 9 3 6 5 7 
3325952 25535622 43119292 33791750 
6 8 3 7 4 0 9 1 2 5 
3327542 22920128 34459498 43236590 
5 4 7 8 1 2 9 6 0 3 
3332928 26350372 33923930 38635528 
6 1 7 8 4 5 3 2 9 0 
3333014 19127680 52379668 47292862 
5 7 4 6 1 0 3 8 2 9 
3334160 27406470 38504438 35868074 
2 4 8 7 0 9 5 6 3 1 
3336416 26652058 33596822 53213044 
7 0 6 4 8 5 1 2 9 3 
3337438 31855886 28852492 45274014 
2 8 6 4 0 5 1 7 9 3 
3337908 23875726 33507722 51385480 
0 4 3 8 7 5 1 6 9 2 
3338668 31296328 42846292 26411064 
0 6 8 1 7 9 3 4 5 2 
3339076 31142366 42694330 25140364 
1 4 5 8 7 0 3 6 2 9 
3340354 36197192 33548498 35423584 
0 4 8 7 2 5 1 6 9 3 
3340740 22497332 36335216 43101072 
0 6 1 8 7 9 3 4 5 2 
3341858 30983770 38369350 25382538 
6 8 9 7 4 0 3 1 2 5 
3345576 22823360 38554448 39580810 
2 6 0 7 8 5 1 4 9 3 
3350006 38856542 30171396 42653264 
2 1 3 4 0 5 6 8 9 7 
3351116 22398178 52192682 33385564 
5 4 7 8 1 0 9 6 2 3 
3351652 26446246 31247974 39225318 
2 4 1 8 7 9 3 6 5 0 
3353818 25999104 39441532 27439952 
7 0 3 1 8 6 5 2 4 9 
3354104 37277462 32979928 38522882 
3 7 6 4 1 0 5 8 2 9 
3355684 30557982 35157206 35579422 
6 8 5 7 4 0 3 1 2 9 
3356676 23111860 37882874 38658402 
0 1 8 7 2 9 3 4 5 6 
3359178 18911186 48348002 47935688 
1 0 3 8 7 6 9 2 4 5 
3359244 40785246 31803146 36541612 
2 4 8 7 0 5 6 1 9 3 
3361684 19186448 47193852 58899168 
0 8 6 4 2 5 1 7 9 3 
3361946 24362804 33447514 52612066 
9 4 1 8 3 0 7 6 2 5 
3362572 21567408 52828824 35635308 
5 4 8 7 1 2 3 6 0 9 
3366090 23368480 37537066 32561344 
2 8 4 7 0 9 6 1 5 3 
3366156 19605066 40761860 48289610 
0 4 2 8 7 5 1 6 9 3 
3366278 33504504 31276632 37400678 
0 1 4 7 2 9 6 8 5 3 
3367062 21821812 39756806 46047790 
1 4 3 7 8 2 9 6 0 5 
3371186 27826542 32274730 38799728 
0 8 4 7 2 9 6 1 5 3 
3371596 19935328 40068540 49347192 
8 2 6 4 7 9 3 0 5 1 
3371992 34281586 30229960 39570516 
1 0 3 7 8 6 9 2 4 5 
3372346 31635964 31927836 38376272 
0 1 3 4 7 9 6 8 5 2 
3375490 32654230 43367998 24672176 
4 7 8 1 6 5 3 2 9 0 
3375622 19554522 48072092 44134574 
9 4 7 8 1 2 3 6 0 5 
3376740 26125862 37108010 30425434 
5 6 1 8 7 2 3 4 0 9 
3376822 36275540 35590928 28312906 
5 4 7 8 1 2 3 6 0 9 
3380086 23224542 34362260 30387582 
2 8 4 1 0 5 6 7 9 3 
3382772 21946824 39961208 43867832 
6 8 7 1 4 9 5 2 3 0 
3382944 19462838 51639066 45521528 
1 0 4 7 8 3 5 2 9 6 
3383904 29734418 31215950 46105708 
2 7 1 8 0 5 3 4 9 6 
3384004 18250080 47994316 54444774 
3 0 1 8 7 9 6 2 5 4 
3384148 37172204 27943248 52049074 
8 4 1 7 0 9 2 6 5 3 
3387776 40610668 32544286 37006078 
9 7 1 4 3 0 6 8 2 5 
3388800 25724226 45788610 29487986 
2 1 7 4 0 5 6 8 9 3 
3390134 20772914 42237126 36381158 
0 7 8 1 2 9 3 4 5 6 
3392754 18828168 52580404 53060574 
2 8 7 4 0 5 6 1 9 3 
3392850 19192140 42730992 38769626 
0 6 3 8 7 5 1 4 9 2 
3395098 33036446 42496392 24413344 
2 1 3 4 7 9 6 8 5 0 
3396768 31103832 42043312 24619034 
2 4 8 1 7 9 3 6 5 0 
3396998 26152304 43507240 27111140 
6 2 4 8 7 5 1 0 9 3 
3397708 42238494 29866824 36674998 
6 0 4 8 7 5 1 2 9 3 
3398356 41691496 29892794 36601102 
0 4 8 1 7 5 3 6 9 2 
3400214 28540854 41026778 26422714 
2 4 3 8 7 5 1 6 9 0 
3411328 28048272 43297570 26473236 
2 4 8 7 0 5 1 6 9 3 
3411372 22006252 35641608 41858240 
8 0 4 6 7 9 3 2 5 1 
3411630 33860034 33593868 37267552 
8 0 6 4 7 5 3 2 9 1 
3412256 32797498 30808258 38044768 
6 7 8 1 4 5 3 2 9 0 
3415318 19049674 46486474 42365892 
0 4 1 8 7 5 3 6 9 2 
3415682 28426140 37955242 26870158 
2 6 1 8 7 9 3 4 5 0 
3418984 27523316 39077894 25441892 
1 0 3 8 7 9 6 2 5 4 
3419538 44906600 27907132 54378996 
1 2 4 7 8 3 5 0 9 6 
3419974 29063522 31125832 46180552 
3 2 1 8 7 9 6 0 5 4 
3421064 36311666 27857980 52050430 
0 6 2 8 7 5 1 4 9 3 
3422180 36035170 30965826 35402452 
0 7 1 8 2 5 3 6 9 4 
3424570 18530422 53302116 52978054 
5 6 7 8 1 2 9 4 0 3 
3426726 28520852 33767956 37710954 
1 6 5 8 7 0 3 4 2 9 
3427862 38443444 33356240 34269218 
5 4 1 8 7 0 3 6 2 9 
3429076 33546998 35293520 30137436 
5 7 3 4 1 0 6 8 2 9 
3431492 28998042 36106694 27705294 
3 0 1 7 8 9 6 2 5 4 
3432856 34533272 28690142 52466222 
2 4 0 8 7 5 1 6 9 3 
3439586 30080854 31174320 36500610 
8 0 1 4 7 5 6 2 9 3 
3444362 29740204 34297178 29992380 
5 6 7 8 1 0 9 4 2 3 
3445468 28692482 31054188 38070680 
9 8 7 4 5 2 6 1 0 3 
3446254 21605526 45256768 35942136 
9 1 7 4 5 0 6 8 2 3 
3446546 22547280 42204840 35104038 
1 7 3 6 4 0 5 8 2 9 
3448204 43221608 33020222 34840890 
9 7 1 4 5 2 6 8 0 3 
3451988 22533424 48294866 33207020 
6 1 7 8 4 0 9 5 2 3 
3452900 23449404 34245512 47385364 
1 2 3 8 7 9 6 0 5 4 
3453776 44046066 27822246 54380420 
5 7 1 4 9 2 6 8 0 3 
3454564 22649988 48002832 33966258 
2 8 3 1 0 9 4 7 5 6 
3455954 30635224 30563366 54209126 
1 0 3 7 8 6 5 2 4 9 
3456220 31774920 30281336 42098254 
0 6 8 1 7 5 3 4 9 2 
3457048 30280716 40679168 24424838 
0 8 4 7 2 3 5 1 9 6 
3458436 21888890 36109122 50273862 
0 1 7 8 2 9 3 4 5 6 
3459404 18988936 49458222 46826718 
6 7 1 8 4 5 3 0 9 2 
3460674 19615752 42616854 46003380 
2 6 8 1 7 9 3 4 5 0 
3462010 27676550 43147822 25113198 
9 8 1 7 5 0 3 4 2 6 
3462752 18880178 57508006 50869712 
8 6 1 7 0 9 2 4 5 3 
3462874 43144354 32268132 35010792 
1 6 3 7 8 2 9 4 0 5 
3462900 29997158 32135636 37875626 
2 7 6 4 0 5 1 8 9 3 
3465216 22526658 33639726 52239622 
3 2 1 7 8 9 6 0 5 4 
3465548 33672614 28589522 52467378 
1 0 3 7 8 9 6 2 5 4 
3468410 35820500 27876666 54794504 
5 4 7 1 8 2 3 6 0 9 
3469674 30365410 34856206 28365166 
9 6 7 8 1 2 3 4 0 5 
3470538 28296342 36952036 29500860 
0 6 1 8 7 5 3 4 9 2 
3472670 30165968 37603412 24872164 
5 6 7 8 1 2 3 4 0 9 
3473884 25395022 34206286 29463008 
2 6 3 8 7 5 1 4 9 0 
3475936 29572774 42935862 24475450 
7 4 2 0 8 5 1 6 9 3 
3480320 31638258 30575230 47318592 
2 4 1 8 7 5 3 6 9 0 
3481798 25174908 38557382 26922474 
0 7 6 4 2 5 1 8 9 3 
3483382 23013736 33579518 53466208 
0 4 8 7 2 9 1 6 5 3 
3484068 21804798 36794302 43685092 
1 2 3 7 8 6 5 0 4 9 
3487696 31394140 30343510 43017922 
9 7 1 8 5 0 3 4 2 6 
3488224 18913632 56009716 45418824 
0 4 7 8 2 5 1 6 9 3 
3489346 22511074 36187728 37695888 
1 0 3 8 7 6 5 2 4 9 
3491754 40731282 30204778 38380426 
1 2 3 7 8 9 6 0 5 4 
3498424 34959846 27776428 54795728 
5 4 7 1 8 0 9 6 2 3 
3499268 33260288 31821838 34549846 
7 0 6 4 8 9 1 2 5 3 
3502848 31289850 30715422 47023276 
2 6 0 8 7 5 1 4 9 3 
3503522 32611508 30862368 34502180 
1 0 3 8 7 5 6 2 9 4 
3505650 43573260 26016606 52734036 
0 8 3 1 2 9 4 7 5 6 
3508080 30063966 30428586 52793344 
7 0 3 1 8 5 6 2 9 4 
3509886 39512922 27742034 52617352 
0 7 8 1 2 5 3 4 9 6 
3510538 17962958 51736706 52304308 
2 4 8 1 7 5 3 6 9 0 
3512138 25284260 41373866 26388510 
4 0 6 8 7 9 1 2 5 3 
3515150 46499496 29402572 40604618 
3 0 1 8 7 5 6 2 9 4 
3518266 35938110 28238906 50765272 
5 4 8 7 1 0 3 6 2 9 
3519018 22865350 36338582 33283400 
0 1 8 7 2 5 3 4 9 6 
3519342 18023044 47808348 49171750 
8 0 6 4 7 5 1 2 9 3 
3521298 30753460 26952138 42718450 
9 8 7 4 6 0 3 1 2 5 
3523176 22041340 40078896 39783772 
8 4 2 0 7 5 1 6 9 3 
3526976 30543836 30182464 44794772 
1 2 3 8 7 6 5 0 4 9 
3527454 40350622 30282304 39300294 
5 4 7 8 1 0 3 6 2 9 
3528734 22706796 32747368 31041254 
2 7 4 1 0 5 6 8 9 3 
3530472 20584580 40229172 44714334 
1 2 3 8 7 5 6 0 9 4 
3539882 42687474 25944324 52812148 
6 1 8 7 4 2 3 5 0 9 
3541104 20023656 42145448 40438094 
6 7 1 8 4 5 3 2 9 0 
3542346 18930472 41898912 42833382 
2 1 3 7 0 5 6 8 9 4 
3543486 30042724 30586936 54202352 
8 4 0 2 7 5 1 6 9 3 
3544396 30536834 30558678 44033214 
3 2 1 8 7 6 5 0 4 9 
3545276 32438696 32413802 35735966 
2 6 1 8 7 5 3 4 9 0 
3546964 26699120 38193744 24924414 
2 4 7 8 0 5 1 6 9 3 
3552626 22019298 35363040 36450544 
2 4 8 7 0 9 1 6 5 3 
3557552 21322108 36099102 42437050 
2 1 4 7 0 5 6 8 9 3 
3558758 20639070 39005608 46046902 
2 8 3 7 0 5 6 1 9 4 
3559616 26590696 30655018 56582694 
9 6 7 1 8 2 3 4 0 5 
3561182 33711328 37398628 27337518 
1 6 8 0 7 9 2 4 5 3 
3561362 42001388 37024870 26954646 
0 1 3 7 2 5 6 8 9 4 
3561974 29352776 30551824 52381204 
8 4 1 0 7 9 2 6 5 3 
3563782 33308842 32488426 30105730 
5 6 7 1 8 2 3 4 0 9 
3564528 32535920 34704070 27440642 
0 8 4 7 2 3 9 1 5 6 
3565694 21583626 36077534 48038502 
0 8 3 7 2 5 6 1 9 4 
3567828 25900748 30619906 54761546 
0 7 4 1 2 5 6 8 9 3 
3569236 20923232 39534238 45766332 
2 8 4 7 0 5 6 1 9 3 
3573640 19055610 39166094 48426048 
7 0 6 8 4 5 1 2 9 3 
3574218 45320566 30749232 35617724 
5 7 3 4 1 2 6 8 0 9 
3576612 28763764 37005118 29179754 
2 6 8 1 7 5 3 4 9 0 
3577150 26808506 41014448 24390568 
0 1 4 7 2 5 6 8 9 3 
3577326 20977722 38310696 47099274 
1 0 3 7 8 5 6 2 9 4 
3577426 34589612 25963824 53075176 
0 8 4 7 2 5 6 1 9 3 
3581932 19394262 38471182 49478420 
6 8 1 7 4 5 3 2 9 0 
3582148 18921840 46934146 48463572 
0 8 1 7 2 4 9 3 6 5 
3584016 20422830 36695224 53823850 
8 4 7 5 1 0 9 6 2 3 
3585642 30299678 32638882 32242302 
4 1 3 0 7 9 2 8 5 6 
3587662 50746402 39578216 24047382 
2 1 3 7 0 9 4 8 5 6 
3590046 29794306 29368012 55190548 
1 0 9 7 8 6 3 2 4 5 
3592204 33934670 31887968 33615886 
1 0 9 8 7 6 3 2 4 5 
3592982 43082520 31835806 31196346 
5 6 7 1 8 0 9 4 2 3 
3594140 35506554 31631890 33395258 
1 0 5 7 8 6 3 2 4 9 
3596146 33536098 30452942 36031670 
1 0 5 8 7 6 3 2 4 9 
3596980 42496040 30195064 33776042 
1 4 3 7 8 2 5 6 0 9 
3597602 29430044 29353706 42441586 
2 1 8 7 0 5 3 4 9 6 
3597948 18399988 47077506 50371836 
6 8 3 7 4 0 5 1 2 9 
3602810 24655874 32534098 43678930 
0 1 7 8 2 5 3 4 9 6 
3604588 18049638 47461140 47823436 
2 8 3 7 0 9 4 1 5 6 
3605498 26111412 29592826 58491374 
6 8 7 1 4 5 9 2 3 0 
3605502 18849022 48354170 47133000 
5 4 7 1 8 0 3 6 2 9 
3606870 29796438 33252472 29056022 
1 2 3 7 8 5 6 0 9 4 
3607434 33703706 25876190 53153088 
2 7 6 4 0 9 1 8 5 3 
3607864 21592158 35380752 53177560 
2 8 5 1 0 4 9 7 6 3 
3608214 22650470 35150920 41476352 
4 1 7 8 6 2 3 5 0 9 
3609422 21286386 39563062 42131466 
4 1 3 2 7 9 0 8 5 6 
3609874 50590844 37677014 24421376 
3 4 7 8 1 0 9 6 2 5 
3610916 25373308 31521806 39843786 
0 1 3 7 2 9 4 8 5 6 
3616104 29223048 29233254 53775140 
2 8 3 1 0 5 4 7 9 6 
3619264 29447144 28948936 54377406 
0 8 3 7 2 9 4 1 5 6 
3621280 25540154 29458068 57075966 
5 6 7 8 1 0 3 4 2 9 
3622550 24953032 32553582 29886616 
6 1 3 0 7 9 2 8 5 4 
3622768 49584996 43704066 24173852 
0 7 6 4 2 9 1 8 5 3 
3623178 22070846 35322136 54409356 
8 0 4 6 7 5 1 2 9 3 
3625034 30832396 30369122 40498504 
1 2 5 7 8 6 3 0 4 9 
3632086 33152998 30499676 36949146 
1 2 9 8 7 6 3 0 4 5 
3633098 42771408 31901446 32113976 
8 6 0 2 7 5 1 4 9 3 
3636096 33067818 30288944 42035334 
2 8 1 7 0 4 9 3 6 5 
3636674 20298352 36442156 53715420 
1 2 5 8 7 6 3 0 4 9 
3637144 42113060 30257150 34693718 
9 7 8 1 5 0 3 4 2 6 
3639376 18867734 56239338 43862130 
9 8 7 1 5 0 3 4 2 6 
3643414 18675738 53478744 47125116 
0 6 8 3 7 5 1 4 9 2 
3644140 33238838 50071610 24232546 
0 4 7 8 2 9 1 6 5 3 
3647654 21869696 38104242 38519252 
8 0 6 7 4 5 1 2 9 3 
3649250 43857666 28694582 41184600 
8 6 1 0 7 9 2 4 5 3 
3649440 35842828 32250652 28110944 
1 4 3 7 8 0 5 6 2 9 
3651450 29493132 28793518 43303348 
0 7 3 1 2 9 4 8 5 6 
3651528 29137582 30904380 54711876 
4 2 6 7 8 3 1 0 9 5 
3662200 47110958 25480950 43793004 
0 8 1 7 2 4 9 5 6 3 
3666062 18465846 44331514 54208016 
6 1 7 8 4 2 3 5 0 9 
3666652 19874468 38048770 38226056 
6 1 8 7 4 0 3 5 2 9 
3668478 19447348 40702664 39602912 
7 0 4 1 8 9 3 2 6 5 
3668900 37679888 28758438 40340100 
5 6 8 1 7 2 3 4 0 9 
3670986 36257928 36634326 26914156 
4 0 6 7 8 3 1 2 9 5 
3673538 47136996 25545334 43719200 
0 8 3 1 2 5 4 7 9 6 
3674242 28884276 28812564 52956414 
8 2 6 7 4 5 1 0 9 3 
3674512 44404556 28654406 41258500 
2 1 7 8 0 5 3 4 9 6 
3675842 18425886 46599218 49021010 
3 0 1 8 7 9 4 2 5 6 
3675948 36091872 25612370 53140982 
8 6 7 5 1 0 9 4 2 3 
3679458 32545914 32445096 31087664 
0 1 5 7 2 4 9 8 6 3 
3685952 22064112 34741934 44822232 
1 6 3 7 8 2 5 4 0 9 
3689316 31600660 29214612 41517484 
9 1 8 7 5 0 3 4 2 6 
3690418 18846676 53386990 47782102 
0 8 5 7 2 4 9 1 6 3 
3693466 20353194 34956318 47583390 
9 8 7 4 3 0 6 1 2 5 
3695972 22623292 41519844 32327498 
0 1 7 8 2 5 3 6 9 4 
3697404 18707944 51959704 47224588 
0 1 3 7 2 4 9 8 6 5 
3698808 25596736 31388874 48730898 
9 4 7 1 8 0 5 6 2 3 
3701222 34787664 32394920 32037442 
5 6 7 1 8 0 3 4 2 9 
3701742 32042704 33062524 27901434 
3 6 7 8 1 0 9 4 2 5 
3704732 27619544 31328020 38689148 
1 0 3 8 7 9 4 2 5 6 
3704794 43882804 25542870 55654392 
0 8 3 7 2 6 4 1 9 5 
3707510 22603938 32585406 58726592 
0 8 3 7 2 4 9 1 6 5 
3707858 21586042 31489530 51493528 
3 2 1 8 7 9 4 0 5 6 
3711046 35447808 25543554 53143022 
2 4 7 8 0 9 1 6 5 3 
3713786 21386310 37277962 37268698 
7 0 6 4 8 3 1 2 9 5 
3717784 36488932 26759588 50315592 
9 1 7 8 5 0 3 4 2 6 
3719928 18688134 49128106 45594200 
2 7 1 8 0 4 9 3 6 5 
3720116 20280148 36938274 53820130 
3 4 7 8 1 2 5 6 0 9 
3721544 25818184 31089650 38402034 
6 8 7 1 4 0 3 5 2 9 
3723238 19274528 41174352 39584732 
4 1 7 8 6 0 3 5 2 9 
3723960 20670292 37708646 41243530 
8 0 6 4 7 9 1 2 5 3 
3726636 30304884 28792780 44394772 
2 1 5 7 0 4 9 8 6 3 
3729768 21528020 34720014 43563732 
2 8 1 7 0 4 9 5 6 3 
3730416 17928536 44080190 52944882 
0 7 5 1 2 4 9 8 6 3 
3733166 22011176 35382960 43044226 
7 2 4 1 8 9 3 0 6 5 
3734202 37447514 28818940 41027378 
6 8 7 1 4 0 9 3 2 5 
3735102 20954692 37403624 40383776 
1 2 3 8 7 9 4 0 5 6 
3737214 43238744 25474436 55656500 
3 0 1 7 8 9 4 2 5 6 
3738552 33397820 26373016 53020082 
2 1 3 7 0 4 9 8 6 5 
3742656 25472084 31103034 48621806 
1 6 3 7 8 0 5 4 2 9 
3743182 31739504 28616612 42149182 
6 2 4 7 8 3 1 0 9 5 
3744202 41212514 27734804 41464222 
3 0 1 8 7 4 9 2 6 5 
3744250 31240900 27457874 35406368 
2 8 5 7 0 4 9 1 6 3 
3747558 19817102 34934398 46324890 
1 4 3 8 7 5 2 6 9 0 
3748870 42692240 26814596 49573740 
3 0 1 7 8 4 9 2 6 5 
3750644 28509514 28366300 37263916 
7 0 5 1 8 4 9 2 6 3 
3751186 31032694 31229218 33909392 
0 1 8 7 2 4 9 5 6 3 
3756560 18623524 42583934 48775482 
2 7 5 1 0 4 9 8 6 3 
3756786 21475084 35361062 41786100 
1 0 4 8 7 9 3 2 6 5 
3757786 40068172 27580426 32415370 
3 4 7 1 8 0 9 6 2 5 
3758532 27584918 31959158 34792378 
7 0 3 8 1 5 4 2 9 6 
3759306 44309256 25428684 59577276 
2 8 3 7 0 4 9 1 6 5 
3761982 21461390 31203690 51384436 
2 6 8 3 7 5 1 4 9 0 
3764242 29770570 50292464 24220492 
1 0 3 7 8 9 4 2 5 6 
3767562 34741584 25526156 55531852 
2 8 1 4 0 6 5 7 9 3 
3768392 20436822 36120316 42081066 
1 0 4 7 8 9 3 2 6 5 
3768504 30861174 27402024 34775132 
3 2 1 7 8 9 4 0 5 6 
3769426 32753636 26288848 53021922 
4 2 5 8 7 3 1 0 9 6 
3773868 44180448 34012132 26623770 
3 4 7 8 1 0 5 6 2 9 
3777360 25897030 29477286 39055754 
4 0 5 8 7 3 1 2 9 6 
3780550 44853178 34093150 26549352 
7 2 6 4 8 3 1 0 9 5 
3782166 36463794 26810344 50390896 
0 8 1 7 2 3 5 4 9 6 
3783648 16899258 46312690 60170774 
3 2 1 7 8 4 9 0 6 5 
3784210 28276644 28395764 37953680 
6 1 7 8 4 0 3 5 2 9 
3789746 19283544 36189578 37322490 
1 0 3 8 7 5 4 2 9 6 
3790906 42549464 23652344 54009432 
4 2 6 8 7 3 1 0 9 5 
3791612 47578612 25582138 35480024 
1 2 3 7 8 9 4 0 5 6 
3795758 34097404 25442370 55533760 
2 1 3 7 0 5 4 8 9 6 
3795820 28936822 27881170 56277524 
9 6 7 1 8 0 5 4 2 3 
3796094 37033930 32204972 30882854 
4 0 6 8 7 3 1 2 9 5 
3798726 47604530 25631170 35406020 
6 1 7 8 4 0 9 3 2 5 
3799186 20974532 35716314 44769654 
1 2 4 8 7 9 3 0 6 5 
3799548 39835588 27614062 33102298 
1 2 4 7 8 9 3 0 6 5 
3806042 30628470 27420308 35461860 
7 0 3 1 8 5 4 2 9 6 
3809038 38602426 25279972 54158766 
3 0 1 8 7 5 4 2 9 6 
3810066 34857778 25908028 51857180 
2 8 3 7 0 5 4 1 9 6 
3811344 25556952 27954736 58658094 
2 8 1 7 0 3 5 4 9 6 
3811532 17373084 46106708 61523414 
2 7 1 8 0 4 9 5 6 3 
3811838 17916952 45639328 54287792 
0 8 4 7 2 9 3 1 6 5 
3813902 23860640 31620240 49650048 
1 6 7 5 8 0 9 4 2 3 
3815308 31607468 32766564 29163342 
3 6 7 8 1 2 5 4 0 9 
3815342 27988664 30933676 37477460 
2 1 8 7 0 4 9 5 6 3 
3820900 18084996 42103206 47507714 
1 2 3 8 7 5 4 0 9 6 
3823320 41880152 23596514 54088228 
1 6 8 0 7 5 2 4 9 3 
3824442 40215878 36542286 26327824 
0 1 3 7 2 5 4 8 9 6 
3824730 28373954 27744820 54856906 
0 8 3 7 2 5 4 1 9 6 
3829978 24994084 27818386 57237476 
7 0 9 1 8 4 5 2 6 3 
3831118 31796734 31508832 31678186 
4 2 1 8 7 5 9 0 3 6 
3831766 41258322 31380260 32359592 
6 7 8 1 4 5 9 2 3 0 
3832498 18780424 41761988 42759092 
3 7 0 8 1 4 5 2 6 9 
3834656 24719286 31723454 44826284 
1 6 3 8 7 5 2 4 9 0 
3834678 44219602 26468368 47578014 
9 8 7 4 3 2 6 1 0 5 
3838288 22272204 43535500 33668618 
0 8 9 7 2 4 5 1 6 3 
3839544 21201730 34748688 49225416 
3 2 1 8 7 5 4 0 9 6 
3845158 34188462 25851816 51935908 
0 7 1 8 2 3 5 4 9 6 
3845742 16885226 45449720 57325656 
7 0 3 1 8 4 5 2 6 9 
3848912 34420568 27106106 37102394 
8 0 1 4 7 9 6 2 3 5 
3849130 35854754 30070034 33745126 
1 0 5 8 7 4 9 2 6 3 
3850432 35841846 28450978 34320326 
3 6 7 1 8 0 9 4 2 5 
3853404 29831184 31769210 33637790 
1 0 5 7 8 4 9 2 6 3 
3856950 26797512 28728984 36059154 
0 1 3 7 2 4 5 8 6 9 
3857292 25025582 30943128 47772620 
0 8 3 7 2 4 5 1 6 9 
3859070 21880784 31109592 50537986 
1 0 3 8 7 4 9 2 6 5 
3864244 37960840 25922954 35100182 
7 2 3 1 8 5 4 0 9 6 
3864992 37933324 25251008 54237912 
2 7 1 8 0 3 5 4 9 6 
3866282 17359052 45243746 58678432 
2 8 4 7 0 9 3 1 6 5 
3867664 23686126 31725532 49541026 
1 0 3 7 8 4 9 2 6 5 
3870802 28782286 26054020 36956090 
1 0 3 7 8 5 4 2 9 6 
3876578 33510696 23613314 53812524 
0 8 1 7 2 4 5 3 6 9 
3881136 19204816 36229732 51818560 
0 8 1 7 2 3 9 4 5 6 
3881210 17101258 43785966 58723094 
2 1 9 7 0 4 5 8 6 3 
3886012 22364006 34488468 45192304 
3 8 0 7 2 4 9 1 6 5 
3887246 25322886 31071682 45690628 
4 2 8 1 7 9 5 0 3 6 
3890110 41825624 35285008 26861894 
2 8 9 7 0 4 5 1 6 3 
3897106 20656568 34726012 47956750 
8 2 1 4 7 9 6 0 3 5 
3898766 36061524 30038234 33134622 
1 2 3 8 7 4 9 0 6 5 
3899356 37728094 25968152 35790214 
0 7 3 1 2 4 5 8 6 9 
3901270 24961334 32327354 42023666 
8 0 3 1 7 5 4 2 9 6 
3901550 38583394 24894184 53788102 
1 2 3 7 8 4 9 0 6 5 
3901690 28549420 26083866 37645922 
2 1 3 7 0 4 5 8 6 9 
3904614 24943290 30623542 47797038 
1 2 3 7 8 5 4 0 9 6 
3904768 32841264 23542132 53891120 
2 8 1 7 0 3 9 4 5 6 
3905604 17595432 43615324 60089014 
4 7 8 1 6 3 5 2 9 0 
3908992 18541742 50114834 45077564 
8 0 5 3 7 4 9 2 6 1 
3914182 34569842 37373552 26979952 
2 7 1 4 0 6 5 8 9 3 
3916106 19084056 36203578 42925496 
2 8 3 7 0 4 5 1 6 9 
3916668 21798492 30790006 50562404 
4 2 1 8 7 3 5 0 9 6 
3921986 40456970 30401580 31555508 
3 4 7 1 8 2 5 6 0 9 
3922300 27915660 31557100 31699298 
2 7 3 1 0 4 5 8 6 9 
3928396 24879042 32007790 42048458 
8 0 6 4 7 3 1 2 9 5 
3930324 34843326 24827374 46240028 
4 0 1 8 7 3 5 2 9 6 
3932574 41127670 30469088 31479172 
2 8 7 1 0 4 9 5 6 3 
3934808 18042224 46459790 49246574 
1 0 9 7 8 4 5 2 6 3 
3936882 27335040 28517510 37365352 
2 8 1 7 0 4 5 3 6 9 
3937268 19122698 35942918 51843640 
6 7 8 1 4 0 5 3 2 9 
3937652 21383402 40034598 35517308 
8 0 1 3 7 4 9 2 6 5 
3938802 34469572 29201568 34075126 
8 6 1 0 7 5 2 4 9 3 
3939952 34114030 33017316 27690498 
0 1 7 8 2 4 9 5 6 3 
3940540 18618912 41468000 47567364 
0 4 8 7 2 5 9 6 1 3 
3940618 23849406 30978186 46818908 
0 7 1 8 2 3 9 4 5 6 
3943304 17075914 43065096 58990820 
2 8 1 4 0 6 9 7 5 3 
3945098 20707498 33729158 40917108 
6 7 8 1 4 3 5 2 9 0 
3948688 18036894 48529216 43308882 
8 0 5 1 7 4 9 2 6 3 
3953764 30197016 30051516 31616568 
1 0 3 7 8 4 5 2 6 9 
3954676 28921242 24407520 40678072 
0 7 1 8 2 3 5 6 9 4 
3957584 17543730 50256090 57063792 
4 1 3 2 7 5 0 8 9 6 
3959232 48979980 36172352 25460580 
6 7 1 8 4 5 9 2 3 0 
3959526 18738222 39253786 45487662 
2 7 1 8 0 3 9 4 5 6 
3960354 17570088 42894462 60356876 
6 2 8 7 4 5 9 0 1 3 
3964058 26151062 28860718 44843466 
8 0 4 1 7 9 5 2 6 3 
3965468 30642834 32031656 31359614 
3 4 7 1 8 0 5 6 2 9 
3966664 27943280 29955894 32390202 
8 0 3 1 7 4 9 2 6 5 
3967576 34391274 26938020 36619400 
1 6 7 9 8 0 3 4 2 5 
3969918 29640432 35994558 29070546 
3 0 1 7 8 4 5 2 6 9 
3971942 27461214 27420864 37132650 
1 0 9 8 7 4 5 2 6 3 
3978944 36374362 28493352 33579444 
4 1 5 0 7 3 2 8 9 6 
3980374 49035724 36115956 25853844 
2 4 8 7 0 5 9 6 1 3 
3983330 23521110 30567298 45682316 
6 8 7 1 4 0 5 3 2 9 
3986134 21187978 35491470 37578484 
1 2 3 7 8 4 5 0 6 9 
3986170 28616218 24431882 41367676 
8 0 1 5 7 4 9 2 6 3 
3987852 30354076 33928390 28160848 
7 0 5 1 8 4 3 2 6 9 
3988838 35815842 26484416 36750078 
8 2 1 3 7 4 9 0 6 5 
3991736 34237002 29269412 34765390 
5 8 7 2 9 4 0 1 6 3 
3993622 21266838 50721774 34411300 
1 0 3 8 7 4 5 2 6 9 
3996754 37906876 24324586 36938996 
2 1 7 8 0 4 9 5 6 3 
3997528 18079688 40856192 46297084 
6 0 8 7 4 5 9 2 1 3 
4003622 25397728 28973276 45379778 
9 6 3 8 7 2 1 4 0 5 
4004422 39350674 35351080 27339714 
2 7 8 4 0 6 5 1 9 3 
4005876 17642790 44081926 50317966 
3 2 1 7 8 4 5 0 6 9 
4006114 27156186 27444844 37822186 
3 0 1 8 7 4 5 2 6 9 
4014184 29999680 26560570 33391934 
3 6 7 1 8 2 5 4 0 9 
4017154 30086170 31404964 30774774 
0 1 8 7 2 3 5 4 9 6 
4018136 17033188 44701762 56306988 
0 8 5 7 2 4 3 1 6 9 
4022816 23448230 31237216 44259222 
1 2 3 8 7 4 5 0 6 9 
4032472 37601972 24364300 37628800 
2 4 8 7 0 3 1 6 9 5 
4034536 22118508 33663264 45826530 
9 0 1 7 8 4 3 2 6 5 
4036192 34858222 31678436 29860882 
5 6 3 8 7 2 1 4 0 9 
4040488 40102218 34937012 27078974 
6 7 1 8 4 3 5 2 9 0 
4041476 17923964 43937366 46847028 
9 0 1 8 7 4 3 2 6 5 
4043694 36959184 30766698 27418294 
2 1 8 7 0 3 5 4 9 6 
4046006 17505796 44266376 57654994 
9 4 7 1 3 2 8 6 0 5 
4047168 25164314 47287406 29421358 
9 2 1 7 8 4 3 0 6 5 
4050678 34622778 31693968 30548792 
3 2 1 8 7 4 5 0 6 9 
4052580 29694772 26599902 34081670 
0 6 5 8 7 3 1 4 9 2 
4055136 32876660 42138382 23769482 
2 1 5 4 7 9 6 8 3 0 
4055990 31626308 40312064 23466540 
3 2 8 7 1 4 9 0 6 5 
4056092 25621306 31536286 39755500 
2 6 5 8 7 3 1 4 9 0 
4060838 29414764 42840028 23839348 
3 6 7 1 8 0 5 4 2 9 
4061536 30189546 29765946 31235614 
9 2 1 8 7 4 3 0 6 5 
4062404 36723860 30797582 28106404 
0 7 8 1 2 3 5 4 9 6 
4077792 16969994 48694968 53319390 
1 0 8 4 7 9 6 2 3 5 
4078854 39362746 30715474 29137468 
8 0 9 1 7 4 5 2 6 3 
4082276 30834076 30320546 29243038 
2 7 8 1 0 3 5 4 9 6 
4085466 17442602 48259604 54667770 
3 0 7 8 1 4 9 2 6 5 
4085816 25855390 32479570 37822838 
0 1 5 4 7 9 6 8 3 2 
4087192 33123778 40428878 23455090 
1 0 9 7 8 4 3 2 6 5 
4090660 31080992 26014152 32195704 
9 8 7 2 5 4 0 1 6 3 
4094100 20894782 49738936 33411810 
1 0 5 7 8 4 3 2 6 9 
4094602 30682420 24579126 34611488 
3 0 7 8 1 4 5 2 6 9 
4095282 24982746 31591678 37107832 
1 0 9 8 7 4 3 2 6 5 
4097982 40258114 25955614 29754916 
2 7 1 4 0 6 9 8 5 3 
4098468 18993616 33954464 42832146 
2 4 8 1 7 3 5 6 9 0 
4101148 24557480 44826532 27377716 
1 0 5 8 7 4 3 2 6 9 
4101980 39671634 24314872 32334612 
2 8 7 4 0 6 5 1 9 3 
4103322 17678632 37941028 44564302 
2 1 7 4 0 6 5 8 9 3 
4103476 19255612 37429956 42174322 
2 8 5 7 0 4 3 1 6 9 
4108174 23293378 30911582 44202312 
1 2 8 4 7 9 6 0 3 5 
4109744 39569544 30686348 28527440 
2 8 5 4 7 9 6 1 3 0 
4112596 31420890 40597732 24316052 
0 1 7 8 2 3 5 4 9 6 
4114082 17057822 44355894 53999094 
0 1 8 7 2 3 9 4 5 6 
4115698 17291084 43300854 53547804 
4 1 5 2 7 3 0 8 9 6 
4117966 48805368 34358424 25828302 
8 0 3 9 7 4 5 2 6 1 
4118052 35208952 36502486 26509434 
3 2 7 8 1 4 5 0 6 9 
4120368 24677882 31635212 37798316 
1 2 9 7 8 4 3 0 6 5 
4126570 30845516 26026628 32883070 
3 0 4 8 7 9 1 2 6 5 
4126798 35432942 28217172 31851068 
8 0 1 9 7 4 5 2 6 3 
4128860 31022364 34928948 27312880 
1 2 5 7 8 4 3 0 6 9 
4130560 30375076 24588048 35298900 
3 0 8 7 1 4 5 2 6 9 
4132078 24975960 30563056 39533730 
1 2 9 8 7 4 3 0 6 5 
4138116 40022758 25983442 30442482 
1 2 5 8 7 4 3 0 6 9 
4142162 39364410 24339146 33022224 
1 6 7 0 8 5 2 4 9 3 
4153248 31064694 38673050 24232872 
3 2 8 7 1 4 5 0 6 9 
4157780 24670960 30589710 40223742 
2 6 8 1 7 3 5 4 9 0 
4166160 26081726 44467114 25379774 
4 1 9 0 7 3 2 8 5 6 
4174112 50569538 36371250 23834292 
3 0 7 1 8 4 5 2 6 9 
4175462 27574676 32453658 30838736 
8 0 9 3 7 4 5 2 6 1 
4180118 35090646 34077832 27670532 
1 2 4 7 8 5 3 0 6 9 
4190658 30114430 25336396 37414308 
2 7 8 4 0 6 9 1 5 3 
4193086 17298718 43080380 49830776 
2 4 8 7 0 6 5 1 9 3 
4193126 17670544 42536946 53885778 
5 0 1 7 8 4 3 2 6 9 
4204044 33015520 29297514 29720570 
8 0 1 4 7 6 5 2 9 3 
4205784 27897818 28143194 34164198 
3 2 7 1 8 4 5 0 6 9 
4207940 27270022 32524058 31529570 
1 0 4 7 8 5 9 2 6 3 
4208992 26530874 29469064 37475734 
0 8 4 1 2 6 5 7 9 3 
4209612 20849210 34792084 40365578 
5 0 1 8 7 4 3 2 6 9 
4211546 37130046 28445500 27442454 
0 4 7 8 2 3 1 6 9 5 
4211594 22182866 34147236 40333938 
0 4 8 7 2 9 1 6 3 5 
4217958 22007520 33609384 48005020 
5 2 1 7 8 4 3 0 6 9 
4221256 32708204 29309110 30408458 
9 1 7 2 5 4 0 8 6 3 
4221372 22613492 49411126 30649764 
2 8 4 1 0 6 5 7 9 3 
4222054 20402936 35154630 39147170 
0 8 4 7 2 3 6 1 9 5 
4225170 20452136 33346918 52230920 
2 4 8 1 7 3 9 6 5 0 
4226486 24721000 43320794 30315814 
5 2 1 8 7 4 3 0 6 9 
4232982 36822850 28472448 28130542 
9 8 7 0 5 4 2 1 6 3 
4245112 21516628 48955004 32611760 
9 8 7 2 3 4 0 1 6 5 
4247126 22167712 49850324 31897292 
2 4 7 8 0 3 1 6 9 5 
4251930 22125634 33348036 40304594 
2 1 3 4 0 6 9 8 5 7 
4253372 20959658 48706566 35843568 
3 0 8 1 7 4 5 2 6 9 
4254500 30106356 30564742 29523918 
0 1 4 7 2 5 9 8 6 3 
4260954 21922470 33217942 46582104 
0 8 4 7 2 5 9 1 6 3 
4267580 20210040 33429158 49343610 
9 4 7 1 3 0 8 6 2 5 
4268268 24191844 45554012 30073814 
2 1 4 7 0 5 9 8 6 3 
4270306 21421034 33630134 45423492 
8 4 7 0 1 5 2 6 9 3 
4271460 28556178 37062378 27295640 
5 4 7 1 3 0 8 6 2 9 
4274446 24281786 44045894 30089830 
8 0 5 4 7 3 6 2 9 1 
4277538 33850162 37463732 26590354 
2 8 4 7 0 5 9 1 6 3 
4287208 19708604 33841350 48184998 
4 2 6 8 7 1 3 0 5 9 
4289322 44076710 23696326 35064462 
2 8 7 4 0 6 9 1 5 3 
4290532 17399772 38252934 42547024 
2 4 8 7 0 9 1 6 3 5 
4291314 22026494 32926936 47931298 
3 2 8 1 7 4 5 0 6 9 
4291818 29801686 30633614 30214480 
1 2 7 4 8 9 6 0 3 5 
4299814 30298192 33952696 28894928 
0 8 4 7 2 5 3 1 6 9 
4303210 23308044 29711988 46718966 
0 1 4 7 2 6 5 8 9 3 
4305280 19554910 33844892 46629662 
0 8 4 7 2 6 5 1 9 3 
4307016 17975244 34022584 49010320 
0 4 8 7 2 3 9 6 1 5 
4308586 23532598 28640294 49642218 
4 1 9 2 7 3 0 8 5 6 
4311704 50412522 34632030 23758700 
6 2 8 7 4 9 1 0 3 5 
4323070 23575884 31542066 38014244 
0 6 3 8 1 5 7 4 9 2 
4327628 41716356 33422574 26724518 
2 4 8 7 0 3 9 6 1 5 
4328354 23638846 28254894 49721626 
2 6 8 5 7 3 1 4 9 0 
4337760 29664982 50664678 23688480 
9 8 0 7 5 4 2 1 6 3 
4341556 21306078 41472958 36319484 
0 7 4 1 2 6 5 8 9 3 
4342830 19498348 35111666 41216616 
2 8 6 4 0 1 3 7 5 9 
4344244 24474538 28530274 46841192 
6 1 9 2 7 3 0 8 5 4 
4346810 49262942 38414602 23951818 
2 8 4 7 0 5 3 1 6 9 
4354104 23187848 29820466 46761944 
2 8 4 7 0 6 5 1 9 3 
4355802 17528970 34385108 47791538 
0 6 8 7 2 3 9 4 1 5 
4355806 26037634 28359188 47721412 
6 0 8 7 4 9 1 2 3 5 
4357780 23374562 31711100 38629068 
1 0 4 7 8 6 5 2 9 3 
4359944 24300996 29351410 39435642 
8 6 7 0 1 5 2 4 9 3 
4360748 31090152 36823458 25300650 
2 7 4 1 0 6 5 8 9 3 
4361144 19052074 35474212 39998208 
9 0 8 1 7 4 3 2 6 5 
4362538 37068508 35377990 26502566 
4 2 6 7 8 1 3 0 5 9 
4369420 43530454 23381882 36887748 
9 1 7 0 5 4 2 8 6 3 
4369556 23237130 48611164 29850806 
6 2 4 8 7 1 3 0 5 9 
4373610 38798178 25992630 32774978 
6 8 2 7 4 9 0 1 3 5 
4375926 21641624 40024748 35724906 
6 8 0 7 4 3 2 1 9 5 
4379220 21609660 39133178 35779964 
2 6 8 7 0 3 9 4 1 5 
4379978 26143882 27973788 47800820 
9 2 8 1 7 4 3 0 6 5 
4380170 36833422 35438414 27191502 
2 4 8 7 0 6 9 1 5 3 
4380336 17328088 41515100 52953896 
2 1 9 4 7 5 6 8 3 0 
4380626 31623210 38936166 22976188 
0 8 6 4 2 1 3 7 5 9 
4384900 24476322 28479916 46723478 
2 8 7 4 0 5 6 1 3 9 
4385184 22342684 34378356 36474198 
1 2 4 7 8 6 5 0 9 3 
4392682 24847572 29312734 39510690 
8 0 6 4 7 1 3 2 5 9 
4393966 32421350 23820902 43850126 
3 0 9 8 7 4 1 2 6 5 
4397466 35622824 26396556 29484590 
6 8 7 2 4 9 0 1 3 5 
4399534 21670348 43076712 29286982 
3 0 5 8 7 4 1 2 6 9 
4401464 33782392 28624980 28004062 
0 4 8 7 2 5 3 6 1 9 
4406658 20655160 32480866 41278284 
2 6 3 8 1 5 7 4 9 0 
4408466 39791408 35167656 26671476 
8 0 1 4 7 6 9 2 5 3 
4410172 28475302 26706764 34976856 
0 8 4 7 2 6 3 1 9 5 
4413170 20027890 31981794 47269398 
2 8 5 7 0 3 4 1 9 6 
4417214 25449236 28097760 57128478 
6 2 8 7 4 5 1 0 3 9 
4417868 21494584 33034784 36615446 
0 1 9 4 7 5 6 8 3 2 
4421220 33120458 39020208 22963768 
4 2 8 7 6 3 9 0 1 5 
4423752 26759762 28393038 45778844 
6 8 7 0 4 9 2 1 3 5 
4429110 21159028 43739266 28483540 
6 8 0 7 4 9 2 1 3 5 
4430784 21154050 41169234 33318644 
2 8 9 4 7 5 6 1 3 0 
4435456 31414768 39215498 23826396 
5 0 7 8 1 4 3 2 6 9 
4438552 25509200 34812544 29084980 
0 6 7 8 2 3 1 4 5 9 
4439044 21952190 37364680 36409472 
3 2 9 8 7 4 1 0 6 5 
4439720 35387754 26425932 30172362 
1 0 4 7 8 6 3 2 9 5 
4441738 27299300 28146426 34893698 
3 2 5 8 7 4 1 0 6 9 
4443766 33475454 28650802 28691880 
5 2 7 8 1 4 3 0 6 9 
4446678 25202048 34843694 29773816 
0 8 7 4 2 5 6 1 3 9 
4448760 22122184 34652198 36224300 
5 0 8 1 7 4 3 2 6 9 
4451862 37248562 33494024 26675046 
6 0 8 7 4 5 1 2 3 9 
4452382 21364878 33206844 37230282 
8 2 6 4 7 1 3 0 5 9 
4453088 32349306 23853570 43848514 
6 2 4 7 8 1 3 0 5 9 
4453724 37622930 25602346 34598104 
4 0 7 8 6 5 1 2 3 9 
4453776 22621232 36442224 35766170 
0 6 8 7 2 5 3 4 1 9 
4453878 23160196 32199760 39357478 
6 2 7 8 4 5 1 0 3 9 
4456634 21533710 34869092 31375834 
0 8 5 7 2 3 4 1 9 6 
4458824 24863264 27672002 55641268 
6 2 8 7 4 3 9 0 1 5 
4462282 25521354 26808666 41987080 
9 0 3 8 7 4 1 2 6 5 
4463172 39043834 29672720 26841782 
0 4 7 8 2 5 1 6 3 9 
4468694 19909966 35450706 39803900 
5 2 8 1 7 4 3 0 6 9 
4472220 36941604 33550512 27363960 
1 2 4 7 8 6 3 0 9 5 
4479324 27268612 28063878 34966922 
2 4 8 7 0 5 3 6 1 9 
4480636 20708104 31766264 41343282 
0 4 8 7 2 3 5 6 1 9 
4482658 20469344 31012730 48409278 
2 7 6 4 0 1 3 8 5 9 
4487494 23036184 28750060 48760158 
2 8 4 7 0 6 3 1 9 5 
4489748 19920496 32074350 47118696 
0 1 4 7 2 6 9 8 5 3 
4491132 19557530 33791770 43455332 
6 0 7 8 4 5 1 2 3 9 
4491764 21403868 35024272 31990198 
5 0 3 8 7 4 1 2 6 9 
4493600 39148000 30519624 26658966 
1 0 5 8 7 3 4 2 9 6 
4494764 42372380 22576824 52298814 
8 0 4 1 7 6 5 2 9 3 
4497438 27887526 31468054 31363428 
0 8 4 7 2 6 9 1 5 3 
4497716 17668336 34091214 46753654 
6 0 8 7 4 3 9 2 1 5 
4500278 25340948 26945432 42523488 
2 8 6 4 0 1 5 7 3 9 
4505558 23649272 31135874 40663526 
2 4 8 7 0 3 5 6 1 9 
4505900 20617952 30593584 48622196 
5 2 3 8 7 4 1 0 6 9 
4514478 38841094 30548502 27347328 
2 4 9 8 7 1 3 6 5 0 
4515138 25900364 35748820 26085966 
0 4 9 8 7 1 3 6 5 2 
4521326 29143426 34766292 26018786 
0 7 6 4 2 1 3 8 5 9 
4522278 23037968 28699702 48642444 
2 1 4 7 0 6 9 8 5 3 
4526152 19131604 34189634 42249830 
6 1 7 2 4 9 0 8 3 5 
4526662 25049726 43161744 28442530 
1 2 5 8 7 3 4 0 9 6 
4528362 41705084 22525218 52377146 
0 6 8 7 2 3 5 4 1 9 
4529878 22974380 30731624 46488472 
2 4 7 8 0 5 1 6 3 9 
4531830 19982562 34640364 39879666 
2 6 8 7 0 5 3 4 1 9 
4532260 23213140 31485158 39422476 
1 6 7 0 8 3 2 4 9 5 
4534496 29556858 40979488 23691016 
2 8 4 7 0 6 9 1 5 3 
4543012 17242410 34489078 45548152 
0 4 9 7 2 1 8 6 5 3 
4543676 24861208 30158974 38358636 
2 4 0 8 7 1 3 6 5 9 
4546614 26562642 27355434 36159704 
6 1 7 0 4 9 2 8 3 5 
4553410 24540198 43808268 27640180 
0 4 9 7 8 1 3 6 5 2 
4556540 35285052 34618114 27250032 
2 6 8 7 0 3 5 4 1 9 
4557524 23122988 30312478 46701390 
1 0 5 7 8 3 4 2 9 6 
4564036 33360772 22753194 52175566 
6 2 8 7 4 5 3 0 1 9 
4564614 22865396 31453716 35155622 
4 2 8 7 6 3 5 0 1 9 
4565508 23668988 30371156 46016584 
0 8 6 4 2 1 5 7 3 9 
4574134 23488272 30802796 40439572 
2 1 5 4 7 3 6 8 9 0 
4577784 30078752 38153890 23898230 
0 6 9 8 7 1 3 4 5 2 
4578166 30883002 34413934 24020850 
2 6 9 8 7 1 3 4 5 0 
4580156 27424324 35384654 24087964 
0 6 7 9 8 1 3 4 5 2 
4582934 37369740 44350874 22736608 
1 2 7 4 8 5 6 0 3 9 
4585760 29786980 31775898 30891530 
6 8 7 0 4 3 2 1 5 9 
4591912 23165800 43061556 29912724 
1 2 5 7 8 3 4 0 9 6 
4593410 32693356 22686236 52253698 
6 0 8 7 4 5 3 2 1 9 
4598724 22761484 31615630 35693986 
6 2 8 7 4 3 5 0 1 9 
4604038 22430580 28786784 42224820 
2 7 4 8 0 6 9 1 5 3 
4609290 17214586 40491122 51985198 
2 6 0 8 7 1 3 4 5 9 
4610960 29092754 27041024 34161058 
0 6 9 7 8 1 3 4 5 2 
4617604 37024748 34281108 25252296 
2 4 9 7 0 1 8 6 5 3 
4618474 24338132 29747890 37106024 
0 4 8 7 2 1 9 6 5 3 
4637122 19244382 32401860 43734202 
6 0 8 7 4 3 5 2 1 9 
4641428 22322332 28929034 42761456 
2 7 6 4 0 1 5 8 3 9 
4644768 22468858 31254200 41817772 
4 7 0 8 6 1 5 2 3 9 
4648718 21143490 31473552 44755710 
0 4 8 7 2 1 3 6 5 9 
4655646 18163716 30249764 37973540 
2 6 9 7 0 1 8 4 5 3 
4670104 26868420 29454180 35108530 
6 8 7 2 4 3 0 1 5 9 
4677716 23083802 42248538 30728356 
4 5 7 0 8 3 2 1 9 6 
4695364 45825258 45610010 21500040 
2 1 9 4 7 3 6 8 5 0 
4699698 30925818 39579490 22445732 
0 6 8 7 2 1 3 4 5 9 
4702872 20694004 29956054 35976046 
6 5 7 0 8 3 2 1 9 4 
4707020 44019740 49860604 21628936 
2 4 8 7 0 1 3 6 5 9 
4709660 18157930 29546306 38075008 
0 7 3 8 2 1 9 4 5 6 
4729842 17167968 40696736 57668640 
0 8 3 7 2 1 9 4 5 6 
4740892 17193230 40674030 57400422 
0 4 7 8 2 1 3 6 5 9 
4744906 18239018 31568874 36787674 
3 0 4 8 7 6 1 2 9 5 
4753464 32295164 28951996 31932480 
2 4 0 8 7 1 5 6 3 9 
4755430 26888738 26094486 43094416 
2 6 8 7 0 1 3 4 5 9 
4761290 20688218 29252596 36077514 
2 4 7 8 0 1 3 6 5 9 
4791568 18232536 30734336 36886630 
0 6 7 8 2 1 3 4 5 9 
4792748 20769170 31258284 34789708 
3 2 4 8 7 6 1 0 9 5 
4797394 32264882 28886348 32006110 
2 1 4 3 0 6 9 8 5 7 
4811120 21034588 52875976 32567686 
0 6 2 7 8 1 5 4 3 9 
4818498 37680174 23819346 44150786 
0 4 8 7 2 1 5 6 3 9 
4819428 18502910 27600542 46672172 
2 8 1 7 0 4 6 5 9 3 
4822334 17105828 42023360 55512772 
4 5 7 2 8 3 0 1 9 6 
4823600 45596026 43549416 22372578 
8 0 3 4 7 6 1 2 9 5 
4823630 34966332 23506712 44271130 
4 2 7 8 6 1 5 0 3 9 
4823686 21306778 28311178 39721850 
4 2 8 7 6 1 5 0 3 9 
4825442 21262272 26612104 41989276 
6 7 8 9 4 1 5 2 3 0 
4826068 19503728 45684280 36192932 
0 4 8 9 7 1 3 6 5 2 
4841026 29381876 43339530 24067640 
2 6 7 8 0 1 3 4 5 9 
4843814 20762688 30423746 34888664 
2 4 8 7 0 1 5 6 3 9 
4845522 18659908 27179804 46879880 
6 2 8 7 4 1 3 0 5 9 
4859102 20600624 29500422 33654230 
8 0 1 4 7 6 3 2 5 9 
4864584 32458518 23308454 42954508 
6 2 7 8 4 1 3 0 5 9 
4864698 20684326 32370256 32519856 
4 0 7 8 6 1 5 2 3 9 
4866090 21173142 28449152 40334702 
0 6 8 7 2 1 5 4 3 9 
4866654 21033198 27306832 44674678 
6 2 8 7 4 1 5 0 3 9 
4866824 20032254 25026140 38192302 
6 2 7 8 4 1 5 0 3 9 
4872420 20077456 26856294 35927388 
8 0 6 4 7 1 9 2 5 3 
4883654 28428594 27213002 33624004 
6 8 0 7 4 5 2 1 3 9 
4883904 21378914 37612850 31920198 
0 6 8 9 7 1 3 4 5 2 
4897866 31121452 42987172 22069704 
2 7 1 8 0 4 6 5 9 3 
4903756 17088588 43653548 58412104 
6 0 8 7 4 1 5 2 3 9 
4904208 19898754 25180994 38805626 
0 4 7 8 2 1 5 6 3 9 
4908688 18539712 27879972 44355766 
6 0 7 8 4 1 5 2 3 9 
4910420 19943820 26994268 36540240 
2 1 8 7 0 4 6 5 9 3 
4912818 17238998 39577286 50622064 
8 2 1 4 7 6 3 0 5 9 
4921338 32382442 23332674 42953824 
2 4 7 8 0 1 5 6 3 9 
4927430 18696014 27328154 44560962 
2 4 8 9 7 1 3 6 5 0 
4932998 26127324 43775518 23949420 
6 8 7 2 4 5 0 1 3 9 
4934000 21884582 39339382 27797142 
6 2 1 7 4 5 8 0 3 9 
4941492 22754826 37370032 30640004 
0 6 7 5 8 1 9 4 3 2 
4950698 36914938 38700646 23346658 
6 8 7 0 4 5 2 1 3 9 
4950756 21378564 40149888 26982278 
1 4 3 7 8 0 2 6 9 5 
4951920 26910320 32088086 32191674 
4 2 5 8 7 1 3 0 9 6 
4959182 41676142 29501566 26632700 
1 4 5 7 8 0 2 6 9 3 
4963016 28274584 28877842 33352068 
4 0 5 8 7 1 3 2 9 6 
4965454 42349414 29585042 26558498 
6 0 1 7 4 5 8 2 3 9 
4972100 22627150 37555602 31256758 
4 2 6 8 7 1 3 0 9 5 
4985662 45165218 23495252 34689530 
8 0 4 6 7 1 9 2 5 3 
4988460 28507334 30630120 31308100 
4 0 6 8 7 1 3 2 9 5 
4992366 45191678 23546742 34615742 
6 7 8 5 4 1 9 2 3 0 
4996004 18871150 42403258 36472948 
2 6 8 9 7 1 3 4 5 0 
4998016 27651284 43411352 21951418 
2 8 5 4 0 1 6 7 3 9 
5011142 25949040 31448790 33227212 
6 2 8 7 4 1 9 0 3 5 
5028224 21691248 25523838 38103620 
1 0 3 8 7 4 6 2 9 5 
5034402 37321662 23853470 41439712 
6 8 1 7 4 0 2 5 3 9 
5036540 17958916 39815810 40247346 
1 6 3 7 8 0 2 4 9 5 
5039208 29440426 31799574 30196316 
6 2 5 7 4 8 3 0 1 9 
5049724 23037240 28605862 34358526 
1 6 5 7 8 0 2 4 9 3 
5050304 30804690 28589330 31356710 
8 0 3 7 4 6 1 2 9 5 
5061714 47042980 22880254 42981362 
6 1 7 2 4 5 0 8 3 9 
5063480 24404568 39388102 26952546 
1 0 3 7 8 4 6 2 9 5 
5065278 28070364 23971838 42257702 
4 2 6 7 8 1 3 0 9 5 
5065760 44571530 23254336 36705484 
1 2 3 8 7 4 6 0 9 5 
5066282 37295268 23817500 41517968 
6 0 4 8 7 1 3 2 9 5 
5068620 39913158 25844192 32326462 
4 0 6 7 8 1 3 2 9 5 
5076688 44598110 23321178 36631896 
2 6 7 5 8 1 9 4 3 0 
5076896 34099288 38882696 23391580 
6 1 7 0 4 5 2 8 3 9 
5077408 23900342 40182578 26138774 
6 0 5 7 4 8 3 2 1 9 
5081762 22929800 28760384 34897702 
4 2 3 8 7 1 6 0 5 9 
5085014 44052326 22333342 44426878 
8 2 3 7 4 6 1 0 9 5 
5086028 47012658 22806894 43056152 
8 0 6 4 7 1 3 2 9 5 
5090700 32670342 23648094 41802158 
1 2 3 7 8 4 6 0 9 5 
5092934 28043850 23920516 42335758 
4 0 3 8 7 1 6 2 5 9 
5101002 44120220 22367652 44425132 
6 7 0 1 4 3 5 8 2 9 
5107120 26475970 29791324 33447812 
0 8 5 4 2 1 6 7 3 9 
5110948 25706410 31108908 32911764 
2 4 8 3 7 1 9 6 5 0 
5119202 24781626 43230932 25643026 
4 2 5 8 7 1 6 0 3 9 
5129598 44986218 23245804 41215992 
2 4 8 9 7 1 5 6 3 0 
5141814 26416154 42406446 24899894 
8 2 6 4 7 1 3 0 9 5 
5149620 32644662 23696392 41877246 
6 2 4 7 8 1 3 0 9 5 
5150064 38664006 25474800 34415840 
8 0 1 7 4 6 3 2 5 9 
5151248 44536930 22925340 39590136 
6 0 4 7 8 1 3 2 9 5 
5152958 38690598 25542788 34342456 
6 2 7 5 4 1 3 0 8 9 
5156462 24390072 37435170 29692498 
4 2 7 9 8 1 5 0 3 6 
5167314 41504392 37113624 23223744 
8 2 1 7 4 6 3 0 5 9 
5176322 44459954 22834420 39587952 
4 2 8 9 7 1 5 0 3 6 
5182414 41804124 35582334 22184976 
2 6 8 3 7 1 9 4 5 0 
5184220 26305586 42866766 23645024 
0 8 1 7 2 4 6 3 5 9 
5187634 18067580 30995964 52909924 
8 0 3 4 7 1 6 2 5 9 
5199144 33620428 25088316 34024270 
4 2 3 7 8 1 6 0 5 9 
5203282 43502132 22218350 44641744 
8 0 9 4 7 1 6 2 5 3 
5205904 30871460 30895060 27980718 
2 6 8 9 7 1 5 4 3 0 
5206832 27940114 42042280 22901892 
1 0 4 7 8 3 9 2 6 5 
5216256 28315542 24790354 37096160 
0 7 3 8 2 1 5 4 9 6 
5216374 16881478 40898074 56691604 
4 0 3 7 8 1 6 2 5 9 
5223494 43570146 22268012 44640198 
6 7 1 8 4 3 0 9 2 5 
5231724 16787224 56253322 53284368 
6 1 8 7 4 0 2 5 3 9 
5232508 18014390 37025584 34412222 
1 0 4 7 8 3 5 2 6 9 
5237190 28455134 23144268 40968040 
8 0 5 4 7 1 6 2 3 9 
5241648 34416220 26873200 31483532 
6 8 1 7 4 3 0 9 2 5 
5242500 16761510 56781420 50015512 
2 4 3 8 7 1 5 6 9 0 
5242572 24413982 37374214 30244300 
4 0 6 8 7 1 5 2 9 3 
5248468 43238378 24082144 40616528 
8 2 3 4 7 1 6 0 5 9 
5248780 33553314 25153794 34027316 
1 2 4 7 8 3 9 0 6 5 
5250104 28087716 24830760 37784832 
6 2 8 9 7 1 5 0 3 4 
5253684 39607900 41003366 22351512 
1 0 4 8 7 3 5 2 6 9 
5254668 37481508 23384434 37339454 
8 4 9 0 7 1 2 6 5 3 
5258282 33217738 29817780 27479206 
1 2 4 7 8 3 5 0 6 9 
5271644 28155150 23179190 41656484 
0 4 5 8 7 1 3 6 9 2 
5272332 28226158 32998458 25489230 
2 4 5 8 7 1 3 6 9 0 
5272704 24976480 33830002 25548336 
0 7 1 8 2 4 6 3 5 9 
5275592 18039660 31778164 55803648 
0 6 8 5 7 1 9 4 3 2 
5277522 30603498 38106512 23026910 
3 0 9 8 7 1 4 2 5 6 
5291588 35988398 22792256 49865266 
8 2 5 4 7 1 6 0 3 9 
5292516 34553138 26842070 30872610 
1 2 4 8 7 3 5 0 6 9 
5293346 37181644 23434708 38028098 
2 4 8 5 7 1 9 6 3 0 
5312526 25691648 38781408 25072282 
2 4 0 8 7 1 3 6 9 5 
5312758 27749310 26082962 37806724 
9 6 8 0 7 1 2 4 5 3 
5318732 38880546 36740566 23974724 
3 2 9 8 7 1 4 0 5 6 
5327870 35346350 22727664 49866842 
0 6 5 8 7 1 3 4 9 2 
5329172 29965734 32646100 23491294 
9 0 4 8 7 3 1 2 6 5 
5332094 38617440 27459428 29003186 
4 5 7 0 8 3 2 9 1 6 
5332258 45100296 50635256 21003124 
5 0 4 8 7 3 1 2 6 9 
5334346 38722272 28404648 28823280 
2 6 5 7 0 1 8 4 9 3 
5336090 26589498 29429500 34200160 
2 6 5 8 7 1 3 4 9 0 
5337722 26500440 33465836 23550334 
6 5 7 0 8 3 2 9 1 4 
5341406 43360208 54771574 21124938 
8 6 9 0 7 1 2 4 5 3 
5343792 35751472 29579478 25484478 
8 0 6 4 7 1 5 2 9 3 
5346802 27741622 26154248 33597778 
4 2 8 5 7 1 9 0 3 6 
5348682 41227820 33950236 22338102 
4 2 7 5 8 1 9 0 3 6 
5356430 40925820 35733498 22677514 
6 7 1 8 4 3 0 5 2 9 
5367896 16322290 52115410 53120750 
5 6 8 7 1 0 2 4 3 9 
5368598 24537210 34088566 31007424 
5 7 1 8 9 3 0 4 2 6 
5370376 16104248 58121956 59195952 
2 6 0 8 7 1 3 4 9 5 
5377104 30279422 25768552 35808078 
2 6 8 5 7 1 9 4 3 0 
5377544 27215608 38417242 23074280 
6 1 7 0 4 3 2 5 8 9 
5380244 23766684 45810834 26221918 
6 8 1 7 4 3 0 5 2 9 
5381500 16287308 51155280 48118414 
9 7 1 8 5 3 0 4 2 6 
5403666 15684802 57999796 57782942 
5 8 1 7 9 3 0 4 2 6 
5405590 16066872 59702106 56924262 
3 0 1 7 8 4 6 2 5 9 
5419506 27160222 24162380 42735102 
6 2 8 5 7 1 9 0 3 4 
5419952 39031596 39371268 22504638 
3 0 9 7 8 1 4 2 5 6 
5427992 33172126 22583602 49412896 
5 4 0 8 1 7 3 6 2 9 
5428128 22464812 27686094 29861836 
5 7 0 4 1 3 6 8 2 9 
5440978 28573458 32464150 26720150 
3 2 1 7 8 4 6 0 5 9 
5450042 27087340 24095046 42736390 
4 5 7 2 8 3 0 9 1 6 
5457262 45459080 48579958 21874894 
3 2 9 7 8 1 4 0 5 6 
5460050 32529958 22503658 49414272 
9 8 1 7 5 3 0 4 2 6 
5464584 15647426 59579918 55510776 
3 0 8 4 7 1 6 2 5 9 
5475708 29939006 29590854 28502532 
6 2 8 7 4 1 3 0 9 5 
5476914 21733308 30603068 33649062 
6 7 8 1 4 3 0 5 2 9 
5484516 16282598 52525808 52775912 
6 7 8 0 4 2 9 1 3 5 
5484866 18064998 36439080 44557920 
6 2 3 7 4 8 9 0 1 5 
5504658 25643586 24274912 39188142 
3 2 8 4 7 1 6 0 5 9 
5509276 29871916 29658624 28505986 
6 0 8 7 4 1 3 2 9 5 
5511268 21759796 30661124 33573910 
6 1 8 7 4 3 0 9 2 5 
5521292 16730738 53456796 47007752 
3 6 9 7 8 1 2 4 5 0 
5523322 33995992 25691458 33548976 
5 6 0 8 1 7 3 4 2 9 
5523424 24713568 27497588 28706618 
0 7 8 3 2 1 5 4 9 6 
5525510 17067132 48688956 52112480 
0 6 8 5 7 1 3 4 9 2 
5527318 30224324 40982462 22361970 
6 0 3 7 4 8 9 2 1 5 
5541766 25461668 24408510 39724898 
9 7 8 1 5 3 0 4 2 6 
5541978 15641256 58227810 57377744 
6 2 5 1 4 8 3 0 7 9 
5551086 24934362 38975688 27805202 
9 0 3 8 7 1 4 2 5 6 
5552724 38016020 23108330 46721996 
2 4 8 5 7 1 3 6 9 0 
5562466 25224346 41656260 24245972 
6 8 7 1 4 3 0 5 2 9 
5562678 16094200 47045490 50578928 
5 8 7 1 9 3 0 4 2 6 
5564490 15879696 56516154 59433264 
9 2 3 8 7 1 4 0 5 6 
5564904 37374008 23047176 46724184 
5 6 3 0 7 8 2 4 1 9 
5566840 41045510 34721690 22954540 
5 4 0 1 8 7 3 6 2 9 
5573504 29443098 27308058 27574598 
6 2 7 8 4 1 3 0 9 5 
5574126 21757566 31964150 32115408 
9 8 7 1 5 3 0 4 2 6 
5575696 15455726 55541946 58003450 
6 2 1 8 7 4 3 0 9 5 
5577348 39995732 26308100 30469318 
2 4 8 3 7 1 5 6 9 0 
5577958 24603154 44736712 25767190 
6 0 1 8 7 4 3 2 9 5 
5578830 40026992 26370768 30394632 
6 0 5 1 4 8 3 2 7 9 
5583124 24546004 39216626 29187286 
6 1 8 7 4 3 0 5 2 9 
5584188 16255744 46599432 43762718 
9 6 3 0 7 8 2 4 1 5 
5593990 39967156 35097670 22860526 
6 1 3 0 4 7 2 5 8 9 
5600734 23891450 42565902 26313742 
3 0 7 4 8 1 6 2 5 9 
5604472 27117848 32418764 28647986 
6 0 7 8 4 1 3 2 9 5 
5609096 21783918 32005326 32039784 
1 0 5 7 4 6 8 2 9 3 
5609820 39451436 25187686 32469162 
2 8 7 6 0 4 5 1 9 3 
5612242 17665400 37392596 40560722 
0 3 8 7 2 1 5 4 9 6 
5618678 17170566 41905114 51702494 
6 8 7 0 4 2 9 1 3 5 
5619896 18129760 31664966 37927256 
1 0 8 4 7 6 9 2 3 5 
5625926 36159460 25606602 32662496 
0 4 1 7 2 8 5 6 3 9 
5626738 18432978 27235724 44275010 
2 6 8 5 7 1 3 4 9 0 
5627484 26748306 41292094 22247970 
6 1 3 8 4 7 0 9 2 5 
5627830 16733620 46590928 49399464 
5 6 8 0 7 1 2 4 3 9 
5628524 36047898 34692252 23486304 
9 7 1 8 5 3 2 4 0 6 
5631010 15420912 59244352 56835776 
6 1 3 8 4 7 0 5 2 9 
5631730 16267990 39788004 46315028 
2 4 1 7 0 8 5 6 3 9 
5632728 18610192 27068218 44540986 
2 3 9 4 7 1 6 8 5 0 
5632778 31021260 39770636 22377126 
3 2 7 4 8 1 6 0 5 9 
5633200 27050774 32488062 28651712 
4 2 6 7 1 8 5 0 3 9 
5635142 36241972 24263414 39507028 
5 8 1 7 9 3 2 4 0 6 
5636424 15785866 60870722 55074432 
6 8 0 7 4 2 9 1 3 5 
5636550 18122038 29096810 41418948 
9 0 1 8 5 7 3 4 2 6 
5637760 18990592 48679384 34105052 
5 1 7 8 9 3 0 4 2 6 
5638532 15891204 52184068 56154140 
9 0 8 4 7 1 6 2 3 5 
5638614 35462980 29984318 24573026 
6 0 1 8 4 7 3 9 2 5 
5639176 20076696 44606470 33641038 
5 1 8 7 9 3 0 4 2 6 
5640000 16036922 55991274 53247476 
6 8 3 1 4 7 0 5 2 9 
5640214 16259756 43793042 50325250 
2 6 8 3 7 1 5 4 9 0 
5642976 26127114 44372546 23769188 
4 2 1 5 8 3 9 0 7 6 
5648038 47387490 44966576 21867678 
6 1 7 8 4 3 0 5 2 9 
5648746 16102328 42079244 46568070 
9 2 8 4 7 1 6 0 3 5 
5649264 35671826 29962472 23963078 
9 4 0 1 8 7 3 6 2 5 
5651854 30610114 29589456 27455640 
6 2 7 5 4 8 1 0 3 9 
5652320 21703266 35609372 29571264 
5 0 8 4 7 1 6 2 3 9 
5659538 35659354 28012782 24525936 
1 2 8 4 7 6 9 0 3 5 
5660096 36361922 25557812 32050740 
9 6 7 0 8 1 2 4 5 3 
5665084 36624176 38760324 21821694 
5 6 0 1 8 7 3 4 2 9 
5669856 31691884 27123390 26419430 
9 1 7 8 5 3 0 4 2 6 
5671770 15467234 51209836 54723918 
5 2 8 4 7 1 6 0 3 9 
5672914 35796328 27987000 23915966 
8 0 1 4 7 6 5 2 3 9 
5677646 31665016 23904954 38288402 
0 8 6 7 2 4 5 1 9 3 
5678768 17894230 30584296 47361012 
6 0 7 5 4 8 1 2 3 9 
5687534 21569420 35698080 30184788 
9 0 3 7 8 1 4 2 5 6 
5689112 35828740 22975516 46269786 
9 8 1 7 5 3 2 4 0 6 
5691928 15386768 60783874 53674226 
6 2 1 7 4 8 9 0 3 5 
5696370 21730228 24081756 36603236 
9 2 3 7 8 1 4 0 5 6 
5697068 35186608 22899010 46271774 
9 1 8 7 5 3 0 4 2 6 
5698970 15615388 55475822 51826046 
1 0 8 7 4 6 9 2 3 5 
5700992 36442416 23846806 38367202 
5 1 3 8 9 7 0 4 2 6 
5701556 16080264 49528560 55971280 
1 2 8 7 4 6 9 0 3 5 
5703482 36643978 23682876 37753946 
9 1 3 8 5 7 0 4 2 6 
5720434 15670734 48735208 54582678 
9 4 8 1 3 7 0 6 2 5 
5721030 17415574 47534614 42331632 
9 1 8 4 6 7 0 3 2 5 
5727778 17563600 52359244 42146200 
4 2 1 9 8 3 5 0 7 6 
5728142 48329360 46816220 21114624 
8 2 1 4 7 6 5 0 3 9 
5731168 31795292 23848006 37675942 
6 0 1 7 4 8 9 2 3 5 
5733324 21522806 24227430 37216738 
2 8 6 7 0 4 5 1 9 3 
5736170 17439292 30838292 46117258 
9 6 0 1 8 7 3 4 2 5 
5748206 32858900 29404788 26300472 
2 1 3 6 0 4 9 8 5 7 
5764470 20948880 48105002 31885696 
5 4 8 7 1 3 2 6 0 9 
5767718 19784980 44768684 33309234 
9 7 8 1 5 3 2 4 0 6 
5769322 15404316 60200142 57221956 
6 1 0 2 4 8 7 5 3 9 
5772496 19834440 42184980 33988312 
5 8 6 4 9 7 0 1 2 3 
5772704 17545340 41920736 42503702 
6 7 2 1 4 8 5 0 3 9 
5774978 20073704 31748008 36520592 
5 7 2 4 1 3 6 8 0 9 
5778354 28325350 32779836 28557530 
6 2 3 4 7 8 9 0 1 5 
5780552 43213154 24428152 32081962 
9 6 1 0 7 8 2 4 3 5 
5781520 34947150 35580364 23419682 
6 7 1 0 4 8 5 2 3 9 
5782102 19909818 28877998 38406182 
6 2 1 7 4 8 5 0 3 9 
5786730 20068690 23582402 36092326 
4 2 9 1 7 8 5 0 3 6 
5786760 41591346 29166698 22486090 
2 7 5 4 0 1 6 8 9 3 
5787862 20464142 34860870 35556506 
5 0 7 4 8 1 6 2 3 9 
5788302 31331256 30137232 24529930 
6 8 7 0 4 1 2 3 5 9 
5791684 20844992 43301842 30430088 
6 1 0 8 4 7 3 5 2 9 
5794872 19236480 30291512 36679234 
0 8 7 6 2 4 9 1 5 3 
5795166 17825828 38299956 39790874 
5 2 7 4 8 1 6 0 3 9 
5796838 31468246 30112978 23920232 
9 6 3 2 7 8 0 4 1 5 
5797998 40471418 34950276 23247288 
2 8 7 6 0 4 9 1 5 3 
5799452 17386540 37704502 38543444 
3 4 7 0 8 1 2 6 5 9 
5800720 26983866 36506660 23543814 
4 2 3 6 7 8 9 0 1 5 
5802748 48571396 25536308 32055290 
9 8 7 1 5 3 2 4 0 6 
5803040 15237418 57889550 57410494 
6 8 0 7 4 2 5 1 3 9 
5805766 18974412 28705990 42653086 
4 2 6 1 7 8 5 0 3 9 
5806912 42899482 23741214 29300032 
1 0 6 4 7 8 5 2 3 9 
5811050 35775582 23863376 33212916 
6 7 8 2 4 0 9 1 3 5 
5812894 18025438 36072920 44610392 
1 0 6 8 7 4 5 2 9 3 
5813042 33354614 25634714 34083668 
6 7 0 1 4 8 5 2 3 9 
5814542 19971404 30547876 34622172 
4 0 6 1 7 8 5 2 3 9 
5816688 42763952 23856266 29914300 
6 7 1 8 4 2 5 0 3 9 
5820752 19869110 29371494 40412168 
6 0 1 7 4 8 5 2 3 9 
5823078 19933426 23733560 36706056 
0 6 3 5 7 8 9 4 1 2 
5836554 34052866 40756504 21799512 
9 0 8 1 5 7 3 4 2 6 
5839096 18943464 48737380 32546308 
6 3 1 8 4 7 0 5 2 9 
5843222 16501480 44375342 44777928 
6 8 7 0 4 1 2 5 3 9 
5843318 18114272 43428394 30945224 
6 1 8 7 4 3 2 5 0 9 
5848244 16281156 48439370 41275764 
2 9 8 4 7 1 6 3 5 0 
5848452 26430708 46456722 23590288 
9 8 6 4 5 7 0 1 2 3 
5848858 17290100 41028390 41545720 
1 2 6 4 7 8 5 0 3 9 
5849230 35911682 23821246 32599598 
1 0 6 7 8 4 3 2 9 5 
5852802 27243358 24314266 33313254 
6 2 9 1 7 8 5 0 3 4 
5855182 39394578 34584066 22641236 
5 4 7 0 8 1 2 6 3 9 
5858350 29178630 36377060 23189262 
1 0 6 8 7 4 3 2 9 5 
5860096 36490718 24395350 30886844 
6 8 7 2 4 1 0 3 5 9 
5865072 20762994 42488476 31245720 
5 1 7 8 9 3 2 4 0 6 
5869366 15658204 54425282 53991482 
0 8 6 7 2 4 9 1 5 3 
5869468 17587322 30652926 45104346 
5 1 8 7 9 3 2 4 0 6 
5870834 15788522 57816616 50632602 
1 0 6 4 7 8 9 2 3 5 
5871404 36035658 25151586 29588910 
8 0 5 4 7 1 6 2 9 3 
5873900 29538836 30002444 26826134 
8 0 3 4 7 1 6 2 9 5 
5876246 33677558 25681726 32027884 
2 6 3 5 7 8 9 4 1 0 
5877392 30659914 41145654 21845598 
2 4 9 1 7 8 5 6 3 0 
5882700 26218222 37910058 25196884 
1 0 8 7 4 6 5 2 3 9 
5885450 36207356 22550064 41660640 
9 4 1 8 3 7 2 6 0 5 
5885698 17375486 48316954 39671476 
1 2 8 7 4 6 5 0 3 9 
5888546 36336760 22380650 41047156 
6 2 4 1 7 8 5 0 3 9 
5888898 37620948 26019384 27010570 
1 2 6 7 8 4 3 0 9 5 
5889944 27211914 24230134 33386652 
6 0 4 1 7 8 5 2 3 9 
5890640 37485430 26135582 27625042 
3 6 7 0 8 1 2 4 5 9 
5891070 29517584 36266830 21548814 
5 6 1 0 7 8 2 4 3 9 
5892130 35886568 32033720 23344142 
6 8 9 0 4 7 2 1 3 5 
5897106 21207652 36041252 28569690 
9 1 7 8 5 3 2 4 0 6 
5899114 15254582 53486390 52574540 
9 3 1 8 5 7 0 4 2 6 
5900246 15904104 51947376 51360888 
1 2 6 8 7 4 3 0 9 5 
5901462 36459394 24326570 30960442 
6 8 5 0 4 7 2 1 3 9 
5903292 21439092 33714072 28062884 
1 2 6 4 7 8 9 0 3 5 
5908978 36243916 25114940 28975820 
6 1 7 8 4 3 2 5 0 9 
5912802 16143140 44335054 44533332 
6 8 7 2 4 1 0 5 3 9 
5913474 18620290 42620324 31760088 
4 5 3 0 7 8 2 9 1 6 
5914998 45512848 41923418 19961794 
2 8 6 7 0 4 9 1 5 3 
5923380 17152732 30942262 43873872 
6 1 8 3 4 7 0 5 2 9 
5924308 16393436 46118816 41651508 
8 2 3 4 7 1 6 0 9 5 
5925680 33656808 25762834 32107630 
9 1 8 7 5 3 2 4 0 6 
5926314 15387336 57336504 49224452 
4 2 7 1 6 8 5 0 3 9 
5926868 21360414 29114446 33367320 
9 4 7 0 3 8 2 6 1 5 
5929546 24633132 44358214 25784800 
8 0 1 6 7 4 9 2 5 3 
5933834 28487064 26190926 31050086 
5 8 4 0 6 7 2 1 3 9 
5945186 23165148 40638996 26846286 
2 6 9 1 7 8 5 4 3 0 
5947712 27742468 37550640 23198942 
5 6 7 0 8 1 2 4 3 9 
5948700 31712348 36137230 21194262 
6 8 7 2 4 0 9 1 3 5 
5950164 18090312 31243006 37979880 
6 5 3 0 7 8 2 9 1 4 
5950322 44345000 45931056 20081160 
9 8 4 6 5 7 0 1 2 3 
5951678 17331010 43240246 40386384 
6 7 8 1 4 2 5 0 3 9 
5957702 19890044 31764230 36167010 
6 2 3 1 4 8 5 0 7 9 
5958956 27370422 33026546 26471884 
6 8 2 7 4 0 9 1 3 5 
5961866 18055120 28195464 41251190 
9 8 7 4 5 6 2 1 0 3 
5962476 17282050 45071822 43411156 
4 0 7 1 6 8 5 2 3 9 
5969314 21224776 29219184 33979752 
1 6 0 9 8 7 3 4 2 5 
5969584 29295010 30389824 27621006 
2 4 7 1 0 8 5 6 3 9 
5969976 18657354 27837988 37922588 
6 2 7 1 4 8 5 0 3 9 
5970892 20133806 27662968 29580554 
6 2 1 4 7 8 9 0 3 5 
5972320 39159320 23955752 29468300 
6 0 1 4 7 8 9 2 3 5 
5977594 38950998 23986286 30080302 
3 0 5 8 7 1 4 2 9 6 
5979072 34650854 21622344 48699180 
0 4 7 1 2 8 5 6 3 9 
5984204 18482054 28365964 37663520 
6 8 1 0 4 7 2 5 3 9 
5994226 18112284 40286866 33226198 
6 0 3 1 4 8 5 2 7 9 
5995458 26979744 33252044 27851776 
2 7 6 8 0 4 9 1 5 3 
5996794 17124900 36871762 50310870 
3 6 7 2 8 1 0 4 5 9 
5998810 29586846 36091040 22544356 
6 0 7 1 4 8 5 2 3 9 
6008934 19998168 27767706 30192986 
9 8 4 0 6 7 2 1 3 5 
6009912 20783766 43305852 26898734 
8 6 5 0 7 1 2 4 9 3 
6010094 33922008 29009412 25672374 
6 1 9 0 4 7 2 8 3 5 
6010602 24570426 36071710 27730564 
2 5 8 4 7 1 6 9 3 0 
6012472 27270958 40185668 22871604 
3 2 5 8 7 1 4 0 9 6 
6015200 33983302 21569828 48777502 
6 1 5 0 4 7 2 8 3 9 
6017364 23939450 33701882 27224310 
2 6 7 1 0 8 5 4 3 9 
6022216 21187792 27532146 35924682 
6 3 8 1 4 7 0 5 2 9 
6024714 16460198 44563882 44430440 
9 6 1 0 8 7 2 4 3 5 
6025674 32701784 35538498 23361284 
9 1 8 3 5 7 0 4 2 6 
6029554 15796216 55066326 49916998 
3 6 5 8 7 1 2 4 9 0 
6043640 34369008 23507248 40706598 
6 2 1 8 7 4 3 0 5 9 
6052064 38792648 24010678 30431498 
5 6 7 2 8 1 0 4 3 9 
6056440 32295674 35695744 22102684 
6 2 1 4 7 8 5 0 3 9 
6069628 37470222 23463274 28688366 
2 9 8 4 7 1 6 5 3 0 
6072192 28854750 40130954 22409318 
6 0 1 4 7 8 5 2 3 9 
6074296 37334058 23499292 29300596 
5 6 0 7 1 8 2 4 3 9 
6081806 24414238 35102348 26157002 
3 0 5 4 7 8 6 2 1 9 
6083080 34248958 28133116 26024366 
6 2 1 5 4 7 3 0 8 9 
6083310 24405154 33535354 28387354 
5 4 1 0 8 7 2 6 3 9 
6086250 29102292 32224840 25275558 
4 2 1 6 7 8 5 0 3 9 
6091840 42827220 24556792 28660634 
5 4 0 1 8 7 9 6 2 3 
6095302 32900588 25873284 31569442 
5 6 1 2 7 8 0 4 3 9 
6096138 36468112 31790212 23703070 
5 8 2 4 1 0 6 7 3 9 
6099960 26902268 33195302 27785270 
9 3 8 1 5 7 0 4 2 6 
6103430 15858968 51953532 50953040 
6 1 8 0 4 7 2 9 3 5 
6104842 18890326 43262918 30645638 
9 1 4 0 6 7 2 8 3 5 
6108808 24146564 43338602 26060016 
3 0 5 7 8 1 4 2 9 6 
6115420 31975058 21692934 48275566 
6 0 1 5 4 7 3 2 8 9 
6116450 24117566 33696336 29461860 
6 8 5 2 4 7 0 1 3 9 
6117296 21942194 33227530 27978576 
6 1 0 7 4 8 2 5 3 9 
6117668 18225848 36686506 30491446 
3 2 5 4 7 8 6 0 1 9 
6118762 34362160 28120050 25490192 
4 5 3 2 7 8 0 9 1 6 
6123450 45870012 40048100 20334024 
6 3 7 0 4 8 2 5 1 9 
6132636 23010518 45394588 25460436 
5 8 7 4 9 6 0 1 2 3 
6133748 17277324 44256742 42086402 
3 2 5 7 8 1 4 0 9 6 
6147324 31307386 21625066 48353688 
6 8 2 7 4 0 5 1 3 9 
6152062 18907282 27804506 42435362 
3 4 0 1 8 7 9 6 2 5 
6157334 27229880 26698816 31832344 
6 5 3 2 7 8 0 9 1 4 
6158774 44713990 43712460 20520038 
3 0 6 8 7 4 1 2 9 5 
6159500 32228348 25001042 30371568 
5 8 4 2 6 7 0 1 3 9 
6164086 23749502 40670164 26259676 
6 1 8 0 4 7 2 5 3 9 
6167234 18166610 38068590 27389516 
6 3 7 0 4 1 2 5 8 9 
6170334 23819102 44714970 25611260 
4 9 7 0 8 1 2 3 5 6 
6173798 44912526 46020854 20029730 
6 1 3 8 4 7 2 5 0 9 
6173926 16263182 41004154 44607970 
5 6 1 0 8 7 2 4 3 9 
6176156 31635254 31983426 23280732 
3 4 0 1 8 7 5 6 2 9 
6176646 27590150 24696794 29879862 
6 9 7 0 8 1 2 3 5 4 
6185778 43178832 50275384 20158648 
5 4 2 8 1 7 3 6 0 9 
6187164 22912832 27191182 28550704 
3 4 5 7 8 1 2 6 9 0 
6188478 30715766 23955320 35672508 
9 4 8 0 1 7 2 6 3 5 
6190266 24739734 38023298 25460912 
5 0 3 8 7 1 4 2 9 6 
6191710 39052020 21670588 46398954 
4 2 1 9 7 8 5 0 3 6 
6192312 41626074 32512980 19502188 
9 4 0 1 8 7 5 6 2 3 
6192964 34427874 26152660 29498002 
6 7 1 8 4 0 5 2 3 9 
6195514 19701494 27473308 38296226 
9 4 8 1 3 7 2 6 0 5 
6197510 17352372 48916354 39963814 
9 8 7 0 4 6 2 1 3 5 
6198076 25125302 42152304 24116596 
4 2 1 5 7 8 9 0 3 6 
6204740 41051714 30664906 20254762 
5 2 3 8 7 1 4 0 9 6 
6206414 38384500 21621128 46477820 
5 1 3 8 9 7 2 4 0 6 
6210530 15801644 50730114 54136302 
6 5 7 0 4 8 2 3 1 9 
6211606 24021774 45478718 25234002 
9 8 7 4 5 6 0 1 2 3 
6215646 17016308 43292044 41111772 
9 8 3 1 5 7 2 4 0 6 
6224396 15395192 53414054 57596298 
9 1 3 8 5 7 2 4 0 6 
6225918 15412462 49972102 52760980 
9 8 4 2 6 7 0 1 3 5 
6228812 21364178 43451446 26289908 
0 4 1 9 7 8 5 6 3 2 
6231280 29428144 40165000 22226600 
6 1 5 2 4 7 0 8 3 9 
6234196 24440760 33231370 27138910 
4 2 7 5 1 8 9 0 3 6 
6237278 34482614 35674030 22649346 
4 2 1 9 3 8 5 0 7 6 
6245124 37942766 46804918 21099166 
4 9 1 0 7 8 2 5 3 6 
6247382 41030636 40358132 21163408 
0 4 1 5 7 8 9 6 3 2 
6248152 28701640 36438412 22976220 
4 5 7 0 3 8 2 9 1 6 
6252464 34583270 50612220 20962048 
6 2 1 9 7 8 5 0 3 4 
6254190 39430072 37966784 19669694 
2 4 1 9 7 8 5 6 3 0 
6257380 26253482 40831368 22258610 
4 5 7 0 8 1 2 9 3 6 
6257916 40088538 43624670 19459026 
6 5 7 0 3 8 2 9 1 4 
6261612 32843182 54748538 21083862 
5 4 8 0 1 7 2 6 3 9 
6262220 21956484 34854266 25387704 
6 2 1 5 7 8 9 0 3 4 
6266618 38855712 36118710 20422268 
6 5 7 0 8 1 2 9 3 4 
6269896 38354844 47879200 19587944 
6 1 7 0 4 8 2 5 3 9 
6271084 18224404 39053074 25553788 
3 6 0 1 8 7 5 4 2 9 
6272998 29838936 24512126 28724694 
5 0 4 8 7 1 3 2 6 9 
6273470 36698348 23640880 28245376 
2 4 1 5 7 8 9 6 3 0 
6274252 25530920 36990354 23030446 
6 1 2 7 4 8 0 5 3 9 
6275954 18705554 35382240 32896740 
1 4 0 5 8 7 9 6 2 3 
6277106 29007380 27509420 27370148 
3 6 5 7 8 1 2 4 9 0 
6281040 32242992 23623534 33676972 
4 9 7 0 8 1 2 5 3 6 
6281718 40878604 43474310 18994840 
5 6 2 8 1 7 3 4 0 9 
6281998 25085076 27038904 27625724 
0 6 1 9 7 8 5 4 3 2 
6288268 31167972 39813170 20228606 
9 6 0 1 8 7 5 4 2 3 
6289316 36676660 25967992 28342834 
6 9 7 0 8 1 2 5 3 4 
6293698 39144910 47728840 19123758 
5 2 4 8 7 1 3 0 6 9 
6297718 36395940 23677860 28932362 
5 4 7 0 1 8 2 6 3 9 
6297778 21871240 36347426 23159304 
9 0 3 4 7 8 6 2 1 5 
6301690 38992100 27295624 25028020 
9 8 4 7 5 6 2 1 0 3 
6303180 17271960 43824526 39854164 
0 6 1 5 7 8 9 4 3 2 
6305140 30441468 36086582 20978226 
9 2 3 4 7 8 6 0 1 5 
6313222 39177206 27289550 24494412 
3 0 4 8 7 1 5 2 6 9 
6319456 29568192 22441264 33165940 
2 6 1 9 7 8 5 4 3 0 
6322546 27777694 40467730 20260550 
4 2 5 1 7 8 6 0 3 9 
6323374 44830512 22242028 35284274 
6 7 8 1 4 0 5 2 3 9 
6324974 19722400 29865806 34050592 
5 0 3 7 8 1 4 2 9 6 
6328098 34803744 21551578 45974940 
9 0 4 8 7 1 3 2 6 5 
6331026 36522158 25175550 28197936 
5 4 2 1 8 7 3 6 0 9 
6332512 29961356 26952768 26277844 
1 0 5 4 7 8 6 2 3 9 
6332534 38531642 24141180 26269562 
1 0 9 4 7 8 6 2 3 5 
6335088 39136668 26020398 23707200 
5 4 1 2 8 7 0 6 3 9 
6336222 29683068 31988202 25634018 
4 0 5 1 7 8 6 2 3 9 
6338172 44692372 22339710 35896076 
5 2 3 7 8 1 4 0 9 6 
6338578 34136104 21486766 46053606 
2 6 1 5 7 8 9 4 3 0 
6339418 27055132 36626716 21032386 
6 2 3 5 1 8 9 0 7 4 
6339560 38698358 45056394 19889276 
6 5 8 0 4 7 2 1 3 9 
6348350 21554392 37917474 26461134 
5 6 8 0 1 7 2 4 3 9 
6350916 24489450 34613234 23392946 
0 4 1 7 2 8 3 6 5 9 
6353004 17947800 26558034 36624954 
5 0 4 7 8 1 3 2 6 9 
6357808 32431726 23286654 30110996 
3 2 4 8 7 1 5 0 6 9 
6360664 29268072 22490628 33854574 
1 2 5 4 7 8 6 0 3 9 
6365692 38670352 24116420 25658710 
1 2 9 4 7 8 6 0 3 5 
6368198 39347246 25999192 23096302 
3 0 4 7 8 1 5 2 6 9 
6369054 26877630 22095318 36494160 
1 6 0 5 8 7 9 4 2 3 
6370934 31256136 27320914 26214930 
6 0 8 7 4 2 1 5 3 9 
6376752 17140438 40630108 45646148 
5 2 4 7 8 1 3 0 6 9 
6377832 32129198 23308282 30797782 
6 1 8 2 4 7 0 5 3 9 
6378410 18670188 37350978 28003472 
6 3 1 8 4 7 2 5 0 9 
6385418 16492014 45497674 43180162 
2 4 1 7 0 8 3 6 5 9 
6386914 17962230 26107808 36784690 
5 6 7 0 1 8 2 4 3 9 
6387066 24405214 36108506 21164314 
0 6 1 7 2 8 3 4 5 9 
6400378 20478340 26264852 34627402 
2 4 1 8 7 0 3 6 5 9 
6403858 26289220 24966472 34256504 
9 4 2 1 8 7 3 6 0 5 
6404302 31134988 29385150 26166960 
9 3 1 8 5 7 2 4 0 6 
6405730 15641174 53090452 49648482 
3 2 4 7 8 1 5 0 6 9 
6406038 26577390 22129330 37182594 
5 6 1 2 8 7 0 4 3 9 
6424916 32216798 31739918 23639660 
5 6 2 1 8 7 3 4 0 9 
6428402 32133630 26804328 25352914 
0 4 5 8 2 7 1 6 3 9 
6429826 19681842 31973884 35627032 
6 1 7 2 4 8 0 5 3 9 
6430980 18728630 38263470 26367560 
2 6 1 7 0 8 3 4 5 9 
6438692 20492770 25814626 34787138 
6 5 7 0 4 8 2 1 3 9 
6447612 21604374 38885590 24627204 
2 6 1 8 7 0 3 4 5 9 
6466280 28816056 24645198 32258612 
6 1 8 3 4 7 2 5 0 9 
6466504 16411728 47958774 40622774 
4 2 6 1 7 8 3 0 5 9 
6470376 43895714 22819538 32777664 
5 4 7 2 1 8 0 6 3 9 
6485046 22453798 35912810 24067258 
6 0 7 8 4 2 1 5 3 9 
6487824 17179696 42449814 40410620 
9 0 1 4 7 8 6 2 3 5 
6493224 35285682 27000050 22246154 
9 6 2 1 8 7 3 4 0 5 
6500192 33307262 29236710 25242030 
5 4 8 2 1 7 0 6 3 9 
6500768 22538394 34491642 26095842 
9 2 1 4 7 8 6 0 3 5 
6504910 35496292 26981900 21635800 
6 2 1 8 4 7 9 0 3 5 
6532852 21688008 23128864 34711854 
5 8 0 4 3 7 6 1 2 9 
6534476 24231476 31401276 28421084 
9 1 8 3 5 7 2 4 0 6 
6535038 15561044 56927028 48773624 
5 7 0 4 1 8 6 2 3 9 
6555292 23997762 32901584 27345290 
9 8 4 7 5 6 0 1 2 3 
6556350 17121718 45163788 40946400 
6 0 1 8 4 7 9 2 3 5 
6569830 21479442 23255546 35325116 
5 6 7 2 1 8 0 4 3 9 
6573122 24988540 35667020 22072736 
2 4 0 1 7 8 3 6 5 9 
6577936 26389842 26982192 33873000 
5 6 8 2 1 7 0 4 3 9 
6588252 25072128 34243740 24101552 
9 3 8 1 5 7 2 4 0 6 
6608914 15622988 53824384 50032012 
2 4 1 8 0 7 5 6 3 9 
6609634 18476908 25885126 40475332 
6 8 2 7 4 0 1 5 3 9 
6621210 17098136 39011394 47705696 
0 4 1 8 2 7 5 6 3 9 
6622484 18288838 26039008 40178572 
5 2 0 4 1 8 6 7 3 9 
6623084 26748312 32580964 26340280 
5 0 1 4 7 8 6 2 3 9 
6626852 35479392 24635250 22187424 
1 4 2 9 8 7 3 6 0 5 
6628332 27561176 30256920 27479064 
2 6 9 1 7 8 3 4 5 0 
6628944 27269154 34553120 22166504 
2 1 7 4 0 8 6 5 3 9 
6633534 19030958 32868730 34628658 
5 2 1 4 7 8 6 0 3 9 
6641264 35618130 24613164 21577048 
0 6 9 1 7 8 3 4 5 2 
6646890 30731640 33608048 22179120 
3 0 4 7 8 1 9 2 6 5 
6651276 27920842 23037442 35426242 
4 2 6 1 7 8 3 0 9 5 
6659716 44990558 22574496 32266868 
1 0 6 4 7 8 3 2 9 5 
6661544 36231266 21983606 35133478 
4 0 6 1 7 8 3 2 9 5 
6666462 45015016 22592750 32192660 
6 2 1 7 4 8 3 0 5 9 
6669056 20491076 24729772 32602830 
6 7 2 8 4 0 1 5 3 9 
6678904 17076084 42560546 43379512 
4 5 7 0 1 8 2 9 3 6 
6685546 33653524 43594322 19431178 
3 2 4 7 8 1 9 0 6 5 
6687654 27692760 23076938 36114904 
6 5 7 0 1 8 2 9 3 4 
6694678 32063112 47849454 19560454 
4 9 7 0 1 8 2 5 3 6 
6696604 34446662 43454882 18967112 
6 2 9 8 4 7 1 0 3 5 
6700792 23636492 26233866 29855408 
1 2 6 4 7 8 3 0 9 5 
6702754 36207378 22038274 35208636 
6 9 7 0 1 8 2 5 3 4 
6705736 32856250 47710014 19096388 
6 2 5 8 4 7 1 0 3 9 
6705922 21560942 28599806 27913912 
0 4 7 1 2 8 3 6 5 9 
6710470 18158576 32054930 34761732 
1 6 2 9 8 7 3 4 0 5 
6721698 29733420 30104642 26554084 
2 4 7 1 0 8 3 6 5 9 
6724162 18171092 31244234 34914560 
0 1 7 4 2 8 6 5 3 9 
6727070 18772462 33094916 34271492 
6 0 9 8 4 7 1 2 3 5 
6733306 23430246 26375988 30470862 
6 0 5 8 4 7 1 2 3 9 
6738388 21426564 28745482 28529320 
5 2 3 4 1 8 6 0 7 9 
6739184 30523094 35077690 21375276 
6 8 2 0 4 7 9 1 3 5 
6749250 18209606 27646710 36374770 
5 0 7 4 1 8 6 2 3 9 
6749838 24012602 30067558 24499532 
5 2 7 4 1 8 6 0 3 9 
6750940 24151384 30049674 23889904 
2 6 8 7 0 4 1 9 5 3 
6778380 17946358 36813432 41925586 
6 2 8 1 4 7 9 0 3 5 
6789946 21703170 25333676 31479404 
2 4 5 1 7 8 3 6 9 0 
6821050 24833864 32776112 23627896 
6 2 1 8 4 7 5 0 3 9 
6825316 20029046 22680778 32317944 
6 2 8 7 4 0 1 5 3 9 
6825762 17103760 40409508 44938022 
6 0 8 1 4 7 9 2 3 5 
6828002 21494366 25430818 32091840 
1 0 6 4 8 7 9 2 3 5 
6834216 26703470 25034330 29529458 
0 4 5 1 7 8 3 6 9 2 
6840614 28087350 31970216 23648520 
5 3 0 4 8 7 6 1 2 9 
6847450 33712524 29835734 24242792 
2 5 9 4 7 8 6 1 3 0 
6852032 31270418 37189914 20474134 
6 0 1 8 4 7 5 2 3 9 
6861688 19892638 22812944 32931434 
6 2 1 8 7 4 5 0 3 9 
6862742 37677830 22749132 32308298 
2 4 8 1 0 7 5 6 3 9 
6864974 18487964 26506546 36175852 
1 2 6 4 8 7 9 0 3 5 
6867542 26912752 25001324 28916408 
6 0 2 8 4 7 1 5 3 9 
6877058 17272674 40300516 40606602 
6 2 0 8 4 7 1 5 3 9 
6880820 17306150 40930262 40465708 
2 6 5 1 7 8 3 4 9 0 
6886062 26358110 32416694 21629954 
4 9 7 2 1 8 0 5 3 6 
6887508 34878692 41402188 19838630 
0 4 8 1 2 7 5 6 3 9 
6890690 18301112 26889818 35883488 
6 9 7 2 1 8 0 5 3 4 
6896640 33300106 45314042 20034554 
0 6 5 1 7 8 3 4 9 2 
6897448 29827212 31622606 21650644 
0 5 9 4 7 8 6 1 3 2 
6916244 33270098 37301508 20461868 
6 2 7 8 4 0 1 5 3 9 
6931938 17143138 42245958 39702694 
1 0 4 6 8 7 9 2 3 5 
6934880 26782036 28418678 27213850 
3 4 2 1 8 7 5 6 0 9 
6935782 27511736 24077904 28975028 
4 2 8 1 6 7 5 0 3 9 
6948370 21287120 26527372 31891148 
9 8 6 7 5 4 2 1 0 3 
6964244 17286332 41423848 39062568 
1 2 4 6 8 7 9 0 3 5 
6968668 26991216 28373012 26600446 
0 6 1 9 7 8 3 4 5 2 
6969372 30811494 37856306 20470148 
0 6 1 5 8 7 9 4 3 2 
6976490 36836744 36100198 20938762 
1 4 2 5 8 7 9 6 0 3 
6977330 28905218 28113970 26579550 
6 0 2 8 4 7 1 9 3 5 
6979440 17779840 36650674 39664548 
6 2 0 8 4 7 1 9 3 5 
6989544 17813382 37383022 39635982 
2 6 1 9 7 8 3 4 5 0 
7003778 27342880 38509890 20358652 
6 2 8 1 4 7 5 0 3 9 
7003882 20048960 24931190 28071086 
3 4 1 0 7 8 2 6 5 9 
7009706 29505214 29415010 25032724 
4 2 1 5 8 7 9 0 3 6 
7026350 40819570 30602250 20200306 
3 6 2 1 8 7 5 4 0 9 
7031672 29684010 23929464 28050098 
2 5 1 4 7 8 6 9 3 0 
7035774 27108162 38500100 20580300 
6 0 8 1 4 7 5 2 3 9 
7041332 19912314 25033816 28683750 
6 2 1 4 8 7 5 0 3 9 
7061748 36511346 23395746 28632346 
9 8 7 6 5 4 0 1 2 3 
7062972 17057904 42791324 39259144 
6 0 1 4 8 7 5 2 3 9 
7070664 36374158 23428124 29244536 
1 6 2 5 8 7 9 4 0 3 
7070696 31077462 27961692 25654570 
6 2 8 5 4 7 1 0 3 9 
7082730 21613398 33435532 26513222 
0 1 3 7 2 8 5 4 9 6 
7085850 16865398 36960170 52931264 
0 9 1 4 7 8 6 5 3 2 
7091664 31199154 38853044 20112966 
3 6 1 0 7 8 2 4 5 9 
7095364 32039200 29177236 23037938 
2 9 1 4 7 8 6 5 3 0 
7097270 28694978 38451722 20117318 
6 2 1 5 8 7 9 0 3 4 
7099620 38050440 36053646 20366380 
9 1 8 7 6 4 2 3 0 5 
7106076 17444806 52130758 38502992 
0 6 1 5 7 8 3 4 9 2 
7111216 29971054 36883212 20968646 
6 0 8 5 4 7 1 2 3 9 
7117352 21478544 33522128 27126978 
1 6 2 3 8 7 9 4 0 5 
7119550 29589292 27667790 27245352 
2 1 8 4 0 7 6 5 3 9 
7125052 18870416 32566890 33930662 
2 4 7 1 0 8 5 6 9 3 
7145522 18552962 33324306 34719782 
2 6 1 5 7 8 3 4 9 0 
7145638 26496590 37422248 20861436 
4 2 1 9 8 7 5 0 3 6 
7170554 41393930 32450324 19447732 
1 0 9 4 8 7 6 2 3 5 
7224960 29804480 25903142 23645592 
1 0 5 4 8 7 6 2 3 9 
7229994 29394950 24027060 26203810 
0 1 8 4 2 7 6 5 3 9 
7230076 18600368 32648372 33540200 
1 4 5 0 8 7 2 6 9 3 
7233354 28096700 27965254 25762764 
0 3 1 7 2 8 5 4 9 6 
7242616 17006606 39458744 48961314 
6 2 1 9 8 7 5 0 3 4 
7243824 38624800 37901720 19613806 
1 2 9 4 8 7 6 0 3 5 
7253822 30016082 25885576 23034734 
1 2 5 4 8 7 6 0 3 9 
7258904 29534684 24005940 25592998 
9 0 1 4 8 7 6 2 3 5 
7279326 33029564 26919964 22187336 
9 2 1 4 8 7 6 0 3 5 
7286764 33241198 26905454 21577022 
1 6 3 0 8 7 2 4 9 5 
7298020 29254020 31238336 22367960 
9 8 6 7 5 4 0 1 2 3 
7300856 17122404 42451212 40253108 
4 2 6 1 8 7 3 0 9 5 
7320984 44509586 22514384 32237984 
4 0 6 1 8 7 3 2 9 5 
7331978 44533020 22528998 32163736 
9 2 8 4 1 7 6 0 3 5 
7351044 27819254 29829946 23878268 
9 0 8 4 1 7 6 2 3 5 
7352076 27607592 29841782 24488106 
9 8 7 2 6 4 0 1 3 5 
7354556 20976810 41706296 24926180 
0 4 8 1 2 7 3 6 9 5 
7412212 19323268 30604378 35340920 
2 4 8 1 0 7 3 6 9 5 
7414432 19284628 29936792 35380254 
0 5 1 8 2 7 3 4 9 6 
7419900 17800386 38760124 36974242 
2 6 1 3 7 8 9 4 5 0 
7446382 25993942 38325264 21053178 
5 0 8 4 1 7 6 2 3 9 
7447048 24078634 27854594 24431708 
5 2 8 4 1 7 6 0 3 9 
7448742 24218424 27838822 23821848 
5 0 1 4 8 7 6 2 3 9 
7452826 31217326 24546736 22123594 
5 2 1 4 8 7 6 0 3 9 
7462990 31357088 24528290 21513258 
1 0 6 4 8 7 3 2 9 5 
7499204 26943494 21873598 35083834 
2 4 1 3 7 8 5 6 9 0 
7506204 24346002 41442274 22782186 
9 8 7 0 6 4 2 1 3 5 
7520256 20391538 42100642 24036386 
1 2 6 4 8 7 3 0 9 5 
7536166 26920630 21931906 35159032 
1 6 3 2 8 7 0 4 9 5 
7546780 29244218 31356638 22841842 
2 6 1 3 7 8 5 4 9 0 
7571370 25870214 41078636 20784126 
0 3 7 1 2 8 5 4 9 6 
7585300 17115648 42307892 42646554 
2 1 7 4 0 8 6 9 5 3 
7600652 17866784 44344018 36204510 
0 4 1 8 2 7 3 6 5 9 
7626890 17796540 25361338 33986736 
2 4 1 8 0 7 3 6 5 9 
7641960 17821826 24924736 34177256 
0 6 1 5 8 7 3 4 9 2 
7657414 36410746 36904076 20938990 
2 9 1 4 8 7 6 5 3 0 
7658954 35669782 38490496 20079536 
0 9 1 4 8 7 6 5 3 2 
7664740 37600830 38889410 20073752 
2 6 1 8 0 7 3 4 5 9 
7693762 20351222 24612562 32179464 
9 4 1 7 3 8 0 6 2 5 
7697772 17378912 48716734 37452952 
3 0 1 4 7 8 6 2 5 9 
7703886 29613380 23930698 25644724 
3 2 1 4 7 8 6 0 5 9 
7738490 29548054 24002164 25647772 
3 6 1 0 8 7 2 4 5 9 
7773410 29249306 29117082 22953708 
1 0 3 4 7 8 6 2 9 5 
7794340 37011732 23998338 25112754 
2 1 7 4 0 8 6 5 9 3 
7799990 17305560 41109400 35388556 
1 2 3 4 7 8 6 0 9 5 
7826064 36992774 24085816 25192570 
2 4 8 1 0 7 5 6 9 3 
7845344 18402668 32409280 33041838 
0 1 3 8 2 7 5 4 9 6 
7889506 16726732 36296036 48912854 
0 4 8 1 2 7 3 6 5 9 
7895096 17932014 29539124 33309380 
2 4 8 1 0 7 3 6 5 9 
7897300 17956082 28873132 33495504 
3 0 5 7 1 8 4 2 9 6 
7905706 29396376 21612332 48181728 
3 2 5 7 1 8 4 0 9 6 
7930176 28730496 21550834 48259920 
6 1 3 7 4 8 0 5 2 9 
7935880 16210580 40320508 40894162 
3 0 5 1 7 8 4 2 9 6 
7958278 34468626 20567010 42562842 
5 1 3 7 9 8 0 4 2 6 
7965880 15995592 50012050 50387128 
6 2 1 8 4 7 3 0 5 9 
7985782 20444312 23828168 30286668 
6 3 1 7 4 8 0 9 2 5 
7987050 16918366 50187270 40241128 
6 2 3 8 4 7 1 0 9 5 
7991366 24030506 24513998 29622192 
3 2 5 1 7 8 4 0 9 6 
7994364 33803076 20547730 42641584 
5 2 3 4 8 1 6 0 7 9 
7995606 37251444 35044958 21291972 
6 0 3 8 4 7 1 2 9 5 
8025266 24053796 24547436 29546932 
5 4 7 1 3 8 0 6 2 9 
8026368 17338054 40255750 39876886 
2 8 1 4 0 7 6 5 9 3 
8050088 17033156 42568000 39653062 
9 1 3 7 5 8 0 4 2 6 
8050698 15548066 49171014 48890782 
5 2 7 8 6 4 1 0 3 9 
8057116 22428878 32407630 27813802 
2 8 6 4 0 7 5 1 9 3 
8061028 17377964 29251886 40032574 
9 4 1 7 3 8 2 6 0 5 
8062996 17291608 49370690 33710468 
0 3 1 8 2 7 5 4 9 6 
8069232 16869088 38222660 44944462 
2 1 8 4 0 7 6 5 9 3 
8096332 17164114 41223976 34759352 
2 8 5 4 0 7 6 1 9 3 
8097388 18782264 33129790 32835072 
0 6 1 9 8 7 3 4 5 2 
8110234 37095730 37851802 20406164 
6 3 1 7 4 8 0 5 2 9 
8124412 16442922 45479796 39355504 
0 1 3 8 2 7 9 4 5 6 
8126138 17015718 35830850 47900266 
0 8 6 4 2 7 5 1 9 3 
8144926 17751482 28895710 41045448 
5 0 4 7 1 8 3 2 6 9 
8162216 24835472 23171680 29994966 
5 4 1 7 3 8 2 6 0 9 
8173830 17429996 44199044 33636192 
5 2 4 7 1 8 3 0 6 9 
8174806 24534736 23199678 30681822 
5 0 4 1 7 8 3 2 6 9 
8176450 36522852 22712722 25958656 
2 8 4 6 0 7 5 1 9 3 
8189580 17454410 32250270 37703274 
5 0 3 7 1 8 4 2 9 6 
8192176 27193190 21444544 45879118 
5 2 3 7 1 8 4 0 9 6 
8195222 26527342 21386102 45957854 
5 2 4 1 7 8 3 0 6 9 
8200656 36222446 22782938 26646062 
2 5 3 4 7 8 6 1 9 0 
8202574 29381106 37140586 20700816 
9 3 1 7 5 8 0 4 2 6 
8207550 15780288 52955132 45667434 
2 6 8 4 0 7 9 1 5 3 
8211418 17285306 39701510 42434304 
2 4 6 8 0 7 9 1 5 3 
8216650 17091908 37256600 47643290 
2 9 1 4 7 8 6 3 5 0 
8226170 26111640 41429266 20749808 
5 0 3 1 7 8 4 2 9 6 
8244580 38869856 21195542 40261912 
6 8 3 7 4 1 0 5 2 9 
8255292 16097610 44312814 44827120 
5 1 7 3 9 8 0 4 2 6 
8256990 15973790 52241032 48622460 
5 2 3 1 7 8 4 0 9 6 
8259242 38204338 21179318 40341198 
6 1 7 3 4 8 0 5 2 9 
8293016 16182610 42131132 39035994 
5 7 0 4 1 8 6 3 2 9 
8296714 23083274 32622806 27224000 
5 4 7 8 3 1 0 6 2 9 
8298852 17307938 39704956 40002456 
2 8 6 4 0 7 9 1 5 3 
8303866 17089980 29355860 38080832 
2 1 4 8 0 7 6 5 9 3 
8304624 17051400 37468868 43997140 
0 3 1 8 2 7 9 4 5 6 
8305864 17060256 35787296 46227006 
9 7 3 1 5 8 2 4 0 6 
8309342 15309598 53053906 54483156 
1 0 6 4 8 7 5 2 9 3 
8326878 23956782 23309288 31152278 
9 1 7 3 5 8 0 4 2 6 
8332618 15525394 51236146 47122974 
2 3 5 4 7 8 6 1 9 0 
8332892 29330460 36798200 20655620 
9 3 7 1 5 8 0 4 2 6 
8333350 15588228 48866928 48159508 
3 6 2 1 7 8 5 4 0 9 
8355282 31774352 23875462 27949668 
5 1 3 7 9 8 2 4 0 6 
8363598 15719820 51213596 47968862 
3 0 1 4 8 7 6 2 9 5 
8364914 27520190 26634204 25258156 
6 1 3 7 4 8 2 5 0 9 
8366820 16208620 41536650 38603816 
9 8 3 7 5 1 0 4 2 6 
8385396 15419688 52530452 52103452 
0 8 6 4 2 7 9 1 5 3 
8391254 17443150 28964344 39080426 
3 2 1 4 8 7 6 0 9 5 
8395068 27502252 26724940 25337944 
2 1 4 6 0 7 9 8 5 3 
8416026 19033312 31684456 32448530 
6 3 1 7 4 8 2 9 0 5 
8418394 16886598 51276186 38067124 
2 8 4 6 0 7 9 1 5 3 
8432418 17166426 32354244 35751532 
3 0 4 7 1 8 5 2 6 9 
8433110 24313248 22006776 36389970 
9 4 8 7 5 1 2 6 0 3 
8438548 17683214 43356600 34573192 
9 1 3 7 5 8 2 4 0 6 
8444926 15292642 50407900 46485796 
9 7 3 8 5 1 2 4 0 6 
8450864 15197818 53042428 53396176 
9 4 7 1 3 8 2 6 0 5 
8450918 17125004 46277542 37112982 
3 2 4 7 1 8 5 0 6 9 
8462660 24014800 22047158 37078474 
5 4 8 7 3 1 2 6 0 9 
8484900 17390942 44684868 33181666 
9 4 8 7 3 1 2 6 0 5 
8486770 17249890 49463250 33244302 
6 8 3 7 4 1 2 5 0 9 
8491534 16094978 45599992 43072442 
3 0 5 1 8 7 4 2 9 6 
8513466 31921184 20495572 42522152 
0 8 4 6 2 7 9 1 5 3 
8514292 17519074 31864418 36749242 
5 0 4 8 1 7 3 2 6 9 
8516676 24962172 23457324 28109736 
1 0 3 4 8 7 6 2 9 5 
8517380 27723960 23888330 25059722 
2 8 9 4 0 7 6 1 5 3 
8517554 19333030 33061642 32223366 
5 3 1 7 9 8 2 4 0 6 
8520408 15943730 54215684 44840904 
5 2 4 8 1 7 3 0 6 9 
8529242 24662580 23504314 28796832 
1 0 5 4 8 7 6 2 9 3 
8537926 25817486 27162776 24443172 
1 2 3 4 8 7 6 0 9 5 
8544856 27706026 23979448 25139578 
3 2 5 1 8 7 4 0 9 6 
8545304 31256658 20479932 42600934 
6 8 7 3 4 1 0 5 2 9 
8547556 16071230 46345296 42971602 
6 3 1 7 4 8 2 5 0 9 
8555352 16436304 46602120 37174450 
9 4 7 8 3 1 2 6 0 5 
8562880 17106400 45770702 36354478 
9 8 3 7 5 1 2 4 0 6 
8584926 15163592 53838374 50234134 
3 0 4 1 7 8 5 2 6 9 
8593252 29381176 21513042 26210740 
9 3 1 7 5 8 2 4 0 6 
8601778 15520206 54098200 43371740 
5 0 4 1 8 7 3 2 6 9 
8615248 32382930 22644140 25939046 
3 2 4 1 7 8 5 0 6 9 
8634418 29083058 21595642 26899794 
6 3 7 8 4 1 0 5 2 9 
8660886 16146202 40567692 41740168 
2 3 5 4 8 7 6 1 9 0 
8675152 36357616 36872432 20637504 
9 3 7 8 5 1 0 4 2 6 
8699250 15472948 48116114 48095296 
1 0 4 3 7 8 9 2 6 5 
8711562 37417982 23486890 25815396 
6 1 7 3 4 8 2 5 0 9 
8723956 16219150 44386954 37876188 
9 1 7 3 5 8 2 4 0 6 
8726846 15308470 53512712 45848528 
9 3 8 7 5 1 0 4 2 6 
8776634 15619872 52210474 45195374 
6 8 7 3 4 1 2 5 0 9 
8783798 16107098 48672154 42347464 
9 8 7 3 5 1 2 4 0 6 
8801974 15181010 57165044 49599516 
5 0 3 1 8 7 4 2 9 6 
8822828 34749954 21115844 40220602 
5 2 3 1 8 7 4 0 9 6 
8833242 34085460 21103260 40299928 
6 3 8 7 4 1 2 5 0 9 
8882754 16323704 46766340 36522336 
9 3 7 8 5 1 2 4 0 6 
8898780 15260200 50402816 46022442 
3 0 4 8 1 7 5 2 6 9 
8903450 24436348 22292400 33045840 
3 0 1 4 8 7 6 2 5 9 
8923880 26812734 23832324 25560074 
3 2 4 8 1 7 5 0 6 9 
8932976 24139044 22351774 33734584 
1 0 3 4 8 7 6 2 5 9 
8938586 28493686 23272760 28754148 
3 2 1 4 8 7 6 0 5 9 
8954236 26748432 23907430 25563162 
1 2 3 4 8 7 6 0 5 9 
8966264 28429388 23348248 28757304 
9 3 8 7 5 1 2 4 0 6 
8976164 15391724 54081304 42670304 
3 0 4 1 8 7 9 2 6 5 
9020076 27852142 22299632 28623912 
3 2 4 1 8 7 9 0 6 5 
9056388 27627206 22391356 29313234 
3 0 4 1 8 7 5 2 6 9 
9113190 26813714 21452720 26194830 
3 2 4 1 8 7 5 0 6 9 
9150108 26516620 21538960 26883924 
1 0 4 3 8 7 9 2 6 5 
9204066 28207938 23389566 25784148 
2 1 3 7 0 8 4 5 6 9 
9385266 16353896 36411364 55966190 
0 1 3 7 2 8 4 5 6 9 
9433732 16254696 36240110 55612624 
2 1 3 8 0 7 4 5 6 9 
9512932 16245182 35749356 55547660 
0 1 3 8 2 7 4 5 6 9 
9580238 16135126 35564478 55163310 
0 8 3 1 2 7 4 5 6 9 
9671342 16085272 40142798 57009138 
2 3 1 8 0 7 4 5 6 9 
9724370 16364192 38764592 54308910 
0 3 1 8 2 7 4 5 6 9 
9791674 16253962 38546942 53923898 
