17 2
1 0 4 3 2 5 
4651596 34315238 
3 0 4 1 2 5 
4651994 33447874 
3 0 2 1 4 5 
4706006 30255810 
1 5 4 3 2 0 
4779238 30182428 
3 5 4 1 2 0 
4779604 29770504 
3 2 0 1 4 5 
6688940 26952756 
3 2 5 1 0 4 
6865286 25732778 
1 2 5 3 0 4 
6866370 25356406 
3 4 5 1 0 2 
6903214 25029378 
3 0 2 1 5 4 
8584870 24883330 
1 0 2 3 5 4 
8585212 24436290 
3 4 5 1 2 0 
8704054 17086164 
0 4 5 3 2 1 
14261444 15639192 
3 4 5 0 2 1 
14263746 12936968 
4 1 5 0 3 2 
23622210 11743094 
4 3 5 0 1 2 
24061936 11538476 
2 1 5 0 3 4 
27695414 10062264 
