45 3
4 1 0 5 2 3 
6288482 427146 11836484 
2 1 0 5 4 3 
6293222 472808 11828816 
4 3 0 5 2 1 
6301496 435758 10442412 
2 3 0 5 4 1 
6306128 481420 10434816 
2 1 5 0 4 3 
6445002 427098 26389878 
4 1 2 5 0 3 
9805576 387282 20210408 
4 3 2 5 0 1 
9812128 391568 19415238 
0 1 5 2 4 3 
9862662 312116 27204016 
0 3 5 2 4 1 
9884172 326524 25149192 
5 1 4 2 0 3 
9909876 398744 12453156 
5 1 2 4 0 3 
9966904 381074 18758794 
1 4 5 0 3 2 
11261740 306234 32837520 
2 3 4 5 0 1 
11492196 341098 13616444 
2 1 4 5 0 3 
11498676 345464 13213738 
0 1 5 4 2 3 
11618034 311720 26503570 
0 3 5 4 2 1 
11639580 326152 24566754 
4 0 1 5 2 3 
11962950 383654 11353986 
2 0 1 5 4 3 
11966468 429316 11344836 
4 3 1 5 2 0 
12040428 435642 4543854 
2 3 1 5 4 0 
12044072 481304 4534620 
1 3 5 2 4 0 
12129020 284826 25224916 
2 3 5 1 4 0 
12131136 283938 23754502 
1 0 5 2 4 3 
12170252 312356 22077962 
2 0 5 1 4 3 
12172332 311480 20666588 
5 1 0 4 2 3 
12969466 200686 10367486 
5 3 0 4 2 1 
12982324 209350 9229254 
4 1 3 5 2 0 
13175370 427070 4758040 
5 2 1 3 0 4 
18103132 184770 19480248 
5 1 2 3 0 4 
18108588 184170 18015306 
5 1 3 2 0 4 
18134644 398616 3996472 
5 0 1 4 2 3 
18642782 157770 11299212 
5 3 1 2 0 4 
18702564 394266 3947284 
5 3 1 4 2 0 
18720968 209522 3327960 
2 3 1 4 5 0 
18756584 480808 3299922 
5 0 3 4 2 1 
19790790 157758 10119820 
5 1 3 4 2 0 
19856118 200846 3286800 
2 1 3 4 5 0 
19891076 472132 3257964 
2 1 3 0 5 4 
21246520 344732 3163532 
5 1 3 0 2 4 
21251734 398452 3154616 
2 3 1 0 5 4 
21814864 340358 3055874 
5 3 1 0 2 4 
21819420 394078 3046160 
5 0 2 1 3 4 
27840944 103866 24834484 
5 0 2 3 1 4 
28639580 103830 24711536 
5 0 4 1 3 2 
32048796 104006 20506444 
5 0 4 3 1 2 
32847000 103946 20382968 
