251 4
0 4 2 6 5 3 1 
2841894 10802776 26239634 4464322 
0 2 4 6 5 3 1 
2889510 10830816 25686202 6563844 
0 4 2 6 5 1 3 
2913912 9967820 25556250 4652386 
0 4 2 1 5 3 6 
2915130 10617158 26295222 4339574 
0 2 4 6 5 1 3 
2972100 9996556 24994418 6381876 
0 4 2 1 5 6 3 
2977654 9949840 25752162 4651174 
0 2 4 1 5 6 3 
3033968 9979524 25207946 6380748 
0 4 2 3 5 6 1 
3081496 10738442 25680050 4446280 
0 4 2 3 5 1 6 
3090990 10570804 25539726 4322744 
0 2 4 3 5 1 6 
3149738 10594220 24896814 6360174 
5 4 2 6 0 3 1 
3457668 4044254 15334838 4468832 
4 0 5 6 2 3 1 
3482470 7542620 22197790 3787712 
5 4 2 6 0 1 3 
3502678 3544946 14926526 4658992 
4 0 5 6 2 1 3 
3531050 7289628 21983086 3415532 
5 4 2 1 0 3 6 
3556928 4025736 15366606 4341864 
4 0 5 1 2 3 6 
3581618 7271690 22232856 3787358 
5 4 2 1 0 6 3 
3605948 3526242 14961082 4654512 
4 0 5 1 2 6 3 
3618970 7269268 22224426 3414232 
5 4 2 3 0 1 6 
3653732 3980830 14933822 4331570 
5 4 2 3 0 6 1 
3657742 3980644 14936610 4454058 
2 0 5 6 4 3 1 
3774064 4620926 16120110 3716766 
2 0 5 6 4 1 3 
3782132 4871406 16318014 3347730 
2 0 5 1 4 3 6 
3886224 4433546 16143266 3715302 
2 0 5 1 4 6 3 
3889816 4850684 16478676 3344796 
0 2 5 6 4 3 1 
3999408 4645312 14737242 6475148 
4 5 2 6 0 3 1 
4020784 4097140 12154524 8760022 
2 0 5 3 4 6 1 
4031910 4545512 16415450 3709200 
2 0 5 3 4 1 6 
4036386 4378854 16277944 3710670 
0 2 5 1 4 3 6 
4072532 4460758 14809046 6288812 
4 5 2 6 0 1 3 
4095174 3594088 11727934 8141244 
4 5 2 1 0 6 3 
4198444 3575384 11762490 8136764 
4 5 2 3 0 1 6 
4415384 4017726 11524422 8614934 
4 5 2 3 0 6 1 
4419394 4017540 11527210 8737422 
5 4 2 3 1 6 0 
4569058 4412994 12591796 7352542 
2 1 4 3 5 0 6 
4610376 10973526 21128548 1556710 
5 4 2 3 6 1 0 
4645630 4413394 12430404 7337558 
2 6 4 3 5 0 1 
4656136 11139134 21230840 1556622 
2 4 5 6 0 1 3 
4738380 3537892 14926892 4777782 
4 3 2 1 5 0 6 
4741596 10972334 21942646 1983382 
5 4 2 6 3 1 0 
4781512 3906858 11929512 7281976 
5 4 2 3 1 0 6 
4825352 804994 9571868 4560250 
4 1 2 3 5 0 6 
4826126 10971504 21128926 1663702 
2 1 4 6 5 0 3 
4828516 10239034 21108324 1986302 
5 3 0 6 2 4 1 
4873188 7954740 18437318 2110040 
5 4 2 3 6 0 1 
4905934 805208 9413264 4667754 
2 6 4 1 5 0 3 
4913536 10239182 21266868 1865114 
5 4 2 1 3 0 6 
4941920 1220280 9862530 4491114 
5 3 0 1 2 4 6 
4972112 7685938 18504816 1986510 
2 4 5 3 0 1 6 
4992634 3974752 14934188 4450648 
4 6 2 1 5 0 3 
5033774 10236550 21267246 1971926 
0 3 5 6 2 4 1 
5143418 7948228 18436400 1951964 
5 4 2 6 1 0 3 
5148148 1325026 9405426 4849764 
5 1 0 6 2 4 3 
5168558 7728432 18143948 2114810 
5 1 4 3 2 0 6 
5183694 7620732 21311852 1794130 
0 3 5 1 2 4 6 
5216542 7679182 18503898 1828362 
5 6 4 3 2 0 1 
5228998 7869970 21482906 1794046 
5 1 0 3 2 4 6 
5246040 7685668 18255800 1674628 
5 4 2 1 6 0 3 
5255090 1159658 9303074 4836132 
4 5 2 3 1 6 0 
5363830 4449314 9079436 6696850 
4 5 2 6 3 0 1 
5372476 1455268 6624548 8527492 
4 5 2 1 3 0 6 
5398836 1289686 6680800 8406356 
4 5 2 6 3 1 0 
5401148 3955528 8646550 6716946 
4 3 5 6 2 0 1 
5409788 7878308 21490174 1648702 
4 3 5 1 2 0 6 
5436036 7629298 21558336 1528712 
4 5 2 3 6 1 0 
5440402 4449714 8918044 6681866 
2 0 5 6 3 4 1 
5443102 1443210 9709492 3950034 
4 5 2 3 1 0 6 
5457404 862050 6160740 8384830 
5 1 4 6 2 0 3 
5505930 7554640 21196348 2214842 
0 2 5 6 3 4 1 
5510046 1492236 8324512 6147680 
0 1 5 6 2 4 3 
5511236 7721432 18143030 1956590 
4 5 2 3 6 0 1 
5537986 862264 6002136 8492334 
0 1 2 3 5 4 6 
5554004 11021872 24678426 1469430 
2 0 5 1 3 4 6 
5555262 1255830 9732648 3948570 
5 6 4 1 2 0 3 
5577482 7554868 21435564 2094768 
0 2 5 1 3 4 6 
5583170 1307682 8396316 5961344 
4 5 2 6 1 0 3 
5611044 1394328 6205106 7873232 
0 1 5 3 2 4 6 
5614518 7678912 18254882 1516480 
2 0 5 6 1 4 3 
5622380 1471614 9298818 3599952 
4 1 5 3 2 0 6 
5643374 7629028 21309320 1216830 
5 1 2 3 4 0 6 
5667314 4779072 15706630 1832110 
0 2 5 6 1 4 3 
5687944 1520664 7918128 6003392 
4 6 5 3 2 0 1 
5688678 7878266 21480374 1216746 
5 6 2 3 4 0 1 
5694962 4944802 15808922 1832058 
4 5 2 1 6 0 3 
5717986 1228960 6102754 7859600 
5 3 2 6 4 0 1 
5731508 4944444 15415362 2258444 
2 3 5 6 4 0 1 
5745454 4954640 15412452 1574116 
5 3 2 1 4 0 6 
5757868 4778862 15471614 2137308 
5 4 2 0 6 3 1 
5776120 490878 13171602 4658348 
2 3 5 1 4 0 6 
5784714 4789180 15468704 1453016 
5 4 2 0 1 3 6 
5787862 470468 13168198 4545000 
0 2 5 3 1 4 6 
5791226 886700 7999838 6002420 
2 0 5 1 6 4 3 
5803012 1304348 9161204 3579264 
2 0 5 3 1 4 6 
5803734 831998 9283232 3968724 
0 2 5 1 6 4 3 
5828160 1356248 7833452 6003626 
0 2 5 3 6 4 1 
5858318 906838 7843358 6188990 
2 0 5 3 6 4 1 
5872206 852112 9122462 3949500 
2 1 5 3 4 0 6 
5911244 4789390 15703720 1147818 
5 3 2 6 0 4 1 
5940998 4444440 14531648 1908488 
2 6 5 3 4 0 1 
5957004 4954998 15806012 1147730 
2 3 5 6 0 4 1 
5957848 4420756 14531642 1995414 
5 3 2 1 0 4 6 
6040258 4425922 14563416 1781520 
2 3 5 1 0 4 6 
6070008 4402360 14563410 1868482 
2 4 5 3 1 0 6 
6162838 815436 9570818 4303262 
5 3 0 6 4 2 1 
6165216 5370840 13299828 2243396 
5 1 2 6 0 4 3 
6183400 3967608 14031992 1913354 
2 6 5 1 4 0 3 
6215860 5139610 15687210 1441324 
2 4 5 3 6 0 1 
6243894 815526 9412184 4403838 
5 1 2 3 0 4 6 
6261554 4425412 14072384 1466296 
5 6 2 3 0 4 1 
6285602 4443918 14037816 1469848 
5 3 0 1 4 2 6 
6300590 5175570 13355084 2116950 
5 6 2 1 0 4 3 
6306708 3967596 14029192 1789938 
2 1 5 6 0 4 3 
6327034 3943070 14031986 2000028 
5 1 0 3 4 2 6 
6366618 5175780 13590100 1811752 
0 3 5 6 4 2 1 
6434510 5375248 13297974 1836734 
2 6 5 1 0 4 3 
6481354 3943058 14029186 1876612 
2 1 5 3 0 4 6 
6508388 4401850 14072378 1553258 
0 3 5 1 4 2 6 
6544084 5179734 13353230 1710216 
2 6 5 3 0 4 1 
6550548 4420234 14037810 1556774 
2 0 5 4 3 6 1 
6615048 1002574 14446140 3934078 
2 0 5 4 3 1 6 
6619524 835916 14308634 3935548 
4 0 5 6 1 2 3 
6649790 1762168 10235732 3458876 
2 0 5 4 1 6 3 
6702002 1051174 14197474 3589840 
4 0 5 3 1 2 6 
6713954 1172642 10221806 3836678 
2 0 5 4 1 3 6 
6717834 466776 13724540 3960334 
0 1 5 3 4 2 6 
6734160 5179944 13588246 1405018 
2 0 5 4 6 1 3 
6774950 904630 13899198 3572086 
4 0 5 3 6 2 1 
6775674 1202776 10061398 3826152 
2 0 5 4 6 3 1 
6786306 486890 13563770 3941110 
4 0 5 1 6 2 3 
6847108 1594904 10098148 3445080 
0 6 5 1 4 2 3 
6961694 5590272 13573728 1709360 
0 4 2 3 1 5 6 
7174116 1596140 8558114 4091282 
0 2 4 3 6 5 1 
7207604 1639694 7758722 6315386 
0 4 5 6 3 2 1 
7231232 1816628 7688320 4059592 
0 4 2 3 6 5 1 
7241194 1616394 8400234 4216182 
3 0 5 4 1 2 6 
7246104 1237886 12655604 3505620 
5 4 0 6 3 2 1 
7297060 1812258 7690744 4597202 
3 0 5 4 6 2 1 
7307824 1268020 12495196 3495094 
4 5 2 0 6 3 1 
7309220 475364 8720776 8447410 
4 5 2 0 1 3 6 
7320962 454954 8717372 8334062 
0 4 5 1 3 2 6 
7340806 1621114 7743576 3933074 
2 1 5 4 0 3 6 
7364092 4025344 19333414 1558284 
0 4 5 3 1 2 6 
7367914 1205820 7452794 3974642 
6 0 5 4 1 2 3 
7378118 1822318 13565192 3109362 
1 0 5 4 6 2 3 
7387042 1655756 13375558 3114292 
5 4 0 3 1 2 6 
7406046 1201702 7455338 4539892 
2 6 5 4 0 3 1 
7406252 4043728 19298846 1561800 
2 1 5 4 0 6 3 
7406656 3522630 18930642 1989916 
0 4 5 3 6 2 1 
7428714 1235970 7295246 4101312 
2 6 5 4 0 1 3 
7444308 3541604 18893292 1871498 
0 4 5 6 1 2 3 
7446882 1784984 7288344 4274704 
5 4 0 3 6 2 1 
7467794 1231604 7297730 4652706 
5 4 0 6 1 2 3 
7510814 1781110 7290888 4840026 
2 6 5 0 4 3 1 
7514902 4624268 19690150 1113452 
5 3 0 4 1 2 6 
7526920 1204884 10864034 1934350 
2 1 5 0 4 3 6 
7552482 4436728 19551962 1109760 
4 5 2 0 3 1 6 
7557734 821694 8575562 8337468 
2 1 4 3 0 5 6 
7564218 5157338 9510378 1491710 
2 3 5 0 4 1 6 
7576114 4381826 19451624 1410326 
5 3 0 4 6 2 1 
7588668 1234786 10706426 2047164 
2 6 4 3 0 5 1 
7606378 5175722 9475810 1495226 
0 4 5 1 6 2 3 
7617256 1619620 7186052 4274856 
5 1 0 4 3 2 6 
7619336 1620380 11389712 1560016 
5 4 0 1 6 2 3 
7707936 1615742 7188536 4826394 
4 1 2 3 0 5 6 
7779032 5166236 9509820 1350116 
2 1 0 3 4 5 6 
7789058 5576418 14692510 1244100 
4 6 2 3 0 5 1 
7803080 5184742 9475252 1353668 
2 4 5 0 6 3 1 
7810776 486532 13170210 4367496 
2 4 5 0 1 3 6 
7822044 466246 13166836 4261076 
5 6 0 4 1 2 3 
7828566 1784822 11257288 1933742 
2 1 4 6 0 5 3 
7855258 4569910 9465670 1915470 
3 1 5 4 0 2 6 
7892362 4796454 18264478 1103570 
3 6 5 4 0 2 1 
7932266 4824856 18230242 1108892 
0 2 5 4 3 1 6 
7945552 783218 11474432 5897152 
4 1 2 6 0 5 3 
8005572 4578198 9465112 1773696 
2 6 4 1 0 5 3 
8009578 4569898 9462870 1792054 
1 6 5 4 0 2 3 
8011440 4292750 18369952 1482624 
5 1 2 4 0 3 6 
8041720 4029448 19333006 1435580 
0 2 5 4 1 3 6 
8049262 413238 10890410 5941054 
5 6 2 4 0 3 1 
8065768 4047954 19298438 1439132 
0 3 5 4 1 2 6 
8078016 1209002 10861490 1369100 
0 2 5 4 6 3 1 
8116354 433376 10733930 6127624 
4 6 2 1 0 5 3 
8128880 4578186 9462312 1650280 
0 3 5 4 6 2 1 
8138816 1239152 10703942 1495770 
0 1 5 4 3 2 6 
8240984 1624506 11387288 1022334 
5 3 0 2 1 4 6 
8382272 899358 14187232 1923248 
4 0 2 6 3 5 1 
8401536 2207704 5146724 3698684 
0 6 5 4 1 2 3 
8415886 1788696 11254744 1368420 
4 0 2 3 1 5 6 
8438732 1596358 4720284 3675986 
2 0 4 3 1 5 6 
8453212 1587486 4721232 3907176 
5 3 0 2 6 4 1 
8490182 919162 13948620 2033140 
4 0 2 3 6 5 1 
8506730 1616596 4559544 3663690 
2 0 4 3 6 5 1 
8521684 1607600 4560462 3887952 
5 3 2 0 6 4 1 
8651504 878740 12139404 2096938 
5 3 2 0 1 4 6 
8663246 858330 12136000 1983590 
4 0 2 6 1 5 3 
8665272 2106716 4731554 3284024 
2 3 5 4 1 0 6 
8736956 818618 12979514 1697720 
2 6 4 0 1 5 3 
8739002 2101702 8156598 1588640 
2 0 4 6 1 5 3 
8744252 2098454 4732502 3515394 
2 1 4 0 6 5 3 
8765314 1934448 8021784 1691368 
2 3 5 4 6 0 1 
8818012 818708 12820880 1798296 
4 0 2 1 6 5 3 
8832530 1939452 4593970 3270228 
2 6 4 0 3 5 1 
8916680 2201000 7668796 1270690 
2 0 4 1 6 5 3 
8924884 1931188 4594888 3494706 
2 1 4 0 3 5 6 
8954260 2013460 7530608 1266998 
2 3 4 0 6 5 1 
9040826 1610424 7575598 1708796 
2 3 4 0 1 5 6 
9052094 1590138 7572224 1602376 
4 1 2 0 6 5 3 
9076116 1942712 8020866 1466890 
4 0 5 2 1 3 6 
9112832 482286 17862724 3792770 
4 6 2 0 3 5 1 
9207000 2210006 7668028 1080888 
4 0 5 2 6 3 1 
9220714 502322 17621312 3779322 
3 2 5 4 1 0 6 
9236472 793964 11939498 5814960 
4 3 2 0 6 5 1 
9242956 1619420 7574680 1484534 
4 3 2 0 1 5 6 
9254698 1599010 7571276 1371186 
4 1 2 0 3 5 6 
9262692 2022344 7529840 1077160 
0 3 5 2 1 4 6 
9455890 892478 14184454 1337796 
2 3 5 0 6 4 1 
9470794 854936 12137598 1770344 
2 3 5 0 1 4 6 
9482062 834650 12134224 1663924 
5 3 2 4 1 0 6 
9539298 808176 12980564 1954708 
0 3 5 2 6 4 1 
9562852 912530 13945902 1461544 
5 3 2 4 6 0 1 
9619880 808390 12821960 2062212 
2 6 5 0 3 4 1 
9634390 1445512 12230796 1332238 
0 1 5 2 3 4 6 
9645810 1313190 14331916 984838 
4 3 2 6 1 5 0 
9649612 4895056 6531270 3247850 
2 1 5 0 3 4 6 
9671970 1257972 12092608 1328546 
4 3 2 1 6 5 0 
9737130 4896948 6566442 3234230 
4 3 5 0 6 2 1 
10225988 1205600 13076534 1646996 
4 3 5 0 1 2 6 
10244008 1175294 13072798 1531878 
5 4 0 2 1 3 6 
10264872 428072 13669222 4477266 
5 4 0 2 6 3 1 
10372782 447876 13430610 4587158 
4 1 5 0 3 2 6 
10406940 1598628 13031362 1237852 
4 3 5 2 1 0 6 
10876776 842738 17241052 1534370 
4 3 5 2 6 0 1 
10997242 842750 17001776 1640722 
0 4 5 2 1 3 6 
11003824 415834 13666330 3881972 
4 1 5 2 3 0 6 
11026232 1263468 17388784 1243440 
0 4 5 2 3 1 6 
11108014 785334 13766320 3831386 
0 4 5 2 6 3 1 
11110786 435886 13427778 4005720 
2 1 4 5 3 0 6 
11732710 1299628 15142906 1207218 
2 3 4 5 1 0 6 
11812576 872834 15436746 1546724 
2 3 4 5 6 0 1 
11893632 872924 15278112 1647300 
3 4 5 2 1 0 6 
12042760 796560 14715418 3755878 
4 3 2 5 1 0 6 
12537702 870708 15435564 1295332 
4 1 2 5 3 0 6 
12563664 1297514 15141904 997178 
4 3 2 5 6 0 1 
12618284 870922 15276960 1402836 
2 0 4 5 1 3 6 
12983466 465060 15142428 3804382 
2 0 4 5 6 3 1 
13051938 485174 14981658 3785158 
3 1 4 5 0 2 6 
13415390 4857372 16398318 937944 
3 6 4 5 0 2 1 
13455294 4885774 16364082 943266 
4 0 2 5 1 3 6 
13585294 460960 15141204 3549364 
4 0 2 5 6 3 1 
13653292 481198 14980464 3537068 
3 1 2 5 0 4 6 
14449980 4512904 17970488 944232 
3 6 2 5 0 4 1 
14474028 4531410 17935920 947784 
