237 4
3 5 1 4 6 2 0 
3481452 5780942 12798732 5262924 
3 4 1 5 6 2 0 
3486814 6736704 14464504 5262866 
3 6 4 1 5 2 0 
3558052 5763154 14522918 4719828 
3 1 4 6 5 2 0 
3578324 5812862 16103716 4693232 
3 5 1 4 6 0 2 
3604890 5718482 12616004 4867630 
3 4 1 5 6 0 2 
3604948 6673068 14280936 4862748 
3 6 1 5 4 2 0 
3622020 5789104 11541584 5261040 
3 5 1 6 4 2 0 
3626292 5320462 9872944 5253726 
3 6 4 1 5 0 2 
3631570 5762788 14837116 4635374 
3 1 4 6 5 0 2 
3658914 5814064 16419034 4615210 
3 4 6 1 5 2 0 
3668902 6884586 17041548 4529390 
3 1 6 4 5 2 0 
3679540 6447174 18625214 4510166 
6 3 4 5 1 0 2 
3723410 6345140 9640670 5389470 
3 6 1 4 5 2 0 
3726332 7264386 9188220 5241680 
6 5 4 3 1 0 2 
3735354 5939724 9259116 5374202 
3 4 1 6 5 2 0 
3735966 7751506 9185352 5234308 
3 6 1 5 4 0 2 
3741480 5703136 11358016 4860238 
3 4 6 1 5 0 2 
3748348 6884700 17277074 4394974 
3 5 1 6 4 0 2 
3749730 5235376 9690006 4856542 
3 1 6 4 5 0 2 
3767384 6449150 18862070 4383388 
6 4 3 1 5 0 2 
3803522 5454676 17836762 4803312 
3 1 5 4 6 0 2 
3805200 6303314 17332412 4452314 
3 5 4 1 6 2 0 
3815152 4529370 10732550 4706302 
3 6 4 5 1 2 0 
3831140 5901444 9012498 4690790 
3 1 4 5 6 2 0 
3833052 4961840 10706578 4687020 
3 5 4 6 1 2 0 
3833512 5518682 10619268 4683476 
3 6 1 4 5 0 2 
3845792 7268922 9005492 4848438 
4 3 6 5 1 0 2 
3852544 8072416 8831250 5671910 
3 4 1 6 5 0 2 
3854100 7755748 9002414 4839860 
4 5 6 3 1 0 2 
3864488 7667000 8449696 5656642 
6 5 4 3 1 2 0 
3884196 5890800 8944988 4859300 
3 5 4 1 6 0 2 
3892648 4462008 11046748 4619796 
3 6 4 5 1 0 2 
3904658 5953872 9327186 4610746 
3 5 4 6 1 0 2 
3911008 5571992 10934586 4607050 
3 1 4 5 6 0 2 
3913642 4895164 11021266 4603328 
3 6 5 1 4 0 2 
3915512 5852184 16177810 4461756 
3 5 6 4 1 2 0 
3929444 6150366 13218670 4500776 
3 4 6 5 1 2 0 
3936686 7021152 11643510 4500718 
3 1 5 6 4 0 2 
3944736 5818484 14518796 4441592 
6 5 1 4 3 0 2 
4008548 3902744 13852454 5640500 
6 4 1 5 3 0 2 
4010186 4006974 14066472 5634828 
3 5 6 4 1 0 2 
4014194 6204450 13455526 4375594 
3 4 6 5 1 0 2 
4016132 7074060 11879526 4370712 
4 6 1 5 3 0 2 
4022404 4615918 10721780 6157470 
4 5 1 6 3 0 2 
4029074 4998514 10504684 6154564 
4 3 6 5 1 2 0 
4030538 8022708 8595234 5098196 
4 5 6 3 1 2 0 
4046018 7618076 8214240 5086144 
3 5 6 1 4 2 0 
4055924 4700574 10406164 4514404 
3 1 6 5 4 2 0 
4073804 5133948 10414670 4495122 
4 6 3 5 1 0 2 
4083934 5219194 9073162 5307740 
4 5 3 6 1 0 2 
4090284 5616254 9407714 5304834 
6 5 1 4 3 2 0 
4111448 3841376 14035182 5433756 
6 4 1 5 3 2 0 
4118390 3946782 14250040 5432908 
3 5 6 1 4 0 2 
4140674 4611360 10641690 4377252 
3 1 6 5 4 0 2 
4161648 5045420 10650686 4360784 
6 5 3 4 1 2 0 
4164818 4467352 12947026 4601076 
6 4 3 5 1 2 0 
4172060 4559198 12644714 4600228 
3 6 5 4 1 2 0 
4190378 7553530 8314516 4700396 
1 5 3 6 4 2 0 
4196418 6373006 8379496 6202980 
3 4 5 6 1 2 0 
4199992 8041554 8346126 4693024 
4 6 3 5 1 2 0 
4228336 5166766 9282954 5017144 
4 5 3 6 1 2 0 
4230708 5562944 9616876 5010620 
3 6 5 4 1 0 2 
4292912 7609054 8315356 4425328 
1 6 3 4 5 2 0 
4298498 8893040 7438720 6188574 
3 4 5 6 1 0 2 
4301200 8096784 8346756 4416750 
6 5 3 1 4 2 0 
4307074 6252800 10147976 4595216 
1 4 3 6 5 2 0 
4308132 9370300 7451964 6181192 
1 5 3 6 4 0 2 
4308960 6287920 8170334 5824328 
6 1 3 5 4 2 0 
4324954 7050994 9560338 4576304 
1 3 4 5 6 2 0 
4363650 5090802 9287248 6482412 
1 5 4 3 6 2 0 
4378710 4912214 9291940 6470570 
1 6 3 4 5 0 2 
4407062 8897576 7229768 5813864 
1 4 3 6 5 0 2 
4415370 9374542 7242802 5805276 
1 3 4 5 6 0 2 
4431368 5023966 9601936 6433906 
1 5 4 3 6 0 2 
4442892 4844594 9606068 6418848 
5 6 3 4 1 2 0 
4476986 5964502 8216304 5033228 
5 4 3 6 1 2 0 
4486600 6452526 8247914 5025856 
5 6 3 4 1 0 2 
4492352 6020026 8007352 4906416 
5 4 3 6 1 0 2 
4500640 6507756 8038752 4897838 
1 3 6 5 4 2 0 
4609844 5261054 8978272 6290346 
1 6 5 4 3 2 0 
4622102 8585904 7926260 6482658 
1 5 6 3 4 2 0 
4624904 5082466 8982964 6278504 
5 0 1 3 2 4 6 
4647984 6620496 13962410 4230602 
5 3 1 0 2 4 6 
4652644 5823728 11867820 4232296 
1 3 6 5 4 0 2 
4684816 5172366 9214288 6191194 
1 5 6 3 4 0 2 
4696340 4992994 9218420 6176136 
5 3 1 2 0 4 6 
4697116 5715546 10969394 4232308 
5 2 1 3 0 4 6 
4699532 6469008 13083338 4224812 
1 6 5 4 3 0 2 
4711322 8648712 7927100 6243004 
5 2 0 1 3 4 6 
4757236 6493052 16369078 3935832 
5 1 0 2 3 4 6 
4768576 6258940 18363152 3928272 
5 3 2 1 0 6 4 
4815120 4429040 11700522 5240110 
5 1 2 0 3 4 6 
4839894 6227902 19408388 4074918 
5 0 3 1 2 4 6 
4864926 6675440 19069834 3848064 
5 1 3 0 2 4 6 
4885742 6289542 16945902 3834702 
0 2 1 3 5 6 4 
4896884 4105388 13091800 6118844 
5 1 3 2 0 4 6 
4924910 6179636 16159858 3835080 
5 0 1 2 3 4 6 
4938344 8027760 7788366 4208884 
5 2 1 0 3 4 6 
4945420 7984454 7807720 4203082 
5 3 0 2 1 4 6 
5042236 6042282 12545836 3916428 
5 2 0 3 1 4 6 
5047052 6687264 10522420 3908932 
1 0 5 2 3 6 4 
5065100 9834084 6647520 6432054 
1 2 5 0 3 6 4 
5070850 9721464 6779448 6424976 
5 3 0 1 2 4 6 
5098540 4647686 11080698 3921126 
5 1 0 3 2 4 6 
5114696 5058556 11051356 3906070 
0 2 1 3 5 4 6 
5123732 4285664 12434380 5275738 
5 3 2 1 0 4 6 
5209046 4505838 11305412 4068150 
2 0 1 3 5 4 6 
5277666 4082060 13451804 5595340 
3 0 5 2 1 6 4 
5289726 6683254 7492136 5593074 
3 2 5 0 1 6 4 
5295496 6559870 7605698 5585986 
5 0 3 2 1 4 6 
5439798 8275192 7161514 3799812 
5 2 3 0 1 4 6 
5446894 8230982 7146390 3794010 
1 0 5 2 3 4 6 
5466122 10017678 5964646 5119298 
1 2 5 0 3 4 6 
5473198 9905352 6096784 5113426 
1 3 0 5 2 4 6 
5603018 5156040 9288888 5615550 
1 5 2 3 0 4 6 
5660906 5113120 9520440 5778360 
1 3 2 5 0 4 6 
5675570 5020856 9391732 5763750 
3 0 5 2 1 4 6 
5704062 6859564 6809262 4244904 
3 2 5 0 1 4 6 
5711158 6736474 6923034 4239022 
1 0 3 2 5 4 6 
5763082 9715830 6747246 5512730 
1 2 3 0 5 4 6 
5770318 9596272 6603560 5506858 
6 2 1 4 0 3 5 
6009126 5793586 16254990 3866620 
6 4 1 2 0 3 5 
6026624 5195000 15030436 3871190 
6 0 1 4 2 3 5 
6077486 5372356 15225322 3861778 
6 4 1 0 2 3 5 
6090952 4898054 13680808 3867270 
1 2 6 0 4 3 5 
6233720 10047858 6326180 3873850 
1 0 6 2 4 3 5 
6237752 10081334 6388348 3873088 
4 2 1 0 6 5 3 
6350018 8001316 6707972 5629522 
6 2 1 0 4 3 5 
6465814 7586590 6822008 3839058 
6 0 1 2 4 3 5 
6469846 7462306 7141968 3838136 
4 0 1 2 3 6 5 
6559990 8035252 6519830 5027340 
4 2 1 0 3 6 5 
6564636 8150892 6551142 5026524 
4 2 1 0 6 3 5 
6665316 8184936 6630560 4747804 
1 0 4 2 3 5 6 
6812256 9501706 5393694 5453938 
1 2 4 0 3 5 6 
6812924 9429124 5730504 5449314 
3 2 6 0 4 5 1 
7023510 6331406 7554706 5103754 
3 0 6 2 4 5 1 
7023914 6377368 7617328 5100292 
4 0 3 2 1 6 5 
7059026 8270528 6315022 4887390 
4 2 3 0 1 6 5 
7063692 8385264 6311856 4886574 
3 0 1 4 2 6 5 
7070134 7353416 15235626 3840628 
6 2 3 0 4 5 1 
7123832 7289564 6014710 5925986 
6 0 3 2 4 5 1 
7124236 7167906 6351236 5922354 
4 0 6 2 1 3 5 
7130760 7888824 6611310 4741484 
3 2 4 0 6 1 5 
7227008 6360424 7003460 4285784 
3 0 4 2 6 1 5 
7230566 6404360 6963138 4285136 
3 0 4 2 1 5 6 
7252936 6210872 6238310 4576034 
3 2 4 0 1 5 6 
7253624 6127526 6556754 4571400 
3 2 6 0 4 1 5 
7313252 6668364 6267420 3863154 
3 0 6 2 4 1 5 
7316750 6715012 6330532 3862506 
4 2 3 0 6 5 1 
7323132 7889474 5823262 6799552 
3 0 1 2 4 6 5 
7462494 6027104 7141484 3820520 
3 2 1 0 4 6 5 
7467540 5927464 6805476 3819504 
2 0 4 3 6 5 1 
7545598 3783648 14080060 7777036 
0 2 4 3 1 5 6 
7546110 4252080 10534384 4803004 
2 0 4 3 1 5 6 
7583986 3995788 11227660 5121430 
0 2 1 3 4 6 5 
7594656 3964248 12172756 5602948 
4 0 3 2 1 5 6 
7613154 7917784 7153910 3754024 
4 2 3 0 1 5 6 
7613842 8031638 7150114 3749590 
5 6 0 4 2 1 3 
7638834 5845730 7980232 4383432 
2 0 1 3 4 6 5 
7644982 3744660 13190324 5607892 
1 0 3 2 4 6 5 
7733874 9436670 6092060 3991850 
1 2 3 0 4 6 5 
7738920 9346890 5739940 3990844 
6 2 3 0 4 1 5 
7816726 7626522 5697712 3999702 
6 0 3 2 4 1 5 
7820224 7505550 6034728 3998884 
4 2 3 0 6 1 5 
8002712 8233716 5506264 4908682 
4 6 0 5 2 1 3 
8559802 4973264 10122172 6396604 
5 6 0 4 1 3 2 
8996524 5403334 6870016 5672292 
5 4 0 6 1 3 2 
9012288 5844696 6662632 5662258 
6 4 0 5 1 3 2 
9180022 3948866 11058802 5545006 
4 5 0 6 1 3 2 
9359846 5148366 9037898 6069254 
4 6 0 5 1 3 2 
9377526 4602266 7935826 6067480 
5 6 1 4 0 2 3 
9511658 5034062 7540272 4441270 
5 4 1 6 0 2 3 
9522300 5486098 7780332 4426814 
6 5 1 4 0 2 3 
9530282 3565356 11997366 5582240 
6 4 1 5 0 2 3 
9541472 3522908 13235992 5551538 
1 0 6 2 3 5 4 
9614118 9508212 5186120 7206874 
1 2 6 0 3 5 4 
9615062 9425400 5471552 7200732 
4 6 1 5 0 2 3 
9668130 4150420 9891132 6458874 
3 0 6 2 1 5 4 
10055000 6215814 6030736 6364150 
3 2 6 0 1 5 4 
10055964 6122238 6297802 6357998 
4 6 2 5 1 3 0 
10237306 4641602 8088114 5911610 
0 2 6 3 1 5 4 
10347526 4250460 10276412 6104082 
6 5 1 4 2 0 3 
10372596 3551160 12207602 5848776 
2 0 6 3 1 5 4 
10385324 4003612 11020856 6528066 
0 2 1 3 6 4 5 
10463186 3841008 11723440 6469020 
5 6 1 4 2 0 3 
10518564 5032934 7750400 4706294 
5 3 2 1 4 6 0 
10571384 4041164 9450030 6123348 
5 1 2 3 4 6 0 
10589906 4385374 9923740 6095032 
3 0 1 2 6 4 5 
10592710 5897704 6883642 4683096 
3 2 1 0 6 4 5 
10599298 5790840 6599900 4681768 
3 5 2 1 4 6 0 
10749542 4179662 9557012 5492934 
3 1 2 5 4 6 0 
10779704 4536860 9173230 5471260 
3 5 4 1 2 0 6 
10854520 4026500 9415504 5589112 
1 2 3 0 6 4 5 
10859580 9210534 5534528 4853276 
5 3 4 1 2 0 6 
10944886 3987522 10161922 4750114 
1 5 2 3 4 6 0 
10957262 4561662 8133812 7259842 
1 3 2 5 4 6 0 
10968902 4574650 7276320 7266484 
5 1 4 3 2 0 6 
10975460 4308968 9672068 4732250 
1 3 4 5 2 0 6 
11248664 4495936 8370112 6446098 
1 5 4 3 2 0 6 
11256588 4441864 7506644 6456340 
3 5 0 1 4 6 2 
11717528 4196608 9555154 5507586 
3 5 4 1 0 2 6 
11804726 4005660 9539378 5889284 
5 3 2 1 6 4 0 
12012880 3916404 9016448 6520988 
5 3 4 1 0 2 6 
12041396 3978298 10285700 5048942 
5 1 4 3 0 2 6 
12072484 4297336 9813268 5030974 
3 5 6 1 2 0 4 
12150116 3974294 8971974 6916168 
3 5 2 1 6 4 0 
12191038 4054902 9123430 5890574 
3 1 2 5 6 4 0 
12220686 4414508 8722226 5869004 
1 5 4 3 0 2 6 
12225596 4420068 7647928 6756240 
5 3 6 1 2 0 4 
12240482 3935316 9718392 6077170 
5 2 4 0 3 1 6 
12340026 7528050 5705560 5360374 
5 0 4 2 3 1 6 
12343096 7508428 5362142 5364200 
1 3 2 5 6 4 0 
12391596 4450846 6825328 7664396 
5 2 3 0 4 6 1 
12486080 7417738 6026090 5830564 
1 5 6 3 2 0 4 
12552118 4389920 7063184 7748716 
3 2 4 0 5 1 6 
12617574 5910270 5988980 6203732 
3 0 4 2 5 1 6 
12620484 5976760 5792490 6207638 
3 0 5 2 4 6 1 
12741700 6004628 6573008 5887406 
3 2 5 0 4 6 1 
12746102 5928858 6356882 5889932 
2 0 4 3 5 1 6 
13214762 3748292 11025580 6749226 
3 5 0 1 6 4 2 
13482814 4067168 9121116 6005078 
5 3 6 1 0 2 4 
13660782 3921412 9841714 6475850 
1 5 6 3 0 2 4 
13844916 4363444 7204012 8148468 
5 6 0 4 3 1 2 
14711522 5182546 6459532 7404044 
5 4 0 6 3 1 2 
14726772 5626316 6234726 7394114 
5 0 6 2 3 1 4 
15037230 7514930 5154720 7119032 
5 6 3 4 0 2 1 
15112904 5040978 7107648 6501474 
6 5 3 4 0 2 1 
15131112 3622640 11837638 8205420 
6 4 3 5 0 2 1 
15143682 3529042 12819374 8167128 
6 4 0 5 3 1 2 
15195338 3715190 10909456 7272510 
3 2 6 0 5 1 4 
15311984 5906542 5730180 7957046 
3 0 6 2 5 1 4 
15314618 5983262 5585068 7962470 
4 6 0 5 3 1 2 
15374554 4367138 7786492 7795152 
3 0 5 2 6 4 1 
15763986 5876788 6315318 6716698 
3 2 5 0 6 4 1 
15769930 5793794 6151458 6718912 
2 0 6 3 5 1 4 
15908170 3757676 10818928 8122578 
4 6 2 5 3 1 0 
16126404 4408034 7938932 7605998 
