1512 4
4 7 6 9 0 5 2 1 3 8 
24959942 34071176 34467344 26086646 
4 7 3 9 0 5 2 1 6 8 
25353612 35296502 34548476 25893142 
8 7 3 9 0 5 2 1 6 4 
25503956 30809022 35379964 25573262 
4 7 6 9 0 3 2 1 5 8 
25740730 33197682 32233762 25259740 
4 7 6 9 0 3 2 8 5 1 
25847132 33462416 32065364 25852166 
4 7 6 9 2 5 0 1 3 8 
26270408 32811126 34911328 26658202 
8 7 3 9 0 6 2 4 5 1 
26608812 30522992 32725012 20588050 
1 7 3 9 0 6 2 4 5 8 
26620198 30935274 32082114 20640378 
1 7 6 9 0 3 2 8 5 4 
26784238 30547682 32347234 25823094 
8 7 6 9 0 3 2 1 5 4 
26864850 29869966 33158530 25178340 
8 4 3 9 2 5 0 1 6 7 
26900074 29115496 35041030 26524462 
4 7 6 9 2 3 0 1 5 8 
27060828 31229440 31650562 25256320 
8 4 6 9 2 5 0 1 3 7 
27348866 28700926 34990798 25909016 
8 7 3 5 0 9 2 6 1 4 
27576402 30082210 34874272 20758360 
1 7 5 9 0 3 2 8 6 4 
27681190 30028252 32298734 25564324 
8 7 5 9 0 3 2 1 6 4 
27808030 29350522 33109750 24919178 
1 4 6 9 2 3 0 8 5 7 
27813350 28232714 31468346 25816738 
1 7 5 9 0 6 2 4 3 8 
27861560 30351710 32044642 20812024 
1 4 6 9 2 3 0 7 5 8 
27862070 32375346 30416152 24386028 
8 7 1 5 0 9 2 6 3 4 
27990100 29572436 34844208 20939956 
7 4 6 9 2 3 0 1 5 8 
28023000 30861210 31836074 24607662 
8 7 3 9 2 6 0 4 5 1 
28023910 30342588 33082462 20119846 
1 7 3 9 2 6 0 4 5 8 
28027148 30094448 32616426 20154254 
8 7 6 9 2 3 0 1 5 4 
28215212 30354720 31918414 25241480 
8 4 6 9 2 3 0 1 5 7 
28226484 27153326 31744664 24533730 
8 4 6 9 2 3 0 7 5 1 
28384134 32621996 30867494 24351620 
4 7 6 5 0 9 2 3 1 8 
28544854 31481218 33069966 18402126 
4 7 5 9 2 3 0 1 6 8 
28602284 31871244 31695062 25235638 
1 4 6 9 0 3 2 7 5 8 
28754976 34131280 30779466 23406636 
4 7 6 9 0 5 2 3 1 8 
28797932 32376238 32086050 20229948 
8 6 1 5 2 9 0 4 3 7 
28871520 29086066 34945746 24394038 
8 7 3 5 2 9 0 6 1 4 
28969526 31125530 34287480 20054482 
4 8 6 9 0 3 2 1 5 7 
28999750 29696504 31743098 25185750 
8 7 1 9 0 5 2 3 6 4 
29050902 28959594 32997226 19971288 
1 7 5 9 2 3 0 8 6 4 
29068512 30652082 31451080 26255448 
4 8 6 9 0 3 2 7 5 1 
29156664 33832598 30489914 23985658 
1 7 5 9 2 6 0 4 3 8 
29228414 29510884 32578954 20325900 
4 1 6 9 0 3 2 8 5 7 
29258028 30290790 31580480 25661398 
8 4 6 9 0 3 2 7 5 1 
29268892 33717508 31407670 23354308 
4 1 6 9 0 3 2 7 5 8 
29308540 34162150 30495694 23868880 
8 0 1 5 4 9 6 2 3 7 
29315916 34695094 27450770 24143982 
8 4 3 5 2 9 0 6 1 7 
29393998 27309894 34057526 20055550 
8 0 1 5 4 9 6 7 3 2 
29423098 33283444 29590020 32844876 
8 7 1 5 0 9 2 3 6 4 
29428616 28045518 33749998 18120210 
8 0 1 9 4 5 6 2 3 7 
29445758 36626812 27333350 27079660 
8 0 3 5 4 9 6 2 1 7 
29475782 35456118 27496518 23914938 
1 6 4 9 2 3 0 8 5 7 
29487460 28007126 31455414 25818662 
1 6 4 9 2 3 0 7 5 8 
29538116 32149710 30402316 24387536 
4 0 6 5 3 9 2 8 1 7 
29553198 31018134 30864000 27223764 
8 0 3 5 4 9 6 7 1 2 
29578512 34229240 29651168 32654556 
8 0 1 9 4 5 6 7 3 2 
29583916 34479802 29340776 34745930 
6 7 4 9 2 3 0 1 5 8 
29611958 31096042 30905794 25345474 
4 0 6 5 3 9 2 7 1 8 
29642274 29065428 29698986 24692870 
8 0 1 5 6 9 4 2 3 7 
29645188 32589434 29437800 24060160 
1 8 3 9 0 6 2 4 5 7 
29652736 27659730 31694806 20502608 
8 3 1 9 0 6 2 4 5 7 
29731362 27089556 32182556 20486798 
4 1 6 9 2 3 0 8 5 7 
29758582 28081952 31345298 26274248 
8 0 1 9 6 5 4 2 3 7 
29775030 34521152 29320380 26995838 
8 4 1 5 2 9 0 6 3 7 
29807136 26687056 34014694 20108878 
8 0 3 5 6 9 4 2 1 7 
29810066 33350458 29483548 23831116 
7 0 3 5 4 9 6 2 1 8 
29857576 34757830 27877416 23811088 
1 8 6 9 0 3 2 7 5 4 
29862042 30918424 30782200 23956586 
8 7 1 3 0 9 2 6 5 4 
29880188 27419260 29504498 20314294 
7 0 2 9 4 5 6 1 3 8 
29895190 32783656 27225284 21844364 
8 6 4 9 2 3 0 1 5 7 
29908998 26927736 31731692 24535550 
8 0 1 9 3 5 2 4 6 7 
29958198 27890482 27318324 24326800 
4 8 6 9 2 3 0 1 5 7 
30021832 27350046 31208050 25171554 
8 2 1 5 4 9 6 0 3 7 
30064452 34388558 27043030 23159072 
4 0 1 9 3 5 2 7 6 8 
30072448 29940852 27071636 26654680 
8 0 1 9 3 5 2 7 6 4 
30106302 31915320 26985208 26519760 
8 1 3 9 0 6 2 4 5 7 
30109750 27224654 32195668 20484732 
4 0 6 9 3 5 2 7 1 8 
30185324 29213058 27001904 26161232 
8 2 1 9 4 5 6 0 3 7 
30199570 36408602 26941864 26224066 
8 2 3 5 4 9 6 0 1 7 
30224318 35154704 27088966 22923632 
8 7 1 9 0 6 2 4 5 3 
30270132 25520866 32083936 20658658 
7 0 1 9 3 5 2 4 6 8 
30357456 26461320 28238454 24303242 
8 3 1 9 2 6 0 4 5 7 
30396632 25869058 32672424 19988960 
7 2 0 9 4 5 6 1 3 8 
30416982 32742538 27221712 21844932 
8 0 2 9 4 5 6 1 3 7 
30433294 32964484 27070594 21864292 
7 0 1 5 3 9 2 4 6 8 
30433394 26502050 31007016 23097468 
1 7 4 6 0 9 2 3 5 8 
30436108 31321706 33086840 18592254 
1 0 4 9 3 5 2 7 6 8 
30512472 29600946 26266322 26418178 
7 0 4 9 3 5 2 1 6 8 
30600164 24459160 28466154 22189634 
8 4 6 5 2 9 0 3 1 7 
30677080 26751842 33758330 18492878 
1 7 8 3 0 9 2 6 5 4 
30692690 27278172 29240204 20020238 
8 1 3 9 2 6 0 4 5 7 
30705304 26004156 32685536 19986894 
8 4 1 5 2 9 0 3 6 7 
30719840 26543718 33765730 19161658 
1 8 3 9 2 6 0 4 5 7 
30761670 26440688 32277270 20005708 
8 0 4 9 3 5 2 1 6 7 
30876154 25888322 27546024 22213192 
1 8 5 9 0 6 2 4 3 7 
30897278 26995406 31648214 20582634 
8 2 3 9 4 5 6 0 1 7 
30908334 37175756 26987800 25988668 
8 2 0 9 4 5 6 1 3 7 
30923406 32923326 27066278 21864860 
8 0 4 9 3 5 2 7 6 1 
31021974 28140270 27067126 26352180 
8 0 1 9 3 6 2 4 5 7 
31041408 26162432 30630370 20496544 
8 7 1 3 2 9 0 6 5 4 
31044124 29073860 30382906 19765472 
6 7 4 5 0 9 2 3 1 8 
31108378 31348446 32364918 18491786 
1 7 5 6 2 9 0 3 4 8 
31113628 30651552 32060444 19074908 
8 2 1 9 3 5 0 4 6 7 
31121450 27636612 26835882 23187358 
1 0 6 9 3 5 2 7 4 8 
31199258 30004190 26294778 26409930 
7 0 6 9 3 5 2 4 1 8 
31236396 25733294 28164082 23803298 
7 0 6 9 3 5 2 1 4 8 
31306762 24862398 28494490 22181218 
8 7 5 6 2 9 0 3 4 1 
31460164 30987288 32629150 19066470 
7 0 1 9 3 6 2 4 5 8 
31475316 24455566 31528240 20416076 
8 3 5 9 0 6 2 4 1 7 
31500092 27135352 32181352 20403878 
4 8 6 5 0 9 2 3 1 7 
31508808 28244648 32608098 18411574 
8 0 6 9 3 5 2 1 4 7 
31557608 26238776 27570120 22193936 
8 4 1 5 0 9 2 3 6 7 
31563040 28002798 33263136 18423530 
8 1 5 9 0 6 2 4 3 7 
31565620 26724170 32153812 20358294 
8 4 6 5 0 9 2 3 1 7 
31600472 28210922 33255736 17754750 
7 2 6 5 3 9 0 4 1 8 
31631044 25514326 30583592 21580020 
1 7 8 9 0 5 2 3 6 4 
31661306 28784456 32346664 19635816 
8 7 1 9 2 6 0 4 5 3 
31680442 25245908 32453424 20187760 
8 4 6 9 0 5 2 3 1 7 
31868366 29118962 32502516 19605852 
1 7 8 3 2 9 0 6 5 4 
31881994 28934228 30211208 19472354 
8 0 3 9 4 5 6 1 2 7 
31908308 32535150 27048194 22185600 
1 8 5 9 2 6 0 4 3 7 
31966116 25776364 32230678 20085734 
1 7 4 6 2 9 0 3 5 8 
31981106 29554608 31985528 19167658 
8 4 1 3 2 9 0 6 5 7 
32049120 25653696 30196884 19807742 
8 2 6 9 3 5 0 4 1 7 
32115902 27512858 26814262 22931566 
8 1 5 9 2 6 0 4 3 7 
32121078 25503672 32643680 19860456 
8 7 4 5 0 9 2 3 1 6 
32145786 27621754 33590324 18551584 
7 2 6 9 3 5 0 4 1 8 
32192816 25394744 27631656 22766448 
8 2 1 9 3 6 0 4 5 7 
32196254 25894792 30148504 19357030 
8 7 4 6 2 9 0 3 5 1 
32289926 29811168 32547874 19142960 
8 6 4 5 2 9 0 3 1 7 
32359418 26531378 33745554 18494822 
2 1 0 6 5 9 3 8 4 7 
32384510 31482930 23919646 22339810 
2 1 0 6 5 9 3 7 4 8 
32415690 30536232 24627536 25043446 
8 2 3 9 4 5 6 1 0 7 
32479986 32772466 27063862 22182940 
4 8 6 5 2 9 0 3 1 7 
32492256 26790976 33454620 19153186 
7 4 2 3 9 5 6 0 1 8 
32521154 28095906 25098310 22673068 
8 4 5 3 2 9 0 6 1 7 
32551354 25884098 30200968 19492506 
4 8 1 5 0 9 2 3 6 7 
32580848 28896684 32640362 17996418 
7 0 8 9 3 5 2 4 6 1 
32596478 25085822 28374008 24178490 
8 4 2 3 9 5 6 0 1 7 
32604868 29856808 24772164 22826258 
7 2 1 9 3 6 0 4 5 8 
32634690 24185166 30998758 19275922 
1 0 8 9 3 5 2 4 6 7 
32640300 27975660 26653074 24268046 
0 8 2 9 1 5 3 4 6 7 
32725486 29627766 21849682 23858864 
7 4 8 3 9 5 6 2 1 0 
32733170 26829166 24897320 23957278 
7 8 1 5 0 9 2 3 6 4 
32743930 28020468 33725108 17801024 
7 4 8 3 9 5 6 0 1 2 
32760082 26601684 24582820 23133452 
4 7 6 3 0 9 2 5 1 8 
32793228 28851974 29672136 18600486 
2 8 0 9 1 5 3 4 6 7 
32814138 29568222 21743528 23946888 
0 8 4 9 1 5 3 2 6 7 
32825960 30540858 20713778 23418692 
1 4 8 3 2 9 0 6 5 7 
32859340 25776976 30168650 20036182 
0 2 4 9 1 5 3 8 6 7 
32894718 30353740 20633042 22993004 
0 2 4 9 1 5 3 7 6 8 
32925102 27676148 21580536 27418982 
7 8 2 9 1 5 3 4 6 0 
32925192 29667208 22304568 23787904 
5 7 8 3 0 9 2 6 1 4 
32939760 27718292 28536536 20118684 
8 7 1 5 0 9 2 3 4 6 
32940514 26918054 33520648 18081870 
2 1 0 6 3 9 5 8 4 7 
32947986 27677028 22561076 25298190 
7 8 2 9 1 5 3 0 6 4 
32959152 30138420 21897006 23604924 
6 7 1 5 0 9 2 3 4 8 
32965440 32874870 32474382 18480062 
2 1 0 6 9 5 3 8 4 7 
33006492 30103018 23615164 21918466 
7 1 0 6 5 9 3 2 4 8 
33021988 27130702 24748790 19558750 
7 4 2 3 5 9 6 0 1 8 
33035866 25940546 24913526 20084074 
4 2 0 9 1 5 3 8 6 7 
33043766 30588960 20622266 22443346 
7 4 8 3 5 9 6 2 1 0 
33061934 26957620 24730138 21563058 
4 7 0 9 3 5 2 1 6 8 
33068058 25070534 28100686 22093116 
8 6 4 5 0 9 2 3 1 7 
33073662 27990458 33242960 17756694 
7 4 8 3 5 9 6 0 1 2 
33088850 26542968 24399180 20607290 
4 2 0 9 1 5 3 7 6 8 
33091326 27784980 21499688 26860432 
1 7 8 5 0 9 2 3 6 4 
33108796 27849596 32868292 17761410 
8 4 2 3 5 9 6 0 1 7 
33119804 29032484 24402916 20275344 
8 1 0 6 5 9 3 2 4 7 
33133380 29510756 24534108 19621382 
8 4 1 3 5 9 6 0 2 7 
33178390 28283308 24352256 20277514 
7 8 0 9 1 5 3 4 6 2 
33201292 29053654 22181600 23878056 
8 0 7 9 3 5 2 4 6 1 
33208662 24878074 27862242 23901952 
2 4 0 5 9 3 6 8 1 7 
33223520 27786318 24178056 24600812 
7 8 0 9 1 5 3 2 6 4 
33230568 29981136 21553354 22975740 
8 4 1 9 2 3 0 5 6 7 
33242672 25423686 30142122 20674580 
7 8 4 9 1 5 3 0 6 2 
33271510 30124030 21389348 24067068 
7 4 1 3 5 9 6 0 8 2 
33306250 26625354 24396216 20346880 
8 0 4 5 3 9 2 6 1 7 
33369890 25180962 28724260 18095244 
7 0 4 5 3 9 2 6 1 8 
33389984 23089184 29858938 17957954 
8 0 1 9 3 5 2 6 4 7 
33392846 25557248 26268714 19668022 
7 2 0 9 1 5 3 4 6 8 
33406084 24013342 22207000 23160136 
4 0 7 9 3 5 2 1 6 8 
33454426 24676496 28094452 22090844 
8 4 1 9 0 3 6 7 5 2 
33488382 23170820 28128708 29427444 
7 2 0 9 1 5 3 8 6 4 
33501330 29793422 21464662 22244388 
4 7 8 3 0 9 2 5 1 6 
33571660 24602782 29217482 18148598 
2 8 0 6 5 9 3 1 4 7 
33573534 28717514 22938802 17325292 
2 0 4 9 1 5 3 8 6 7 
33586882 30248180 20529000 22913824 
7 1 0 6 3 9 5 2 4 8 
33600596 24208656 22969362 22273594 
2 0 4 9 1 5 3 7 6 8 
33617394 27583844 21482966 27340322 
4 7 6 5 3 9 2 0 1 8 
33631516 24969098 27015100 16140464 
4 0 2 9 1 5 3 8 6 7 
33649930 30542996 20623650 22441710 
7 2 4 9 1 5 3 0 6 8 
33656590 25083910 21415324 23659804 
8 2 0 9 1 5 3 4 6 7 
33688094 29379250 21435040 23304334 
8 7 1 5 3 9 2 0 6 4 
33695002 27996658 26801804 16047204 
7 0 8 9 3 6 2 4 5 1 
33714296 22987360 31656402 20272340 
7 2 0 6 5 9 3 1 4 8 
33735678 26066092 24066786 16672060 
7 0 2 9 1 5 3 4 6 8 
33762064 23967390 22208680 23161204 
7 0 1 9 3 5 2 6 4 8 
33769016 24180870 27193084 19655304 
0 4 2 3 9 5 6 1 8 7 
33834492 26053974 24755194 19011122 
7 2 0 6 5 9 3 8 4 1 
33868164 24679900 24955480 21461926 
7 0 2 9 1 5 3 8 6 4 
33869894 29747158 21460466 22242752 
8 0 4 9 3 5 2 6 1 7 
33917204 25164960 26225366 19328254 
7 0 4 9 3 5 2 6 1 8 
33941358 23049606 27090376 19163776 
0 7 2 9 1 5 3 4 6 8 
33956522 24466748 21735468 23419296 
7 4 0 5 9 3 6 2 1 8 
33970570 25350958 23086196 20586300 
8 0 4 9 1 5 3 2 6 7 
33993584 30246518 20301824 23007614 
7 4 2 5 9 3 6 0 1 8 
34004580 25909002 22831874 20890306 
8 4 0 5 9 3 6 2 1 7 
34008952 27095020 22567430 20720070 
4 8 6 9 1 5 3 2 0 7 
34035898 30036856 20647818 23102076 
2 7 0 9 1 5 3 4 6 8 
34043774 24420516 21636578 23533728 
0 7 2 9 1 5 3 8 6 4 
34060576 29855464 20796330 22485504 
8 0 2 9 1 5 3 4 6 7 
34075754 29333338 21437464 23305402 
8 4 2 5 9 3 6 0 1 7 
34091194 27653064 22313108 21024076 
4 2 6 9 1 5 3 8 0 7 
34099760 29547444 20557334 22748088 
7 4 0 9 5 3 6 2 1 8 
34117074 24892182 22143072 20819204 
7 4 1 9 0 3 6 8 5 2 
34130626 21585144 27343844 27141158 
2 7 0 9 1 5 3 8 6 4 
34136076 29895708 20745384 22606020 
8 4 0 9 5 3 6 2 1 7 
34151620 27990856 21709510 21018242 
8 4 1 9 5 3 6 2 0 7 
34153762 27417130 21675874 21146198 
4 8 0 9 2 5 3 1 6 7 
34171354 25706516 24581600 19462890 
7 0 4 9 1 5 3 2 6 8 
34186330 24880570 21073040 22863416 
2 8 0 6 9 5 3 1 4 7 
34195372 26277738 22440136 15355036 
7 8 0 6 5 9 3 2 4 1 
34202806 22979434 24662964 19334098 
2 0 6 9 1 5 3 8 4 7 
34203868 30598632 20553056 22894512 
7 8 0 6 5 9 3 1 4 2 
34206242 25571948 24033398 17195122 
7 1 2 6 3 9 5 0 4 8 
34207668 24116788 22953424 22100308 
0 7 4 9 1 5 3 2 6 8 
34214748 25380008 20600068 23250948 
7 4 2 9 5 3 6 0 1 8 
34227622 25450230 21888822 21123450 
8 4 1 9 5 3 6 0 2 7 
34238296 27799488 21404600 21324648 
7 4 2 3 9 5 6 1 8 0 
34245284 23341266 24638460 19048982 
8 0 7 9 3 6 2 4 5 1 
34291704 22779192 31144720 19995760 
7 2 4 5 3 9 0 6 1 8 
34295740 22889642 29638652 17229368 
0 7 4 9 1 5 3 8 6 2 
34300814 29907258 20316564 23219784 
8 4 2 9 5 3 6 0 1 7 
34310400 28548904 21455260 21322488 
8 6 7 2 5 3 9 1 0 4 
34345646 24362480 26038936 18047756 
7 2 0 6 9 5 3 1 4 8 
34357036 25040380 23679600 14743096 
4 7 0 9 1 5 3 2 6 8 
34381992 25488860 20518940 22756078 
7 2 8 9 6 5 0 1 3 4 
34444286 21553272 30270814 23317212 
4 7 0 9 1 5 3 8 6 2 
34446362 30175758 20323948 22736146 
8 7 4 9 1 5 3 2 6 0 
34462868 30785398 20283738 23324186 
7 4 9 5 0 3 6 8 1 2 
34465390 22879692 29240092 27041542 
7 4 8 5 9 3 6 0 1 2 
34510082 24414636 22316384 21350684 
7 4 8 5 9 3 6 2 1 0 
34514146 23906758 22499060 21139886 
4 7 2 9 1 5 3 8 6 0 
34528602 30689564 20392452 22613502 
8 6 7 2 9 3 5 1 0 4 
34530084 24137864 28253854 16617268 
7 8 1 5 2 9 3 4 6 0 
34643238 21255098 25766002 23785706 
7 4 2 3 5 9 6 0 8 1 
34729536 22148250 24550824 19961744 
8 7 0 9 1 5 3 2 6 4 
34740870 30060150 20606488 22701318 
7 0 6 9 1 5 3 2 4 8 
34755816 25283828 21101776 22855560 
0 8 4 9 2 5 3 1 6 7 
34757182 25453140 23452672 19686416 
7 8 0 6 9 5 3 1 4 2 
34827952 22371580 23640140 15203106 
4 0 6 9 1 5 3 8 2 7 
34832986 29310060 20541530 22640388 
8 2 0 6 9 5 3 1 4 7 
34873728 26088418 23631154 14767648 
0 8 2 6 9 5 3 1 4 7 
34885226 26321884 22285622 15248428 
7 4 2 9 3 5 6 0 1 8 
34964300 24250324 21661354 23358806 
8 2 7 9 6 5 0 1 3 4 
34968290 21534052 30007816 23029364 
7 4 0 9 5 3 6 1 2 8 
34975820 24438030 22407490 20169454 
8 7 6 9 1 5 3 2 4 0 
35010390 31055112 20299114 23213870 
2 8 0 6 5 9 1 3 4 7 
35020110 27896626 27479944 13927466 
7 4 0 9 5 3 6 8 2 1 
35096516 22280908 23776454 24734000 
8 2 1 9 5 6 3 0 4 7 
35118880 29623288 20748468 22211198 
2 7 0 6 9 5 3 1 4 8 
35132316 25448750 22339126 15081066 
7 4 8 3 9 5 6 1 2 0 
35184774 21663780 24516444 19129006 
7 2 6 9 1 5 3 4 0 8 
35208182 23525912 22183668 23574610 
7 4 2 5 3 9 6 0 1 8 
35255970 22553736 22419622 20536668 
7 4 1 9 2 3 6 8 5 0 
35335260 20926564 25998978 26561310 
8 4 2 5 3 9 6 0 1 7 
35342648 24678094 21848152 20681318 
7 0 2 3 4 9 6 5 1 8 
35346266 31071630 29006554 13738724 
8 4 7 2 9 3 6 5 0 1 
35373130 22905754 27438692 15109218 
7 8 1 9 5 6 3 0 4 2 
35385074 26843872 21086032 21637034 
7 8 1 9 5 6 3 2 4 0 
35386396 27421046 21009850 22053390 
7 0 8 9 6 5 2 1 3 4 
35403770 21541362 30297890 22800556 
7 8 2 6 9 5 3 1 4 0 
35411178 22183476 23758764 15080016 
7 0 2 6 9 5 3 1 4 8 
35421688 24979018 23680052 14742128 
4 7 6 9 1 5 3 2 0 8 
35424630 25088734 20503404 23068260 
7 8 4 9 2 5 3 1 6 0 
35432090 20074960 24658590 19460416 
7 4 2 9 1 5 3 0 6 8 
35433096 24716544 21408576 23650946 
4 7 6 9 1 5 3 8 0 2 
35507762 28996950 20243512 22885134 
0 8 1 9 5 6 3 2 4 7 
35540646 30744204 20117580 22243930 
7 4 8 5 3 9 6 0 1 2 
35550172 23441920 21905432 21068446 
7 8 1 9 2 6 3 4 5 0 
35558754 18713194 25770566 19848856 
2 8 1 9 5 6 3 0 4 7 
35567670 30016382 20299628 21798276 
8 4 0 9 5 3 6 1 2 7 
35576022 26243496 21870048 20102912 
7 8 0 6 5 9 1 3 4 2 
35579038 24760860 28743800 13799536 
7 4 0 9 1 5 3 2 6 8 
35606856 24559156 21064612 22853490 
4 7 6 9 1 5 3 0 2 8 
35625720 24969080 20829144 23749248 
7 1 0 9 5 6 3 2 4 8 
35670234 28062804 20913276 22642906 
0 8 2 6 5 9 1 3 4 7 
35713722 27940998 27338618 13820890 
8 1 2 9 5 6 3 0 4 7 
35720768 29761506 20758702 22200674 
2 4 0 9 1 3 5 8 6 7 
35751856 27216024 19777218 21733242 
2 4 0 9 1 3 5 7 6 8 
35800800 23821672 20866016 25759088 
7 2 0 6 3 5 9 1 4 8 
35822470 21405174 20604100 16454034 
0 7 2 6 9 5 3 1 4 8 
35823570 25479584 22177348 14948050 
8 0 2 6 9 5 3 1 4 7 
35970060 26027096 23632350 14766680 
2 8 0 6 3 9 1 5 4 7 
36017364 24073208 28460938 12797014 
0 8 2 9 5 6 3 1 4 7 
36069906 31407320 19722014 22677564 
7 8 6 9 2 5 3 1 4 0 
36088008 20365134 24674158 19323732 
2 8 0 9 5 6 3 1 4 7 
36101704 31349090 19709204 22768484 
7 4 0 9 3 5 6 1 2 8 
36102910 21307504 21835496 19693946 
0 8 2 9 1 5 3 6 4 7 
36136498 27149988 20330734 18213648 
2 8 0 9 1 5 3 6 4 7 
36229716 27090450 20224688 18301984 
7 0 2 6 3 5 9 1 4 8 
36259678 21343812 20604552 16453066 
8 7 0 6 9 5 3 1 4 2 
36281588 22590630 23490684 14953688 
8 2 0 6 3 5 9 1 4 7 
36343818 22830596 20454590 16488826 
7 4 2 9 1 3 5 0 6 8 
36400776 22792394 20244582 22908292 
0 8 1 5 9 6 3 2 4 7 
36460006 29388158 20179638 21713580 
7 4 0 9 1 3 5 2 6 8 
36468648 22057342 20112074 21794772 
6 2 0 9 1 5 3 8 4 7 
36507664 30832564 19776834 22447812 
2 8 0 6 3 9 5 1 4 7 
36521138 24282492 20209416 17417176 
7 8 0 6 3 9 1 5 4 2 
36522914 22173040 29553506 12704444 
8 4 0 2 9 3 6 5 7 1 
36528340 23153174 27439384 14640884 
7 4 0 9 1 3 5 8 6 2 
36534630 26691072 20041008 21662330 
0 4 2 3 5 1 9 6 8 7 
36535640 30105528 19591544 21311608 
8 4 2 9 1 3 5 0 6 7 
36545742 28166002 19601334 23054090 
0 8 4 5 6 9 3 2 1 7 
36554784 29751106 19958412 20387530 
8 4 0 9 1 3 5 2 6 7 
36565382 27430950 19468826 21940570 
0 4 6 9 1 3 5 8 2 7 
36607588 26736124 19820504 21138528 
2 8 0 6 1 9 3 5 4 7 
36618286 28245606 27578998 13771762 
7 2 8 5 6 9 0 3 1 4 
36623818 20436532 30582346 16618898 
8 7 4 9 2 5 3 1 6 0 
36630092 20300442 25070008 19450002 
0 8 2 6 3 9 1 5 4 7 
36642160 24119260 28425756 12692342 
7 4 2 3 5 1 9 6 8 0 
36642850 28264082 19646386 21377788 
2 4 6 9 1 3 5 8 0 7 
36646714 26852364 19731822 21186404 
7 0 2 3 5 1 9 6 8 4 
36678112 27183984 19738298 20891146 
7 8 1 9 0 6 3 4 5 2 
36682628 17854602 24720428 19197920 
7 1 2 3 6 9 5 0 8 4 
36695170 20383140 21710056 22104910 
1 4 0 2 9 3 6 5 7 8 
36737366 25584326 27582626 14632680 
7 0 8 3 9 5 6 4 1 2 
36792278 24106590 22103364 16123618 
8 0 2 6 3 5 9 1 4 7 
36812706 22769274 20455786 16487858 
7 0 2 3 5 9 6 4 1 8 
36864674 24417378 22622344 14188412 
8 7 2 6 9 5 3 1 4 0 
36897894 22389254 23602788 14804190 
7 2 0 6 1 9 3 5 4 8 
36906556 22635694 28348214 13026438 
7 1 8 3 6 9 5 0 2 4 
36963096 19924122 21662272 21588602 
7 8 2 6 3 9 1 5 4 0 
37013520 22841584 29660788 12607610 
8 4 6 9 1 3 5 2 0 7 
37070604 27067408 19425790 21397036 
2 8 1 9 5 6 3 4 0 7 
37078836 24659022 20446504 17242450 
8 0 2 3 5 9 6 4 1 7 
37105856 27508936 22104666 14379682 
7 0 8 3 5 9 6 4 1 2 
37121178 25019416 22097726 15017292 
8 2 0 9 1 5 3 6 4 7 
37122350 26845114 19914440 17659210 
7 8 0 6 1 9 3 5 4 2 
37140132 27666282 28317842 13715032 
2 1 0 9 4 6 5 8 3 7 
37160254 34877026 17465298 29191170 
8 0 1 3 5 9 6 4 2 7 
37164442 26319268 22037838 14931908 
8 4 7 2 5 3 6 9 0 1 
37166446 21278946 27683118 13910804 
7 1 2 9 3 6 5 4 0 8 
37203330 20641440 20810250 16948232 
2 4 0 3 5 1 9 6 8 7 
37220862 30032074 19404528 21215146 
0 8 2 6 3 9 5 1 4 7 
37231516 24328530 20173954 17311776 
7 4 6 9 1 3 5 2 0 8 
37237882 22248032 20113558 21365058 
0 8 2 6 1 9 3 5 4 7 
37239458 28291450 27530588 13666956 
7 0 1 3 9 5 6 4 8 2 
37244638 23993764 22093256 16106232 
2 0 8 3 9 5 6 4 1 7 
37249108 27337644 22020876 16196142 
7 2 8 3 6 9 0 5 1 4 
37252200 18153338 27092026 16126856 
8 2 0 6 1 9 3 5 4 7 
37296186 27961194 27706848 13173390 
7 4 6 9 1 3 5 8 0 2 
37322626 26103080 19977592 21069422 
7 0 1 3 5 9 6 4 8 2 
37338578 24907166 22087618 14999930 
7 2 8 3 9 5 6 4 1 0 
37344770 24121316 22033106 16049886 
0 7 2 9 1 5 3 6 4 8 
37351238 22021258 20220120 17784840 
0 1 2 9 4 6 5 8 3 7 
37360642 34932774 17319096 29143218 
0 8 1 9 5 6 3 4 2 7 
37373546 24407626 20438366 17194364 
0 6 4 9 1 3 5 8 2 7 
37401414 26566900 19809288 21140672 
2 8 4 6 5 9 1 3 0 7 
37414404 26735564 27397176 13960586 
2 7 0 9 1 5 3 6 4 8 
37443056 21975032 20121338 17899584 
2 6 4 9 1 3 5 8 0 7 
37465224 26698512 19721074 21188608 
2 0 1 3 9 5 6 4 8 7 
37487744 26776154 21974728 16086616 
2 8 0 6 3 5 9 1 4 7 
37498962 23025116 19594272 17079564 
7 1 0 9 3 6 5 4 2 8 
37532196 20420400 20793894 16954766 
8 7 0 6 3 9 2 5 4 1 
37545222 21266354 29259964 16043586 
7 0 8 5 6 9 2 3 1 4 
37593912 20319830 30382978 15993010 
7 0 4 9 1 3 5 2 6 8 
37621882 22229824 20111094 21804278 
0 4 2 3 6 5 9 1 8 7 
37641076 27824392 19568004 17343528 
7 8 2 5 9 6 3 4 1 0 
37666232 20268936 21464148 17090384 
7 2 8 3 5 9 6 4 1 0 
37673654 25132990 22027744 14946426 
2 7 0 6 1 9 3 5 4 8 
37682120 23079872 27472512 13369194 
7 8 4 5 2 9 3 1 6 0 
37717226 20259138 23777652 20172440 
2 8 0 9 6 5 3 1 4 7 
37724956 28694752 18860660 16628338 
7 8 4 6 9 5 3 1 0 2 
37731436 21077976 23545692 15207592 
8 7 1 9 5 6 3 4 0 2 
37758246 21289484 20743170 17396576 
7 4 8 3 5 1 9 6 2 0 
37758310 26584018 19528490 21463464 
0 8 2 9 6 5 3 1 4 7 
37769370 28750930 18754418 16536194 
0 2 4 5 3 1 9 8 6 7 
37788938 23834054 19536306 21621496 
7 2 1 3 9 5 6 4 8 0 
37794904 24065022 22029382 16096634 
0 4 2 5 3 1 9 8 6 7 
37822888 23545164 19543178 21615146 
2 0 4 5 3 1 9 8 6 7 
37830224 23751536 19401342 21540324 
7 1 0 9 4 6 5 2 3 8 
37833256 30507336 17749062 23157686 
7 8 2 9 5 6 3 4 0 1 
37871286 18905622 21253960 17540818 
8 1 0 9 3 6 5 4 2 7 
37876402 21290974 20652518 16864384 
7 1 0 9 4 6 5 8 3 2 
37880122 29329274 18543304 29062768 
7 2 1 3 5 9 6 4 8 0 
37888828 25077272 22024020 14993198 
2 4 0 5 3 1 9 8 6 7 
37897676 23483788 19405262 21535540 
7 0 2 6 1 9 3 5 4 8 
37902418 22570800 28348722 13026188 
7 8 4 5 2 9 3 6 1 0 
37917838 18587072 24255402 18841720 
7 1 2 9 4 6 5 0 3 8 
37929600 29680412 17599780 21945952 
7 8 0 5 9 6 3 4 1 2 
37963478 20205846 21324700 17159990 
8 3 7 0 5 6 9 4 2 1 
37967416 20323440 26625542 15103372 
8 3 7 2 5 6 9 4 0 1 
37977302 20509246 26547796 15114120 
7 1 2 9 4 6 5 8 3 0 
37981176 28352072 18584258 29005798 
8 6 4 9 1 3 5 2 0 7 
37981558 26913534 19414602 21398096 
7 0 2 3 9 5 6 4 8 1 
38015916 22757616 22268036 15270552 
7 4 2 3 6 5 9 1 8 0 
38023932 22847380 20057654 17319948 
7 2 4 9 1 5 3 6 0 8 
38049864 20625936 20638008 17967370 
8 2 7 3 6 9 0 5 1 4 
38069054 18126928 26750904 15827988 
7 2 0 9 6 5 3 1 4 8 
38101040 28100108 20003944 16007448 
7 8 1 5 2 9 3 6 4 0 
38109370 18645380 24236814 18114750 
4 1 6 9 2 0 3 8 5 7 
38110482 25683446 16879620 24549486 
7 6 4 9 1 3 5 2 0 8 
38117156 22094118 20101626 21366118 
7 1 8 9 0 6 3 4 5 2 
38118410 17506768 24708624 19200548 
2 7 0 6 3 5 9 1 4 8 
38137890 21817912 19541414 16794818 
7 2 8 5 9 6 3 4 1 0 
38144914 20396952 21445486 17096992 
7 8 0 6 3 5 9 1 4 2 
38155986 21100224 20263690 16981394 
4 1 6 9 2 0 3 7 5 8 
38161206 26144994 16678160 21023546 
8 0 7 3 9 5 6 4 1 2 
38166138 24218578 21744462 15852588 
7 2 8 3 6 5 0 9 1 4 
38180838 18625194 27393136 14976438 
7 2 0 3 5 9 6 4 1 8 
38208632 24384892 22618392 14187034 
0 8 4 6 9 5 3 1 2 7 
38213208 24851046 22180902 15321954 
7 8 0 9 5 6 3 4 2 1 
38238022 18741114 21243988 17611486 
2 4 0 3 6 5 9 1 8 7 
38247942 27752702 19500680 17249922 
0 2 1 3 5 9 6 4 8 7 
38247958 26934114 22255618 14930858 
8 4 7 0 9 3 6 5 2 1 
38254430 22211148 26054438 14943238 
7 0 2 3 6 5 9 1 8 4 
38259168 18582556 20151158 16736450 
7 0 8 3 6 9 2 5 1 4 
38296310 17582668 25770738 16064456 
7 8 2 9 6 5 3 1 4 0 
38301898 22290330 20081496 16255894 
0 7 2 6 1 9 3 5 4 8 
38304692 23112404 27416838 13237980 
8 0 2 6 1 9 3 5 4 7 
38323728 27896340 27708100 13173140 
7 8 0 9 6 5 3 1 4 2 
38361920 23240466 19963288 16401816 
2 8 0 6 1 5 3 9 4 7 
38362910 26790492 25395176 12155866 
7 2 0 5 9 6 3 4 1 8 
38368658 21792708 21251480 16392780 
8 4 7 2 5 9 6 3 0 1 
38372630 20129560 26652442 15510634 
2 0 7 3 9 5 6 4 1 8 
38382010 25689110 21995188 15771922 
7 4 8 3 0 9 6 5 1 2 
38392304 18822988 28279548 14820496 
8 4 0 2 5 3 6 9 7 1 
38395438 21526348 27683450 13441966 
7 0 2 3 5 9 6 4 8 1 
38397224 20430750 22260630 14067146 
8 2 0 3 5 9 6 4 1 7 
38418134 27476410 22099970 14378304 
7 5 1 3 6 2 9 0 8 4 
38420462 19164026 24939384 16358272 
2 0 6 5 3 1 9 8 4 7 
38427630 24102036 19425398 21521014 
0 8 4 6 5 9 1 3 2 7 
38476024 26470696 27235018 13896004 
1 0 2 3 9 5 6 4 8 7 
38502838 26915486 21705018 15378640 
7 5 8 3 6 2 9 0 1 4 
38537834 18455228 24893760 16535366 
7 0 2 9 6 5 3 1 4 8 
38595500 28038746 20004396 16006480 
4 1 5 9 2 0 3 7 6 8 
38596022 26932374 16727924 20823866 
4 0 2 3 6 5 9 1 8 7 
38600730 27977642 19491698 16850700 
8 0 7 3 5 9 6 4 1 2 
38613590 25128212 21553632 14744358 
8 2 0 9 6 5 3 1 4 7 
38619650 28470840 19912896 15999366 
2 8 4 9 6 5 3 1 0 7 
38633990 27533108 18776812 16659924 
0 8 4 9 6 5 3 1 2 7 
38674298 27280092 18649698 16609720 
7 4 0 5 3 1 9 8 6 2 
38691730 21608504 19602700 21409732 
7 2 0 6 1 5 3 9 4 8 
38707744 21259424 26169320 11410806 
8 2 7 3 9 5 6 4 1 0 
38720030 24219992 21666940 15752448 
2 7 0 9 6 5 3 1 4 8 
38725824 28532542 18760014 16374346 
2 7 4 9 1 5 3 6 0 8 
38741708 21120178 20070186 18276582 
0 7 2 9 6 5 3 1 4 8 
38771638 28575408 18646508 16255794 
0 7 4 9 1 5 3 6 2 8 
38775680 20889482 20151104 18239530 
2 0 7 3 5 9 6 4 1 8 
38829110 24507116 22094230 14603852 
7 4 8 3 6 5 9 1 2 0 
38848146 21169894 19935638 17399972 
7 8 0 6 1 5 3 9 4 2 
38851780 26210944 26134020 12099136 
0 7 2 6 3 5 9 1 4 8 
38861760 21850618 19498688 16663008 
8 7 1 3 6 9 2 0 5 4 
38875626 20172248 23092352 15781854 
1 0 2 3 5 9 6 4 8 7 
38884562 27060544 21355036 14245954 
7 8 4 5 0 9 3 6 1 2 
38903972 18344312 24225244 18747510 
8 0 1 3 5 9 6 4 7 2 
38904734 24266642 21493380 14858330 
7 2 4 9 6 5 3 1 0 8 
38931950 27194152 19953272 16451710 
0 7 2 5 9 6 3 4 1 8 
38933750 22077018 20381654 16662942 
1 0 8 3 5 9 6 4 2 7 
38939472 26431790 21334356 14907682 
7 0 2 9 3 5 6 4 1 8 
38956160 21755738 19194402 16050748 
8 0 1 3 9 5 6 4 7 2 
38966362 23355760 21684210 15966508 
7 4 1 3 0 9 6 5 8 2 
38970416 18905286 28274824 14557622 
0 8 2 6 1 5 3 9 4 7 
38983948 26836318 25346806 12051162 
8 2 7 3 6 5 0 9 1 4 
38999568 18599036 27051454 14676142 
8 2 1 5 4 6 9 0 3 7 
39019540 29502226 16662402 20176478 
7 2 0 3 6 5 9 1 8 4 
39025610 18510954 20151486 16736898 
8 2 0 6 1 5 3 9 4 7 
39039666 26584532 25527954 11557758 
8 2 3 5 4 6 9 0 1 7 
39056446 30268612 16708338 19941048 
7 1 8 9 3 6 5 4 0 2 
39061748 19425064 20686954 16305436 
8 0 7 3 6 9 2 5 1 4 
39064668 17556274 25429664 15791476 
7 0 8 3 6 5 9 1 2 4 
39068118 17292718 20072918 17256250 
8 1 5 9 2 0 3 4 6 7 
39081800 23619684 18380252 23207034 
7 0 2 5 3 6 9 4 1 8 
39131322 19585996 20612102 15351562 
8 0 2 9 6 5 3 1 4 7 
39145790 28409518 19914092 15998398 
7 8 2 9 6 5 3 1 0 4 
39160756 17511748 20515190 16123336 
8 2 7 3 5 9 6 4 1 0 
39167466 25228474 21476386 14647084 
8 0 2 9 3 5 6 4 1 7 
39196022 23903292 18885532 16222586 
7 8 4 6 3 9 1 5 0 2 
39198664 20879934 29458458 12708112 
8 1 5 9 2 0 3 7 6 4 
39214348 24945680 17720338 20581426 
8 1 6 9 2 0 3 4 5 7 
39221458 23109286 18350068 23459872 
7 0 8 3 6 5 2 9 1 4 
39223802 18077782 26114982 15003868 
4 1 6 9 0 2 3 8 5 7 
39233580 26084308 16490568 22791952 
4 8 6 9 2 0 3 1 5 7 
39267924 25775484 16422500 23920768 
4 1 6 9 0 2 3 7 5 8 
39284320 25797176 16223276 18738244 
7 0 2 5 3 9 6 4 1 8 
39305866 21030736 20131464 14651086 
8 7 0 6 3 5 9 1 4 2 
39316262 21318442 20061322 16731440 
7 0 8 5 3 6 9 4 1 2 
39324524 20491000 20365710 16192730 
2 4 0 9 3 1 5 8 6 7 
39325036 23399968 19043544 21230948 
7 8 4 9 6 5 3 1 2 0 
39332546 21083412 19997976 16383620 
8 0 2 5 3 6 9 4 1 7 
39367208 21715070 20118194 15497332 
7 8 1 9 4 6 3 2 5 0 
39407780 25145456 18859856 20550334 
7 2 0 5 3 6 9 4 1 8 
39414848 19581878 20609942 15350264 
4 8 0 9 6 5 3 1 2 7 
39455210 27505388 17992306 16368104 
4 8 2 9 6 5 3 1 0 7 
39459316 27814582 18013178 16326164 
2 7 0 6 1 5 3 9 4 8 
39483724 21675074 25291826 11753466 
8 0 2 5 3 9 6 4 1 7 
39549788 23154714 19552926 14795736 
7 1 8 3 9 6 5 4 2 0 
39602324 18508876 19791252 14263274 
7 2 0 9 3 5 6 4 1 8 
39650216 21719706 19190226 16049360 
0 7 4 9 6 5 3 1 2 8 
39663210 27443762 18580092 16714124 
8 0 1 9 3 5 6 4 2 7 
39691738 22711992 18818704 16774744 
7 0 2 6 1 5 3 9 4 8 
39703420 21198078 26170092 11410670 
0 1 2 3 9 6 5 4 8 7 
39715192 22288208 19595278 14869164 
7 2 0 3 5 9 6 4 8 1 
39739026 20362466 22256888 14065628 
1 8 5 9 2 0 3 4 6 7 
39766152 23888534 17962962 23432368 
7 0 8 5 3 9 6 4 1 2 
39803588 21918536 19607002 15488528 
8 2 0 9 3 5 6 4 1 7 
39858398 23867220 18880612 16221198 
4 1 5 9 0 2 3 7 6 8 
39895356 26584124 16273040 18538546 
1 8 5 9 2 0 3 7 6 4 
39896172 24952724 17175226 20796490 
1 8 6 9 2 0 3 4 5 7 
39952038 23413976 17933814 23640042 
8 0 7 3 6 5 2 9 1 4 
39994036 18051640 25773348 14729460 
8 0 2 6 1 5 3 9 4 7 
40067022 26523226 25529470 11557622 
8 1 7 2 6 9 5 3 0 4 
40070312 19347214 28735780 13597490 
8 4 7 0 5 3 6 9 2 1 
40071580 20584340 26298864 13744872 
8 0 1 3 5 6 9 4 2 7 
40078082 23066214 19176078 14629746 
7 1 8 9 4 6 5 0 3 2 
40083040 24256118 17588328 21429732 
7 1 8 9 4 6 5 2 3 0 
40087750 24105840 17778564 22584496 
2 4 7 3 6 5 9 1 8 0 
40094960 22592762 19025484 17648144 
0 7 2 6 1 5 3 9 4 8 
40106162 21707588 25236192 11622354 
7 2 8 3 6 5 9 1 0 4 
40106656 17134430 20062318 17133458 
7 4 0 9 3 1 5 8 6 2 
40107586 21543980 19491798 21121956 
7 5 1 3 6 0 9 2 8 4 
40124910 18387836 23827080 15802016 
7 2 8 3 5 6 9 4 1 0 
40137306 21925532 19457936 14648210 
1 2 0 3 5 9 6 4 8 7 
40139244 26992150 21349248 14244436 
7 5 8 3 6 0 9 2 1 4 
40162608 17679360 23781176 15978732 
0 1 8 3 9 6 5 4 2 7 
40164070 22489998 19598574 14485714 
7 0 8 3 5 6 9 4 1 2 
40180990 21777606 19429406 14717700 
7 8 1 6 2 9 3 5 4 0 
40192840 18840852 28811498 13569958 
7 0 2 3 5 6 9 4 1 8 
40229006 21158364 19675954 13885094 
4 7 6 9 2 0 3 1 5 8 
40256480 29427296 16212370 23996418 
7 4 2 9 1 3 5 6 0 8 
40293866 22045804 18382994 18891646 
2 0 7 3 6 5 9 1 8 4 
40326696 18361218 19137148 17130666 
7 0 8 3 6 9 5 1 2 4 
40342178 17972558 19724086 17319550 
8 6 7 2 1 3 9 5 0 4 
40375966 28041714 25116086 13627334 
4 8 6 9 0 2 3 1 5 7 
40391106 26794600 16146722 23066766 
2 1 0 3 9 6 5 4 8 7 
40403832 22214712 19421598 14895460 
7 4 0 9 1 3 5 6 2 8 
40421040 21922866 18369570 18775794 
8 1 6 9 0 2 3 7 5 4 
40455398 22499806 17651546 18663564 
4 7 0 9 6 5 3 1 2 8 
40457422 27542594 17853692 16221632 
8 0 2 3 5 6 9 4 1 7 
40462152 24255018 19242906 14077484 
4 7 2 9 6 5 3 1 0 8 
40462800 27819484 17870916 16143044 
7 2 1 3 5 6 9 4 8 0 
40475440 21869574 19454212 14694972 
0 2 7 3 6 5 9 1 8 4 
40496772 18261466 19150320 17026660 
8 1 5 9 0 2 3 7 6 4 
40513266 22125506 17608030 18225386 
8 4 1 3 0 9 6 5 7 2 
40514996 18472578 28520030 14426424 
7 0 1 3 5 6 9 4 8 2 
40521350 21665116 19419298 14700328 
8 4 7 2 3 9 6 5 0 1 
40529420 19893284 26695666 12617670 
4 8 6 9 0 2 3 7 5 1 
40548324 25386038 15983530 18851754 
0 7 2 3 6 5 9 1 8 4 
40549914 18174894 19161326 17026324 
7 1 8 3 9 6 5 4 0 2 
40587180 18580096 19758706 14263352 
8 0 7 3 6 5 9 1 2 4 
40635486 17266666 19732692 16986522 
2 8 0 9 4 6 5 1 3 7 
40707338 30907532 15026336 20658064 
7 8 3 5 4 6 9 2 1 0 
40724098 24577414 16994806 21052132 
7 8 3 5 4 6 9 0 1 2 
40726326 24721842 16773268 19809748 
8 0 2 3 5 9 6 4 7 1 
40772860 20757682 21593088 14178386 
8 0 2 3 6 5 9 1 7 4 
40773152 18360632 19803068 16708712 
8 7 2 9 6 5 3 1 0 4 
40776622 17386354 20249412 15829154 
7 2 0 6 1 5 9 3 4 8 
40776958 20506730 20824548 13232464 
7 4 8 3 1 5 9 6 2 0 
40810746 25052360 18702332 15231688 
7 0 8 3 1 5 9 6 2 4 
40830504 25842630 18842160 15227812 
7 4 2 3 1 5 9 6 8 0 
40830926 26729640 18820228 15145896 
0 2 1 3 5 6 9 4 8 7 
40862122 23708944 19395650 14628792 
7 0 2 3 1 5 9 6 8 4 
40865948 27132262 18916280 14702244 
2 8 3 5 4 6 9 0 1 7 
40867586 30103806 15924914 19917026 
0 1 2 3 5 6 9 4 8 7 
40878484 23493778 19398560 14625832 
6 1 4 9 2 0 3 7 5 8 
40881930 26011322 15933308 21131776 
7 1 8 3 5 6 9 4 2 0 
40886356 20563560 19367140 14042982 
0 8 2 9 4 6 5 1 3 7 
40907012 30963266 14880330 20565536 
7 8 1 5 4 6 9 2 3 0 
40962090 23921082 16943270 20897528 
7 8 1 5 4 6 9 0 3 2 
40964636 24052312 16720632 19652378 
2 4 7 3 6 9 5 1 8 0 
40993588 23318940 18812106 17713308 
7 8 1 6 0 9 3 5 4 2 
41038786 18848852 28802128 13529398 
2 4 8 3 6 5 9 1 7 0 
41053660 22090002 18982964 17541978 
7 2 0 3 5 6 9 4 1 8 
41082724 21154246 19673794 13883796 
8 4 1 9 0 2 6 3 5 7 
41100202 22491832 18643932 18207124 
8 5 1 3 6 0 9 2 7 4 
41123464 18490488 23489462 15770834 
8 2 0 6 1 5 9 3 4 7 
41129960 25829038 20134822 13378776 
4 2 7 3 6 5 9 1 8 0 
41141990 22679440 18978650 17117330 
2 7 0 3 6 5 9 1 8 4 
41146280 18203044 19148482 17130778 
4 8 5 9 0 2 3 7 6 1 
41157134 26229518 16039678 18716190 
7 0 2 3 5 9 4 6 1 8 
41179136 24032184 27267684 11324976 
1 8 6 9 0 2 3 7 5 4 
41183674 22516272 17013306 18832442 
2 8 1 5 4 6 9 0 3 7 
41193900 29619020 15887118 19797596 
1 8 5 9 0 2 3 7 6 4 
41195314 22106132 16968754 18439428 
7 0 2 6 1 5 9 3 4 8 
41222788 20445366 20824960 13231392 
2 0 8 3 6 5 9 1 7 4 
41273312 18165346 19129284 17372656 
4 7 2 3 6 5 9 1 8 0 
41274332 22592968 18991516 17116994 
8 2 0 3 5 6 9 4 1 7 
41284190 24250860 19240002 14076186 
7 8 0 9 4 6 5 1 3 2 
41286514 25360120 16110666 20529662 
7 2 8 3 6 9 5 1 0 4 
41294844 17817864 19713710 17196770 
7 8 2 9 4 6 5 1 3 0 
41357888 24382974 16153118 20428116 
1 8 7 2 9 6 3 4 0 5 
41368176 17153274 24991874 17106448 
7 1 5 3 6 0 9 2 8 4 
41384936 18341314 23837368 15799002 
8 1 7 3 9 6 5 4 2 0 
41390668 18607524 19425870 14600050 
0 4 7 5 3 1 9 8 6 2 
41397374 21400094 18946456 21793656 
7 0 8 9 3 5 6 4 1 2 
41408758 22642482 18669940 16888146 
0 2 8 3 6 5 9 1 7 4 
41416972 18045114 19141864 17294458 
7 8 1 3 9 6 5 4 2 0 
41449154 18595456 19796402 14259626 
2 4 0 3 1 5 9 6 8 7 
41467670 25263520 18933758 14889822 
8 2 0 3 6 5 9 1 7 4 
41506682 18268534 19802772 16709080 
8 7 1 5 4 6 9 2 3 0 
41514878 24095562 16527172 21216698 
8 7 1 5 4 6 9 0 3 2 
41517552 24240048 16311006 19972068 
8 7 3 5 4 6 9 0 1 2 
41550006 25119498 16369710 19864906 
8 7 0 3 6 9 2 5 1 4 
41554270 17640030 25448050 15788962 
7 1 8 3 6 0 9 2 5 4 
41575180 17164906 23746360 15640696 
7 2 8 9 6 5 3 1 0 4 
41592366 16969498 20485704 16115298 
7 0 4 9 1 3 5 6 2 8 
41598034 21403338 18342130 18768560 
2 1 7 3 9 6 5 4 8 0 
41602362 19349368 19072938 14873348 
8 0 2 6 1 5 9 3 4 7 
41607470 25767714 20135978 13377704 
0 1 2 3 9 6 5 4 7 8 
41610442 21635610 19359384 14839830 
7 2 4 6 1 5 3 9 0 8 
41628756 20353460 26118488 11854844 
0 8 2 3 6 9 5 1 7 4 
41656296 18846406 18812382 17364068 
8 2 7 3 6 5 9 1 0 4 
41667528 17108362 19722060 16837842 
0 7 2 3 6 9 5 1 8 4 
41704650 18885772 18814510 17089688 
7 0 8 3 5 6 9 4 2 1 
41709914 17392130 19421850 14599842 
8 2 7 3 5 6 9 4 1 0 
41715762 22020876 18906578 14348854 
0 2 4 9 6 5 3 1 8 7 
41724860 27368572 18655136 16257038 
8 0 7 3 5 6 9 4 1 2 
41758046 21886262 18885312 14444752 
7 4 0 3 1 5 9 6 8 2 
41775098 25819040 18786426 15007198 
1 0 8 3 5 6 9 4 2 7 
41792652 23178836 18472596 14605530 
2 8 3 5 6 4 9 0 1 7 
41797886 29203202 15928046 21401648 
0 1 7 3 9 6 5 4 8 2 
41815982 19273044 19197716 14853664 
7 0 2 3 5 6 9 4 8 1 
41818316 17175236 19374690 13764628 
2 8 7 9 6 5 3 1 4 0 
41841694 21999392 18644088 15947884 
2 8 3 9 4 6 5 1 0 7 
41863906 31306672 15039756 20285870 
2 0 8 9 3 5 6 4 1 7 
41871342 23841618 18459646 16862768 
7 1 8 3 5 6 9 4 0 2 
41871436 20540226 19346632 14040366 
7 8 1 3 5 6 9 4 2 0 
41896594 20650140 19372290 14039334 
7 8 1 5 6 4 9 0 3 2 
41914628 23817178 16631532 21156038 
6 1 4 9 0 2 3 8 5 7 
41927092 25964624 15792776 22901526 
0 8 7 9 6 5 3 1 4 2 
41946130 23005706 18419638 16001662 
8 2 1 3 5 6 9 4 7 0 
41954224 21248238 18856358 14563612 
7 1 8 6 2 9 3 5 4 0 
41969150 18541434 28800688 13573380 
6 1 4 9 0 2 3 7 5 8 
41979640 25664188 15518108 18846882 
6 8 4 9 2 0 3 1 5 7 
41986942 25655118 15684996 24036302 
0 8 7 3 6 9 5 1 2 4 
41995502 18275064 18757102 16983790 
2 0 7 3 5 6 9 4 1 8 
41999970 21248422 19147840 14300566 
8 0 1 3 5 6 9 4 7 2 
42000006 21024788 18825060 14558728 
0 7 8 3 6 5 9 1 2 4 
42006056 17386816 19097590 16913828 
8 1 4 9 2 0 3 6 5 7 
42024892 21495598 17035996 19729644 
8 4 7 0 3 9 6 5 2 1 
42043854 19198678 25311412 12451690 
7 1 4 9 2 0 3 6 5 8 
42065748 25164338 16476220 19795096 
7 8 3 5 0 6 9 4 1 2 
42079338 16413984 21241488 16093436 
2 1 8 3 9 6 5 4 7 0 
42079714 19134448 19040946 14409048 
7 8 3 9 4 6 5 1 0 2 
42103638 25046676 16066846 20011128 
0 2 7 3 5 6 9 4 1 8 
42158704 21304668 19325268 14201394 
0 8 3 9 4 6 5 1 2 7 
42163718 31052780 14872878 20235264 
2 7 8 9 6 5 3 1 4 0 
42216616 22087550 18640380 15942310 
2 1 8 3 5 6 9 4 0 7 
42235394 23895688 19235544 14272850 
4 8 1 9 2 0 3 6 5 7 
42250324 21942240 16519680 19288428 
0 1 8 3 9 6 5 4 7 2 
42268190 19005340 19161484 14378524 
8 4 0 2 3 9 6 5 7 1 
42272030 20139264 26696358 12149276 
7 1 2 9 4 6 5 3 0 8 
42275562 29286842 15389890 16760114 
4 2 8 9 6 5 3 1 0 7 
42286926 27272832 17992992 16318126 
0 7 8 9 6 5 3 1 4 2 
42289372 23093824 18415186 15996088 
1 0 2 3 5 6 9 4 8 7 
42303358 23806486 18493276 13943756 
7 8 3 9 4 6 5 1 2 0 
42338010 23891864 16099026 19978604 
7 5 8 3 0 2 9 6 1 4 
42392622 24050510 15113980 17798232 
4 2 0 9 6 5 3 1 8 7 
42427820 27593676 17997360 15704766 
7 1 0 9 4 6 5 3 2 8 
42440468 29065842 15374334 16767768 
8 7 1 3 5 6 9 4 2 0 
42451808 20544472 18808992 14373434 
0 7 2 3 5 6 9 4 1 8 
42452854 21476380 19327522 14195946 
2 7 0 9 4 6 5 1 3 8 
42453402 30922784 14786794 20373286 
8 0 7 9 3 5 6 4 1 2 
42459898 22760486 18335174 16624348 
2 4 7 3 1 5 9 6 8 0 
42463252 26485732 18464726 15486230 
2 7 4 6 1 5 3 9 0 8 
42470776 20820310 25242474 12132984 
7 1 8 9 0 6 5 4 3 2 
42499722 15731978 21584978 16727862 
7 8 1 5 0 6 9 4 3 2 
42538994 15744400 21187772 15934554 
7 5 1 3 0 2 9 6 8 4 
42578576 24759234 15158124 17619066 
0 7 8 3 6 9 5 1 2 4 
42619768 18098750 18750774 16977236 
8 4 0 3 1 5 9 6 2 7 
42626016 24887096 18136906 14856892 
0 7 2 9 4 6 5 1 3 8 
42654476 30965206 14633524 20254350 
7 2 0 3 5 6 9 4 8 1 
42669878 17135320 19372740 13763190 
2 8 7 9 6 5 3 1 0 4 
42680812 17254050 19095862 15816626 
2 0 7 9 3 5 6 4 1 8 
42682620 21812068 18433750 16427132 
7 2 0 3 5 9 4 6 1 8 
42706376 23999704 27263852 11323910 
8 1 2 9 4 6 5 3 0 7 
42706502 28784510 15450394 16639772 
7 0 2 3 5 9 4 6 8 1 
42715972 20044856 26893880 11203502 
1 2 8 3 5 6 9 4 0 7 
42716074 23448474 18490232 14563234 
1 8 4 9 2 0 3 6 5 7 
42747170 21800292 16619754 19916286 
0 8 4 9 2 3 5 1 6 7 
42771802 22298676 18119092 17690248 
2 1 7 3 5 6 9 4 8 0 
42805122 21405716 18754650 14654128 
8 4 7 3 1 5 9 6 2 0 
42812118 25141852 17741178 15200460 
8 7 2 3 5 6 9 4 1 0 
42817752 22193608 18927804 14343406 
2 8 7 3 6 9 5 1 0 4 
42844968 18216540 18733298 16939116 
8 2 7 9 6 5 3 1 0 4 
42845014 16950278 20222494 15827450 
8 0 7 3 1 5 9 6 2 4 
42845176 25805658 17811998 14945708 
8 1 0 9 4 6 5 3 2 7 
42846264 28510726 15430598 16636586 
7 1 8 6 0 9 3 5 4 2 
42872062 18549504 28792620 13532820 
7 8 1 3 5 6 9 4 0 2 
42883830 20662604 19351572 14036858 
8 1 7 2 6 9 3 5 0 4 
42895488 16182376 24049658 11415294 
2 7 8 3 6 5 9 1 0 4 
42900934 17348760 19074410 16869234 
0 8 7 9 6 5 3 1 2 4 
42968920 17297194 18946308 15843822 
1 0 8 9 3 5 6 4 2 7 
42978752 22797170 18153278 16715990 
8 1 3 9 2 0 5 4 6 7 
42987012 22180914 15442064 20827552 
0 7 4 9 6 5 3 1 8 2 
42993052 22750256 18412506 16566914 
2 7 8 9 6 5 3 1 0 4 
43044030 17147876 19093294 15810292 
2 7 8 3 5 6 9 4 1 0 
43045960 21848866 18765816 14384830 
1 2 0 3 5 6 9 4 8 7 
43067800 23766460 18489280 13942318 
2 7 0 9 3 5 6 4 1 8 
43087064 21862644 18426452 16420056 
2 7 0 6 1 5 9 3 4 8 
43092658 20922380 19947054 13575124 
8 2 7 9 3 5 6 4 1 0 
43095978 23619186 18258120 16549894 
7 1 3 9 2 0 5 4 6 8 
43140226 26119770 14783648 20948314 
2 7 0 3 5 6 9 4 1 8 
43147838 21416016 19147934 14293820 
2 7 1 3 5 6 9 4 8 0 
43159558 21618828 18757060 14650960 
4 5 1 3 0 2 9 6 8 7 
43165538 23226694 16022832 17420516 
0 7 4 9 1 3 5 6 2 8 
43184244 21776650 17862854 19155640 
1 0 2 3 5 9 4 6 8 7 
43219120 26672550 25952016 11381830 
0 7 2 9 3 5 6 4 1 8 
43223404 21909084 18538506 16305758 
8 5 1 9 0 2 3 7 6 4 
43238408 21781752 17585594 18224042 
7 0 2 9 3 5 4 6 1 8 
43270622 21370544 23839742 13187312 
8 4 1 3 0 2 9 6 5 7 
43283856 23406736 15685654 17930596 
7 2 4 6 1 5 9 3 0 8 
43288460 19600828 20774956 13678238 
0 7 8 9 6 5 3 1 2 4 
43299226 17170524 18943116 15837408 
8 4 1 3 0 2 9 7 5 6 
43315108 21456484 17430678 21158792 
8 1 4 9 0 2 3 7 5 6 
43334634 20909652 17258752 18715434 
2 1 8 3 5 6 9 4 7 0 
43352642 21190796 18722658 14189828 
0 8 4 9 6 5 3 1 7 2 
43380446 22106594 18370198 16455482 
8 0 2 3 1 5 9 6 7 4 
43400940 26899522 17880334 14665042 
8 4 5 3 0 2 9 6 1 7 
43403110 23637954 15689738 17615394 
8 7 1 3 5 6 9 4 0 2 
43432380 20590688 18795386 14371558 
8 5 7 3 0 2 9 6 1 4 
43446998 24032002 15328398 17936326 
2 8 4 9 6 5 3 1 7 0 
43464590 21496160 18626448 16483004 
8 1 3 9 0 2 5 7 6 4 
43470224 21880958 16608982 21487790 
7 8 4 9 2 3 5 1 6 0 
43470818 16905208 19071120 17460888 
8 0 7 3 5 6 9 4 2 1 
43480422 17175034 18700572 14314154 
8 1 5 6 2 0 9 3 4 7 
43486584 21683450 17363512 15486404 
8 1 6 9 2 0 5 4 3 7 
43509580 21172048 15370024 20954036 
8 5 1 3 0 2 9 6 7 4 
43514098 24870734 15376082 17595720 
0 1 8 3 5 6 9 4 7 2 
43539954 20967342 18868462 14156744 
4 8 5 9 2 0 3 6 1 7 
43550948 21763522 16511924 19489372 
7 1 6 9 2 0 5 4 3 8 
43593648 24965748 14699948 21044988 
6 8 1 9 0 2 3 7 5 4 
43593766 22148390 15750176 18290798 
7 4 8 5 2 3 9 1 6 0 
43596222 16785512 19667538 18818102 
4 1 7 2 6 9 3 5 0 8 
43634500 26654776 22118466 11773850 
7 1 5 6 2 0 9 3 4 8 
43636686 25672906 16743762 15606652 
2 0 7 3 5 6 9 4 8 1 
43656396 17152278 18785104 14175680 
7 4 5 3 0 2 9 6 1 8 
43686804 26527530 15285630 17594364 
7 1 8 5 0 6 9 4 3 2 
43706016 15560534 21180960 15937822 
8 3 7 0 4 6 9 5 2 1 
43714924 26496934 23275574 12570380 
4 8 7 9 6 5 3 1 2 0 
43737148 21007468 17760774 15739250 
1 2 8 3 5 6 9 4 7 0 
43738360 21224548 18078692 14488762 
4 7 8 9 6 5 3 1 2 0 
43766494 20880418 17750514 15732836 
4 8 1 9 0 2 3 7 5 6 
43769762 20691214 16062364 18234030 
1 0 8 3 5 6 9 4 7 2 
43781692 21024394 18060106 14530092 
7 5 8 3 2 0 9 6 1 4 
43786118 24363746 14728846 16668304 
0 7 2 6 1 5 9 3 4 8 
43825130 20954876 19891060 13443076 
0 2 7 3 5 6 9 4 8 1 
43826792 17149458 18950086 14075458 
1 2 7 3 5 6 9 4 8 0 
43838032 21941228 18125188 14320766 
1 0 7 3 5 6 9 4 8 2 
43880092 21773378 18110250 14398744 
8 4 7 3 1 5 9 6 0 2 
43881054 24367870 17728032 15178150 
8 2 7 3 1 5 9 6 0 4 
43884002 25647354 17801366 14796260 
7 1 8 3 0 2 9 6 5 4 
43892954 23510898 15077596 17459008 
7 0 2 5 4 6 9 3 1 8 
43906946 28290390 15320472 15430354 
8 1 5 9 0 2 3 7 4 6 
43916944 21005684 17245616 18185154 
1 0 7 3 5 6 9 4 2 8 
43946042 21158294 18288246 14393032 
1 8 7 2 6 9 3 5 0 4 
43977210 16171220 23673960 11149724 
7 2 0 5 4 6 9 3 1 8 
44018032 28286312 15319112 15431136 
8 7 0 6 1 5 9 3 4 2 
44045200 25650440 19742282 13661346 
2 8 1 3 5 6 9 4 7 0 
44083128 21103160 18722504 14185500 
7 6 8 3 0 2 9 5 1 4 
44099826 24295478 14405342 16961636 
8 0 2 3 5 6 9 4 7 1 
44106452 17502364 18707148 13875868 
7 5 1 3 2 0 9 6 8 4 
44109132 25072134 14772990 16489124 
0 7 2 3 5 6 9 4 8 1 
44110470 17147294 18953360 14069330 
8 0 7 9 3 5 6 4 2 1 
44134342 20824224 18369562 16579396 
7 4 8 9 2 3 5 1 6 0 
44140146 16485720 19053806 17452670 
4 8 1 9 2 0 3 5 6 7 
44144828 22981876 15387094 18146504 
4 1 5 3 0 2 9 6 8 7 
44176738 23154814 16021518 17415040 
1 7 8 3 5 6 9 4 2 0 
44180728 20520646 18031054 14078536 
8 0 2 5 4 6 9 3 1 7 
44204422 28993774 15024204 15535324 
4 8 7 2 6 9 3 5 0 1 
44220690 23214262 21924196 11395774 
7 0 4 6 1 5 9 3 2 8 
44239470 19416176 20762624 13562250 
8 2 0 3 1 5 9 6 7 4 
44272422 26807392 17879398 14663746 
8 4 0 3 1 5 9 6 7 2 
44275834 25366388 17787824 14862396 
8 2 0 5 4 6 9 3 1 7 
44283828 28989656 15022100 15536106 
7 6 1 3 0 2 9 5 8 4 
44285780 24968348 14448170 16827242 
8 1 3 9 2 0 6 4 5 7 
44301756 22136214 16934786 16905278 
1 4 5 3 0 2 9 6 8 7 
44309286 23394518 15528424 17488274 
1 0 2 3 5 6 9 4 7 8 
44358348 21036960 18258782 13862606 
8 2 7 3 5 6 9 4 0 1 
44415322 17299610 18708562 14216160 
7 4 3 9 2 0 5 1 6 8 
44584076 28273716 14270540 23398096 
2 8 0 9 4 6 5 3 1 7 
44594614 28918434 14264432 16708358 
4 6 1 3 0 2 9 5 8 7 
44595496 23436478 15325340 16628692 
8 4 1 3 2 0 9 6 5 7 
44658748 20819608 15349184 16715426 
4 5 1 3 2 0 9 6 8 7 
44695614 20687374 16032978 16208974 
8 5 1 6 2 0 9 3 4 7 
44714244 21320514 17349298 15486362 
8 7 2 6 1 5 9 3 4 0 
44717306 26204794 19745952 13533136 
2 7 0 3 5 6 9 4 8 1 
44791636 17110198 18786428 14168114 
0 8 2 9 4 6 5 3 1 7 
44792766 28974166 14118390 16615726 
8 5 7 3 2 0 9 6 1 4 
44806622 24346150 14996176 16806942 
7 0 8 5 4 6 9 3 1 2 
44849920 23575290 15068652 16097000 
7 1 8 9 4 6 5 3 0 2 
44883752 22450362 15261166 15942796 
8 4 5 3 2 0 9 6 1 7 
44915062 21050490 15353268 16400210 
8 2 0 3 5 6 9 4 7 1 
44925102 17441952 18704574 13874350 
8 1 5 6 0 2 9 3 4 7 
44957470 22640056 17416824 14506864 
7 2 8 5 4 6 9 3 1 0 
44961012 22580168 15096558 15993262 
2 8 1 9 4 6 5 3 0 7 
45012166 28832788 14240056 16216734 
7 8 0 3 6 9 1 5 2 4 
45032386 15522462 21823770 11990986 
7 4 6 9 0 2 5 1 3 8 
45034856 28450790 14335326 21891748 
7 4 6 9 2 0 5 1 3 8 
45037498 27713846 14208648 22752834 
8 4 7 9 2 3 5 1 6 0 
45041206 16602348 19468308 17447730 
2 0 7 3 9 6 5 4 8 1 
45061276 18405320 18682062 14489190 
2 1 8 9 4 6 5 3 0 7 
45082112 28710698 14240400 16217538 
7 8 1 9 4 6 5 3 0 2 
45083086 22572792 15267146 15941992 
8 5 1 3 2 0 9 6 7 4 
45089102 25184354 15043860 16466314 
7 1 5 6 0 2 9 3 4 8 
45107508 26249216 16849778 14616232 
7 5 1 6 2 0 9 3 4 8 
45109866 25310280 16735314 15606610 
1 2 0 3 5 6 9 4 7 8 
45121558 20976478 18254906 13861088 
7 1 8 9 4 6 5 3 2 0 
45124212 21331348 15293140 15910364 
1 7 8 3 5 6 9 4 0 2 
45147482 20590130 18030104 14077570 
2 0 8 5 4 6 9 3 1 7 
45147888 28958274 14239270 16204278 
8 6 7 3 0 2 9 5 1 4 
45152060 24276928 14620348 16966002 
8 4 6 9 2 0 5 1 3 7 
45185158 23919586 14868308 22661882 
2 8 7 9 4 6 5 1 3 0 
45187020 24091060 14622938 20119216 
7 8 2 3 6 9 1 5 0 4 
45187420 15435838 21813122 11868140 
7 4 5 3 2 0 9 6 1 8 
45198820 24320362 14896456 16390060 
2 8 0 5 4 6 9 3 1 7 
45206654 28825278 14239960 16204588 
7 1 8 3 2 0 9 6 5 4 
45208442 23849292 14694030 16329164 
8 6 1 3 0 2 9 5 7 4 
45219160 24972244 14662768 16804484 
2 8 0 6 1 3 5 9 4 7 
45262910 26083034 21506168 12425800 
0 8 1 9 4 6 5 3 2 7 
45303852 28578896 14073182 16166080 
4 8 0 3 6 9 1 5 2 7 
45310582 25543704 20634200 12233216 
7 8 1 9 4 6 5 3 2 0 
45321390 21417980 15299330 15909420 
0 8 2 5 4 6 9 3 1 7 
45327750 28882722 14113180 16113898 
7 1 2 9 4 6 3 5 0 8 
45336728 28053748 17024070 13901376 
0 2 8 5 4 6 9 3 1 7 
45348390 29011600 14110386 16114370 
7 2 0 6 1 3 5 9 4 8 
45399108 20555384 22160084 11679176 
7 1 4 6 2 0 9 3 5 8 
45406080 24415082 16664258 15899324 
8 2 1 5 4 6 9 3 0 7 
45407082 28074570 14973748 16089706 
8 1 4 6 2 0 9 3 5 7 
45413128 20755526 17310508 15846826 
8 0 1 5 4 6 9 3 2 7 
45416708 27804904 14956056 16085738 
0 1 8 9 4 6 5 3 2 7 
45431394 28492674 14074618 16167024 
2 1 0 9 4 6 5 3 8 7 
45432264 28235242 14219668 16601106 
2 8 0 9 4 6 3 5 1 7 
45439384 27678324 15777392 13846180 
4 8 0 2 6 9 3 5 7 1 
45454676 22856082 21907424 11688716 
7 6 8 3 2 0 9 5 1 4 
45493430 25403612 14165846 16993392 
0 8 2 9 4 6 3 5 1 7 
45539728 27734072 15631670 13754380 
2 7 0 3 9 6 5 4 8 1 
45569072 18363240 18683386 14481624 
7 6 8 9 2 3 5 1 4 0 
45584806 16550404 19058262 17317806 
0 1 2 9 4 6 5 3 8 7 
45641784 28291002 14073682 16553778 
4 8 2 3 6 9 1 5 0 7 
45654196 25852960 20655352 12191670 
1 8 5 6 2 0 9 3 4 7 
45682568 21948864 16850072 15702048 
7 2 0 6 1 3 9 5 4 8 
45685232 20421294 20646592 12280098 
7 8 0 5 4 6 9 3 1 2 
45716526 23443314 15088314 16097310 
7 8 2 5 4 6 9 3 1 0 
45716532 22452270 15117580 15992790 
8 2 0 6 1 3 5 9 4 7 
45719550 25887772 21639618 11827728 
4 1 5 3 2 0 9 6 8 7 
45765866 20640316 16033232 16203568 
8 2 1 9 4 6 3 5 0 7 
45768180 26965238 16934104 13772846 
8 7 1 5 6 0 9 2 3 4 
45787286 16521568 21611224 15842552 
7 8 2 9 4 6 3 5 1 0 
45804898 21340028 17172128 13655550 
7 6 1 3 2 0 9 5 8 4 
45816444 26076146 14208674 16858984 
0 8 7 3 6 9 1 5 2 4 
45819884 15272830 20823180 11650046 
7 2 0 9 4 6 3 5 1 8 
45844702 27150254 16962280 13087624 
1 4 8 3 2 0 9 6 5 7 
45855912 20942248 15320950 16943802 
7 8 0 9 4 6 3 5 1 2 
45869242 22324756 17033732 13757798 
4 1 8 9 0 2 3 7 5 6 
45882572 20498806 16049072 18228882 
1 4 5 3 2 0 9 6 8 7 
45899022 20808314 15284550 16274028 
7 4 8 3 2 0 9 6 5 1 
45958612 24810870 14576220 16939294 
4 8 6 9 0 2 5 1 3 7 
45965418 25106338 14062668 22445460 
4 8 6 9 2 0 5 1 3 7 
45967164 24087222 14338446 23299462 
2 0 7 6 1 5 9 3 4 8 
45973440 20477128 19939780 13574004 
2 1 7 9 4 6 5 3 0 8 
45979870 29334140 14044902 16685978 
8 6 4 9 2 0 5 1 3 7 
46009752 23743640 14858472 22663842 
8 6 1 5 2 0 9 4 3 7 
46014700 20922000 14793580 20147908 
8 2 0 6 1 3 9 5 4 7 
46079454 25743882 19956866 12426410 
8 6 3 5 2 0 9 4 1 7 
46117994 21548952 14836600 20088142 
7 0 2 6 1 3 9 5 4 8 
46129574 20388314 20649116 12279938 
2 8 1 9 4 6 3 5 0 7 
46134346 27592636 15752176 13353380 
7 8 1 9 4 6 3 5 0 2 
46136756 21341740 16936436 13080718 
7 4 8 3 0 2 9 5 1 6 
46161582 22913316 14031862 17021570 
2 7 0 5 4 6 9 3 1 8 
46204544 28519378 14132778 15811760 
7 8 5 6 2 0 9 3 4 1 
46215942 26250760 16412148 15808738 
8 1 3 9 2 0 5 6 4 7 
46257420 20984910 14153972 16994164 
0 2 7 6 1 5 9 3 4 8 
46260082 20570988 19883374 13443028 
8 1 7 3 2 0 9 6 5 4 
46279290 23831820 14961608 16668434 
8 1 4 9 2 0 5 6 3 7 
46313014 19558360 14055952 17223808 
7 1 4 9 0 2 5 6 3 8 
46321092 25491518 13770794 18518860 
0 7 2 5 4 6 9 3 1 8 
46327040 28563510 13998734 15694662 
7 8 1 9 4 6 3 5 2 0 
46340772 20192528 17065340 13049810 
7 4 5 3 2 0 9 6 8 1 
46341166 25389520 14597060 16415860 
7 4 1 3 0 2 9 5 8 6 
46347854 23578110 14073778 16878014 
7 1 4 9 2 0 5 6 3 8 
46348850 23352060 13385876 17314760 
0 1 7 9 4 6 5 3 2 8 
46362192 29155604 13876128 16645784 
7 1 8 2 6 9 3 5 0 4 
46366666 16110810 23292046 10969212 
7 1 3 9 2 0 5 6 4 8 
46387546 24976550 13499796 17125766 
0 8 1 9 4 6 3 5 2 7 
46433904 27338744 15585302 13303110 
7 0 1 5 4 6 9 3 8 2 
46440108 23462852 15059584 16081084 
8 1 7 9 4 6 5 3 2 0 
46460806 21439162 15150914 16257942 
6 4 1 3 0 2 9 5 8 7 
46498126 23503376 14638016 16736232 
2 7 0 9 4 6 5 3 1 8 
46507712 28602734 13987990 16313290 
8 4 6 3 0 2 9 5 1 7 
46515164 23651354 14983834 16212606 
2 0 1 5 4 6 9 3 8 7 
46524352 28397172 14194162 16096222 
7 4 6 3 0 2 9 5 1 8 
46545640 26540930 14579726 16191576 
7 2 1 5 4 6 9 3 8 0 
46548974 22524262 15093874 16041480 
8 0 2 6 1 3 9 5 4 7 
46555476 25710942 19960134 12426250 
8 0 1 9 4 6 3 5 2 7 
46563958 26695572 16916412 13769262 
4 8 7 3 6 9 1 5 2 0 
46609956 19055384 20561198 11609996 
7 8 1 3 2 0 9 6 5 4 
46637916 24066376 14705956 16326270 
7 5 1 6 0 2 9 3 4 8 
46639740 25911412 16842898 14616260 
7 1 4 6 0 2 9 3 5 8 
46641942 24991968 16770274 14908928 
2 8 7 3 6 9 1 5 0 4 
46662462 15214306 20799376 11605036 
0 7 2 9 4 6 3 5 1 8 
46668326 27412060 15468864 13334504 
0 2 1 5 4 6 9 3 8 7 
46678626 28414658 14064242 16051478 
0 7 2 9 4 6 5 3 1 8 
46707264 28645154 13834684 16194250 
7 1 4 9 2 0 5 3 6 8 
46810206 23889502 13042578 16142280 
8 1 4 9 2 0 5 3 6 7 
46837862 19950646 13700994 16021518 
8 7 1 9 4 6 3 5 0 2 
46941542 21281872 16787998 13426536 
7 1 4 9 0 2 5 3 6 8 
46971692 24466388 13148594 15151884 
8 7 0 5 4 6 9 3 1 2 
46980212 23840758 14684120 15809452 
8 1 4 9 0 2 5 3 6 7 
46999412 20907828 13754306 15042002 
8 7 1 9 4 6 3 5 2 0 
47152222 20098908 16909790 13395028 
4 8 7 9 2 3 5 1 6 0 
47169236 16858164 18752558 16835822 
7 0 2 3 4 6 9 5 1 8 
47190758 26755196 15996214 11331876 
2 8 0 6 1 3 9 5 4 7 
47235854 25939144 19823416 13024482 
4 1 8 2 6 9 3 5 0 7 
47240700 26544602 22268640 11319632 
1 7 8 5 0 6 9 4 3 2 
47268044 15893850 20481224 15909100 
7 1 6 9 2 0 5 3 4 8 
47302324 24359970 13072798 16049960 
7 6 8 3 0 2 5 9 1 4 
47304736 23013684 15298650 14618368 
8 1 6 9 2 0 5 3 4 7 
47304836 20368330 13726974 15918358 
4 8 0 3 6 9 1 5 7 2 
47318776 20413246 20542040 12083814 
7 6 1 3 0 2 5 9 8 4 
47332170 23686578 15341958 14484646 
4 7 8 5 2 3 9 6 1 0 
47385098 19073964 18625120 18657518 
7 8 2 5 4 6 3 9 1 0 
47465622 20871982 18075740 12086928 
7 1 6 9 0 2 5 3 4 8 
47522550 24936712 13178814 15059558 
8 1 6 9 0 2 5 3 4 7 
47525126 21325368 13780286 14938836 
8 0 2 3 4 6 9 5 1 7 
47526554 27475700 15892566 11456266 
4 8 7 3 6 9 1 5 0 2 
47582066 20019254 20498392 11636402 
8 4 1 9 2 0 5 3 6 7 
47596252 19471740 13688616 16014994 
7 8 0 5 4 6 3 9 1 2 
47623080 21856708 17937304 12189072 
4 6 1 3 0 2 5 9 8 7 
47631346 22156108 16243308 14286416 
8 0 1 3 4 6 9 5 2 7 
47650760 26286772 15823258 12005056 
7 8 1 2 6 9 3 5 0 4 
47714708 16215896 23303996 10965030 
1 7 8 2 6 9 3 5 0 4 
47753928 16015464 23669496 11146474 
7 0 8 3 4 6 9 5 1 2 
47854390 22040102 15744514 11998834 
7 2 8 3 4 6 9 5 1 0 
47859738 21044980 15772420 11895096 
7 2 0 5 4 6 3 9 1 8 
47889336 26682206 17865852 11518898 
8 4 1 9 0 2 5 3 6 7 
47918086 20496296 13746184 15035668 
0 1 2 3 4 6 9 5 8 7 
47938982 26700316 15148716 11995790 
7 2 0 3 4 6 9 5 1 8 
47941012 26751102 15994534 11331826 
4 8 1 2 6 9 3 5 0 7 
47963062 26648898 22265896 11315450 
2 7 8 5 4 6 9 3 1 0 
47991064 22474798 13743964 15700482 
8 4 1 5 2 0 9 6 3 7 
47993540 19484258 13489344 16415720 
2 7 0 6 1 3 9 5 4 8 
48001608 20790586 19766186 12622602 
7 4 1 9 2 0 5 3 6 8 
48012116 23411156 13040616 16135756 
0 7 8 5 4 6 9 3 1 2 
48080474 23523246 13587174 15714312 
8 4 3 5 2 0 9 6 1 7 
48096834 20106088 13532176 16362350 
7 1 8 9 4 6 3 5 2 0 
48098602 20105960 17060430 13054082 
4 8 6 9 2 3 5 1 7 0 
48129884 16648130 18750486 17234384 
7 1 2 3 4 6 9 5 8 0 
48180298 20774538 15784448 11945010 
4 7 8 9 2 3 5 1 6 0 
48199898 16931358 18747234 16830228 
0 1 2 3 4 6 5 9 8 7 
48207562 26339122 16230896 10945898 
7 0 1 3 4 6 9 5 8 2 
48243938 21927600 15734166 11981126 
8 2 0 3 4 6 9 5 1 7 
48245128 27471566 15890142 11456216 
7 2 1 3 4 6 9 5 8 0 
48247060 20989010 15768456 11941522 
8 6 1 3 0 2 5 9 7 4 
48251774 23690474 15556556 14461216 
7 4 3 5 2 0 9 6 1 8 
48298332 23393080 13267984 16371620 
7 4 1 9 0 2 5 3 6 8 
48333886 24055416 13150888 15145550 
4 8 7 5 2 3 9 6 1 0 
48337448 18734218 18620252 18656664 
0 7 8 3 6 9 1 5 2 4 
48338064 15096578 20818092 11646716 
2 0 1 3 4 6 9 5 8 7 
48377998 26884176 15119150 12021510 
7 1 2 3 4 6 5 9 8 0 
48401448 20419644 16975438 10896558 
7 4 1 5 2 0 9 6 3 8 
48452764 23312286 13268612 16536100 
0 2 1 3 4 6 9 5 8 7 
48457184 26915358 15143326 11992302 
7 1 8 3 4 6 5 9 2 0 
48513030 19328158 16873494 10245624 
2 1 0 3 4 6 9 5 8 7 
48520774 26629132 15121024 12024808 
8 6 7 3 0 2 5 9 1 4 
48528134 22995106 15513096 14621278 
4 7 1 5 2 3 9 6 8 0 
48535704 18845128 18616404 18923754 
7 0 8 3 6 9 1 5 2 4 
48553354 14970386 21791404 11989030 
7 6 8 3 2 0 5 9 1 4 
48568856 24029902 15042748 14521036 
7 1 8 3 4 6 9 5 2 0 
48582500 19683008 15681624 11292844 
6 7 4 5 3 2 9 0 1 8 
48622128 18252516 18507038 15001420 
3 7 8 5 0 6 9 4 1 2 
48693184 16575190 19600618 16020860 
1 8 7 5 0 6 9 4 3 2 
48714308 15803226 20485800 15908760 
7 6 1 3 2 0 5 9 8 4 
48733350 24702460 15086056 14387300 
7 1 6 3 0 2 5 9 8 4 
48746122 23419806 15353960 14480886 
7 0 2 3 4 6 9 5 8 1 
48753008 23343592 15695262 11228822 
2 1 0 3 4 6 5 9 8 7 
48801580 26267936 16203164 10974812 
4 7 8 3 6 9 1 5 2 0 
48827176 18878752 20549042 11606666 
8 6 1 9 2 0 5 3 4 7 
48887644 19718604 13704956 15913918 
8 4 1 5 2 0 9 3 6 7 
48906244 19340920 13240380 15468500 
0 1 8 3 4 6 5 9 2 7 
48935172 26540844 16232832 10560544 
8 4 1 5 0 2 9 3 6 7 
48935588 20365476 13297948 14489174 
0 1 8 3 4 6 9 5 2 7 
48957212 26901994 15149772 11609204 
1 7 4 5 3 2 9 0 6 8 
48977542 19079168 18210408 15187234 
7 2 8 3 6 9 1 5 0 4 
48985892 14815692 21781028 11865914 
7 0 2 3 6 9 1 5 8 4 
49051608 16259052 21867324 11465938 
8 4 6 5 0 2 9 3 1 7 
49095980 20573360 13290548 13820384 
7 4 6 5 0 2 9 3 1 8 
49164776 23480056 13079060 13818774 
2 7 8 3 6 9 1 5 0 4 
49213554 15058550 20794912 11601786 
8 0 7 3 4 6 9 5 1 2 
49216396 22154008 15532120 11731836 
7 1 8 9 2 0 5 3 6 4 
49221348 22095774 12875386 15438374 
8 7 1 5 3 2 9 0 4 6 
49222260 18930784 18543404 14737456 
8 2 7 3 4 6 9 5 1 0 
49223144 21145574 15552762 11601690 
2 0 7 3 4 6 9 5 1 8 
49228384 26838744 15056792 11739970 
8 4 6 9 2 0 5 3 1 7 
49287444 19678856 13681216 15346172 
1 0 8 3 4 6 9 5 2 7 
49313718 26400654 15199384 11982268 
7 2 0 3 6 9 1 5 8 4 
49329112 16190982 21867596 11465668 
1 0 2 3 4 6 9 5 8 7 
49365336 27028416 15222304 11323630 
7 4 6 9 2 0 5 3 1 8 
49376436 22932080 12978096 15326014 
8 4 6 5 2 0 9 3 1 7 
49379916 19548036 13232980 14799678 
0 2 7 3 4 6 9 5 1 8 
49386878 26892494 15075484 11639190 
8 4 7 5 3 2 9 0 6 1 
49405380 17171238 18770068 15135930 
0 7 2 3 4 6 9 5 1 8 
49413746 27064268 15078978 11636966 
7 1 8 3 4 6 5 9 0 2 
49448276 20447172 16841520 10277624 
7 4 6 5 2 0 9 3 1 8 
49448776 22835028 12968788 14808948 
2 8 7 9 4 6 3 5 1 0 
49496400 21048168 15642972 13349458 
7 2 0 3 4 6 9 5 8 1 
49501106 23303700 15693792 11228632 
7 1 8 3 4 6 9 5 0 2 
49513460 20802722 15661740 11325052 
4 8 1 9 2 0 5 3 6 7 
49533576 20361188 13179298 15568098 
0 7 2 1 6 5 3 9 8 4 
49542294 16496684 22084698 11146878 
7 0 2 1 6 5 3 9 8 4 
49573166 16882090 22824124 10831758 
4 1 8 9 2 0 5 3 6 7 
49593342 20180712 13182158 15568532 
7 1 8 9 0 2 5 3 6 4 
49602586 20194808 12980050 14373722 
7 8 1 3 4 6 9 5 2 0 
49644470 19769576 15686534 11288572 
1 4 7 5 3 2 9 0 6 8 
49649924 18640478 18216698 15184864 
0 2 7 1 6 5 3 9 8 4 
49653582 16583326 22075092 11150854 
0 8 7 9 4 6 3 5 1 2 
49661088 22088644 15358854 13359906 
0 8 1 3 4 6 9 5 2 7 
49694462 26988152 15147056 11604932 
7 2 0 1 6 5 3 9 8 4 
49709866 16810472 22824132 10831374 
8 0 1 3 4 6 9 5 7 2 
49712494 21292472 15470628 11844076 
8 2 1 3 4 6 9 5 7 0 
49715744 20372874 15501302 11814712 
2 1 8 3 4 6 5 9 0 7 
49727108 26743460 16225256 10593148 
7 8 1 9 2 0 5 3 6 4 
49787262 22277040 12887220 15437940 
3 8 7 5 0 6 9 4 1 2 
49802100 16274482 19598798 16019700 
8 7 2 3 6 9 1 5 0 4 
49847678 15253672 21467160 11566022 
4 8 1 9 0 2 5 3 6 7 
49856242 21287620 12887114 14584976 
8 6 4 5 0 2 9 3 1 7 
49895090 20391902 13280236 13822438 
7 6 4 5 0 2 9 3 1 8 
49932206 23298558 13068004 13820828 
4 1 8 9 0 2 5 3 6 7 
49975060 21131966 12891542 14585480 
6 7 4 5 2 3 9 1 8 0 
49986360 17412630 18642786 18813266 
2 7 0 3 4 6 9 5 1 8 
50005506 27006424 15058606 11737696 
1 2 0 3 4 6 9 5 8 7 
50026314 26988414 15218788 11323440 
0 7 8 9 4 6 3 5 1 2 
50032868 22389302 15359674 13358466 
0 1 2 3 4 6 5 9 7 8 
50053202 26734318 15995574 10948486 
8 7 2 3 4 6 9 5 1 0 
50057852 21318368 15575228 11599466 
8 1 7 3 4 6 9 5 2 0 
50105058 19783994 15462750 11633694 
7 8 1 9 0 2 5 3 6 4 
50109448 20351252 12990316 14373218 
8 6 4 9 2 0 5 3 1 7 
50111862 19508036 13671576 15348256 
4 8 6 9 2 0 5 3 1 7 
50115296 19708144 13147034 15983212 
4 8 6 9 0 2 5 3 1 7 
50124682 20635344 12854850 15000122 
2 0 1 3 4 6 9 5 7 8 
50126786 26821752 15063140 12025650 
8 7 1 3 4 6 9 5 2 0 
50200184 19669108 15453936 11626022 
8 6 4 5 2 0 9 3 1 7 
50204334 19377216 13223340 14801762 
8 1 7 3 4 6 5 9 2 0 
50206752 19429116 16654060 10585018 
0 2 1 3 4 6 9 5 7 8 
50212636 26819182 15080204 11995842 
1 2 8 3 4 6 9 5 0 7 
50232052 26670292 15217020 11940548 
7 8 4 9 2 0 5 3 6 1 
50239842 24467004 12566712 16306304 
3 7 1 5 0 6 9 4 8 2 
50244884 16252780 19584442 16268020 
6 4 7 5 3 2 9 0 1 8 
50248958 18408210 18531424 15001370 
1 7 8 5 6 0 9 2 3 4 
50296316 16317272 20239222 15476754 
7 8 1 3 4 6 5 9 2 0 
50308128 19414750 16878884 10242600 
2 1 7 3 4 6 9 5 8 0 
50308840 20518766 14660066 11899748 
6 8 4 9 3 2 5 0 7 1 
50331734 18105306 18629816 16886420 
2 0 4 6 1 5 9 3 7 8 
50355814 19327844 19849740 13376948 
7 8 4 9 0 2 5 3 6 1 
50401440 24351954 12670796 15295846 
0 8 1 3 4 6 5 9 2 7 
50405550 26627026 16230596 10557520 
2 1 7 3 4 6 5 9 8 0 
50432182 20163888 15851376 10852128 
0 2 4 6 1 5 9 3 7 8 
50444336 19268104 19788894 13439532 
0 1 7 3 4 6 9 5 8 2 
50472024 21488648 14651998 11910144 
4 1 6 9 0 2 5 3 8 7 
50524740 20110140 12819646 14653934 
6 8 7 9 2 3 5 1 4 0 
50547616 17061492 18048646 16816000 
7 8 1 3 4 6 9 5 0 2 
50577586 20925088 15666440 11320920 
4 1 6 9 2 0 5 3 8 7 
50593362 19157782 13110262 15636940 
0 1 7 3 4 6 5 9 8 2 
50600636 21133070 15831218 10862364 
8 0 7 3 4 6 9 5 2 1 
50659152 23348528 15350604 11781162 
8 0 7 3 6 9 1 5 2 4 
50669016 14943992 21449938 11716050 
4 8 6 5 0 2 9 3 1 7 
50691872 20525068 12637758 14476932 
7 8 6 9 2 0 5 3 4 1 
50732278 24929396 12596020 16204822 
2 7 8 3 4 6 9 5 1 0 
50767772 20961866 14670232 11627562 
6 8 4 9 2 3 5 1 7 0 
50852346 16561284 18031006 17351246 
1 8 3 5 0 6 9 4 7 2 
50870390 15882696 20487108 15839662 
7 4 8 9 2 0 5 3 6 1 
50875838 23807392 12552916 16300214 
0 7 8 3 4 6 9 5 1 2 
50887838 22024010 14667538 11656928 
4 1 7 9 0 2 5 3 6 8 
50898058 24679012 12577900 15043000 
2 8 7 3 4 6 9 5 1 0 
50928272 20661168 14668668 11629002 
2 7 1 3 4 6 9 5 8 0 
50930558 20731816 14661236 11893356 
1 4 6 5 3 2 9 0 7 8 
50970192 18538700 18173414 14172958 
4 8 6 5 2 0 9 3 1 7 
50974976 19597868 12929942 15460022 
2 1 8 3 4 6 5 9 7 0 
50999712 19948946 15818944 10387212 
0 7 1 3 4 6 9 5 8 2 
51006622 21701588 14651122 11903752 
0 2 7 3 4 6 9 5 8 1 
51027906 23308808 14700614 11530666 
8 0 2 3 4 6 9 5 7 1 
51031044 23675920 15358420 11344612 
0 7 2 3 4 6 9 5 8 1 
51044302 23306706 14705128 11527762 
2 1 8 3 4 6 9 5 7 0 
51061310 20303796 14627074 11434048 
8 2 7 3 6 9 1 5 0 4 
51095058 14789282 21439530 11567046 
0 1 8 3 4 6 5 9 7 2 
51143022 20865344 15794546 10386608 
0 1 8 3 4 6 9 5 7 2 
51199350 21220894 14614766 11433604 
4 7 6 5 3 2 9 0 8 1 
51208112 16981178 18956964 14873062 
7 8 1 3 4 6 5 9 0 2 
51245530 20569562 16846700 10274740 
1 0 2 3 4 6 9 5 7 8 
51307576 26640240 14989110 11315030 
8 4 6 2 9 3 0 5 7 1 
51339494 18744950 16971326 16757810 
8 0 2 3 6 9 1 5 7 4 
51360088 16037520 21519234 11436712 
4 1 6 9 0 2 5 3 7 8 
51362416 23998676 12517932 14760226 
6 7 4 9 3 2 5 0 8 1 
51365904 17215942 18571464 16735980 
8 4 6 2 9 3 0 1 7 5 
51428112 16497234 18238802 21167976 
6 7 8 9 2 3 5 1 4 0 
51545366 17114190 18042698 16810326 
8 2 0 3 6 9 1 5 7 4 
51604680 15948954 21518882 11436362 
4 8 1 5 0 2 9 3 6 7 
51640952 21177344 12670022 14061786 
4 7 6 5 0 2 9 3 1 8 
51677478 23534056 12446984 14458368 
7 0 2 3 4 6 5 9 8 1 
51724808 22964198 16463102 10174770 
8 2 0 3 4 6 9 5 7 1 
51746230 23615532 15356326 11344342 
1 3 8 5 0 6 9 4 7 2 
51773240 15686568 20468324 15845476 
3 1 7 9 0 6 5 4 8 2 
51821902 16219782 20084406 17070938 
2 8 1 3 4 6 9 5 7 0 
51843528 20216148 14626680 11429096 
2 0 7 1 6 9 5 3 8 4 
51866074 16882124 20554440 12771350 
1 7 8 3 4 6 9 5 2 0 
51877492 19646542 14755606 11332552 
1 6 4 5 3 2 9 0 7 8 
51883014 18372546 18162266 14173616 
8 4 7 2 6 9 0 5 3 1 
51888284 19319968 17725674 15448488 
8 7 1 3 4 6 5 9 2 0 
51890322 19314282 16646286 10580050 
7 8 1 5 0 2 9 3 6 4 
51891282 20245800 12835928 13854232 
0 8 1 3 4 6 9 5 7 2 
51926128 21133176 14613070 11428652 
1 2 0 3 4 6 9 5 7 8 
51967322 26579782 14985714 11314760 
0 2 7 1 6 9 5 3 8 4 
51972164 16784226 20548574 12665414 
3 7 8 5 6 0 9 2 1 4 
52006616 16726876 19723376 15521102 
1 7 4 0 3 9 2 5 6 8 
52025448 17049676 16207884 15222660 
0 2 8 1 6 5 3 9 7 4 
52059262 16367064 22068436 11421172 
1 4 8 5 2 0 9 6 3 7 
52096432 19552114 12844598 16581952 
7 0 8 1 6 5 3 9 2 4 
52115466 15592412 22749084 11356038 
1 8 7 5 6 0 9 2 3 4 
52117220 16375076 20243714 15472466 
3 1 8 9 0 6 5 4 7 2 
52175720 15952078 20048174 16595798 
1 7 6 0 3 9 2 5 4 8 
52186954 17504112 16237660 15149668 
8 7 4 0 3 9 2 5 6 1 
52193204 15534290 16399930 15094518 
1 0 2 3 4 6 5 9 8 7 
52200116 26667222 16304484 10273738 
4 6 8 5 0 2 9 3 1 7 
52218898 20637256 12649960 14476516 
4 6 8 5 2 0 9 3 1 7 
52307974 19628498 12936992 15459376 
8 7 6 0 3 9 2 5 4 1 
52348424 15975530 16428646 15018816 
7 2 8 1 6 5 3 9 0 4 
52367852 15434124 22738484 11232862 
8 4 7 2 9 3 0 1 6 5 
52384262 14911196 18146886 21833726 
7 2 0 3 4 6 5 9 8 1 
52411812 22924304 16461592 10174476 
0 7 2 1 6 9 3 5 8 4 
52419120 15777020 21185520 11042760 
7 0 2 1 6 9 3 5 8 4 
52450460 16130332 21922930 10727532 
8 7 1 5 0 2 9 3 6 4 
52464684 20081852 12848946 14172782 
2 8 1 3 4 6 5 9 7 0 
52515058 19861322 15819030 10383508 
0 2 7 1 6 9 3 5 8 4 
52531896 15835278 21173802 11045824 
7 1 8 9 2 0 5 3 4 6 
52568018 20703486 12520032 15390292 
7 1 8 9 2 0 5 6 4 3 
52580454 19959788 12812676 16885300 
3 1 8 9 2 0 5 6 4 7 
52586106 20885776 12406954 16928546 
7 2 0 1 6 9 3 5 8 4 
52586974 16062262 21923202 10727262 
0 8 1 3 4 6 5 9 7 2 
52602928 20777650 15793330 10382904 
0 7 2 1 6 9 5 3 8 4 
52653610 16725994 20560812 12663702 
6 8 1 9 2 0 5 3 4 7 
52727694 20663628 12467958 15574124 
0 7 8 1 6 5 3 9 2 4 
52731786 15708766 22024162 11038862 
3 8 1 9 2 0 5 6 4 7 
52744668 21071326 12403250 16925532 
6 1 8 9 2 0 5 3 4 7 
52779232 20478028 12470662 15574538 
1 7 8 3 4 6 9 5 0 2 
52790126 20859074 14755280 11366410 
1 2 0 3 4 6 5 9 8 7 
52800000 26627218 16300928 10273444 
6 8 4 9 0 2 5 3 1 7 
52819818 20515664 12157066 15116168 
6 8 4 9 2 0 5 3 1 7 
52835836 19587780 12409566 16098850 
8 6 7 2 5 9 0 4 3 1 
52839516 16943814 15540442 19483096 
8 6 3 2 5 9 0 4 7 1 
52851298 18117580 15615462 19233596 
1 4 8 5 2 0 9 3 6 7 
52971086 19408726 12594734 15632132 
7 1 8 9 0 2 5 3 4 6 
52982640 19088282 12624852 14334202 
1 4 8 5 0 2 9 3 6 7 
53059706 20431686 12559706 14651854 
8 4 7 0 3 9 2 5 6 1 
53062178 14825410 16376422 15096380 
7 1 8 5 0 2 9 3 6 4 
53076300 20089356 12825662 13854736 
8 4 7 2 3 9 0 5 6 1 
53076938 14806342 16191384 15070312 
6 8 1 9 0 2 5 3 4 7 
53083696 21590600 12215458 14591404 
4 6 1 5 0 2 9 3 8 7 
53108898 20267706 12610328 14129824 
8 2 1 6 3 9 4 5 0 7 
53167586 17566292 17996212 13536544 
6 1 8 9 0 2 5 3 4 7 
53194286 21429822 12219730 14591888 
6 1 4 9 0 2 5 3 8 7 
53218252 19990456 12121854 14763508 
0 8 2 3 4 6 5 9 7 1 
53234492 23651520 15521352 10897774 
1 4 6 2 3 9 0 5 7 8 
53288618 16233324 16187732 14197616 
1 4 5 2 3 9 0 6 7 8 
53291906 17631704 15929294 15670674 
6 1 4 9 2 0 5 3 8 7 
53312278 19037414 12372786 15746106 
8 0 1 6 3 9 4 5 2 7 
53315588 17325378 17980312 13533056 
8 4 6 2 3 9 0 5 7 1 
53331068 15729552 16228300 14266140 
0 7 2 3 4 6 5 9 8 1 
53356222 22927312 15472968 10473710 
6 8 4 5 0 2 9 3 1 7 
53387008 20405388 11939974 14592978 
4 1 6 5 0 2 9 3 8 7 
53392570 19999864 12602554 14130744 
7 0 2 6 3 9 4 5 1 8 
53404646 16358040 18272016 12799510 
8 4 5 2 3 9 0 6 7 1 
53418762 17127932 15969862 15739198 
4 1 8 5 0 2 9 3 6 7 
53451650 21021690 12674450 14062290 
8 4 7 2 3 9 0 6 5 1 
53486470 15812858 15889822 16111202 
7 8 1 9 0 2 5 3 4 6 
53489810 19249840 12635088 14333718 
2 7 8 1 6 5 3 9 0 4 
53491006 15672422 22020244 10995826 
7 2 0 6 3 9 4 5 1 8 
53642630 16325578 18268544 12799380 
8 6 7 0 3 9 2 5 4 1 
53693676 15061528 16392272 15022682 
6 8 4 5 2 0 9 3 1 7 
53695516 19477504 12192474 15575660 
8 4 7 2 5 9 0 6 3 1 
53704508 14544784 14609240 15176192 
1 7 8 3 4 6 5 9 2 0 
53714342 19291692 15947476 10285332 
7 4 8 5 0 2 9 3 1 6 
53715760 19852336 12529076 14643256 
8 4 3 2 5 9 0 6 7 1 
53716290 15698062 14683508 14952276 
2 0 7 3 4 6 5 9 8 1 
53731742 22934746 15462528 10579276 
8 0 2 6 3 9 4 5 1 7 
53750120 18515170 18049620 12984302 
4 1 6 5 2 0 9 3 8 7 
53753682 19047506 12893170 15113750 
3 4 8 5 2 0 9 6 1 7 
53818088 20022574 11958940 16657226 
0 2 7 3 4 6 5 9 8 1 
53828578 22929430 15468774 10477446 
8 1 7 9 0 2 5 3 4 6 
53941254 19063472 12909690 14681320 
2 7 0 3 4 6 5 9 8 1 
53946390 22892734 15465212 10575246 
8 2 0 6 3 9 4 5 1 7 
53956424 18482668 18045404 12984172 
7 8 4 9 2 0 5 6 1 3 
54014124 19030200 12752618 17392386 
3 1 4 9 2 0 5 6 8 7 
54050316 19444880 12303438 17092218 
6 1 4 9 0 2 5 3 7 8 
54063824 23865696 11812908 14869280 
6 4 8 5 0 2 9 3 1 7 
54114924 20699034 11962488 14590508 
1 4 6 5 0 2 9 3 8 7 
54116702 20275140 12512822 13629920 
1 4 7 2 5 9 0 6 3 8 
54165274 18789416 14203220 15338338 
1 6 4 2 3 9 0 5 7 8 
54179946 16028192 16174680 14199620 
4 6 7 5 0 2 9 3 1 8 
54201068 23508222 12459714 14458812 
1 0 2 3 4 6 5 9 7 8 
54202360 26269246 15902030 10262226 
6 4 8 5 2 0 9 3 1 7 
54204096 19678954 12209164 15572930 
8 6 4 2 3 9 0 5 7 1 
54230316 15524430 16215434 14268144 
1 6 8 5 2 0 9 3 4 7 
54260854 19655586 12611066 15524584 
8 6 7 2 3 9 0 5 4 1 
54283596 15042460 16207234 14996614 
6 7 4 5 0 2 9 3 1 8 
54374014 23401064 11741936 14548006 
0 8 1 2 6 9 3 5 7 4 
54394314 16548848 21520498 11040254 
1 4 6 5 2 0 9 3 8 7 
54478422 19251076 12547850 14610152 
3 8 4 5 2 0 9 6 1 7 
54494472 19820842 11936610 16645292 
7 8 4 5 0 2 9 3 1 6 
54500564 19560600 12542088 14645726 
2 0 4 6 1 3 9 5 7 8 
54543792 19273456 19671896 12423418 
1 8 3 2 6 9 0 5 7 4 
54614794 14233008 17219660 14926122 
1 7 8 3 4 6 5 9 0 2 
54631262 20503524 15935060 10318982 
0 2 4 6 1 3 9 5 7 8 
54632730 19185188 19609258 12485906 
1 4 6 0 3 9 2 5 7 8 
54653634 16235508 16153306 14208970 
8 1 7 2 6 9 0 5 3 4 
54672188 13325010 17530230 15101570 
7 0 8 1 6 9 3 5 2 4 
54742356 14841666 21847010 11250624 
0 2 8 1 6 9 3 5 7 4 
54778228 15619660 21166586 11315386 
8 1 3 2 6 9 0 5 7 4 
54783300 14454036 17601282 14849496 
1 2 0 3 4 6 5 9 7 8 
54801012 26208786 15898594 10261852 
1 8 7 2 6 9 0 5 3 4 
54853694 13375342 17156452 14836240 
6 8 1 5 0 2 9 3 4 7 
54868406 21480324 11998366 14068214 
7 8 4 5 2 0 9 6 1 3 
54882532 18867856 12505770 16604426 
1 6 4 5 0 2 9 3 8 7 
54907584 20088558 12502354 13631954 
7 0 2 6 3 5 4 9 1 8 
54934940 16785246 18659502 12419962 
8 7 1 9 0 2 5 3 4 6 
54964952 19076108 12910662 14678856 
7 2 8 1 6 9 3 5 0 4 
54983174 14686972 21836634 11127508 
6 4 1 5 0 2 9 3 8 7 
55011528 20334604 11923004 14237364 
3 4 1 5 2 0 9 6 8 7 
55016852 19657758 11918456 16302668 
1 6 4 0 3 9 2 5 7 8 
55121992 16030376 16140254 14210974 
7 2 0 6 3 5 4 9 1 8 
55173110 16749236 18655766 12419718 
8 0 2 6 3 5 4 9 1 7 
55222706 18941984 18437106 12604754 
6 4 1 5 2 0 9 3 8 7 
55237760 19314188 12169680 15219772 
7 8 1 5 0 2 9 3 4 6 
55271644 19144388 12480700 13814732 
1 6 4 5 2 0 9 3 8 7 
55294612 19075132 12538054 14612216 
0 7 8 1 6 9 3 5 2 4 
55358208 14990114 21124104 10933556 
1 7 8 2 6 9 0 5 3 4 
55383102 13491158 17160256 14834050 
8 2 0 6 3 5 4 9 1 7 
55429196 18905934 18432626 12604510 
7 2 0 4 5 9 6 3 1 8 
55430818 19120304 17353868 13491500 
1 7 4 0 5 9 2 3 6 8 
55513108 19344350 13600048 13720332 
3 7 4 5 2 0 9 6 1 8 
55526580 23175346 11719832 16610354 
0 7 8 1 6 9 5 3 2 4 
55632328 15939082 20499276 12554330 
7 8 4 0 3 9 2 5 6 1 
55637776 15598216 15953898 15029800 
1 7 6 0 5 9 2 3 4 8 
55674614 19798786 13629824 13647340 
7 0 2 4 5 9 6 3 1 8 
55684780 19152750 17357020 13490798 
8 4 7 5 2 0 9 6 1 3 
55727702 18984412 12566150 16571828 
8 7 4 0 5 9 2 3 6 1 
55812256 14787492 14213726 13505150 
8 7 4 5 2 0 9 6 1 3 
55831942 18935518 12555974 16560218 
6 7 1 5 0 2 9 3 4 8 
55837604 24928256 11851400 14536314 
8 7 1 5 0 2 9 3 4 6 
55851710 18946688 12486606 14132682 
4 7 6 9 0 2 5 3 8 1 
55858148 23361910 11909486 14970170 
4 7 8 1 6 9 3 5 2 0 
55886146 18707164 20008550 10836752 
1 8 3 2 5 9 0 6 7 4 
55944332 18505522 14016050 14924690 
1 4 6 2 5 9 0 3 7 8 
55952110 18685310 13923176 13410808 
8 7 6 0 5 9 2 3 4 1 
55967476 15228732 14242442 13429448 
6 1 4 5 0 2 9 3 8 7 
56086082 19880180 11904762 14240318 
2 7 8 1 6 9 3 5 0 4 
56105912 14953798 21120186 10890568 
8 4 6 2 5 9 0 3 7 1 
56125952 15140066 14385376 13392292 
6 4 7 5 0 2 9 3 1 8 
56130174 23556728 11765722 14546396 
1 8 3 2 9 6 0 4 7 5 
56222708 13529126 16674254 15480236 
8 7 1 0 9 6 2 4 3 5 
56229162 12946244 17718444 16713540 
1 8 7 2 5 9 0 6 3 4 
56281608 17647832 13952362 14834136 
1 7 8 0 9 6 2 4 3 5 
56297630 12799202 17251086 16437834 
2 7 8 1 6 9 5 3 0 4 
56387904 15902766 20495358 12511726 
8 4 7 2 5 9 0 3 6 1 
56388296 14216730 14345940 14192936 
8 1 3 2 9 6 0 4 7 5 
56391566 13751168 16998324 15403660 
1 8 7 0 9 6 2 4 3 5 
56403334 12707908 17243200 16437494 
8 1 7 2 9 6 0 4 3 5 
56422602 12410638 16909672 15611464 
7 1 8 5 0 2 9 3 4 6 
56456354 18982830 12470464 13815216 
6 1 4 5 2 0 9 3 8 7 
56472598 18927138 12155694 15222916 
1 8 7 2 9 6 0 4 3 5 
56603756 12459956 16593446 15346084 
1 7 8 5 0 2 9 3 6 4 
56616452 19885150 11967240 13813904 
1 7 8 2 5 9 0 6 3 4 
56629954 17763690 13957006 14834130 
3 7 8 5 0 2 9 6 1 4 
56755254 23044638 11753232 17347488 
1 4 6 5 0 2 9 3 7 8 
56816546 23700948 12280800 13730052 
1 6 4 2 5 9 0 3 7 8 
56843438 18480178 13910124 13412812 
3 7 8 5 2 0 9 6 1 4 
56844286 23424366 11504410 16219116 
8 7 2 6 3 9 4 5 0 1 
56947934 15998158 17591720 13242822 
4 8 7 2 5 9 0 6 3 1 
56955318 14661824 14336718 14617786 
7 1 2 4 3 9 6 5 0 8 
56995558 16672196 17320066 11316196 
3 8 7 9 2 0 5 6 4 1 
57000550 25209874 11496918 17048392 
1 4 6 2 3 5 0 9 7 8 
57001834 16403504 16101144 12829710 
8 6 4 2 5 9 0 3 7 1 
57025200 14934944 14372510 13394296 
8 4 6 2 3 5 0 9 7 1 
57093748 15900068 16141712 12898234 
6 8 7 9 2 0 5 3 4 1 
57158716 24755612 11535810 15693708 
8 4 7 0 5 9 2 3 6 1 
57224416 14078486 14187698 13500460 
3 1 4 5 2 0 9 6 8 7 
57226554 19270476 11899830 16293748 
8 2 7 6 3 9 4 5 0 1 
57260928 15534348 17574878 13243846 
8 0 2 1 6 5 3 9 7 4 
57282096 16589974 21686292 10722238 
8 2 0 1 6 5 3 9 7 4 
57385884 16497860 21685676 10721774 
8 0 7 6 3 9 4 5 2 1 
57408820 15438524 17568680 13341360 
8 1 2 4 3 9 6 5 0 7 
57488876 17599490 17140922 11254656 
6 8 4 9 0 2 5 3 7 1 
57496068 24121606 11264598 15212922 
7 1 0 4 3 9 6 5 2 8 
57527198 16451564 17304190 11323418 
1 4 7 0 5 9 2 3 6 8 
57550948 18636134 13588714 13715642 
6 8 7 9 0 2 5 3 4 1 
57607690 24634262 11282738 14679572 
1 6 4 5 0 2 9 3 7 8 
57608660 23534822 12270212 13732166 
6 4 1 5 0 2 9 3 7 8 
57608724 23933260 11784998 14344256 
8 2 7 1 6 5 3 9 0 4 
57638190 15337774 21606684 10852944 
1 8 7 9 0 2 5 3 4 6 
57673546 19052196 12271172 14345392 
6 7 8 5 0 2 9 3 1 4 
57675382 20703266 11265158 14049518 
1 6 8 2 5 9 0 3 7 4 
57690718 18070988 13691982 14277022 
4 7 8 5 0 2 9 3 1 6 
57841112 19259326 11579150 13995460 
8 1 7 2 6 9 0 3 5 4 
57851062 13833960 16946468 15102714 
8 6 7 0 5 9 2 3 4 1 
57855914 14314604 14203548 13426762 
4 8 6 2 5 9 0 3 7 1 
57875980 15001670 14107146 14069038 
1 6 4 2 3 5 0 9 7 8 
57893162 16198372 16088092 12831714 
8 6 1 2 5 9 0 3 7 4 
57973178 18188438 14172734 14037860 
1 8 7 2 6 9 0 3 5 4 
57978232 14048260 16577810 14838024 
8 2 1 4 3 9 6 5 0 7 
57980740 17084140 17115384 11248248 
6 8 7 9 0 2 5 3 1 4 
57985200 20674160 11459342 14573248 
8 6 4 2 3 5 0 9 7 1 
57992996 15694946 16128846 12900238 
7 0 2 6 3 9 4 5 8 1 
58063012 15418840 17899876 12769700 
4 8 7 9 0 2 5 3 1 6 
58119250 19230180 11772590 14519190 
1 4 6 0 5 9 2 3 7 8 
58168006 18530182 13545470 12703618 
1 7 8 9 0 2 5 3 4 6 
58190074 18903274 12261908 14343412 
8 7 1 0 5 9 2 3 6 4 
58198106 16563816 14143994 13114188 
7 2 1 4 3 9 6 5 0 8 
58263582 16157826 17312756 11309788 
8 1 7 2 6 5 0 9 3 4 
58280218 13674922 17823164 13948308 
7 2 0 6 3 9 4 5 8 1 
58298840 15350580 17896614 12769430 
4 6 8 2 5 9 0 3 7 1 
58323038 15126258 14110952 14068802 
1 7 8 0 5 9 2 3 6 4 
58328366 16434070 13527784 12834940 
8 4 6 0 5 9 2 3 7 1 
58331782 15001822 14227134 12699816 
8 7 2 1 6 5 3 9 0 4 
58366158 15773780 21632202 10851008 
4 7 1 0 5 9 2 3 6 8 
58373958 19620134 13452360 13387442 
4 8 6 0 5 9 2 3 7 1 
58419526 14818914 13448092 13326070 
1 8 7 2 6 5 0 9 3 4 
58461100 13768046 17452074 13683122 
8 1 7 5 0 2 9 3 4 6 
58493752 18934052 12485634 14135146 
1 8 7 0 5 9 2 3 6 4 
58542044 16374598 13525296 12836310 
6 7 4 9 0 2 5 3 8 1 
58552710 23232242 11206246 15059938 
4 8 7 0 5 9 2 3 6 1 
58573524 14873498 13436924 12894382 
1 6 4 0 5 9 2 3 7 8 
58636364 18325050 13532418 12705622 
1 4 8 2 5 9 0 6 7 3 
58665946 14283974 13595722 15225442 
3 4 8 2 5 9 0 6 7 1 
58682780 15586912 13136848 15260078 
6 8 7 5 0 2 9 3 1 4 
58703626 20565284 11266430 14050378 
8 0 1 4 3 9 6 5 2 7 
58703902 16843226 17099484 11244760 
4 7 8 0 5 9 2 3 6 1 
58803366 14933530 13449828 12893012 
8 6 4 0 5 9 2 3 7 1 
58808060 14796700 14214268 12701820 
4 8 7 5 0 2 9 3 1 6 
58837676 19121304 11579678 13996320 
7 1 8 2 6 9 0 5 3 4 
58872010 13253444 16772406 14655488 
8 0 7 1 6 9 5 3 2 4 
58873974 15694028 20090574 12517756 
4 8 7 5 2 0 9 6 1 3 
58906844 18867780 12179920 15989520 
7 1 2 4 3 5 6 9 0 8 
58930732 16973612 17699712 10934548 
8 4 1 2 5 9 0 6 7 3 
58960056 14314946 14028558 14973828 
7 0 1 4 3 9 6 5 2 8 
58980208 15969656 17300352 11317140 
1 7 8 2 6 5 0 9 3 4 
58987904 13933534 17459574 13682528 
8 3 7 2 9 6 0 4 1 5 
59005916 12439310 16911634 15390770 
4 1 6 0 5 9 2 3 7 8 
59079484 18581642 13375180 13105978 
7 2 0 4 3 9 6 5 1 8 
59121026 15833778 17262308 10502676 
1 7 8 0 6 9 2 3 5 4 
59147994 14078408 16520208 14134044 
1 8 7 0 6 9 2 3 5 4 
59184306 13911332 16514444 14134994 
4 8 6 0 9 5 2 3 7 1 
59266026 16787250 13427584 14142184 
4 7 6 0 5 9 2 3 1 8 
59375764 18548146 13372672 13326174 
4 8 7 0 9 5 2 3 6 1 
59380864 16841930 13416416 13710500 
8 2 0 4 3 9 6 5 1 7 
59429068 18000516 17164576 10695876 
7 8 1 2 6 9 0 5 3 4 
59484812 13420018 16786228 14651546 
4 6 7 2 5 9 0 3 8 1 
59494454 14367360 14051600 13943712 
8 1 7 0 6 9 2 3 5 4 
59504674 13709016 17017936 14413278 
6 8 4 2 5 9 0 3 7 1 
59545674 14888158 13430628 14204202 
4 7 6 0 5 9 2 3 8 1 
59617864 14120048 13401644 13199610 
1 8 7 2 9 6 0 4 5 3 
59698516 13843936 16381316 15380124 
8 2 7 1 6 9 5 3 0 4 
59702728 15539318 20080166 12369136 
7 8 2 4 3 9 6 5 0 1 
59842488 15858264 16967770 11235788 
6 8 4 0 5 9 2 3 7 1 
59858052 14710538 12829360 13467060 
8 7 1 0 5 9 2 3 4 6 
59944268 14102796 13913916 13035892 
6 7 1 0 5 9 2 3 4 8 
59969468 19962854 12861564 13429422 
1 7 8 5 0 2 9 3 4 6 
60001504 18753310 11606708 13773934 
7 2 0 6 3 5 4 9 8 1 
60016976 15774238 18283836 12389192 
8 0 7 1 6 9 3 5 2 4 
60017314 14745080 20715802 10898022 
3 8 1 2 6 9 0 5 7 4 
60022476 14059614 15844516 14800248 
6 4 7 9 0 2 5 3 8 1 
60051222 23791912 11227662 15059908 
1 7 8 0 5 9 2 3 4 6 
60072554 13976374 13299514 12756774 
8 2 0 1 6 9 3 5 7 4 
60101768 15750042 20784746 10618334 
6 8 7 0 5 9 2 3 4 1 
60193686 15226842 12847500 12933862 
8 2 7 1 6 9 3 5 0 4 
60251636 14590370 20705394 10749018 
1 8 7 0 5 9 2 3 4 6 
60287464 13937358 13296906 12758224 
7 8 0 4 3 9 6 5 2 1 
60371902 15694164 16958278 11307144 
6 7 8 0 5 9 2 3 4 1 
60390616 15266378 12859780 12932412 
1 5 7 2 9 6 0 4 8 3 
60417672 13841896 16382722 15723810 
8 4 7 2 5 9 0 6 1 3 
60501010 13784506 13997122 15144416 
6 1 4 0 5 9 2 3 7 8 
60518360 18469938 12754632 13240366 
1 8 2 4 3 9 6 5 0 7 
60546728 17778436 16357364 11135364 
8 7 2 4 3 9 6 5 0 1 
60547304 15513906 16674622 10954046 
7 1 8 2 9 6 0 4 3 5 
60551848 12423818 16290544 15172184 
8 1 7 0 5 9 2 3 4 6 
60597752 13763928 13892336 13037436 
7 2 0 4 3 5 6 9 1 8 
60651506 16257436 17649530 10123014 
6 8 4 0 9 5 2 3 7 1 
60704552 16678874 12808852 14283174 
1 7 2 4 3 9 6 5 0 8 
60758226 16506784 16243360 10915162 
6 7 4 0 5 9 2 3 1 8 
60809768 18436430 12752100 13441146 
8 2 0 4 3 5 6 9 1 7 
60901840 18423782 17551798 10316214 
8 7 2 1 6 9 3 5 0 4 
60978116 15054760 20733024 10747994 
1 7 8 0 9 5 2 3 4 6 
60997614 13712674 13598366 13507752 
6 8 7 0 9 5 2 3 4 1 
61001026 17195274 12826992 13749980 
6 7 4 0 5 9 2 3 8 1 
61049894 14011656 12782880 13314712 
8 7 0 4 3 9 6 5 2 1 
61050302 15329326 16664538 11051210 
1 8 7 0 9 5 2 3 4 6 
61094420 13624014 13592622 13509062 
7 8 1 2 9 6 0 4 3 5 
61203926 12608194 16306842 15168916 
1 7 0 4 3 9 6 5 2 8 
61217222 16229832 16225856 10993356 
8 1 7 0 9 5 2 3 4 6 
61405092 13405296 14026628 13786522 
7 2 8 4 3 9 6 5 0 1 
61593110 15239258 16956880 11233562 
3 8 1 2 9 6 0 4 7 5 
61665950 13404482 15260630 15357192 
6 7 4 0 9 5 2 3 8 1 
61740378 16030308 12765508 14130994 
8 2 7 4 3 9 6 5 0 1 
61847228 15050096 16657780 10955070 
8 1 7 2 9 5 0 3 4 6 
61897594 13532340 13991430 14476438 
7 8 1 0 5 9 2 3 6 4 
62105998 16444014 13738962 12681098 
7 4 6 2 3 5 0 9 8 1 
62117234 15279152 15572776 12673672 
8 7 1 4 3 9 6 5 0 2 
62121042 15508546 16520652 11021402 
2 8 1 4 3 9 6 5 0 7 
62187766 17583584 16053848 10770384 
7 8 1 4 3 9 6 5 0 2 
62226686 15527740 16654060 10656148 
1 2 7 4 3 9 6 5 0 8 
62327430 16043314 16232842 10916186 
2 7 1 4 3 9 6 5 0 8 
62364964 16638076 16117812 11197178 
1 7 4 2 5 9 0 6 8 3 
62388868 13795996 13567786 15172308 
7 1 8 2 6 5 0 9 3 4 
62478164 13603104 17065900 13503654 
8 7 2 4 3 5 6 9 0 1 
62530590 15908374 17060092 10572710 
7 1 8 0 5 9 2 3 6 4 
62544880 16149276 13719960 12681212 
8 0 7 4 3 9 6 5 2 1 
62570280 14954272 16651582 11052584 
6 4 1 0 5 9 2 3 7 8 
62651244 18694714 12778138 13236452 
2 1 7 4 3 9 6 5 0 8 
62666144 16688976 16114604 11204610 
3 1 7 2 9 6 0 4 8 5 
62675476 12875250 15217812 15655090 
1 7 2 4 3 5 6 9 0 8 
62692048 16900916 16628830 10533826 
7 1 8 4 3 9 6 5 0 2 
62709284 15423104 16650480 10660330 
2 7 0 4 3 9 6 5 1 8 
62773336 15965868 16057300 10828802 
3 8 7 0 9 6 2 4 1 5 
62780916 12687132 15856974 16358744 
1 4 6 0 5 9 2 3 8 7 
62812318 21068276 13139998 12774808 
7 4 6 2 3 5 0 9 1 8 
62847848 15997420 15486308 12697218 
7 4 6 0 5 9 2 3 1 8 
62890822 18150938 13698092 12598884 
2 1 8 4 3 9 6 5 0 7 
62939644 17479288 16056592 10774566 
7 6 4 2 3 5 0 9 8 1 
62983570 15053534 15559286 12675596 
7 4 6 0 5 9 2 3 8 1 
63001308 14389442 13867526 12484170 
1 0 7 4 3 9 6 5 2 8 
63061920 15855188 16220526 10994730 
3 8 7 2 9 6 0 4 1 5 
63109124 12437468 15187958 15265392 
1 7 0 4 3 5 6 9 2 8 
63139662 16624010 16611286 10611966 
1 6 4 0 5 9 2 3 8 7 
63279444 20842688 13127066 12776732 
7 6 4 0 5 9 2 3 1 8 
63334496 17930434 13684572 12600828 
7 6 4 0 5 9 2 3 8 1 
63444674 14163824 13854036 12486094 
6 8 1 0 5 9 2 3 4 7 
63525146 22288342 12359164 13132008 
6 8 1 0 5 9 2 3 7 4 
63640402 17416590 12583824 12997926 
0 8 2 4 3 9 6 5 1 7 
63683422 17711436 15986020 11152738 
7 8 1 4 3 9 6 5 2 0 
63725234 16271708 16578474 10679600 
0 8 1 4 3 9 6 5 2 7 
63765210 17315244 15939652 10701432 
4 8 1 0 5 9 2 3 7 6 
63784518 14665594 12948038 12888490 
8 2 7 4 3 5 6 9 0 1 
63829026 15472948 17045362 10574646 
7 8 1 0 5 9 2 3 4 6 
63845496 14016746 13515996 12603402 
0 7 2 4 3 9 6 5 1 8 
63891912 15993472 15956992 10691896 
7 2 0 4 3 9 6 5 8 1 
63903584 14859480 16902468 10472886 
4 8 7 2 9 5 0 3 1 6 
63976160 13922034 13348464 14359988 
2 8 1 4 3 5 6 9 0 7 
64060052 17926788 16437542 10392348 
7 8 1 4 3 5 6 9 0 2 
64065996 15870720 17037754 10278112 
6 4 7 0 5 9 2 3 8 1 
64066514 14301830 12787272 13313922 
7 1 8 4 3 9 6 5 2 0 
64209988 16202870 16574684 10683922 
1 2 7 4 3 5 6 9 0 8 
64259764 16465830 16620424 10535762 
7 1 8 0 5 9 2 3 4 6 
64284070 13716894 13497024 12603496 
2 7 0 4 3 5 6 9 1 8 
64304232 16360998 16442730 10449044 
8 2 0 4 3 9 6 5 7 1 
64340238 15193676 16655512 10615716 
6 8 4 0 5 9 2 3 1 7 
64347638 21214174 12300772 13656804 
1 2 0 4 3 9 6 5 8 7 
64434102 17478400 16336338 10516092 
7 1 8 4 3 5 6 9 0 2 
64550826 15723508 17031006 10280926 
1 2 0 4 3 9 6 5 7 8 
64562714 15645858 16187114 10465722 
0 1 8 4 3 9 6 5 2 7 
64574684 17246816 15943488 10705754 
6 1 8 0 5 9 2 3 4 7 
64581480 21989270 12354700 13132102 
6 8 1 0 9 5 2 3 7 4 
64689750 17097678 12562068 13745496 
6 1 8 0 5 9 2 3 7 4 
64721068 17521524 12576990 12999600 
6 4 7 0 9 5 2 3 8 1 
64740126 16313390 12769452 14130184 
6 8 7 0 5 9 2 3 1 4 
64798528 16858726 12543572 12989524 
2 1 8 4 3 5 6 9 0 7 
64814162 17779916 16437118 10395162 
7 8 1 0 9 5 2 3 4 6 
64872620 13697474 13467784 13350704 
4 1 8 0 5 9 2 3 7 6 
64873104 14770538 12941390 12890164 
4 8 7 0 5 9 2 3 1 6 
64923786 14068142 12904606 12871958 
6 7 8 0 5 9 2 3 1 4 
65012706 17184646 12554172 12989194 
2 0 7 4 3 9 6 5 1 8 
65087030 15883292 16060862 10831316 
4 7 8 0 5 9 2 3 1 6 
65169644 14394102 12915950 12871628 
7 1 8 0 9 5 2 3 4 6 
65209962 13355070 13446124 13350678 
6 1 4 0 5 9 2 3 8 7 
65248072 20548800 12256824 13303676 
6 8 7 0 9 5 2 3 1 4 
65338796 16541062 12521816 13737146 
7 1 8 2 5 9 0 3 4 6 
65377286 13837090 13384778 13285644 
0 7 2 4 3 5 6 9 1 8 
65422674 16388584 16342462 10312240 
4 8 7 0 9 5 2 3 1 6 
65464054 13750478 12882850 13619580 
2 8 7 4 3 9 6 5 0 1 
65524974 15761892 15700564 10899734 
7 8 1 4 3 5 6 9 2 0 
65548906 16614688 16962168 10301612 
7 2 0 4 3 5 6 9 8 1 
65621720 15283138 17289690 10092648 
0 8 1 4 3 5 6 9 2 7 
65625980 17658476 16323346 10323444 
6 7 8 0 9 5 2 3 1 4 
65671078 16916626 12535552 13736956 
1 7 8 4 3 9 6 5 0 2 
65942672 15470044 15678094 10681824 
7 1 8 2 9 5 0 3 4 6 
66010688 13475266 13333878 14032826 
7 1 8 4 3 5 6 9 2 0 
66035892 16503274 16955210 10304566 
1 2 0 4 3 5 6 9 8 7 
66045066 17901330 16723560 10135854 
8 2 0 4 3 5 6 9 7 1 
66219598 15616942 17042734 10234806 
1 2 0 4 3 5 6 9 7 8 
66392610 16068788 16574336 10084812 
0 1 8 4 3 5 6 9 2 7 
66437686 17547472 16324014 10326398 
2 0 7 4 3 5 6 9 1 8 
66616252 16310354 16448668 10452584 
0 8 7 4 3 9 6 5 2 1 
67193278 15602144 15578140 10859162 
2 8 0 4 3 9 6 5 7 1 
67370792 15403712 15683792 11192676 
6 4 1 0 5 9 2 3 8 7 
67398204 21059960 12278650 13300882 
1 7 8 4 3 9 6 5 2 0 
67461702 16156992 15582740 10703766 
2 8 7 4 3 5 6 9 0 1 
67507916 16106292 16083218 10519046 
0 2 7 4 3 5 6 9 1 8 
67549894 16301930 16344664 10315536 
0 7 8 4 3 9 6 5 2 1 
67611064 15426452 15583468 10855832 
2 7 0 4 3 9 6 5 8 1 
67612538 14704678 15637008 10793912 
1 7 8 4 3 5 6 9 0 2 
67782862 15863164 16064444 10302732 
0 8 2 4 3 9 6 5 7 1 
68509682 15408064 15570860 11080748 
0 7 2 4 3 9 6 5 8 1 
68744932 14709014 15524044 10656096 
0 8 7 4 3 5 6 9 2 1 
69164704 15946572 15960794 10478522 
1 7 8 4 3 5 6 9 2 0 
69286254 16550112 15969090 10324722 
2 7 0 4 3 5 6 9 8 1 
69331090 15099808 16022438 10413578 
0 7 8 4 3 5 6 9 2 1 
69579886 15820552 15969818 10476788 
2 8 7 4 3 9 6 5 1 0 
69818466 17097668 15295112 10940482 
0 8 7 4 3 9 6 5 1 2 
69966508 16230516 15268162 10877888 
0 7 8 4 3 9 6 5 1 2 
70414478 16555996 15270550 10876518 
0 7 2 4 3 5 6 9 8 1 
70463350 15104126 15909514 10275864 
0 2 7 4 3 9 6 5 8 1 
70884112 14767852 15523114 10659160 
2 8 7 4 3 5 6 9 1 0 
71254078 17442068 15677766 10561474 
2 8 1 4 3 9 6 5 7 0 
71285804 16652552 15253124 10740572 
0 8 1 4 3 9 6 5 7 2 
71364700 15640244 15214514 10648168 
0 8 7 4 3 5 6 9 1 2 
71406242 16574944 15650816 10498880 
2 8 1 4 3 5 6 9 7 0 
73017348 16995756 15636818 10362968 
0 8 1 4 3 5 6 9 7 2 
73100366 15983476 15598208 10270564 
0 1 8 4 3 5 6 9 7 2 
73922544 16046348 15597856 10274198 
