128 3
5 3 0 2 4 1 6 
2389026 6334764 16361282 
5 3 2 0 4 1 6 
2402168 6134646 16320684 
5 3 2 0 6 1 4 
2427940 6109086 17453670 
1 3 0 2 4 5 6 
2449554 6259572 15712118 
3 5 2 0 4 1 6 
2459534 6062292 17222104 
1 3 2 0 4 5 6 
2462696 6052482 15697490 
3 5 2 0 6 1 4 
2485306 6036732 18355090 
1 3 2 0 6 5 4 
2488464 6033526 16974270 
5 1 0 2 4 3 6 
2591248 6511574 15281676 
1 5 4 6 0 3 2 
2598900 6008770 17812138 
5 1 2 0 4 3 6 
2601314 6313214 15245354 
3 1 0 2 4 5 6 
2606332 6388984 14889438 
3 1 2 0 4 5 6 
2616398 6182656 14882796 
1 5 6 4 0 3 2 
2697986 6020052 17763854 
4 6 2 0 5 1 3 
2795794 5129640 14154836 
6 4 2 0 5 1 3 
2820780 5235392 12981894 
4 6 2 0 3 1 5 
2835986 5115872 14689924 
6 4 0 2 5 1 3 
2847500 5344764 12958456 
6 4 2 0 3 1 5 
2860972 5221624 13516982 
4 6 0 2 3 1 5 
2863670 4859546 14690124 
6 4 0 2 3 1 5 
2897884 4963012 13493224 
1 3 0 2 5 4 6 
3172150 5613288 10555948 
1 3 2 0 5 4 6 
3185292 5749062 10546528 
2 0 4 6 3 1 5 
3210220 4658086 13942396 
0 2 4 6 3 1 5 
3241586 4637296 14587432 
2 0 4 6 5 1 3 
3259600 4452578 15276892 
2 0 6 4 3 1 5 
3280256 4912262 13927286 
0 2 4 6 5 1 3 
3290966 4464236 15139592 
3 1 0 2 5 4 6 
3321578 5679430 10514018 
3 1 2 0 5 4 6 
3331644 5815966 10512584 
4 3 0 2 6 1 5 
3416762 6785648 9639232 
4 3 2 0 6 1 5 
3441370 6526364 9558962 
4 1 0 2 6 3 5 
3687530 7341098 9057248 
4 1 2 0 6 3 5 
3709062 7083572 8981254 
1 5 2 0 3 4 6 
4011048 5220118 10019266 
1 5 0 2 3 4 6 
4022514 4841704 9991006 
4 5 0 2 6 1 3 
4110398 6015926 9966346 
4 5 2 0 6 1 3 
4120590 5631298 9923436 
6 3 0 2 4 1 5 
4123408 6857678 9181436 
6 3 2 0 4 1 5 
4148016 6509690 9110994 
6 1 0 2 4 3 5 
4398750 7427000 8583558 
4 1 0 2 6 5 3 
4410246 7042408 8786860 
6 1 2 0 4 3 5 
4420282 7080770 8517392 
4 1 2 0 6 5 3 
4441970 6645474 8714018 
0 1 4 6 2 5 3 
4660094 7599266 8362362 
5 3 0 2 1 4 6 
4690696 6202658 9681946 
2 5 6 4 0 1 3 
4728846 6481424 9071140 
0 1 6 4 2 5 3 
4770118 7519284 8275760 
3 5 0 2 1 4 6 
4782960 6212786 9426428 
0 2 6 5 1 4 3 
4783548 4426368 20310116 
2 0 6 5 1 4 3 
4789320 4449570 20229184 
6 5 0 2 4 1 3 
4817044 6087956 9508550 
6 5 2 0 4 1 3 
4827236 5614624 9475468 
0 2 1 3 5 4 6 
4858156 4088664 13372160 
2 1 4 6 0 5 3 
4886322 7249208 8387196 
2 0 1 3 5 4 6 
4888824 4097874 13250060 
2 1 6 4 0 5 3 
4996346 7080522 8310422 
0 2 3 1 5 4 6 
5049958 3768594 13289340 
2 0 3 1 5 4 6 
5077550 3778566 13175226 
1 3 4 6 5 2 0 
5088242 4578552 9792658 
2 3 4 6 0 1 5 
5097902 5730886 9050240 
1 3 4 6 5 0 2 
5111370 4789104 9650222 
6 1 2 0 4 5 3 
5153190 6642672 8250156 
1 3 6 4 5 0 2 
5210456 5200394 9608014 
2 3 6 4 0 1 5 
5211002 5560442 8969190 
4 6 1 5 3 0 2 
5279622 4444338 12987094 
6 4 1 5 3 0 2 
5354330 4562024 11635170 
2 1 4 6 0 3 5 
5412826 6840910 7906800 
4 6 5 1 3 0 2 
5463470 4200848 12904910 
0 2 1 5 3 4 6 
5516670 4007038 12249898 
2 0 1 5 3 4 6 
5522634 4047960 11629958 
2 1 6 4 0 3 5 
5522850 6672224 7830026 
6 4 5 1 3 0 2 
5535102 4319296 11560972 
2 1 5 3 0 4 6 
5618732 6024344 8797784 
0 2 5 1 3 4 6 
5659072 3418124 12219474 
2 0 5 1 3 4 6 
5686568 3453712 11543632 
2 3 1 5 0 4 6 
5798306 6301330 8029882 
6 4 5 1 3 2 0 
5812790 4327736 11330736 
0 1 5 3 2 4 6 
5942674 5893260 8627696 
4 1 3 5 6 0 2 
5961548 5524680 9197458 
4 3 1 5 6 2 0 
6047496 6043702 7804138 
2 5 1 3 0 4 6 
6136644 6312864 7082804 
4 5 3 1 6 2 0 
6155520 5995104 8541342 
2 0 5 6 4 1 3 
6301926 2866358 15984862 
0 2 5 6 4 1 3 
6333148 2916440 15004970 
4 3 1 5 6 0 2 
6333190 5926972 7378618 
6 4 1 3 5 0 2 
6402384 4486786 10138128 
0 5 1 3 2 4 6 
6425166 6085782 6913598 
4 5 3 1 6 0 2 
6429160 5860772 8360360 
4 6 3 1 5 0 2 
6470824 3652886 11433152 
4 6 3 1 5 2 0 
6491502 3794724 11338158 
6 4 3 1 5 0 2 
6542456 3771334 10089214 
6 4 3 1 5 2 0 
6561664 3912686 9856994 
2 0 3 6 4 1 5 
6811422 2785914 16275870 
1 5 3 2 0 4 6 
6829424 3415676 14487902 
0 2 3 6 4 1 5 
6842548 2829164 15516586 
2 0 5 4 6 1 3 
6977702 2783698 15044254 
0 2 5 4 6 1 3 
7018188 2821888 14251052 
4 6 3 2 0 1 5 
7125570 2667298 14117650 
6 4 3 2 0 1 5 
7159952 2725936 13903774 
3 4 6 5 1 2 0 
7565012 5403256 9264326 
4 6 5 0 2 1 3 
7662978 2649666 15796640 
4 6 5 2 0 1 3 
7939118 2620606 15048214 
3 1 5 2 0 4 6 
8349692 3190422 12333576 
5 4 6 1 3 0 2 
8446440 5041586 9285296 
3 1 4 0 2 5 6 
8559286 3113370 12731024 
3 6 4 5 1 0 2 
8583438 5283314 9228254 
3 1 5 0 2 4 6 
8650716 3170150 11835568 
5 4 6 1 3 2 0 
8716190 4891536 8921590 
5 1 3 4 6 2 0 
8750614 3662076 10795994 
3 6 4 5 1 2 0 
8803728 5078636 8835638 
0 2 1 4 6 3 5 
8841290 2964932 13350636 
5 1 3 4 6 0 2 
9061788 3530106 10584074 
3 2 0 1 5 4 6 
9297406 4672042 9601842 
4 6 1 2 0 5 3 
9366618 2879952 13438988 
6 4 1 2 0 5 3 
9400498 2937574 13206946 
3 4 6 1 5 2 0 
9413702 5160138 8505992 
5 6 4 1 3 0 2 
9633810 4765868 8763746 
0 2 1 4 6 5 3 
9676118 3040554 12826360 
5 6 4 1 3 2 0 
9902384 4563474 8492776 
5 3 1 4 6 2 0 
9985594 4304260 9008066 
4 6 1 2 0 3 5 
10009154 2847262 13070640 
6 4 1 2 0 3 5 
10043034 2904884 12838598 
5 3 1 4 6 0 2 
10297160 4189738 8765234 
3 5 1 0 2 4 6 
10342430 3722948 10121470 
2 3 1 4 0 6 5 
10479220 5580552 8357828 
3 6 4 1 5 0 2 
10596858 5042438 8468772 
3 6 4 1 5 2 0 
10599896 4832076 8077178 
