53 3
1 4 3 5 0 2 
3400850 37054636 16603200 
1 5 3 4 0 2 
3426690 37748306 11988260 
1 5 3 2 0 4 
3431700 36743772 15416652 
3 2 1 5 4 0 
3481818 33601554 16599116 
3 2 1 0 4 5 
3493544 35805864 9040772 
3 4 1 5 0 2 
3568496 35047542 15633668 
3 0 1 2 4 5 
3783424 34718796 11822990 
3 0 1 5 4 2 
3787480 33800028 14969492 
1 4 3 5 2 0 
4367340 30781180 16259454 
1 4 3 0 2 5 
4393188 33096340 8316272 
3 4 1 5 2 0 
4451334 28325982 15265352 
3 4 1 0 2 5 
4477334 30526470 7707242 
3 0 1 5 2 4 
4910514 29468356 14731880 
1 0 3 2 5 4 
5563400 24817364 11811944 
1 0 3 4 5 2 
5572664 25818076 8383786 
3 0 1 2 5 4 
5842506 25607348 11323904 
1 4 3 0 5 2 
5948136 27270988 7996742 
3 4 1 0 5 2 
6227470 25746694 7445042 
3 2 0 1 4 5 
9359768 36250344 6052934 
3 1 0 2 5 4 
9878914 25055888 10181564 
3 1 0 4 5 2 
9892956 25883422 7342974 
3 2 0 1 5 4 
9947634 27138896 5553788 
3 4 0 1 2 5 
9980988 32732762 4794778 
3 4 0 1 5 2 
10073460 27952986 4532932 
3 5 0 4 2 1 
10526650 23700308 11202088 
3 5 0 1 2 4 
10538256 25015622 6685650 
1 0 4 3 2 5 
10612440 34042328 4495880 
1 3 0 2 5 4 
10743234 24155882 10438376 
1 2 0 3 5 4 
10880242 26745326 5640632 
1 4 0 3 5 2 
11004604 28346460 4434928 
3 0 4 1 2 5 
11081074 32439460 4177250 
1 5 0 4 2 3 
11455308 23521104 11275934 
1 5 0 3 2 4 
11471088 24749410 7045522 
4 0 1 2 5 3 
12505692 22769044 10135696 
4 0 1 3 5 2 
12539360 22674796 10355380 
4 3 1 2 5 0 
12645262 23126458 8694864 
4 3 1 0 5 2 
12665176 21889332 12835074 
4 0 3 2 5 1 
12696170 21507184 10073614 
4 0 3 1 5 2 
12727176 21499528 10004554 
4 1 3 2 5 0 
12903280 23071852 8575110 
1 0 4 3 5 2 
13291924 28216976 4176662 
1 3 4 0 5 2 
13417740 26479392 6371348 
1 2 4 0 5 3 
13535822 15856242 8756996 
1 2 4 3 5 0 
13549728 16884448 5221542 
3 0 4 1 5 2 
13759074 27659684 3915404 
3 2 4 0 5 1 
14004974 15077118 8007734 
3 2 4 1 5 0 
14017610 15933634 5052708 
3 4 2 1 0 5 
17267196 26901352 4584110 
3 0 2 1 5 4 
17773856 26311976 3837518 
3 4 2 0 5 1 
18141032 14544670 6897032 
3 4 2 1 5 0 
18158218 15400016 3953966 
1 4 2 3 5 0 
18622532 16241618 3883292 
3 0 5 1 2 4 
22880480 23599848 3757324 
