661 3
0 4 1 2 7 5 6 8 9 3 
2632538 45552490 19576694 
8 4 1 2 7 5 6 0 9 3 
2649200 45467628 19450228 
8 4 1 7 9 5 6 0 2 3 
2679984 36364438 17294502 
8 4 6 7 9 5 1 0 2 3 
2711810 36245374 17318156 
0 4 1 5 7 2 6 8 9 3 
2754498 40656190 15615246 
8 4 1 5 7 2 6 0 9 3 
2771106 40571156 15522794 
8 4 1 7 9 2 6 0 5 3 
2779482 53228900 14081516 
8 2 1 7 9 5 6 0 4 3 
2803594 34155088 17324700 
0 9 1 5 7 2 6 8 4 3 
2817406 40459916 15927286 
8 2 6 7 9 5 1 0 4 3 
2828486 34120530 17348818 
8 9 1 5 7 2 6 0 4 3 
2830990 40375206 15841236 
0 4 1 2 7 9 6 8 5 3 
2895860 50077808 14185414 
8 4 1 2 7 9 6 0 5 3 
2910902 49993558 14063592 
0 4 1 5 7 9 6 8 2 3 
2919132 28355512 13536006 
8 4 1 5 7 9 6 0 2 3 
2933310 28271396 13450520 
0 9 1 5 7 4 6 8 2 3 
2939852 44751342 13073218 
0 4 6 5 7 9 1 8 2 3 
2948900 28131544 13609282 
8 9 1 5 7 4 6 0 2 3 
2953436 44666632 12987168 
8 4 6 5 7 9 1 0 2 3 
2963078 28047428 13523796 
0 9 6 5 7 4 1 8 2 3 
2990338 44634300 13234430 
0 2 1 5 7 4 6 8 9 3 
2997034 42785612 12829912 
8 2 1 5 7 4 6 0 9 3 
3013642 42700578 12737460 
8 2 1 7 9 4 6 0 5 3 
3025538 46247434 11301728 
0 2 1 5 7 9 6 8 4 3 
3039222 26193508 13604740 
8 2 6 7 9 4 1 0 5 3 
3050430 46212876 11325846 
8 2 1 5 7 9 6 0 4 3 
3053400 26109392 13519254 
0 2 6 5 7 9 1 8 4 3 
3062056 26054046 13678480 
8 4 3 5 7 9 6 0 2 1 
3072962 28143040 13504692 
8 4 1 5 9 7 6 0 2 3 
3073474 28064824 13261302 
8 2 6 5 7 9 1 0 4 3 
3076234 25969930 13592994 
0 2 3 5 7 4 6 8 9 1 
3088946 42443940 12639476 
8 4 6 5 9 7 1 0 2 3 
3103594 27992480 13315426 
8 2 3 5 7 4 6 0 9 1 
3105554 42358906 12547024 
8 7 1 5 9 4 6 0 2 3 
3118340 30996318 12913492 
8 7 6 5 9 4 1 0 2 3 
3141554 30888332 12938304 
8 2 3 7 9 4 6 0 5 1 
3150426 45231662 11111076 
0 4 6 5 7 9 3 8 2 1 
3150580 27880796 13129570 
8 4 6 5 7 9 3 0 2 1 
3164758 27796680 13044084 
8 2 1 5 9 4 6 0 7 3 
3168796 29448400 12438366 
8 2 6 5 9 4 1 0 7 3 
3192010 29340414 12463178 
8 5 1 7 9 4 6 0 2 3 
3194026 43915220 11375620 
8 2 1 5 9 7 6 0 4 3 
3194252 25877794 13326768 
0 2 6 5 7 4 3 8 9 1 
3215216 42516086 12384980 
8 5 6 7 9 4 1 0 2 3 
3225852 43796156 11399274 
8 2 3 7 9 4 1 0 5 6 
3231068 45166912 11014990 
8 2 6 5 7 4 3 0 9 1 
3231824 42431052 12292528 
0 2 6 5 7 9 3 8 4 1 
3243288 25740658 13196128 
8 5 3 7 9 4 6 0 2 1 
3246520 43417910 11185136 
8 2 6 5 7 9 3 0 4 1 
3257466 25656542 13110642 
0 2 1 5 7 4 3 8 9 6 
3282044 42259778 12264012 
8 2 3 5 9 4 6 0 7 1 
3293684 28432628 12247714 
8 2 1 5 7 4 3 0 9 6 
3298652 42174744 12171560 
8 5 3 7 9 4 1 0 2 6 
3323754 43342720 11088610 
8 2 1 7 9 4 3 0 5 6 
3333544 45758254 10908502 
0 2 1 9 7 4 6 8 5 3 
3363326 46397424 10628206 
8 2 3 5 9 4 1 0 7 6 
3369070 28367934 12151654 
8 2 1 9 7 4 6 0 5 3 
3378206 46312658 10608426 
8 5 6 7 9 4 3 0 2 1 
3429360 43298646 11099054 
8 2 1 5 9 4 3 0 7 6 
3471546 28959276 12045166 
8 5 1 7 9 4 3 0 2 6 
3474768 43342520 10978874 
0 2 3 9 7 4 6 8 5 1 
3487440 45394396 10443782 
8 2 3 9 7 4 6 0 5 1 
3502320 45309630 10424002 
8 7 1 3 9 2 6 0 5 4 
3502848 35278436 11522310 
0 5 1 9 7 4 6 8 2 3 
3524614 44121586 10804400 
8 5 1 9 7 4 6 0 2 3 
3538486 44036928 10786754 
8 5 6 9 7 4 1 0 2 3 
3563136 43953120 10951440 
8 2 3 9 7 4 1 0 5 6 
3576130 45274472 10466180 
0 5 3 9 7 4 6 8 2 1 
3576334 43637020 10620144 
8 5 3 9 7 4 6 0 2 1 
3590206 43552362 10602498 
0 9 1 7 3 2 6 8 5 4 
3620942 45142776 10428156 
0 2 6 9 7 4 3 8 5 1 
3623778 45907110 10185122 
8 9 1 7 3 2 6 0 5 4 
3635390 45057932 10305770 
8 2 6 9 7 4 3 0 5 1 
3638658 45822344 10165342 
8 7 3 1 9 2 6 0 5 4 
3649446 34560270 11783780 
8 5 3 9 7 4 1 0 2 6 
3660608 43506764 10644236 
0 4 6 9 1 5 3 8 2 7 
3676258 31288058 11733164 
0 2 1 9 7 4 3 8 5 6 
3679872 45871254 10062150 
8 5 1 3 9 2 6 0 7 4 
3681812 31400536 11148266 
0 7 1 9 3 2 6 8 5 4 
3685496 34902406 9561426 
8 4 6 9 1 5 3 0 2 7 
3690328 31203598 11715706 
8 7 1 9 3 2 6 0 5 4 
3700376 34817640 9541646 
8 5 6 3 9 2 1 0 7 4 
3711932 31328192 11202390 
0 9 1 5 7 2 6 8 3 4 
3712710 24428984 13636018 
8 9 1 5 7 2 6 0 3 4 
3726294 24344274 13549968 
0 2 1 9 5 7 6 8 4 3 
3726552 26392120 13044952 
8 2 1 9 5 7 6 0 4 3 
3732768 26307460 13027306 
8 5 3 1 9 2 6 0 7 4 
3828410 30682370 11409736 
0 2 1 9 3 5 6 8 4 7 
3846534 29749924 11853546 
0 5 1 9 3 2 6 8 7 4 
3851332 31121676 9365110 
8 2 1 9 3 5 6 0 4 7 
3860604 29665464 11836088 
8 5 1 9 3 2 6 0 7 4 
3865204 31037018 9347464 
8 7 1 5 9 2 6 0 3 4 
3887418 23703574 13467046 
8 5 6 9 3 2 1 0 7 4 
3889942 30991116 9507362 
8 2 6 9 3 5 1 0 4 7 
3898582 29657966 11966694 
0 2 6 9 5 7 3 8 4 1 
3940942 26515352 13005436 
8 7 1 5 9 3 6 0 2 4 
3941708 29013152 11609200 
8 2 6 9 5 7 3 0 4 1 
3947158 26430692 12987790 
0 2 6 9 1 5 3 8 4 7 
3950150 29007316 11517404 
8 2 6 9 1 5 3 0 4 7 
3964220 28922856 11499946 
8 7 6 5 9 3 1 0 2 4 
3964922 28905166 11634012 
8 5 6 1 9 2 3 0 7 4 
3994590 30842266 11165018 
0 2 1 9 5 7 3 8 4 6 
3996950 26389968 12821300 
8 2 1 9 5 7 3 0 4 6 
4003166 26305308 12803654 
0 9 6 5 7 2 3 8 1 4 
4009840 23786604 13293966 
8 9 6 5 7 2 3 0 1 4 
4023424 23701894 13207916 
0 5 3 9 1 2 6 8 7 4 
4059318 30346316 9192690 
0 2 1 9 6 5 3 8 4 7 
4064602 29133058 11447402 
8 5 3 9 1 2 6 0 7 4 
4073190 30261658 9175044 
8 2 1 9 6 5 3 0 4 7 
4078672 29048598 11429944 
8 7 3 5 9 1 6 0 2 4 
4083528 28300158 11272354 
8 9 1 5 7 2 3 0 6 4 
4094346 23885448 13198240 
8 2 1 5 9 3 6 0 7 4 
4190524 27551538 11145674 
8 4 1 5 9 3 6 0 2 7 
4198180 25519948 11604024 
8 7 3 5 9 6 1 0 2 4 
4212148 28137938 11115746 
8 2 6 5 9 3 1 0 7 4 
4213738 27443552 11170486 
8 4 1 5 9 2 3 0 6 7 
4243058 23519638 14385130 
8 4 6 5 9 3 1 0 2 7 
4248474 25401502 11628392 
0 2 6 5 7 3 1 8 4 9 
4319434 23697688 12169944 
8 7 1 5 9 6 3 0 2 4 
4322814 28229942 11065522 
8 2 6 5 7 3 1 0 4 9 
4335118 23612702 12083894 
0 7 1 9 3 4 6 8 5 2 
4350946 33373148 8540548 
0 2 1 5 7 3 6 8 4 9 
4357122 23698844 12006936 
8 7 1 9 3 4 6 0 5 2 
4365826 33288382 8520768 
8 5 1 3 9 4 6 0 7 2 
4367788 29882774 10128612 
8 2 1 5 7 3 6 0 4 9 
4372806 23613858 11920886 
0 5 3 9 2 4 6 8 7 1 
4373662 29501058 11005864 
8 2 3 5 9 1 6 0 7 4 
4380798 26309666 10807260 
8 4 6 5 7 1 3 0 2 9 
4402236 25477814 11565540 
8 7 6 9 3 4 1 0 5 2 
4403804 33280884 8651374 
8 5 6 3 9 4 1 0 7 2 
4418082 29764328 10152980 
8 2 1 5 9 3 6 0 4 7 
4455758 23392438 11677490 
8 2 6 5 9 1 3 0 7 4 
4466140 26885226 10785096 
8 2 6 5 9 3 1 0 4 7 
4499118 23358498 11702322 
8 2 6 5 7 1 3 0 4 9 
4505204 23342140 11632698 
8 2 3 5 9 6 1 0 7 4 
4509418 26147446 10650652 
8 5 3 1 9 4 6 0 7 2 
4511722 29164596 10390646 
0 5 1 9 3 4 6 8 7 2 
4537302 29601346 8345432 
0 9 1 5 7 4 6 8 3 2 
4548038 22801680 12606754 
8 5 1 9 3 4 6 0 7 2 
4551174 29516688 8327786 
8 9 1 5 7 4 6 0 3 2 
4561622 22716970 12520704 
8 2 1 5 9 6 3 0 7 4 
4571546 26830992 10603676 
0 5 6 9 3 4 1 8 7 2 
4582214 29509342 8475574 
8 5 6 9 3 4 1 0 7 2 
4596086 29424684 8457928 
8 9 6 5 7 4 1 0 3 2 
4632254 22673974 12681936 
6 2 3 5 7 9 0 1 4 8 
4652164 22958058 11967494 
1 2 3 5 7 9 0 6 4 8 
4674746 22958408 11903546 
8 7 1 5 9 4 6 0 3 2 
4716726 22176976 12446468 
0 5 3 9 1 4 6 8 7 2 
4742636 28831110 8173624 
8 5 3 9 1 4 6 0 7 2 
4756508 28746452 8155978 
8 2 4 7 9 3 6 0 5 1 
4759574 42153048 7207278 
8 7 6 5 9 4 1 0 3 2 
4760086 22143036 12471300 
0 9 6 5 7 4 3 8 1 2 
4763006 22389810 12414082 
8 9 6 5 7 4 3 0 1 2 
4776590 22305100 12328032 
8 2 4 7 9 1 6 0 5 3 
4824960 41926948 7059516 
8 9 1 5 7 4 3 0 6 2 
4844394 22488654 12318256 
8 2 4 5 9 3 6 0 7 1 
4903008 24545668 8351198 
8 2 4 7 9 6 1 0 5 3 
4955274 41764670 6902876 
8 2 4 5 9 1 6 0 7 3 
4968394 24319568 8203436 
0 2 1 9 5 3 6 8 4 7 
4987892 23835716 11395010 
6 9 0 2 4 5 3 1 8 7 
4989542 20283514 14104834 
8 2 1 9 5 3 6 0 4 7 
4994108 23751056 11377364 
0 2 4 5 7 1 3 8 9 6 
4994850 39708042 7967058 
1 9 0 2 4 5 3 6 8 7 
5004434 20198626 13946112 
8 2 4 5 7 1 3 0 9 6 
5011458 39623008 7874606 
6 5 7 4 3 9 0 1 2 8 
5032042 39100858 8080340 
8 2 6 9 5 3 1 0 4 7 
5032086 23743558 11507970 
0 2 4 5 7 6 3 8 9 1 
5033844 39613932 7906518 
1 5 7 4 3 9 0 6 2 8 
5045720 39101316 8018526 
8 2 4 7 9 1 3 0 5 6 
5049918 41349208 6603474 
8 2 4 5 7 6 3 0 9 1 
5050452 39528898 7814066 
1 9 8 2 4 5 3 6 0 7 
5073772 20381968 13931984 
0 2 4 9 7 3 6 8 5 1 
5094212 42330902 6558452 
8 2 4 5 9 6 1 0 7 3 
5097014 24157348 8046828 
8 2 4 7 9 6 3 0 5 1 
5099590 41251680 6542920 
8 2 4 9 7 3 6 0 5 1 
5109092 42246136 6538672 
8 2 1 9 5 6 3 0 4 7 
5138094 24065570 11363138 
0 2 4 9 7 1 6 8 5 3 
5159580 42097098 6410618 
6 2 3 7 5 9 0 1 4 8 
5161092 23123762 10612064 
8 2 4 9 7 1 6 0 5 3 
5174460 42012332 6390838 
1 2 3 7 5 9 0 6 4 8 
5175874 23124084 10513914 
8 7 4 5 9 3 6 0 2 1 
5181634 22229916 8813500 
8 2 4 5 9 1 3 0 7 6 
5188096 23741884 7747420 
8 5 7 4 9 1 3 0 2 6 
5222878 35541608 7653322 
8 2 4 5 9 6 3 0 7 1 
5241330 23644358 7686872 
6 9 0 4 2 5 3 1 8 7 
5253172 20479798 13774500 
6 8 0 5 7 2 3 1 9 4 
5266442 19156014 13354428 
8 7 4 5 9 1 6 0 2 3 
5270960 22014232 8667138 
8 5 7 4 9 6 3 0 2 1 
5276414 35445570 7592874 
0 2 4 9 7 6 1 8 5 3 
5283070 41967836 6392274 
1 8 0 5 7 2 3 6 9 4 
5290644 19070756 13227586 
8 2 7 5 9 1 3 0 4 6 
5297716 20514628 8224152 
8 2 4 9 7 6 1 0 5 3 
5297950 41883070 6372494 
8 5 4 7 9 3 6 0 2 1 
5333286 35126070 7265882 
8 2 7 5 9 6 3 0 4 1 
5347832 20417102 8163504 
1 0 8 5 7 2 3 6 9 4 
5374536 19158238 13226916 
0 2 4 9 7 1 3 8 5 6 
5393078 41482368 5781746 
8 2 4 9 7 1 3 0 5 6 
5407958 41397602 5761966 
8 5 4 7 9 3 1 0 2 6 
5410520 35050880 7169356 
8 5 4 7 9 1 6 0 2 3 
5422612 34910386 7119520 
6 9 0 5 7 2 3 1 8 4 
5437586 17040296 13183082 
0 2 4 9 7 6 3 8 5 1 
5442758 41388264 5721224 
8 2 4 9 7 6 3 0 5 1 
5457638 41303498 5701444 
1 9 0 5 7 2 3 6 8 4 
5460780 16955146 13058374 
8 4 7 5 9 1 3 0 2 6 
5512390 19278374 8150582 
8 7 4 5 9 6 3 0 2 1 
5520040 21265942 8147494 
1 9 8 5 7 2 3 6 0 4 
5530102 17140082 13049310 
8 5 4 7 9 6 1 0 2 3 
5552938 34739156 6962640 
8 4 7 5 9 6 3 0 2 1 
5565926 19182336 8090134 
8 5 4 7 9 1 3 0 2 6 
5620306 34249126 6659958 
8 5 4 7 9 6 3 0 2 1 
5673398 34153086 6599604 
0 2 4 9 5 1 3 8 7 6 
5728444 24370140 7652652 
8 2 4 9 5 1 3 0 7 6 
5734660 24285480 7635006 
0 5 4 9 7 1 6 8 2 3 
5750032 35136912 6572924 
8 5 4 9 7 1 6 0 2 3 
5763904 35052254 6555278 
6 8 9 2 4 5 3 1 0 7 
5769566 16754460 14096030 
0 2 4 9 5 6 3 8 7 1 
5781684 24275182 7592128 
6 0 9 2 4 5 3 1 8 7 
5783664 16660726 14110302 
1 8 9 2 4 5 3 6 0 7 
5784698 16669570 13937308 
8 2 4 9 5 6 3 0 7 1 
5787900 24190522 7574482 
1 0 9 2 4 5 3 6 8 7 
5798796 16575836 13951580 
0 5 7 9 4 1 3 8 2 6 
5828534 35827904 5942772 
8 2 9 5 7 6 3 0 4 1 
5832066 22585410 8088958 
0 2 7 9 5 1 3 8 4 6 
5832168 21036086 7797868 
8 2 7 9 5 1 3 0 4 6 
5838384 20951426 7780222 
8 5 7 9 4 1 3 0 2 6 
5842406 35743246 5925126 
0 5 4 9 7 6 1 8 2 3 
5873534 34998698 6554340 
0 5 7 9 4 6 3 8 2 1 
5882076 35734434 5882348 
0 2 7 9 5 6 3 8 4 1 
5882290 20941128 7737244 
8 5 4 9 7 6 1 0 2 3 
5887406 34914040 6536694 
8 2 7 9 5 6 3 0 4 1 
5888506 20856468 7719598 
8 5 7 9 4 6 3 0 2 1 
5895948 35649776 5864702 
6 9 0 7 5 2 3 1 8 4 
5914570 17525944 12993458 
1 9 0 7 5 2 3 6 8 4 
5929964 17440766 12834548 
0 2 7 9 4 1 3 8 5 6 
5955946 35374410 5769186 
0 5 4 9 7 1 3 8 2 6 
5956266 34438662 5940532 
8 5 4 9 7 1 3 0 2 6 
5970138 34354004 5922886 
8 2 7 9 4 1 3 0 5 6 
5970826 35289644 5749406 
1 9 7 2 4 0 3 6 5 8 
5995178 33115908 7556814 
1 9 8 7 5 2 3 6 0 4 
5999198 17624108 12820536 
0 2 7 9 4 6 3 8 5 1 
6006068 35279452 5708562 
6 8 0 5 7 4 3 1 9 2 
6008650 17772330 12475350 
0 5 4 9 7 6 3 8 2 1 
6009366 34346046 5880210 
8 2 7 9 4 6 3 0 5 1 
6020948 35194686 5688782 
8 5 4 9 7 6 3 0 2 1 
6023238 34261388 5862564 
0 4 7 9 5 1 3 8 2 6 
6024498 19953594 8008596 
8 4 7 9 5 1 3 0 2 6 
6030714 19868934 7990950 
1 8 0 5 7 4 3 6 9 2 
6032350 17687362 12348696 
6 8 9 4 2 5 3 1 0 7 
6038636 16935304 13757156 
6 0 9 4 2 5 3 1 8 7 
6052734 16841570 13771428 
1 8 9 4 2 5 3 6 0 7 
6061568 16850442 13632636 
1 0 9 4 2 5 3 6 8 7 
6075666 16756708 13646908 
0 4 7 9 5 6 3 8 2 1 
6078040 19860124 7948172 
8 4 7 9 5 6 3 0 2 1 
6084256 19775464 7930526 
6 5 9 2 4 8 3 1 7 0 
6103182 25510658 7356466 
1 0 8 5 7 4 3 6 9 2 
6116242 17774844 12348026 
1 5 9 2 4 8 3 6 7 0 
6117786 25426212 7204522 
6 9 0 5 7 4 3 1 8 2 
6145594 15641732 12302004 
6 5 9 2 4 0 3 1 7 8 
6152240 25418410 7296254 
1 5 9 2 4 0 3 6 7 8 
6166844 25333964 7144310 
1 9 0 5 7 4 3 6 8 2 
6168286 15556872 12177484 
8 6 3 5 9 4 7 0 1 2 
6205310 14702688 15168576 
8 1 3 5 9 4 7 0 6 2 
6209610 14583702 15158768 
6 8 9 5 7 2 3 1 0 4 
6212132 13505938 13180218 
6 0 9 5 7 2 3 1 8 4 
6226702 13408484 13188612 
1 8 9 5 7 2 3 6 0 4 
6235566 13420786 13055510 
1 9 8 5 7 4 3 6 0 2 
6237608 15741808 12168420 
1 0 9 5 7 2 3 6 8 4 
6250136 13323332 13063904 
8 7 4 9 2 1 6 0 5 3 
6251610 29815196 7137114 
0 7 4 9 2 6 1 8 5 3 
6360220 29770700 7138550 
8 7 4 9 2 6 1 0 5 3 
6375100 29685934 7118770 
1 5 9 4 2 8 3 6 7 0 
6412506 25668038 7079340 
1 9 0 2 4 7 3 6 8 5 
6430056 17394980 12102996 
6 5 9 4 2 0 3 1 7 8 
6439160 25660208 7136870 
0 5 4 9 2 3 6 8 7 1 
6452020 25519006 7106354 
1 5 9 4 2 0 3 6 7 8 
6461564 25575790 7019128 
8 5 4 9 2 3 6 0 7 1 
6465892 25434348 7088708 
0 7 4 9 2 1 3 8 5 6 
6471208 29263546 6766722 
8 7 4 9 2 1 3 0 5 6 
6486088 29178780 6746942 
1 9 8 2 4 7 3 6 0 5 
6502512 17578322 12088968 
0 5 4 9 2 1 6 8 7 3 
6516408 25301596 6959934 
0 7 4 9 2 6 3 8 5 1 
6520888 29169442 6706200 
8 5 4 9 2 1 6 0 7 3 
6530280 25216938 6942288 
8 7 4 9 2 6 3 0 5 1 
6535768 29084676 6686420 
6 9 0 7 5 4 3 1 8 2 
6622566 16122244 12112332 
1 9 0 7 5 4 3 6 8 2 
6637458 16037356 11953610 
0 5 4 9 2 6 1 8 7 3 
6639910 25163382 6941350 
8 5 4 9 2 6 1 0 7 3 
6653782 25078724 6923704 
6 9 0 4 2 7 3 1 8 5 
6678280 17671306 11931524 
6 8 9 7 5 2 3 1 0 4 
6687396 13994624 12988208 
1 9 0 4 2 7 3 6 8 5 
6701474 17586156 11806816 
6 0 9 7 5 2 3 1 8 4 
6701510 13900308 13002404 
1 8 9 7 5 2 3 6 0 4 
6703030 13909444 12829298 
1 9 8 7 5 4 3 6 0 2 
6706692 16220698 11939598 
1 0 9 7 5 2 3 6 8 4 
6717144 13815128 12843494 
0 5 4 9 2 1 3 8 7 6 
6747478 24654740 6569322 
8 5 4 9 2 1 3 0 7 6 
6761350 24570082 6551676 
1 9 8 4 2 7 3 6 0 5 
6773930 17769498 11792788 
8 5 2 4 9 1 3 0 7 6 
6781608 23443880 7682854 
0 5 4 9 2 6 3 8 7 1 
6800578 24562124 6509000 
8 5 4 9 2 6 3 0 7 1 
6814450 24477466 6491354 
8 5 2 4 9 6 3 0 7 1 
6835144 23347842 7622406 
0 6 3 9 5 4 7 8 1 2 
6856146 14447822 11686580 
0 1 3 9 5 4 7 8 6 2 
6859078 14338250 11694178 
8 6 3 9 5 4 7 0 1 2 
6862362 14363162 11668934 
8 1 3 9 5 4 7 0 6 2 
6865294 14253590 11676532 
6 8 9 5 7 4 3 1 0 2 
6923160 12122254 12300140 
0 6 3 9 5 2 7 8 1 4 
6929648 14008734 11372430 
8 6 3 9 5 2 7 0 1 4 
6935864 13924074 11354784 
0 1 3 9 5 2 7 8 6 4 
6936000 13900650 11380228 
6 0 9 5 7 4 3 1 8 2 
6937730 12024800 12308534 
8 1 3 9 5 2 7 0 6 4 
6942216 13815990 11362582 
1 8 9 5 7 4 3 6 0 2 
6946092 12037392 12175620 
1 0 9 5 7 4 3 6 8 2 
6960662 11939938 12184014 
0 5 2 9 7 6 3 8 4 1 
6980214 37467320 5678010 
8 5 2 9 7 6 3 0 4 1 
6994086 37382662 5660364 
1 5 4 2 9 8 3 6 7 0 
7046626 24205068 7246012 
0 7 2 9 4 3 6 8 5 1 
7057158 28579998 6156028 
8 7 2 9 4 3 6 0 5 1 
7072038 28495232 6136248 
1 5 4 2 9 0 3 6 7 8 
7097010 24110258 7185494 
0 7 2 9 4 1 6 8 5 3 
7118894 28367712 6010220 
8 7 2 9 4 1 6 0 5 3 
7133774 28282946 5990440 
6 2 7 3 5 8 0 1 4 9 
7136626 23543854 7615928 
0 7 2 9 4 1 3 8 5 6 
7145742 27768006 5792768 
1 2 7 3 5 8 0 6 4 9 
7151814 23543914 7551792 
8 7 2 9 4 1 3 0 5 6 
7160622 27683240 5772988 
0 7 2 9 4 6 3 8 5 1 
7195864 27673048 5732144 
8 1 6 9 5 2 7 0 3 4 
7199244 15119360 11339750 
8 7 2 9 4 6 3 0 5 1 
7210744 27588282 5712364 
1 0 9 2 4 7 3 6 8 5 
7223210 13766238 12108064 
8 3 6 9 5 2 7 0 1 4 
7226818 14633642 11351872 
0 5 2 9 4 3 6 8 7 1 
7295400 24431464 5959956 
8 5 2 9 4 3 6 0 7 1 
7309272 24346806 5942310 
8 6 1 9 5 2 7 0 3 4 
7326384 14855554 11337156 
0 5 2 9 4 1 6 8 7 3 
7357136 24219178 5814148 
8 5 2 9 4 1 6 0 7 3 
7371008 24134520 5796502 
0 5 2 9 4 1 3 8 7 6 
7380576 23609032 5596256 
8 5 2 9 4 1 3 0 7 6 
7394448 23524374 5578610 
6 8 9 7 5 4 3 1 0 2 
7398412 12605804 12108082 
6 0 9 7 5 4 3 1 8 2 
7412526 12511488 12122278 
1 8 9 7 5 4 3 6 0 2 
7413544 12520914 11949360 
1 0 9 7 5 4 3 6 8 2 
7427658 12426598 11963556 
0 5 2 9 4 6 3 8 7 1 
7434118 23515562 5535832 
8 5 2 9 4 6 3 0 7 1 
7447990 23430904 5518186 
3 8 9 5 7 4 1 6 0 2 
7630302 11831240 12282020 
3 0 9 5 7 4 1 6 8 2 
7644872 11733786 12290414 
1 5 2 4 9 8 3 6 7 0 
7845592 23411434 6146438 
1 9 0 3 5 2 7 6 8 4 
7854536 19082484 10377204 
3 8 9 5 7 4 6 1 0 2 
7871324 11714924 12187452 
6 2 7 1 5 8 0 3 4 9 
7877692 23288508 7437888 
3 0 9 5 7 4 6 1 8 2 
7885894 11617470 12195846 
1 5 2 4 9 0 3 6 7 8 
7895976 23316624 6085920 
1 8 9 5 7 4 6 3 0 2 
7943480 11927828 11998150 
1 0 9 5 7 4 6 3 8 2 
7958050 11830374 12006544 
3 4 7 1 5 8 0 6 2 9 
8002056 22561616 7625872 
6 4 7 1 5 8 0 3 2 9 
8064368 22306774 7696938 
8 1 2 9 5 3 7 0 6 4 
8112876 19009964 11127924 
1 2 7 6 5 8 0 3 4 9 
8138432 23282352 7360276 
3 4 7 6 5 8 0 1 2 9 
8248858 22553186 7606718 
1 4 7 6 5 8 0 3 2 9 
8325350 22298512 7615782 
1 8 9 7 5 4 6 3 0 2 
8408348 12419574 11840636 
1 0 9 7 5 4 6 3 8 2 
8422462 12325258 11854832 
3 9 0 1 5 2 7 6 8 4 
8518000 19098934 10231766 
6 9 0 1 5 2 7 3 8 4 
8580746 18802946 10288894 
6 9 8 1 5 2 7 3 0 4 
8649980 18986288 10274882 
0 2 5 9 4 1 3 8 7 6 
8755924 22998014 5551886 
8 2 5 9 4 1 3 0 7 6 
8770036 22913354 5534240 
0 2 5 9 4 6 3 8 7 1 
8809164 22903056 5491362 
8 2 5 9 4 6 3 0 7 1 
8823276 22818396 5473716 
1 9 0 6 5 2 7 3 8 4 
8838398 18802814 10220356 
8 1 9 3 5 2 7 0 6 4 
8856728 17616830 11305350 
8 6 9 3 5 2 7 0 1 4 
8869726 17509412 11314514 
1 9 8 6 5 2 7 3 0 4 
8907632 18986156 10206344 
9 2 7 5 0 1 3 8 4 6 
8960186 20409920 7684114 
9 2 4 0 7 3 6 8 5 1 
8990396 42258664 5417314 
9 2 7 5 0 6 3 8 4 1 
9010306 20313168 7623466 
9 2 4 0 7 1 6 8 5 3 
9055754 42025270 5269520 
6 8 9 3 5 4 7 1 0 2 
9091902 15978740 10822194 
6 0 9 3 5 4 7 1 8 2 
9106016 15884424 10836390 
1 8 9 3 5 4 7 6 0 2 
9107332 15851540 10669804 
1 0 9 3 5 4 7 6 8 2 
9121446 15757224 10684000 
9 2 7 5 8 6 3 0 4 1 
9137964 20247992 7602548 
9 4 7 5 0 1 3 8 2 6 
9172720 19183986 7633124 
9 2 4 0 7 6 1 8 5 3 
9180598 41895960 5251146 
9 2 4 8 7 1 6 0 5 3 
9203758 41943846 5220614 
6 8 9 3 5 2 7 1 0 4 
9205606 15523560 10508320 
6 0 9 3 5 2 7 1 8 4 
9219720 15429244 10522516 
1 8 9 3 5 2 7 6 0 4 
9221538 15396070 10355742 
9 4 7 5 0 6 3 8 2 1 
9226260 19088722 7572676 
1 0 9 3 5 2 7 6 8 4 
9235652 15301754 10369938 
9 2 4 0 7 1 3 8 5 6 
9283844 41410404 4640736 
9 2 4 0 7 6 3 8 5 1 
9333526 41316218 4580206 
9 4 7 5 8 6 3 0 2 1 
9353918 19023546 7551758 
9 2 4 8 7 6 3 0 5 1 
9481530 41234794 4531300 
9 2 3 5 7 1 0 8 4 6 
9497090 18991566 8507060 
9 2 3 5 7 6 0 8 4 1 
9505536 18989580 8506230 
9 5 4 0 7 1 6 8 2 3 
9645480 35071402 5442458 
9 7 4 0 5 1 6 8 2 3 
9702700 22564882 7544864 
9 5 7 0 4 1 3 8 2 6 
9714154 35751752 4800256 
9 2 7 0 5 1 3 8 4 6 
9721920 20980994 6690792 
9 2 6 5 7 3 0 8 4 1 
9755184 18978612 8760178 
9 5 7 0 4 6 3 8 2 1 
9767698 35658200 4739824 
9 2 1 5 7 3 0 8 4 6 
9768576 18944532 8639282 
9 5 4 0 7 6 1 8 2 3 
9770336 34933140 5423844 
9 2 7 0 5 6 3 8 4 1 
9772044 20885954 6630160 
9 5 4 8 7 1 6 0 2 3 
9792234 34992192 5399230 
9 2 7 0 4 1 3 8 5 6 
9842292 35291940 4616038 
9 5 4 0 7 1 3 8 2 6 
9846306 34373016 4810154 
1 8 5 7 9 4 3 6 0 2 
9880548 16787022 9923382 
3 8 9 1 5 2 7 6 0 4 
9886222 15409430 10206734 
9 2 7 0 4 6 3 8 5 1 
9892416 35196900 4555406 
6 8 5 9 7 4 3 1 0 2 
9896356 16787544 9644274 
6 0 5 9 7 4 3 1 8 2 
9898026 16833758 9641360 
9 5 4 0 7 6 3 8 2 1 
9899408 34280318 4749824 
3 0 9 1 5 2 7 6 8 4 
9900336 15315114 10220930 
9 2 7 8 5 6 3 0 4 1 
9911646 20806742 6586932 
9 4 7 0 5 1 3 8 2 6 
9916670 19877442 6866080 
1 8 5 9 7 4 3 6 0 2 
9919000 16702766 9622360 
1 0 5 9 7 4 3 6 8 2 
9920670 16748980 9619446 
6 8 9 1 5 2 7 3 0 4 
9949928 15113434 10263862 
6 0 9 1 5 2 7 3 8 4 
9964042 15019118 10278058 
9 4 7 0 5 6 3 8 2 1 
9970214 19783890 6805648 
9 2 7 8 4 6 3 0 5 1 
10040420 35115476 4506500 
9 5 4 8 7 6 3 0 2 1 
10046162 34201108 4706596 
9 4 7 8 5 6 3 0 2 1 
10109816 19704678 6762420 
1 8 9 6 5 2 7 3 0 4 
10207336 15113920 10196038 
1 0 9 6 5 2 7 3 8 4 
10221450 15019604 10210234 
2 6 3 5 7 9 0 4 1 8 
10583788 11407720 14167958 
2 1 3 5 7 9 0 4 6 8 
10597582 11256160 14150324 
9 5 4 0 2 1 3 8 7 6 
10635684 24574352 5414136 
9 5 4 0 2 6 3 8 7 1 
10688786 24481654 5353806 
9 6 3 0 5 4 7 8 1 2 
10729608 14405872 10596286 
9 1 3 0 5 4 7 8 6 2 
10732782 14294194 10600340 
2 8 0 5 7 1 3 4 9 6 
10758242 13004200 10404800 
2 8 0 5 7 6 3 4 9 1 
10796916 12914374 10344694 
9 6 3 0 5 2 7 8 1 4 
10803130 13965964 10282056 
9 1 3 0 5 2 7 8 6 4 
10809724 13855774 10286310 
9 5 4 8 2 6 3 0 7 1 
10835540 24402444 5310578 
2 0 8 5 7 6 3 4 9 1 
10880808 13001856 10344024 
2 9 0 5 7 1 3 4 8 6 
10933780 10869204 10207580 
9 7 2 0 4 3 6 8 5 1 
10947214 28501580 5007750 
3 8 5 9 7 4 1 6 0 2 
10966054 16496614 9728760 
3 0 5 9 7 4 1 6 8 2 
10967724 16542828 9725846 
2 9 0 5 7 6 3 4 8 1 
10975874 10780866 10147674 
9 7 2 0 4 1 6 8 5 3 
11008940 28289704 4861982 
3 8 5 7 9 4 1 6 0 2 
11021058 16507106 9718886 
9 7 2 0 4 1 3 8 5 6 
11030380 27689862 4644618 
2 9 8 5 7 6 3 4 0 1 
11045196 10965802 10138610 
9 7 2 0 4 6 3 8 5 1 
11080504 27594822 4583986 
3 8 5 9 7 4 6 1 0 2 
11086416 16380214 9531586 
3 0 5 9 7 4 6 1 8 2 
11088086 16426428 9528672 
9 5 2 0 4 3 6 8 7 1 
11186424 24344622 4797502 
9 7 2 8 4 6 3 0 5 1 
11228508 27513398 4535080 
9 5 2 0 4 1 6 8 7 3 
11248150 24132746 4651734 
9 5 2 0 4 1 3 8 7 6 
11266182 23522464 4433930 
2 8 0 7 5 1 3 4 9 6 
11278208 13491264 9856730 
2 6 3 5 7 8 0 4 1 9 
11282098 9984612 13235120 
2 1 3 5 7 8 0 4 6 9 
11299312 9834540 13217686 
2 8 0 7 5 6 3 4 9 1 
11316880 13400582 9796616 
9 5 2 0 4 6 3 8 7 1 
11319726 23428912 4373498 
4 1 3 5 7 8 0 2 6 9 
11416480 10763486 13180972 
2 9 0 7 5 1 3 4 8 6 
11455114 11346854 9642104 
9 5 2 8 4 6 3 0 7 1 
11466480 23349702 4330270 
2 9 0 7 5 6 3 4 8 1 
11497206 11257660 9582190 
2 9 8 7 5 6 3 4 0 1 
11566440 11441002 9568178 
9 2 6 5 7 8 1 3 4 0 
11659958 18712406 9413162 
2 8 9 5 7 3 1 4 0 6 
11662814 7813546 10775702 
2 0 9 5 7 3 1 4 8 6 
11677384 7716092 10784096 
9 2 1 5 7 8 6 3 4 0 
11677908 18721090 9253926 
2 8 9 5 7 3 6 4 0 1 
11700870 7795786 10679190 
2 8 9 5 7 1 3 4 0 6 
11705748 7352958 10205916 
9 2 6 5 7 0 1 3 4 8 
11710496 18618432 9352450 
2 0 9 5 7 1 3 4 8 6 
11720318 7255504 10214310 
7 2 6 5 9 8 1 3 4 0 
11720404 18704304 9152578 
9 2 1 5 7 0 6 3 4 8 
11728446 18627116 9193214 
7 2 1 5 9 8 6 3 4 0 
11736594 18745772 9131518 
2 8 9 5 7 6 3 4 0 1 
11747540 7263132 10145910 
2 0 9 5 7 6 3 4 8 1 
11762110 7165678 10154304 
7 2 6 5 9 0 1 3 4 8 
11770930 18608008 9091866 
7 2 1 5 9 0 6 3 4 8 
11787120 18649476 9070806 
9 2 6 5 7 8 3 1 4 0 
11868416 18324000 9230402 
3 4 7 5 9 1 8 0 2 6 
11912588 19631744 7237536 
9 2 6 5 7 0 3 1 4 8 
11918954 18230026 9169690 
3 4 7 5 9 6 8 0 2 1 
11924884 19628070 7236804 
3 4 7 5 9 1 0 8 2 6 
12047732 19527268 7246046 
9 2 6 7 5 8 3 1 4 0 
12053676 18711002 8806834 
3 4 7 5 9 6 0 8 2 1 
12060028 19523594 7245314 
9 2 1 5 7 8 3 6 4 0 
12099508 18388590 9107734 
9 2 6 7 5 0 3 1 4 8 
12104212 18616172 8746114 
9 2 1 5 7 0 3 6 4 8 
12150046 18294616 9047022 
2 8 9 7 5 3 6 4 0 1 
12218776 8283872 10145894 
2 8 9 7 5 1 3 4 0 6 
12225362 7833646 9638054 
2 0 9 7 5 1 3 4 8 6 
12239476 7739330 9652250 
2 8 9 7 5 6 3 4 0 1 
12267152 7742964 9578040 
2 0 9 7 5 6 3 4 8 1 
12281266 7648648 9592236 
9 2 1 7 5 8 3 6 4 0 
12285558 18776182 8650678 
9 2 1 7 5 0 3 6 4 8 
12336094 18681352 8589958 
9 2 5 0 4 1 3 8 7 6 
12642262 22909592 4387418 
9 6 2 5 7 1 0 8 4 3 
12665540 18143980 8907636 
9 1 2 5 7 6 0 8 4 3 
12687210 18339412 8785170 
9 2 5 0 4 6 3 8 7 1 
12695504 22814552 4326886 
9 3 2 5 7 1 0 8 4 6 
12770212 18392924 8476760 
9 3 2 5 7 6 0 8 4 1 
12778960 18392426 8476030 
9 6 2 5 7 3 0 8 4 1 
12782202 17882148 8727990 
9 1 2 5 7 3 0 8 4 6 
12795124 18078078 8606254 
9 2 5 8 4 6 3 0 7 1 
12842742 22734722 4282944 
9 6 2 7 5 1 0 8 4 3 
12874508 18324220 8504186 
9 1 2 7 5 6 0 8 4 3 
12896634 18518668 8381550 
9 3 2 7 5 1 0 8 4 6 
12979638 18573036 8073148 
9 3 2 7 5 6 0 8 4 1 
12988384 18571682 8072410 
9 6 2 7 5 3 0 8 4 1 
12991170 18062388 8324540 
9 1 2 7 5 3 0 8 4 6 
13004550 18258190 8202642 
5 9 6 4 2 8 3 7 1 0 
13195408 17710902 9363730 
5 9 6 4 2 0 3 7 1 8 
13245516 17621550 9303616 
2 9 6 5 4 8 3 7 1 0 
13295804 17631984 8404750 
2 9 6 5 4 0 3 7 1 8 
13345910 17542714 8344644 
5 9 6 2 4 8 3 7 1 0 
13413622 17525430 8204842 
5 9 6 2 4 0 3 7 1 8 
13463730 17436078 8144728 
5 9 1 2 4 0 3 7 6 8 
13538586 17617826 8125536 
5 8 0 4 2 1 3 7 9 6 
13543138 13270662 8828064 
5 8 0 4 2 6 3 7 9 1 
13582314 13180546 8767770 
2 8 0 5 4 1 3 7 9 6 
13639038 13023954 7607400 
2 8 0 5 4 6 3 7 9 1 
13678210 12933064 7547106 
5 9 0 4 2 6 3 7 8 1 
13742246 11071134 8640838 
2 0 8 5 4 6 3 7 9 1 
13762102 13020546 7546436 
2 9 0 5 4 1 3 7 8 6 
13801078 10873250 7408072 
2 9 0 5 4 6 3 7 8 1 
13843670 10783848 7347978 
2 9 8 5 4 6 3 7 0 1 
13912992 10968784 7338914 
7 2 3 9 5 1 8 0 4 6 
13960746 19364184 7182070 
7 2 3 9 5 6 8 0 4 1 
13969182 19361670 7181264 
7 2 3 9 5 1 0 8 4 6 
14101058 19243260 7053088 
7 2 3 9 5 6 0 8 4 1 
14109494 19240746 7052282 
7 5 9 4 1 0 3 6 2 8 
14236876 40446916 4275080 
9 2 7 6 5 8 3 1 4 0 
14348998 20934040 6477734 
7 2 6 9 5 3 0 8 4 1 
14359230 19226368 7302126 
9 4 7 5 1 8 6 3 2 0 
14367754 19072602 7094262 
9 2 7 6 5 0 3 1 4 8 
14399534 20839210 6417014 
9 4 7 5 1 0 6 3 2 8 
14418292 18978628 7033550 
5 0 9 4 2 3 6 7 8 1 
14467602 8435852 9263212 
9 4 7 6 5 8 3 1 2 0 
14507158 19876850 6723758 
5 8 9 4 2 1 6 7 0 3 
14528710 8308350 9105166 
5 8 9 4 2 6 1 7 0 3 
14532094 8278422 9169354 
5 0 9 4 2 6 3 7 8 1 
14533634 7454360 8639166 
2 0 9 5 4 3 1 7 8 6 
14543662 8176962 7897762 
9 2 7 1 5 0 3 6 4 8 
14548130 20760806 6374772 
9 4 7 6 5 0 3 1 2 8 
14557694 19782020 6663038 
2 8 9 5 4 3 6 7 0 1 
14567646 8221660 7799530 
2 8 9 5 4 1 3 7 0 6 
14572026 7372712 7408788 
2 0 9 5 4 1 3 7 8 6 
14586596 7275258 7417182 
2 8 9 5 4 6 3 7 0 1 
14614316 7281822 7348594 
2 0 9 5 4 6 3 7 8 1 
14628886 7184368 7356988 
9 4 7 1 5 0 3 6 2 8 
14705040 19705830 6626474 
4 2 5 9 1 8 3 6 7 0 
14896578 22647922 4946538 
4 2 5 9 1 0 3 6 7 8 
14946666 22554192 4885944 
4 9 5 7 0 6 3 2 8 1 
14977182 18886632 7315140 
2 8 4 5 0 1 3 7 9 6 
15053812 18683894 7082586 
2 9 5 7 0 1 3 4 8 6 
15088560 17748658 6983806 
2 9 4 5 0 1 3 7 8 6 
15098450 17807714 6885774 
2 9 5 7 0 6 3 4 8 1 
15131536 17657756 6923688 
2 9 4 5 0 6 3 7 8 1 
15141926 17716604 6825476 
7 5 2 8 4 1 3 0 9 6 
15152146 39044454 4200322 
7 5 2 8 4 6 3 0 9 1 
15191434 38951222 4139898 
4 2 5 9 6 0 3 1 7 8 
15200980 22619676 4837926 
5 9 4 2 0 6 3 7 8 1 
15228286 17697790 6791526 
2 5 3 9 4 0 1 6 7 8 
15346722 22445194 6356960 
2 5 3 9 4 8 6 1 7 0 
15608652 22500100 6313264 
2 5 3 9 4 0 6 1 7 8 
15659042 22407858 6252770 
4 2 5 9 3 0 6 1 7 8 
15694426 22594798 4821900 
5 9 4 2 6 8 3 7 1 0 
15804384 20724620 6522242 
5 9 4 2 6 0 3 7 1 8 
15854492 20635268 6462128 
5 4 9 2 6 8 3 7 1 0 
15876790 20052104 6591196 
5 4 9 2 6 0 3 7 1 8 
15925992 19958288 6530782 
5 4 9 2 1 0 3 7 6 8 
15968942 19670246 6578848 
9 2 5 4 6 8 3 1 7 0 
16040524 22699332 4628590 
9 2 5 4 6 0 3 1 7 8 
16090618 22605356 4567972 
2 5 3 4 9 8 1 6 7 0 
16095318 22488046 6229756 
2 5 3 4 9 0 1 6 7 8 
16145702 22393236 6169238 
9 2 5 4 1 0 3 6 7 8 
16226922 22539788 4513384 
2 5 3 4 9 0 6 1 7 8 
16450270 22380572 6271286 
7 2 5 8 4 6 3 0 9 1 
16563880 40364770 4092284 
2 5 9 1 4 0 3 6 7 8 
16761712 25268218 4258306 
5 9 2 0 4 1 3 7 8 6 
16822652 19400892 6556104 
5 9 2 0 4 6 3 7 8 1 
16866578 19311414 6495720 
2 9 5 0 4 1 3 7 8 6 
17055666 17831802 6590112 
2 9 5 0 4 6 3 7 8 1 
17099146 17742404 6529830 
5 7 4 9 8 3 6 0 2 1 
17391014 22074668 6179396 
5 7 4 9 8 1 6 0 2 3 
17480338 21854376 6032962 
5 2 7 9 8 1 3 0 4 6 
17509180 20268882 5305650 
5 2 7 9 8 6 3 0 4 1 
17559294 20172376 5245026 
5 2 7 9 0 6 3 8 4 1 
17692048 20237496 5197540 
5 4 7 9 8 1 3 0 2 6 
17709856 19146142 5428316 
5 2 7 8 9 1 3 0 4 6 
17742190 20389122 4733948 
5 4 7 9 8 6 3 0 2 1 
17763390 19051124 5367892 
5 2 7 8 9 6 3 0 4 1 
17792302 20291760 4673316 
5 4 7 9 0 6 3 8 2 1 
17896144 19116244 5320406 
5 4 7 8 9 1 3 0 2 6 
17947426 19235002 4798594 
5 4 7 8 9 6 3 0 2 1 
18000958 19139128 4738162 
5 2 3 9 7 1 8 0 4 6 
18134884 18993474 6185374 
5 2 3 9 7 6 8 0 4 1 
18143324 18991734 6184568 
5 2 3 9 7 1 0 8 4 6 
18145960 18864354 6021848 
5 2 3 9 7 6 0 8 4 1 
18154400 18862614 6021042 
5 2 9 8 7 1 3 0 4 6 
18205052 22499012 4595448 
5 2 9 8 7 6 3 0 4 1 
18253396 22405066 4535224 
5 2 6 9 7 3 0 8 4 1 
18404048 18848226 6270886 
5 2 1 9 7 3 0 8 4 6 
18417446 18812190 6147914 
5 2 7 8 4 1 3 0 9 6 
18576206 38227086 4186324 
5 2 3 7 9 1 8 0 4 6 
18609932 18713814 5909582 
5 2 3 7 9 1 0 8 4 6 
18613256 18609366 5952294 
5 2 7 8 4 6 3 0 9 1 
18615638 38132286 4125698 
5 2 3 7 9 6 8 0 4 1 
18618364 18708650 5908744 
5 2 3 7 9 6 0 8 4 1 
18621688 18604202 5951456 
5 4 2 8 7 1 3 0 9 6 
18653274 35445134 4211870 
5 4 2 8 7 6 3 0 9 1 
18692566 35352676 4151446 
5 2 6 7 9 3 0 8 4 1 
18870896 18592614 6204720 
5 2 1 7 9 3 0 8 4 6 
18883950 18562242 6084516 
7 9 5 2 0 1 3 4 8 6 
18908392 17902048 6230878 
7 9 5 2 0 6 3 4 8 1 
18951368 17811146 6170760 
7 8 5 2 9 1 3 4 0 6 
19211668 12192510 6861698 
5 2 9 8 4 1 3 0 7 6 
19239024 24643286 4236054 
7 8 5 2 9 6 3 4 0 1 
19254784 12099266 6801378 
5 2 9 8 4 6 3 0 7 1 
19290928 24548486 4175828 
5 7 2 8 4 6 3 0 9 1 
19799910 32558736 4153990 
5 3 2 9 7 1 0 8 4 6 
21403222 18305882 6037958 
5 3 2 9 7 6 0 8 4 1 
21411964 18305630 6037252 
5 6 2 9 7 3 0 8 4 1 
21413742 17795640 6289392 
5 1 2 9 7 3 0 8 4 6 
21425938 17991468 6167722 
5 6 2 7 9 1 0 8 4 3 
21804764 17693026 6338822 
5 4 7 9 1 8 6 3 2 0 
21855844 19100164 5149764 
5 3 2 7 9 1 8 0 4 6 
21905274 18047262 5865912 
5 4 7 9 1 0 6 3 2 8 
21906378 19006354 5089068 
5 3 2 7 9 1 0 8 4 6 
21908598 17942814 5908624 
5 3 2 7 9 6 8 0 4 1 
21914008 18043586 5865174 
5 3 2 7 9 6 0 8 4 1 
21917332 17939138 5907886 
5 6 2 7 9 3 8 0 4 1 
21918066 17528676 6116464 
5 6 2 7 9 3 0 8 4 1 
21921390 17424228 6159176 
5 1 2 7 9 3 8 0 4 6 
21932094 17723992 5994146 
5 1 2 7 9 3 0 8 4 6 
21935418 17619544 6036858 
5 2 7 1 9 8 3 6 4 0 
22248670 20342212 4521876 
5 2 7 1 9 0 3 6 4 8 
22299198 20245834 4461156 
5 4 7 1 9 8 3 6 2 0 
22416066 19236668 4662936 
5 2 9 1 7 8 3 6 4 0 
22437254 22494172 4400512 
5 4 7 1 9 0 3 6 2 8 
22466594 19140290 4602216 
5 4 7 9 1 8 3 6 2 0 
22472938 18934530 5284176 
9 8 5 2 7 1 3 4 0 6 
22474048 12197588 6697168 
5 2 9 1 7 0 3 6 4 8 
22486456 22400356 4340098 
9 8 5 2 7 6 3 4 0 1 
22517180 12107440 6636848 
5 4 7 9 1 0 3 6 2 8 
22523472 18840720 5223480 
5 4 7 9 6 0 3 1 2 8 
22777726 18907128 5175602 
2 9 5 7 4 1 3 0 8 6 
23075178 17277678 6486234 
2 9 5 7 4 6 3 0 8 1 
23117158 17188904 6426492 
5 4 7 9 3 0 6 1 2 8 
23120156 18834580 5158140 
5 9 0 2 7 1 3 4 8 6 
24072198 10922450 6839832 
5 9 0 2 7 6 3 4 8 1 
24114294 10834030 6779918 
5 9 8 2 7 6 3 4 0 1 
24183614 11017478 6768024 
5 8 9 2 7 3 6 4 0 1 
24829432 7845374 7305988 
5 0 9 2 7 3 6 4 8 1 
24843760 7750026 7317926 
5 8 9 2 7 1 3 4 0 6 
24845140 7402244 6832482 
5 0 9 2 7 1 3 4 8 6 
24859468 7306896 6844420 
5 8 9 2 7 6 3 4 0 1 
24886934 7312336 6772468 
5 0 9 2 7 6 3 4 8 1 
24901262 7216988 6784406 
5 9 7 2 0 1 3 4 8 6 
25830104 15427430 6247162 
5 9 7 2 0 6 3 4 8 1 
25873526 15336448 6186942 
