58 3
2 0 5 4 1 3 
6310846 882276 13271644 
2 3 5 4 1 0 
6311034 936130 13147970 
5 3 2 4 0 1 
6311778 1075486 11848170 
5 1 2 4 0 3 
6312066 870706 16848060 
5 0 2 4 1 3 
6314076 792848 15231188 
5 3 2 4 1 0 
6314154 956152 9841044 
2 3 5 4 0 1 
6324102 920056 9770210 
2 1 5 4 0 3 
6324358 747116 13238036 
5 1 2 4 3 0 
6333450 885754 11647186 
5 2 1 4 3 0 
6640858 863744 11180268 
2 5 1 4 0 3 
6644818 734226 8911298 
2 0 1 4 5 3 
6645960 732732 8069154 
5 0 1 4 2 3 
6649382 730812 8033198 
1 5 2 4 0 3 
7310658 697370 15307228 
1 2 5 4 3 0 
7322554 672050 12723508 
1 5 2 4 3 0 
7332042 679550 9734654 
5 1 0 4 2 3 
7699024 648712 13302266 
4 0 1 5 2 3 
7701400 831528 7480166 
2 1 0 4 5 3 
7711124 641272 13283778 
4 0 1 2 5 3 
8080616 747706 7653906 
1 2 0 4 3 5 
8712884 659422 12512454 
1 5 0 4 3 2 
8713060 721112 9520270 
2 1 3 4 5 0 
8810642 608026 13137084 
5 1 3 4 2 0 
8819882 602266 13135662 
4 0 3 5 2 1 
9250328 882864 7264352 
2 0 1 5 4 3 
10257068 802368 7372512 
0 3 4 1 2 5 
10343266 824796 7244574 
4 0 3 2 5 1 
10388488 779490 7322348 
1 3 4 5 0 2 
10447960 1008886 7151932 
1 0 4 5 3 2 
10457520 917760 6717362 
5 0 1 2 4 3 
10639706 716626 7510296 
0 5 1 4 2 3 
10786406 673006 8586970 
1 0 2 5 3 4 
11331120 906584 6597982 
0 3 5 1 2 4 
11402334 822122 7097246 
1 2 4 0 3 5 
11416220 814912 7117686 
1 5 4 0 3 2 
11416396 890180 6901552 
1 0 4 2 3 5 
11598576 859848 6951700 
2 3 4 1 0 5 
11924348 795616 7049096 
1 0 5 2 3 4 
12462864 902862 6828990 
5 0 3 2 4 1 
12952622 745290 7174032 
5 1 3 2 4 0 
12952732 652398 12388394 
0 1 3 4 2 5 
12956796 613942 12617398 
0 5 3 4 2 1 
12957020 686496 8276920 
2 3 5 1 0 4 
12989236 789342 6896338 
1 2 5 0 3 4 
12997838 812446 6886676 
3 2 5 4 1 0 
13729146 588830 12355614 
3 5 2 4 1 0 
13732266 600170 9389096 
3 0 2 4 1 5 
13732308 696452 7912988 
3 0 4 5 1 2 
15004396 863920 6502714 
3 2 0 4 1 5 
15114820 579082 12148904 
3 5 0 4 1 2 
15114836 640772 9173264 
3 0 2 5 1 4 
15876832 853464 6384420 
3 2 4 0 1 5 
17675104 736832 6765606 
3 5 4 0 1 2 
17675120 812100 6566016 
3 5 2 0 1 4 
17782404 850156 6563242 
3 0 4 2 1 5 
18428076 773688 6559324 
3 2 5 0 1 4 
19261766 731246 6529890 
3 0 5 2 1 4 
19297408 813582 6431908 
