16 3
2 4 1 0 3 
2472194 9183866 6064478 
2 4 1 3 0 
2472194 9611660 5674990 
2 4 0 1 3 
2472502 6573098 5379654 
2 4 0 3 1 
2472502 8423100 4627898 
2 4 3 1 0 
2472824 6073666 4265896 
2 4 3 0 1 
2472824 7495874 3903628 
1 4 3 2 0 
2997110 6909274 4037062 
1 4 3 0 2 
2997110 7457198 3559720 
3 1 0 4 2 
3670828 5800518 4673490 
3 1 0 2 4 
3670828 6611908 4172036 
3 1 2 4 0 
3670982 5851826 4144104 
3 1 2 0 4 
3670982 6825740 3827140 
0 1 2 4 3 
4419962 6225038 3654294 
0 1 2 3 4 
4419962 7751714 3498784 
0 4 3 1 2 
4644866 5634854 2878388 
3 2 0 4 1 
8838860 5585252 4425796 
