93 3
2 1 4 3 0 5 
5409904 1126458 13510836 
2 4 1 3 0 5 
5431644 1185350 12289370 
2 4 1 5 0 3 
5437962 1159322 11874974 
2 1 4 5 0 3 
5452216 1100430 13096440 
0 4 1 3 2 5 
5489764 1175596 11119236 
0 4 1 5 2 3 
5510594 1138000 10520664 
2 5 4 3 0 1 
6231438 845996 11820018 
2 4 5 3 0 1 
6245120 845028 12861920 
2 5 4 1 0 3 
6311880 772250 10645896 
2 3 4 5 0 1 
6331712 1010008 9369618 
2 4 5 1 0 3 
6351272 771282 11687798 
2 3 4 1 0 5 
6369842 962290 8609892 
0 5 4 1 2 3 
6428212 777362 10528848 
0 4 5 1 2 3 
6471420 759690 10372646 
3 1 4 2 5 0 
6725082 1099328 7294372 
5 1 4 2 3 0 
7057360 1106654 6731488 
5 1 4 0 3 2 
7086620 1095086 6547312 
0 3 1 5 2 4 
7325498 712948 9770122 
0 1 3 5 2 4 
7335944 616256 14281556 
0 3 1 4 2 5 
7359638 697042 9516880 
0 1 3 4 2 5 
7395794 600350 14028314 
2 3 1 5 0 4 
7431266 705310 8779032 
2 1 3 5 0 4 
7441394 610010 13390308 
3 5 4 2 1 0 
8086130 897038 7193554 
5 3 4 2 1 0 
8100206 1055390 7192594 
3 5 4 0 1 2 
8105680 886916 7032400 
5 3 4 0 1 2 
8128780 1045268 7031440 
0 5 1 3 2 4 
8313844 692476 11466580 
2 5 1 3 0 4 
8362764 684854 11229474 
0 5 1 4 2 3 
8368814 638974 10614766 
0 1 5 4 2 3 
8420234 588858 13577028 
2 1 5 4 0 3 
8435100 600412 13101468 
1 5 4 2 3 0 
8874946 789950 6733408 
1 5 4 0 3 2 
8896310 778382 6549232 
0 5 3 4 2 1 
9986816 555848 11516678 
0 3 5 1 2 4 
9993372 580734 9622176 
0 5 3 1 2 4 
10014102 534158 11171348 
2 3 5 4 0 1 
10025866 612530 9374676 
2 3 5 1 0 4 
10051624 563366 8591928 
2 5 3 1 0 4 
10069810 527926 10939836 
5 1 2 4 3 0 
10466668 1022796 6546204 
3 2 0 5 1 4 
10742092 508686 9513820 
3 0 2 5 1 4 
10752142 495402 10228016 
3 0 2 4 1 5 
10868530 389844 8547410 
3 2 0 4 1 5 
10879048 403128 7833214 
5 3 1 0 4 2 
10892802 703172 6684968 
5 3 1 2 4 0 
10909828 685820 6408704 
5 1 3 0 4 2 
10920692 661976 7397558 
5 1 3 2 4 0 
10939432 644624 7121294 
1 0 2 5 3 4 
11003464 388520 14191248 
5 1 0 4 3 2 
11056272 1072104 6407130 
1 0 2 4 3 5 
11092642 304652 12855972 
1 2 0 4 3 5 
11102842 319328 12241618 
2 0 4 5 3 1 
11559056 864138 3327450 
2 0 4 1 3 5 
11582780 846786 3051186 
5 0 2 1 3 4 
11662812 382266 11079972 
5 0 2 4 3 1 
11715374 315750 10020960 
3 2 0 1 5 4 
11880090 385554 8222776 
3 0 2 1 5 4 
11895348 383666 8976424 
3 0 2 4 5 1 
11909816 347516 8400874 
3 2 0 4 5 1 
11927124 349404 7647226 
0 2 4 1 3 5 
12528158 925962 3050706 
2 0 1 4 3 5 
12711136 1007892 2792628 
4 0 2 1 5 3 
12835164 343342 9797446 
3 5 1 0 4 2 
13214058 683378 6685088 
3 5 1 0 2 4 
13224284 675238 6656908 
3 1 5 0 2 4 
13236302 630078 7640844 
3 5 1 2 4 0 
13240108 666026 6408824 
3 1 5 0 4 2 
13247416 602402 7545032 
3 1 5 2 4 0 
13261468 585050 7268768 
3 5 1 4 2 0 
13353256 553774 4723060 
3 1 5 4 2 0 
13390984 508614 5706996 
0 2 1 4 3 5 
13514584 961706 2792908 
2 0 4 3 5 1 
14381874 820728 3123120 
2 0 4 1 5 3 
14433504 807714 2915922 
0 2 3 1 4 5 
14542918 718148 3832666 
0 2 4 1 5 3 
14554578 886890 2915442 
3 5 4 1 2 0 
14608494 711202 4640502 
3 5 4 1 0 2 
15111438 691666 4572870 
4 0 2 5 3 1 
15148224 318366 9927174 
4 2 0 1 3 5 
15174862 311206 10826470 
4 0 2 1 3 5 
15184840 301014 9650910 
2 0 5 4 3 1 
15293448 773932 3000102 
2 0 3 1 4 5 
15830260 770932 3832346 
5 3 1 4 2 0 
16231276 573568 4722940 
5 1 3 4 2 0 
16240048 486788 5277722 
0 2 1 4 5 3 
16522460 956822 2776000 
2 0 1 4 5 3 
16543316 1003008 2775720 
0 2 3 1 5 4 
18140480 623724 3505778 
0 2 3 4 5 1 
18140634 587574 2930228 
2 0 3 4 5 1 
18170088 640358 2929908 
4 5 3 1 2 0 
19483114 418610 7636334 
1 5 3 4 2 0 
19784878 407612 5278202 
