60 2
2 5 7 0 8 6 4 1 3 9 
3412510 27966288 
2 7 5 0 8 6 4 1 3 9 
3429504 25272404 
2 7 9 0 8 6 4 1 3 5 
3468676 25097576 
7 5 9 0 8 6 4 1 3 2 
3514878 23066108 
7 5 9 0 8 6 4 3 1 2 
3661712 22193894 
5 7 9 0 8 6 4 3 1 2 
4354842 21862796 
7 5 2 1 6 8 9 0 3 4 
7080736 21845100 
5 7 2 6 1 8 9 0 3 4 
7433540 21829658 
5 7 2 1 6 8 9 0 3 4 
7473422 21743446 
7 2 4 6 1 8 9 3 0 5 
7736294 17466330 
4 2 7 6 1 8 9 3 0 5 
7959266 17220890 
2 4 7 6 1 8 9 3 0 5 
8270344 17036776 
4 2 7 6 3 8 9 1 0 5 
9040570 16562142 
4 2 7 1 3 8 9 6 0 5 
9179262 16431624 
4 2 5 8 9 6 1 3 0 7 
9306318 16430262 
2 4 7 6 3 8 9 1 0 5 
9351972 16336628 
2 4 7 1 3 8 9 6 0 5 
9491104 16211516 
4 2 5 0 9 1 6 3 8 7 
9758900 16208800 
2 4 5 8 9 1 6 3 0 7 
9763198 16165546 
4 2 5 0 8 6 3 9 1 7 
9904620 16031742 
4 2 5 8 0 6 3 9 1 7 
9943322 15960300 
4 7 5 8 9 3 1 0 6 2 
9956742 15605194 
4 7 5 8 9 6 1 0 3 2 
9971598 14438756 
4 2 5 8 9 6 1 0 3 7 
10002498 13276976 
4 2 5 8 9 1 6 0 3 7 
10143704 13201928 
2 7 5 8 9 6 1 0 3 4 
10303336 13081470 
2 7 5 8 9 1 6 0 3 4 
10438464 13031850 
7 2 4 1 6 0 8 3 9 5 
11026442 12138414 
7 2 4 6 1 0 8 3 9 5 
11044724 12103574 
7 2 4 6 1 8 0 3 9 5 
11093106 12077734 
4 2 7 1 6 0 8 3 9 5 
11300648 11866410 
4 2 7 6 1 0 8 3 9 5 
11319376 11858134 
4 2 7 1 6 8 0 3 9 5 
11349030 11840570 
4 2 7 6 1 8 0 3 9 5 
11367758 11832294 
7 5 2 6 4 0 8 3 1 9 
11467850 11782044 
7 5 2 6 4 0 8 1 3 9 
11540800 11529230 
7 5 2 1 4 0 8 6 3 9 
11609196 11394878 
5 7 2 6 4 0 8 1 3 9 
11953984 11238550 
5 7 2 1 4 0 8 6 3 9 
12021940 11098792 
4 2 7 1 3 0 8 6 9 5 
12329802 11081876 
4 2 7 1 3 8 0 6 9 5 
12378184 11056036 
2 4 7 6 3 0 8 1 9 5 
12444332 10971402 
2 4 7 6 3 8 0 1 9 5 
12492714 10945562 
2 4 7 1 3 0 8 6 9 5 
12611284 10846908 
2 4 7 1 3 8 0 6 9 5 
12659666 10821068 
2 4 5 1 7 0 8 6 3 9 
12948752 10657702 
4 2 5 6 3 0 8 1 7 9 
14772694 10630672 
4 2 5 1 3 0 8 6 7 9 
14807774 10491346 
2 4 5 1 3 0 8 6 7 9 
14951898 10392148 
7 2 4 6 1 0 8 3 5 9 
20137192 10377998 
4 2 7 6 1 0 8 3 5 9 
20620616 10041706 
4 2 7 1 6 0 8 3 5 9 
20660340 10032690 
2 4 7 6 1 0 8 3 5 9 
20740516 9989830 
2 4 7 1 6 0 8 3 5 9 
20780734 9979320 
4 2 7 3 6 0 8 1 5 9 
21785108 9874064 
4 2 7 3 1 0 8 6 5 9 
21813340 9743322 
2 4 7 3 1 0 8 6 5 9 
21931040 9664416 
4 2 7 6 3 0 8 1 5 9 
21935554 9373046 
4 2 7 1 3 0 8 6 5 9 
22003510 9233288 
2 4 7 1 3 0 8 6 5 9 
22124174 9145418 
