38 4
0 4 1 3 2 
3745922 248272 177370 81090 
0 4 3 1 2 
3757226 216064 203344 81090 
1 4 0 3 2 
7815334 247670 50932 81090 
1 4 3 0 2 
7920798 54422 204528 81090 
3 4 0 1 2 
8643490 215504 50992 81090 
3 4 1 0 2 
8737650 54464 178614 81090 
3 2 4 1 0 
10868030 301798 47774 180540 
3 0 1 4 2 
10959282 54240 245088 180540 
1 3 2 4 0 
11037920 472524 235202 61200 
2 3 1 4 0 
11057120 473574 231152 61200 
2 3 4 1 0 
11097830 285694 382088 61200 
3 1 2 4 0 
11123282 456420 248216 70380 
1 3 4 2 0 
11133194 284644 384704 61200 
3 1 4 2 0 
11209448 300748 371690 70380 
1 0 4 3 2 
11245790 285148 50804 180540 
1 2 4 3 0 
11280722 285736 47582 180540 
1 0 3 4 2 
11368860 54324 231888 180540 
2 1 3 4 0 
11551292 457512 231128 70380 
2 1 4 3 0 
11586776 285736 368882 70380 
0 3 2 4 1 
11862684 633984 418554 15300 
0 3 4 2 1 
11931620 515888 512624 15300 
0 1 4 2 3 
11934860 515972 512402 15300 
4 1 2 3 0 
15522222 285246 246304 70380 
4 1 3 2 0 
15572904 301350 232024 70380 
4 3 2 1 0 
15850896 285288 233434 61200 
4 3 1 2 0 
15905460 285288 232000 61200 
1 4 2 3 0 
15955382 473126 47350 146880 
1 0 3 2 4 
16161510 54324 382284 146880 
3 4 2 1 0 
16369418 457064 47494 146880 
3 0 1 2 4 
16568016 54240 369732 146880 
2 1 0 4 3 
17722230 634656 231952 15300 
2 3 0 4 1 
17722806 634614 231568 15300 
2 3 4 0 1 
17851072 285694 511088 15300 
2 1 4 0 3 
17855068 285736 510806 15300 
4 3 0 2 1 
20776626 516112 232780 15300 
4 1 0 2 3 
20777562 516070 233044 15300 
4 3 2 0 1 
20835956 285288 418230 15300 
4 1 2 0 3 
20838416 285246 418272 15300 
