21 3
4 2 1 0 3 5 6 
436276 794344 11145230 
4 2 6 0 3 5 1 
436496 794304 11356082 
3 2 6 4 0 5 1 
440366 787650 12221662 
3 2 1 4 0 5 6 
440794 792470 12010486 
3 0 6 2 4 5 1 
441592 896506 7414410 
0 2 6 4 3 5 1 
443200 786958 12236354 
3 4 6 2 0 5 1 
443382 895776 8143212 
0 2 1 4 3 5 6 
443872 791778 12024162 
0 4 6 2 3 5 1 
456198 895154 8158506 
4 0 6 3 2 5 1 
479192 662806 7073744 
2 0 6 3 4 5 1 
480624 662312 7087502 
4 3 1 0 2 5 6 
481928 782846 2656668 
4 3 6 0 2 5 1 
482142 782814 2796788 
2 3 1 0 4 5 6 
493220 782422 2671536 
2 3 6 0 4 5 1 
493556 782390 2811148 
0 3 6 4 5 2 1 
582788 851294 2083000 
0 3 1 4 5 2 6 
583460 856114 1941578 
5 3 1 4 0 2 6 
614912 854994 1978494 
0 1 3 2 5 4 6 
834746 1808562 1647264 
0 1 3 4 5 2 6 
835512 1734444 1631724 
5 1 3 4 0 2 6 
870092 1733308 1666600 
