15 4
0 4 1 3 2 
3745922 11646244 3872212 3523320 
0 4 3 1 2 
3757226 11643400 3819364 3523068 
0 2 1 3 4 
3768866 9457284 2822736 2864868 
4 0 3 1 2 
4999588 5274050 2540294 1586328 
2 0 1 3 4 
5764104 5243714 1976582 1583640 
4 2 0 3 1 
9886284 5237078 1853270 1583052 
4 2 3 0 1 
9996296 5202950 1219094 1580028 
3 2 4 1 0 
10868030 4010608 2478256 1199904 
3 2 1 4 0 
10950278 3963208 1597456 1195704 
1 0 2 4 3 
11070726 1060480 1694140 305100 
1 0 4 2 3 
11162444 1032988 1183276 302664 
3 0 4 2 1 
11235458 1030144 1130428 302412 
0 2 1 4 3 
11775984 3929080 963280 1192680 
3 2 0 4 1 
17615964 1023508 1007116 301824 
1 2 0 4 3 
17616906 1017820 901420 301320 
