62 3
6 2 4 1 0 3 5 
1898178 27337250 6528166 
6 0 4 1 2 3 5 
1898630 26979772 6842714 
5 2 6 4 0 3 1 
1912084 29591776 4856998 
5 0 3 1 2 4 6 
1913694 27956362 6086270 
5 0 6 4 2 3 1 
1922916 28347568 4973564 
5 2 3 1 0 4 6 
1935838 26282142 6200618 
5 0 3 1 2 6 4 
1956194 27070558 4947094 
5 2 3 1 0 6 4 
1970658 25175766 5051662 
5 0 3 4 2 6 1 
1996980 30220688 4841648 
6 0 4 1 2 5 3 
2012378 21291682 5598028 
5 2 6 4 0 1 3 
2017872 23897588 5028644 
5 0 6 4 2 1 3 
2026144 22579856 5141950 
6 2 4 1 0 5 3 
2032406 22237352 5309560 
6 0 5 1 2 4 3 
2076326 19591692 4366770 
6 2 5 1 0 4 3 
2114210 19975858 4353654 
6 0 5 3 2 4 1 
2129730 28738170 4327132 
6 2 5 3 0 4 1 
2167614 28998992 4305124 
6 0 3 1 2 4 5 
2193908 23965286 3896172 
6 2 3 1 0 4 5 
2223216 23386924 4040544 
6 0 3 5 2 4 1 
2308098 28737500 3839798 
4 0 5 1 2 6 3 
2363288 18861154 4355542 
4 2 5 1 0 6 3 
2395880 19390034 4342654 
4 0 3 1 2 6 5 
2480870 23234748 3884944 
4 2 3 1 0 6 5 
2504886 22801100 4029544 
4 0 3 5 2 6 1 
2593048 28006962 3828570 
2 6 3 1 4 0 5 
2695890 18675130 3971574 
2 4 3 1 6 0 5 
2766422 14932416 3424254 
2 4 3 5 6 0 1 
2820580 23549682 3387184 
0 4 3 1 6 2 5 
2844348 15364414 3421834 
2 4 5 1 6 0 3 
2880944 19176414 2996952 
2 4 5 3 6 0 1 
3008220 23559984 2980426 
0 3 6 4 5 2 1 
3438134 15019018 2767358 
0 3 6 1 5 2 4 
3465808 19986248 2643604 
0 5 6 4 3 2 1 
3493294 14126852 3194574 
2 3 6 4 5 0 1 
3511362 15016606 2763866 
2 5 6 4 3 0 1 
3552410 14510344 3191690 
4 3 0 2 5 6 1 
3563500 13900756 3982754 
2 3 6 1 5 0 4 
3577264 19983836 2640112 
0 5 4 6 3 2 1 
3622994 14124894 3637000 
2 6 3 1 5 0 4 
3757410 18044970 2653514 
2 5 3 1 6 0 4 
3759570 11665398 2965750 
0 5 3 1 6 2 4 
3796288 12097396 2963330 
0 6 3 1 5 2 4 
3810004 18042826 2650410 
0 3 1 4 5 2 6 
3841444 15441554 2762432 
2 6 3 4 5 0 1 
3880124 16155220 2211884 
0 1 6 4 5 2 3 
3954896 13708762 2852924 
0 6 3 4 5 2 1 
3970946 16153076 2208780 
2 1 6 4 5 0 3 
4024690 13706350 2849432 
0 5 4 1 6 2 3 
4041424 17831130 2062818 
2 5 4 1 6 0 3 
4129026 17393772 2057478 
2 6 1 4 5 0 3 
4234554 14128624 2370122 
0 6 1 4 5 2 3 
4319160 14126748 2367406 
6 3 5 1 0 4 2 
4778920 11624568 3796634 
2 5 3 1 4 0 6 
4999106 11550842 3534072 
4 3 5 1 0 6 2 
5022816 11038744 3785634 
0 3 5 1 6 2 4 
5028518 12750336 2456086 
2 3 5 1 6 0 4 
5069000 12316194 2455402 
2 6 5 4 3 0 1 
5196456 15742624 2231714 
0 3 4 1 6 2 5 
5208860 14237928 1979772 
2 3 4 1 6 0 5 
5323934 13800570 1974432 
2 6 1 4 3 0 5 
5473198 12589942 2408636 
0 6 1 4 3 2 5 
5544444 12202162 2405312 
