47 4
2 4 0 3 1 
7409574 10418858 12625264 5192390 
2 4 3 0 1 
7411626 10685062 7799792 7886234 
2 4 1 3 0 
7829398 9397746 12637516 6589682 
2 4 3 1 0 
7831222 9613322 10982180 8984210 
4 2 1 3 0 
7867758 8977970 9917614 5194088 
4 2 3 1 0 
7869468 9178978 8502692 7438958 
4 2 0 3 1 
8001998 6297706 9938850 6591028 
4 2 3 0 1 
8002872 6413374 7597656 7738406 
2 4 1 0 3 
8286408 16846292 7746520 7737566 
1 4 3 0 2 
8668360 10355470 10754494 4094618 
1 4 0 3 2 
8668740 10425522 7263806 4593478 
4 1 2 3 0 
9185392 9266698 10159324 4594014 
4 1 3 2 0 
9187368 9503688 7934426 7188086 
1 4 3 2 0 
9245250 8917728 10900728 5541950 
1 4 2 3 0 
9246048 9035226 7275552 6589556 
4 1 0 3 2 
9399604 5369314 10195418 6589696 
1 3 0 2 4 
11481898 6103670 8864812 7190962 
1 3 2 0 4 
11482316 6168628 6539036 7739708 
1 3 4 2 0 
11828120 8485064 8845002 7141472 
1 3 4 0 2 
12132374 10127318 6503344 7890092 
0 1 2 3 4 
12604822 9418022 10113578 5191886 
1 0 3 2 4 
13038752 6309430 10001320 5542832 
1 0 2 3 4 
13039550 6432102 5728718 6590438 
0 4 1 3 2 
13046312 9363042 11957110 4593082 
1 0 4 3 2 
13068802 10259042 5695940 5193674 
0 4 2 3 1 
13203796 8993858 11956604 5191868 
0 2 1 3 4 
13445628 9076302 10457300 4594216 
4 0 2 3 1 
13577868 6239410 10455516 4594878 
4 0 3 2 1 
13579844 6500280 5242498 7188950 
4 0 1 3 2 
13657840 5022290 10470374 5193620 
4 0 3 1 2 
13659550 5221706 9254660 7438490 
4 0 1 2 3 
14433886 12247934 5193190 7140032 
1 2 3 0 4 
14658100 6256044 9110318 4095248 
1 2 0 3 4 
14658480 6313758 7163492 4594108 
2 1 0 3 4 
14796920 5378702 12781518 5191688 
2 1 4 0 3 
14962176 16696812 9501706 4094394 
1 2 4 3 0 
15265040 8750402 7142460 5193422 
3 4 1 0 2 
17640826 16751254 11942052 4093808 
4 3 2 0 1 
17957598 6003590 8587752 4096590 
4 3 0 2 1 
17958700 6148792 5715928 5543284 
4 3 1 2 0 
19026020 9084056 5689052 7140824 
4 3 1 0 2 
19319234 5058470 8596594 7889444 
4 3 0 1 2 
19320070 5167690 6534746 8986936 
3 2 1 0 4 
24229540 12242004 10447822 4094384 
2 3 4 0 1 
24545760 10121294 7256378 4095996 
2 3 0 1 4 
25257110 5179592 8877384 7439150 
2 3 1 0 4 
25257338 5217484 7300912 7738466 
