27 4
2 1 3 0 4 
8617920 10574440 5637740 3339000 
2 1 0 3 4 
8619864 10554818 7454930 4390380 
2 0 3 1 4 
9699440 9680160 5237488 2382376 
2 0 1 3 4 
9701168 9635794 7415910 4446416 
4 0 3 1 2 
9798006 9411738 7437198 3876118 
4 0 1 3 2 
9799626 9364690 9824390 6077438 
4 1 3 0 2 
10114358 6109602 5839090 3488350 
4 1 0 3 2 
10115186 6062266 9813570 5958290 
2 3 0 1 4 
10849710 17750470 5196682 2336882 
4 0 2 3 1 
10968530 9363258 5008318 2795578 
1 0 3 2 4 
11117650 8930774 4737912 2056226 
4 2 3 0 1 
11512006 5003866 6854380 3244512 
4 2 0 3 1 
11512834 5007730 4988732 2792852 
1 3 0 2 4 
12248848 7411452 4697106 2109036 
3 0 2 4 1 
12740176 15506364 4366006 2303392 
3 2 0 4 1 
13297592 17743708 4346420 2233082 
0 4 2 3 1 
13815058 9360050 4336698 2707848 
0 1 3 2 4 
14412646 8925410 3568068 1972886 
2 4 3 0 1 
16005488 5000554 6139464 3183042 
2 4 0 3 1 
16007432 5007332 4945338 2727972 
0 3 1 2 4 
16643028 15477344 3488242 1989572 
0 3 1 4 2 
18679518 15504806 3541516 1986092 
3 1 0 2 4 
18990770 7406764 3743794 1942756 
3 0 1 2 4 
20089954 15478020 3704774 1906632 
4 2 1 0 3 
22878124 5000298 8954700 5258872 
3 1 0 4 2 
27074408 7408428 3747290 1890816 
2 4 1 0 3 
27820934 4997286 8304776 5202652 
