126 4
6 2 4 3 1 0 5 
2540248 12010182 7107402 5847498 
6 0 4 3 1 2 5 
2541862 10756138 7114996 5844954 
6 0 4 5 1 2 3 
2576358 14841732 5722438 6364328 
6 2 4 5 1 0 3 
2577544 14845712 5713548 6363912 
5 2 3 1 4 0 6 
2601416 20204726 5105308 7605434 
6 2 5 3 1 0 4 
2601772 12596268 5190642 8211314 
5 0 3 1 4 2 6 
2604638 19112368 5096350 7602572 
6 0 5 3 1 2 4 
2607586 11350192 5192260 8208290 
5 0 6 1 4 2 3 
2615392 19433946 4262980 8500736 
5 0 3 6 4 2 1 
2617808 14688162 5246634 7612522 
3 0 5 6 4 2 1 
2618526 14684378 5772334 7677738 
5 2 3 6 4 0 1 
2620186 13280392 5253000 7609464 
3 2 5 6 4 0 1 
2622376 13277888 5769708 7674328 
5 2 1 3 4 0 6 
2641148 12311944 5114892 8791432 
3 2 5 1 4 0 6 
2642120 20202306 4824604 8116338 
6 0 4 5 3 2 1 
2642918 14878902 5341292 6894324 
6 0 4 3 5 2 1 
2643278 10776254 6300216 6883824 
6 2 4 5 3 0 1 
2643760 14882230 5331750 6893912 
3 0 5 1 4 2 6 
2643870 19108668 4824638 8113828 
6 2 4 3 5 0 1 
2644072 12034862 6297186 6886340 
5 0 1 3 4 2 6 
2644370 11062664 5106270 8788240 
5 2 3 6 1 0 4 
2649546 13238336 4405256 8136538 
5 0 6 3 4 2 1 
2652128 11348506 3569172 8672608 
6 0 5 4 1 2 3 
2676562 16937118 3377560 9177920 
6 2 5 4 1 0 3 
2677748 15058034 3372702 9173544 
3 0 5 1 6 2 4 
2699216 19125106 4386188 8665762 
5 0 1 3 6 2 4 
2699772 11079372 4686102 9340224 
1 0 5 3 4 2 6 
2739020 11067426 4708298 9829148 
6 0 5 4 3 2 1 
2743962 16978338 3270644 9708666 
6 2 5 4 3 0 1 
2744804 15098602 3265134 9704294 
1 0 5 3 6 2 4 
2792588 11084150 4269238 10359914 
4 0 5 6 1 2 3 
2844738 15004000 3118744 13201450 
4 2 5 6 1 0 3 
2845372 13595202 3116250 13198196 
4 0 5 6 3 2 1 
2910360 15045506 3011218 13711028 
4 2 5 6 3 0 1 
2910650 13636056 3008072 13707778 
2 4 0 5 1 6 3 
3732534 7929702 8069236 5702554 
0 4 2 5 1 6 3 
3745550 7928416 7958448 5872940 
0 4 2 3 1 6 5 
3769662 11684594 6833794 6264146 
2 4 0 3 1 6 5 
3771318 11685912 6640806 6263680 
2 4 0 5 3 6 1 
3838784 7948188 7201226 6804896 
2 4 0 3 5 6 1 
3838844 11721848 6095674 6814900 
0 4 2 5 3 6 1 
3849966 7946918 7071546 6954064 
2 4 3 5 1 6 0 
3867316 8949260 6217284 10990614 
3 4 1 5 0 6 2 
3895368 8414762 5191980 10250738 
3 4 1 5 2 6 0 
3906686 8408514 5065208 10420338 
3 4 2 5 0 6 1 
3932302 8948058 3674352 11709782 
3 4 0 5 2 6 1 
3969148 9060202 3663848 12779042 
2 4 3 0 1 6 5 
3990490 13424718 3044878 12552384 
1 4 3 5 0 6 2 
3995336 8419444 4626808 11355436 
1 4 3 5 2 6 0 
4004820 8413212 4481144 11503818 
0 4 3 2 1 6 5 
4025542 14975932 2970974 13625746 
5 4 2 3 0 6 1 
4041884 13160676 3428278 15132574 
5 4 0 3 2 6 1 
4041962 13139508 3498686 15132234 
2 4 3 0 5 6 1 
4059192 13466324 2883668 13104654 
0 4 3 2 5 6 1 
4106690 15015536 2814034 14326192 
6 3 0 4 2 5 1 
5801134 13222864 3215400 15437952 
0 5 6 2 4 3 1 
5856004 11825094 2901950 16007456 
2 5 6 0 4 3 1 
5883394 13233984 2812926 17065988 
2 3 6 0 4 5 1 
5886984 16060488 2798614 17071488 
4 3 0 6 2 5 1 
5905312 9323854 3089002 17563700 
2 5 0 4 1 6 3 
6553674 4642458 8827034 7346042 
0 5 2 4 1 6 3 
6566690 4641196 8251510 7516476 
0 6 2 3 1 5 4 
6600626 6899226 7077162 7882142 
2 6 0 3 1 5 4 
6622634 6899128 6903362 8136904 
2 6 0 3 4 5 1 
6639802 6870708 6275062 8452938 
0 6 2 3 4 5 1 
6652640 6870502 6807810 8601318 
2 5 0 4 3 6 1 
6660614 4664814 7961214 8448954 
0 5 2 4 3 6 1 
6671796 4663568 7366798 8598170 
0 1 2 3 4 5 6 
6702848 6581564 6786052 7703778 
2 1 0 3 4 5 6 
6719354 6581802 6265400 7895174 
0 5 3 4 1 6 2 
6724650 5766926 6984134 13702316 
3 5 2 4 0 6 1 
6753896 5664472 6851046 13353534 
2 1 0 3 6 5 4 
6758606 6606146 6079856 8214004 
3 5 0 4 2 6 1 
6790790 5776640 6719222 14422818 
0 1 6 3 4 5 2 
6883556 7836622 5429352 14450398 
6 1 0 3 2 5 4 
6888294 7827520 5276270 14644282 
2 1 6 3 4 5 0 
6925482 7952874 5039636 15654686 
6 1 2 3 0 5 4 
6929750 7941146 5195210 15847580 
6 1 0 4 2 5 3 
6957424 13061262 3289476 15612736 
4 1 0 6 2 5 3 
7063376 9162306 3163684 17759680 
1 6 2 3 0 5 4 
7106786 8447802 4278704 21800388 
6 1 4 5 2 3 0 
7154164 6722568 5716704 9143694 
6 1 4 5 0 3 2 
7167816 6717028 5500660 9334436 
6 1 0 5 2 3 4 
7302422 7839852 4312478 14878098 
6 1 2 5 0 3 4 
7343894 7953558 4303098 16081092 
0 1 6 2 4 3 5 
7398898 11673716 3001982 16247820 
0 1 6 2 5 3 4 
7419902 11716090 3421504 16227052 
6 3 4 0 1 2 5 
8851536 3378726 7831944 9519976 
6 3 5 0 1 2 4 
8914310 3957440 6497084 11880952 
6 3 4 0 5 2 1 
8953918 3404260 7020230 10559644 
4 3 6 0 5 2 1 
9002528 3406946 7015470 11090720 
1 2 6 5 4 3 0 
9299226 8118162 4295362 20502110 
6 3 4 2 1 0 5 
9923398 3374742 8469868 10147638 
6 3 4 2 5 0 1 
10027866 3403034 7661696 11187012 
5 3 2 4 0 6 1 
10083912 6102456 5949250 18651842 
5 3 0 4 2 6 1 
10084070 6081328 5817458 18651542 
0 5 2 6 3 4 1 
10170444 4667188 6956848 10639238 
0 5 3 6 1 4 2 
10220296 5766496 6470564 15744222 
3 5 2 6 0 4 1 
10255092 5670220 5757728 15394574 
3 5 0 6 2 4 1 
10291992 5782418 5652784 16463744 
3 6 5 2 4 0 1 
10674956 3848230 6500412 12364066 
3 6 5 2 1 0 4 
10745360 3820028 6057430 13338808 
3 6 5 0 4 2 1 
11879100 3841280 6990002 13071014 
5 0 3 6 2 4 1 
12278296 5239250 5460996 13245096 
3 4 5 2 6 0 1 
12285530 3777548 6165586 13305088 
3 4 5 2 1 0 6 
12302080 3737444 6164470 13728264 
5 0 3 6 1 4 2 
12345976 5221326 5242480 14135292 
6 5 4 0 1 2 3 
12374032 3371136 8126642 12070336 
6 5 4 2 1 0 3 
12374790 3372992 8677446 12069550 
5 0 1 6 3 4 2 
12387476 5214248 5522710 15339388 
3 5 6 0 4 2 1 
12562316 4378668 6046968 17663650 
3 5 6 2 4 0 1 
12565864 4382684 5740582 17662986 
5 3 2 6 0 4 1 
13585108 6108204 4855932 20692882 
5 3 0 6 2 4 1 
13585272 6087106 4751020 20692468 
3 4 5 0 1 2 6 
13913550 3735790 6696344 14670082 
6 4 5 0 1 2 3 
13947112 3721766 6925406 15740984 
6 1 4 0 3 2 5 
15828958 3367756 7989378 13601460 
6 1 4 0 5 2 3 
15862848 3345284 7552678 14109536 
4 1 6 0 5 2 3 
15913292 3347972 7548674 14661848 
3 1 5 0 6 2 4 
15982152 3549328 6879352 16400814 
5 1 3 6 2 4 0 
16636776 4918980 5832540 16648760 
5 1 2 6 0 4 3 
16778094 5939548 5103068 22385142 
5 1 0 6 2 4 3 
16778266 5915418 4998142 22384728 
6 1 4 2 5 0 3 
16802908 3344788 8183254 14658348 
3 1 5 2 4 0 6 
16865468 3531514 7004350 16399322 
3 1 5 2 6 0 4 
16919322 3543416 6562484 16950888 
