421 4
2 6 1 4 5 0 3 
242620 8992910 19653442 12192524 
2 1 6 4 5 0 3 
244034 8707670 19661974 12018500 
4 6 1 2 5 0 3 
246234 14359678 19633006 12218252 
4 1 6 2 5 0 3 
247560 13931818 19641982 12044228 
0 6 1 3 5 2 4 
252168 2246856 27392632 22207812 
0 1 6 3 5 2 4 
254404 1961616 27324772 21716994 
3 1 6 0 5 2 4 
258490 7764102 27310180 21746796 
2 6 1 4 5 3 0 
261982 9085990 22114122 10527306 
2 1 6 4 5 3 0 
262316 8800750 22071758 10316114 
4 1 6 2 5 3 0 
265968 14042916 22043338 10340876 
0 6 1 3 5 4 2 
269700 2309162 29515132 20664478 
0 1 6 3 5 4 2 
272476 2023922 29472720 20192244 
3 1 6 0 5 4 2 
276688 7844426 29449700 20221080 
2 1 6 4 0 5 3 
284180 8618246 21228506 16324188 
0 6 1 3 2 5 4 
286256 2339166 28251950 21118820 
0 1 6 3 2 5 4 
288208 2053926 28213392 20733602 
3 1 6 0 2 5 4 
291358 7613780 28414288 20696948 
4 6 1 3 5 2 0 
304688 2505800 27480770 18798042 
4 1 6 3 5 2 0 
305296 2220560 27412942 18481252 
2 1 6 4 3 5 0 
308624 8557538 24262196 19546766 
3 1 6 4 5 2 0 
308676 8498082 27652786 18441694 
4 1 6 3 2 5 0 
312238 1749494 28099008 23544472 
0 6 1 3 2 4 5 
324740 2351538 11726114 24079740 
4 6 1 3 5 0 2 
324926 2395420 19633646 20030338 
0 1 6 3 2 4 5 
326692 2066298 11687556 23694522 
4 1 6 3 5 0 2 
327154 2110180 19642162 19769300 
3 1 6 0 2 4 5 
330904 7778018 11817416 23649726 
3 1 6 4 5 0 2 
332118 8614214 19776054 19717598 
0 1 6 3 4 2 5 
332756 1963816 12265336 28120584 
2 6 1 4 0 3 5 
342714 9054250 8258018 17508800 
2 1 6 4 0 3 5 
344696 8769010 8207946 17123576 
2 6 3 4 5 0 1 
347998 9444696 19506266 12076238 
4 1 6 2 0 3 5 
348348 13929588 8294186 17093114 
2 1 6 4 3 0 5 
350858 8615222 8831852 22048540 
4 6 3 2 5 0 1 
351072 13908092 19493054 12102794 
2 3 6 4 5 0 1 
351696 8731596 19630454 12100712 
4 1 6 3 2 0 5 
353782 1913944 22852676 23039016 
4 1 6 3 0 5 2 
354766 1839362 21032866 26997646 
5 6 1 0 2 4 3 
365374 8013634 11642706 11247642 
2 6 1 3 5 4 0 
366264 2485706 29531686 15054682 
2 1 6 3 5 4 0 
366598 2200466 29489322 14843490 
2 3 6 4 5 1 0 
366684 8816934 23668530 9787074 
5 1 6 0 2 4 3 
367502 8013634 11603260 10862424 
2 6 1 3 5 0 4 
368970 2313020 19562062 17830312 
2 1 6 3 5 0 4 
370384 2027780 19570594 17656288 
4 3 6 2 5 1 0 
370432 14026892 23637446 9811836 
0 1 6 5 2 4 3 
375818 19852642 11810668 10848768 
4 6 1 0 5 2 3 
375916 7930102 27365104 16639208 
4 1 6 0 5 2 3 
378328 7930102 27296356 16148390 
0 3 6 1 5 2 4 
379326 1221340 27325700 21722412 
5 6 1 0 2 3 4 
387028 8119224 16222010 8777368 
5 1 6 0 2 3 4 
389156 8119224 16182564 8392150 
0 3 6 1 5 4 2 
394014 1284318 29480872 20199786 
0 1 6 5 2 3 4 
397814 20007138 16367096 8375872 
4 3 6 1 5 2 0 
399240 1481292 27424706 18487930 
4 3 6 1 2 5 0 
404446 1010226 28107594 23545116 
2 1 6 3 0 5 4 
406654 1938546 21026584 22935726 
0 3 6 1 2 5 4 
411394 1313650 28211142 20732986 
4 6 1 0 5 3 2 
415642 7930820 21970232 16205320 
2 6 1 0 5 4 3 
417640 7928810 29405310 12895862 
4 1 6 0 5 3 2 
418594 7930820 21926932 15733086 
2 1 6 0 5 4 3 
419778 7928810 29362026 12510642 
5 6 1 0 4 3 2 
420828 8155116 10990344 11844196 
0 3 1 6 5 2 4 
422438 1210380 27390244 22212296 
4 3 6 1 5 0 2 
422790 1370576 19650314 19774916 
5 1 6 0 4 3 2 
423780 8155116 10947044 11371962 
4 6 3 1 5 0 2 
424966 2368916 19525126 19141344 
5 6 1 0 3 4 2 
426278 7982794 11625602 17956292 
5 1 6 0 3 4 2 
429230 7982794 11582302 17484058 
2 1 6 3 4 0 5 
430040 1868276 18739634 23902274 
0 1 6 5 4 3 2 
432438 19961442 11246236 11300460 
4 3 1 6 5 2 0 
437096 1470556 27491626 18804066 
0 3 1 6 5 4 2 
437150 1273246 29518764 20670732 
2 6 1 0 5 3 4 
439708 7849204 21896366 14006274 
2 1 6 0 5 3 4 
441846 7849204 21853082 13621054 
4 3 1 6 2 5 0 
442338 999490 28144758 23754790 
0 3 6 1 2 4 5 
442546 1327478 11700958 23698508 
2 6 1 3 0 4 5 
442664 2456246 18916564 22026562 
4 3 6 1 2 0 5 
443734 1175124 22866078 23041076 
2 1 6 3 0 4 5 
444646 2171006 18866492 21641338 
2 3 6 4 0 1 5 
446728 8785162 9125406 16594528 
0 3 6 1 4 2 5 
447122 1224996 12276014 28119398 
1 3 6 0 2 4 5 
447250 7786668 11803682 23656166 
0 6 3 1 2 4 5 
448300 2325818 11825042 23530386 
4 3 6 1 0 5 2 
449410 1099758 21039202 26999814 
4 3 6 2 0 1 5 
450476 13913532 9208982 16564066 
5 6 1 3 2 4 0 
450862 2431378 11546106 16071358 
5 1 6 3 2 4 0 
451186 2146138 11507580 15860168 
5 6 1 3 2 0 4 
452842 2583456 22774714 12567814 
5 1 6 3 2 0 4 
454246 2298216 22787084 12393792 
0 3 1 6 2 5 4 
454542 1302690 28245930 21116408 
4 3 1 6 5 0 2 
460718 1359504 19637278 20034238 
4 1 3 6 5 0 2 
465122 2072604 19520606 19139628 
5 6 3 0 2 4 1 
467910 7153268 11721744 11721638 
5 1 6 3 0 4 2 
475018 2074302 18669914 19155738 
5 3 6 0 2 4 1 
475510 8008988 11591648 10584550 
2 3 6 1 5 4 0 
477810 1461198 29501086 14851452 
4 3 1 6 2 0 5 
481674 1164164 22849938 23212874 
0 3 6 5 2 4 1 
483818 19816228 11802096 10571446 
5 6 1 3 4 0 2 
485046 2620188 18737094 15631100 
0 3 1 6 2 4 5 
485694 1316518 11735746 24081930 
2 3 6 1 5 0 4 
486672 1287504 19571522 17661064 
5 6 1 2 4 3 0 
486732 14475640 10753754 10393280 
5 1 6 2 4 3 0 
486978 14047780 10711834 10182088 
4 3 1 6 0 5 2 
487266 1088686 21085678 27472060 
5 1 6 3 4 0 2 
487274 2334948 18745610 15370062 
2 3 1 4 0 6 5 
489030 9081138 9122378 16768128 
0 3 1 6 4 2 5 
490234 1214036 12340558 28609282 
2 1 6 5 4 3 0 
491232 19756866 11123614 10050250 
5 6 3 0 2 1 4 
492468 7231320 16743056 9037352 
0 1 3 6 2 4 5 
493400 2029618 11821272 23528590 
5 6 1 2 0 3 4 
494356 14357352 8148452 10927598 
2 1 3 4 0 6 5 
495982 9508998 9271234 16425990 
2 3 6 1 4 5 0 
496250 1069234 30824316 22380620 
5 1 6 2 0 3 4 
496250 13929492 8098824 10542374 
5 3 6 0 2 1 4 
498988 8087040 16562064 7863096 
0 3 6 5 2 1 4 
507710 19953482 16744820 7846818 
5 1 3 0 2 4 6 
511170 7147866 11730154 11392340 
2 6 1 0 4 3 5 
512816 7682620 11001304 20282114 
2 3 1 6 5 4 0 
513062 1450462 29542542 15061776 
2 1 6 0 4 3 5 
514954 7682620 10958020 19896894 
5 3 1 0 2 4 6 
516642 8003586 11639504 10640470 
2 1 3 6 5 0 4 
521492 1989644 19443098 17460986 
2 3 6 1 0 5 4 
521950 1198270 21025696 22937054 
2 3 1 6 5 0 4 
521972 1276544 19559674 17833512 
5 6 3 0 4 1 2 
527708 7267164 10469298 11582072 
5 3 6 0 4 1 2 
530108 8122884 10307576 10842896 
2 3 1 6 4 5 0 
531502 1058498 30865772 22590944 
5 6 3 0 1 4 2 
533594 7141532 11184412 18191544 
2 3 6 1 4 0 5 
535772 1129456 18750312 23900446 
5 1 3 0 2 6 4 
536796 7231296 16174994 8825722 
5 3 1 0 2 6 4 
541188 8087016 16033448 8036684 
2 6 3 1 4 0 5 
544590 2127796 18575102 22570736 
0 3 1 5 2 6 4 
550054 20249434 16216204 8020406 
2 3 6 1 0 4 5 
552610 1432186 18881256 21647268 
2 3 1 6 0 5 4 
557178 1187310 21073360 23322426 
5 6 1 4 0 3 2 
569198 8949818 8083950 15100554 
2 3 1 6 4 0 5 
571072 1118496 18738464 24072894 
5 1 6 4 0 3 2 
571994 8664578 8033862 14628316 
5 3 1 0 4 6 2 
572068 8122868 9952642 11103502 
5 1 3 0 4 6 2 
572620 7267148 10071064 11370444 
5 1 3 0 6 4 2 
579722 7132154 10833712 18032408 
5 3 6 1 2 4 0 
580808 1406870 11516166 15863594 
5 6 3 1 2 0 4 
587130 2556280 22629022 12195514 
5 3 6 1 2 0 4 
588944 1557940 22784834 12394032 
5 3 6 2 4 1 0 
591494 14031652 10078288 9653022 
2 3 6 5 4 1 0 
595860 19703162 10486960 9521184 
5 6 3 2 0 1 4 
599970 13913436 9195086 11187594 
5 3 6 2 0 1 4 
606022 13913436 8993730 10013326 
5 3 6 1 0 4 2 
607076 1334698 18676250 19160688 
5 3 6 1 4 0 2 
617100 1595344 18747860 15367254 
2 1 3 5 4 0 6 
617614 18487218 18987202 7805780 
5 3 1 6 2 4 0 
618700 1396134 11553330 16073268 
5 6 3 1 4 0 2 
619406 2593684 18572778 14733656 
2 6 3 0 4 1 5 
621278 6794668 10490856 19410892 
5 1 3 6 2 0 4 
626474 2260080 22625252 12193290 
5 3 1 6 2 0 4 
626884 1546980 22768694 12565830 
5 3 1 2 4 6 0 
634348 14475600 9727896 9652586 
5 1 3 2 4 6 0 
637606 14047740 9844938 9658486 
2 3 1 5 4 6 0 
638642 19999122 10136568 9520748 
2 1 3 5 4 6 0 
641284 18572922 10256718 9526648 
5 3 1 6 0 4 2 
644932 1323626 18722726 19632934 
5 3 1 2 0 6 4 
648396 14357400 8990702 10186926 
5 3 1 6 4 0 2 
655028 1584272 18734824 15626576 
2 3 1 0 4 6 5 
659352 7650372 9975842 19541420 
5 1 3 6 4 0 2 
659562 2297372 18568258 14731940 
2 1 3 0 4 6 5 
665602 6794652 10094152 19199264 
5 3 6 4 0 1 2 
678142 8680730 8940612 14099268 
5 3 1 4 0 6 2 
720218 8976706 8936070 14359882 
2 0 3 4 1 6 5 
1131522 9599788 1568018 17854330 
2 0 3 4 6 1 5 
1132020 9585770 1612970 17955070 
4 0 3 2 1 6 5 
1134788 13889984 1702358 17807254 
3 0 1 6 2 5 4 
1158984 1245256 28384572 21048704 
3 0 6 1 2 5 4 
1164252 1245480 28348896 20665282 
3 0 6 1 4 2 5 
1165904 1282638 12439598 28049458 
2 0 1 4 5 6 3 
1188388 9234686 23156176 7642662 
2 0 6 4 5 1 3 
1188686 8938726 23509596 7468642 
4 0 1 2 5 6 3 
1192194 14537038 23130412 7668390 
4 0 6 2 5 1 3 
1192420 14093090 23483832 7494370 
2 0 3 6 4 1 5 
1210908 2062076 10502934 19394714 
2 0 3 1 4 6 5 
1218518 2358260 10109546 19184662 
4 0 1 6 2 5 3 
1218758 1091448 28270894 18900186 
4 0 6 1 2 5 3 
1224026 1091672 28235218 18516764 
4 0 1 6 2 3 5 
1246682 1367884 16324362 19403576 
4 0 6 1 2 3 5 
1251950 1368108 16288686 19020154 
2 0 6 4 1 3 5 
1257136 8859904 2782278 18549186 
2 0 1 4 6 3 5 
1257336 9141846 2473810 18823946 
2 0 1 4 3 6 5 
1260756 9141766 2306202 17672584 
2 0 6 4 3 1 5 
1261054 8845806 2659622 17498564 
4 0 6 1 5 3 2 
1261374 1563976 21903978 15754098 
4 0 1 2 3 6 5 
1264562 14347886 2415678 17633176 
4 0 6 2 3 1 5 
1264788 13903938 2769098 17459156 
5 0 3 6 2 4 1 
1272676 2412836 11654990 11703864 
5 0 3 1 2 4 6 
1277720 2703410 11664762 11376082 
4 0 1 6 3 5 2 
1285718 1105852 24262126 25653550 
5 0 3 2 4 6 1 
1287080 14282884 9920730 4821512 
5 0 3 2 4 1 6 
1287164 14277172 10318398 4754892 
2 0 3 5 4 6 1 
1290640 18339488 10377350 4697816 
2 0 3 5 4 1 6 
1290706 18331202 10776222 4631334 
4 0 6 1 3 5 2 
1290998 1106188 24223346 25182604 
2 3 0 5 1 6 4 
1297604 15701648 2610562 16247020 
5 0 3 6 2 1 4 
1298362 2490664 16673894 9018870 
5 3 0 2 1 6 4 
1298620 18931580 2313134 16282924 
2 3 0 5 6 1 4 
1298670 15687630 2596910 16136560 
5 3 0 2 6 1 4 
1299704 18922228 2295338 16173742 
0 4 6 1 5 3 2 
1302354 1514846 22113726 15649796 
5 0 3 1 2 6 4 
1303346 2786840 16109602 8809464 
0 4 6 1 5 2 3 
1306314 1296562 27483150 16047604 
2 0 1 6 4 5 3 
1307908 1169188 31018746 17373068 
5 0 3 2 1 4 6 
1310478 14150710 11517314 7112338 
5 0 3 2 6 4 1 
1310910 14147070 11160454 7280976 
2 0 6 1 4 5 3 
1315816 1169412 30978778 16988996 
1 2 4 6 0 3 5 
1319814 8574726 9461054 24566756 
2 0 1 6 5 3 4 
1321464 1480680 21854444 14024318 
5 0 3 6 4 1 2 
1323858 2527852 10409136 11557494 
5 0 3 4 2 6 1 
1328542 9790516 15907546 6600516 
5 0 3 4 2 1 6 
1328602 9784914 16481610 6482140 
5 0 3 1 4 6 2 
1328614 2824148 10015422 11347582 
2 0 6 1 5 3 4 
1329372 1480904 21814476 13640246 
5 0 3 6 1 4 2 
1330240 2402220 11125158 18168690 
2 0 1 6 4 3 5 
1336108 1322160 11013382 20263582 
5 0 3 2 1 6 4 
1338072 14225120 1497682 8789712 
5 0 3 2 6 1 4 
1338588 14215768 1538490 8891730 
2 0 1 3 4 6 5 
1340198 2324932 9980558 19526292 
2 0 6 3 4 1 5 
1340496 2028972 10333978 19352272 
2 0 3 5 1 6 4 
1341632 18411428 1772022 8753808 
2 0 6 1 4 3 5 
1344016 1322384 10973414 19879510 
0 4 1 6 5 2 3 
1349426 1285602 27547694 16537488 
2 0 1 6 3 5 4 
1361300 1237068 24250816 21154112 
2 0 6 1 3 5 4 
1369208 1237292 24210848 20770040 
5 0 1 3 2 4 6 
1381028 2671762 11578770 10622326 
5 0 6 3 2 4 1 
1381252 2381412 11533322 10566686 
0 4 6 1 3 2 5 
1396342 1194410 17708386 26056460 
5 0 1 6 2 4 3 
1397598 1646566 11589196 11231408 
5 0 6 1 2 4 3 
1402866 1646790 11553520 10847986 
5 0 3 4 1 6 2 
1404802 9770060 1390318 13106834 
5 0 3 4 6 1 2 
1405522 9760698 1436944 13157602 
5 0 1 3 2 6 4 
1406702 2754968 15970306 8017832 
5 0 6 3 2 1 4 
1406986 2459016 16498922 7843816 
5 0 1 2 4 6 3 
1413138 14699682 9797460 4447712 
5 0 6 2 4 1 3 
1413364 14255734 10150880 4273692 
5 0 6 2 4 3 1 
1416472 14282924 10807308 4211150 
2 4 6 1 5 0 3 
1417356 1599094 19594332 12005264 
2 0 6 5 4 1 3 
1417626 19514260 10599072 4149030 
2 0 6 5 4 3 1 
1420608 19523432 11263928 4087454 
5 0 1 6 2 3 4 
1426584 1750700 16152848 8756532 
5 4 6 0 2 3 1 
1427466 8309852 15939226 6034698 
5 4 6 0 2 1 3 
1429290 8282314 16330338 5783518 
5 0 6 1 2 3 4 
1431852 1750924 16117172 8373110 
5 0 1 3 4 6 2 
1431898 2791604 9894750 11081094 
5 0 6 3 4 1 2 
1432422 2495644 10249684 10820060 
0 2 4 6 1 3 5 
1432886 8496882 3905594 26043668 
0 2 4 1 6 3 5 
1433110 8809150 3547420 25940134 
0 2 4 1 3 6 5 
1434862 8781074 3461464 24988856 
0 2 4 6 3 1 5 
1435934 8468786 3853520 25199550 
5 0 6 2 1 4 3 
1436198 14129292 11397672 6946562 
2 4 6 1 5 3 0 
1437894 1691726 21999300 10301462 
5 0 6 3 1 4 2 
1438732 2370012 11025218 17644180 
0 4 1 6 3 2 5 
1439454 1183450 17772930 26546344 
5 0 6 2 3 4 1 
1440446 14109852 11884818 6490702 
5 4 6 0 1 3 2 
1443582 8297516 2691772 13113566 
5 4 6 0 3 1 2 
1443714 8250826 2553312 12404990 
5 0 1 6 4 3 2 
1450640 1787936 10930182 11817264 
2 4 1 6 5 0 3 
1452656 1588134 19582484 12177712 
5 0 1 4 2 6 3 
1454108 9319998 15791476 5916156 
5 0 6 4 2 1 3 
1454392 9024046 16320092 5742140 
5 0 6 1 4 3 2 
1455920 1788272 10891402 11346318 
5 0 6 4 2 3 1 
1457644 9050576 15918144 5990134 
5 0 6 2 1 3 4 
1466984 14225176 2731624 8353386 
5 0 1 2 6 3 4 
1467274 14659772 2419012 8629424 
5 0 1 2 3 6 4 
1467898 14622494 2208922 8134088 
5 0 6 2 3 1 4 
1468124 14178546 2562342 7960068 
5 4 1 0 2 3 6 
1468598 8304450 15987082 6090618 
5 4 1 0 2 6 3 
1471490 8282290 15801722 5957106 
2 0 1 5 3 6 4 
1472088 19877380 2454254 8107130 
2 0 6 5 3 1 4 
1472386 19581420 2807674 7933110 
2 4 1 6 5 3 0 
1473146 1680990 22040756 10511786 
2 4 6 0 5 1 3 
1481814 8196994 23464908 7431612 
5 4 1 0 3 6 2 
1485674 8250810 2198378 12665596 
5 4 6 3 0 1 2 
1489582 2320830 8953716 14076662 
2 4 6 3 1 0 5 
1501134 2277844 9807898 22549054 
2 4 6 1 0 3 5 
1501598 1662562 8152738 17097240 
2 4 6 1 3 0 5 
1508752 1508774 8778460 22025652 
5 4 6 1 0 3 2 
1515492 1565074 8053302 14610660 
5 4 6 1 0 2 3 
1519104 1502462 23583862 11998616 
5 4 6 1 2 0 3 
1519766 1684886 22543098 10319056 
2 4 1 0 5 6 3 
1524000 8196978 23111488 7605204 
5 4 3 0 2 1 6 
1530958 7416546 16505100 6525058 
5 4 1 3 0 6 2 
1531658 2616806 8949174 14337276 
5 4 3 0 2 6 1 
1532026 7421924 15928628 6642726 
5 0 1 4 3 6 2 
1534064 9279446 2127382 12665794 
5 4 6 2 0 3 1 
1534220 13672510 8245976 3785492 
5 0 6 4 3 1 2 
1534588 8983486 2482316 12404760 
5 4 6 2 0 1 3 
1535972 13645302 9166276 3379044 
5 4 6 1 2 3 0 
1540616 1637950 15838082 11313742 
2 4 1 6 3 0 5 
1544052 1497814 8766612 22198100 
5 4 3 0 1 6 2 
1549822 7409532 1465400 13112468 
5 4 3 0 6 1 2 
1551038 7400170 1512934 13164960 
5 4 1 6 0 3 2 
1553348 1554002 8099778 15082906 
5 4 1 6 0 2 3 
1556936 1491502 23656990 12489800 
5 4 1 6 2 0 3 
1557706 1673926 22526958 10490854 
5 4 6 1 3 2 0 
1558652 1543850 17591616 15323170 
5 4 6 2 1 3 0 
1575460 13733050 2783302 7567442 
5 4 6 2 3 1 0 
1576204 13686330 2662296 6705116 
5 4 1 2 0 6 3 
1578346 14089266 9163248 3552644 
5 4 1 6 2 3 0 
1578508 1627214 15875246 11523416 
2 4 6 5 3 1 0 
1580708 20050186 2815668 6661460 
5 4 1 6 3 2 0 
1596508 1533114 17658536 15639306 
5 4 1 2 6 3 0 
1618918 14167666 2462990 7773248 
5 4 1 2 3 6 0 
1619058 14130278 2311904 6704680 
2 4 1 5 3 6 0 
1623490 20346146 2465276 6661024 
5 4 3 2 1 6 0 
1683488 13732994 1566014 7044260 
5 4 3 2 6 1 0 
1684092 13723662 1596094 7250502 
2 4 3 5 1 6 0 
1687290 18880284 1748394 6991658 
2 4 3 0 1 6 5 
1693024 7225708 1497416 17843024 
2 4 3 0 6 1 5 
1694018 7211690 1543276 17945488 
3 2 6 1 0 5 4 
1981510 1261084 21348148 22791112 
0 2 6 1 5 4 3 
2056318 1484578 29501630 12450030 
0 2 1 6 5 4 3 
2121034 1468250 29540266 12834102 
5 2 3 0 1 6 4 
2177308 7570476 1530386 8776862 
5 2 3 0 6 1 4 
2178568 7561124 1572556 8881466 
5 2 6 0 1 3 4 
2178768 8458460 2764328 8341820 
5 2 6 0 3 1 4 
2179164 8411830 2593684 7945916 
5 2 3 0 4 1 6 
2193728 7613344 10290964 4786284 
5 2 3 0 4 6 1 
2195336 7618720 9889684 4851842 
5 2 6 0 4 1 3 
2195860 8479162 10116222 4304244 
5 2 3 0 1 4 6 
2195962 7486882 11451290 7070460 
5 2 6 0 4 3 1 
2197276 8506688 10776262 4242764 
5 2 3 0 6 4 1 
2198830 7482906 11092180 7240622 
5 2 6 3 0 1 4 
2225060 2518696 8961930 9979894 
5 2 1 0 3 6 4 
2242664 8411814 2240264 8119294 
5 2 6 3 0 4 1 
2245226 2440922 18887650 8273414 
5 2 3 6 0 1 4 
2245844 2518136 9159990 11158848 
5 2 6 1 0 3 4 
2250730 1794476 8066136 10511768 
4 2 3 0 1 6 5 
2256268 7226156 1636334 17782924 
4 2 3 0 6 1 5 
2257528 7216804 1678504 17887528 
5 2 1 0 4 6 3 
2259360 8479146 9762802 4477622 
5 2 6 1 0 4 3 
2269264 1690166 18919380 8400964 
5 2 6 3 4 1 0 
2276304 2627840 9985738 9660738 
5 2 1 3 0 6 4 
2288676 2814672 8958902 10153280 
5 2 6 1 4 3 0 
2299922 1904700 10625146 10188058 
5 2 3 1 4 6 0 
2301856 2940576 9758250 9665954 
5 2 1 6 0 3 4 
2310166 1778148 8113356 10897140 
5 2 1 6 0 4 3 
2328700 1673838 18966600 8786336 
5 2 1 3 4 6 0 
2340400 2923800 9635346 9660088 
5 2 3 4 0 1 6 
2342340 9371390 9282914 4419618 
5 2 6 4 0 1 3 
2343570 8610462 9121372 3368218 
5 2 6 4 0 3 1 
2345202 8636998 8193848 3772542 
5 2 1 6 4 3 0 
2359382 1888596 10666158 10398382 
5 2 6 4 1 3 0 
2375886 8698994 2740924 7547888 
5 2 3 4 1 6 0 
2377704 9438878 1523636 7025776 
5 2 6 4 3 1 0 
2378118 8652274 2622642 6690734 
5 2 3 4 6 1 0 
2378556 9429546 1554170 7232880 
4 2 3 5 1 6 0 
2384694 18566626 1869996 6931480 
4 2 6 5 3 1 0 
2386278 19764524 2915130 6613052 
5 2 1 4 0 6 3 
2407186 8906438 9118344 3541604 
4 5 0 3 1 6 2 
2433218 6947656 2521700 19849910 
4 5 0 3 6 1 2 
2434506 6938294 2509722 19689478 
5 2 1 4 6 3 0 
2440834 8985622 2421066 7754342 
5 2 1 4 3 6 0 
2442214 8948234 2272250 6690084 
4 2 1 5 3 6 0 
2450374 20060484 2564738 6612402 
5 4 0 3 1 6 2 
2462474 7191116 2221556 19976766 
5 4 0 3 6 1 2 
2463762 7181754 2209578 19816334 
2 4 0 3 1 6 5 
2469020 7013116 2315348 20189874 
2 4 0 3 6 1 5 
2470086 6999098 2301696 20079414 
2 5 0 3 1 6 4 
2515856 7107368 2439452 16182522 
2 5 0 3 6 1 4 
2516922 7093350 2425800 16072062 
2 5 3 4 1 6 0 
2797236 9852792 1712390 6959262 
4 5 3 2 1 6 0 
2800424 13833250 1876370 6917568 
4 2 0 3 6 1 5 
2864140 7041788 2440032 20021454 
2 5 3 6 4 1 0 
2876794 2425686 10540104 9690788 
2 5 3 1 4 6 0 
2884324 2732382 10148256 9480028 
2 5 3 6 4 0 1 
2893666 2340204 18785028 8010914 
2 5 3 1 4 0 6 
2900134 2638838 18794460 7734380 
4 5 3 0 2 1 6 
2921854 6836574 16815948 6378962 
4 5 3 0 2 6 1 
2922922 6841952 16239476 6496630 
5 2 0 3 1 6 4 
2938900 7388852 2281334 16249278 
5 2 0 3 6 1 4 
2940232 7379500 2263992 16140958 
4 5 3 0 1 6 2 
2948838 6849360 1739348 12985612 
4 5 3 0 6 1 2 
2950054 6839998 1786882 13038104 
4 5 6 1 2 3 0 
2960914 1637866 16180898 11165008 
2 5 6 4 3 1 0 
2970024 9098850 2785566 6637488 
4 5 6 1 2 0 3 
2972278 1526328 22885914 10157578 
0 5 6 1 2 4 3 
2972770 1786122 11659594 10823650 
4 5 6 2 3 1 0 
2973680 13847244 2924682 6603462 
2 5 6 4 0 1 3 
2977700 9159998 9092416 3415020 
0 5 6 3 2 1 4 
2978092 2627910 16603220 7824440 
2 5 3 0 4 1 6 
2979702 6927278 10654774 4600024 
2 5 3 0 4 6 1 
2980764 6935340 10253494 4665798 
2 5 6 4 0 3 1 
2983154 9167732 8164892 3817832 
0 5 6 1 2 3 4 
2991382 1941290 16223246 8352878 
4 5 1 6 2 3 0 
2998806 1627130 16218062 11374682 
4 5 6 1 3 0 2 
3005378 1540380 9024018 16823302 
4 5 1 6 2 0 3 
3010218 1515368 22869774 10329376 
2 5 1 4 3 6 0 
3012806 9394810 2435174 6637052 
2 5 3 0 1 6 4 
3013080 7009856 1665416 8710106 
2 5 3 0 6 1 4 
3014074 6995838 1711276 8812570 
4 5 1 2 3 6 0 
3016534 14291192 2574290 6603026 
2 5 1 4 0 6 3 
3020002 9455974 9089388 3588620 
0 5 1 3 2 6 4 
3020436 2923862 16074604 7998028 
4 5 1 6 3 0 2 
3043306 1529308 9010982 17082624 
2 5 6 3 4 1 0 
3049542 2382070 10372636 9474598 
2 5 6 1 4 3 0 
3052902 1696506 11015152 10000420 
2 5 6 1 4 0 3 
3064224 1603756 18946512 8629732 
2 5 6 3 4 0 1 
3066102 2298044 18964036 8040918 
2 5 1 6 4 3 0 
3088154 1685770 11056608 10210744 
2 5 1 3 4 6 0 
3092324 2678030 10022244 9474162 
2 5 6 3 0 1 4 
3096550 2512506 8902338 10026558 
2 5 1 6 4 0 3 
3099524 1592796 18934664 8802180 
2 5 6 1 0 3 4 
3101962 1825862 8009652 10556934 
2 5 6 1 3 0 4 
3106520 1671484 8951850 12410738 
2 5 1 6 0 3 4 
3137190 1814902 8057316 10942306 
2 5 1 3 0 6 4 
3138852 2808482 8899310 10200158 
2 5 1 6 3 0 4 
3141820 1660524 8940002 12583186 
2 5 6 0 4 1 3 
3147978 7814584 10480032 4118000 
2 5 6 0 4 3 1 
3153216 7823308 11140072 4055008 
2 5 6 0 1 3 4 
3185052 7897840 2899358 8273352 
2 5 6 0 3 1 4 
3187310 7883872 2702884 7892428 
2 5 1 0 4 6 3 
3190164 7814568 10126612 4291592 
2 5 1 0 6 3 4 
3228232 7883806 2591798 8549408 
2 5 1 0 3 6 4 
3229496 7883856 2349464 8066020 
