32 3
2 0 5 1 4 3 
430126 2994428 10133920 
2 0 5 4 1 3 
437734 3725218 9995264 
2 0 3 1 4 5 
466846 2937758 12825006 
2 0 1 4 3 5 
530298 2875388 13439674 
0 2 1 4 3 5 
530330 2676444 13319522 
3 5 0 4 1 2 
530338 1760402 11876110 
3 5 0 1 4 2 
541358 2306182 11685788 
5 3 2 4 1 0 
570334 1756010 14258000 
1 5 0 4 3 2 
678664 1576788 17926504 
1 3 0 4 5 2 
704590 1530456 17918992 
1 3 2 4 5 0 
718180 1508044 18553988 
5 1 2 4 0 3 
791906 4260116 9577446 
5 1 0 4 2 3 
824658 4259050 9696750 
3 2 1 4 0 5 
861730 1689768 11230646 
3 2 5 4 0 1 
863206 1618678 11927900 
4 5 2 1 3 0 
863820 1595766 16573636 
5 3 2 0 4 1 
939590 4391862 9547672 
1 3 0 4 2 5 
945830 3265542 10021110 
1 3 2 4 0 5 
949746 3415586 9884726 
5 3 2 4 0 1 
966898 3849272 9082298 
3 2 4 1 0 5 
976530 2057312 10784104 
5 3 0 4 2 1 
995070 3813258 9218654 
2 3 5 1 4 0 
1000554 3877036 7218336 
2 3 4 5 1 0 
1004530 3057114 8470894 
2 3 5 4 1 0 
1009122 2881426 7078880 
2 3 4 1 5 0 
1019582 2783964 8207124 
3 0 4 1 2 5 
1044834 2026096 11179152 
4 0 3 1 2 5 
1058512 1431840 15569498 
0 5 3 4 1 2 
1119542 2408482 8828430 
4 2 3 1 0 5 
1160968 1418176 16277370 
1 2 5 4 0 3 
1265654 1504412 15395888 
1 2 3 4 0 5 
1269488 1425492 14522360 
