24 2
2 3 0 5 4 1 
3186304 63064 
0 3 2 5 4 1 
3188692 62390 
2 1 0 3 4 5 
3538014 56416 
0 1 2 3 4 5 
3539630 55862 
2 5 0 1 4 3 
3583166 55510 
2 3 0 1 4 5 
3669738 46798 
0 3 2 1 4 5 
3671356 46152 
0 4 2 5 1 3 
4437226 45934 
2 4 0 5 1 3 
4437314 44886 
0 4 2 5 3 1 
4577864 43780 
2 4 0 5 3 1 
4578196 42734 
0 3 2 1 5 4 
4737322 40698 
0 5 2 4 1 3 
5285152 37034 
0 5 2 4 3 1 
5644940 36290 
0 3 2 4 1 5 
5925176 32700 
2 3 0 4 5 1 
6631840 32384 
0 3 2 4 5 1 
6632620 31638 
4 1 5 3 0 2 
6657842 29402 
4 1 5 3 2 0 
6772178 28720 
1 5 3 4 2 0 
6843688 22900 
1 5 3 4 0 2 
7017780 22886 
4 3 5 1 0 2 
7417992 22370 
4 3 5 1 2 0 
7517718 21594 
1 3 5 4 2 0 
7685850 20240 
