28 3
3 4 5 1 2 0 
4802762 259132 23883856 
1 4 5 3 2 0 
4845620 259564 23860808 
3 4 0 1 2 5 
4846982 254062 33205800 
1 4 0 3 2 5 
4894192 254494 33167408 
2 1 5 4 3 0 
5664080 294628 13207960 
2 3 5 4 1 0 
5693590 298460 12275796 
0 1 2 3 4 5 
6669580 144622 31325012 
0 1 5 3 4 2 
6717938 177498 25142986 
4 3 5 1 0 2 
6880690 172736 23751426 
3 1 2 0 4 5 
7130316 157710 31252156 
0 3 2 1 4 5 
7322608 135696 30709162 
0 3 5 1 4 2 
7366192 168726 25587846 
2 3 5 4 0 1 
7480084 299350 11945276 
1 3 5 4 0 2 
7481014 189344 23617150 
4 1 5 3 0 2 
7486856 168404 25321648 
1 3 2 0 4 5 
7721402 147608 30597920 
2 1 5 4 0 3 
7808804 297618 12825426 
4 3 5 0 1 2 
8828130 235812 22690996 
5 3 4 0 1 2 
9026930 290644 22680712 
0 3 5 4 1 2 
9093852 240508 22441638 
0 3 5 1 2 4 
9099206 171088 25272296 
4 3 5 1 2 0 
9646050 188066 23183106 
2 3 5 1 0 4 
9646884 221020 21801064 
2 1 5 3 4 0 
10267910 238488 21785748 
2 3 5 0 1 4 
10567584 282978 19803672 
2 1 5 0 3 4 
10647082 294032 19337560 
2 3 5 1 4 0 
10679230 233988 21548294 
0 3 2 1 5 4 
11003172 164416 29813308 
