36 2
9 1 8 2 7 0 3 4 6 5 
23123030 62757182 
9 1 8 0 7 2 3 4 6 5 
23351722 62662582 
9 3 8 2 7 0 1 4 6 5 
23602010 54421960 
9 3 8 0 7 2 1 4 6 5 
23830702 54248334 
9 3 7 2 8 0 1 4 6 5 
24026396 52136048 
9 3 2 7 0 8 1 4 6 5 
25070030 50197170 
5 3 2 7 0 8 1 4 6 9 
25555648 49537472 
9 0 2 8 7 3 1 4 6 5 
26027928 46739198 
5 0 2 8 7 3 1 4 6 9 
26206962 46413432 
6 3 7 2 8 0 1 5 9 4 
26842334 45576982 
6 3 7 2 8 0 1 9 5 4 
28044336 44955658 
5 9 0 7 2 3 8 4 6 1 
28180828 44541782 
5 9 2 7 0 3 8 4 6 1 
28375694 43180112 
6 3 8 1 7 5 4 2 0 9 
28787394 42674436 
9 0 2 7 8 3 1 4 6 5 
29318430 40846752 
5 9 3 2 7 0 8 4 6 1 
30308102 39364844 
6 3 1 5 8 9 7 2 0 4 
30483602 38940902 
5 9 3 2 8 0 7 4 6 1 
30582870 38545954 
0 5 1 3 8 9 7 4 6 2 
30705392 37340324 
5 9 2 0 7 3 8 4 6 1 
30851318 37065660 
0 9 5 8 1 3 7 4 6 2 
31287736 36360648 
6 9 3 1 8 5 7 2 0 4 
31480976 36102442 
0 9 3 1 8 5 7 4 6 2 
32088930 33049758 
0 9 5 1 8 3 7 4 6 2 
32954582 31330866 
0 9 3 1 8 5 7 6 4 2 
33795896 29514994 
0 9 5 1 8 3 7 6 4 2 
34661548 27796102 
0 9 5 1 7 3 8 6 4 2 
37649138 26436924 
2 9 5 1 8 3 4 6 0 7 
38117512 25868962 
0 9 5 1 8 3 4 6 2 7 
40849712 25785982 
2 6 9 3 1 5 7 4 0 8 
42176434 25520820 
8 9 6 4 0 3 2 5 1 7 
43079052 25495362 
2 9 6 4 1 5 7 3 0 8 
43414492 24013556 
8 9 6 4 0 3 7 5 1 2 
43900872 23636504 
8 9 6 4 2 3 7 5 1 0 
45844914 23410898 
7 9 6 4 2 3 8 5 1 0 
49959124 23272664 
7 9 5 1 2 3 4 6 8 0 
55848934 23229570 
