60 3
3 0 5 1 2 4 
1383572 6178526 12612820 
3 0 5 4 2 1 
1385590 6278440 7925044 
5 0 3 4 2 1 
1399222 6422962 7754404 
3 2 5 1 0 4 
1407240 6157866 12258166 
3 2 5 4 0 1 
1410930 6194852 8501276 
3 0 1 5 2 4 
1449832 5280990 10997578 
3 0 1 4 2 5 
1450446 5246932 7140316 
5 2 4 3 0 1 
1463234 5783326 6554642 
3 2 1 4 0 5 
1493118 5191092 7716436 
2 5 1 4 3 0 
2505946 8571140 5002526 
2 3 1 4 5 0 
2580162 8308528 6140534 
2 5 4 1 3 0 
2623816 8906310 3751428 
2 3 4 1 5 0 
2644188 8630006 3860898 
0 3 4 1 5 2 
2644286 7968612 3858356 
0 5 4 1 3 2 
2647946 8212964 3737142 
0 3 2 4 5 1 
2683786 5124220 12999860 
2 3 0 4 5 1 
2683834 5064354 12528420 
2 1 4 3 5 0 
3143710 7761328 3939036 
0 1 4 3 5 2 
3143822 7066854 3935128 
2 5 3 4 1 0 
3171056 6395246 4957816 
0 1 2 4 5 3 
3183616 4820326 10901634 
2 1 0 4 5 3 
3183664 4768940 10365974 
2 1 0 3 5 4 
3185552 5008794 9363700 
0 1 2 3 5 4 
3185584 5070860 8585720 
5 1 4 0 3 2 
3212880 4488634 12141536 
5 1 4 2 3 0 
3213644 4505494 11798314 
2 1 0 4 3 5 
3224126 4068188 12076174 
2 1 0 5 3 4 
3228562 4308786 9218890 
0 1 2 5 3 4 
3232786 4370756 8440990 
5 3 4 0 1 2 
3306276 4177632 9631422 
5 3 4 2 1 0 
3306952 4197804 9239206 
0 1 4 5 3 2 
3314324 7821650 3784798 
2 5 0 4 1 3 
3349248 4483168 7977470 
2 5 4 3 1 0 
3349602 7415784 3314076 
0 5 2 3 1 4 
3358032 4610150 7950836 
0 5 4 3 1 2 
3370742 6693352 3299892 
2 3 0 4 1 5 
3515922 3603048 10825342 
2 3 4 5 1 0 
3516556 7661588 3274032 
2 3 0 5 1 4 
3521678 3793966 8702968 
0 3 2 5 1 4 
3525374 3863894 7926520 
0 3 4 5 1 2 
3537584 7203796 3270776 
5 2 1 0 3 4 
3820738 5766020 5856022 
5 0 1 2 3 4 
4265548 6067596 5853576 
2 4 0 3 5 1 
4573886 3598840 12582282 
0 4 2 3 5 1 
4573918 3499786 13024482 
2 4 0 1 5 3 
4574464 3493486 10344290 
0 4 2 1 5 3 
4574492 3393898 10852172 
0 5 2 1 4 3 
4604144 3124348 7279158 
2 5 0 1 4 3 
4610452 3128440 6753852 
5 0 3 2 4 1 
5435166 6230444 4216072 
3 0 5 2 4 1 
5447734 6085322 4387212 
5 0 1 2 4 3 
5495110 4887190 3623006 
3 0 1 2 4 5 
5566842 5693970 3600020 
0 3 2 1 4 5 
5936780 2909350 8579062 
2 3 0 1 4 5 
5943088 2845602 8567516 
5 2 1 0 4 3 
6162500 5088214 3620372 
3 2 1 0 4 5 
6234344 5630354 3586458 
0 1 2 5 4 3 
7272702 3084766 7319782 
2 1 0 5 4 3 
7279038 3033236 6784242 
0 4 2 5 1 3 
7412330 3012838 8494128 
