33 3
3 4 1 0 2 
7428386 6357792 6711834 
3 4 1 2 0 
7483928 5816104 6866972 
3 1 4 0 2 
7887480 6067092 6702926 
3 1 4 2 0 
7963200 5687854 6863042 
0 4 2 3 1 
8432472 5692856 5090532 
2 4 0 3 1 
8790108 5184000 5343956 
3 2 1 0 4 
11363254 6316130 4444946 
3 1 2 0 4 
11509736 5409830 4417174 
4 2 0 3 1 
12025266 6598284 4306256 
4 0 2 3 1 
12148308 6529884 4304160 
2 1 0 3 4 
12250434 5453376 3895964 
0 1 2 3 4 
12391510 5811030 3642388 
3 1 0 2 4 
12665040 4983386 4196394 
0 1 4 2 3 
13168716 2856292 6860410 
2 0 1 3 4 
13170216 5273826 3890462 
1 2 3 0 4 
13376582 8537484 2828340 
0 2 1 3 4 
13391474 5699880 3638982 
2 1 3 0 4 
13804564 2050710 6159604 
1 3 2 0 4 
13998544 8067234 2813930 
1 0 3 2 4 
14407290 8110818 2574044 
3 4 0 2 1 
14872468 4712424 3723862 
1 0 4 3 2 
14929404 4614552 5349778 
3 4 2 0 1 
14983818 5289576 3346598 
1 4 0 3 2 
15037880 4400802 5343228 
0 1 3 2 4 
15100944 1981920 5685248 
1 3 0 2 4 
15109434 7708968 2561730 
0 4 3 2 1 
15208532 2347598 5213356 
1 2 4 3 0 
15279026 4709840 5098002 
1 4 2 3 0 
15307320 4427690 5089356 
2 4 3 0 1 
15677518 2415894 5089516 
4 3 0 2 1 
16150406 6805278 2560890 
1 0 2 3 4 
17027536 3758568 4301584 
4 3 2 0 1 
17150036 6018870 2812026 
