22 4
2 5 3 1 4 0 
16953636 13804040 15569806 759662 
2 5 1 3 4 0 
17734980 7680464 8811894 446854 
1 2 0 3 4 5 
18872104 6150560 7209974 369402 
1 0 2 3 4 5 
19056984 6147114 7175688 368568 
5 2 0 3 4 1 
20345086 4726862 5719788 308168 
5 0 2 3 4 1 
20473308 4728554 5706264 311450 
3 0 2 5 4 1 
22310442 4704994 5810792 310850 
5 2 0 3 1 4 
22787374 4698894 5674432 299726 
5 0 2 3 1 4 
23900062 4695342 5606720 293014 
0 3 5 2 1 4 
24047718 2136440 2880956 165718 
2 5 1 0 4 3 
25704640 2119344 2855130 138148 
0 3 1 2 4 5 
26339766 2128556 2827298 138376 
0 5 3 2 1 4 
26417798 2120792 2701620 150678 
0 5 1 2 3 4 
26813546 2118774 2922194 155816 
2 5 4 0 1 3 
27159572 2129066 2713000 135926 
2 5 3 0 1 4 
27384542 2120994 2734588 150666 
0 5 4 2 1 3 
27804068 2120304 2761472 135698 
0 3 5 2 4 1 
28634122 2115974 2748924 141342 
2 3 5 0 4 1 
28779276 2109758 2748252 141198 
2 5 3 0 4 1 
29352174 2096482 2661384 137108 
0 5 3 2 4 1 
29916108 2106122 2629480 137348 
0 5 4 2 3 1 
31766788 2095852 2784228 139808 
