85 3
4 5 0 1 3 2 6 
8491102 1326132 31750042 
4 5 2 1 3 0 6 
8516018 1249622 29270126 
6 3 2 1 5 0 4 
8653162 797388 27574620 
6 3 0 1 2 5 4 
8654074 948464 26011058 
6 3 5 1 2 0 4 
8659466 796848 28147914 
6 3 0 1 5 2 4 
8660762 882018 20318406 
6 3 1 5 2 0 4 
9333082 795474 21896830 
4 2 0 5 3 1 6 
9438826 1111758 19416268 
6 3 0 1 4 2 5 
9774258 1171584 17295016 
6 3 2 5 1 0 4 
9805906 753600 21401488 
1 3 0 6 5 2 4 
9962758 818020 20368784 
1 3 0 6 4 2 5 
10089842 1069744 17133714 
6 5 0 3 4 2 1 
10370302 1017668 17285018 
2 0 3 5 1 6 4 
10615320 1204816 13389576 
2 0 6 5 1 3 4 
10618012 1071490 15527082 
6 3 2 1 0 5 4 
10691698 752886 25706704 
6 3 5 1 0 2 4 
10704690 685900 20587346 
2 0 5 4 3 6 1 
10712618 932682 17554314 
1 0 3 2 5 6 4 
10794566 1047124 16842372 
6 3 0 5 4 2 1 
10885982 1006636 17283080 
2 0 5 4 3 1 6 
10984818 899440 20250938 
4 5 3 2 1 6 0 
11278742 1362068 13092666 
1 3 6 0 2 5 4 
11339786 746174 19221046 
2 4 5 0 3 6 1 
11362114 934250 17554140 
4 2 5 0 3 6 1 
11539534 831770 17220954 
2 0 6 4 1 3 5 
11590310 1110850 15526830 
6 3 0 1 5 4 2 
11615654 894798 16979906 
2 0 3 4 5 6 1 
11628126 835328 16719272 
2 5 3 0 1 6 4 
11693360 1203820 13389880 
1 3 6 0 4 5 2 
11713030 981520 15905138 
2 5 6 0 1 3 4 
11713452 1069392 15526458 
2 0 3 5 6 1 4 
11731728 1175600 15486654 
6 3 2 1 4 5 0 
11747702 1134158 14991416 
2 0 1 5 6 3 4 
11754560 960740 15801860 
2 5 3 0 4 6 1 
11799512 804910 16363276 
6 3 5 1 2 4 0 
11892362 1213054 12216624 
6 3 4 1 2 5 0 
11896158 1126360 15178464 
1 0 5 3 4 2 6 
11896946 983932 14828650 
2 0 3 5 4 6 1 
11971136 798930 16362268 
1 0 4 3 5 2 6 
11976106 978378 14904524 
1 0 2 3 5 4 6 
11976486 1123618 11942636 
1 3 2 6 0 5 4 
11993002 649482 25343602 
1 3 5 6 0 2 4 
12004554 631168 20224772 
6 0 5 3 4 2 1 
12255336 960780 14991776 
4 2 3 0 5 6 1 
12436234 746130 16539352 
6 3 1 0 5 2 4 
12521824 619372 21322582 
6 3 5 0 4 2 1 
12561492 955728 14990496 
1 3 2 0 6 5 4 
12934698 601578 18824074 
4 0 3 2 5 6 1 
12938970 735968 16538030 
1 3 5 0 6 2 4 
12949526 585658 24107048 
6 3 5 0 1 2 4 
13003812 566948 20954814 
2 0 3 5 4 1 6 
13151604 724270 15617058 
0 2 5 3 1 4 6 
13271650 942732 13074964 
5 0 1 2 6 3 4 
13301188 886852 15479572 
3 0 4 6 5 2 1 
13599804 939466 15221700 
3 0 2 6 5 4 1 
13600160 1083062 12258882 
2 0 1 5 3 6 4 
13793436 906778 13843346 
4 0 1 2 5 3 6 
13796414 565238 24563960 
6 0 4 3 5 2 1 
13812644 813980 14848914 
6 0 2 3 5 4 1 
13813000 957576 11886096 
1 0 2 3 6 5 4 
13866410 587100 18821834 
6 0 5 3 1 2 4 
13986372 564806 20955368 
5 2 4 0 3 6 1 
14019972 701116 17121200 
2 0 5 3 1 4 6 
14050730 877392 13186526 
6 3 2 1 5 4 0 
14068086 1003724 11883890 
6 3 4 0 5 2 1 
14110832 815072 14848594 
6 3 1 0 5 4 2 
14153772 820648 13115610 
1 0 5 3 2 4 6 
14218974 914476 12014170 
6 0 5 3 2 4 1 
14366176 909858 12207614 
1 0 5 2 3 6 4 
14453498 710678 16849294 
1 3 4 6 0 2 5 
14456910 661018 17055528 
1 0 2 3 6 4 5 
14629550 708238 15525596 
6 3 5 0 2 4 1 
14664024 898048 12206086 
0 2 1 3 5 4 6 
14742138 811310 13489492 
3 0 2 6 1 4 5 
14899844 830798 12979694 
6 3 5 0 1 4 2 
15480416 686984 12840962 
6 3 4 0 1 5 2 
15483640 639082 16468214 
1 3 4 0 6 5 2 
15639882 614292 15654334 
5 0 3 2 4 1 6 
16202296 675598 15616978 
1 3 5 0 2 4 6 
16436114 902666 12012642 
0 3 5 6 2 4 1 
16824200 930062 11954306 
6 0 5 3 1 4 2 
17681896 684842 12841082 
1 0 4 3 6 5 2 
17771914 600992 15652652 
5 2 6 0 4 1 3 
19016076 660380 13323062 
5 0 6 2 4 1 3 
19690252 654286 13322686 
