42 3
2 4 0 6 3 5 1 
2544294 7340740 5754972 
2 4 3 6 0 5 1 
2544352 6710078 5132260 
5 4 3 6 0 2 1 
2552040 7000194 4754162 
2 4 3 6 5 0 1 
2590712 5831644 4775934 
6 1 2 5 0 3 4 
2639884 7713902 4373400 
5 4 0 6 2 3 1 
2665270 5327114 4673252 
5 4 3 6 2 0 1 
2680584 5742408 4363326 
2 4 3 1 0 5 6 
2717236 5895752 4123952 
2 4 3 1 5 0 6 
2754658 6987696 3954012 
5 4 3 0 2 6 1 
2760626 4914028 4895108 
2 4 6 5 3 0 1 
2808076 6303976 3937318 
2 4 3 5 6 0 1 
2808464 5652454 4045882 
5 4 0 1 2 3 6 
2839318 4589612 5561814 
5 4 3 1 2 0 6 
2844386 6967532 3851100 
5 4 3 2 0 6 1 
2851544 4700912 4016972 
2 4 3 5 0 6 1 
2870440 4706018 4014750 
1 6 2 5 3 0 4 
2870802 5955566 3977088 
2 4 3 5 1 0 6 
2938096 6910308 3639746 
2 4 3 5 0 1 6 
2946382 4640554 3634612 
2 4 6 5 0 3 1 
2962622 5245896 3621844 
5 4 6 2 0 3 1 
2965214 5240390 3625282 
2 4 1 5 0 3 6 
3092658 4720574 3573166 
2 4 0 5 1 3 6 
3094582 4527462 5349092 
3 6 2 1 5 0 4 
3149042 5799242 3561038 
5 4 3 2 0 1 6 
3193118 4635448 3636834 
3 6 0 1 5 2 4 
3194936 4587024 4427646 
1 4 0 5 2 3 6 
3243742 4388690 5408478 
5 4 1 2 0 3 6 
3296418 4716268 3572956 
5 4 0 2 1 3 6 
3298342 4530020 5344748 
3 1 2 6 0 5 4 
3633310 4432774 3313424 
3 1 5 6 0 2 4 
3709888 4430002 3309152 
5 6 0 1 3 2 4 
3948664 4151500 4370712 
0 1 5 6 3 2 4 
4052320 4338972 3925988 
0 1 2 6 3 5 4 
4135352 4337124 3930260 
0 4 3 5 2 6 1 
4334824 4097824 4238844 
0 4 3 5 2 1 6 
4361636 4030456 3858570 
0 4 3 2 5 6 1 
4408504 4007696 3841226 
0 4 1 5 2 3 6 
4496304 4110812 3797124 
0 4 3 2 5 1 6 
4631588 3937640 3460760 
0 4 1 2 5 3 6 
4769712 4017452 3396882 
0 6 5 1 3 2 4 
5881886 3959926 3332576 
0 6 2 1 3 5 4 
5970246 3957454 3331424 
