19 3
0 2 1 4 3 
5502636 1735564 281368 
0 4 1 2 3 
5504644 2310746 257292 
0 2 3 4 1 
5937696 1726414 279748 
4 0 3 2 1 
6579608 2508976 245658 
4 2 3 0 1 
6597348 1559042 280202 
4 0 1 2 3 
6798122 2472886 248952 
4 2 1 0 3 
6815418 1459922 281876 
1 2 0 4 3 
9095498 1419476 924118 
2 0 1 4 3 
9324668 2151876 247838 
2 4 1 0 3 
9343972 1714094 256686 
2 0 3 4 1 
9541574 2115786 244580 
3 2 0 4 1 
10252046 1351748 1049446 
3 2 4 0 1 
11738678 1223110 1152896 
1 2 4 0 3 
12318176 1101712 1215254 
4 2 0 1 3 
13066742 820982 923278 
4 2 0 3 1 
14025362 793166 1048504 
0 2 4 1 3 
14976638 778860 1213906 
2 4 0 1 3 
15515034 1071462 906980 
0 4 2 1 3 
20898970 734696 1814580 
