152 4
2 3 5 6 0 4 1 
5607690 19579362 7218248 18813130 
2 1 5 6 0 4 3 
5608594 13564016 6689412 12151046 
0 1 5 6 2 4 3 
5614254 13990884 6321236 10969400 
0 1 3 5 2 6 4 
6109638 16293238 6124434 15511230 
2 4 3 5 0 1 6 
6153454 18689156 6055598 12853178 
2 1 3 5 0 6 4 
6172810 17516416 5859126 13892366 
0 1 3 6 2 4 5 
6490614 16418242 6037460 14099522 
4 1 3 2 6 0 5 
6503024 14125542 6532998 9163902 
2 4 6 5 0 1 3 
6632226 12683518 6686740 11848244 
2 4 3 1 0 5 6 
6673550 18291880 5939372 13029886 
0 4 6 5 2 1 3 
6703430 13505598 6418892 10742906 
2 1 5 4 0 6 3 
6717150 13337692 6622708 12263504 
6 1 3 2 4 0 5 
6718716 11360114 5691802 12105708 
0 1 5 4 2 6 3 
6724370 13803242 6267072 11035280 
4 1 0 2 6 3 5 
6755038 17826998 6398968 9194006 
4 1 3 0 6 2 5 
6837512 14280256 6583158 8977590 
0 1 6 4 2 5 3 
6895184 16391014 6022332 11002038 
6 2 5 3 4 1 0 
7038088 17036064 5178480 14075580 
6 1 3 0 4 2 5 
7051644 11476146 5729422 11965974 
6 2 5 1 4 3 0 
7425182 16649146 5066126 14227498 
6 0 3 1 4 5 2 
7597814 16561556 5668910 15974974 
6 2 3 1 4 5 0 
7600632 14988138 5543186 14387006 
6 1 5 0 4 2 3 
7685836 14181844 5217122 14750700 
6 1 5 2 4 0 3 
7693180 14075924 5180734 14927490 
6 1 5 3 4 2 0 
7761226 14588656 5057748 13401636 
1 0 5 6 3 4 2 
7956490 21399140 5451486 11110902 
3 1 6 0 5 2 4 
7982330 18648280 5233100 12108470 
6 4 3 2 5 0 1 
7982940 18537108 5319822 9201042 
3 4 6 0 5 2 1 
8003846 9769446 4921862 8623812 
6 1 3 2 5 0 4 
8004280 9087628 5464342 12062468 
5 4 6 0 3 2 1 
8183214 10029668 4742436 9109358 
5 1 3 2 6 0 4 
8255722 13476400 4188222 5789290 
6 1 3 0 5 2 4 
8343256 9218828 5503810 11978318 
3 4 6 2 5 0 1 
8384572 9881422 4956380 8532028 
5 2 0 6 3 4 1 
8635906 9137062 5459062 8757020 
1 4 6 0 5 2 3 
8715134 10986096 6893454 8211364 
2 1 5 6 3 4 0 
9059452 8495914 6440066 12075648 
1 4 6 2 5 0 3 
9095844 11086442 6923946 8139738 
1 4 6 0 3 2 5 
9120462 10704002 6963176 8344390 
5 4 6 0 1 2 3 
9124462 9005818 4794686 8881028 
5 2 0 4 3 6 1 
9157786 8770188 5346532 9044896 
3 4 6 0 1 2 5 
9350422 8463502 5043834 8528508 
6 3 4 0 5 2 1 
9379420 18453702 3714276 8643620 
6 1 4 0 5 2 3 
9379742 16769784 3610524 7349814 
5 2 6 4 3 0 1 
9396920 12955336 4512222 9136808 
1 2 0 6 5 4 3 
9455978 10607870 7673800 8132890 
3 1 5 6 2 4 0 
9473446 13080134 4043098 4322926 
1 4 6 2 3 0 5 
9497140 10794236 6992436 8235708 
1 2 0 6 3 4 5 
9587118 10248776 7593222 8008016 
0 1 5 6 3 4 2 
9705806 8082330 6086422 10953188 
3 4 6 2 1 0 5 
9727620 8566630 5077274 8404300 
5 2 0 6 1 4 3 
9748218 8156332 5595480 8673114 
3 4 2 0 1 6 5 
9765230 12311530 4932856 8617648 
1 0 2 6 5 4 3 
9865136 10579664 7433448 8075742 
6 1 4 2 5 0 3 
9891446 16663864 3574136 7526604 
1 0 2 6 3 4 5 
9932132 10222778 7375686 7955076 
5 0 6 4 3 2 1 
9988838 12493278 4529424 9067138 
3 2 0 6 1 4 5 
10007718 8621848 5509832 8398382 
5 0 2 3 6 1 4 
10050380 10853018 4781538 5395268 
6 0 2 3 5 1 4 
10061834 7750464 6205770 11965758 
1 2 0 4 3 6 5 
10109014 9893532 7484718 8275734 
3 1 5 6 0 4 2 
10114140 12239682 4057630 4382112 
5 0 1 3 6 2 4 
10172838 16835618 3978946 5448060 
5 2 0 4 1 6 3 
10269594 7788194 5482796 8956358 
5 2 6 4 1 0 3 
10311960 11940478 4644482 8927838 
3 0 2 6 1 4 5 
10360684 8591548 5255108 8336752 
2 4 6 5 3 1 0 
10364964 7738616 6677874 12185486 
6 2 0 3 5 1 4 
10421666 7714216 5896746 11892282 
3 4 6 5 2 1 0 
10516062 11036618 4132794 4135452 
3 2 0 4 1 6 5 
10529094 8253710 5397148 8681626 
5 1 3 2 4 0 6 
10561716 10681088 4234014 5746596 
5 2 1 3 6 0 4 
10571566 16468720 3999238 5364968 
1 0 2 4 3 6 5 
10582206 9867540 7267182 8222794 
3 1 5 4 2 6 0 
10583338 12729672 3932570 4671018 
3 4 1 5 2 6 0 
10747660 16092274 3767430 4196710 
3 0 2 4 1 6 5 
11010238 8223416 5142424 8619996 
0 4 6 5 3 1 2 
11021836 7690984 6367444 11041332 
3 4 6 5 0 1 2 
11101730 10166906 4090212 4096636 
2 1 0 4 3 6 5 
11148470 19006068 3562158 7581316 
3 1 5 0 6 2 4 
11162300 15292392 3668324 5551658 
3 1 5 2 6 0 4 
11168404 15380390 3699916 5371866 
3 1 5 4 0 6 2 
11222520 11885428 3946640 4716308 
3 4 1 5 0 6 2 
11454416 15242786 3727312 4232006 
6 1 4 0 3 2 5 
11497242 14230820 3601244 7471584 
0 1 2 6 3 4 5 
11624484 18587538 3368338 7296812 
0 1 2 3 6 5 4 
11869828 18255192 3300492 5555686 
6 1 4 2 3 0 5 
12004914 14114788 3563624 7611318 
4 1 6 5 0 3 2 
12006128 18548454 3683240 4357228 
3 6 1 5 2 4 0 
12027880 15341768 4078626 4129306 
6 0 2 1 5 3 4 
12270522 7397676 6097574 12242740 
5 0 2 3 4 1 6 
12284520 8037686 4788252 5285520 
6 1 4 5 0 3 2 
12308026 17533806 3061260 4068294 
6 1 3 5 0 4 2 
12318318 13348274 3945538 4284548 
5 0 3 1 6 2 4 
12414574 14276930 3732850 5279430 
2 4 6 1 3 5 0 
12448234 7361564 6564112 12436306 
5 1 3 6 2 4 0 
12454676 14541320 3487864 3964102 
4 2 0 3 5 1 6 
12520516 7934486 6591720 8904104 
6 2 0 1 5 3 4 
12587628 7361426 5788550 12169264 
3 4 6 1 2 5 0 
12606612 10840082 4077552 4168908 
3 6 1 5 0 4 2 
12733286 14496900 4047526 4180076 
6 3 4 5 0 1 2 
12754212 16855160 3262420 4171838 
5 2 3 1 6 0 4 
12766494 13859430 3752638 5191732 
3 4 5 6 2 1 0 
12796542 13493184 3372866 4587582 
3 4 5 1 2 6 0 
12838708 13692730 3449382 4063990 
6 1 3 5 2 4 0 
12990938 12366428 3915536 4225192 
0 4 6 1 3 5 2 
13104994 7232522 6225500 11433258 
6 1 4 5 2 3 0 
13132006 16577240 3034338 4101578 
3 4 6 1 0 5 2 
13195808 9979218 4036048 4162516 
6 1 4 3 0 5 2 
13318922 17257208 2964944 4561350 
3 4 5 6 0 1 2 
13445786 12623472 3330284 4548766 
3 1 5 0 4 2 6 
13466782 12493288 3713654 5495068 
3 1 5 2 4 0 6 
13474398 12585078 3745708 5329172 
3 4 5 1 0 6 2 
13496016 12843242 3409264 4099286 
5 1 3 4 2 6 0 
13564568 14190858 3377336 4312194 
6 3 4 5 2 1 0 
13578642 15897054 3232492 4199964 
6 1 5 3 0 4 2 
13582942 13255172 3356314 4447466 
4 1 5 6 0 3 2 
13601256 16004596 4809984 3790032 
5 4 6 3 0 1 2 
13748700 12799228 3247622 3900852 
6 0 2 1 3 5 4 
13905742 7311960 6001310 15236728 
6 1 4 3 2 5 0 
14138870 16290530 2936790 4557578 
6 2 0 1 3 5 4 
14277280 7273518 5669470 15159044 
6 1 5 3 2 4 0 
14312074 12273326 3326312 4388110 
4 0 2 1 5 3 6 
14369586 7641654 6899582 9258896 
5 0 2 1 4 3 6 
14501024 7889938 4746782 5309454 
2 4 6 1 5 3 0 
14545406 7139472 6349728 14676242 
0 4 6 1 5 3 2 
14553142 7293358 6220620 14674410 
4 1 5 6 2 3 0 
14582202 14726448 4780332 3823286 
4 2 0 1 5 3 6 
14686494 7593326 6487550 9160928 
3 6 5 1 0 4 2 
14728078 12046754 3728974 4042750 
5 0 3 1 4 2 6 
14731458 11474238 3741104 5216002 
6 3 4 1 0 5 2 
14812076 16190466 3053596 4812180 
5 4 6 1 0 3 2 
14835578 12617406 3201994 3799722 
5 4 3 1 2 6 0 
14898584 16352470 3111540 4127980 
5 4 3 1 0 6 2 
14967780 16360534 3078702 4163356 
6 1 5 4 0 3 2 
15026754 13788494 3538716 3577412 
5 2 3 1 4 0 6 
15082028 11061358 3769910 5143778 
3 0 2 5 4 1 6 
15213870 10563764 3959358 5073420 
5 0 6 4 2 1 3 
15215360 10842464 3925160 10424010 
5 0 3 2 4 1 6 
15292704 10945542 3567084 5914414 
6 3 4 1 2 5 0 
15632978 15223512 3022590 4807882 
6 1 5 4 2 3 0 
15765966 12831928 3511794 3610696 
3 6 5 4 0 1 2 
15786228 11472730 3539004 4826426 
6 3 5 1 2 4 0 
15867412 11965308 3419672 4707504 
5 2 3 0 4 1 6 
15976058 10544024 3597276 5883878 
3 0 2 1 4 5 6 
16340106 10347034 3901652 5032764 
3 2 0 4 6 1 5 
16370626 7842170 5018830 8540618 
6 2 0 3 1 4 5 
16830794 8124544 4692716 8439052 
3 0 2 4 6 1 5 
16960634 7807492 4718474 8470572 
5 4 6 2 0 1 3 
17497444 8529766 4370712 11529192 
5 4 6 0 2 1 3 
17510862 8394966 4306440 10497264 
6 2 0 1 3 4 5 
17788776 8116616 4679854 7631930 
5 4 6 1 2 0 3 
18364824 8962994 4485234 9942444 
