54 3
0 3 1 5 6 2 4 
12618764 6471698 14635296 
2 3 1 5 6 0 4 
12619762 6471660 15220050 
4 5 1 3 2 6 0 
12744830 6320534 12682688 
1 3 0 5 6 2 4 
12809726 7468792 6170378 
1 3 2 5 6 0 4 
12828272 7360458 5959242 
1 5 6 3 2 4 0 
12934670 6565832 6464058 
0 1 3 5 6 2 4 
13075466 4959572 10861840 
4 1 5 3 2 6 0 
13356704 4654106 9268758 
5 1 6 3 2 4 0 
13444630 6565388 8456232 
3 4 5 6 0 1 2 
13573996 5689158 9192906 
1 4 5 6 0 3 2 
13575288 4852502 8104864 
1 5 6 3 0 4 2 
13827742 6414092 6398904 
4 1 5 3 0 6 2 
14248480 4533686 9209402 
1 4 5 6 2 3 0 
14578536 4745462 8053148 
1 5 4 6 0 3 2 
14674354 4481558 13499908 
1 2 3 0 6 5 4 
14890926 6167890 7292752 
1 5 0 3 6 2 4 
15506962 6283970 6764392 
1 5 2 3 6 0 4 
15525556 5650900 6713704 
1 5 4 6 2 3 0 
15675874 4362758 13445984 
1 3 6 5 2 4 0 
15854526 4988246 7227936 
1 3 6 5 0 4 2 
15855822 4836506 7165966 
1 3 4 6 0 5 2 
15906886 4302776 13059110 
1 4 5 3 0 6 2 
16808068 4532922 11372032 
1 3 4 6 2 5 0 
16908406 4291016 13049890 
1 5 6 4 0 3 2 
17363470 4015436 11566638 
1 4 0 6 3 2 5 
17411110 6335732 6465798 
1 3 2 0 6 5 4 
17756438 3436830 13526754 
1 3 0 2 6 5 4 
18351702 3424748 13405738 
1 3 6 4 0 5 2 
18596002 3836654 11125840 
1 5 2 0 6 3 4 
18689322 3302860 12714832 
5 4 0 6 3 2 1 
19750310 6359746 6246060 
1 3 6 4 2 5 0 
19932370 3827834 11115978 
1 6 0 4 3 2 5 
20326686 7120400 5963130 
5 1 2 0 6 3 4 
20377162 3302464 14773828 
0 4 5 6 3 1 2 
22422134 4727098 8743642 
5 6 0 4 3 2 1 
22665200 7144228 5737956 
1 3 0 2 6 4 5 
22700550 3129908 13506812 
4 3 0 2 5 6 1 
23139212 3241936 12644998 
4 6 2 0 5 3 1 
23967506 2886826 11961152 
1 4 2 0 5 3 6 
24279826 2875290 13422046 
6 4 2 0 5 3 1 
24529686 2886702 12964934 
2 0 6 4 3 5 1 
25942384 3159934 10743708 
4 1 2 0 5 3 6 
26157974 2874790 14962654 
0 2 6 4 3 5 1 
26566552 3159778 11469806 
4 1 3 5 0 2 6 
28217906 4013640 10449212 
2 1 5 3 0 6 4 
28723884 4520594 9153418 
6 1 3 5 0 2 4 
30577622 4035214 10333894 
2 1 5 3 4 6 0 
31513132 3854874 8902768 
1 2 5 3 4 6 0 
32213432 3854278 10465082 
2 3 5 1 4 6 0 
34209848 4438318 8296238 
0 4 5 6 2 3 1 
34313654 4704428 7841324 
0 4 5 6 1 3 2 
35434422 4571648 7824368 
0 2 5 3 4 6 1 
38493674 3796252 9936302 
2 0 5 3 4 6 1 
38931212 3796184 10221464 
