35 2
3 2 9 8 7 0 5 4 1 6 
5874428 34131312 
9 2 3 8 7 0 5 4 1 6 
5954986 30884586 
3 5 9 8 7 0 2 4 1 6 
5974330 30564854 
9 5 3 8 7 0 2 4 1 6 
6054888 27318128 
9 5 3 8 0 7 2 4 1 6 
6184640 26397720 
9 5 3 8 0 7 4 2 1 6 
6572988 26384640 
2 5 4 8 0 7 3 9 1 6 
6707862 23921670 
2 5 4 8 0 7 3 1 9 6 
6743142 23753194 
4 5 2 8 0 7 3 9 1 6 
6836844 21313148 
4 2 5 8 0 7 3 1 9 6 
6840576 21053492 
9 1 3 6 0 7 2 4 5 8 
6999788 20583712 
9 1 3 8 0 7 2 4 5 6 
7043404 20487702 
4 2 5 8 3 1 7 0 9 6 
7336152 19691870 
4 2 5 8 1 3 7 0 9 6 
7618120 19142772 
5 2 4 8 3 9 7 0 1 6 
7673642 17178860 
4 2 5 8 3 9 7 0 1 6 
7744280 14533426 
4 2 5 8 1 9 7 0 3 6 
8342620 14368704 
4 5 2 8 3 9 7 1 0 6 
8984944 14333450 
4 2 5 8 3 9 7 1 0 6 
9186112 14235874 
8 1 6 4 3 9 0 7 2 5 
9377668 13693702 
8 1 6 4 3 9 7 0 2 5 
9552552 13550602 
5 2 4 9 6 8 7 0 1 3 
9757524 13009344 
4 2 5 9 6 8 7 0 1 3 
9834818 10659602 
9 1 3 4 6 8 0 7 2 5 
10743432 9800360 
9 1 3 4 8 6 0 7 2 5 
10779792 9706512 
9 1 3 4 8 6 7 0 2 5 
10917316 9627660 
9 3 1 4 6 8 0 7 2 5 
11263472 8710952 
9 3 1 4 8 6 0 7 2 5 
11299076 8617092 
9 3 1 4 8 6 7 0 2 5 
11672352 8538240 
9 3 1 4 8 6 7 2 0 5 
13903642 8528452 
9 3 7 4 6 8 1 0 2 5 
14324872 8503386 
9 3 7 4 8 6 1 0 2 5 
14354786 8415804 
9 3 7 1 8 6 2 5 0 4 
15277822 8264378 
9 3 7 1 6 8 2 5 0 4 
15293978 8156684 
9 3 7 1 6 8 5 2 0 4 
15600550 8024228 
