42 3
2 0 5 1 4 3 
430126 39010470 9688880 
2 0 5 4 1 3 
437734 37772846 9548096 
0 2 5 4 1 3 
448850 36046640 9548128 
0 2 3 1 4 5 
466798 40107298 9375860 
2 0 3 1 4 5 
466846 38954218 9511274 
2 0 3 4 1 5 
481510 37694376 9254318 
0 2 3 4 1 5 
481538 35943914 9118942 
2 0 1 5 4 3 
485230 27227408 7452876 
0 2 1 5 4 3 
496270 27465624 7334430 
2 0 1 4 5 3 
508142 28755448 7050404 
0 2 1 4 5 3 
519230 27159848 6931982 
2 0 3 5 4 1 
554674 27079840 6444102 
0 2 3 5 4 1 
564328 27315024 6308730 
2 0 3 4 5 1 
572546 28623750 6124610 
0 2 3 4 5 1 
582248 27025118 5989262 
0 2 5 3 1 4 
618364 21506884 5077094 
0 2 5 1 3 4 
620788 27200088 5033582 
2 0 5 3 1 4 
634968 20610530 5077182 
2 0 5 1 3 4 
637388 26456552 5033668 
2 0 4 3 1 5 
637638 20554296 5464566 
2 0 4 1 5 3 
719374 26251248 5014066 
0 2 3 5 1 4 
728572 23286422 4459144 
0 2 3 1 5 4 
731752 27159900 4396594 
0 2 1 5 3 4 
841204 20741258 4777650 
0 2 1 3 5 4 
841960 18921532 4758612 
5 4 2 3 1 0 
848774 17311182 5640650 
5 4 0 3 1 2 
851282 17267216 5474660 
3 1 4 0 2 5 
855084 15719472 3733332 
3 1 4 2 0 5 
859004 14805484 3666136 
1 3 4 0 2 5 
867766 21168272 3326050 
1 3 4 2 0 5 
871682 20407102 3258852 
3 1 5 2 0 4 
935816 14594642 2419624 
1 3 5 2 0 4 
969284 20241740 2266230 
5 1 3 2 0 4 
978782 18040622 2372832 
5 1 3 0 2 4 
981518 17883834 2328972 
3 5 4 2 0 1 
993944 13912102 2845572 
1 5 3 2 0 4 
1045442 20664476 2168956 
4 5 3 2 0 1 
1048032 18689630 2173872 
1 5 3 0 2 4 
1048150 21577414 2125082 
4 5 3 0 2 1 
1050588 17109730 2129010 
3 5 1 2 0 4 
1062152 13823186 2601270 
4 3 5 0 2 1 
1247652 16516566 2268242 
