148 4
3 1 5 4 2 0 
3367224 1979942 3924674 30702886 
3 5 1 4 2 0 
3397974 1293202 3902166 30494126 
3 1 2 4 5 0 
3398450 1519246 3957682 29334002 
3 2 1 4 5 0 
3430400 1293538 3924294 29098058 
3 0 2 4 5 1 
3440990 1511344 2047480 26740356 
3 0 5 4 2 1 
3444708 1328774 2012054 32048786 
3 0 1 4 2 5 
3513712 1324994 3584264 30156156 
3 0 1 4 5 2 
3530842 1505548 4458202 25628654 
3 2 0 4 5 1 
3573590 1298074 2037642 25753880 
3 5 0 4 2 1 
3581958 1297738 2015514 31069994 
3 5 2 4 1 0 
3594818 1519876 3999172 17019978 
3 2 5 4 1 0 
3596018 1980908 3988292 16992794 
3 1 0 4 5 2 
3631492 1517986 4481752 24878122 
0 2 1 4 5 3 
3633594 1147738 3888052 29081832 
0 5 1 4 2 3 
3658698 1148172 3916634 25666170 
3 0 2 4 1 5 
3724892 1287764 3680278 18298232 
3 0 5 4 1 2 
3745740 1285748 4518790 19079160 
0 3 5 4 2 1 
3766990 1350886 2379724 22530446 
0 5 2 4 1 3 
3788598 2295422 3924296 17726614 
0 2 5 4 1 3 
3789798 1964564 3939486 17754870 
0 3 1 4 2 5 
3831314 1347862 3637492 20646888 
3 2 0 4 1 5 
3865742 1981664 3673850 17284256 
1 0 2 4 5 3 
3874062 2197688 1939094 23709972 
3 5 0 4 1 2 
3885390 1518616 4523242 18092368 
1 0 5 4 2 3 
3894516 1784974 1926004 27634754 
1 3 5 4 2 0 
3956074 1822534 2283472 22953442 
1 3 2 4 5 0 
3984900 1328078 2293152 24584430 
0 2 3 4 5 1 
3998172 1151434 2350780 25784744 
0 5 3 4 2 1 
4006540 1151868 2379362 20760858 
1 2 0 4 5 3 
4006662 1926826 1931152 22727528 
1 5 0 4 2 3 
4031766 1926714 1923776 26643866 
3 0 5 2 4 1 
4034508 1327806 2012524 23090656 
0 1 3 4 2 5 
4040114 1965166 3655372 19076988 
5 0 1 4 2 3 
4045554 1136154 3594100 24014930 
3 5 0 2 4 1 
4092558 1296418 2014992 22641784 
5 3 1 4 2 0 
4102432 1304052 3632860 19333618 
5 0 2 4 1 3 
4173054 2249644 3578434 19075246 
2 0 3 1 4 5 
4181610 1906664 2081874 12144200 
1 3 0 4 5 2 
4215862 1327154 2677470 20132582 
2 3 0 1 4 5 
4233060 1811646 2057704 11818596 
2 3 0 4 5 1 
4289528 1257964 2747942 19063948 
5 3 0 4 2 1 
4297336 1306824 2479906 19888318 
2 3 5 1 4 0 
4298216 1810554 2511898 14771806 
5 3 0 1 4 2 
4304100 1365602 2078708 11788132 
0 2 1 5 4 3 
4344360 1146418 3887530 22785586 
0 3 5 1 4 2 
4365562 1179072 2559294 17219636 
5 0 3 4 2 1 
4399636 1138842 2476084 19097522 
0 3 2 1 4 5 
4456514 1176468 3642372 17195444 
5 3 2 1 4 0 
4460208 1361906 3615980 14717150 
1 0 5 2 4 3 
4507818 1784090 1926420 18915562 
2 0 4 1 3 5 
4509254 725294 1965756 34338244 
5 3 0 4 1 2 
4547168 1365622 2075954 21990692 
1 5 0 2 4 3 
4565868 1925478 1923200 18454594 
0 2 3 5 4 1 
4573738 1150114 2350258 18168712 
3 0 4 2 5 1 
4577846 947356 2002006 27033032 
3 2 0 5 4 1 
4586772 1297426 2036688 22485880 
5 0 4 1 3 2 
4605398 725924 1994194 32176868 
2 5 0 1 3 4 
4680518 1231258 1342476 33458362 
0 2 4 1 3 5 
4682158 875976 3605668 31776268 
1 3 2 5 4 0 
4691190 1327264 2292990 17546424 
2 0 5 1 3 4 
4696268 726806 1336872 33391282 
3 4 0 2 5 1 
4717346 1296292 2006694 25939916 
5 2 0 1 3 4 
4791590 1296710 1387096 29172922 
5 0 2 1 3 4 
4842140 727436 1365310 28824626 
2 3 4 1 0 5 
4844620 726050 2015544 23950326 
5 0 1 2 4 3 
4877664 1135606 3594300 17469754 
5 3 4 1 0 2 
4883234 725910 1993272 26600680 
2 3 1 5 4 0 
4894364 1257766 2538080 16155272 
1 2 0 5 4 3 
4918002 1925814 1930432 18424130 
0 3 4 5 2 1 
4926844 918674 2334250 23058518 
2 5 3 1 0 4 
4942930 1722888 1417922 20971712 
4 5 0 1 3 2 
4981436 1258290 1322548 30417772 
4 2 0 1 3 5 
4996364 1769450 1324036 28262460 
4 0 5 1 3 2 
4997186 984206 1309360 30334564 
2 3 5 1 0 4 
5006530 727562 1386660 20591028 
5 3 0 2 4 1 
5007196 1305594 2478184 14674428 
2 0 3 1 5 4 
5012892 1723070 1429908 15511820 
5 2 3 1 0 4 
5045752 1672290 1382352 26998332 
4 0 2 1 3 5 
5046914 984206 1309360 27929284 
2 3 0 1 5 4 
5060742 1232196 1404250 15198216 
1 3 0 5 4 2 
5078152 1326340 2677308 14617406 
0 5 3 2 4 1 
5082394 1151416 2378282 17948856 
5 3 2 1 0 4 
5152402 727422 1364388 26364372 
0 3 1 5 2 4 
5160968 918422 2439064 19338492 
2 0 3 5 4 1 
5174904 1204032 2771878 13899380 
2 3 0 5 4 1 
5183154 1257262 2747708 13867356 
4 5 3 1 0 2 
5211422 2195824 1354718 20611940 
5 0 3 2 4 1 
5262946 1138294 2476284 12856912 
4 3 5 1 0 2 
5275022 984528 1330566 20246376 
4 0 3 1 5 2 
5298120 2196230 1381456 13752272 
3 0 4 2 1 5 
5317580 921440 3634804 18590884 
0 3 4 1 2 5 
5339252 876522 3641626 19415710 
4 3 0 1 5 2 
5345970 1259018 1370492 13469916 
3 0 5 2 1 4 
5458260 922196 3320362 16324136 
0 3 2 5 1 4 
5472892 812040 2441766 19073960 
0 3 5 1 2 4 
5509052 879294 2488672 17579242 
4 3 0 1 2 5 
5653458 1770178 1371980 13457902 
4 3 1 5 2 0 
5743954 1189562 2394828 16252234 
4 3 0 2 5 1 
5863706 1190882 1624704 16789636 
5 3 2 0 1 4 
5932682 725310 1361634 19940618 
5 3 4 0 1 2 
5954714 723798 1990518 23019542 
3 2 5 0 1 4 
6004200 923068 3334604 16198034 
4 0 3 5 2 1 
6034572 1073204 1633746 16823210 
5 3 1 0 2 4 
6078870 865100 1381268 17197118 
4 0 3 2 5 1 
6123056 1073886 1635668 14984312 
2 0 4 3 1 5 
6164968 722982 1963892 23850418 
5 1 3 0 4 2 
6211758 2250640 2045612 12278580 
2 0 5 3 1 4 
6216782 724494 1335008 21583670 
5 2 3 0 4 1 
6246520 1135808 2434710 13153818 
4 3 2 0 1 5 
6248734 982724 1327614 17821718 
1 3 2 0 4 5 
6379478 1119224 2401938 14875312 
5 0 4 3 1 2 
6386456 724060 1992042 22963378 
4 3 1 0 2 5 
6390738 1180050 1341664 15424130 
4 0 5 3 1 2 
6541202 981978 1307442 18765890 
0 5 2 3 1 4 
6549022 811990 2435340 19082830 
4 5 0 3 1 2 
6584852 1256326 1321374 18451658 
4 1 3 0 2 5 
6594738 1799428 1360018 13887858 
5 0 2 3 1 4 
6654398 725572 1363158 19915702 
1 3 5 0 4 2 
6673612 1118552 2681442 14899504 
4 2 0 3 1 5 
6686980 1767134 1321870 18450618 
4 0 2 3 1 5 
6757330 981978 1307442 17984962 
4 5 3 0 2 1 
6779346 1071700 1606724 17017732 
2 1 0 3 4 5 
7421736 1808640 2011522 12091326 
5 1 2 0 3 4 
7450760 724862 1332130 29000366 
5 1 4 0 3 2 
7475930 723350 1961014 32380832 
2 0 1 3 5 4 
7503300 880262 1363764 17319324 
2 3 1 0 5 4 
7528116 882508 1412518 16973070 
4 3 1 0 5 2 
7564704 1311298 1340176 15436066 
1 3 2 0 5 4 
7622926 778838 1603148 19006910 
5 1 0 3 4 2 
7634856 1363268 2046990 11935422 
4 2 1 0 3 5 
7739564 1179322 1293720 28210888 
4 1 2 0 3 5 
7753214 982094 1286124 28018784 
4 1 3 0 5 2 
7771104 2194580 1359522 13891794 
4 2 3 0 5 1 
7807370 1071700 1606724 15171088 
4 0 1 3 5 2 
7815168 1310354 1319446 15539280 
2 1 5 3 0 4 
8045122 724578 1340540 20851164 
4 1 0 3 5 2 
8069418 1256424 1327828 13712652 
4 5 1 3 0 2 
8129654 1309948 1292708 21995388 
5 1 4 3 0 2 
8185508 723598 1961616 26748480 
1 0 5 3 4 2 
8209366 1118466 2689056 14765022 
4 2 1 3 0 5 
8266726 1177490 1290786 25933894 
4 1 5 3 0 2 
8340254 981670 1287158 20482992 
1 0 2 3 4 5 
8429702 1119138 2409552 14796270 
5 1 2 3 0 4 
8482738 725110 1332732 26515196 
5 0 1 3 2 4 
8623434 863954 1378824 17139562 
4 0 1 3 2 5 
8722182 1177896 1317524 15554734 
1 0 2 3 5 4 
8765086 779280 1612250 18915916 
4 1 0 3 2 5 
8982282 1767232 1328324 13708606 
