1332 4
4 6 7 9 8 0 2 5 1 3 
6069198 15805390 12969354 13987712 
4 6 7 9 0 8 2 5 1 3 
6072438 15646776 12674506 13664008 
4 6 9 7 0 8 2 5 1 3 
6111422 15609150 12290150 10928810 
4 1 7 9 0 8 2 5 3 6 
6317496 16094436 12180348 13343774 
4 1 9 7 0 8 2 5 6 3 
6347426 15607230 12291116 10815596 
4 6 9 5 0 8 2 7 1 3 
6401128 9664224 11007836 9864950 
4 6 9 5 0 8 2 7 3 1 
6493972 10113264 10512570 9631942 
4 1 9 5 0 8 2 7 6 3 
6637152 9662294 11007938 9748958 
4 1 9 5 0 8 2 7 3 6 
6759148 10111414 10514824 9552930 
2 6 9 5 0 8 4 7 1 3 
7008540 10618714 10456750 9163638 
2 6 9 5 0 8 4 7 3 1 
7099356 11067922 9965072 9004430 
2 1 9 5 0 8 4 7 6 3 
7260630 10616808 10457108 9059896 
0 6 7 5 4 2 8 9 3 1 
7279006 7235150 12356114 13564914 
0 6 7 5 4 2 8 9 1 3 
7296652 7460312 12115750 13540864 
8 6 7 5 4 2 0 9 3 1 
7311860 7322056 12326898 13517590 
8 6 7 5 4 2 0 9 1 3 
7329506 7547218 12086534 13493540 
2 1 9 5 0 8 4 7 3 6 
7380936 11066068 9966984 8925368 
0 1 7 5 4 2 8 9 6 3 
7448660 7455196 11953480 13362194 
8 1 7 5 4 2 0 9 6 3 
7481514 7542102 11924264 13314870 
7 6 9 5 0 8 2 4 1 3 
7483820 8079060 10646832 9845970 
0 1 7 5 4 2 8 9 3 6 
7508794 7080394 12358110 13451504 
8 1 7 5 4 2 0 9 3 6 
7541648 7167300 12328894 13404180 
7 6 9 5 0 8 2 4 3 1 
7572660 8527736 10151488 9613274 
4 6 0 7 8 9 2 5 1 3 
7698554 15739472 9947948 8155018 
4 6 9 5 0 8 7 2 1 3 
7734848 9635230 9854796 8937412 
7 1 9 5 0 8 2 4 6 3 
7735890 8077158 10646934 9730002 
2 6 9 4 0 8 7 5 1 3 
7764234 9824006 9783708 10169340 
4 6 8 7 0 9 2 5 1 3 
7771342 15582724 9821884 8020066 
2 3 9 5 0 8 4 7 6 1 
7794958 11072628 10445178 8923596 
4 6 9 5 0 8 7 2 3 1 
7827902 10083878 9355302 8618472 
2 6 9 4 0 8 7 5 3 1 
7852086 10273370 9286700 9850284 
7 1 9 5 0 8 2 4 3 6 
7854190 8525942 10153748 9534262 
0 3 7 5 4 2 8 9 6 1 
7940868 7220446 11936762 13071166 
4 1 9 5 0 8 7 2 6 3 
7970872 9633300 9854898 8821420 
8 3 7 5 4 2 0 9 6 1 
7973722 7307352 11907546 13023842 
4 6 0 5 8 9 2 7 1 3 
7979084 9795452 8665718 7092266 
4 6 0 5 8 9 2 7 3 1 
8012988 10244492 8170452 6859258 
0 3 7 5 4 2 8 9 1 6 
8018648 7070806 12101028 13136426 
8 3 7 5 4 2 0 9 1 6 
8051502 7157712 12071812 13089102 
7 6 9 5 0 8 4 2 1 3 
8055878 8066458 9867690 9137368 
4 6 8 5 0 9 2 7 1 3 
8056026 9638674 8539648 6957280 
4 6 8 5 0 9 2 7 3 1 
8089930 10087714 8044382 6724272 
7 6 9 5 0 8 4 2 3 1 
8144538 8515470 9375970 8978328 
4 1 8 5 0 9 2 7 6 3 
8279586 9636756 8539552 6841294 
7 1 9 5 0 8 4 2 6 3 
8307968 8064552 9868048 9033626 
0 6 2 4 7 5 8 9 1 3 
8325668 7457980 13498688 12978870 
4 1 8 5 0 9 2 7 3 6 
8354430 10085876 8046438 6645266 
8 6 2 4 7 5 0 9 1 3 
8356940 7545084 13469540 12931630 
7 1 9 5 0 8 4 2 3 6 
8426118 8513616 9377882 8899266 
0 1 2 4 7 5 8 9 6 3 
8478016 7451074 13254002 12750426 
8 1 2 4 7 5 0 9 6 3 
8509288 7538178 13224854 12703186 
2 6 0 5 8 9 4 7 1 3 
8587216 10748522 8330632 6409174 
0 1 2 4 7 5 8 9 3 6 
8617026 7975280 12677772 12448132 
2 6 0 5 8 9 4 7 3 1 
8619092 11197730 7838954 6249966 
8 1 2 4 7 5 0 9 3 6 
8648298 8062384 12648624 12400892 
8 6 5 4 7 2 0 9 1 3 
8655998 7557052 13093560 12997048 
2 6 8 5 0 9 4 7 1 3 
8664158 10591744 8204562 6274188 
2 6 8 5 0 9 4 7 3 1 
8696034 11040952 7712884 6114980 
7 3 9 5 0 8 4 2 6 1 
8727818 8519980 9856076 8897326 
0 1 5 4 7 2 8 9 6 3 
8789466 7463172 12856620 12814016 
8 1 5 4 7 2 0 9 6 3 
8820810 7550134 12849072 12768598 
0 1 5 4 7 2 8 9 3 6 
8834172 7987378 12280390 12511722 
9 6 7 5 2 4 8 0 1 3 
8883180 7058564 13724166 14818970 
2 1 8 5 0 9 4 7 6 3 
8903784 10589850 8204722 6170452 
9 6 7 5 4 2 8 0 3 1 
8914858 4570320 11734300 13569550 
9 6 7 5 4 2 8 0 1 3 
8930964 4795342 11493906 13545620 
9 6 7 5 4 2 0 8 3 1 
8962922 4569306 11684638 13521372 
0 1 7 5 4 2 9 8 3 6 
8974772 7036714 13068558 13205376 
2 1 8 5 0 9 4 7 3 6 
8976938 11039110 7714598 6035924 
9 6 7 5 4 2 0 8 1 3 
8979028 4794328 11444244 13497442 
7 6 0 5 8 9 2 4 1 3 
9066298 8205834 8304374 7067778 
9 1 7 5 4 2 8 0 6 3 
9066926 4790198 11331636 13366926 
7 6 0 5 8 9 2 4 3 1 
9096198 8654510 7809030 6835082 
9 1 7 5 4 2 0 8 6 3 
9114990 4789184 11281974 13318748 
9 1 7 5 4 2 8 0 3 6 
9128292 4415508 11736290 13456140 
7 6 8 5 0 9 2 4 1 3 
9143240 8049056 8178304 6932792 
0 6 2 5 4 7 8 9 1 3 
9164210 7408788 11450418 10938762 
7 6 8 5 0 9 2 4 3 1 
9173140 8497732 7682960 6700096 
9 1 7 5 4 2 0 8 3 6 
9176356 4414494 11686628 13407962 
8 6 2 5 4 7 0 9 1 3 
9197064 7495694 11421202 10891438 
0 6 2 5 4 7 8 9 3 1 
9229080 7183626 11690782 10962812 
8 6 2 5 4 7 0 9 3 1 
9261934 7270532 11661566 10915488 
4 6 0 5 8 9 7 2 1 3 
9314162 9765618 7361338 6149706 
0 1 2 5 4 7 8 9 6 3 
9316218 7403672 11288148 10760092 
2 6 0 4 8 9 7 5 1 3 
9326926 9955832 7290408 7383372 
4 6 0 5 8 9 7 2 3 1 
9348276 10214266 6861844 5830766 
8 1 2 5 4 7 0 9 6 3 
9349072 7490578 11258932 10712768 
2 6 0 4 8 9 7 5 3 1 
9355838 10405196 6793400 7064316 
7 1 8 5 0 9 2 4 6 3 
9382846 8047166 8178208 6816830 
4 6 8 5 0 9 7 2 1 3 
9391104 9608840 7235268 6014720 
2 6 8 4 0 9 7 5 1 3 
9399714 9799084 7164344 7248420 
0 3 7 5 4 2 9 8 6 1 
9406716 7176842 12646534 12776184 
4 6 8 5 0 9 7 2 3 1 
9425218 10057488 6735774 5695780 
2 6 8 4 0 9 7 5 3 1 
9428626 10248448 6667336 6929364 
7 1 8 5 0 9 2 4 3 6 
9453994 8495950 7685022 6621090 
0 1 2 5 4 7 8 9 3 6 
9458868 7028870 11692778 10849402 
0 3 7 5 4 2 9 8 1 6 
9484526 7027146 12810196 12829168 
8 1 2 5 4 7 0 9 3 6 
9491722 7115776 11663562 10802078 
4 1 8 5 0 9 7 2 6 3 
9614664 9606922 7235172 5898734 
7 6 0 5 8 9 4 2 1 3 
9636416 8194432 7741432 6380636 
9 6 4 5 2 7 8 0 1 3 
9638188 7027000 13283702 13201454 
2 1 8 4 0 9 7 5 6 3 
9639320 9797194 7164248 7132458 
9 3 7 5 4 2 8 0 6 1 
9640904 4555728 11314948 13075898 
7 6 0 5 8 9 4 2 3 1 
9666136 8643444 7249712 6221596 
9 3 7 5 4 2 0 8 6 1 
9688968 4554714 11265286 13027720 
4 1 8 5 0 9 7 2 3 6 
9689718 10055650 6737830 5616774 
2 1 8 4 0 9 7 5 3 6 
9709480 10246666 6669398 6850358 
7 6 8 5 0 9 4 2 1 3 
9713358 8037654 7615362 6245650 
9 3 7 5 4 2 8 0 1 6 
9718376 4406060 11479208 13141182 
7 6 8 5 0 9 4 2 3 1 
9743078 8486666 7123642 6086610 
9 3 7 5 4 2 0 8 1 6 
9766440 4405046 11429546 13093004 
9 1 4 5 2 7 8 0 6 3 
9786954 7020054 13039214 12972980 
0 3 2 5 4 7 8 9 6 1 
9803694 7169006 11270044 10469106 
9 1 4 5 2 7 0 8 6 3 
9835018 7019040 12989552 12924802 
8 3 2 5 4 7 0 9 6 1 
9836548 7255912 11240828 10421782 
0 3 2 5 4 7 8 9 1 6 
9881474 7019366 11434310 10534366 
8 3 2 5 4 7 0 9 1 6 
9914328 7106272 11405094 10487042 
9 6 2 4 7 5 8 0 1 3 
9940414 4793276 12878368 12994402 
7 1 8 5 0 9 4 2 6 3 
9952984 8035760 7615522 6141914 
9 6 2 4 7 5 0 8 1 3 
9987000 4792224 12828868 12945920 
9 6 2 4 7 5 8 0 3 1 
10003470 5542136 12055960 12594090 
7 1 8 5 0 9 4 2 3 6 
10023982 8484824 7125356 6007554 
9 6 2 4 7 5 0 8 3 1 
10050056 5541084 12006460 12545608 
9 1 2 4 7 5 8 0 6 3 
10076716 4786342 12633682 12765934 
9 1 2 4 7 5 0 8 6 3 
10123302 4785290 12584182 12717452 
5 6 8 4 0 9 7 2 3 1 
10179684 10157802 6635208 6925762 
9 1 2 4 7 5 8 0 3 6 
10216958 5310660 12057476 12463544 
9 6 5 4 7 2 8 0 3 1 
10219142 5555032 11658440 12658658 
7 8 3 5 6 1 4 2 0 9 
10220920 9651766 6996194 8422332 
9 1 2 4 7 5 0 8 3 6 
10263544 5309608 12007976 12415062 
9 6 5 4 7 2 0 8 3 1 
10265534 5554100 11630560 12612322 
9 6 5 4 7 2 0 8 1 3 
10284994 4805240 12452968 13012634 
7 3 8 5 0 9 4 2 6 1 
10376214 8491128 7604540 6005584 
9 1 5 4 7 2 8 0 6 3 
10387368 4799226 12236360 12830496 
9 1 5 4 7 2 8 0 3 6 
10433306 5323544 11660154 12528106 
9 1 5 4 7 2 0 8 6 3 
10433760 4798294 12208480 12784160 
5 1 8 4 0 9 7 2 3 6 
10444184 10155964 6637264 6846756 
9 1 5 4 7 2 0 8 3 6 
10479698 5322612 11632274 12481770 
7 8 1 5 3 6 4 2 0 9 
10540756 9489156 6576432 8271908 
7 8 1 5 6 3 4 2 0 9 
10568462 9645958 6615236 7952890 
7 8 6 5 3 1 4 2 0 9 
10658834 9487838 6407292 8083816 
7 8 6 5 1 3 4 2 0 9 
10697322 9569326 6576588 7937624 
9 6 2 5 4 7 8 0 1 3 
10800384 4741984 10828434 10941250 
9 6 2 5 4 7 0 8 1 3 
10848448 4740970 10778772 10893072 
9 6 2 5 4 7 8 0 3 1 
10866794 4516962 11068828 10965180 
9 6 2 5 4 7 0 8 3 1 
10914858 4515948 11019166 10917002 
0 1 2 5 4 7 9 8 3 6 
10926204 6984350 12251886 10588252 
9 1 2 5 4 7 8 0 6 3 
10936346 4736840 10666164 10762556 
9 1 2 5 4 7 0 8 6 3 
10984410 4735826 10616502 10714378 
9 1 2 5 4 7 8 0 3 6 
11080228 4362150 11070818 10851770 
9 1 2 5 4 7 0 8 3 6 
11128292 4361136 11021156 10803592 
4 6 3 5 8 9 2 7 1 0 
11149128 6805870 10475864 11577580 
4 1 3 5 8 9 2 7 6 0 
11156100 6805720 10476704 11546278 
8 3 2 5 4 7 9 0 6 1 
11255690 7212482 11848922 10159956 
0 3 2 5 4 7 9 8 6 1 
11270900 7124562 11828476 10159102 
8 3 2 5 4 7 9 0 1 6 
11333500 7062786 12012584 10212940 
0 3 2 5 4 7 9 8 1 6 
11348710 6974866 11992138 10212086 
4 6 3 5 0 9 2 7 1 8 
11391772 6801730 10181624 11372464 
4 1 3 5 0 9 2 7 6 8 
11398744 6801580 10182464 11341162 
9 3 2 5 4 7 8 0 6 1 
11505592 4502454 10648090 10471570 
0 6 2 5 3 7 8 9 1 4 
11516630 7407066 9817902 13447748 
8 6 2 5 3 7 0 9 1 4 
11549484 7493972 9788686 13400424 
9 3 2 5 4 7 0 8 6 1 
11553656 4501440 10598428 10423392 
9 3 2 5 4 7 8 0 1 6 
11583064 4352786 10812350 10536854 
9 3 2 5 4 7 0 8 1 6 
11631128 4351772 10762688 10488676 
0 1 2 5 3 7 8 9 6 4 
11668638 7401950 9655632 13269078 
8 1 2 5 3 7 0 9 6 4 
11701492 7488856 9626416 13221754 
4 6 1 5 8 9 2 7 3 0 
11736830 6796568 10419456 11549614 
2 6 3 5 8 9 4 7 1 0 
11756812 7758744 9989550 10881608 
2 1 3 5 8 9 4 7 6 0 
11779850 7758618 9990646 10862556 
7 1 3 5 0 8 2 4 6 9 
11834262 7593730 9828916 12393376 
7 1 3 5 8 0 2 4 6 9 
11839708 7522144 10123150 12665342 
7 8 1 5 6 4 3 2 0 9 
11841558 12469228 6205472 7098894 
7 6 3 5 0 8 2 4 1 9 
11907074 7592980 9827410 12382318 
7 6 3 5 8 0 2 4 1 9 
11912520 7521394 10121644 12654284 
7 8 6 5 1 4 3 2 0 9 
11970418 12392596 6166824 7083628 
4 1 6 5 8 9 2 7 3 0 
11976050 6796462 10357486 11549692 
4 6 1 5 0 9 2 7 3 8 
11979474 6792428 10125216 11344498 
2 6 3 5 0 9 4 7 1 8 
11999456 7754604 9695310 10676492 
2 1 3 5 0 9 4 7 6 8 
12022494 7754478 9696406 10657440 
7 3 1 5 8 9 2 4 6 0 
12032494 5225040 10546566 12055988 
0 6 2 5 3 7 8 9 4 1 
12094734 3963886 13621898 15565452 
8 6 2 5 3 7 0 9 4 1 
12127588 4050792 13592682 15518128 
4 1 6 5 0 9 2 7 3 8 
12218694 6792322 10063246 11344576 
7 6 3 5 8 9 2 4 1 0 
12227126 5218044 10114712 11553092 
7 1 3 5 8 9 2 4 6 0 
12250144 5217922 10115552 11521814 
4 8 1 5 3 7 6 2 0 9 
12278002 12297452 6003576 7175012 
0 1 2 5 3 7 8 9 4 6 
12324522 3809130 13623894 15452042 
2 6 1 5 8 9 4 7 3 0 
12342102 7749442 9807106 10916402 
8 1 2 5 3 7 0 9 4 6 
12357376 3896036 13594678 15404718 
4 8 6 5 3 7 1 2 0 9 
12374290 12561240 5944140 6993064 
7 1 3 5 0 8 4 2 6 9 
12405668 7581376 9114860 11702520 
7 1 3 5 8 0 4 2 6 9 
12411114 7509790 9409094 11974486 
7 6 3 5 0 9 2 4 1 8 
12469770 5213904 9820472 11347976 
7 6 3 5 0 8 4 2 1 9 
12478460 7580630 9113098 11679236 
4 6 3 5 8 9 7 2 1 0 
12478606 6778136 9711734 10681020 
7 6 3 5 8 0 4 2 1 9 
12483906 7509044 9407332 11951202 
4 1 3 5 8 9 7 2 6 0 
12485578 6777986 9712574 10649718 
7 1 3 5 0 9 2 4 6 8 
12492788 5213782 9821312 11316698 
2 6 3 4 8 9 7 5 1 0 
12516022 6963668 9640138 11912680 
2 1 3 4 8 9 7 5 6 0 
12539040 6963546 9640978 11881402 
2 6 1 5 0 9 4 7 3 8 
12584746 7745302 9512866 10711286 
4 6 8 5 0 7 9 2 3 1 
12602436 16501902 7431584 5594106 
7 3 1 5 8 9 4 2 6 0 
12605244 5212902 9705038 11357452 
2 8 1 5 3 7 4 6 0 9 
12679252 9325748 6542200 8528164 
4 6 3 5 0 9 7 2 1 8 
12721250 6773996 9417494 10475904 
4 1 3 5 0 9 7 2 6 8 
12728222 6773846 9418334 10444602 
9 1 0 2 3 7 8 5 6 4 
12742928 13397140 5608618 10387512 
2 6 3 4 0 9 7 5 1 8 
12754964 6959472 9345892 11707564 
2 1 3 4 0 9 7 5 6 8 
12777982 6959350 9346732 11676286 
7 6 3 5 8 9 4 2 1 0 
12798812 5206054 9400500 10853070 
1 6 7 5 0 9 4 2 8 3 
12801278 8082226 7600460 11960388 
9 1 8 2 3 7 0 5 6 4 
12813704 13310626 5707534 10544802 
7 1 3 5 8 9 4 2 6 0 
12821850 5205928 9401596 10834018 
4 6 8 9 0 5 7 2 1 3 
12832632 9597012 7170924 5830186 
4 6 8 9 0 5 7 2 3 1 
12861850 10046020 6673122 5511282 
6 1 7 5 0 9 4 2 8 3 
12898766 8078406 7602946 11914710 
2 6 9 5 8 3 4 7 1 0 
12938226 7729346 10557956 10044254 
4 8 1 5 6 7 3 2 0 9 
12943312 12451832 6201384 6794178 
0 3 5 2 1 4 8 9 7 6 
12979800 3508386 16578600 19737072 
2 1 9 5 8 3 4 7 6 0 
12998656 7729184 10559646 10025184 
2 6 9 5 0 3 4 7 1 8 
13006630 7728698 10452698 10117166 
8 3 5 2 1 4 0 9 7 6 
13011144 3595348 16571052 19691654 
2 6 3 5 8 9 4 7 0 1 
13012886 11203048 6240492 9908996 
0 6 7 5 3 2 8 9 1 4 
13017712 7391078 6829582 10674642 
7 6 3 5 0 9 4 2 1 8 
13041456 5201914 9106260 10647954 
0 3 5 2 6 4 8 9 7 1 
13043770 3503248 16207356 19529396 
7 6 8 9 0 5 4 2 1 3 
13048892 8039092 7555574 6066744 
8 6 7 5 3 2 0 9 1 4 
13050566 7477984 6800366 10627318 
4 1 8 9 0 5 7 2 6 3 
13055316 9595202 7169064 5705938 
2 1 3 5 8 9 4 7 0 6 
13060134 11202974 6243142 9914624 
7 1 3 5 0 9 4 2 6 8 
13064494 5201788 9107356 10628902 
4 6 1 5 8 9 7 2 3 0 
13064950 6769030 9802368 10580002 
2 1 9 5 0 3 4 7 6 8 
13067060 7728536 10454388 10098096 
7 6 8 9 0 5 4 2 3 1 
13073716 8488464 7065546 5907740 
1 3 9 5 8 7 4 2 6 0 
13074076 5195936 9977344 10239628 
8 3 5 2 6 4 0 9 7 1 
13075114 3590210 16199808 19483978 
4 1 8 9 0 5 7 2 3 6 
13127106 10044170 6672850 5424002 
4 8 6 5 1 7 3 2 0 9 
13129582 12375158 6162730 6778172 
1 3 9 5 0 7 4 2 6 8 
13142480 5195288 9872086 10312540 
9 6 2 5 3 7 8 0 1 4 
13148718 4740556 9195954 13452456 
3 6 9 5 8 7 4 2 1 0 
13163298 5192078 9986902 10229866 
6 3 9 5 8 7 4 2 1 0 
13167804 5192212 9978656 10212996 
0 1 7 5 3 2 8 9 6 4 
13169720 7385962 6667312 10495972 
0 6 2 5 1 7 8 9 4 3 
13193798 3964832 13579916 15835790 
9 6 2 5 3 7 0 8 1 4 
13196782 4739542 9146292 13404278 
8 1 7 5 3 2 0 9 6 4 
13202574 7472868 6638096 10448648 
3 1 9 5 8 7 4 2 6 0 
13207370 5191934 9988868 10210796 
8 6 2 5 1 7 0 9 4 3 
13226652 4051738 13550700 15788466 
3 6 9 5 0 7 4 2 1 8 
13231702 5191430 9881644 10302778 
6 3 9 5 0 7 4 2 1 8 
13236208 5191564 9873398 10285908 
7 0 1 9 6 4 2 5 3 8 
13248946 16041632 6000982 6064526 
4 6 9 5 8 1 2 7 3 0 
13259008 6762566 10609048 10159134 
0 3 2 5 1 4 8 9 7 6 
13272482 3461884 14602568 16248062 
3 1 9 5 0 7 4 2 6 8 
13275774 5191286 9883610 10283708 
2 8 1 5 6 4 7 3 0 9 
13282900 9921678 6972138 7850598 
9 1 2 5 3 7 8 0 6 4 
13284680 4735412 9033684 13273762 
7 1 8 9 0 5 4 2 6 3 
13287642 8037306 7553970 5954746 
4 1 6 5 8 9 7 2 3 0 
13304170 6768924 9740398 10580080 
8 3 2 5 1 4 0 9 7 6 
13305336 3548790 14573352 16200738 
4 6 1 5 0 9 7 2 3 8 
13307594 6764890 9508128 10374886 
2 3 9 5 8 1 4 7 6 0 
13314308 7731056 10550262 10000922 
2 6 3 5 0 9 4 7 8 1 
13320906 11049200 6111508 9793808 
9 1 2 5 3 7 0 8 6 4 
13332744 4734398 8984022 13225584 
0 3 2 5 6 4 8 9 7 1 
13342072 3455582 14168330 15947710 
7 1 8 9 0 5 4 2 3 6 
13355376 8486610 7064932 5820410 
2 1 3 5 0 9 4 7 8 6 
13368154 11049126 6114158 9799436 
8 3 2 5 6 4 0 9 7 1 
13374926 3542488 14139114 15900386 
7 6 1 5 8 9 4 2 3 0 
13379930 5196948 9218056 10888032 
2 3 9 5 0 1 4 7 6 8 
13382712 7730408 10445004 10073834 
9 3 0 2 1 4 8 5 6 7 
13401526 14193908 5589644 11403574 
2 8 6 5 1 4 7 3 0 9 
13410718 9845020 6914262 7835192 
1 3 9 5 8 7 4 2 0 6 
13414606 8639396 6229648 9292464 
4 0 6 5 1 9 2 7 8 3 
13429514 7368014 7934810 8164444 
1 6 7 5 0 9 2 4 3 8 
13433218 5188792 10537174 12451270 
0 1 2 5 6 7 8 9 4 3 
13435778 3804692 13229424 15429468 
5 0 1 9 6 4 7 2 8 3 
13457870 7265990 7362786 8179926 
8 1 2 5 6 7 0 9 4 3 
13468632 3891598 13200208 15382144 
4 0 1 5 6 9 2 7 8 3 
13474802 7214776 7992098 8129176 
6 3 9 5 8 7 4 2 0 1 
13478910 8635620 6229406 9241152 
5 6 8 9 0 4 7 2 3 1 
13496370 10133748 6655726 6919756 
9 3 0 2 6 4 8 5 1 7 
13501004 13966750 5590790 11479964 
1 6 9 5 8 7 4 2 3 0 
13507574 5180342 9492444 9770262 
7 8 1 9 6 4 2 5 3 0 
13512924 15886658 6000140 5942936 
1 3 9 5 0 7 4 2 8 6 
13513022 8489040 6289646 9455304 
8 6 2 5 3 7 9 0 4 1 
13543102 4007352 14207134 15273478 
4 1 6 5 0 9 7 2 3 8 
13546814 6764784 9446158 10374964 
0 6 2 5 3 7 9 8 4 1 
13558312 3919432 14186688 15272624 
5 0 6 9 1 4 7 2 8 3 
13569128 7419318 7305516 8215296 
1 6 9 5 0 7 4 2 3 8 
13575978 5179694 9387186 9843174 
6 3 9 5 0 7 4 2 8 1 
13577326 8485264 6289404 9403992 
7 6 1 5 0 9 4 2 3 8 
13622574 5192808 8923816 10682916 
4 8 6 5 1 9 2 7 0 3 
13627638 7362682 7769982 7958442 
5 8 1 9 6 4 7 2 0 3 
13639052 7260748 7197058 7968416 
6 1 9 5 8 7 4 2 3 0 
13645374 5176474 9495722 9724560 
4 8 1 5 6 9 2 7 0 3 
13672926 7209444 7827270 7923174 
0 3 2 5 1 7 8 9 4 6 
13678866 3423826 13564192 15481794 
0 3 2 5 6 7 8 9 4 1 
13691058 3418442 13211704 15188882 
0 6 7 5 1 2 8 9 3 4 
13692570 7175010 7468922 11617762 
7 0 6 5 1 9 2 4 8 3 
13709330 5781546 7573736 8174336 
6 1 9 5 0 7 4 2 3 8 
13713778 5175826 9390464 9797472 
4 0 6 5 1 9 2 7 3 8 
13720850 10213246 4803528 6493532 
8 3 2 5 6 7 0 9 4 1 
13723912 3505348 13182488 15141558 
7 8 1 5 6 2 3 4 0 9 
13725262 9919254 5617578 7286408 
9 6 2 5 3 7 8 0 4 1 
13727438 1297432 12999962 15570112 
3 6 9 5 8 7 4 2 0 1 
13738304 8635486 6237652 9258022 
5 8 6 9 1 4 7 2 0 3 
13750310 7414076 7139788 8003786 
5 0 1 2 6 4 7 9 3 8 
13753892 12566006 4715340 6834868 
7 0 1 5 6 9 2 4 8 3 
13755692 5628266 7631018 8138328 
5 1 8 9 0 4 7 2 3 6 
13761626 10131898 6655454 6832476 
5 0 1 9 6 4 7 2 3 8 
13769028 10262730 4084412 6750674 
3 1 9 5 8 7 4 2 0 6 
13771200 8635394 6241172 9263632 
9 6 2 5 3 7 0 8 4 1 
13775502 1296418 12950300 15521934 
7 6 3 5 0 9 2 4 8 1 
13781754 8506876 6228626 10306472 
7 3 1 5 8 9 4 2 0 6 
13781798 8656362 5957342 10410288 
4 0 1 5 6 9 2 7 3 8 
13790286 10209756 4696932 6392988 
5 6 8 7 0 9 4 2 1 3 
13794020 8116260 7529832 7224276 
5 6 8 7 0 9 4 2 3 1 
13823740 8565272 7038112 7065236 
7 1 3 5 0 9 2 4 8 6 
13828952 8506862 6231624 10312150 
2 0 6 5 1 9 4 7 8 3 
13834388 8321680 7321544 7607292 
3 6 9 5 0 7 4 2 8 1 
13836720 8485130 6297650 9420862 
3 1 9 5 0 7 4 2 8 6 
13869616 8485038 6301170 9426472 
7 1 6 5 0 9 4 2 3 8 
13878262 5192726 8883108 10684784 
2 0 1 5 6 9 4 7 8 3 
13879708 8168374 7359598 7571144 
7 8 6 5 1 9 2 4 0 3 
13907454 5776214 7408908 7968334 
7 8 6 5 1 2 3 4 0 9 
13910458 9842622 5578930 7271142 
0 1 7 5 6 2 8 9 3 4 
13934550 7014870 7118430 11211440 
9 1 2 5 3 7 8 0 4 6 
13940872 1142620 13001952 15456702 
7 8 1 5 6 9 2 4 0 3 
13953816 5622934 7466190 7932326 
8 1 7 5 6 2 0 9 3 4 
13967404 7101776 7089214 11164116 
7 3 6 5 8 9 4 2 0 1 
13973170 8656354 5913984 10406528 
4 8 6 5 1 9 2 7 3 0 
13984350 10058206 4803956 6377458 
7 6 9 5 8 3 4 2 1 0 
13985014 5171940 9968546 10009884 
9 1 2 5 3 7 0 8 4 6 
13988936 1141606 12952290 15408524 
1 6 9 5 8 7 4 2 0 3 
13993832 8174738 6234914 8957458 
7 0 6 5 1 9 2 4 3 8 
14010522 8627674 4442646 6502656 
5 8 1 9 6 4 7 2 3 0 
14016652 10107700 4083564 6629084 
5 1 8 7 0 9 4 2 6 3 
14017580 8114348 7530856 7123294 
2 8 6 5 1 9 4 7 0 3 
14032512 8316348 7156716 7401290 
7 1 9 5 8 3 4 2 6 0 
14045444 5171778 9970236 9990814 
7 9 1 5 3 6 2 4 0 8 
14052804 8171602 7451578 7308838 
7 6 9 5 0 3 4 2 1 8 
14053418 5171292 9863288 10082796 
4 8 1 5 6 9 2 7 3 0 
14053786 10054716 4697360 6276914 
7 9 1 5 3 6 2 4 8 0 
14057214 8021894 7616834 7398766 
2 8 1 5 6 9 4 7 0 3 
14077832 8163042 7194770 7365142 
7 0 1 5 6 9 2 4 3 8 
14081032 8624142 4336044 6401372 
5 1 8 7 0 9 4 2 3 6 
14088012 8563452 7040878 6988938 
7 3 1 5 0 9 4 2 8 6 
14089818 8502514 5828358 10295100 
6 1 9 5 8 7 4 2 0 3 
14091032 8170870 6238192 8911756 
1 6 9 5 0 7 4 2 8 3 
14092248 8024382 6294912 9120298 
8 3 4 5 6 2 0 9 1 7 
14097876 8009754 6611880 10539742 
4 8 2 5 3 7 6 1 9 0 
14098310 3698092 12384982 15078578 
7 1 9 5 0 3 4 2 6 8 
14113848 5171130 9864978 10063726 
2 0 6 5 1 9 4 7 3 8 
14128090 11166716 4186076 5850280 
9 3 2 5 1 4 8 0 6 7 
14129786 5518324 8817898 13976308 
5 8 3 9 6 4 7 2 0 1 
14136720 6888140 7296882 8581652 
0 3 7 5 1 2 8 9 6 4 
14163452 7158470 6886070 11109138 
7 9 6 5 3 1 2 4 0 8 
14170400 8170176 7260620 7118606 
7 9 6 5 3 1 2 4 8 0 
14174810 8020468 7425876 7208534 
7 0 6 5 3 9 2 4 8 1 
14177140 5781264 7391000 8580564 
9 3 2 5 1 4 0 8 6 7 
14177850 5517310 8768236 13928130 
4 0 2 5 3 7 6 1 9 8 
14183266 3850516 12382556 15067644 
6 1 9 5 0 7 4 2 8 3 
14189448 8020514 6298190 9074596 
4 8 2 5 3 7 1 6 9 0 
14191616 3695204 12453456 15040180 
8 3 7 5 1 2 0 9 6 4 
14196306 7245376 6856854 11061814 
0 6 7 5 3 2 8 9 4 1 
14197004 3947898 10633578 12792346 
2 0 1 5 6 9 4 7 3 8 
14197558 11163158 4060246 5748856 
4 8 7 5 3 2 6 1 0 9 
14209444 5092044 8522462 11550410 
7 0 3 5 1 9 2 4 8 6 
14209674 5257596 8015102 8956810 
8 6 7 5 3 2 0 9 4 1 
14229858 4034804 10604362 12745022 
7 3 9 5 8 1 4 2 6 0 
14246464 5171816 9960712 9964284 
0 3 7 5 6 2 8 9 1 4 
14253424 7003446 6697848 10881486 
7 0 3 5 6 9 2 4 8 1 
14256556 5255248 7881980 8764138 
7 8 6 5 1 9 2 4 3 0 
14274022 8472634 4443074 6386582 
4 0 2 5 3 7 1 6 9 8 
14276572 3847628 12451030 15029246 
8 3 7 5 6 2 0 9 1 4 
14286278 7090352 6668632 10834162 
7 0 6 5 1 9 4 2 8 3 
14297604 5769830 6732536 7603202 
4 8 7 5 3 2 1 6 0 9 
14302720 5089212 8591540 11524288 
7 3 9 5 0 1 4 2 6 8 
14314868 5171168 9855454 10037196 
9 6 2 5 1 7 8 0 3 4 
14321002 4515990 9394306 13743024 
7 6 9 5 8 1 2 4 3 0 
14336706 5167768 10247336 10125886 
7 0 1 5 6 9 4 2 8 3 
14342924 5616524 6770590 7567054 
7 8 1 5 6 9 2 4 3 0 
14344532 8469102 4336472 6285298 
9 6 2 5 1 7 0 8 3 4 
14369066 4514976 9344644 13694846 
2 8 6 5 1 9 4 7 3 0 
14391590 11011676 4186504 5734206 
7 6 9 5 0 1 2 4 3 8 
14405110 5167120 10142078 10198798 
7 8 3 5 1 9 2 4 0 6 
14407798 5252264 7850274 8750808 
0 1 7 5 3 2 8 9 4 6 
14426792 3793142 10635574 12678936 
7 8 3 5 6 9 2 4 0 1 
14454680 5249916 7717152 8558136 
3 6 9 5 8 7 2 4 1 0 
14459110 5156268 10764854 10266166 
8 1 7 5 3 2 0 9 4 6 
14459646 3880048 10606358 12631612 
2 8 1 5 6 9 4 7 3 0 
14461058 11008118 4060674 5632782 
7 3 9 5 8 6 4 2 1 0 
14464056 5170874 9961664 9987956 
5 0 3 9 6 4 7 2 1 8 
14464452 10264728 3780676 7323796 
2 3 7 5 0 9 6 4 1 8 
14464764 5013556 10564986 11884656 
2 3 9 5 8 7 4 6 1 0 
14474524 5009308 9935928 10262400 
7 8 6 5 1 9 4 2 0 3 
14495728 5764498 6567708 7397200 
3 1 9 5 8 7 2 4 6 0 
14503162 5156128 10766564 10234870 
2 8 7 5 3 4 6 1 0 9 
14527654 5122800 8516180 12155896 
7 3 9 5 0 6 4 2 1 8 
14532460 5170226 9856406 10060868 
7 8 1 5 6 9 4 2 0 3 
14541048 5611192 6605762 7361052 
7 0 1 5 3 9 2 4 6 8 
14541754 8177424 4779616 7196012 
7 0 6 5 3 9 2 4 1 8 
14542306 8178716 4755254 7141580 
2 3 9 5 0 7 4 6 1 8 
14542928 5008660 9830670 10335312 
9 1 2 5 6 7 8 0 3 4 
14545266 4355892 9043820 13337442 
9 1 2 5 6 7 0 8 3 4 
14593330 4354878 8994158 13289264 
7 0 6 5 1 9 4 2 3 8 
14599006 8615566 3597218 5845590 
4 1 8 7 0 5 9 2 3 6 
14608298 16513258 7359458 5362336 
7 1 9 5 8 6 2 4 3 0 
14614708 5166760 10250336 10130844 
7 9 1 5 3 6 4 2 0 8 
14634266 8159622 6599600 6746176 
7 9 1 5 3 6 4 2 8 0 
14638676 8009914 6764856 6836104 
7 8 4 5 3 2 6 1 0 9 
14643394 5109680 8261526 11747678 
9 6 7 5 3 2 8 0 1 4 
14647938 4726402 6207774 10681618 
1 3 9 5 8 7 2 4 6 0 
14650200 5152330 10752724 10161042 
7 0 1 5 6 9 4 2 3 8 
14668474 8612008 3471388 5744166 
7 1 9 5 0 6 2 4 3 8 
14683112 5166112 10145078 10203756 
9 3 5 2 1 4 8 0 7 6 
14689854 845722 15957310 19742940 
9 6 7 5 3 2 0 8 1 4 
14696002 4725388 6158112 10633440 
6 3 9 5 8 7 2 4 1 0 
14697226 5149902 10754678 10163746 
9 1 2 7 4 5 0 8 6 3 
14700702 4742926 10550116 10552906 
1 3 9 5 0 7 2 4 6 8 
14718604 5151682 10647466 10233954 
4 0 6 5 1 9 7 2 8 3 
14719472 7339012 7367710 6940732 
9 3 5 2 1 4 0 8 7 6 
14736246 844790 15929430 19696604 
7 9 6 5 3 1 4 2 0 8 
14751668 8158316 6430262 6558090 
9 3 5 2 6 4 8 0 7 1 
14752462 840682 15586078 19536004 
7 3 2 5 4 9 0 8 6 1 
14756004 4528580 10596248 10966028 
7 9 6 5 3 1 4 2 8 0 
14756078 8008608 6595518 6648018 
7 0 6 5 3 9 4 2 8 1 
14757818 5769896 6564092 8019630 
4 0 1 5 6 9 7 2 8 3 
14764760 7185774 7424998 6905464 
6 3 9 5 0 7 2 4 1 8 
14765630 5149254 10649420 10236658 
9 3 2 5 1 7 8 0 6 4 
14768820 4499646 8810068 13234538 
9 1 7 5 3 2 8 0 6 4 
14783900 4721258 6045504 10502924 
7 0 3 5 1 9 4 2 8 6 
14796828 5246300 7281952 8394876 
2 6 9 5 8 7 4 1 3 0 
14798476 5175664 9491204 9820762 
9 3 5 2 6 4 0 8 7 1 
14798854 839750 15558198 19489668 
7 8 1 5 3 9 2 4 6 0 
14805254 8022384 4780044 7079938 
7 8 6 5 3 9 2 4 1 0 
14805806 8023676 4755682 7025506 
9 3 2 5 1 7 0 8 6 4 
14816884 4498632 8760406 13186360 
2 0 6 5 1 9 7 4 3 8 
14828814 11151222 4479504 5590534 
9 1 7 5 3 2 0 8 6 4 
14831964 4720244 5995842 10454746 
7 3 2 5 4 9 0 8 1 6 
14833564 4378912 10760508 11031312 
7 0 3 5 6 9 4 2 8 1 
14842444 5244010 7151212 8203904 
9 3 2 5 6 7 8 0 1 4 
14857122 4344692 8621852 13007650 
7 8 6 5 1 9 4 2 3 0 
14862506 8460526 3597646 5729516 
2 6 9 5 0 7 4 1 3 8 
14866880 5175016 9385946 9893674 
9 6 2 5 1 7 0 8 4 3 
14881376 1296874 12908258 15788572 
2 0 1 5 6 9 7 4 3 8 
14899324 11147690 4372902 5489250 
9 3 2 5 6 7 0 8 1 4 
14905186 4343678 8572190 12959472 
7 6 9 5 8 1 4 2 3 0 
14908974 5155970 9471948 9494918 
4 8 6 5 1 9 7 2 0 3 
14917596 7333680 7202882 6734730 
7 8 1 5 6 9 4 2 3 0 
14931974 8456968 3471816 5628092 
7 8 1 5 3 9 4 2 0 6 
14955646 5613548 6568058 7968452 
7 8 6 5 3 9 4 2 0 1 
14955942 5764564 6399264 7813628 
4 8 1 5 6 9 7 2 0 3 
14962884 7180442 7260170 6699462 
7 6 9 5 0 1 4 2 3 8 
14977378 5155322 9366690 9567830 
9 3 2 5 1 4 8 0 7 6 
14983022 799142 13980936 16254122 
7 8 3 5 1 9 4 2 0 6 
14994952 5240968 7117124 8188874 
4 0 6 5 1 9 7 2 3 8 
15010058 10185644 4251528 5576720 
9 3 2 5 1 4 0 8 7 6 
15031086 798128 13931274 16205944 
7 8 3 5 6 9 4 2 0 1 
15040568 5238678 6986384 7997902 
9 3 2 5 6 4 8 0 7 1 
15051250 792938 13546710 15954510 
9 1 2 5 6 7 8 0 4 3 
15057576 1137790 12607434 15431168 
4 0 1 5 6 9 7 2 3 8 
15079494 10182154 4144932 5476176 
2 1 9 5 8 7 4 6 3 0 
15080462 4993794 9452994 9774156 
1 6 9 5 8 7 2 4 3 0 
15083598 5136756 10266544 9630546 
2 8 6 5 1 9 7 4 3 0 
15092314 10996182 4479932 5474460 
9 3 2 5 6 4 0 8 7 1 
15099314 791924 13497048 15906332 
9 1 2 5 6 7 0 8 4 3 
15105640 1136776 12557772 15382990 
7 0 1 5 3 9 4 2 6 8 
15123016 8165300 3923850 6485926 
7 0 6 5 3 9 4 2 1 8 
15123374 8166620 3920494 6421058 
8 3 2 5 1 7 9 0 4 6 
15133364 3467242 14138910 15181520 
8 3 2 5 6 7 9 0 4 1 
15144290 3461916 13788804 14890308 
0 3 2 5 1 7 9 8 4 6 
15148574 3379322 14118464 15180666 
2 1 9 5 0 7 4 6 3 8 
15148866 4993146 9347736 9847068 
1 6 9 5 0 7 2 4 3 8 
15152002 5136108 10161286 9703458 
0 3 2 5 6 7 9 8 4 1 
15159500 3373996 13768358 14889454 
2 8 1 5 6 9 7 4 3 0 
15162824 10992650 4373330 5373176 
6 1 9 5 8 7 2 4 3 0 
15174676 5134188 10270208 9601954 
4 0 6 5 3 9 7 2 8 1 
15178438 7339598 7168456 7344680 
7 1 9 5 8 6 4 2 3 0 
15186996 5154866 9474590 9499520 
9 3 2 7 4 5 8 0 6 1 
15223362 4509592 10581542 10310402 
4 8 7 5 3 2 6 1 9 0 
15230558 3670626 10093698 12355484 
6 1 9 5 0 7 2 4 3 8 
15243080 5133540 10164950 9674866 
7 1 9 5 0 6 4 2 3 8 
15255400 5154218 9369332 9572432 
1 6 9 7 0 5 4 2 3 8 
15261254 5200366 9313382 9689436 
7 3 2 5 1 4 8 9 0 6 
15269876 3492438 12921026 14849122 
9 3 2 7 4 5 0 8 6 1 
15269948 4508540 10532042 10261920 
4 8 6 5 1 9 7 2 3 0 
15273558 10030604 4251956 5460646 
5 3 2 9 4 7 0 8 6 1 
15285092 4582792 10516696 11437376 
9 3 2 7 4 5 8 0 1 6 
15300290 4359964 10745990 10375690 
4 0 7 5 3 2 6 1 9 8 
15315514 3823050 10091272 12344550 
4 8 7 5 3 2 1 6 9 0 
15323864 3667738 10162172 12317086 
9 6 7 5 1 2 8 0 3 4 
15331146 4509984 6847084 11620918 
7 3 2 5 6 4 8 9 0 1 
15339844 3488764 12732020 14568870 
4 8 1 5 6 9 7 2 3 0 
15342994 10027114 4145360 5360102 
9 3 2 7 4 5 0 8 1 6 
15346876 4358912 10696490 10327208 
5 3 2 9 4 7 0 8 1 6 
15364262 4433004 10680392 11502648 
7 0 3 5 6 9 4 2 1 8 
15364962 8614096 3442368 6181038 
0 3 4 5 1 2 8 9 7 6 
15365958 3432814 11929062 12975090 
4 8 1 5 3 9 7 2 0 6 
15376330 7183278 7194026 7295342 
4 8 6 5 3 9 7 2 0 1 
15376562 7334266 7003628 7138678 
0 3 4 5 6 2 8 9 7 1 
15377468 3427676 11557818 12767414 
9 6 7 5 1 2 0 8 3 4 
15379210 4508970 6797422 11572740 
0 3 7 5 1 2 8 9 4 6 
15379308 3415902 11018216 13357378 
2 6 9 5 0 7 4 1 8 3 
15382226 8019620 6293654 9170870 
9 3 2 5 1 7 8 0 4 6 
15383796 757106 12942220 15482754 
7 8 1 5 3 9 4 2 6 0 
15386516 8010260 3924278 6369852 
7 8 6 5 3 9 4 2 1 0 
15386874 8011580 3920922 6304984 
0 3 7 5 6 2 8 9 4 1 
15391500 3410518 10665728 13064466 
9 3 2 5 6 7 8 0 4 1 
15394626 751820 12589744 15190582 
6 1 9 7 0 5 4 2 3 8 
15399158 5196474 9317372 9646426 
4 0 7 5 3 2 1 6 9 8 
15408820 3820162 10159746 12306152 
8 3 4 5 6 2 0 9 7 1 
15410322 3514582 11528602 12720090 
8 3 7 5 6 2 0 9 4 1 
15424354 3497424 10636512 13017142 
9 3 2 5 6 7 0 8 4 1 
15442690 750806 12540082 15142404 
4 8 3 5 6 9 7 2 0 1 
15461572 6807564 7359940 7312392 
7 8 4 5 3 2 6 1 9 0 
15464486 3688262 9832762 12552752 
7 6 9 5 0 1 4 2 8 3 
15493032 8000010 6274416 8844954 
2 1 9 5 8 7 4 6 0 3 
15524580 7988050 6195434 8961472 
7 0 4 5 3 2 6 1 9 8 
15549442 3840686 9830336 12541818 
9 1 7 5 6 2 8 0 3 4 
15555410 4349886 6496598 11215336 
9 1 7 5 6 2 0 8 3 4 
15603474 4348872 6446936 11167158 
7 8 4 5 3 2 1 6 9 0 
15604688 3684050 9879588 12495454 
2 1 9 5 0 7 4 6 8 3 
15622996 7837694 6255432 9124312 
7 8 3 5 6 9 4 2 1 0 
15628462 8459056 3442796 6064964 
2 8 4 5 3 7 6 1 9 0 
15634994 3709336 9822632 12946298 
7 0 4 5 3 2 1 6 9 8 
15689644 3836474 9877162 12484520 
2 0 4 5 3 7 6 1 9 8 
15719950 3861760 9820206 12935364 
7 1 9 5 0 6 4 2 8 3 
15730410 7998906 6277058 8849556 
9 3 4 5 6 2 0 8 1 7 
15819072 5256038 5969500 10542904 
9 6 7 5 3 2 8 0 4 1 
15827846 1283278 10011782 12799274 
9 3 7 5 1 2 8 0 6 4 
15866212 4493556 6264232 11112390 
9 6 7 5 3 2 0 8 4 1 
15875910 1282264 9962120 12751096 
9 3 7 5 1 2 0 8 6 4 
15914276 4492542 6214570 11064212 
2 3 9 5 8 7 1 4 6 0 
15918628 5149692 8693282 8925582 
9 3 7 5 6 2 8 0 1 4 
15954514 4338602 6076016 10885502 
2 3 9 5 0 7 1 4 6 8 
15987032 5149044 8588024 8998494 
2 3 9 5 8 7 6 4 1 0 
15997280 4972230 8673366 8927312 
9 3 7 5 6 2 0 8 1 4 
16002578 4337588 6026354 10837324 
9 1 7 5 3 2 8 0 4 6 
16041280 1128466 10013772 12685864 
2 3 9 5 0 7 6 4 1 8 
16065684 4971582 8568108 9000224 
9 1 7 5 3 2 0 8 4 6 
16089344 1127452 9964110 12637686 
7 6 9 5 3 2 0 8 1 4 
16107222 4772000 5675502 11430476 
7 6 9 5 3 2 8 0 1 4 
16199846 4769042 5660220 11421954 
7 1 8 5 3 2 0 9 6 4 
16202732 7539178 4416706 10155392 
7 1 0 5 3 2 8 9 6 4 
16270876 7448614 4276596 9998124 
9 6 7 2 3 5 8 0 1 4 
16333826 4717398 6173560 10565412 
7 1 9 5 3 2 0 8 6 4 
16358472 4766736 5512920 11251758 
9 6 7 2 3 5 0 8 1 4 
16380412 4716346 6124060 10516930 
7 1 9 5 3 2 8 0 6 4 
16451096 4763778 5497638 11243236 
2 6 9 5 8 7 1 4 3 0 
16464488 5134286 8208894 8480836 
9 1 7 2 3 5 8 0 6 4 
16470080 4712218 6011878 10389472 
9 1 7 2 3 5 0 8 6 4 
16516666 4711166 5962378 10340990 
2 6 9 5 0 7 1 4 3 8 
16532892 5133638 8103636 8553748 
2 1 9 5 8 7 6 4 3 0 
16603258 4956708 8190944 8463520 
2 9 1 5 3 7 4 6 0 8 
16657816 7997154 6570402 7002432 
2 9 1 5 3 7 4 6 8 0 
16662226 7847446 6735658 7092360 
2 1 9 5 0 7 6 4 3 8 
16671662 4956060 8085686 8536432 
7 6 8 5 1 2 0 9 3 4 
16688404 7323828 4966598 10909456 
7 6 0 5 1 2 8 9 3 4 
16756548 7233264 4826488 10752188 
4 9 1 5 6 7 3 2 0 8 
16758074 11429218 6231338 5337140 
7 3 2 5 6 9 0 8 4 1 
16803566 779290 12538094 15708720 
9 1 4 5 6 2 0 8 3 7 
16827790 5255830 6383998 10322292 
7 3 2 9 4 5 0 8 6 1 
16851692 4551684 10530524 10830440 
4 8 1 5 6 7 9 2 3 0 
16854168 16472818 5512874 5357648 
2 1 8 5 0 7 3 4 6 9 
16861474 7763688 6320378 7251776 
7 6 9 5 1 2 0 8 3 4 
16901328 4545484 5747920 11542352 
2 6 8 5 0 7 3 4 1 9 
16909650 7762920 6317944 7228480 
1 9 6 5 3 7 2 4 8 0 
16912352 7987866 7438568 6692474 
5 1 0 2 3 7 8 9 6 4 
16924372 7469046 4229812 10436146 
4 9 6 5 1 7 3 2 0 8 
16943614 11429220 6192960 5338276 
7 3 4 5 1 2 8 9 0 6 
16949664 3463368 10247520 11576150 
2 1 0 5 8 7 3 4 6 9 
16958712 7690528 6445854 7335348 
7 3 4 5 6 2 8 9 0 1 
16961552 3460858 10121508 11388574 
7 1 8 5 6 2 0 9 3 4 
16979884 7166964 4804836 10778924 
7 6 9 5 1 2 8 0 3 4 
16993952 4542526 5732638 11533830 
4 1 8 2 0 5 3 7 6 9 
17001344 7800030 6269740 7615664 
2 6 0 5 8 7 3 4 1 9 
17006888 7689760 6443420 7312052 
0 4 1 5 3 7 8 9 6 2 
17030022 9565928 3441918 8198832 
4 1 0 2 8 5 3 7 6 9 
17046400 7726840 6395210 7699202 
2 1 9 5 8 7 6 4 0 3 
17047436 7950852 4932176 7626284 
7 1 0 5 6 2 8 9 3 4 
17048028 7076400 4664726 10621656 
5 1 9 2 3 7 0 8 6 4 
17057246 4789348 5466822 11738598 
7 6 4 5 3 2 8 9 0 1 
17061162 3992312 9940804 11680218 
8 4 1 5 3 7 0 9 6 2 
17062876 9652834 3412702 8151508 
4 6 8 2 0 5 3 7 1 9 
17065274 7799326 6266718 7589638 
9 3 4 5 1 2 8 0 7 6 
17079158 767452 11307230 12977910 
9 3 7 5 1 2 8 0 4 6 
17082376 751016 10396384 13360606 
9 3 4 5 6 2 8 0 7 1 
17089306 762412 10935998 12770974 
9 3 7 5 6 2 8 0 4 1 
17093206 745730 10043908 13068434 
5 1 9 2 3 7 8 0 6 4 
17104646 4787632 5451406 11747134 
7 1 4 5 3 2 8 9 0 6 
17108462 3839234 9943502 11651474 
4 6 0 2 8 5 3 7 1 9 
17110330 7726136 6392188 7673176 
7 3 8 5 1 2 0 9 6 4 
17130464 7307318 4383824 10400838 
9 3 4 5 6 2 0 8 7 1 
17137370 761398 10886336 12722796 
9 3 7 5 6 2 0 8 4 1 
17141270 744716 9994246 13020256 
2 1 9 5 0 7 6 4 8 3 
17145852 7800496 4992174 7789124 
7 1 9 5 6 2 0 8 3 4 
17191592 4389754 5649074 11504490 
7 3 0 5 1 2 8 9 6 4 
17198608 7216754 4243714 10243570 
7 6 9 2 0 5 1 4 3 8 
17240080 5190352 8053188 8918526 
7 1 9 5 6 2 8 0 3 4 
17284216 4386796 5633792 11495968 
7 3 9 5 1 2 0 8 6 4 
17292284 4529206 5165458 11033854 
7 6 8 2 0 5 3 4 1 9 
17302994 7819474 6266204 7593366 
5 6 7 2 3 4 8 9 0 1 
17313634 4020650 9210354 12058848 
7 3 9 5 6 2 0 8 1 4 
17331298 4378740 5229194 11174710 
5 1 7 2 3 4 8 9 0 6 
17343626 3867606 9213906 12032868 
7 6 0 2 8 5 3 4 1 9 
17348050 7746284 6391674 7676904 
7 1 9 2 0 5 6 4 3 8 
17377372 5012948 8036018 8903986 
7 3 9 5 1 2 8 0 6 4 
17384908 4526248 5150176 11025332 
7 3 9 5 6 2 8 0 1 4 
17423922 4375782 5213912 11166188 
2 3 8 5 0 7 1 4 6 9 
17451854 7499186 6385760 7184050 
2 0 1 9 6 5 4 7 3 8 
17477860 11160704 4003066 5560244 
2 3 8 5 0 7 6 4 1 9 
17543292 7320842 6343850 7141604 
7 0 3 5 6 8 4 2 1 9 
17554922 9612860 3440674 6903836 
2 6 8 5 0 7 1 4 3 9 
17564538 7487316 5903244 6908672 
5 3 9 2 1 4 0 8 6 7 
17572158 5570524 5132622 12281770 
9 6 7 2 3 5 0 8 4 1 
17594048 1270742 9916412 12634338 
2 1 8 5 0 7 6 4 3 9 
17607800 7309740 5863768 6889522 
5 3 9 2 1 4 8 0 6 7 
17619558 5568808 5117206 12290306 
2 3 0 5 8 7 6 4 1 9 
17640530 7247682 6469326 7225176 
7 1 9 2 8 5 6 4 0 3 
17671848 8009820 4892284 7994046 
2 1 0 5 8 7 6 4 3 9 
17705038 7236580 5989244 6973094 
7 6 9 5 3 2 0 8 4 1 
17710706 1328876 9479510 13548132 
0 4 3 5 1 7 8 9 6 2 
17718202 9786892 2916654 8004638 
7 1 0 5 3 2 9 8 6 4 
17733176 7404884 4991774 9707992 
2 8 1 9 6 5 4 7 3 0 
17741864 11005656 4001942 5438654 
8 4 3 5 1 7 0 9 6 2 
17751056 9873798 2887438 7957314 
5 1 4 2 3 7 8 9 0 6 
17758008 3858436 9907272 12085622 
9 1 7 2 3 5 8 0 4 6 
17760644 1116986 9968678 12572168 
0 4 3 5 6 7 8 9 1 2 
17795418 9557240 2791618 7894860 
7 6 9 5 3 2 8 0 4 1 
17803330 1325918 9464228 13539610 
9 1 7 2 3 5 0 8 4 6 
17807230 1115934 9919178 12523686 
7 1 4 5 6 2 8 9 0 3 
17821216 3839116 10133318 11248100 
7 1 9 2 0 5 6 4 8 3 
17822180 7859504 4952470 8156890 
7 8 1 9 6 5 4 2 0 3 
17823790 5612698 6544022 7173880 
7 1 8 5 3 2 0 9 4 6 
17824550 3946358 8384968 12338356 
8 4 3 5 6 7 0 9 1 2 
17828272 9644146 2762402 7847536 
7 1 0 5 3 2 8 9 4 6 
17892694 3855794 8244858 12181088 
7 8 6 9 3 5 4 2 0 1 
17923090 5766160 6337542 7626558 
7 8 1 9 3 5 4 2 0 6 
17923628 5615054 6506318 7781280 
7 8 6 9 1 5 4 2 0 3 
17935016 5766094 6505986 7210130 
7 0 1 9 6 5 4 2 3 8 
17946904 8613802 3412516 5562538 
9 3 4 2 6 5 0 8 1 7 
17948946 5244028 5941056 10445058 
7 1 0 2 3 5 8 9 6 4 
17958382 7440324 4241470 9885164 
4 6 7 5 3 2 8 9 0 1 
17966236 4011052 9255828 11879934 
5 3 4 2 6 7 8 9 0 1 
17971490 3480130 10090716 11842768 
7 1 9 5 3 2 0 8 4 6 
17992364 1173944 9481188 13434698 
4 1 7 5 3 2 8 9 0 6 
17996480 3858004 9258604 11851196 
4 9 7 5 3 2 6 1 0 8 
18011362 3763946 8549878 10024742 
4 9 7 5 3 2 6 1 8 0 
18015772 3614238 8715134 10114670 
9 3 7 2 6 5 8 0 1 4 
18058066 4329630 6048010 10791360 
7 1 9 5 3 2 8 0 4 6 
18084988 1170986 9465906 13426176 
7 0 1 9 3 5 4 2 6 8 
18089950 8166854 3863850 6304274 
7 0 6 9 3 5 4 2 1 8 
18091106 8168144 3859948 6239496 
9 3 7 2 6 5 0 8 1 4 
18104652 4328578 5998510 10742878 
4 9 7 5 3 2 1 6 0 8 
18104688 3761054 8618608 9998570 
4 9 7 5 3 2 1 6 8 0 
18109098 3611346 8783864 10088498 
2 6 9 7 8 5 1 4 3 0 
18114082 5154196 8133778 8328502 
7 9 1 5 3 2 6 4 0 8 
18121658 7991630 5342592 6132424 
7 9 1 5 3 2 6 4 8 0 
18126068 7841922 5507848 6222352 
0 4 1 5 6 7 8 9 3 2 
18141024 9557500 3010160 7490850 
4 0 1 9 6 5 7 2 8 3 
18154080 7173942 7359878 6718172 
8 4 1 5 6 7 0 9 3 2 
18173878 9644406 2980944 7443526 
2 9 1 5 3 7 6 4 0 8 
18177966 7960096 5333170 5672434 
2 9 1 5 3 7 6 4 8 0 
18182376 7810388 5498426 5762362 
7 8 1 9 6 5 4 2 3 0 
18210908 8458754 3411392 5440948 
5 3 0 2 1 7 8 9 6 4 
18217560 7237214 4202362 10700898 
7 6 0 5 1 2 9 8 3 4 
18225008 7189528 5532520 10502710 
2 6 9 7 0 5 1 4 3 8 
18234946 5153548 8028520 8401414 
5 1 0 2 3 7 9 8 6 4 
18240654 7428776 4945722 10195060 
2 1 9 7 8 5 6 4 3 0 
18251374 4976792 8116608 8313962 
7 9 6 5 3 2 1 4 0 8 
18264158 8166890 5262292 5950426 
9 1 4 5 6 2 8 0 7 3 
18266288 1136974 10946218 12461156 
7 6 8 2 0 5 1 4 3 9 
18271412 7544150 5852820 7273586 
2 0 1 9 6 5 7 4 3 8 
18278652 11147782 4304868 5321006 
5 0 1 9 6 7 4 2 3 8 
18279988 8672638 3406720 6713678 
5 8 6 9 3 7 4 2 0 1 
18296610 5824972 6332016 8776958 
5 8 1 9 3 7 4 2 0 6 
18297262 5673866 6500792 8931680 
7 1 8 2 0 5 6 4 3 9 
18313196 7366748 5814124 7257212 
9 1 4 5 6 2 0 8 7 3 
18314352 1135960 10896556 12412978 
2 9 6 5 3 7 1 4 0 8 
18320466 8135356 5252870 5490436 
7 8 3 9 6 5 4 2 0 1 
18320808 5240454 6924698 7811036 
2 9 6 5 3 7 1 4 8 0 
18324876 7985648 5418126 5580364 
4 8 1 9 6 5 7 2 0 3 
18351620 7168682 7193874 6506662 
7 8 1 9 3 5 4 2 6 0 
18353954 8011806 3862726 6182684 
7 8 6 9 3 5 4 2 1 0 
18355110 8013096 3858824 6117906 
5 3 9 2 1 7 0 8 6 4 
18356514 4551846 5124792 11540000 
7 1 0 2 8 5 6 4 3 9 
18358252 7293558 5939594 7340750 
2 1 9 7 0 5 6 4 3 8 
18372238 4976144 8011350 8386874 
5 1 0 7 3 2 8 9 6 4 
18380488 7483594 4196910 10385362 
5 3 9 2 6 7 0 8 1 4 
18389898 4401462 5188722 11681600 
5 3 9 2 1 7 8 0 6 4 
18403914 4550130 5109376 11548536 
7 6 9 5 1 2 0 8 4 3 
18415024 1327382 9311534 13636078 
7 3 4 5 1 2 9 8 0 6 
18421312 3419228 10596030 11467456 
7 3 4 5 6 2 9 8 0 1 
18431934 3416776 10472400 11281580 
5 3 9 2 6 7 8 0 1 4 
18437298 4399746 5173306 11690136 
4 8 1 9 3 5 7 2 0 6 
18450306 7171518 7127730 7102542 
4 8 6 9 1 5 7 2 0 3 
18462878 7322010 7136604 6542032 
4 0 1 9 6 5 7 2 3 8 
18463918 10170682 4081504 5288920 
7 0 2 5 6 4 8 9 3 1 
18476416 3394424 9604098 11591858 
5 0 1 9 3 7 4 2 6 8 
18480580 8225648 3858048 7454674 
5 0 6 9 3 7 4 2 1 8 
18481600 8226938 3854146 7389896 
2 9 7 5 3 4 6 1 0 8 
18493372 3794522 8540836 10630228 
2 9 7 5 3 4 6 1 8 0 
18497782 3644814 8706092 10720156 
7 6 9 5 1 2 8 0 4 3 
18507648 1324424 9296252 13627556 
7 1 0 5 6 2 9 8 3 4 
18515272 7032662 5372792 10373828 
5 8 1 9 6 7 4 2 3 0 
18527612 8517608 3405872 6592088 
2 8 1 9 6 5 7 4 3 0 
18542656 10992734 4303744 5199416 
2 1 8 5 0 7 6 4 9 3 
18543188 7834174 5323412 7314340 
2 1 0 5 6 7 8 9 3 4 
18574810 7118166 4663858 11427846 
5 1 0 2 3 7 8 9 4 6 
18579594 3873786 8186606 12618866 
1 3 6 5 0 7 4 2 8 9 
18585134 7494116 5778274 9647308 
7 1 0 5 6 2 8 9 4 3 
18597946 3858382 8228358 12715310 
2 9 1 5 6 7 3 4 0 8 
18603274 8864056 5636168 5364074 
5 8 3 9 6 7 4 2 0 1 
18636918 5299308 6919178 8962176 
7 0 3 9 6 5 4 2 1 8 
18645786 8615800 3381858 5999680 
7 0 8 5 1 9 2 4 3 6 
18661812 5198196 8007476 8525694 
7 3 0 5 1 2 9 8 6 4 
18666988 7173034 4948722 9945188 
2 1 0 5 8 7 6 4 9 3 
18676648 7985636 5203062 7299998 
2 1 9 7 8 5 6 4 0 3 
18680864 7972016 4862916 7476834 
9 4 1 5 3 7 8 0 6 2 
18682228 6898830 2819910 8203516 
7 4 8 2 0 9 3 5 6 1 
18684394 14147064 7498282 5114810 
5 3 0 2 6 4 8 9 7 1 
18687040 3531370 9134948 13691758 
7 1 9 5 6 2 0 8 4 3 
18705288 1171652 9212688 13598216 
7 0 8 5 6 9 2 4 3 1 
18707330 5196340 7836842 8503494 
7 3 8 5 1 2 0 9 4 6 
18711066 3564750 8515970 12649078 
0 4 3 5 6 7 8 9 2 1 
18719834 3417636 9555294 11458832 
4 8 1 9 6 5 7 2 3 0 
18727922 10015634 4080380 5167330 
5 8 1 9 3 7 4 2 6 0 
18728204 8070618 3857200 7333084 
5 8 6 9 3 7 4 2 1 0 
18729224 8071908 3853298 7268306 
9 4 1 5 3 7 0 8 6 2 
18730292 6897816 2770248 8155338 
7 9 4 5 3 2 6 1 0 8 
18735264 3781072 8287616 10221908 
7 9 4 5 3 2 6 1 8 0 
18739674 3631364 8452872 10311836 
8 4 3 5 6 7 0 9 2 1 
18752688 3504542 9526078 11411508 
0 7 1 5 6 4 8 9 3 2 
18768378 9565328 2914394 7268632 
7 3 0 5 1 2 8 9 4 6 
18779210 3474186 8375860 12491810 
2 9 6 5 1 7 3 4 0 8 
18787740 8864100 5597796 5365950 
2 9 4 5 3 7 6 1 0 8 
18791266 3802272 8279418 10615454 
2 9 4 5 3 7 6 1 8 0 
18795676 3652564 8444674 10705382 
7 1 9 5 6 2 8 0 4 3 
18797912 1168694 9197406 13589694 
8 7 1 5 6 4 0 9 3 2 
18801232 9652234 2885178 7221308 
2 1 9 7 0 5 6 4 8 3 
18831196 7821700 4923102 7639678 
4 8 3 9 6 5 7 2 0 1 
18847806 6796074 7293698 7119898 
5 8 3 2 6 4 0 7 1 9 
18871408 10574288 3307446 6888832 
7 9 4 5 3 2 1 6 0 8 
18875486 3776856 8334698 10176836 
7 9 4 5 3 2 1 6 8 0 
18879896 3627148 8499954 10266764 
7 3 9 5 1 2 0 8 4 6 
18884960 786666 9297610 13282070 
7 3 9 5 6 2 0 8 4 1 
18893566 785868 9197086 13357642 
9 2 3 5 6 1 8 0 4 7 
18894624 5277494 6133388 10219412 
9 1 4 2 6 5 8 0 3 7 
18909034 5245124 6400938 10253650 
7 8 3 9 6 5 4 2 1 0 
18909790 8460752 3380734 5878090 
7 9 4 5 6 2 1 3 0 8 
18918080 4851694 8639598 9988686 
9 2 3 5 6 1 0 8 4 7 
18942688 5276480 6083726 10171234 
9 1 4 2 6 5 0 8 3 7 
18955620 5244072 6351438 10205168 
7 3 9 5 1 2 8 0 4 6 
18977584 783708 9282328 13273548 
5 0 3 9 6 7 4 2 1 8 
18978870 8674636 3376062 7150820 
7 3 9 5 6 2 8 0 4 1 
18986190 782910 9181804 13349120 
7 3 4 2 6 5 8 9 0 1 
19067972 3451366 10102368 11291046 
7 9 1 5 3 0 4 2 8 6 
19074662 5610470 6769374 8246646 
0 7 2 5 1 4 8 9 3 6 
19087096 3314900 9942338 10713312 
0 4 2 5 1 7 8 9 3 6 
19090420 3306922 10037714 10935498 
7 8 0 5 1 9 2 4 3 6 
19091014 5195794 7839734 8339490 
0 4 2 5 6 7 8 9 3 1 
19102612 3301538 9685226 10642586 
8 4 2 5 6 7 0 9 3 1 
19135466 3388444 9656010 10595262 
7 8 0 5 6 9 2 4 3 1 
19136532 5193938 7669100 8317290 
9 2 1 5 6 3 8 0 4 7 
19137304 5269586 5947364 9765378 
9 3 4 2 1 5 8 0 7 6 
19137378 757000 11285768 12880520 
9 3 7 2 1 5 8 0 4 6 
19167196 739564 10356722 13266216 
9 3 4 2 1 5 0 8 7 6 
19183964 755948 11236268 12832038 
9 2 1 5 6 3 0 8 4 7 
19185368 5268572 5897702 9717200 
7 9 6 5 3 8 4 2 0 1 
19185726 5756958 6433986 7883636 
9 3 4 2 6 5 8 0 7 1 
19199986 751960 10914536 12673584 
9 3 7 2 1 5 0 8 4 6 
19213782 738512 10307222 13217734 
5 8 3 9 6 7 4 2 1 0 
19226494 8519606 3375214 7029230 
9 3 7 2 6 5 8 0 4 1 
19230486 734278 10004246 12974044 
7 9 6 5 3 8 4 2 1 0 
19230540 8003974 3955644 6374992 
9 2 6 5 3 1 0 8 4 7 
19237572 4749130 6608444 10299780 
9 3 4 2 6 5 0 8 7 1 
19246572 750908 10865036 12625102 
7 0 8 5 1 9 4 2 3 6 
19247608 5187096 7421368 7890708 
5 6 0 2 3 4 8 9 7 1 
19247884 4048270 8170226 12891452 
0 7 2 5 6 4 8 9 3 1 
19252176 3309516 9589850 10420398 
0 4 3 5 6 7 9 8 1 2 
19265638 9511914 3194750 7557850 
2 6 8 7 0 5 1 4 3 9 
19267426 7507136 5828110 6756236 
7 3 4 5 1 2 0 8 9 6 
19269618 797254 10753762 12745358 
7 9 1 5 6 0 4 2 8 3 
19271616 5608114 6807078 7639238 
9 3 7 2 6 5 0 8 4 1 
19277072 733226 9954746 12925562 
7 3 4 5 6 2 0 8 9 1 
19280270 795718 10709506 12565222 
7 9 1 5 3 8 4 2 0 6 
19280988 5605912 6602702 8038454 
8 7 2 5 6 4 0 9 3 1 
19285030 3396422 9560634 10373074 
9 2 3 5 6 1 8 0 7 4 
19286782 4375726 7082332 10216372 
7 0 8 5 6 9 4 2 3 1 
19291860 5185298 7253116 7870208 
7 9 3 5 6 0 4 2 8 1 
19293346 5235750 7188090 8276118 
2 1 8 7 0 5 6 4 3 9 
19309210 7329734 5789414 6739862 
9 2 3 5 6 1 0 8 7 4 
19334846 4374712 7032670 10168194 
7 3 9 2 1 5 0 8 6 4 
19343846 4520192 5136382 10938828 
7 9 1 5 3 8 4 2 6 0 
19346062 8002624 3958922 6439854 
2 1 0 7 8 5 6 4 3 9 
19354266 7256544 5914884 6823400 
7 3 4 5 1 2 8 0 9 6 
19361660 794380 10801498 12705528 
7 3 4 5 6 2 8 0 9 1 
19372312 792844 10757242 12525392 
9 4 3 5 1 7 8 0 6 2 
19375778 7119584 2294616 8005622 
5 3 9 4 1 2 0 8 6 7 
19378686 5576880 5101234 12209166 
4 0 7 2 8 5 6 1 3 9 
19385776 3071250 9392204 12904284 
9 4 3 5 1 7 0 8 6 2 
19423842 7118570 2244954 7957444 
5 3 9 4 1 2 8 0 6 7 
19426086 5575164 5085818 12217702 
7 3 9 2 6 5 0 8 1 4 
19434776 4369766 5200306 11079688 
7 3 9 2 1 5 8 0 6 4 
19437948 4517272 5120938 10930610 
5 3 9 7 1 2 0 8 6 4 
19446992 4568032 5085394 11472402 
9 4 3 5 6 7 8 0 1 2 
19451324 6890002 2169586 7896608 
2 4 8 5 0 9 3 7 6 1 
19457600 8734760 6347296 5408366 
7 4 8 2 0 9 1 5 3 6 
19463988 15026300 7357434 5073410 
7 9 1 5 6 8 4 2 0 3 
19477942 5603556 6640406 7431046 
4 0 7 2 8 5 1 6 3 9 
19483002 3068452 9457564 12899618 
4 8 7 2 0 5 6 1 3 9 
19485302 3142066 9100590 12637266 
7 0 8 5 6 9 4 2 1 3 
19488828 5559900 6843474 7670230 
5 3 9 7 1 2 8 0 6 4 
19494392 4566316 5069978 11480938 
9 4 3 5 6 7 0 8 1 2 
19499388 6888988 2119924 7848430 
7 9 3 5 6 8 4 2 0 1 
19499672 5231192 7021418 8067926 
7 4 8 2 0 9 6 5 3 1 
19511670 14851118 7315150 5133388 
7 3 9 2 6 5 8 0 1 4 
19528878 4366846 5184862 11071470 
0 4 7 5 3 2 8 9 6 1 
19547508 3816986 6676264 7752650 
7 9 6 5 1 8 4 2 3 0 
19572222 8452920 3632368 5799514 
8 4 7 5 3 2 0 9 6 1 
19580362 3903892 6647048 7705326 
4 8 7 2 0 5 1 6 3 9 
19582528 3139268 9165950 12632600 
7 9 1 5 6 8 4 2 3 0 
19584360 8449332 3506460 5698086 
8 4 1 5 6 7 9 0 3 2 
19597004 9599954 3328708 7206874 
0 4 1 5 6 7 9 8 3 2 
19612214 9512034 3308262 7206020 
0 4 7 5 3 2 8 9 1 6 
19625288 3667346 6840530 7817910 
8 4 7 5 3 2 0 9 1 6 
19658142 3754252 6811314 7770586 
7 3 4 2 6 5 0 8 1 9 
19668440 5125812 5934952 10733468 
7 8 0 5 1 9 4 2 3 6 
19676810 5184694 7253626 7704504 
0 7 3 5 1 4 8 9 6 2 
19678786 9794330 2819874 7782344 
7 9 3 5 6 8 4 2 1 0 
19701448 8451570 3477830 6134988 
8 7 3 5 1 4 0 9 6 2 
19711640 9881236 2790658 7735020 
7 8 0 5 6 9 4 2 3 1 
19721062 5182896 7085374 7684004 
9 2 6 5 3 1 8 0 7 4 
19726554 4746864 6623746 9953262 
9 4 2 5 3 7 8 0 6 1 
19729652 1165936 9052746 10530134 
9 4 1 5 3 7 8 0 2 6 
19772330 1134012 9174324 11604018 
9 2 6 5 3 1 0 8 7 4 
19774618 4745850 6574084 9905084 
9 4 2 5 3 7 0 8 6 1 
19777716 1164922 9003084 10481956 
9 4 1 5 6 7 8 0 3 2 
19799910 6890122 2388128 7492478 
9 4 2 5 3 7 8 0 1 6 
19807124 1016268 9217006 10595418 
9 4 1 5 3 7 0 8 2 6 
19820394 1132998 9124662 11555840 
5 3 0 2 1 7 8 9 4 6 
19831566 3492206 8323040 12948894 
9 4 1 5 6 7 0 8 3 2 
19847974 6889108 2338466 7444300 
9 4 2 5 3 7 0 8 1 6 
19855188 1015254 9167344 10547240 
5 0 7 2 6 4 8 9 3 1 
19890626 3407086 7070908 10068094 
4 7 0 5 8 9 1 2 3 6 
19891928 11709724 6708560 4970130 
7 0 8 5 3 9 4 2 6 1 
19912230 5708754 6884160 7079606 
7 0 8 5 3 9 4 2 1 6 
19912292 5559058 7049598 7169562 
7 8 0 5 6 9 4 2 1 3 
19918030 5557498 6675732 7484026 
4 7 8 5 0 9 1 2 3 6 
19968870 11552946 6582490 4835144 
9 4 6 5 3 7 0 8 2 1 
19973564 1286404 9000072 11531692 
5 3 9 2 6 7 0 8 4 1 
19986136 806110 9144958 13864284 
7 0 4 5 6 2 8 9 3 1 
20010876 3366602 6992200 8411604 
5 3 9 2 6 7 8 0 4 1 
20033536 804394 9129542 13872820 
0 4 7 5 1 2 8 9 3 6 
20067950 3299694 7480254 8811430 
0 4 7 5 6 2 8 9 3 1 
20080142 3294310 7127766 8518518 
4 7 0 5 8 9 6 2 3 1 
20082944 11446040 6645340 5030052 
7 0 4 5 6 2 8 9 1 3 
20099480 3741512 6587952 8322278 
4 7 0 5 8 9 1 2 6 3 
20105806 11260604 7197530 5079890 
0 4 7 5 6 2 8 9 1 3 
20139004 3669220 6723518 8429192 
4 7 8 5 0 9 6 2 3 1 
20159886 11289262 6519270 4895066 
4 7 8 5 0 9 1 2 6 3 
20182748 11103826 7071460 4944904 
8 7 1 5 6 4 9 0 3 2 
20224018 9609414 3239028 6990708 
2 1 8 7 0 5 6 4 9 3 
20227734 7855408 5254886 7164804 
0 7 1 5 6 4 9 8 3 2 
20239228 9521494 3218582 6989854 
4 0 8 5 3 9 7 2 1 6 
20314886 7128788 6730296 6967152 
4 8 0 5 6 9 7 2 1 3 
20321776 7126748 6384870 7293136 
7 8 0 5 3 9 4 2 6 1 
20341432 5706352 6716418 6893402 
7 8 0 5 3 9 4 2 1 6 
20341494 5556656 6881856 6983358 
4 7 0 5 8 9 6 2 1 3 
20358400 10996972 7135864 5164492 
9 4 3 5 1 7 8 0 2 6 
20369288 755774 9304566 11667228 
7 8 4 5 6 2 0 9 3 1 
20372378 3454818 6965396 8382668 
9 4 3 5 6 7 8 0 2 1 
20379436 750734 8933334 11460292 
9 4 3 5 6 7 0 8 2 1 
20427500 749720 8883672 11412114 
4 7 8 5 0 9 6 2 1 3 
20435342 10840194 7009794 5029506 
2 8 3 5 6 4 0 7 1 9 
20449010 10573424 3292772 6785500 
7 8 4 5 6 2 0 9 1 3 
20460982 3829728 6561148 8293342 
5 9 1 2 6 4 0 7 8 3 
20493714 6570052 6821480 6532956 
0 7 2 5 1 4 9 8 3 6 
20556524 3272016 10503464 10454914 
0 4 2 5 6 7 9 8 3 1 
20571114 3257080 10242648 10379836 
5 8 3 4 6 2 0 7 1 9 
20615106 10573858 3286534 6825006 
4 3 9 2 8 5 6 1 0 7 
20621116 5576204 3916826 8930966 
5 9 1 2 6 4 8 7 0 3 
20633048 6742168 6744870 6355754 
9 4 2 5 1 7 8 0 6 3 
20644546 1164556 8847204 10781896 
0 7 4 5 1 2 8 9 3 6 
20682012 3286310 7260912 7440580 
9 4 2 5 1 7 0 8 6 3 
20692610 1163542 8797542 10733718 
9 4 1 5 6 7 8 0 2 3 
20702828 1125624 8747598 10966956 
9 7 1 5 6 4 8 0 3 2 
20705656 6902404 2292702 7275768 
5 9 3 2 6 4 0 7 1 8 
20706076 9567320 3341046 6225876 
8 7 4 5 1 2 0 9 3 6 
20714866 3373216 7231696 7393256 
4 3 9 2 8 5 1 6 0 7 
20719198 5573078 3895234 8894488 
0 7 2 5 6 4 9 8 3 1 
20720338 3266690 10153358 10163700 
9 4 2 5 6 7 8 0 1 3 
20732848 1009602 8658988 10555008 
4 8 0 5 3 9 7 2 1 6 
20744088 7126386 6562554 6780948 
4 8 0 5 3 9 7 2 6 1 
20744364 7276054 6396518 6678692 
9 4 2 5 1 7 8 0 3 6 
20747212 640118 9415742 10936386 
9 7 1 5 6 4 0 8 3 2 
20753720 6901390 2243040 7227590 
9 4 2 5 6 7 8 0 3 1 
20758042 634832 9063266 10644214 
0 7 4 5 1 2 8 9 6 3 
20765502 3810860 6692398 7285994 
4 3 9 2 0 5 6 1 8 7 
20771448 5425888 3977012 9093810 
9 4 2 5 6 7 0 8 1 3 
20780912 1008588 8609326 10506830 
0 7 4 5 6 2 8 9 3 1 
20789012 3282090 6971418 7240342 
8 7 4 5 1 2 0 9 6 3 
20798356 3897766 6663182 7238670 
9 4 2 5 6 7 0 8 3 1 
20806106 633818 9013604 10596036 
8 7 4 5 6 2 0 9 3 1 
20821866 3368996 6942202 7193018 
5 9 6 2 3 4 0 7 8 1 
20864248 6723808 6632162 6969752 
4 3 9 2 0 5 1 6 8 7 
20869530 5422762 3955420 9057332 
9 2 7 5 6 1 8 0 3 4 
20905042 4319440 6530404 11222086 
9 2 7 5 6 1 0 8 3 4 
20953106 4318426 6480742 11173908 
0 7 4 5 6 2 8 9 1 3 
20958816 3657000 6567170 7151016 
9 4 0 5 3 2 8 7 6 1 
20982574 6871456 4980924 7237346 
8 7 4 5 6 2 0 9 1 3 
20991670 3743906 6537954 7103692 
5 9 6 2 3 4 8 7 0 1 
21003582 6895924 6555552 6792550 
9 4 0 5 3 2 8 7 1 6 
21023824 6721704 5145166 7302702 
9 4 8 5 3 2 0 7 6 1 
21055022 6696358 5059234 7394596 
9 4 8 5 3 2 0 7 1 6 
21096272 6546606 5223476 7459952 
5 9 1 2 3 4 8 7 0 6 
21098780 6744852 6681066 6943722 
9 3 1 5 6 2 8 0 4 7 
21104706 5300190 5895436 9732372 
9 3 1 5 6 2 0 8 4 7 
21152770 5299176 5845774 9684194 
9 7 2 5 6 4 8 0 3 1 
21185998 647264 8968230 10427534 
9 4 7 5 3 2 8 0 6 1 
21194396 1152394 6054468 7759602 
4 9 7 2 0 5 6 1 8 3 
21224738 3599532 6044066 10706174 
9 7 2 5 6 4 0 8 3 1 
21234062 646250 8918568 10379356 
9 4 7 5 3 2 0 8 6 1 
21242460 1151380 6004806 7711424 
7 2 9 5 6 1 0 8 3 4 
21243886 4361678 5689042 11511714 
4 7 8 5 0 9 3 2 6 1 
21269754 11293688 6864602 4875776 
9 4 7 5 3 2 8 0 1 6 
21271868 1002726 6218728 7824886 
2 9 1 7 3 5 6 4 0 8 
21281080 7980454 5287780 5607428 
2 9 1 7 3 5 6 4 8 0 
21284946 7830786 5453224 5697360 
9 4 7 5 3 2 0 8 1 6 
21319932 1001712 6169066 7776708 
0 2 1 5 3 7 8 9 6 4 
21321168 7312932 3412058 6216888 
2 7 0 5 8 9 1 4 3 6 
21334660 8600600 5988786 4974048 
7 2 9 5 6 1 8 0 3 4 
21336510 4358720 5673760 11503192 
8 2 1 5 3 7 0 9 6 4 
21354022 7399838 3382842 6169564 
2 7 8 5 0 9 1 4 3 6 
21411602 8443822 5862716 4839062 
2 9 6 7 3 5 1 4 0 8 
21425084 8155514 5207470 5425378 
2 9 6 7 3 5 1 4 8 0 
21428950 8005846 5372914 5515310 
2 7 0 5 8 9 6 4 3 1 
21479100 8425414 5946160 5033976 
9 4 0 5 1 2 8 7 6 3 
21498580 6873344 4964340 7767136 
4 3 7 2 0 5 6 1 8 9 
21513424 3054350 5952928 9997244 
9 4 0 5 1 2 8 7 3 6 
21530804 6348934 5532884 7921602 
9 4 0 5 6 2 8 7 3 1 
21535880 6347308 5369408 7907458 
9 4 0 5 6 2 8 7 1 3 
21544906 6721966 4965106 7818348 
2 7 0 5 8 9 1 4 6 3 
21550078 8151620 6477786 5083688 
2 7 8 5 0 9 6 4 3 1 
21556042 8268636 5820090 4898990 
9 4 8 5 1 2 0 7 6 3 
21571028 6698246 5042650 7924386 
9 4 8 5 1 2 0 7 3 6 
21603252 6173836 5611194 8078852 
9 4 8 5 6 2 0 7 3 1 
21608328 6172210 5447718 8064708 
9 7 3 5 1 4 8 0 6 2 
21614754 7131476 2198176 7788836 
9 4 8 5 6 2 0 7 1 3 
21617354 6546868 5043416 7975598 
2 7 8 5 0 9 1 4 6 3 
21627020 7994842 6351716 4948702 
9 7 3 2 6 4 8 0 1 5 
21652424 9998934 2092228 10013604 
9 7 3 5 1 4 0 8 6 2 
21662818 7130462 2148514 7740658 
7 2 9 5 1 3 0 8 6 4 
21668368 4498812 5217932 11066904 
0 2 6 5 3 7 8 9 1 4 
21669234 7315758 3451260 6215658 
9 7 3 2 6 4 0 8 1 5 
21699040 9997918 2042738 9965428 
8 2 6 5 3 7 0 9 1 4 
21702088 7402664 3422044 6168334 
9 4 7 5 1 2 8 0 3 6 
21722880 634724 6858422 8814586 
9 4 7 5 6 2 8 0 3 1 
21733710 629438 6505946 8522414 
0 7 1 5 6 2 8 9 3 4 
21734622 6944732 2893852 5468960 
2 7 0 5 8 9 6 4 1 3 
21756404 7976514 6436720 5168272 
8 2 1 5 6 7 0 9 4 3 
21757718 3794432 6515676 7681236 
2 9 1 7 6 5 3 4 0 8 
21760074 8884244 5590774 5299050 
7 2 9 5 1 3 8 0 6 4 
21760992 4495854 5202650 11058382 
2 9 1 7 6 5 3 4 8 0 
21763940 8734576 5756218 5388982 
8 7 1 5 6 2 0 9 3 4 
21767476 7031638 2864636 5421636 
4 3 9 5 8 2 6 1 0 7 
21772634 5562938 3950262 9011952 
9 4 7 5 6 2 0 8 3 1 
21781774 628424 6456284 8474236 
9 4 7 5 6 2 8 0 1 3 
21791032 1004208 6101668 8433208 
2 7 8 5 0 9 6 4 1 3 
21833346 7819736 6310650 5033286 
9 4 7 5 6 2 0 8 1 3 
21839096 1003194 6052006 8385030 
0 2 1 5 6 7 8 9 3 4 
21851680 6925544 2981260 5634906 
9 7 3 5 6 4 8 0 1 2 
21863510 6901894 2073146 7679820 
4 3 9 5 8 2 1 6 0 7 
21869238 5559774 3928832 8975170 
4 3 9 5 0 2 6 1 8 7 
21871050 5412582 4010260 9174792 
7 2 9 5 6 3 0 8 1 4 
21880592 4348346 5281668 11207758 
2 9 6 7 1 5 3 4 0 8 
21892358 8884258 5552396 5300892 
0 4 3 5 6 2 8 9 1 7 
21892930 7870580 2771552 6602632 
2 9 6 7 1 5 3 4 8 0 
21896224 8734590 5717840 5390824 
9 7 3 5 6 4 0 8 1 2 
21911574 6900880 2023484 7631642 
8 4 3 5 6 2 0 9 1 7 
21925784 7957486 2742336 6555308 
4 3 9 5 0 2 1 6 8 7 
21967654 5409418 3988830 9138010 
7 2 9 5 6 3 8 0 1 4 
21973216 4345388 5266386 11199236 
7 4 8 5 3 2 0 9 6 1 
22000616 3971222 4428310 7412274 
2 9 1 5 6 4 0 7 8 3 
22037600 6567086 6799776 6440654 
7 4 8 5 3 2 0 9 1 6 
22043098 3821582 4592576 7477534 
8 2 3 5 1 7 0 9 6 4 
22046582 7160746 2855922 5872518 
7 4 0 5 3 2 8 9 6 1 
22068760 3880658 4288200 7255006 
7 4 0 5 3 2 8 9 1 6 
22111242 3731018 4452466 7320266 
4 6 9 2 8 5 3 1 0 7 
22137706 6194690 4002306 8843208 
8 7 4 5 1 2 9 0 3 6 
22138170 3330146 7626284 7161576 
0 7 4 5 1 2 9 8 3 6 
22153380 3242226 7605838 7160722 
7 4 9 5 3 2 0 8 6 1 
22154952 1198952 5524692 8508652 
7 4 9 5 3 2 0 8 1 6 
22185360 1049284 5688952 8573936 
0 2 3 5 6 7 8 9 1 4 
22207042 6919980 2759910 5784864 
2 9 1 5 6 4 8 7 0 3 
22221724 6739242 6723354 6263456 
8 7 4 5 1 2 9 0 6 3 
22221780 3854472 7055354 6957886 
5 9 1 4 6 2 0 7 8 3 
22234528 6569922 6795216 6441398 
0 7 4 5 1 2 9 8 6 3 
22236990 3766552 7034908 6957032 
8 2 3 5 6 7 0 9 1 4 
22239896 7006886 2730694 5737540 
2 9 3 5 6 4 8 7 0 1 
22241888 6367018 6909972 6883776 
8 7 4 5 6 2 9 0 3 1 
22243904 3325984 7339172 6963038 
7 4 9 5 3 2 8 0 6 1 
22247576 1195994 5509410 8500130 
0 7 4 5 6 2 9 8 3 1 
22259114 3238064 7318726 6962184 
7 4 9 5 3 2 8 0 1 6 
22277984 1046326 5673670 8565414 
5 9 6 4 3 2 0 7 8 1 
22342484 6723708 6605904 6878228 
2 9 6 5 3 4 0 7 8 1 
22367458 6721208 6610512 6883404 
5 9 1 4 6 2 8 7 0 3 
22373862 6742038 6718606 6264196 
5 9 3 4 6 2 8 7 0 1 
22391210 6370204 6905302 6884958 
8 7 4 5 6 2 9 0 1 3 
22413858 3700614 6931904 6812332 
0 7 4 5 6 2 9 8 1 3 
22429068 3612694 6911458 6811478 
5 7 1 2 6 4 8 9 3 0 
22438118 6656168 2891286 6355626 
4 1 9 2 8 5 3 6 0 7 
22457514 6014216 3964740 8816790 
7 9 0 5 3 8 4 2 6 1 
22485376 5699286 6752544 6963518 
7 4 8 5 1 2 0 9 3 6 
22535048 3449442 4980348 8103310 
7 4 8 5 6 2 0 9 3 1 
22545572 3447424 4816824 8086206 
7 4 8 5 6 2 0 9 1 3 
22557370 3822334 4412576 7996880 
2 3 9 4 8 5 6 1 0 7 
22558336 5618120 3877432 9463118 
7 4 0 5 1 2 8 9 6 3 
22572508 3883428 4271724 7791456 
5 7 1 2 6 4 0 9 3 8 
22581554 6899202 2863208 6442764 
2 4 8 5 3 9 0 7 1 6 
22592522 6507706 5239592 7043186 
7 4 0 5 1 2 8 9 3 6 
22603192 3358878 4840238 7946042 
7 4 0 5 6 2 8 9 3 1 
22613716 3356860 4676714 7928938 
9 7 4 5 1 2 8 0 3 6 
22619856 621340 6639080 7443736 
7 4 0 5 6 2 8 9 1 3 
22625514 3731770 4272466 7839612 
9 4 3 7 6 5 8 0 1 2 
22645332 6897286 2094720 7705276 
9 7 4 5 1 2 0 8 3 6 
22667920 620326 6589418 7395558 
7 4 9 5 1 2 0 8 6 3 
22668290 1195622 5193216 8581722 
9 4 3 7 6 5 0 8 1 2 
22691918 6896234 2045220 7656794 
2 3 9 4 8 5 1 6 0 7 
22701642 5613752 3855974 9409582 
9 7 4 5 1 2 8 0 6 3 
22702114 1145778 6070542 7289246 
7 4 9 5 6 2 0 8 1 3 
22707304 1045156 5256952 8722578 
2 3 9 4 0 5 6 1 8 7 
22708668 5467804 3937618 9625962 
9 7 4 5 6 2 8 0 3 1 
22725494 617218 6349598 7244238 
8 7 3 5 1 2 0 9 6 4 
22740684 7179724 2767968 5706530 
7 4 9 5 1 2 0 8 3 6 
22747270 671184 5761754 8736212 
9 7 4 5 1 2 0 8 6 3 
22750178 1144764 6020880 7241068 
7 4 9 5 6 2 0 8 3 1 
22755876 670386 5661230 8811784 
7 4 9 5 1 2 8 0 6 3 
22760914 1192664 5177934 8573200 
9 7 4 5 6 2 0 8 3 1 
22773558 616204 6299936 7196060 
9 4 8 2 3 5 0 7 1 6 
22795482 6542556 5138744 7183036 
7 4 9 5 6 2 8 0 1 3 
22799928 1042198 5241670 8714056 
7 4 9 5 1 2 8 0 3 6 
22839894 668226 5746472 8727690 
7 4 9 5 6 2 8 0 3 1 
22848500 667428 5645948 8803262 
2 3 9 4 0 5 1 6 8 7 
22851974 5463436 3916160 9572426 
9 7 4 5 6 2 8 0 1 3 
22893758 991988 5945320 7155032 
0 7 3 5 6 2 8 9 1 4 
22901144 6938958 2671956 5618876 
5 4 0 2 3 7 8 9 6 1 
22918060 3900644 4190268 7522032 
8 7 3 5 6 2 0 9 1 4 
22933998 7025864 2642740 5571552 
9 7 4 5 6 2 0 8 1 3 
22941822 990974 5895658 7106854 
5 4 0 2 3 7 8 9 1 6 
22959976 3751044 4354722 7587296 
9 4 1 7 6 5 8 0 3 2 
22993918 6897406 2313262 7301146 
5 7 0 2 6 4 8 9 3 1 
23003862 3385886 4586216 8250048 
5 7 1 2 6 4 8 9 0 3 
23035920 3811884 5987522 7103378 
9 4 1 7 6 5 0 8 3 2 
23040504 6896354 2263762 7252664 
5 7 0 2 1 4 8 9 6 3 
23063068 3912092 4179716 8111796 
8 7 4 2 6 5 0 9 1 3 
23113316 3732964 6533190 7092896 
9 2 1 5 3 7 8 0 6 4 
23136914 4646394 2790110 6221572 
9 2 1 5 3 7 0 8 6 4 
23184978 4645380 2740448 6173394 
8 7 1 5 6 2 9 0 3 4 
23189962 6988458 3218386 5187976 
5 7 9 2 6 4 0 8 3 1 
23190518 706556 5573084 9187322 
5 7 9 2 1 4 0 8 6 3 
23203346 1231430 5103560 8956490 
0 7 1 5 6 2 9 8 3 4 
23205172 6900538 3197940 5187122 
5 7 9 2 6 4 8 0 3 1 
23237918 704840 5557668 9195858 
5 7 9 2 1 4 8 0 6 3 
23250746 1229714 5088144 8965026 
5 7 0 2 6 4 8 9 1 3 
23283654 3760516 4180652 8160694 
0 2 1 5 6 7 9 8 3 4 
23322370 6880678 3282842 5350576 
4 7 6 5 1 9 8 2 3 0 
23344120 14358878 4876602 5155030 
5 7 9 2 6 4 0 8 1 3 
23409940 1081046 5167490 9098088 
4 7 1 5 6 9 8 2 3 0 
23413412 14355400 4712556 5054078 
5 7 9 2 6 4 8 0 1 3 
23457340 1079330 5152074 9106624 
9 4 3 5 1 2 8 0 6 7 
23473444 5434366 2274648 6715662 
4 7 1 5 6 9 0 2 3 8 
23511474 14333450 4622708 5141252 
9 4 3 5 1 2 0 8 6 7 
23521508 5433352 2224986 6667484 
7 4 0 5 3 2 9 8 6 1 
23530960 3837048 5004074 6964974 
9 2 6 5 3 7 0 8 1 4 
23532448 4648234 2779650 6172188 
9 4 3 5 6 2 8 0 1 7 
23548990 5204784 2149618 6606648 
7 4 0 5 3 2 9 8 1 6 
23573472 3687352 5167736 7017958 
9 2 1 5 6 7 0 8 4 3 
23594430 1039610 5873240 7682082 
9 4 3 5 6 2 0 8 1 7 
23597054 5203770 2099956 6558470 
8 2 3 5 6 7 9 0 1 4 
23661552 6963174 3186968 5449208 
9 7 1 5 6 2 8 0 3 4 
23671680 4279748 2272020 5472856 
9 2 1 5 6 7 8 0 3 4 
23674106 4258726 2359288 5636534 
0 2 3 5 6 7 9 8 1 4 
23676762 6875254 3166522 5448354 
7 4 8 2 3 5 0 9 6 1 
23702242 3962884 4345082 7128370 
9 7 1 5 6 2 0 8 3 4 
23719744 4278734 2222358 5424678 
9 2 1 5 6 7 0 8 3 4 
23722170 4257712 2309626 5588356 
4 9 1 8 6 5 7 2 3 0 
23733382 10013894 4091210 5167530 
7 4 8 2 3 5 0 9 1 6 
23744180 3813284 4509536 7193634 
7 4 0 2 3 5 8 9 6 1 
23771890 3872120 4204962 6971050 
5 4 0 2 1 7 8 9 6 3 
23789028 3903414 4173792 8058482 
4 7 9 2 8 5 6 1 0 3 
23812932 3713310 3897004 7468004 
7 4 0 2 3 5 8 9 1 6 
23813828 3722520 4369416 7036314 
5 4 0 2 6 7 8 9 3 1 
23820798 3377208 4580292 8196736 
7 4 9 2 3 5 0 8 6 1 
23856682 1189662 5442072 8223324 
8 7 1 2 6 5 0 9 3 4 
23868078 7022836 2861560 5412976 
9 2 3 5 6 7 8 0 4 1 
23872738 660430 6105830 7969544 
9 2 3 5 1 7 0 8 6 4 
23882908 4406078 2213498 5872648 
7 4 9 2 3 5 0 8 1 6 
23886546 1040034 5606520 8288612 
4 7 9 2 8 5 1 6 0 3 
23910964 3710244 3875760 7431576 
9 2 3 5 6 7 0 8 4 1 
23920802 659416 6056168 7921366 
5 4 9 2 1 7 0 8 6 3 
23930088 1217788 5095970 8897566 
7 4 9 2 3 5 8 0 6 1 
23950784 1186742 5426628 8215106 
4 7 9 2 0 5 6 1 8 3 
23963264 3562994 3957190 7630848 
5 4 9 2 6 7 0 8 1 3 
23963472 1067404 5159900 9039166 
5 4 9 2 1 7 8 0 6 3 
23977488 1216072 5080554 8906102 
7 4 9 2 3 5 8 0 1 6 
23980648 1037114 5591076 8280394 
5 4 9 2 6 7 0 8 3 1 
24008236 692914 5565494 9128400 
5 4 9 2 6 7 8 0 1 3 
24010872 1065688 5144484 9047702 
9 2 3 5 6 7 8 0 1 4 
24026488 4253302 2137938 5786612 
5 4 9 2 6 7 8 0 3 1 
24055636 691198 5550078 9136936 
4 7 9 2 0 5 1 6 8 3 
24061296 3559928 3935946 7594420 
7 4 0 5 1 2 9 8 3 6 
24071602 3315202 5546618 7696614 
9 2 3 5 6 7 0 8 1 4 
24074552 4252288 2088276 5738434 
7 4 0 5 6 2 9 8 3 1 
24080860 3313242 5385476 7681210 
7 4 0 5 6 2 9 8 1 3 
24092808 3687872 4978208 7530504 
2 9 8 5 0 7 6 4 3 1 
24225440 8261298 5874022 5040630 
2 7 1 5 6 9 8 4 3 0 
24230568 12398654 4260726 5066954 
5 4 0 2 3 7 9 8 1 6 
24276188 3710838 5070724 7334034 
2 9 8 5 0 7 6 4 1 3 
24319846 7812398 6364582 5174926 
5 7 0 2 6 4 9 8 3 1 
24324648 3347360 5301796 8057418 
2 7 1 5 6 9 0 4 3 8 
24328630 12376704 4170878 5154128 
8 7 3 5 6 2 9 0 1 4 
24355514 6982824 3101520 5285712 
8 7 4 2 6 5 9 0 3 1 
24357308 3315208 7336210 6951358 
0 7 3 5 6 2 9 8 1 4 
24370724 6894904 3081074 5284858 
0 7 4 2 6 5 9 8 3 1 
24372622 3227052 7315858 6950116 
8 7 4 2 6 5 9 0 1 3 
24531070 3689558 6927626 6800624 
0 7 4 2 6 5 9 8 1 3 
24546384 3601402 6907274 6799382 
8 7 1 5 6 2 4 9 3 0 
24583024 13615762 4662904 4876954 
7 4 8 2 1 5 0 9 3 6 
24599542 3441424 4898624 7819438 
7 4 8 2 6 5 0 9 3 1 
24662526 3439406 4735100 7802334 
7 4 0 2 1 5 8 9 3 6 
24669190 3350660 4758504 7662118 
9 7 4 2 1 5 8 0 3 6 
24687128 609772 6635846 7431720 
9 7 3 5 1 2 0 8 6 4 
24691642 4426890 2125684 5708928 
9 7 1 5 6 2 8 0 4 3 
24722616 1061646 5835634 7566582 
7 4 0 2 6 5 8 9 3 1 
24732174 3348642 4594980 7645014 
9 7 4 2 1 5 0 8 3 6 
24733714 608720 6586346 7383238 
7 4 9 2 1 5 0 8 6 3 
24737240 1186332 5110596 8296394 
9 7 1 5 6 2 0 8 4 3 
24770680 1060632 5785972 7518404 
7 4 9 2 1 5 0 8 3 6 
24811868 662214 5680638 8450916 
7 4 9 2 6 5 0 8 1 3 
24828170 1035906 5174520 8437254 
7 4 9 2 1 5 8 0 6 3 
24831342 1183412 5095152 8288176 
9 7 3 5 6 2 8 0 1 4 
24835222 4274114 2050124 5622892 
9 7 4 2 6 5 8 0 3 1 
24845226 605650 6346364 7232222 
7 4 9 2 6 5 0 8 3 1 
24872934 661416 5580114 8526488 
9 7 3 5 6 2 0 8 1 4 
24883286 4273100 2000462 5574714 
9 7 4 2 6 5 0 8 3 1 
24891812 604598 6296864 7183740 
7 4 9 2 1 5 8 0 3 6 
24905970 659294 5665194 8442698 
7 4 9 2 6 5 8 0 1 3 
24922272 1032986 5159076 8429036 
7 4 9 2 6 5 8 0 3 1 
24967036 658496 5564670 8518270 
4 7 9 5 8 2 6 1 0 3 
24972262 3699920 3906384 7463492 
9 7 4 2 6 5 8 0 1 3 
25017298 980140 5940770 7142988 
9 7 4 2 6 5 0 8 1 3 
25063884 979088 5891270 7094506 
4 7 9 5 8 2 1 6 0 3 
25068816 3696816 3885302 7426760 
4 7 9 5 0 2 6 1 8 3 
25070678 3549564 3966382 7626332 
8 2 1 7 6 5 0 9 3 4 
25075864 7019012 2882278 5411330 
5 4 0 2 6 7 9 8 3 1 
25141924 3337050 5289786 7998054 
4 7 9 5 0 2 1 6 8 3 
25167232 3546460 3945300 7589600 
7 4 0 2 3 5 9 8 6 1 
25228178 3828358 4921484 6679802 
7 4 0 2 3 5 9 8 1 6 
25270146 3678702 5085334 6732790 
8 7 1 2 6 5 9 0 3 4 
25286130 6979542 3215796 5178404 
0 7 1 2 6 5 9 8 3 4 
25301444 6891386 3195444 5177162 
4 7 0 5 6 2 8 9 3 1 
25347964 3375524 4587814 7953446 
4 7 9 5 6 2 8 0 3 1 
25581864 708634 5559122 9117892 
4 7 9 5 1 2 8 0 6 3 
25642514 1233828 5091102 8887092 
9 7 3 5 6 2 8 0 4 1 
25717894 681242 6018016 7805824 
9 7 1 5 6 2 4 8 3 0 
25743500 12367324 4370724 4880098 
9 7 3 5 6 2 0 8 4 1 
25765958 680228 5968354 7757646 
9 7 1 2 6 5 8 0 3 4 
25774176 4270040 2269158 5462948 
4 7 9 5 6 2 8 0 1 3 
25797192 1083404 5154844 9028686 
9 7 1 2 6 5 0 8 3 4 
25820762 4268988 2219658 5414466 
9 7 1 5 6 2 4 0 3 8 
25933244 12345878 4330526 5015396 
2 9 1 7 6 5 8 4 3 0 
26053430 12411816 4255444 5142160 
7 4 0 2 1 5 9 8 3 6 
26131688 3306832 5465532 7411474 
4 7 0 5 3 2 8 9 6 1 
26190976 3899826 4199372 7288370 
7 4 0 2 6 5 9 8 3 1 
26193406 3304872 5304390 7396070 
7 4 0 2 6 5 9 8 1 3 
26209162 3679222 4895806 7245336 
4 7 0 5 3 2 8 9 1 6 
26253758 3750186 4363638 7353630 
8 7 3 2 6 5 9 0 1 4 
26453544 6973838 3097656 5276350 
0 7 3 2 6 5 9 8 1 4 
26468858 6885682 3077304 5275108 
8 2 1 7 6 5 9 0 3 4 
26504402 6975312 3232874 5176394 
0 2 1 7 6 5 9 8 3 4 
26519716 6887156 3212522 5175152 
8 7 1 2 6 5 4 9 3 0 
26535280 13627530 4660312 4870472 
8 4 1 5 6 2 7 9 3 0 
26551344 12291990 4743622 5147562 
9 2 1 7 6 5 8 0 4 3 
26744846 1047492 5850624 7555432 
9 2 1 7 6 5 0 8 4 3 
26791432 1046440 5801124 7506950 
4 7 8 2 0 5 6 1 3 9 
26835460 3069444 4817326 6731152 
8 2 3 7 6 5 9 0 1 4 
26858794 6969888 3116554 5274172 
9 2 1 7 6 5 8 0 3 4 
26866602 4266034 2289078 5461750 
0 2 3 7 6 5 9 8 1 4 
26874108 6881732 3096202 5272930 
4 7 0 2 8 5 6 1 3 9 
26880516 2996254 4942796 6814690 
9 7 1 2 6 5 0 8 4 3 
26909234 1048126 5770300 7507916 
9 2 1 7 6 5 0 8 3 4 
26913188 4264982 2239578 5413268 
4 7 8 2 0 5 1 6 3 9 
26933208 3066574 4818900 6721116 
9 7 3 2 6 5 8 0 1 4 
26939580 4264336 2045988 5613194 
4 7 0 2 8 5 1 6 3 9 
26978264 2993384 4944370 6804654 
9 7 3 2 6 5 0 8 1 4 
26986166 4263284 1996488 5564712 
9 2 3 7 6 5 8 0 4 1 
27071218 667298 6033552 7794716 
9 2 3 7 6 5 0 8 4 1 
27117804 666246 5984052 7746234 
7 2 0 5 6 4 8 9 3 1 
27211870 3345110 4667342 7872588 
9 2 3 7 6 5 8 0 1 4 
27218984 4260610 2067728 5611828 
9 2 3 7 6 5 0 8 1 4 
27265570 4259558 2018228 5563346 
4 7 0 2 6 5 8 9 3 1 
27476822 3364906 4577280 7938722 
9 2 4 5 1 7 8 0 3 6 
27495740 598788 6722370 7607108 
7 2 0 5 3 4 8 9 6 1 
27532964 3868908 4278828 7198646 
9 2 4 5 1 7 0 8 3 6 
27543804 597774 6672708 7558930 
4 7 8 2 0 5 6 1 9 3 
27562944 3596006 4286218 7156022 
9 2 4 5 6 7 8 0 3 1 
27601378 594666 6432888 7407610 
4 7 9 2 6 5 0 8 3 1 
27616698 700222 5564488 9110318 
9 2 4 5 6 7 8 0 1 3 
27627388 969436 6028610 7318404 
4 7 9 2 1 5 0 8 6 3 
27629240 1225096 5094964 8879486 
4 7 0 2 8 5 6 1 9 3 
27644222 3747438 4165862 7141646 
9 2 4 5 6 7 0 8 3 1 
27649442 593652 6383226 7359432 
4 7 8 2 0 5 1 6 9 3 
27660782 3592968 4285980 7109158 
9 2 4 5 6 7 0 8 1 3 
27675452 968422 5978948 7270226 
9 7 1 2 6 5 4 8 3 0 
27696172 12378148 4368508 4872064 
4 7 9 2 6 5 8 0 3 1 
27710800 697302 5549044 9102100 
4 7 9 2 1 5 8 0 6 3 
27723342 1222176 5079520 8871268 
4 7 0 2 8 5 1 6 9 3 
27742060 3744400 4165624 7094782 
4 7 3 2 8 5 6 1 0 9 
27831458 2950828 3373970 7827260 
4 7 9 2 6 5 0 8 1 3 
27835834 1074712 5158894 9021084 
9 7 1 2 6 5 4 0 3 8 
27886168 12356910 4328152 5007684 
9 7 3 2 6 5 0 8 4 1 
27902566 667932 5952724 7747396 
4 7 8 5 0 2 6 1 3 9 
27915154 3058014 4836458 6726712 
4 7 3 2 8 5 1 6 0 9 
27928818 2948014 3417556 7796352 
4 7 9 2 6 5 8 0 1 3 
27929936 1071792 5143450 9012866 
4 7 8 5 0 2 1 6 3 9 
28011424 3055106 4838194 6716372 
4 7 0 5 8 2 6 1 3 9 
28012392 2984854 4961934 6810284 
4 7 3 2 0 5 6 1 8 9 
28020058 3024396 3244598 7636482 
4 7 0 5 8 2 1 6 3 9 
28108662 2981946 4963670 6799944 
4 7 3 2 0 5 1 6 8 9 
28117418 3021582 3288184 7605574 
9 4 1 5 6 2 7 8 3 0 
28225594 9538134 4101242 5150604 
8 4 1 2 6 5 7 9 3 0 
28651400 12286358 4663030 4863480 
4 7 8 5 0 2 6 1 9 3 
28669294 3582616 4296138 7151386 
4 7 8 5 0 2 1 6 9 3 
28765654 3579540 4296062 7104218 
4 7 0 5 8 2 6 1 9 3 
28802754 3734078 4175788 7137044 
4 7 0 5 8 2 1 6 9 3 
28899114 3731002 4175712 7089876 
4 7 3 5 8 2 6 1 0 9 
28977166 2938908 3383644 7824414 
4 7 3 5 8 2 1 6 0 9 
29073048 2936056 3427392 7793202 
7 4 1 5 6 2 9 8 0 3 
29082726 3736768 6371716 6672972 
4 7 3 5 0 2 6 1 8 9 
29113850 3012436 3254084 7633632 
4 7 3 5 0 2 1 6 8 9 
29209732 3009584 3297832 7602420 
7 4 1 2 6 5 8 9 0 3 
29718318 3773290 5992776 6498074 
5 2 9 4 1 7 0 8 6 3 
30165696 1215606 5093542 8898782 
5 2 9 4 1 7 8 0 6 3 
30213096 1213890 5078126 8907318 
5 2 9 4 6 7 0 8 3 1 
30239942 690932 5564006 9129634 
5 2 9 4 6 7 8 0 3 1 
30287342 689216 5548590 9138170 
5 2 9 4 6 7 0 8 1 3 
30320374 1065182 5157284 9040376 
9 4 1 2 6 5 7 8 3 0 
30326066 9531558 4021026 4864970 
5 2 9 4 6 7 8 0 1 3 
30367774 1063466 5141868 9048912 
9 4 1 2 6 5 7 0 3 8 
30516062 9510320 3980670 5000590 
7 2 0 4 3 5 8 9 6 1 
30718146 3869122 4197994 6972118 
7 2 0 4 3 5 8 9 1 6 
30780950 3719482 4362260 7037378 
9 2 4 7 6 5 8 0 3 1 
30796932 601644 6362612 7232452 
9 2 4 7 6 5 8 0 1 3 
30822942 976414 5958334 7143246 
9 2 4 7 6 5 0 8 3 1 
30843518 600592 6313112 7183970 
9 2 4 7 6 5 0 8 1 3 
30869528 975362 5908834 7094764 
7 2 9 4 3 5 8 0 6 1 
30896840 1184284 5422160 8215914 
7 2 9 4 3 5 8 0 1 6 
30947570 1034616 5586420 8281198 
7 2 9 4 1 5 8 0 3 6 
31145128 657036 5661666 8443538 
7 2 9 4 1 5 8 0 6 3 
31174830 1180954 5090684 8288996 
7 4 1 2 6 5 9 8 0 3 
31183386 3728708 6300052 6386034 
7 2 9 4 6 5 8 0 3 1 
31306622 656238 5561142 8519108 
7 2 9 4 6 5 8 0 1 3 
31387054 1030488 5154420 8429850 
4 2 8 5 0 7 6 1 3 9 
32095052 3051648 4916046 6899990 
7 2 0 4 3 5 9 8 6 1 
32159454 3825940 4919716 6681390 
4 2 8 5 0 7 1 6 3 9 
32191322 3048740 4917782 6889650 
4 2 0 5 8 7 6 1 3 9 
32192290 2978488 5041522 6983562 
4 2 0 5 8 7 1 6 3 9 
32288560 2975580 5043258 6973222 
7 2 1 5 6 4 9 8 0 3 
32296172 3726368 6366938 6620260 
4 2 8 5 0 7 6 1 9 3 
33214988 3576250 4375726 7324664 
4 2 8 5 0 7 1 6 9 3 
33311348 3573174 4375650 7277496 
4 2 0 5 8 7 6 1 9 3 
33348448 3727712 4255376 7310322 
4 2 0 5 8 7 1 6 9 3 
33444808 3724636 4255300 7263154 
4 5 3 2 8 7 6 1 0 9 
33826172 2927836 3467896 7991940 
4 5 8 7 0 9 1 2 3 6 
33840866 11545710 6586184 4832210 
4 5 3 2 0 7 6 1 8 9 
33841562 3001404 3338524 7801164 
4 5 3 2 8 7 1 6 0 9 
33923552 2924926 3511124 7960676 
4 5 3 2 0 7 1 6 8 9 
33938942 2998494 3381752 7769900 
8 2 1 4 6 5 7 9 3 0 
34345820 12282504 4644540 4860386 
9 5 4 2 6 7 0 8 3 1 
34623274 593920 6382744 7356720 
7 2 1 4 6 5 8 9 0 3 
34673402 3770772 5989000 6498836 
9 5 4 2 6 7 0 8 1 3 
34795346 968410 5977150 7267486 
7 2 8 5 0 4 1 6 3 9 
35051744 3054974 4907610 7061156 
7 2 0 5 8 4 1 6 3 9 
35148982 2981814 5033086 7144728 
2 5 8 7 0 9 1 4 3 6 
35184718 8436430 5865726 4836512 
2 5 8 7 0 9 6 4 3 1 
35232400 8261248 5823442 4896490 
5 2 3 4 6 7 0 8 1 9 
35335614 5104614 1994826 7164284 
2 5 8 7 0 9 1 4 6 3 
35421002 7987410 6354538 4946148 
2 5 8 7 0 9 6 4 1 3 
35509704 7812348 6314002 5030786 
4 5 9 7 8 2 6 1 0 3 
35563326 3694686 3926106 7460808 
4 5 9 7 0 2 1 6 8 3 
35638500 3541208 3964690 7586870 
4 5 9 7 8 2 1 6 0 3 
35661378 3691524 3904504 7424024 
5 4 3 2 0 7 6 1 8 9 
35749954 3095950 3231494 8834886 
4 5 8 2 0 7 6 1 3 9 
35901604 3045612 4909068 6895666 
4 5 8 2 0 7 6 1 9 3 
35999106 3572174 4377960 7320536 
4 5 8 2 0 7 1 6 3 9 
35999372 3042646 4910284 6885274 
4 5 0 2 8 7 6 1 3 9 
36003990 2972452 5034616 6979208 
4 2 3 5 8 7 6 1 0 9 
36054064 2931792 3461282 7997542 
4 5 8 2 0 7 1 6 9 3 
36096964 3569040 4377364 7273316 
4 5 0 2 8 7 1 6 3 9 
36101758 2969486 5035832 6968816 
7 2 1 4 6 5 9 8 0 3 
36123490 3726770 6301476 6387316 
4 5 0 2 8 7 6 1 9 3 
36137714 3723636 4257682 7306164 
0 5 1 2 6 7 9 8 3 4 
36149628 6881042 3279114 5349948 
4 2 3 5 8 7 1 6 0 9 
36149946 2928940 3505030 7966330 
7 2 8 5 0 4 1 6 9 3 
36171440 3579408 4365478 7449002 
9 2 1 4 6 5 7 8 3 0 
36185286 9527964 4003676 4861236 
4 2 3 5 0 7 6 1 8 9 
36190748 3005320 3331722 7806760 
4 5 0 2 8 7 1 6 9 3 
36235572 3720502 4257086 7258944 
4 2 3 5 0 7 1 6 8 9 
36286630 3002468 3375470 7775548 
9 2 1 4 6 5 7 0 3 8 
36375282 9506726 3963320 4996856 
9 5 1 2 6 7 0 8 3 4 
36603362 4257980 2304680 5587380 
4 5 3 7 8 2 6 1 0 9 
36614550 2933674 3405598 7820862 
4 5 3 7 0 2 6 1 8 9 
36629940 3007242 3276226 7630086 
4 5 3 7 8 2 1 6 0 9 
36711930 2930764 3448826 7789598 
4 5 3 7 0 2 1 6 8 9 
36727320 3004332 3319454 7598822 
2 5 8 9 0 7 6 4 3 1 
36838796 8256712 5875902 5042230 
9 5 3 2 6 7 0 8 1 4 
37768766 4252276 2081510 5737626 
9 5 1 2 6 7 0 8 4 3 
37915376 1037118 5855322 7680830 
4 5 8 7 0 2 6 1 3 9 
38683332 3051700 4851320 6723838 
4 5 8 7 0 2 1 6 3 9 
38781100 3048734 4852536 6713446 
4 5 0 7 8 2 6 1 3 9 
38785718 2978540 4976868 6807380 
4 5 8 7 0 2 6 1 9 3 
38790626 3577542 4316828 7148636 
9 5 3 2 6 7 8 0 4 1 
38862142 657880 6086888 7968436 
4 5 0 7 8 2 1 6 3 9 
38883486 2975574 4978084 6796988 
4 5 8 7 0 2 1 6 9 3 
38888484 3574408 4316232 7101416 
9 5 3 2 6 7 0 8 4 1 
38908708 656924 6037746 7920310 
4 5 0 7 8 2 6 1 9 3 
38929234 3729004 4196550 7134264 
4 5 0 7 8 2 1 6 9 3 
39027092 3725870 4195954 7087044 
5 2 3 4 0 7 6 1 8 9 
40927098 3093594 3232896 8836782 
5 2 3 7 0 4 6 1 8 9 
42629582 3085346 3237606 8876484 
