35 4
2 3 5 6 0 4 1 
5607690 7396772 2816138 7223606 
2 1 5 6 0 4 3 
5608594 7348182 2796896 7220682 
2 1 4 6 0 5 3 
5696748 9903818 3307638 6165506 
0 4 3 5 2 1 6 
6089508 9672920 2942278 6813692 
0 5 3 6 2 4 1 
6486916 7262150 2916038 9982546 
0 1 3 6 2 4 5 
6490614 7191778 2891342 9978680 
4 5 3 2 6 0 1 
6501568 8128332 2478958 8406420 
4 1 3 2 6 0 5 
6503024 8060332 2453362 8402540 
2 5 3 6 0 4 1 
6544870 7314432 2957762 9974852 
2 1 3 6 0 4 5 
6548554 7242996 2933066 9970986 
2 3 5 4 0 6 1 
6716054 7443764 2680482 8915030 
2 1 5 4 0 6 3 
6717150 7395178 2661300 8912112 
4 1 0 2 6 3 5 
6755038 13348054 3487476 6016352 
4 2 5 3 6 1 0 
6815552 11744426 2781848 6861604 
4 0 5 3 6 1 2 
6816632 11742570 2782268 6861616 
4 5 3 0 6 2 1 
6837400 8141412 2443146 8915956 
4 1 3 0 6 2 5 
6837512 8073384 2417130 8912034 
4 0 3 5 6 1 2 
6845104 11439220 2886418 6795006 
4 2 5 1 6 3 0 
7203166 11764828 2723646 7465108 
4 0 5 1 6 3 2 
7204438 11762976 2724126 7465126 
4 3 5 0 6 2 1 
7466344 7965808 2504762 11177282 
4 1 5 0 6 2 3 
7471704 7912858 2487200 11174418 
4 1 5 2 6 0 3 
7477488 7913294 2483672 11182140 
0 5 3 4 2 6 1 
7596840 7309418 2779086 11676550 
0 1 3 4 2 6 5 
7600730 7239050 2754450 11672690 
2 1 3 4 0 6 5 
7657110 7289992 2797470 11662416 
1 0 5 6 3 4 2 
7956490 14020790 2402596 7311546 
1 2 5 6 3 4 0 
7958444 14019690 2403316 7311576 
6 4 3 2 5 0 1 
7982940 12096616 2213786 8482484 
1 4 3 2 5 0 6 
8032118 12387578 2234298 8469032 
6 4 3 0 5 2 1 
8325564 12110236 2174758 8999784 
3 1 6 2 5 0 4 
8366704 10451054 2374808 10552102 
1 4 3 0 5 2 6 
8374486 12400750 2195206 8986268 
1 2 4 6 3 5 0 
8504022 16648132 3259506 6244612 
2 0 5 6 3 4 1 
9039814 16386150 2338926 7360450 
