24 2
0 3 5 4 6 2 1 
1414750 3180246 
0 3 5 6 4 2 1 
1449640 3102482 
2 6 4 5 3 0 1 
1475042 2796964 
2 6 4 1 3 0 5 
1503086 2773114 
2 6 4 3 5 0 1 
1516910 2558104 
2 6 4 1 5 0 3 
1541342 2508010 
2 6 4 5 1 0 3 
1618100 2333466 
2 4 6 5 1 0 3 
1663668 2333124 
6 0 2 3 5 4 1 
1780868 2232994 
6 0 2 1 5 4 3 
1800520 2210366 
6 0 2 5 3 4 1 
1836692 2017950 
6 0 2 1 3 4 5 
1867920 1970534 
6 0 2 5 1 4 3 
1912168 1829472 
6 0 2 3 1 4 5 
1923744 1804684 
6 2 0 5 1 4 3 
1968708 1804210 
6 2 0 3 1 4 5 
1979628 1780558 
5 2 0 4 6 3 1 
2015654 1764438 
5 0 2 4 6 3 1 
2060520 1749310 
5 2 0 6 4 3 1 
2076130 1560198 
5 0 2 6 4 3 1 
2120996 1541884 
5 0 2 1 4 3 6 
2345836 1541062 
5 0 2 3 4 6 1 
2398458 1483028 
5 0 2 1 4 6 3 
2454382 1476048 
6 2 0 5 1 3 4 
2990924 1350392 
