23 4
2 1 0 3 4 
2712540 1688970 298582 2345136 
2 3 0 1 4 
2712540 3577494 633906 1438210 
2 1 3 0 4 
2721962 1689660 298422 1772076 
2 0 3 1 4 
2721962 2611184 462878 1337332 
1 2 3 0 4 
3289160 1395492 247516 1758006 
1 0 3 2 4 
3289160 2614882 462920 1162010 
4 3 2 0 1 
3296016 2065248 366492 1753290 
4 0 2 3 1 
3296016 2488364 439988 1534786 
1 2 0 3 4 
3299706 1394802 246652 2314042 
3 4 2 0 1 
4021530 1687032 298262 1688992 
3 0 2 4 1 
4021530 2483738 440042 1309372 
0 4 2 3 1 
4838196 1689908 298322 1438532 
0 3 2 4 1 
4838196 2063498 366606 1277416 
0 2 3 1 4 
5082780 1392488 247648 1206994 
0 1 3 2 4 
5082780 1690354 298596 1045742 
0 2 1 3 4 
5085154 1391138 246880 2310226 
0 4 3 1 2 
5243598 1393730 247132 1957714 
0 4 1 3 2 
5244616 1392290 246412 3136144 
1 4 3 0 2 
5734666 1396622 247168 1807438 
3 2 1 0 4 
6941188 1391586 247018 1734168 
3 2 0 1 4 
6949360 1392246 246922 1186972 
3 1 0 2 4 
6949360 1686656 298894 1042744 
3 4 1 0 2 
9630126 1392614 246736 1783660 
