18 4
2 0 3 1 4 
652702 2165884 10158332 3992178 
4 2 0 3 1 
701662 978836 8344464 3766714 
3 0 2 4 1 
713450 740644 7119388 3278550 
4 0 1 3 2 
796198 1761028 7209148 2688774 
1 0 4 2 3 
842594 848988 5263772 2269602 
3 0 4 2 1 
856424 739434 5225804 2316042 
3 2 0 1 4 
942770 1560376 5933534 2117574 
3 2 0 4 1 
1045344 1559348 5931504 2150506 
1 2 3 0 4 
1054538 1614244 4092068 1152840 
3 1 2 4 0 
1077730 190508 5946954 3012466 
3 2 1 4 0 
1088674 1557308 3971304 1132966 
3 2 1 0 4 
1118192 1559356 3975074 1121934 
3 1 4 2 0 
1165948 189714 4054124 2050062 
3 0 1 4 2 
1181420 735544 2218888 734700 
1 3 4 2 0 
1201270 189420 3857930 1950450 
1 3 0 2 4 
1464182 188944 3400550 1713024 
3 1 0 2 4 
1482194 188626 3008684 1507374 
3 1 0 4 2 
1502370 187448 3006654 1486156 
