30 4
1 2 3 5 0 4 
3754350 129226 23877948 482978 
3 2 1 5 4 0 
3774384 106258 29465516 422688 
3 5 1 2 4 0 
3807462 104504 27161868 392140 
1 5 3 2 4 0 
4083224 114954 25409026 398412 
4 0 1 5 3 2 
4123956 214372 18747616 919646 
4 0 3 5 1 2 
4226230 219502 18597734 939216 
1 4 3 5 0 2 
4810080 192262 18809384 698174 
0 4 3 2 1 5 
4815138 269946 17836470 1062264 
3 0 1 5 4 2 
4896818 189196 22079808 705936 
3 4 1 5 2 0 
4912636 105362 21809996 419480 
3 4 1 5 0 2 
4912904 187432 18286736 695006 
3 5 1 4 2 0 
4965500 101954 27163668 394240 
1 0 3 5 2 4 
4972534 130070 19489912 490688 
0 4 1 2 3 5 
5018968 281872 17041570 1135984 
1 5 3 4 2 0 
5054074 112728 25412590 400512 
4 1 3 5 0 2 
5244902 218422 10742338 933004 
4 3 1 5 0 2 
5293196 213160 10738016 917032 
1 2 4 5 0 3 
5713356 136086 18289070 658098 
3 4 1 2 5 0 
5741708 103856 21730908 419624 
3 0 1 2 4 5 
5908104 245116 12961080 913804 
1 0 3 2 5 4 
6051490 125312 19497582 501722 
0 1 3 2 4 5 
6351546 268822 6639702 1053678 
3 0 1 4 2 5 
6915212 243736 12935580 912394 
0 1 3 4 2 5 
7121624 267766 6607360 1052580 
3 4 1 0 5 2 
7218724 182488 18225248 698564 
4 1 3 0 5 2 
7337748 213694 10666800 937114 
0 1 3 5 2 4 
7352772 264038 14259650 894698 
1 2 4 0 5 3 
7453236 130644 18262366 667332 
4 3 1 0 5 2 
7526170 208216 10663950 921046 
0 1 3 2 5 4 
8205522 259280 14228262 907148 
