116 3
1 4 6 5 3 0 2 
3321760 3035610 444754 
1 4 6 2 3 0 5 
3331370 2696314 316966 
1 4 3 2 6 0 5 
3404912 3803980 316872 
3 4 6 2 1 0 5 
3416936 2488482 326182 
1 4 6 0 3 2 5 
3454518 2639334 306014 
5 4 6 1 3 0 2 
3458680 2865528 286732 
3 4 1 5 6 0 2 
3476568 2216106 452564 
3 4 1 2 6 0 5 
3486178 2229594 325912 
6 4 1 2 3 0 5 
3502578 2356908 319284 
3 5 6 2 1 0 4 
3511196 2512570 318460 
3 4 6 0 1 2 5 
3539428 2446686 314622 
6 5 1 2 3 0 4 
3578070 2626544 312168 
5 2 6 0 3 1 4 
3595780 3485944 285746 
3 4 1 0 6 2 5 
3605882 2252330 314216 
2 1 4 3 5 0 6 
3611904 2170744 495972 
6 4 1 2 0 3 5 
3623788 2137596 554974 
5 1 4 0 2 3 6 
3625558 2062488 478288 
6 4 1 0 3 2 5 
3625726 2299928 310780 
0 4 1 5 3 6 2 
3636568 2374410 289466 
5 2 6 1 3 0 4 
3639248 3280668 284922 
2 1 4 0 5 3 6 
3640390 2174388 475496 
5 4 1 6 3 0 2 
3695254 2161028 442932 
0 4 1 3 6 5 2 
3710792 2144092 443604 
0 2 1 5 3 6 4 
3714406 2753454 282140 
0 4 1 3 6 2 5 
3716040 2035100 550098 
2 4 1 3 6 0 5 
3725968 2035524 493354 
2 4 6 0 3 1 5 
3735364 2640166 287132 
0 4 1 6 3 5 2 
3740508 2161670 281202 
0 4 1 6 3 2 5 
3744444 2052934 422624 
0 1 4 5 2 3 6 
3799398 2013606 441428 
2 4 0 6 1 3 5 
3828734 3022732 205580 
0 1 4 2 5 3 6 
3832518 2007384 541412 
5 4 1 6 0 3 2 
3833514 2362430 205544 
1 4 5 0 6 3 2 
3842764 1925676 490652 
3 4 1 6 0 5 2 
3858570 2361906 275778 
2 4 1 6 0 3 5 
3872138 2257022 205258 
2 5 0 6 1 3 4 
3872804 3431844 202352 
1 4 0 6 2 3 5 
3888442 3217486 198184 
6 4 5 0 1 3 2 
3914074 1779462 497264 
2 5 1 6 0 3 4 
3916208 2539810 201964 
0 4 1 6 5 3 2 
3919254 2201656 212100 
1 5 0 6 2 3 4 
3941896 3624406 194716 
1 4 5 3 6 0 2 
3941908 1709168 477676 
1 4 2 6 0 3 5 
3949320 1929034 198312 
0 4 5 1 6 3 2 
3982486 1702854 255024 
1 5 2 6 0 3 4 
4002774 2163694 194754 
1 4 0 3 2 6 5 
4006544 3327670 192380 
6 4 2 1 0 3 5 
4022146 1792358 246078 
3 4 5 1 6 0 2 
4023294 1702660 288764 
0 4 2 6 1 3 5 
4030440 1692978 209260 
1 4 2 3 0 6 5 
4070866 1959502 192676 
1 5 0 3 2 6 4 
4099534 3734590 190608 
0 5 2 6 1 3 4 
4109700 1921610 205042 
0 4 2 3 1 6 5 
4151166 1742426 202864 
3 4 5 6 1 0 2 
4152262 1692564 443986 
3 4 0 1 2 6 5 
4157026 3145926 185804 
1 5 2 3 0 6 4 
4163856 2194162 190814 
1 6 0 5 2 4 3 
4225940 4056130 178182 
1 6 0 4 2 5 3 
4227050 3987656 176482 
3 4 0 6 2 1 5 
4229572 3218138 185480 
5 6 1 4 0 2 3 
4242402 1872564 183410 
3 4 2 1 0 6 5 
4244380 1792998 186036 
3 5 0 6 2 1 4 
4248498 3625058 180114 
3 1 0 4 2 5 6 
4281726 2953330 174878 
3 6 0 5 2 4 1 
4326442 3465342 173518 
3 5 2 6 0 1 4 
4333064 2164402 180120 
0 6 1 4 5 2 3 
4348600 1740782 188358 
2 6 1 5 0 4 3 
4357612 1998090 180662 
2 6 1 4 0 5 3 
4361182 1872676 179658 
3 1 2 4 0 5 6 
4375312 3256958 174562 
1 3 0 4 2 5 6 
4380406 4099804 167606 
5 6 1 2 0 4 3 
4384700 1880256 179390 
3 6 2 5 0 4 1 
4417568 3630682 172980 
0 6 1 4 2 5 3 
4438376 1760606 183166 
1 3 2 4 0 5 6 
4450960 4502920 167322 
5 3 1 4 0 2 6 
4454542 2033364 174772 
0 6 1 2 5 4 3 
4488274 1809210 181906 
0 4 5 6 3 1 2 
4493146 1728132 193838 
2 3 0 4 1 5 6 
4512114 4084442 169722 
2 3 1 4 0 5 6 
4552074 2033476 169852 
0 3 1 4 2 5 6 
4580002 1932914 174620 
0 4 2 6 3 1 5 
4603816 1726994 194300 
2 6 0 5 3 4 1 
4703982 3596252 168242 
5 6 3 4 0 2 1 
4802874 1922558 171134 
0 6 3 4 5 2 1 
4832344 1791328 175362 
0 6 5 2 3 4 1 
4935412 2761042 169020 
5 6 3 2 0 4 1 
4946102 1930256 167774 
5 6 0 2 3 4 1 
4955632 3687776 167274 
0 6 3 2 5 4 1 
4972948 1859762 169570 
4 1 6 2 5 0 3 
4998706 1664148 315100 
6 2 4 0 1 3 5 
5012542 1555326 490508 
0 5 4 6 1 3 2 
5036182 1464700 212842 
0 2 4 6 1 3 5 
5104240 1469084 209752 
1 5 4 6 0 3 2 
5108288 1705496 204234 
0 6 3 4 2 5 1 
5121512 1810640 173466 
0 1 6 4 5 2 3 
5126316 1596818 188948 
3 5 4 6 1 0 2 
5151170 1463996 444734 
0 5 4 3 1 6 2 
5196444 1514148 208142 
0 2 4 3 1 6 5 
5224966 1518532 203356 
0 5 4 1 6 3 2 
5251970 1461728 255604 
0 1 6 2 5 4 3 
5252094 1665252 182520 
6 3 2 5 0 4 1 
5355318 4372742 166980 
6 3 0 5 2 4 1 
5385110 3685090 167350 
0 3 6 4 5 2 1 
5423100 1638418 175676 
3 5 4 1 0 6 2 
5455328 1569424 194734 
0 1 6 4 2 5 3 
5507740 1602722 183756 
3 2 4 1 0 6 5 
5538768 1552436 186552 
0 2 4 1 3 6 5 
5549798 1546514 188132 
0 3 6 2 5 4 1 
5563704 1706852 169884 
0 5 4 6 3 1 2 
5568142 1491688 194586 
0 5 4 1 3 6 2 
5595388 1533362 193014 
5 3 6 2 0 4 1 
5790318 1760120 168088 
0 3 6 4 2 5 1 
5809484 1653090 173780 
6 0 3 5 2 4 1 
6569426 3518970 167762 
6 0 2 5 3 4 1 
6871612 2993800 166884 
6 2 0 5 3 4 1 
7295752 2855272 167698 
