14 4
2 5 3 1 4 0 
16953636 12267932 8102020 16548470 
0 5 1 4 3 2 
18593106 11029186 10660000 15923080 
1 2 0 3 4 5 
18872104 17506500 8073374 17390962 
1 0 2 4 3 5 
18983996 15205872 9680642 16035272 
0 5 4 1 3 2 
19606514 10596328 10073646 16995716 
2 5 4 1 3 0 
19716340 11139842 10030658 17151726 
1 2 3 0 4 5 
20608328 16522098 6776256 19423782 
4 2 0 3 1 5 
20927546 20525418 7933188 18333686 
4 3 5 1 2 0 
20999020 21082612 7898308 14807416 
1 0 3 2 4 5 
21152728 16537990 7206598 19282154 
4 5 3 1 2 0 
21726588 20922908 7588402 16912642 
4 5 3 1 0 2 
22632626 23246426 7499550 16938944 
4 2 3 0 1 5 
22663130 19539256 6635590 20366026 
4 2 3 0 5 1 
25530584 29178850 6717934 18204076 
