234 4
3 4 5 6 1 0 2 
2233464 15827354 140122 7179194 
3 4 5 1 6 0 2 
2233474 14925298 113536 8262022 
3 4 2 1 6 0 5 
2233490 14530402 101632 8036758 
3 4 2 6 1 0 5 
2233528 14317610 92506 6637130 
0 4 5 6 1 3 2 
2234568 17401994 144892 5699816 
3 2 5 6 1 0 4 
2238528 15084212 91216 8428412 
3 2 5 1 6 0 4 
2238538 14316016 69124 9726688 
0 5 2 1 6 3 4 
2239994 15713850 68522 7229850 
3 4 0 1 6 5 2 
2240080 13009520 112670 8751976 
3 4 0 6 1 5 2 
2240152 13917726 140568 7129342 
3 4 0 6 1 2 5 
2240152 14174542 92808 6523214 
0 2 5 1 6 3 4 
2241130 17987002 67946 9095960 
3 2 0 1 6 5 4 
2241496 13803630 68258 10216642 
3 2 0 6 1 5 4 
2241568 14577976 91662 8378560 
5 4 0 6 1 3 2 
2242648 17450260 141236 5293644 
2 4 0 6 1 3 5 
2242648 17725524 96308 5344318 
5 2 0 1 6 3 4 
2244712 18359800 67990 8791782 
5 2 0 6 1 3 4 
2244784 19137470 92090 6953772 
0 4 3 6 1 2 5 
2246386 11993326 97228 6284820 
0 4 3 6 1 5 2 
2246386 15379160 144988 5503298 
2 4 3 6 1 0 5 
2247778 13954268 95958 5079622 
0 5 3 6 1 2 4 
2249734 13339200 96258 6960310 
0 5 3 1 6 2 4 
2249756 12593434 69434 6456258 
3 5 0 1 6 2 4 
2250052 14331686 68578 7971474 
2 5 3 6 1 0 4 
2251846 16327102 94748 6166022 
2 5 3 1 6 0 4 
2251868 15590754 69896 5662174 
0 4 2 6 3 1 5 
2251988 11689058 97276 10443868 
2 5 0 1 6 3 4 
2252116 17249872 68742 6545672 
0 4 1 6 3 2 5 
2253478 11732054 98264 9514912 
0 2 3 1 6 5 4 
2256380 14649388 68234 8820446 
0 5 2 1 3 6 4 
2365072 13439672 68522 10258576 
0 4 6 1 3 2 5 
2365232 11627008 102370 9367864 
0 4 6 3 1 2 5 
2365236 13206488 153406 6110906 
6 2 5 1 3 0 4 
2365392 14428058 67614 11493522 
0 5 6 1 3 2 4 
2366372 12313190 69942 9109586 
2 4 6 3 1 0 5 
2366628 15175914 154110 4905330 
6 5 2 1 3 0 4 
2366896 16029442 67182 10095442 
6 2 0 1 3 5 4 
2368350 12691872 67386 11532004 
5 2 0 1 3 6 4 
2370174 15278528 67990 10901270 
0 6 3 4 2 5 1 
2375384 13580064 69240 9822100 
6 5 0 1 3 2 4 
2376906 13681944 67402 9878420 
0 6 3 4 5 2 1 
2376920 13948126 69240 7135128 
2 5 0 1 3 6 4 
2377194 14086344 68742 9246840 
2 6 3 4 5 0 1 
2377208 14355194 67386 7437260 
5 6 3 4 2 0 1 
2377208 16162130 66192 9904276 
2 1 3 4 5 0 6 
2378516 12238484 91050 8317046 
2 1 3 5 4 0 6 
2378534 12327562 93604 6618602 
2 1 0 5 4 3 6 
2380816 15359512 94120 6426036 
3 1 0 2 4 5 6 
2381378 16873276 146564 4969868 
3 1 0 5 4 2 6 
2381824 16786668 96682 5029020 
3 1 5 2 4 0 6 
2382036 16150040 147072 4596616 
3 1 2 4 5 0 6 
2384208 15226294 95082 6413374 
3 1 2 5 4 0 6 
2384244 15311736 96880 4596328 
5 6 0 4 2 3 1 
2390158 12747016 67150 9171454 
2 6 0 4 5 3 1 
2390158 13261080 67134 7560678 
3 4 0 5 6 1 2 
2445406 10583946 88336 8663128 
3 2 0 5 6 1 4 
2447398 12550048 61900 10128034 
3 2 1 5 6 0 4 
2448700 13932966 62868 9443572 
1 2 0 5 6 3 4 
2449702 15797652 58168 8894536 
0 2 1 5 6 3 4 
2451292 17600316 60844 8813006 
0 4 3 5 6 1 2 
2451752 12403906 88052 6439498 
3 4 2 1 0 6 5 
2457636 11477592 101632 7991024 
3 4 5 0 1 6 2 
2457686 11620964 108656 7047448 
6 4 5 0 1 3 2 
2459078 13588898 107726 6252512 
1 2 3 6 5 0 4 
2461900 14481082 90862 6160988 
1 2 3 5 6 0 4 
2462012 13353574 59412 8150686 
3 5 2 1 0 6 4 
2462652 11042702 68820 10113306 
3 2 5 1 0 6 4 
2464172 12881550 69124 8301620 
6 4 3 0 1 5 2 
2470950 12709514 108092 6120848 
6 2 3 1 0 5 4 
2480814 12648500 67308 7651446 
5 2 3 1 0 6 4 
2482638 15243556 69144 7022392 
0 4 6 5 1 3 2 
2494624 16245870 87968 5349650 
3 4 0 1 5 6 2 
2494892 11832724 112670 6979484 
3 4 0 5 1 6 2 
2494964 10952342 88336 7006964 
6 4 0 5 1 3 2 
2496356 12908560 84680 6212550 
3 2 0 1 5 6 4 
2497028 13422524 68258 7367210 
3 2 0 5 1 6 4 
2497100 13077582 61900 8256482 
6 2 0 1 5 3 4 
2498420 15392038 67386 6573084 
6 2 0 5 1 3 4 
2498492 15033800 58244 7462068 
0 4 3 5 1 6 2 
2501310 14762752 88052 5516440 
6 4 3 5 1 0 2 
2501598 15166954 84890 6200396 
3 2 6 1 5 0 4 
2502682 14447214 68864 6990776 
3 2 6 5 1 0 4 
2502724 14100022 62026 8077538 
0 2 6 1 5 3 4 
2505274 18126600 68918 6361728 
0 2 6 5 1 3 4 
2505316 17774422 61036 7448382 
3 4 1 0 2 6 5 
2508336 13256494 155900 5986184 
6 2 3 1 5 0 4 
2510712 14930010 67308 6679424 
6 2 3 5 1 0 4 
2510802 14573122 58454 7449914 
3 4 6 2 0 1 5 
2512044 10489256 91038 8434018 
3 4 6 0 2 1 5 
2512056 12581862 155842 6274024 
3 5 6 2 0 1 4 
2513376 11936134 64218 10556380 
3 5 1 2 0 6 4 
2514478 10771364 64820 10044718 
6 5 1 2 0 3 4 
2516254 13275536 61678 9250154 
6 4 3 0 2 1 5 
2520076 13045968 154706 5623948 
6 4 3 2 0 1 5 
2520106 10944878 88138 7507204 
1 4 3 2 0 6 5 
2520874 12034946 86888 7644804 
1 5 3 2 0 6 4 
2523406 11890096 60276 9411044 
3 4 6 2 1 0 5 
2571648 13920398 91038 6178756 
3 4 0 1 2 6 5 
2572956 12204836 101390 5905782 
3 4 0 2 1 6 5 
2572966 11700966 90282 6341572 
0 5 6 2 1 3 4 
2573460 15852842 58938 6882206 
6 4 0 1 2 3 5 
2574348 14170910 100342 4892408 
6 4 0 2 1 3 5 
2574358 13658176 87378 5328006 
0 5 3 2 1 6 4 
2581954 13861308 58942 7046948 
3 5 0 1 2 6 4 
2582112 11249956 68578 6951124 
3 5 0 2 1 6 4 
2582122 10924566 63462 7674178 
6 5 3 2 1 0 4 
2583778 16464170 61190 6881690 
6 5 0 1 2 3 4 
2583888 13763742 67402 6156902 
6 5 0 2 1 3 4 
2583898 13429488 60430 6879764 
0 4 5 6 3 2 1 
2648250 10686734 67016 9138820 
0 4 5 3 6 2 1 
2648324 11342620 86974 6569146 
5 4 0 6 3 2 1 
2656330 10183520 63360 9323504 
5 4 0 3 6 2 1 
2656346 10851122 85754 7135992 
2 1 0 6 3 5 4 
2656894 12265320 96392 5943976 
2 1 0 3 6 5 4 
2656910 13642410 141826 4905424 
5 1 0 6 3 2 4 
2657278 12801464 93784 5944822 
2 1 5 6 3 0 4 
2657502 11925924 96210 5841348 
2 1 5 3 6 0 4 
2657576 13307364 142572 4420982 
3 4 0 6 2 1 5 
2757662 11616262 92808 5938496 
1 4 0 6 2 3 5 
2759822 14681974 92956 5061672 
0 5 1 2 6 3 4 
2760204 15416656 58506 6517582 
1 4 3 6 2 0 5 
2764952 13611518 91198 5793328 
0 5 3 2 6 1 4 
2767596 12606492 58942 6462290 
1 5 3 2 6 0 4 
2769180 14861678 60276 5859358 
1 5 0 2 6 3 4 
2769300 13810396 58482 6589128 
0 1 3 5 2 6 4 
2779738 12554220 62206 8542776 
0 1 3 2 5 6 4 
2779786 12551552 58828 7651768 
6 1 3 5 2 0 4 
2780842 14101670 57716 8376942 
3 1 0 2 5 6 4 
2782438 9656498 63204 8158092 
3 1 0 5 2 6 4 
2782500 9636946 61962 8324310 
3 4 6 5 2 0 1 
2782844 13801466 105050 5147566 
3 4 6 2 5 0 1 
2782908 14187428 120292 4726418 
6 1 0 2 5 3 4 
2783062 10528604 61084 7363966 
6 1 0 5 2 3 4 
2783124 10504620 58914 7530088 
3 4 0 2 5 6 1 
2784226 11603346 119206 5090564 
3 4 0 5 2 6 1 
2784288 11226834 105980 4682254 
6 4 0 5 2 3 1 
2785680 13189932 102676 4326336 
6 4 3 5 2 0 1 
2790922 13892486 101478 5173190 
6 2 0 5 3 1 4 
2808444 12441394 58244 11495044 
1 2 0 5 3 6 4 
2809356 13732780 58168 11055960 
6 2 3 5 0 1 4 
2833104 12399372 58454 7616898 
3 4 2 6 5 0 1 
2835108 13676400 61840 4646552 
2 1 3 5 6 0 4 
2839390 12265360 58378 4165824 
2 1 0 5 6 3 4 
2841672 13352510 57134 5047018 
3 4 0 6 5 2 1 
2841732 12196282 60932 5270846 
0 1 2 5 6 3 4 
2844620 12093468 60654 5717116 
0 4 3 6 5 2 1 
2847966 9800146 65352 5399904 
2 4 3 6 5 0 1 
2849358 11784738 65292 5702036 
3 4 5 0 2 6 1 
2903138 11532160 102332 4507442 
5 1 6 2 0 3 4 
2903618 12593616 58376 6645524 
6 4 5 0 2 3 1 
2904530 13506974 101754 4151002 
5 1 3 2 0 6 4 
2906640 10899930 58490 6680922 
3 4 6 0 2 5 1 
2908382 11808204 101496 5137654 
3 1 5 2 0 6 4 
2910094 8940804 63910 7939670 
6 1 5 2 0 3 4 
2910718 9808560 61152 7144674 
6 4 3 0 2 5 1 
2916402 10682790 100360 5093098 
1 5 0 2 3 6 4 
3050506 11324468 58482 9324920 
5 1 0 2 6 3 4 
3153866 12475182 56696 4987720 
3 4 0 6 2 5 1 
3153988 11183194 60932 4802456 
0 1 5 2 6 3 4 
3154668 12182960 57740 5287802 
2 1 6 5 3 0 4 
3196774 11719886 58184 5089274 
0 4 6 3 5 2 1 
3201008 10468364 85578 4903046 
2 1 0 5 3 6 4 
3202094 11452150 57134 6025082 
3 4 2 0 5 6 1 
3205574 11717328 101318 4499554 
6 4 2 0 5 3 1 
3206966 13693342 100916 4143354 
2 1 3 0 6 5 4 
3210356 13225876 102296 4140172 
5 1 3 0 6 2 4 
3210740 13788672 105786 4140124 
3 1 2 5 0 6 4 
3214800 8829092 61654 7523632 
6 1 2 5 0 3 4 
3215424 9693616 58144 6728780 
5 4 3 6 0 2 1 
3218770 9686800 61602 7656938 
5 1 0 2 3 6 4 
3436224 10236022 56696 5948472 
6 4 0 3 2 5 1 
3436986 10725998 80022 4368514 
1 2 0 4 6 3 5 
3459866 16279706 55770 9488720 
1 5 0 4 6 3 2 
3467270 13555746 55642 7410400 
2 6 3 4 1 0 5 
3635500 14777020 56108 4803942 
3 5 2 1 4 0 6 
3639058 16567122 62102 4098158 
2 6 0 4 1 3 5 
3648450 13464116 55658 5048158 
5 4 0 3 1 2 6 
3670340 10952274 68858 5366192 
2 6 0 1 3 5 4 
3680512 11162548 70582 5144652 
1 5 0 4 3 6 2 
3748476 11069818 55642 10146192 
5 4 3 1 0 2 6 
3774160 9158420 62182 7522752 
2 6 3 5 1 0 4 
3793528 14570088 57890 4313156 
0 4 3 1 5 2 6 
3803434 9249708 62078 6388872 
2 6 0 5 1 3 4 
3806526 12677344 57680 4563516 
2 6 1 4 0 3 5 
3846798 13332878 56626 9279246 
2 6 3 4 0 1 5 
3847344 11939494 56108 9778326 
3 5 2 0 4 1 6 
3852138 15387432 155016 3980866 
1 5 2 0 4 3 6 
3853674 17557734 151358 3925754 
1 6 2 4 0 3 5 
3861412 10396372 56366 9496642 
5 6 3 2 1 0 4 
3871640 16439226 57618 4386016 
3 4 0 1 2 5 6 
3875170 11784040 61606 4491874 
5 6 0 2 1 3 4 
3884528 12217232 56858 4504266 
2 6 1 4 3 0 5 
4073968 14045588 56626 4935678 
2 1 3 4 6 0 5 
4076266 12098534 56596 4656568 
1 5 2 3 4 0 6 
4078264 15353182 65066 3959686 
2 1 0 4 6 3 5 
4078500 13765524 55112 5531618 
2 6 0 4 3 1 5 
4087464 11339300 55658 5678974 
0 5 3 6 4 2 1 
4088208 11074722 65484 5278784 
0 6 2 5 3 1 4 
4116942 9389524 61472 6155200 
2 6 0 5 3 1 4 
4118686 10557910 57680 5194332 
6 5 2 0 4 3 1 
4137004 14953588 100734 3901500 
3 1 2 4 0 6 5 
4139402 8894070 60628 7765526 
6 1 2 4 0 3 5 
4140026 9759586 57870 6751522 
3 1 0 4 5 6 2 
4306770 9186658 60082 9061522 
1 4 5 3 2 0 6 
4337012 12104120 64518 4195216 
0 6 5 2 3 1 4 
4342302 9785064 58558 5833406 
1 4 0 3 2 5 6 
4343642 11304292 64322 4378444 
5 6 0 2 3 1 4 
4352816 10775398 56858 5169706 
2 1 6 4 3 0 5 
4355602 11363092 56482 5582066 
2 1 0 4 3 6 5 
4360858 11868476 55112 6509682 
4 1 3 0 6 2 5 
4457392 14777472 151766 4101736 
5 1 3 4 6 0 2 
4529594 14004472 56468 4723220 
5 1 0 4 6 3 2 
4531828 12013412 54984 5480240 
4 1 3 5 6 0 2 
4539370 13827918 83170 4161298 
5 1 3 4 0 6 2 
4587038 11174286 56468 7165506 
3 1 5 4 0 6 2 
4590522 8850900 60628 8839004 
6 1 5 4 0 3 2 
4591146 9718656 57870 8044008 
6 2 5 3 4 0 1 
4813386 15033432 80702 4031502 
5 1 0 4 3 6 2 
4814186 9774252 54984 6440992 
4 1 3 0 6 5 2 
4910336 13367442 104624 4100670 
0 4 6 1 5 2 3 
5438718 9742196 81422 6107780 
5 6 3 4 1 0 2 
5448812 16673022 55596 4870594 
3 2 5 1 4 0 6 
5450866 13819370 62406 4095694 
5 6 0 4 1 3 2 
5461762 11702068 55146 4996780 
6 4 0 1 2 5 3 
5518484 11026382 79394 4411948 
3 2 5 0 4 1 6 
5665896 14620880 155710 3988308 
1 4 0 6 2 5 3 
5703958 11003830 63020 4732460 
1 2 5 3 4 0 6 
5890040 12883574 64954 3953446 
0 6 5 4 3 1 2 
5890230 9659686 58190 5883520 
5 6 0 4 3 1 2 
5900776 10261476 55146 5662220 
2 0 1 4 6 3 5 
5951026 17950196 54796 8969496 
4 6 0 5 3 1 2 
5988664 10185708 82424 5129772 
2 0 1 4 3 6 5 
6233624 16316308 54796 9655750 
5 3 0 4 6 1 2 
7263940 11675104 55452 5554650 
