25 3
3 0 2 1 4 
7407318 126964 26516752 
1 0 4 3 2 
7795774 126792 21656832 
3 0 4 1 2 
7795780 126684 21532374 
4 0 1 2 3 
9348508 668258 14045890 
2 0 1 4 3 
9348706 668286 13598704 
4 0 3 2 1 
9454474 668234 12815080 
2 0 3 4 1 
9454660 668310 12485746 
3 2 1 0 4 
11087278 504358 21092474 
0 2 1 3 4 
11087502 504532 20745788 
0 1 2 3 4 
11087790 504124 21353762 
4 1 0 2 3 
11214140 667896 13997616 
2 1 0 4 3 
11214286 668210 13947762 
3 2 4 1 0 
11228896 127314 13487438 
4 3 0 2 1 
11693186 667938 12832746 
2 3 0 4 1 
11693344 668168 12717360 
3 4 0 1 2 
11837546 126852 21302980 
1 4 0 3 2 
11837576 126762 21152362 
4 1 3 2 0 
11849820 667632 6318126 
2 1 3 4 0 
11849980 667890 6130778 
2 3 1 4 0 
12223084 667824 6013334 
3 4 2 1 0 
12597016 127188 13729442 
1 4 2 3 0 
12597040 127122 13637750 
1 0 3 4 2 
16714030 667302 11969794 
1 3 0 4 2 
18766180 667118 12179910 
4 3 0 1 2 
18766310 667362 11700222 
