17 3
1 0 2 5 3 4 
11153498 2749610 7034666 
1 0 5 2 3 4 
11157226 1966196 5456874 
1 2 5 0 3 4 
12274248 1876424 5572026 
0 3 5 1 2 4 
12712596 1651418 5221392 
2 3 5 1 0 4 
12736722 1647438 4571256 
0 1 5 3 2 4 
14349972 1548622 4807230 
2 1 5 3 0 4 
14366202 1546898 4194174 
2 5 3 4 0 1 
15426358 1209412 4684456 
0 5 3 4 2 1 
15499424 1221400 4102670 
2 4 3 5 0 1 
16234904 1157080 4398020 
0 4 3 5 2 1 
16278360 1177528 3955284 
5 4 3 2 0 1 
19053068 1154570 4197838 
0 4 3 2 5 1 
19102706 1160534 3830662 
3 2 0 4 5 1 
19733970 1280836 3748202 
3 4 0 2 5 1 
20816394 1213370 3602470 
3 4 0 5 2 1 
22464428 1200884 3448462 
1 4 0 5 2 3 
27409672 1435104 3435264 
