65 3
4 2 0 3 5 1 
3193640 17225214 10498916 
4 0 2 3 5 1 
3193826 16698798 9612148 
4 0 2 5 3 1 
3204272 15440396 11226700 
1 0 2 3 5 4 
3282700 16697996 9875166 
1 2 0 3 5 4 
3282856 16342090 10338196 
4 0 2 1 3 5 
3341666 15298422 13142900 
1 0 2 5 3 4 
3368536 14375818 11479134 
1 2 0 5 3 4 
3368692 14784936 11447124 
3 0 2 1 5 4 
3423640 14252774 13580178 
3 2 0 1 5 4 
3423808 13856712 13947206 
5 0 2 1 3 4 
3548176 12478606 13234470 
3 0 2 4 5 1 
3739546 14329266 12474678 
3 2 0 4 5 1 
3739600 14052562 11441406 
1 2 0 4 3 5 
4119196 14794838 11373424 
5 2 0 4 3 1 
4161316 13364666 11368674 
5 0 2 4 3 1 
4161358 12555098 12128970 
1 5 3 2 0 4 
5914424 15750880 8546832 
1 5 3 0 2 4 
5957444 14633474 9037176 
4 5 3 0 2 1 
6011108 14577718 8887816 
4 5 3 2 0 1 
6036298 14732660 8387896 
1 5 3 4 2 0 
7102534 14479320 10879676 
2 5 3 4 0 1 
7271264 11781070 11320442 
2 3 5 4 0 1 
7271594 12442702 9351966 
4 3 5 1 2 0 
7341930 18253212 8129000 
4 5 3 1 2 0 
7342326 14686834 7340116 
0 5 3 4 2 1 
7456372 11014110 11145914 
5 1 3 2 0 4 
7498520 14092142 8535232 
5 1 3 0 2 4 
7541456 13331120 9028082 
0 5 3 1 2 4 
7642500 11277380 7755714 
0 3 5 1 2 4 
7642860 12893362 7607914 
2 3 5 1 0 4 
7726812 12574050 7509466 
2 1 5 3 0 4 
8057334 14648670 7412720 
2 1 5 3 4 0 
8441046 17378018 7251342 
0 1 5 3 4 2 
8484036 17050124 7332458 
4 1 3 5 2 0 
8505516 16598148 6939222 
2 1 3 5 0 4 
8769528 13075956 7256426 
0 1 3 5 2 4 
8805960 12588394 7168040 
0 2 3 1 5 4 
9728706 9681674 6338156 
0 2 3 5 1 4 
9900054 12484704 5617776 
0 2 3 4 5 1 
10087538 9403924 9728356 
1 3 2 0 4 5 
10411348 18471810 5220982 
1 3 2 0 5 4 
10469042 13791416 5044096 
5 3 2 4 0 1 
10589408 8594540 10494040 
2 0 3 1 5 4 
10808830 9684208 6338146 
2 0 3 5 1 4 
10980262 12130854 5615260 
5 3 2 1 0 4 
11066146 8489088 11599540 
2 0 3 4 5 1 
11157554 9399580 9728346 
1 3 0 2 5 4 
11542818 13711504 4925880 
5 3 0 4 2 1 
11844490 8632804 9559206 
5 3 0 1 2 4 
12062486 8414872 12065006 
5 4 0 2 3 1 
13258066 12646946 5146250 
0 2 5 1 3 4 
13356154 8612502 5838186 
2 0 5 1 3 4 
13362598 8210636 5835328 
0 2 5 3 1 4 
13441414 12033650 5315876 
2 0 5 3 1 4 
13447846 11682696 5313376 
4 5 2 0 3 1 
13569688 14762978 4923252 
1 5 0 2 3 4 
13597446 12027164 4497346 
1 5 2 0 3 4 
13735014 11337220 4441018 
2 0 5 4 3 1 
13997300 8050328 7677828 
3 5 2 4 0 1 
14080788 7675952 10487578 
3 5 0 4 2 1 
14262190 7309816 9549896 
3 5 0 1 2 4 
14491358 7099486 12055696 
5 1 2 0 3 4 
17197966 10742566 4436908 
3 1 0 5 2 4 
18473732 7559622 9451938 
3 1 0 4 2 5 
18591888 7591968 9378238 
