57 4
1 0 2 5 4 3 
4868596 7661262 33584 5157336 
4 0 2 5 1 3 
4877136 7201568 46718 4941626 
5 0 2 1 4 3 
4899288 9279928 33256 6568958 
1 2 0 5 4 3 
5284888 7605532 32592 5154834 
1 0 2 3 4 5 
6239284 6767852 29820 4990996 
1 2 0 3 4 5 
6239448 6956602 29724 5001774 
4 2 0 3 1 5 
6254558 6734500 38906 4889164 
4 0 2 3 1 5 
6254964 6394510 37368 4873902 
0 5 3 4 1 2 
6801506 13305598 22370 12347378 
4 5 3 0 1 2 
6803494 4799272 40266 2710276 
1 5 3 0 4 2 
6814384 4538734 47644 2646006 
0 5 3 1 4 2 
6834844 13196650 21076 13921698 
4 5 3 2 1 0 
7226898 4583546 36168 2727928 
2 5 3 4 1 0 
7229244 12247632 22144 11007670 
1 5 3 2 4 0 
7231328 4244880 48600 2574434 
0 1 3 4 5 2 
7786384 13461120 21646 12215332 
0 1 3 5 4 2 
7787220 10737828 19476 10924148 
5 1 3 0 4 2 
7797732 4538578 40676 2635918 
4 1 3 0 5 2 
7797822 5074164 39662 2579220 
0 3 5 4 1 2 
8154288 12428908 19304 12305840 
2 3 5 4 1 0 
8166154 11307278 19014 10965604 
2 3 5 1 4 0 
8180792 13482560 18776 14652170 
0 3 5 1 4 2 
8187584 12961678 18724 13911450 
2 1 3 5 4 0 
8203272 10632706 19396 10862678 
2 1 3 4 5 0 
8214220 12318622 21350 10839574 
5 1 3 2 4 0 
8221564 4244682 39756 2561630 
4 1 3 2 5 0 
8225734 4829612 35550 2561284 
2 1 5 3 4 0 
8875872 9002470 17164 8795654 
3 1 5 0 4 2 
8878368 5112328 33876 2651828 
0 1 5 3 4 2 
8883660 8383064 17084 7940260 
4 1 5 0 3 2 
8884128 5517176 41626 2476916 
4 1 5 2 3 0 
8890760 5550048 38426 2512932 
2 0 5 1 4 3 
9846420 6621008 29572 6456200 
2 4 5 3 1 0 
10962746 9023062 15162 8963270 
1 5 4 2 3 0 
10969868 5305594 52710 2549426 
0 4 5 3 1 2 
10970800 8174212 14892 8010026 
3 4 5 0 1 2 
11015908 5540116 32324 2726874 
1 5 2 0 4 3 
11132732 7822210 25468 8813270 
1 4 0 5 2 3 
11390794 7509284 26950 4975152 
5 4 0 2 1 3 
11448606 7107176 23916 7663276 
1 4 0 2 5 3 
11457626 7439750 24918 7604482 
1 5 0 2 4 3 
11549816 7097658 24372 7894366 
1 5 4 0 3 2 
11606124 4905888 49474 2486118 
5 4 3 0 1 2 
11713174 4799206 37318 2706008 
5 4 2 1 0 3 
12011606 9041524 26518 6426456 
5 4 2 0 1 3 
12052786 7831690 23530 8578950 
1 4 0 3 2 5 
12313154 7066254 24182 5076292 
1 0 4 5 2 3 
12690218 7005848 31614 4961344 
2 0 1 5 4 3 
13207068 5534312 33076 5089064 
5 1 2 0 4 3 
13300872 7822138 22252 8808614 
1 4 2 3 0 5 
13334004 6821774 23286 5063012 
5 1 0 2 4 3 
14317240 7097586 21156 7889710 
5 4 2 3 0 1 
14673650 7662476 23208 6602912 
5 1 4 2 3 0 
15006856 5305396 43866 2536622 
3 1 4 0 5 2 
15630554 5036470 33742 2594244 
5 1 4 0 3 2 
15636224 4905732 42506 2476030 
0 4 1 3 5 2 
16378330 8433864 16184 7897762 
