27 2
2 0 4 1 5 3 
5174706 14644104 
0 4 2 1 5 3 
5194638 14058220 
0 4 2 3 5 1 
5296872 13022718 
4 2 0 3 5 1 
5806580 12844660 
5 4 0 1 2 3 
5868874 10933896 
0 4 5 1 2 3 
5938888 10261648 
0 4 5 3 2 1 
6147564 9907582 
2 0 5 1 4 3 
6402146 7440352 
0 2 5 1 4 3 
6435282 7007584 
5 4 2 1 0 3 
6569650 6845280 
5 4 2 3 0 1 
6751276 6157690 
4 5 2 1 0 3 
6944422 6082784 
5 2 4 3 0 1 
7067040 5964558 
4 5 2 3 0 1 
7140816 5529146 
4 2 5 3 0 1 
7315862 5348864 
5 4 2 3 1 0 
9201266 2971510 
5 2 4 3 1 0 
9492980 2663224 
4 5 2 3 1 0 
9770950 2342966 
2 5 4 3 1 0 
9970692 2333496 
4 5 2 1 3 0 
10097956 2285942 
2 5 0 1 3 4 
10430938 2250112 
0 5 2 1 3 4 
10887166 2212792 
0 5 2 3 1 4 
11104030 2176486 
4 5 0 3 1 2 
12318378 1970930 
4 5 0 1 3 2 
12464964 1887332 
0 5 4 3 1 2 
12975218 1866456 
0 2 4 3 1 5 
15273150 1864544 
