129 3
6 3 4 0 5 2 1 
103546 10934898 5499384 
6 3 4 2 5 0 1 
103610 10475302 5514656 
6 1 4 0 5 2 3 
105216 13047632 5331610 
6 1 4 2 5 0 3 
105272 12633316 5347304 
6 5 4 0 3 2 1 
114886 11993472 5451492 
6 5 4 2 3 0 1 
114902 11938260 5470796 
6 1 4 0 3 2 5 
117518 13325722 5115740 
6 1 4 2 3 0 5 
117590 12953550 5132090 
2 5 0 6 3 4 1 
119402 9804444 5577738 
5 1 3 0 6 2 4 
119554 13073424 4581974 
5 1 3 2 6 0 4 
119592 12916888 4580710 
5 6 3 2 1 0 4 
119782 11279838 4619690 
5 6 3 0 1 2 4 
119840 10627606 4612890 
5 4 3 2 6 0 1 
120100 12252386 4265126 
5 4 3 0 6 2 1 
120214 11548602 4258372 
5 4 3 0 1 2 6 
121358 11090044 4428286 
6 3 5 0 4 2 1 
121472 10613578 3385642 
6 3 5 2 4 0 1 
121512 10354622 3402834 
6 1 5 0 4 2 3 
123232 12747012 3322328 
6 1 5 2 4 0 3 
123264 12533336 3339942 
0 5 2 6 3 4 1 
124054 9463958 5226710 
3 6 5 0 1 2 4 
124370 10012238 3541824 
3 4 5 2 1 0 6 
125806 10967228 3344630 
3 4 5 0 1 2 6 
125888 10474676 3357220 
5 0 3 6 1 4 2 
140838 9384854 3549592 
3 1 5 0 4 2 6 
147414 12345728 3310046 
3 1 5 2 4 0 6 
147446 11877868 3287880 
3 6 5 2 4 0 1 
147468 10645160 3303264 
3 6 5 0 4 2 1 
147564 10388540 3318678 
0 1 2 3 6 5 4 
152340 9379228 5422176 
0 1 2 5 6 3 4 
152412 9030014 5458132 
0 6 2 5 4 3 1 
156164 8855146 5517844 
2 1 0 3 6 5 4 
157134 9028108 5123862 
2 1 0 5 6 3 4 
157206 8974414 5180474 
0 1 2 5 4 3 6 
158782 8882356 5304782 
2 4 0 6 3 5 1 
159240 8490240 5478000 
3 1 6 0 5 2 4 
160342 12196598 3242696 
3 1 6 2 5 0 4 
160398 11594062 3219336 
5 0 3 6 2 4 1 
161750 9548422 3433664 
5 2 3 6 0 4 1 
161822 10053128 3419620 
6 2 4 3 0 5 1 
161906 8813656 5393420 
6 1 4 5 0 3 2 
162674 8178160 5197340 
0 4 2 6 3 5 1 
162884 8121266 5338988 
2 1 0 3 4 5 6 
165046 8866170 4998748 
2 1 0 5 4 3 6 
165118 8812476 5055360 
3 5 6 0 1 2 4 
165778 10833554 3112610 
3 5 6 2 1 0 4 
165792 10584854 3092778 
6 1 4 5 2 3 0 
167242 8247966 5085934 
0 5 3 6 2 4 1 
170348 9274936 3351918 
4 1 6 5 0 3 2 
171914 8890248 4834214 
6 3 4 5 0 1 2 
176948 8549558 5060214 
4 1 6 5 2 3 0 
178024 8945774 4751044 
6 3 4 5 2 1 0 
181512 8617812 4948612 
2 4 0 6 1 5 3 
186130 8547488 4989390 
4 3 6 5 0 1 2 
186272 9264020 4679420 
0 4 2 6 1 5 3 
189260 8183274 4840966 
6 0 4 2 5 3 1 
190892 8032384 5347246 
2 4 3 6 0 5 1 
198586 7520354 4177276 
0 1 6 5 2 3 4 
202678 9017026 3769774 
0 1 6 3 2 5 4 
202706 8530240 3725818 
5 1 2 6 3 4 0 
202822 10347338 3315616 
3 4 1 6 2 5 0 
204570 6783924 5877866 
6 1 0 3 4 5 2 
205276 8422590 3664708 
6 1 0 5 4 3 2 
205348 7621296 3604320 
5 3 2 6 1 4 0 
206872 9407356 3182620 
6 0 5 2 4 3 1 
208558 6941862 3938822 
3 4 1 6 0 5 2 
208610 6879002 5814442 
5 0 6 3 4 1 2 
211794 8237286 3572260 
5 2 6 3 4 1 0 
211810 7885084 3507732 
3 4 2 6 1 5 0 
215474 7304540 3610158 
5 2 6 1 0 3 4 
219530 10824768 3080038 
5 0 6 1 2 3 4 
219578 11234740 3062944 
6 3 0 5 4 1 2 
219730 8436520 3145300 
5 2 6 3 0 1 4 
220048 8297166 3034064 
5 0 6 3 2 1 4 
220090 8757686 3017474 
5 0 6 2 1 3 4 
221034 7240524 3445564 
6 2 5 0 4 3 1 
224058 6680290 3867284 
5 4 3 6 1 0 2 
233344 6501922 3903336 
3 2 5 0 1 6 4 
234382 6251332 4050014 
5 2 6 0 1 3 4 
235664 7160466 3550994 
3 4 0 5 6 1 2 
239026 9174982 2927210 
3 6 2 5 4 1 0 
240192 7908910 3113216 
3 6 0 5 4 1 2 
250992 7935548 2886542 
3 0 5 2 1 6 4 
251602 6058738 3988012 
5 4 3 6 2 0 1 
254600 6798962 3804264 
3 2 5 0 1 4 6 
255720 6922878 3701542 
5 4 1 6 2 3 0 
257692 5981706 5679314 
3 2 5 0 4 6 1 
257796 6712994 3837648 
3 0 5 2 4 6 1 
274902 6390820 3770364 
3 0 5 2 1 4 6 
278442 6709662 3638712 
6 2 5 0 3 4 1 
280196 6501116 3293122 
1 2 6 3 0 5 4 
287646 7814680 3107652 
6 1 3 5 0 4 2 
288266 7408634 3204622 
0 1 6 2 5 3 4 
288420 9892428 2835238 
0 1 6 3 4 2 5 
288988 7429168 3117416 
6 2 3 0 4 5 1 
290638 6490292 3702336 
5 4 3 6 0 1 2 
291506 5845324 3874880 
5 4 3 6 2 1 0 
291564 5756476 3949074 
6 1 0 5 3 4 2 
292866 7216928 3188148 
5 4 2 6 1 3 0 
292898 6017500 3402674 
5 4 0 6 1 3 2 
292898 6242040 3326428 
6 2 5 0 1 4 3 
293406 6156602 3189786 
6 2 3 0 5 4 1 
300368 6900084 3037452 
3 2 6 0 1 5 4 
302616 6103470 3391958 
3 0 6 2 1 5 4 
303330 5908824 3221200 
0 5 6 2 1 3 4 
303726 8883220 2708680 
0 5 6 3 1 2 4 
304264 7642780 2818258 
6 1 2 5 3 4 0 
305016 7345510 3025636 
5 4 2 6 0 3 1 
314336 5643788 4335568 
2 1 6 3 5 0 4 
316152 7500310 2867332 
6 3 2 5 1 4 0 
316522 7214296 2900704 
2 6 5 0 4 3 1 
325232 7545282 2841230 
6 2 3 0 1 4 5 
325806 6655722 2906140 
3 0 6 2 4 5 1 
326820 5639556 3879262 
2 5 6 0 1 3 4 
327518 8687914 2658084 
2 5 6 3 1 0 4 
328070 7198774 2747830 
2 6 5 0 3 4 1 
336106 8519356 2738240 
3 0 6 2 5 1 4 
344688 6651106 2828552 
2 3 5 0 6 4 1 
346784 8317682 2719724 
4 2 3 0 1 6 5 
355514 6592290 2991080 
3 5 6 1 0 2 4 
359740 8084072 2742358 
2 3 5 0 1 4 6 
362274 7859104 2679146 
2 6 5 0 1 4 3 
363032 8175328 2634850 
0 3 5 2 6 4 1 
364862 7696340 2644832 
0 1 5 2 6 4 3 
367652 9917392 2587112 
3 0 6 2 4 1 5 
374640 6361336 3009004 
0 6 5 2 1 4 3 
388518 8406464 2568250 
0 3 5 2 1 4 6 
388576 7347170 2608670 
0 6 5 4 1 2 3 
388988 7289290 2717820 
