818 4
1 5 8 9 4 3 2 6 7 0 
1218060 28721604 9687230 12260934 
1 2 8 9 4 3 5 6 7 0 
1220942 32744954 10400204 10061554 
1 7 8 9 4 3 2 6 5 0 
1227016 34889648 7845772 8682922 
1 0 8 9 4 3 2 6 5 7 
1232744 34094276 9977252 8735242 
1 7 6 9 4 3 2 8 5 0 
1237098 34977110 7843102 7747844 
1 5 6 9 4 3 2 8 7 0 
1237550 28516026 9673328 11221856 
1 0 8 9 4 5 2 6 3 7 
1240422 33018088 9914922 8469810 
1 2 6 9 4 3 5 8 7 0 
1240438 32533322 10388600 9029442 
1 0 6 9 4 3 2 8 5 7 
1242824 34189680 9974508 7800172 
1 0 8 9 4 3 5 6 7 2 
1256304 34339788 7650978 10013384 
1 0 8 9 4 3 2 6 7 5 
1256672 29462862 8872462 12247692 
1 0 8 9 4 7 2 6 3 5 
1260174 27562338 8805486 11730676 
1 0 6 9 4 5 2 8 3 7 
1262226 32847224 9902314 7456476 
1 7 8 9 4 5 2 6 3 0 
1266372 33794378 7783254 8417490 
1 5 8 9 4 7 2 6 3 0 
1267394 26793472 9619982 11743918 
1 2 8 9 4 7 5 6 3 0 
1270078 30830220 10340282 9544802 
1 0 6 9 4 7 2 8 3 5 
1275770 27389922 8795390 10717630 
1 0 6 9 4 3 5 8 7 2 
1275808 34096388 7639670 8981240 
3 2 8 9 1 5 4 6 7 0 
1281114 27439780 7842130 9893738 
1 0 8 9 4 7 5 6 3 2 
1281850 32439264 7591196 9496632 
1 5 6 9 4 7 2 8 3 0 
1282976 26676650 9609368 10730928 
3 0 8 9 1 7 4 6 5 2 
1284640 27180354 6008664 9581250 
1 2 6 9 4 7 5 8 3 0 
1285666 30707344 10331966 8538778 
1 7 6 9 4 5 2 8 3 0 
1288178 33615572 7770720 7404148 
3 0 6 9 1 7 4 8 5 2 
1293172 27517394 6093206 8684906 
1 0 6 9 4 7 5 8 3 2 
1297446 32284620 7583176 8490576 
3 2 8 9 1 7 4 6 5 0 
1304884 26578894 7836344 9638826 
3 2 6 9 1 5 4 8 7 0 
1305270 27453564 7913224 8893074 
1 2 8 9 5 3 4 6 7 0 
1307932 26064620 8347740 10005436 
3 2 6 9 1 7 4 8 5 0 
1313408 26947702 7920590 8742514 
3 5 8 9 1 2 4 6 7 0 
1323526 25671252 9028276 12022160 
3 5 8 9 1 7 4 6 0 2 
1324926 23205536 5485238 9077446 
1 2 6 9 5 3 4 8 7 0 
1327428 25653866 8268924 8937354 
3 7 6 9 1 5 4 8 2 0 
1329166 32597276 7307830 7896382 
1 7 6 9 5 3 4 8 2 0 
1338172 32457862 7703426 8024538 
3 5 6 9 1 7 4 8 0 2 
1341690 23286166 5559952 8090102 
3 2 8 9 1 0 7 6 5 4 
1346026 39468872 7739818 7619306 
3 0 6 9 1 2 4 8 5 7 
1346908 32745530 8311570 7633044 
3 7 6 9 1 2 4 8 5 0 
1355316 31194374 7250938 7512084 
3 2 6 9 1 0 7 8 5 4 
1355326 39808254 7820290 6711308 
3 2 8 9 1 0 4 6 7 5 
1358578 24056104 5480528 8914332 
3 5 8 9 1 0 4 6 7 2 
1362806 22283854 5434648 8834182 
9 5 8 3 1 7 4 6 0 2 
1372424 21992298 5552822 13074934 
1 2 6 9 7 3 0 8 5 4 
1376704 31909168 7549298 6907384 
3 2 6 9 1 0 4 8 7 5 
1377302 24068530 5553820 7913920 
3 5 6 9 1 0 4 8 7 2 
1381524 22320106 5507718 7833794 
1 0 6 9 5 2 4 8 3 7 
1383836 29858220 8601804 7346076 
9 5 6 3 1 7 4 8 0 2 
1386074 22075236 5632576 12281336 
3 4 6 9 1 0 7 8 5 2 
1388276 36408644 8995404 6606394 
1 4 8 9 7 3 0 6 5 2 
1397266 29225924 7512392 7703814 
1 4 6 9 7 3 0 8 5 2 
1407338 29631650 7615144 6807756 
1 7 6 9 5 2 4 8 3 0 
1409752 29696596 7585574 7298464 
1 2 8 9 7 5 0 6 3 4 
1409810 30451754 7405322 7545034 
9 5 8 3 1 0 4 6 7 2 
1413144 21023556 5505012 12829810 
1 0 9 6 4 5 2 8 3 7 
1426104 33232120 10003018 6356514 
3 2 6 9 7 5 0 8 1 4 
1427490 33545664 7591912 6693820 
9 5 6 3 1 0 4 8 7 2 
1428748 21062116 5583122 12023168 
1 2 6 9 7 5 0 8 3 4 
1431606 30591212 7498210 6570712 
3 2 8 9 1 7 0 6 5 4 
1436320 32149824 6689138 7576880 
3 2 6 9 1 7 0 8 5 4 
1444844 32494936 6770616 6671248 
1 4 8 9 7 5 0 6 3 2 
1450554 28168146 7471108 7445406 
1 7 9 6 4 5 2 8 3 0 
1452532 34002148 7871452 6304200 
3 4 8 9 1 7 0 6 5 2 
1469954 29680130 6748864 7467250 
1 4 6 9 7 5 0 8 3 2 
1472350 28307604 7563996 6471084 
3 2 8 9 7 0 1 6 5 4 
1473762 32343370 6081110 7789914 
3 4 6 9 1 7 0 8 5 2 
1478478 30025242 6830342 6561618 
3 2 6 9 7 0 1 8 5 4 
1483062 32749126 6183986 6893906 
3 1 8 9 5 0 4 6 7 2 
1484280 22101752 6715096 10323018 
3 0 6 9 4 2 1 8 5 7 
1492224 29403620 6666016 7699768 
3 7 6 9 4 2 1 8 5 0 
1494832 26354672 7402572 7586406 
3 1 6 9 5 0 4 8 7 2 
1503012 21659260 6636700 9254954 
3 5 6 9 7 0 1 8 2 4 
1514194 31053698 6180074 7186718 
3 2 8 9 1 7 5 6 0 4 
1519476 28047186 4857010 7909252 
1 2 9 6 5 7 4 8 3 0 
1532298 24699424 8479166 7424542 
4 7 6 5 3 2 9 8 0 1 
1533116 27079710 5417652 16752564 
4 7 8 5 3 2 9 6 0 1 
1534214 27127396 5335016 16402770 
3 2 6 9 1 7 5 8 0 4 
1536246 28121762 4934022 6928874 
1 0 9 6 5 2 4 8 3 7 
1538642 30728876 8873692 6323394 
3 4 8 9 1 7 5 6 0 2 
1541718 24757396 5908256 7803814 
1 4 6 9 5 7 2 8 3 0 
1541936 22261304 8244060 8290702 
1 0 9 6 5 7 4 8 3 2 
1541962 25505100 6660008 7380296 
3 2 8 9 1 0 5 6 7 4 
1545200 27134436 4807380 7666020 
9 1 6 3 5 0 4 8 7 2 
1546748 20657318 6720184 13457664 
3 4 6 9 1 7 5 8 0 2 
1558488 24831972 5985268 6823436 
3 2 6 9 1 0 5 8 7 4 
1563924 27164634 4882748 6672598 
1 7 9 6 5 2 4 8 3 0 
1565034 30568932 7857490 6275796 
9 2 8 3 1 7 5 6 0 4 
1566974 26833948 4924594 11906740 
4 7 6 5 3 0 9 8 2 1 
1575822 26790014 5388150 16709672 
3 4 8 9 1 0 5 6 7 2 
1579574 23837338 5858554 7560582 
9 2 6 3 1 7 5 8 0 4 
1580630 26910832 5006646 11120108 
7 2 8 9 1 0 4 6 3 5 
1581006 20859468 5371902 8329126 
2 7 6 4 3 0 9 8 5 1 
1582334 26639888 5364460 15620132 
4 7 8 5 3 0 9 6 2 1 
1584736 26660188 5298938 16307702 
2 7 8 4 3 0 9 6 5 1 
1585452 26383942 5285808 15760418 
3 0 9 6 1 7 4 8 5 2 
1593698 27034250 5925740 7458778 
9 2 8 3 1 0 5 6 7 4 
1595538 25874138 4877744 11661648 
3 5 8 9 1 7 2 6 0 4 
1595840 26605580 4843988 7906910 
7 2 6 9 1 0 4 8 3 5 
1597366 20960590 5448234 7354702 
3 4 6 9 1 0 5 8 7 2 
1598298 23867536 5933922 6567160 
9 2 6 3 1 0 5 8 7 4 
1611148 25906644 4958152 10861972 
6 5 9 3 1 7 4 8 0 2 
1612064 20816654 5477032 12176840 
3 5 6 9 1 7 2 8 0 4 
1612604 26686210 4918702 6919566 
3 5 9 6 1 7 4 8 0 2 
1614874 22906006 5397274 6870400 
3 5 8 9 1 0 2 6 7 4 
1621696 25683898 4789474 7663502 
0 2 8 7 1 3 4 6 9 5 
1622254 18175914 5598528 19580128 
1 2 9 6 7 3 0 8 5 4 
1624876 31019502 7216526 5604930 
6 5 9 8 1 0 4 3 7 2 
1627180 19944936 5448482 11949136 
1 2 9 6 7 5 0 8 3 4 
1627752 29845096 7175588 5278234 
3 2 9 6 1 0 4 8 7 5 
1638472 23724940 5393624 6696642 
3 5 6 9 1 0 2 8 7 4 
1640414 25720150 4862544 6663114 
3 5 9 6 1 0 4 8 7 2 
1642150 21974596 5347490 6616500 
9 5 8 3 1 7 2 6 0 4 
1643338 25392342 4911572 11904398 
0 2 6 7 1 3 4 8 9 5 
1643682 18230350 5668176 18398914 
6 5 9 3 1 0 4 8 7 2 
1644168 19805242 5431974 11919778 
3 7 9 6 1 2 4 8 5 0 
1645118 30709030 7085860 6286690 
1 4 9 6 7 3 0 8 5 2 
1655510 28741984 7282372 5505302 
9 5 6 3 1 7 2 8 0 4 
1656988 25475280 4991326 11110800 
1 4 9 6 7 5 0 8 3 2 
1668496 27561488 7241374 5178606 
9 5 8 3 1 0 2 6 7 4 
1672034 24423600 4859838 11659130 
6 5 8 3 1 0 4 9 7 2 
1686270 19616512 5395040 9710436 
9 5 6 3 1 0 2 8 7 4 
1687638 24462160 4937948 10852488 
0 4 8 7 3 2 9 6 5 1 
1688306 24144050 5117700 19307616 
6 5 3 8 1 0 4 9 7 2 
1689812 20524630 5713456 7753502 
1 4 6 9 0 7 2 8 3 5 
1693734 23042632 7068342 6566776 
7 4 6 9 1 3 0 8 5 2 
1697614 29578580 6830282 6538390 
5 0 9 6 4 2 1 8 3 7 
1700136 28009624 6707158 6234924 
2 4 6 5 9 0 1 8 3 7 
1700494 18407148 7079560 17988662 
2 4 8 5 9 0 1 6 3 7 
1705884 18310878 6972996 17616016 
7 2 6 9 3 0 1 8 5 4 
1711250 29100008 5315740 6452568 
3 5 8 1 9 7 4 6 0 2 
1728252 21816546 5155240 12563548 
1 5 8 3 9 7 4 6 0 2 
1730580 20254982 5112658 12857846 
5 2 9 6 1 7 4 8 3 0 
1735456 20999128 7575810 6962546 
5 7 9 6 1 2 4 8 3 0 
1737632 31988956 7122294 6086280 
7 4 6 9 3 0 1 8 5 2 
1738326 26015892 7136756 6393616 
7 2 6 9 1 5 0 8 3 4 
1740722 29892858 6677816 6263326 
3 2 9 6 1 7 0 8 5 4 
1743758 32091300 6610144 5446524 
1 5 6 3 9 7 4 8 0 2 
1744230 20337920 5192412 12064248 
3 5 6 1 9 7 4 8 0 2 
1745016 21897176 5229954 11576204 
3 2 8 1 9 0 4 6 7 5 
1746856 22726258 5154394 12404826 
0 2 9 7 1 3 4 8 6 5 
1747976 17669926 5534828 18267212 
7 2 8 9 1 3 5 6 0 4 
1748080 26754964 4781706 7834894 
2 4 6 5 3 0 9 8 7 1 
1751234 23142940 5074280 15933092 
0 2 8 7 1 3 4 9 6 5 
1751340 18291292 5543380 16886404 
7 2 8 1 9 0 4 6 3 5 
1752220 19740494 5055486 11832262 
2 4 8 5 3 0 9 6 7 1 
1754268 23196264 4992088 15596122 
0 2 8 9 1 7 4 6 3 5 
1758394 18689342 5320882 8217792 
1 5 8 3 9 0 4 6 7 2 
1763980 19288688 5071952 12614882 
3 2 9 6 7 5 1 8 0 4 
1764286 33420844 5915704 6010136 
3 2 6 1 9 0 4 8 7 5 
1765580 22738684 5227686 11404414 
7 2 6 9 1 3 5 8 0 4 
1766394 26829480 4858470 6854416 
7 2 6 1 9 0 4 8 3 5 
1768580 19841616 5131818 10857838 
5 2 9 6 1 0 7 8 3 4 
1770316 33985442 7486994 4933792 
7 2 8 9 1 0 5 6 3 4 
1772308 23937800 4698714 7080814 
0 2 6 9 1 7 4 8 3 5 
1773982 18790494 5397338 7243418 
3 4 9 6 1 7 0 8 5 2 
1777392 29621606 6669870 5336894 
7 4 6 9 1 5 0 8 3 2 
1778486 28249230 6763742 6197038 
1 5 6 3 9 0 4 8 7 2 
1779584 19327248 5150062 11808240 
7 2 6 9 1 0 5 8 3 4 
1788668 24056694 4777122 6113380 
3 2 9 6 7 0 1 8 5 4 
1791664 31853568 5851670 5591756 
3 2 8 1 9 7 5 6 0 4 
1791914 26737928 4534102 11396888 
1 2 8 3 9 7 5 6 0 4 
1797948 24072664 4452206 11636308 
2 4 8 5 3 7 9 6 0 1 
1799960 23921080 4988650 15819144 
5 4 9 6 1 0 7 8 3 2 
1806476 31539922 8692348 4878888 
3 2 8 1 9 0 5 6 7 4 
1806910 25884098 4488240 11158048 
3 2 6 1 9 7 5 8 0 4 
1808684 26812504 4611114 10416510 
3 5 9 6 7 2 1 8 0 4 
1809322 30330976 5854260 5917186 
7 4 8 9 1 0 5 6 3 2 
1809464 21467580 5776096 7018718 
3 2 9 6 1 7 5 8 0 4 
1810422 27692674 4767040 5708308 
0 2 8 7 1 3 5 6 9 4 
1811420 21376566 4930820 18333984 
1 2 6 3 9 7 5 8 0 4 
1811604 24149548 4534258 10849676 
1 2 9 3 6 7 5 8 0 4 
1814496 24149792 4533794 10850232 
7 2 8 1 9 0 5 6 3 4 
1816954 22898334 4389292 10585484 
3 2 9 8 1 7 0 6 5 4 
1820744 32018366 6609600 5432410 
5 2 6 9 1 7 0 8 3 4 
1822306 26889946 6586712 6108908 
3 2 9 6 1 0 5 8 7 4 
1825542 26770196 4718216 5454440 
3 2 6 1 9 0 5 8 7 4 
1825634 25914296 4563608 10164626 
7 4 6 9 1 0 5 8 3 2 
1825824 21586474 5854504 6051284 
7 2 8 6 1 0 4 9 3 5 
1827246 20311212 5358020 8151766 
1 2 8 7 9 0 4 6 3 5 
1830964 18363312 5220728 19690514 
3 4 9 6 1 7 5 8 0 2 
1832664 24402884 5818286 5602870 
0 2 6 7 1 3 5 8 9 4 
1832848 21448774 5002544 17159760 
7 2 6 1 9 0 5 8 3 4 
1833314 23017228 4467700 9618050 
1 2 8 3 6 7 5 9 0 4 
1844836 23489152 4252290 8614676 
7 2 9 6 1 0 4 8 3 5 
1850096 20621920 5288264 6137718 
1 2 6 7 9 0 4 8 3 5 
1850438 18462126 5292020 18522344 
3 4 9 8 1 7 0 6 5 2 
1854378 29548672 6669326 5322780 
1 5 9 3 6 0 4 8 7 2 
1855232 19327660 5149802 11808562 
1 5 8 7 9 0 4 6 3 2 
1856230 17601632 5206940 19663708 
1 5 8 3 6 7 4 9 0 2 
1856508 19687502 4906566 9817558 
3 4 9 6 1 0 5 8 7 2 
1859916 23473098 5769390 5349002 
7 2 9 1 6 0 5 8 3 4 
1861182 23017624 4467488 9618452 
1 4 8 3 6 7 5 9 0 2 
1866184 20391356 5309578 8519240 
7 3 4 1 8 0 6 2 5 9 
1869080 20509824 4050482 16976976 
1 2 8 3 6 0 5 9 7 4 
1873458 22221424 4201288 8280282 
1 4 9 6 3 0 7 8 5 2 
1874328 32737138 8586012 5164512 
0 2 9 7 1 3 4 6 8 5 
1874596 17666624 5561796 19429908 
7 2 8 1 6 0 5 9 3 4 
1875652 21980752 4221960 9203110 
1 5 6 7 9 0 4 8 3 2 
1875698 17724272 5278010 18495562 
5 2 9 6 1 7 0 8 3 4 
1876460 26628990 6432794 4892710 
0 2 8 1 9 7 4 6 3 5 
1879760 17570296 5003410 11720064 
2 4 8 5 6 0 1 9 3 7 
1883422 17325456 6884864 20061802 
3 5 9 6 1 7 2 8 0 4 
1885788 26306050 4756024 5699864 
7 2 8 1 6 0 4 9 3 5 
1888358 18777440 4882650 10431184 
7 3 4 1 6 0 8 2 5 9 
1893528 19280816 3742648 16968058 
1 4 9 6 0 7 2 8 3 5 
1894430 22643002 6885982 5339732 
0 2 6 1 9 7 4 8 3 5 
1895348 17671448 5079866 10745690 
1 2 8 3 6 0 4 9 7 5 
1896226 19097620 4868932 9509890 
1 5 8 3 6 0 4 9 7 2 
1897286 18410842 4854604 9483132 
3 5 9 6 1 0 2 8 7 4 
1901040 25374640 4702316 5445820 
7 2 6 8 1 0 4 9 3 5 
1906084 20577696 5439600 7230548 
1 4 8 3 6 0 5 9 7 2 
1906938 19116320 5258504 8184846 
7 3 4 1 9 0 8 2 5 6 
1908426 18950660 4085034 18082438 
5 4 9 6 1 7 0 8 3 2 
1913304 25113386 6522760 4833090 
7 3 4 1 8 0 6 5 2 9 
1917064 20169742 3971770 15352384 
7 3 4 1 8 0 9 2 5 6 
1924472 17990322 4621496 18033628 
5 2 9 6 3 0 1 8 7 4 
1940404 25784410 4889878 5145818 
7 3 4 1 6 0 8 5 2 9 
1942322 18957558 3666582 15350372 
0 2 8 1 9 7 5 6 3 4 
1942758 20728136 4336336 10473254 
0 2 8 9 1 7 5 6 3 4 
1947960 21767674 4646814 6969448 
6 5 3 8 1 0 2 9 7 4 
1948702 23924674 5068282 6582822 
0 2 8 6 1 7 4 9 3 5 
1952708 18141086 5307000 8040432 
1 2 3 8 6 0 5 9 7 4 
1954788 23949462 4818322 6458748 
0 2 6 1 9 7 5 8 3 4 
1958346 20847060 4414868 9505870 
2 4 6 5 8 0 1 9 3 7 
1960152 17326718 6885086 20061718 
7 3 4 1 9 0 8 5 2 6 
1960692 18628010 4007400 16465040 
1 2 8 7 6 0 4 9 3 5 
1961198 17381922 5007572 16739468 
5 4 9 6 3 7 1 8 0 2 
1962476 23747854 6732748 5340542 
0 2 6 9 1 7 5 8 3 4 
1963548 21886598 4725346 6002064 
1 3 4 7 6 0 8 2 5 9 
1964310 18584566 3854398 22342690 
7 9 4 1 6 0 8 5 2 3 
1964582 17319676 5021402 15339374 
5 4 9 6 3 0 1 8 7 2 
1967908 22827506 6714926 5093534 
0 2 9 1 6 7 5 8 3 4 
1968770 20847288 4414404 9506426 
5 2 9 6 7 0 1 8 3 4 
1969200 26391258 5674278 5037942 
0 4 8 9 1 7 5 6 3 2 
1976836 20449670 5760556 6967364 
1 3 4 5 8 0 6 2 7 9 
1977022 21659526 3978442 13852294 
7 3 4 1 8 0 9 5 2 6 
1978088 17695712 4548272 16427740 
0 2 8 1 6 7 5 9 3 4 
1978608 19810596 4169620 9091384 
0 2 9 6 1 7 4 8 3 5 
1980190 18451614 5236500 6026084 
7 3 5 1 8 0 6 4 2 9 
1980982 19493242 3920074 10894290 
1 3 4 7 9 0 8 2 5 6 
1981640 18254410 4196784 23457070 
0 2 9 1 6 7 4 8 3 5 
1983212 17673596 5079434 10746182 
1 5 8 7 6 0 4 9 3 2 
1988064 16681746 4993112 16712710 
1 3 4 5 6 0 8 2 7 9 
1988912 20473330 3674358 13844202 
0 4 6 9 1 7 5 8 3 2 
1992424 20568594 5839088 5999980 
1 3 4 7 8 0 9 2 5 6 
1992660 17251260 4729480 23407434 
0 2 8 1 6 7 4 9 3 5 
1993050 16607284 4831190 10319490 
1 9 4 7 6 0 8 2 5 3 
1994522 16050516 5180938 22285016 
7 3 4 1 6 0 9 2 5 8 
1995448 17468130 4165692 17749462 
5 4 9 6 7 0 1 8 3 2 
2003360 23429258 7499352 4985658 
7 3 5 1 6 0 8 4 2 9 
2006240 18081936 3547674 10856308 
7 2 9 6 3 0 1 8 5 4 
2014340 28143700 4961902 5140708 
1 5 6 3 8 0 4 9 7 2 
2015122 18411010 4854800 9482854 
1 6 4 7 9 0 8 2 5 3 
2016534 15744214 5907766 23420948 
7 2 8 6 1 0 5 9 3 4 
2018996 23386088 4686032 6921214 
1 2 6 3 8 0 5 9 7 4 
2020940 22221550 4201466 8279974 
7 9 5 1 6 0 8 4 2 3 
2028500 16444054 4902494 10845310 
1 6 4 7 8 0 9 2 5 3 
2031954 15877320 5077078 23365548 
7 2 9 6 1 3 5 8 0 4 
2033924 26400362 4691364 5633800 
0 2 6 8 1 7 4 9 3 5 
2038192 18407600 5388704 7119264 
7 4 9 6 3 0 1 8 5 2 
2041416 25059584 6782918 5081756 
7 2 9 6 1 0 5 8 3 4 
2041846 23667176 4612816 4895516 
7 3 5 1 8 0 9 4 2 6 
2042006 16971820 4491040 11951006 
1 9 4 7 6 0 8 5 2 3 
2043180 15686220 5195278 23957850 
1 5 9 6 3 7 4 8 0 2 
2044060 20424468 5161932 6692682 
1 9 4 5 6 7 8 2 0 3 
2044210 16393804 4949488 13341960 
7 2 8 3 6 0 5 9 1 4 
2045420 22446900 4203192 7939246 
1 3 4 7 8 0 9 5 2 6 
2046140 16915612 4746662 25092066 
7 3 4 1 6 0 9 5 2 8 
2047762 17173292 4093056 16143466 
1 5 9 6 3 0 4 8 7 2 
2057916 19497546 5125172 6442742 
0 2 8 3 1 7 4 9 6 5 
2058124 18052852 5339516 9127502 
5 2 9 6 3 0 7 8 1 4 
2059628 33392616 7319124 4826072 
1 6 4 7 9 0 8 5 2 3 
2062968 15322158 5921194 25094022 
1 3 4 7 6 0 9 2 5 8 
2063332 16729068 4273676 23123268 
1 8 4 7 9 0 6 2 5 3 
2065310 15923718 5998158 23130192 
7 2 8 3 6 0 4 9 1 5 
2066550 19323096 4870850 9168854 
1 9 4 7 6 5 8 2 0 3 
2072638 16342242 5172222 22431834 
7 8 4 1 3 0 9 2 5 6 
2073090 17904848 3977914 16040266 
7 8 4 1 6 0 9 5 2 3 
2073202 16522048 4783280 16156200 
7 4 9 6 1 0 5 8 3 2 
2079002 21196956 5690198 4833420 
1 6 4 7 8 0 9 5 2 3 
2079738 15483304 5094916 25050132 
1 9 2 5 6 7 8 4 0 3 
2086972 17834236 5529230 10073018 
1 6 4 5 8 7 9 2 0 3 
2090046 16351448 4855036 14424732 
5 4 9 6 3 0 7 8 1 2 
2094252 30948272 8524472 4771168 
1 9 4 0 6 7 8 2 5 3 
2096972 16030572 5013308 15695718 
1 3 5 7 6 0 8 4 2 9 
2098684 17328492 3714550 18165238 
1 8 4 7 6 0 9 2 5 3 
2104260 14770052 4921070 23066018 
1 6 4 5 9 7 8 2 0 3 
2105870 16095986 5675784 14477388 
0 2 6 1 8 7 4 9 3 5 
2111052 16606730 4831392 10319184 
7 3 5 1 6 0 9 4 2 8 
2111680 16268050 3970688 11637752 
1 2 9 6 3 7 5 8 0 4 
2112426 24187168 4499474 5477246 
1 2 9 6 3 0 5 8 7 4 
2114126 23269178 4463674 5227338 
7 8 4 1 3 0 9 5 2 6 
2125316 17574138 3904120 14434528 
0 2 6 1 8 7 5 9 3 4 
2125650 19810762 4169834 9091054 
1 9 5 7 6 0 8 4 2 3 
2128896 14794442 5041090 18107564 
1 6 4 0 9 7 8 2 5 3 
2130366 15724228 5739520 16831146 
1 3 5 7 8 0 9 4 2 6 
2131856 16175564 4654150 19259110 
1 4 9 6 3 7 5 8 0 2 
2133774 21089372 5556762 5381810 
1 6 4 0 8 7 9 2 5 3 
2135262 15894066 4911268 16776838 
7 8 5 1 6 0 9 4 2 3 
2137110 15656516 4660542 11650526 
0 2 8 6 1 7 5 9 3 4 
2142722 21215962 4634132 6809848 
1 4 9 6 3 0 5 8 7 2 
2147606 20164074 5520890 5131902 
1 8 4 5 6 7 9 2 0 3 
2151304 15241344 4699088 14125274 
1 8 4 7 6 0 9 5 2 3 
2152878 14397696 4939250 24750512 
7 1 4 0 6 3 8 2 5 9 
2156714 17497582 3960368 16238104 
1 6 4 7 3 0 9 2 5 8 
2157956 16406610 3743682 21359422 
1 8 4 7 3 0 9 2 5 6 
2159590 15821534 4043478 21344058 
1 3 5 2 8 0 6 4 7 9 
2159628 20686054 3923224 10068322 
1 6 5 7 8 0 9 4 2 3 
2165438 14806792 5001812 19217240 
1 5 9 6 7 0 2 8 3 4 
2169092 23494670 5272562 5165914 
0 2 9 6 1 7 5 8 3 4 
2170204 21496870 4560172 4783850 
7 1 4 0 9 3 8 2 5 6 
2170688 17164804 3943796 16711180 
1 9 5 2 8 0 6 4 7 3 
2175964 18210960 5187864 10010386 
1 3 5 2 6 0 8 4 7 9 
2176768 19299212 3552966 10030812 
7 2 6 3 8 0 4 9 1 5 
2181600 19322518 4871016 9168570 
7 9 4 1 3 0 8 2 5 6 
2181790 16141316 3694912 16759568 
1 8 4 7 6 5 9 2 0 3 
2182292 15067462 4915462 23212948 
7 6 2 1 3 0 9 4 5 8 
2183826 19256564 4172848 10256266 
7 6 5 1 3 0 9 4 2 8 
2184880 17843232 3657326 10024838 
1 5 8 3 6 0 2 9 7 4 
2186626 21810886 4209430 8312452 
7 8 5 1 3 0 9 4 2 6 
2189224 17192206 3955078 10006134 
7 2 6 3 8 0 5 9 1 4 
2189510 22447042 4203370 7938938 
1 9 5 2 6 0 8 4 7 3 
2192904 16772470 4879578 9973138 
1 4 9 6 7 0 2 8 3 5 
2193422 21123782 6343648 5097276 
7 3 4 0 1 2 8 5 6 9 
2193506 18772786 3517824 21675552 
5 3 1 4 6 2 8 7 0 9 
2194526 19272966 3379962 18331130 
1 3 5 2 8 7 6 4 0 9 
2196620 19827228 3893804 9850914 
0 4 9 6 1 7 5 8 3 2 
2199080 20178866 5673914 4781766 
0 2 6 3 1 7 4 9 8 5 
2199852 18113886 5436832 9109672 
6 3 4 5 1 0 9 2 7 8 
2199940 17068652 3750306 14435178 
1 3 5 7 6 0 9 4 2 8 
2201226 15471794 4133798 18945856 
1 3 5 0 6 7 8 4 2 9 
2201786 17241732 3632172 15056700 
1 8 4 0 6 7 9 2 5 3 
2205942 14786804 4755348 16477380 
1 6 4 7 3 0 9 5 2 8 
2207910 16012974 3760540 23044186 
6 3 4 5 1 0 8 2 7 9 
2209758 18801830 3320308 13652240 
1 8 4 7 3 0 9 5 2 6 
2211680 15449786 4060090 23028840 
1 3 5 2 6 7 8 4 0 9 
2213486 18440392 3523416 9813468 
8 6 4 5 1 0 9 2 7 3 
2213582 15079286 4534564 14623570 
6 8 4 5 1 0 9 2 7 3 
2215324 14229092 4369656 14331252 
7 9 4 1 3 0 6 2 5 8 
2218638 17015830 3508832 16414764 
1 9 5 2 8 7 6 4 0 3 
2219696 17348074 5158404 9792978 
6 3 4 5 1 7 9 2 0 8 
2225304 15520948 3700516 13991462 
6 9 4 5 1 0 8 2 7 3 
2226490 16147092 4642892 13587898 
7 9 4 1 3 0 8 5 2 6 
2234056 15818666 3617278 15142170 
0 3 5 2 8 7 6 4 1 9 
2234652 22316600 3970466 9746846 
7 6 4 0 1 2 8 5 3 9 
2235454 16035728 3298542 21714186 
1 9 5 2 6 7 8 4 0 3 
2236362 15909590 4849988 9755794 
7 6 4 0 1 2 9 5 3 8 
2237138 17934702 2888002 20977002 
1 8 5 7 6 0 9 4 2 3 
2238584 13516008 4781232 18888616 
6 3 4 5 1 7 8 2 0 9 
2239130 17254126 3271826 13208572 
7 8 4 0 1 2 9 5 3 6 
2243660 17306270 3185514 20958322 
8 6 4 5 1 7 9 2 0 3 
2249400 13524878 4485210 14179962 
6 8 4 5 1 7 9 2 0 3 
2251472 12674892 4319802 13887536 
0 3 5 2 6 7 8 4 1 9 
2251518 20929764 3600078 9709400 
0 2 8 3 1 7 5 9 6 4 
2253322 21176656 4670936 7897862 
7 9 4 0 1 2 8 5 3 6 
2253600 15549746 2897254 21666010 
7 6 4 0 1 5 8 2 3 9 
2255126 17440504 3205814 16087390 
3 9 4 5 6 7 8 2 0 1 
2255166 15597444 5035526 13815394 
7 6 4 0 1 5 9 2 3 8 
2256630 19311058 2792934 15338556 
7 6 4 0 1 3 9 2 5 8 
2259914 16319332 2703858 14471098 
7 6 2 0 1 3 9 4 5 8 
2261716 16905492 3276966 14065816 
7 8 4 0 1 3 9 2 5 6 
2262278 15670230 3001628 14452400 
6 9 4 5 1 7 8 2 0 3 
2262602 14595328 4594370 13144230 
7 8 2 0 1 3 9 4 5 6 
2264080 16256390 3574736 14047118 
7 6 4 0 1 3 9 5 2 8 
2265626 15866082 2818056 20410546 
1 9 4 7 3 0 8 2 5 6 
2267212 14548898 3778382 22087524 
9 3 4 7 1 0 8 2 5 6 
2267552 15253670 3672920 23154750 
6 3 2 5 1 7 9 4 0 8 
2268054 16779358 4215692 10693498 
7 8 4 0 1 3 9 5 2 6 
2270126 15238868 3115580 20391866 
7 9 4 0 1 3 8 2 5 6 
2272070 13912954 2721204 15171892 
7 9 2 0 1 3 8 4 5 6 
2273872 14499114 3294312 14766610 
1 6 5 2 8 7 9 4 0 3 
2277940 16018952 4817406 10867120 
7 9 4 0 1 3 8 5 2 6 
2279958 13489652 2831316 21099698 
1 6 4 5 3 7 9 2 0 8 
2290608 16880642 3520232 12417454 
8 6 2 5 1 0 9 4 7 3 
2291504 15538892 5020148 11090814 
8 6 2 5 1 7 9 4 0 3 
2292150 14783288 5000386 10881998 
7 6 5 1 3 0 8 4 2 9 
2292400 15967762 4072732 10773626 
5 3 1 2 6 0 8 4 7 9 
2292726 20904248 3217792 9979990 
5 3 1 2 8 0 6 4 7 9 
2292862 21865728 3437410 9949684 
6 8 2 5 1 0 9 4 7 3 
2293246 14688698 4855240 10798496 
6 8 2 5 1 7 9 4 0 3 
2294222 13933302 4834978 10589572 
0 2 8 3 6 7 5 9 1 4 
2295776 20272388 4139764 7825144 
1 8 4 5 3 7 9 2 0 6 
2297824 16292724 3820000 12402090 
7 9 5 1 3 0 8 4 2 6 
2297974 15426644 3672066 10725386 
6 9 2 5 1 7 8 4 0 3 
2305352 15853738 5109546 9846266 
5 9 1 2 6 0 8 4 7 3 
2310862 18120498 4536308 9908972 
0 5 8 3 6 7 4 9 1 2 
2313220 18951372 4872686 9158052 
7 9 4 0 1 5 6 2 3 8 
2315524 17767420 2617542 15694306 
7 9 4 0 1 3 6 2 5 8 
2318634 14787468 2534904 14827080 
0 2 8 3 6 7 4 9 1 5 
2318642 17148584 4808302 9054784 
7 9 2 0 1 3 6 4 5 8 
2320436 15373628 3108012 14421798 
1 3 5 2 6 7 9 4 0 8 
2321740 16675434 3949396 10595808 
7 8 4 0 1 3 6 2 5 9 
2322702 14674190 3233222 14856606 
7 9 4 0 1 3 6 5 2 8 
2324410 14347114 2642958 20747872 
7 8 2 0 1 3 6 4 5 9 
2324504 15260350 3806330 14451324 
9 3 4 5 1 7 8 2 0 6 
2327730 15597700 3451958 14214214 
7 8 5 1 3 0 6 4 2 9 
2331480 16191970 4184422 10410094 
7 9 5 1 3 0 6 4 2 8 
2332710 16301878 3486004 10380558 
1 6 2 5 3 7 9 4 0 8 
2333370 18321074 4099974 9148512 
1 8 2 5 3 7 9 4 0 6 
2340586 17733156 4399742 9133148 
1 8 5 2 6 7 9 4 0 3 
2344076 14726550 4596898 10538568 
1 5 9 6 3 0 2 8 7 4 
2347256 22897590 4479998 5272062 
7 2 9 6 3 0 4 8 1 5 
2348660 20031074 5125388 6031078 
3 6 4 7 1 0 9 2 5 8 
2355542 13803280 2791476 20927700 
3 8 4 7 1 0 9 2 5 6 
2356878 13282202 3093286 20915670 
3 9 4 7 1 0 8 2 5 6 
2365980 11369586 2808050 21625796 
5 3 1 2 6 7 8 4 0 9 
2367194 20039328 3172542 9758696 
5 3 1 2 8 7 6 4 0 9 
2367604 21000802 3392290 9728326 
0 6 4 2 1 7 9 5 3 8 
2368504 19111042 2723826 12521472 
0 6 4 2 1 7 8 5 3 9 
2369604 17157024 3132824 13257714 
9 3 4 5 1 7 6 2 0 8 
2370156 16261704 3300456 13938148 
0 8 4 2 1 7 9 5 3 6 
2374998 18546622 3023358 12506126 
1 5 3 6 9 0 4 8 7 2 
2378360 19501976 5125804 6442724 
7 6 5 0 1 3 9 4 2 8 
2382362 16270630 3090162 13975532 
0 9 4 2 1 7 8 5 3 6 
2385934 17119126 2745676 13232876 
7 8 5 0 1 3 9 4 2 6 
2386868 15619590 3387908 13956828 
7 3 5 2 8 0 6 4 1 9 
2389926 20073360 3897358 9629664 
5 9 1 2 6 7 8 4 0 3 
2392070 17251518 4491018 9687678 
7 6 5 0 1 3 8 4 2 9 
2392702 14401276 3508086 14724510 
1 6 4 5 3 7 8 2 0 9 
2395594 14924464 3929962 13164796 
5 3 1 2 9 0 8 4 7 6 
2396048 19847780 3301986 10978018 
7 9 5 0 1 3 8 4 2 6 
2396710 13860284 3107474 14676270 
1 6 5 7 3 0 8 4 2 9 
2404028 13806054 4195168 18009208 
0 6 4 2 1 3 9 5 7 8 
2404862 19594562 2703914 12678820 
1 9 5 7 3 0 8 4 2 6 
2405058 13777032 3810662 17987640 
7 2 9 6 3 0 5 8 1 4 
2405418 23076330 4449966 4788876 
1 9 4 5 3 7 8 2 0 6 
2408090 14892084 3545436 13143244 
7 3 5 2 6 0 8 4 1 9 
2409264 18686518 3527102 9592154 
0 6 5 2 1 7 9 4 3 8 
2412452 19949942 3087692 9110594 
0 8 4 2 1 3 9 5 7 6 
2412704 19029330 3003438 12663474 
3 9 4 7 1 0 6 2 5 8 
2413392 12250216 2622508 21281110 
3 9 4 7 1 0 8 5 2 6 
2413534 11010282 2828886 23301222 
0 6 5 2 1 7 8 4 3 9 
2413552 18025544 3500150 9858486 
5 8 1 2 6 0 9 4 7 3 
2418930 16107738 4258290 10648322 
0 8 5 2 1 7 9 4 3 6 
2418952 19361696 3387446 9095224 
0 8 4 2 1 7 6 5 3 9 
2419060 17425602 3242292 12890086 
5 4 3 6 1 0 7 8 9 2 
2419452 31608874 9053440 4770310 
5 4 9 6 3 7 0 8 1 2 
2420464 24521604 6352904 4723786 
6 5 1 8 7 0 4 9 3 2 
2421472 18364100 5553438 7185672 
0 9 4 2 1 3 8 5 7 6 
2423622 17603052 2726422 13390248 
7 9 5 2 6 0 8 4 1 3 
2428396 17050260 4881938 9581156 
0 9 4 2 1 7 6 5 3 8 
2428896 17952124 2555612 12880594 
0 9 5 2 1 7 8 4 3 6 
2429898 17924110 3113594 9833584 
1 6 5 2 3 0 9 4 7 8 
2432562 17716600 3622604 9126938 
1 8 4 5 3 7 6 2 0 9 
2435556 15168248 4040118 12803810 
0 2 6 3 8 7 4 9 1 5 
2436184 17148030 4808504 9054478 
1 6 2 5 3 0 8 4 7 9 
2436346 17121820 4533118 10106854 
1 6 2 5 3 7 8 4 0 9 
2438356 16364896 4509704 9895854 
3 8 2 7 1 0 9 4 5 6 
2438664 13825888 3571830 17021410 
1 8 5 2 3 0 9 4 7 6 
2440248 17127556 3922356 9111568 
1 9 4 5 3 7 6 2 0 8 
2440836 15723786 3355824 12797622 
7 4 9 6 3 0 5 8 1 2 
2441038 20607286 5527342 4726780 
7 9 5 0 1 3 6 4 2 8 
2441162 14735518 2921192 14331434 
7 8 5 0 1 3 6 4 2 9 
2441660 14625470 3619550 14360970 
0 2 6 3 8 7 5 9 1 4 
2442358 20272554 4139978 7824814 
3 9 2 7 1 0 8 4 5 6 
2447766 11913272 3286594 17731536 
1 9 2 5 3 7 8 4 0 6 
2450852 16332516 4125178 9874302 
5 6 1 2 8 7 9 4 0 3 
2451524 15655278 4267396 10664308 
0 8 4 2 1 3 6 5 7 9 
2457434 17908310 3222590 13047442 
7 6 1 0 3 2 9 4 5 8 
2458298 15616548 2840398 13863806 
3 9 4 7 1 0 6 5 2 8 
2458834 11873860 2641286 22949522 
9 3 2 1 5 7 6 4 0 8 
2459400 16077088 3428198 11802994 
7 8 1 0 3 2 9 4 5 6 
2460340 14968420 3138190 13845116 
7 9 4 3 1 0 8 5 2 6 
2461996 13408682 2818700 20915238 
0 8 5 2 1 7 6 4 3 9 
2463014 18288068 3611916 9497824 
0 9 4 2 1 3 6 5 7 8 
2465248 18436050 2535922 13037950 
1 4 3 6 9 0 5 8 7 2 
2468050 20168504 5521522 5131884 
1 6 5 2 3 7 9 4 0 8 
2470032 16850776 3590182 8908322 
0 9 5 2 1 7 6 4 3 8 
2472860 18774880 2925606 9488292 
1 8 5 2 3 7 9 4 0 6 
2477044 16262138 3889938 8892952 
9 8 2 1 5 7 6 4 0 3 
2479700 13490144 5391088 11774584 
9 3 2 1 5 7 8 4 0 6 
2485126 15370272 3575934 12078234 
7 9 5 3 1 0 8 4 2 6 
2485484 13835426 3218794 19142914 
5 4 1 6 7 3 0 8 9 2 
2485680 24990378 6829488 4695436 
3 6 5 7 1 0 9 4 2 8 
2486672 13828528 3111640 16955938 
0 6 5 2 1 3 9 4 7 8 
2487890 19545902 3034900 9007062 
0 2 3 9 1 7 4 8 6 5 
2488416 18304968 5628224 7004242 
3 8 5 7 1 0 9 4 2 6 
2490150 13305512 3413426 16943902 
3 9 4 7 1 5 6 2 0 8 
2490938 12544564 2621922 21432120 
0 6 5 2 1 3 8 4 7 9 
2490994 17621504 3448012 9754978 
3 9 2 7 1 0 6 4 5 8 
2495178 12793902 3101052 17386850 
3 6 5 7 1 0 8 4 2 9 
2495590 11995870 3530812 17705552 
0 8 5 2 1 3 9 4 7 6 
2495738 18956844 3334646 8991692 
6 3 2 1 5 7 8 4 0 9 
2495806 17026698 3395802 11072592 
0 6 5 2 3 7 9 4 1 8 
2496740 19658178 3676926 8820924 
5 6 1 2 9 0 3 4 7 8 
2497508 21532148 3784650 8709984 
3 9 5 7 1 0 8 4 2 6 
2499302 11390866 3128180 17653978 
9 6 2 1 5 7 8 4 0 3 
2499900 13319500 5300986 12065450 
5 8 1 2 6 7 9 4 0 3 
2500174 15236322 4211668 10426980 
5 8 1 2 9 0 3 4 7 6 
2501894 21444516 4036598 8717704 
0 8 5 2 3 7 9 4 1 6 
2503752 19069540 3976682 8805554 
7 9 4 3 1 0 6 5 2 8 
2506468 14260028 2630024 20563302 
0 9 5 2 1 3 8 4 7 6 
2506666 17520476 3061460 9730076 
3 6 4 5 1 0 8 2 7 9 
2512438 13874882 3025722 13177786 
3 6 4 5 1 0 9 2 7 8 
2512960 15831060 2617300 12430492 
7 6 1 0 3 5 9 4 2 8 
2515998 15475222 2820648 13851400 
6 9 2 1 5 7 8 4 0 3 
2520358 14367844 4718322 11008250 
3 8 4 5 1 0 9 2 7 6 
2520552 15306734 2919078 12418462 
0 5 9 6 3 7 4 8 1 2 
2527194 19619470 5125402 6018712 
0 3 1 2 6 7 8 4 5 9 
2530034 19262354 3143606 9408054 
3 9 4 5 1 0 8 2 7 6 
2532334 13263678 2623042 13126228 
3 6 4 5 1 7 9 2 0 8 
2532714 14279820 2576010 11988612 
1 6 5 2 3 0 8 4 7 9 
2533260 15792202 4033736 9874782 
0 2 9 6 3 7 4 8 1 5 
2534766 17856280 5060600 5915484 
6 8 5 2 1 0 9 4 7 3 
2536076 14300372 4697536 10721340 
3 6 4 5 1 7 8 2 0 9 
2536200 12323642 2985740 12735954 
3 8 4 5 1 7 9 2 0 6 
2539632 13755900 2877792 11976582 
5 8 1 2 9 7 6 4 0 3 
2539942 15538434 5020722 10372090 
0 8 5 2 1 3 6 4 7 9 
2540468 17883216 3559334 9394300 
6 8 4 0 1 7 9 2 5 3 
2543664 12212234 4355398 16235214 
9 8 2 5 1 7 3 4 0 6 
2544256 20013120 4749322 8736534 
3 9 5 7 1 0 6 4 2 8 
2544602 12272216 2942656 17309268 
0 9 5 2 1 3 6 4 7 8 
2548292 18371246 2873036 9384768 
1 9 5 2 3 0 8 4 7 6 
2549930 15755060 3649150 9853214 
3 9 4 5 1 7 8 2 0 6 
2551378 11715280 2583088 12684396 
8 6 5 2 1 7 9 4 0 3 
2553034 14286110 4834976 10797238 
3 9 5 2 6 7 8 4 0 1 
2562602 15116142 4936692 10229410 
5 6 1 2 9 7 3 4 0 8 
2569988 20660284 3735228 8488058 
1 8 5 2 3 0 6 4 7 9 
2572856 16053928 4145284 9514112 
5 8 1 2 9 7 3 4 0 6 
2573700 20573058 3987180 8495778 
3 9 4 5 1 0 6 2 7 8 
2574562 14095380 2433212 12780598 
1 6 5 2 3 7 8 4 0 9 
2574738 14926378 4002622 9656214 
3 6 2 5 1 7 9 4 0 8 
2575464 15538230 3091186 8690648 
6 8 5 2 1 7 9 4 0 3 
2576520 13436076 4669574 10504848 
3 6 2 5 1 7 8 4 0 9 
2578950 13582052 3500916 9437990 
3 8 2 5 1 7 9 4 0 6 
2582382 15014310 3392968 8678618 
3 9 4 1 5 7 6 2 0 8 
2584672 11859684 2324762 15942624 
3 8 4 5 1 7 6 2 0 9 
2586014 12631424 3097910 12378302 
7 6 5 2 1 0 9 4 3 8 
2586348 18790514 3038848 9047338 
5 6 7 4 3 2 9 1 0 8 
2587694 15958474 3078756 9969928 
0 2 9 6 3 7 5 8 1 4 
2589788 20901536 4384298 4673250 
3 9 2 5 1 7 8 4 0 6 
2594128 12973690 3098264 9386432 
3 9 4 5 1 7 6 2 0 8 
2594274 12546982 2393476 12338774 
3 6 4 1 5 7 8 2 0 9 
2600150 11593252 2913140 16338978 
5 6 1 2 3 0 9 4 7 8 
2602362 16330084 2722522 8763244 
7 9 5 2 1 0 8 4 3 6 
2604410 16316598 3049290 9746942 
5 8 1 2 3 0 9 4 7 6 
2606548 16190804 3036442 8771226 
3 9 4 1 5 7 8 2 0 6 
2609928 10985170 2510608 16287420 
3 9 4 0 1 7 8 2 5 6 
2611956 11349672 2640860 15036858 
0 4 9 6 3 7 5 8 1 2 
2617128 19584708 5498034 4671166 
3 8 2 5 1 7 6 4 0 9 
2628764 13889834 3613086 9080338 
3 9 2 5 1 7 6 4 0 8 
2637024 13805392 2908652 9040810 
6 8 2 1 5 7 9 4 0 3 
2639306 12367718 4436682 11750022 
3 9 4 0 1 7 8 5 2 6 
2643538 10932904 2767604 20968228 
3 9 4 0 1 7 6 2 5 8 
2659388 12224186 2455000 14692062 
3 8 2 1 5 7 6 4 0 9 
2659992 12446570 3225550 10243148 
3 9 2 1 5 7 6 4 0 8 
2664742 12362310 2521194 10203620 
5 6 1 2 3 7 9 4 0 8 
2677582 15458160 2674400 8540678 
3 6 2 1 5 7 8 4 0 9 
2680220 12095878 3109572 10599974 
5 8 1 2 3 7 9 4 0 6 
2681094 15319286 2988324 8548660 
0 6 1 2 9 7 3 4 5 8 
2682814 21727884 3764800 8234102 
0 8 1 2 9 7 3 4 5 6 
2685028 21195416 4002640 8218484 
3 9 2 1 5 7 8 4 0 6 
2689998 11487796 2707040 10548416 
7 9 4 0 5 3 6 2 1 8 
2737362 14998546 2378250 14991380 
3 9 5 0 1 7 8 4 2 6 
2744850 11304136 3046242 14545800 
5 9 1 2 3 0 6 4 7 8 
2751040 16499554 2601264 9211100 
1 9 4 0 5 3 6 2 7 8 
2764248 14086292 2351878 15241956 
0 6 1 2 3 7 9 4 5 8 
2772824 16525760 2703956 8286722 
0 8 1 2 3 7 9 4 5 6 
2774838 15941644 3003768 8271366 
5 6 1 2 3 7 8 4 0 9 
2788398 13530642 3086788 9288674 
5 9 1 2 3 7 8 4 0 6 
2790350 14781382 2742710 9333826 
3 9 5 2 1 0 8 4 7 6 
2794818 13363746 2953564 9516744 
3 6 5 2 1 7 9 4 0 8 
2800318 15039932 2925746 8605818 
3 6 2 1 5 7 9 4 0 8 
2803302 13972548 2692848 9851098 
3 6 5 2 1 7 8 4 0 9 
2803524 13115534 3338186 9353710 
3 8 5 2 1 7 9 4 0 6 
2807032 14515292 3227516 8593782 
3 9 5 2 1 7 8 4 0 6 
2818158 12505252 2935502 9302136 
7 6 1 2 9 0 3 4 5 8 
2824068 20578584 3746000 8178116 
5 9 1 2 3 7 6 4 0 8 
2826218 15630472 2554696 8988590 
7 8 1 2 9 0 3 4 5 6 
2826742 19982104 3981820 8159164 
5 8 1 2 3 7 6 4 0 9 
2827778 14240858 3212698 8951420 
3 9 5 2 1 0 6 4 7 8 
2836878 14214516 2765360 9171444 
3 8 5 2 1 7 6 4 0 9 
2852966 13441664 3451970 8996382 
3 9 5 2 1 7 6 4 0 8 
2860886 13356022 2747516 8956844 
7 6 1 5 9 0 3 4 2 8 
2871408 20443010 3728728 8174312 
7 8 1 5 9 0 3 4 2 6 
2876428 19845312 3964536 8155360 
0 9 1 2 3 7 8 4 5 6 
2884374 14513256 2729902 9009856 
7 6 1 2 3 0 9 4 5 8 
2889358 15376520 2683836 8231376 
2 9 4 0 5 7 6 1 3 8 
2890528 15529678 2375140 13754166 
7 8 1 2 3 0 9 4 5 6 
2891832 14728392 2981628 8212686 
7 9 4 0 5 3 6 1 2 8 
2897912 14247246 2315060 13905828 
0 9 1 2 3 7 6 4 5 8 
2921880 15362346 2541874 8664620 
0 2 1 6 7 3 4 8 9 5 
2924050 18333570 5536728 5889252 
0 9 4 7 5 3 6 1 2 8 
2934572 15867410 2280904 11474680 
7 6 1 5 3 0 9 4 2 8 
2936698 15240946 2666564 8227572 
7 9 4 0 5 2 6 1 3 8 
2937006 13469708 2277432 13635892 
7 8 1 5 3 0 9 4 2 6 
2941518 14591600 2964344 8208882 
2 4 1 6 7 0 3 8 9 5 
2948978 31680796 8704198 4653670 
0 9 4 7 5 3 8 1 2 6 
2957466 14964044 2463908 11810022 
3 9 2 7 5 0 8 4 1 6 
2957582 10744600 2855044 17617550 
3 9 4 1 2 7 8 5 0 6 
2979176 11991724 2482020 15071672 
3 9 4 1 2 7 6 5 0 8 
2982960 12849186 2294110 14719862 
3 9 2 1 0 7 8 4 5 6 
2985724 11000242 2933668 10294526 
0 9 4 7 5 2 6 1 3 8 
2993262 14765158 2262458 11191910 
7 9 1 2 3 0 8 4 5 6 
3001524 12915932 2694322 8931124 
3 9 4 1 2 0 6 5 7 8 
3008786 13299398 2290620 14865084 
0 9 4 7 5 2 8 1 3 6 
3018160 13861792 2446116 11527276 
3 9 2 1 0 7 6 4 5 8 
3033156 11874756 2747808 9949730 
3 9 4 0 5 7 6 2 1 8 
3037380 12438528 2307818 14859242 
8 6 1 5 7 0 9 4 2 3 
3037944 11804876 4429252 10255710 
7 9 1 5 3 2 6 4 0 8 
3038254 15066530 2514654 8967076 
7 9 1 2 3 0 6 4 5 8 
3038596 13765022 2506074 8585880 
7 8 1 2 3 0 6 4 5 9 
3040392 13649964 3204420 8615390 
6 8 1 5 7 0 9 4 2 3 
3042140 10955772 4261830 9962804 
3 9 4 7 5 0 6 1 2 8 
3043262 11716638 2186596 11263180 
0 6 1 2 7 3 9 4 5 8 
3046202 16343614 2631196 8257170 
7 9 1 5 3 0 8 4 2 6 
3051880 12746530 2674338 8926730 
3 9 4 0 5 7 8 2 1 6 
3062636 11564014 2493664 15204038 
3 9 5 1 2 7 8 4 0 6 
3063948 11480428 2707210 10546844 
3 9 4 7 5 0 8 1 2 6 
3065722 10813272 2369380 11598514 
3 9 5 1 2 7 6 4 0 8 
3067732 12355662 2521376 10202024 
0 6 4 7 5 3 9 1 2 8 
3074466 16935562 2422656 11066550 
5 6 1 2 7 3 9 4 0 8 
3082608 15276014 2601640 8511126 
7 8 1 5 3 0 6 4 2 9 
3084894 13464244 3182848 8610642 
1 9 4 6 2 0 5 8 7 3 
3086190 31178284 8097740 4624126 
5 8 1 2 7 3 9 4 0 6 
3086444 15137112 2915552 8519108 
7 9 1 5 3 0 6 4 2 8 
3087008 13577272 2484482 8581132 
1 3 4 8 2 7 0 6 5 9 
3094522 36981788 7835446 4634674 
1 3 4 6 2 7 0 8 5 9 
3109588 37031920 7834852 4648914 
7 3 5 8 4 0 2 6 1 9 
3112920 40397108 8294422 4435938 
9 6 1 5 7 0 3 4 2 8 
3120712 17575512 3947208 8127004 
1 9 4 8 2 7 0 6 5 3 
3123564 34824748 8728056 4575178 
9 8 1 5 7 0 3 4 2 6 
3125434 17041812 4185030 8111386 
3 8 4 7 5 2 6 1 0 9 
3131664 11122252 2845944 11138836 
7 9 5 8 4 0 2 6 1 3 
3132522 38724564 9711056 4425214 
0 6 4 7 5 2 9 1 3 8 
3133030 15841836 2408872 10783948 
3 9 4 7 5 2 6 1 0 8 
3135354 10976376 2142212 11099260 
1 9 4 6 2 7 0 8 5 3 
3138700 34867178 8727540 4589412 
3 6 4 7 5 2 8 1 0 9 
3152028 10773516 2727464 11486256 
3 9 4 7 5 2 8 1 0 6 
3160486 10073010 2325868 11434626 
0 2 1 6 7 3 5 8 9 4 
3182544 21375706 4855948 4646962 
3 6 4 7 5 0 9 1 2 8 
3182948 13296886 2346268 10881786 
0 9 1 2 7 3 6 4 5 8 
3185380 15180214 2469340 8635076 
3 6 1 5 7 2 9 4 0 8 
3196430 14067548 2582470 8458712 
5 3 4 6 0 2 7 8 1 9 
3198512 31303266 6826926 4555398 
3 8 1 5 7 2 9 4 0 6 
3203350 13544574 2884262 8446690 
7 3 5 6 4 0 2 8 1 9 
3203798 40169516 8286154 4370158 
0 4 1 6 7 3 5 8 9 2 
3209920 20057122 5969738 4644872 
7 3 5 8 4 0 1 6 2 9 
3212580 23260976 4079894 4780302 
7 9 5 6 4 0 2 8 1 3 
3223470 38489270 9702866 4359428 
5 9 4 6 0 2 7 8 1 3 
3225852 29400832 7091938 4479940 
5 3 4 6 2 7 0 8 1 9 
3237622 38549798 7878194 4428938 
7 3 5 8 2 0 4 6 1 9 
3238022 31721456 6477520 4413968 
3 9 4 2 5 0 6 1 7 8 
3239030 10758178 2252180 15597244 
6 8 1 2 7 0 9 4 5 3 
3247032 11084446 4258450 9962180 
7 9 5 8 2 0 4 6 1 3 
3257624 30048912 7894154 4403244 
3 9 4 2 5 0 8 1 7 6 
3264730 9885392 2437644 15933168 
5 9 4 6 2 7 0 8 1 3 
3265878 36130632 8762818 4356100 
3 6 1 5 7 0 9 4 2 8 
3266612 12565872 2528692 8066364 
3 6 1 5 7 2 8 4 0 9 
3268216 12109450 2988868 9205998 
3 8 1 5 7 0 9 4 2 6 
3270836 12044522 2830500 8054342 
6 8 0 1 7 5 9 4 2 3 
3274100 10951682 4328864 11347846 
3 6 4 7 5 2 9 1 0 8 
3274962 12561902 2304770 10717970 
7 3 5 8 4 2 1 6 0 9 
3278468 23518588 4058596 4849254 
3 8 4 7 5 2 9 1 0 6 
3279730 12007272 2606906 10705916 
3 9 1 5 7 2 8 4 0 6 
3284210 11503856 2586216 9154464 
7 3 5 6 4 0 1 8 2 9 
3303458 23192824 4075418 4756442 
7 6 4 9 5 0 3 1 2 8 
3310090 21688604 3768756 8025274 
3 9 4 0 5 2 6 1 7 8 
3312386 10522864 2179880 13447380 
6 8 0 1 7 2 9 4 5 3 
3312506 10892860 4311408 11340032 
7 8 4 9 5 0 3 1 2 6 
3313228 21059236 4004902 8006290 
7 3 5 6 2 0 4 8 1 9 
3328900 31493864 6469252 4348188 
3 9 1 5 7 2 6 4 0 8 
3336966 12334598 2395488 8808834 
3 9 4 0 5 2 8 1 7 6 
3338166 9625614 2364072 13782864 
3 6 1 5 7 0 8 4 2 9 
3344410 10607774 2937052 8813722 
7 3 4 8 0 2 1 6 5 9 
3345834 23452140 4648162 4636348 
7 9 5 6 2 0 4 8 1 3 
3348572 29813618 7885964 4337458 
3 9 1 5 7 0 8 4 2 6 
3351642 10007458 2534452 8762188 
7 3 4 8 2 0 5 6 1 9 
3353484 33212680 6684630 4272184 
2 3 5 6 4 0 1 8 7 9 
3354864 25559736 4147618 4698716 
7 9 4 8 0 2 1 6 5 3 
3366988 21984732 5816964 4624576 
7 3 5 6 4 2 1 8 0 9 
3369986 23292724 4048944 4774594 
7 9 4 8 2 0 5 6 1 3 
3373086 31540136 8101264 4261460 
2 9 5 6 4 0 1 8 7 3 
3373532 22939606 5280162 4626926 
7 3 4 6 0 2 1 8 5 9 
3375958 23501968 4647568 4650444 
7 3 4 6 2 0 5 8 1 9 
3375968 32983792 6677400 4213064 
0 3 5 8 4 2 1 6 7 9 
3380588 24853454 4097476 4726466 
3 9 4 8 2 0 1 6 5 7 
3383482 17321864 6515770 7051256 
7 6 4 9 5 2 3 1 0 8 
3387204 21157562 3721080 7870384 
3 9 4 6 2 0 1 8 5 7 
3391632 17364294 6514862 7065490 
7 8 4 9 5 2 3 1 0 6 
3393038 20526570 3957210 7851400 
5 3 4 6 2 0 1 8 7 9 
3395280 24024246 4099840 4618636 
7 9 4 6 2 0 5 8 1 3 
3395640 31303546 8094112 4202334 
7 9 4 6 0 2 1 8 5 3 
3397182 22026858 5816448 4638666 
3 9 2 5 0 7 6 4 1 8 
3397566 12271916 2711580 8682084 
7 3 5 8 4 0 9 6 2 1 
3399970 18674468 5053854 6542398 
3 8 1 5 7 0 6 4 2 9 
3404062 10917166 3049004 8456102 
3 9 1 5 7 0 6 4 2 8 
3407070 10838200 2344596 8416590 
5 9 4 6 2 0 1 8 7 3 
3413948 21404116 5232384 4546846 
7 1 5 8 4 0 9 6 2 3 
3455500 17599996 4575474 6467268 
1 3 4 8 2 0 7 6 5 9 
3462332 27974002 6153122 4482742 
0 3 5 6 4 2 1 8 7 9 
3464848 24588162 4086530 4639106 
2 6 4 9 5 0 3 1 7 8 
3473290 21230260 3749136 7744018 
7 3 4 6 5 0 1 8 2 9 
3475676 23189310 4074168 4756594 
2 8 4 9 5 0 3 1 7 6 
3477498 20918922 3995362 7741704 
1 3 4 6 2 0 7 8 5 9 
3477558 28024566 6152182 4494762 
1 4 7 9 0 3 2 8 6 5 
3483758 18913638 6014652 5748238 
3 9 4 7 2 5 8 1 0 6 
3484666 10073954 2319632 11434682 
3 9 4 7 2 5 6 1 0 8 
3488682 10977320 2135316 11099292 
1 9 4 8 2 0 7 6 5 3 
3491754 26333582 6426072 4420626 
1 9 4 6 2 0 7 8 5 3 
3507050 26376444 6425210 4432640 
7 1 5 8 4 2 9 6 0 3 
3516020 17859232 4553320 6536188 
7 3 4 6 5 2 1 8 0 9 
3528704 23289810 4048234 4774416 
2 1 5 8 4 0 9 6 7 3 
3539504 18510292 4601712 6386358 
5 6 4 9 2 7 3 1 0 8 
3543756 19889316 3703276 7814302 
5 8 4 9 2 7 3 1 0 6 
3546396 19770378 3955548 7821990 
7 1 5 6 4 0 9 8 2 3 
3546448 17524142 4571076 6443402 
0 6 4 9 5 2 3 1 7 8 
3548172 21603298 3731888 7754124 
3 6 4 7 2 5 9 1 0 8 
3549266 12562958 2299682 10718066 
0 8 4 9 5 2 3 1 7 6 
3554220 21035912 3970034 7738474 
7 3 4 8 2 0 1 6 5 9 
3557766 21691014 4025290 4355904 
9 6 0 5 7 3 1 4 2 8 
3563734 16577780 3734580 8033434 
9 8 0 5 7 3 1 4 2 6 
3568418 15992418 4034368 8018078 
1 5 7 6 0 3 4 8 9 2 
3578502 18093410 5554450 5901504 
7 9 4 8 2 0 1 6 5 3 
3580216 20223494 5194044 4344132 
7 3 4 6 2 0 1 8 5 9 
3580250 21741146 4024696 4370144 
5 6 4 9 2 0 3 1 7 8 
3580688 19184528 3686496 7636358 
1 4 7 6 0 3 2 8 9 5 
3581672 19130430 5987316 4662370 
5 8 4 9 2 0 3 1 7 6 
3584002 19065184 3938764 7644046 
7 1 4 6 5 0 9 8 2 3 
3590200 17520810 4569904 6443684 
2 1 5 6 4 0 9 8 7 3 
3594162 18237298 4590844 6298992 
5 3 4 6 2 0 7 8 1 9 
3599042 29542444 6195474 4274786 
2 1 4 6 5 0 9 8 7 3 
3600602 18234142 4589672 6299274 
7 9 4 6 2 0 1 8 5 3 
3602770 20265924 5193528 4358366 
7 1 5 6 4 2 9 8 0 3 
3607608 17625666 4543746 6461522 
0 1 5 8 4 2 9 6 7 3 
3616240 17794766 4547824 6340052 
5 9 4 6 2 0 7 8 1 3 
3627678 27639898 6460438 4199328 
1 4 7 8 0 3 5 9 6 2 
3637674 19082144 5996992 5843794 
7 1 4 6 5 2 9 8 0 3 
3637860 17622934 4543114 6461474 
3 9 4 0 2 5 8 1 7 6 
3642414 9626558 2357836 13782920 
5 6 4 7 2 0 9 1 3 8 
3644256 13409602 2330968 10658902 
3 9 4 0 2 5 6 1 7 8 
3645782 10523808 2172984 13447412 
1 8 0 5 7 3 9 4 2 6 
3647300 11980978 2836796 8064506 
7 1 4 8 0 2 9 6 5 3 
3656456 17797670 5142900 6323412 
7 1 5 8 4 0 3 6 2 9 
3657826 21034654 3880922 5197702 
9 6 0 2 7 3 1 4 5 8 
3663506 16608964 3726644 8031786 
5 1 4 6 2 0 9 8 7 3 
3663744 17725958 4575368 6272386 
9 8 0 2 7 3 1 4 5 6 
3665844 16024820 4026444 8016430 
0 2 7 6 1 3 4 8 9 5 
3683308 18341522 5537646 5889196 
0 6 9 2 3 7 1 4 5 8 
3688458 20066928 3351714 8047242 
0 8 9 2 3 7 1 4 5 6 
3690472 19482812 3651526 8031886 
4 6 7 9 0 5 1 3 2 8 
3691868 22737634 3861020 7356268 
0 1 5 6 4 2 9 8 7 3 
3700570 17521772 4536956 6252686 
7 6 5 3 4 0 1 9 2 8 
3714834 22116060 3564878 6948714 
7 8 5 3 4 0 1 9 2 6 
3718648 21434268 3862960 6929986 
7 1 5 8 4 2 3 6 0 9 
3723690 21293890 3860512 5266686 
4 6 7 9 0 2 1 3 5 8 
3725040 21542378 3816888 7034738 
3 9 5 7 4 2 8 1 0 6 
3736772 10072316 2326494 11433648 
4 1 5 6 2 0 9 8 7 3 
3736776 17409418 4907916 6372924 
3 9 5 7 4 2 6 1 0 8 
3740680 10976402 2142850 11098258 
0 1 4 6 5 2 9 8 7 3 
3744390 17518976 4536324 6252638 
7 6 4 3 5 0 1 9 2 8 
3744998 22114014 3563626 6949212 
2 1 5 8 4 0 3 6 7 9 
3746042 21944950 3907124 5116792 
7 1 5 6 4 0 3 8 2 9 
3748830 20958368 3876674 5176056 
4 6 7 3 0 5 1 9 2 8 
3771260 21676116 3817894 7021322 
3 9 4 1 5 2 6 7 0 8 
3783108 10782542 2153898 11052398 
7 3 4 8 2 0 9 6 5 1 
3785460 17101386 4999166 6118104 
7 1 4 6 5 0 3 8 2 9 
3792582 20955036 3875502 5176338 
2 1 5 6 4 0 3 8 7 9 
3800756 21671524 3896406 5031646 
3 6 5 7 4 2 9 1 0 8 
3801232 12562040 2305456 10717048 
4 8 7 3 0 2 1 9 5 6 
3804252 20122210 4081964 6697750 
4 6 7 3 0 2 1 9 5 8 
3804432 20480860 3773762 6699792 
7 6 9 2 3 0 1 4 5 8 
3805232 18918048 3330442 7992400 
2 1 4 6 5 0 3 8 7 9 
3807196 21668368 3895234 5031928 
7 6 5 3 4 2 1 9 0 8 
3807288 21722514 3520062 6843746 
7 8 9 2 3 0 1 4 5 6 
3807706 18269920 3628234 7973710 
7 3 4 6 2 0 9 8 5 1 
3807944 17151518 4998572 6132344 
3 9 4 1 5 2 8 7 0 6 
3808184 9879608 2337404 11385544 
1 4 7 9 0 3 5 8 6 2 
3812334 18599858 5976408 5677484 
7 1 5 6 4 2 3 8 0 9 
3815334 21059892 3851088 5194240 
7 6 9 5 3 0 1 4 2 8 
3821532 18880330 3321746 7990484 
7 6 4 3 5 2 1 9 0 8 
3823952 21721068 3519350 6843914 
0 1 5 8 4 2 3 6 7 9 
3826250 21229424 3854996 5070550 
7 8 9 5 3 0 1 4 2 6 
3826352 18230984 3619526 7971794 
7 1 4 8 2 0 9 6 5 3 
3830172 16036488 4520884 6043000 
7 6 4 3 2 0 1 9 5 8 
3833662 20923226 3523578 6629904 
7 8 4 3 2 0 1 9 5 6 
3835334 20243372 3821684 6611182 
7 1 4 6 5 2 3 8 0 9 
3845586 21057160 3850456 5194192 
7 1 4 6 2 0 9 8 5 3 
3852726 16078918 4520368 6057234 
5 1 4 6 2 0 3 8 7 9 
3870338 21160184 3880930 5005040 
7 6 4 3 2 5 1 9 0 8 
3893034 21723340 3517782 6844714 
0 4 7 6 1 3 5 8 9 2 
3903438 20060854 5970528 4644852 
1 4 7 6 0 3 5 8 9 2 
3905064 18767722 5944784 4590672 
0 1 5 6 4 2 3 8 7 9 
3910636 20955998 3844278 4985404 
5 6 7 3 0 2 1 9 4 8 
3913706 20101806 3760020 6583534 
5 8 7 3 0 2 1 9 4 6 
3914168 19933974 4074270 6591494 
3 9 5 0 4 2 8 1 7 6 
3916292 9624920 2364698 13781886 
3 9 5 0 4 2 6 1 7 8 
3919552 10522890 2180518 13446378 
3 6 4 1 5 2 9 7 0 8 
3921708 12433140 2314632 10653396 
5 6 4 3 2 7 1 9 0 8 
3934876 20454038 3507266 6788616 
4 1 5 6 2 0 3 8 7 9 
3943370 20843644 4213478 5105578 
3 6 7 5 1 0 9 4 2 8 
3950510 12571874 2528438 8067016 
0 1 4 6 5 2 3 8 7 9 
3954456 20953202 3843646 4985356 
3 8 7 5 1 0 9 4 2 6 
3954532 12050778 2830256 8054996 
3 9 7 5 1 0 8 4 2 6 
3966164 10013812 2534250 8762912 
5 6 4 3 2 0 1 9 7 8 
3987368 19168226 3465190 6451628 
5 8 4 3 2 0 1 9 7 6 
3990752 18997220 3779424 6459578 
7 9 4 8 2 0 3 6 5 1 
4010236 19068524 5473368 4836766 
3 9 7 5 1 0 6 4 2 8 
4011912 10844314 2344390 8417322 
7 1 4 8 2 0 3 6 5 9 
4032498 19471146 3826332 4773434 
7 9 4 6 2 0 3 8 5 1 
4032846 19110522 5473002 4853220 
7 1 4 6 2 0 3 8 5 9 
4055108 19513144 3825966 4789888 
3 9 4 1 2 5 8 7 0 6 
4164834 9879260 2331168 11384988 
3 9 4 1 2 5 6 7 0 8 
4168906 10782194 2147002 11051818 
9 6 7 5 0 3 1 4 2 8 
4222186 16570456 3733252 8032860 
9 8 7 5 0 3 1 4 2 6 
4226668 15985348 4033050 8017506 
3 6 4 1 2 5 9 7 0 8 
4228482 12432904 2309544 10652880 
1 5 0 6 7 3 4 8 9 2 
4253294 18085582 5555522 5899078 
7 6 3 5 9 0 1 4 2 8 
4261758 18884248 3322372 7990304 
7 8 3 5 9 0 1 4 2 6 
4266780 18234648 3620142 7971612 
9 6 7 2 0 3 1 4 5 8 
4332078 16601640 3725316 8031212 
9 8 7 2 0 3 1 4 5 6 
4334214 16017750 4025126 8015858 
1 6 7 5 0 3 9 4 2 8 
4390324 12559208 2535656 8079024 
1 8 7 5 0 3 9 4 2 6 
4394806 11974100 2835454 8063670 
1 4 0 9 7 3 5 8 6 2 
4450818 18592086 5977504 5675098 
1 4 0 6 7 3 5 8 9 2 
4540328 18759950 5945880 4588286 
3 9 5 1 4 2 8 7 0 6 
4556306 9878382 2338030 11384314 
3 9 5 1 4 2 6 7 0 8 
4560270 10782036 2154536 11051144 
3 6 5 1 4 2 9 7 0 8 
4619814 12432746 2315318 10652222 
