37 4
1 5 2 3 4 0 
838330 742256 5014834 5233186 
1 3 2 5 4 0 
840246 736712 5020716 5229960 
4 3 2 5 1 0 
870422 757752 5743328 5229582 
4 5 2 1 3 0 
892362 891000 3203456 6438316 
4 0 3 2 1 5 
1552206 407684 2665618 2289382 
4 0 5 2 1 3 
1552242 408240 2519100 2291066 
4 2 3 0 1 5 
1560062 417564 2663218 2288086 
4 2 5 0 1 3 
1560114 418200 2516668 2291226 
1 2 3 0 4 5 
1569902 415874 4908018 2287850 
3 2 5 0 4 1 
1854526 377368 3764646 2292878 
3 2 1 0 4 5 
1854578 376630 6109242 2295652 
3 0 5 2 4 1 
1859774 386216 3761206 2292556 
4 0 5 2 3 1 
1870926 388848 2098644 2292630 
4 0 1 2 3 5 
1870992 386956 2685044 2296822 
4 2 5 0 3 1 
1878798 399120 2095964 2292752 
4 0 3 2 5 1 
1974654 393236 2113690 2290134 
5 2 3 0 4 1 
1975294 390450 4948416 2288962 
5 0 3 2 4 1 
1975310 394226 4945408 2289872 
4 2 3 0 5 1 
1982510 400932 2113026 2289104 
4 5 2 1 0 3 
2574670 912408 1086440 6436072 
1 4 2 5 0 3 
2726216 1351972 1081914 9780774 
3 2 5 0 1 4 
2742942 381904 2635566 2291782 
4 5 0 1 2 3 
2863078 912146 1114660 6436024 
1 5 0 3 2 4 
3416600 730982 1170542 5234132 
1 3 0 5 2 4 
3418532 741118 1163992 5230462 
5 2 3 0 1 4 
3619164 397758 2867784 2287866 
5 0 3 2 1 4 
3619180 395606 2869488 2289498 
1 2 3 0 5 4 
3636220 406550 2277194 2287772 
1 5 2 3 0 4 
3847518 734720 1212842 5234104 
1 3 2 5 0 4 
3849434 742280 1208308 5229282 
4 3 2 5 0 1 
4411674 766632 1262648 5228238 
3 2 4 0 5 1 
4460476 368062 4019836 2294694 
3 2 1 0 5 4 
4460506 369286 2798738 2295574 
3 0 4 2 5 1 
4465700 373046 4019420 2292644 
3 0 1 2 5 4 
4465768 374460 2798246 2296982 
5 0 4 2 3 1 
4477508 376668 5188576 2292456 
5 2 1 0 3 4 
4477562 379842 2939848 2295390 
