350 3
7 5 8 1 9 6 2 3 4 0 
4203628 9009350 24896470 
7 2 8 1 9 6 5 3 4 0 
4204196 8948636 23032546 
4 2 8 1 9 6 0 3 7 5 
4210402 12118546 22155380 
0 2 8 1 9 6 5 3 4 7 
4272246 8635520 21166914 
0 5 8 1 9 6 2 3 4 7 
4275374 8472274 22194046 
5 7 8 1 9 6 0 3 4 2 
4382722 10193666 19478328 
4 2 8 1 9 6 7 3 0 5 
4422384 10077304 18105700 
2 7 8 1 9 6 0 3 4 5 
4439334 10076958 18270524 
5 0 8 1 9 6 7 3 4 2 
4448230 9407176 16727464 
0 4 8 1 9 6 2 3 5 7 
4473384 8322664 24629556 
4 7 8 1 9 6 2 3 0 5 
4495848 9206266 21077160 
2 0 8 1 9 6 7 3 4 5 
4501146 9514428 16356452 
0 5 8 1 9 6 4 3 2 7 
4502276 9386470 19263210 
7 2 8 5 9 6 1 3 4 0 
4516230 9208872 16626184 
5 0 8 4 9 6 7 3 1 2 
4522198 9073932 19213990 
1 2 8 5 9 6 0 3 4 7 
4522618 9091502 18662038 
0 4 8 1 9 6 5 3 2 7 
4571832 7683812 20783920 
4 0 8 1 9 6 7 3 5 2 
4581498 11031476 15772376 
0 2 8 5 9 6 1 3 4 7 
4584280 9485556 15597902 
2 4 8 1 9 6 7 3 0 5 
4585318 9039884 18374802 
5 0 8 1 9 6 7 3 2 4 
4667206 9188686 17874104 
0 5 8 1 9 6 7 3 4 2 
4675114 8422856 17122998 
2 7 8 5 9 6 1 3 4 0 
4682622 11745316 14024688 
2 5 8 1 9 6 7 3 4 0 
4694700 8019770 16358454 
0 5 8 4 9 6 1 3 2 7 
4739886 9348764 15509502 
1 2 8 5 9 6 7 3 4 0 
4741688 8443292 15058430 
5 2 8 1 9 6 7 3 4 0 
4836092 7987208 16659422 
2 5 8 1 9 6 0 3 4 7 
4841110 7853738 18207876 
1 2 8 4 9 6 7 3 0 5 
4844210 8396626 16283530 
0 4 8 5 9 6 7 3 1 2 
4855586 7350116 16342862 
2 7 8 3 9 6 0 1 4 5 
4867846 11183812 14466372 
4 7 8 5 9 6 1 3 2 0 
4893990 12737468 13056632 
2 0 8 5 9 6 1 3 4 7 
4936694 10962304 13662588 
2 7 8 3 9 6 5 1 4 0 
4945484 10818598 14109858 
0 5 8 4 9 6 1 3 7 2 
4955838 10220608 14090532 
2 7 8 3 9 6 4 1 5 0 
4989960 12602358 13028966 
0 5 8 4 9 6 7 3 2 1 
5015148 8061294 16209730 
4 0 8 5 9 6 1 3 2 7 
5026778 11061044 12687368 
7 4 8 5 9 6 0 3 1 2 
5043444 7118566 18359984 
5 0 8 7 9 6 1 3 4 2 
5074276 9719492 13312578 
0 4 8 5 9 6 7 3 2 1 
5095348 7454334 16089020 
0 4 8 5 9 6 1 3 7 2 
5121058 9013466 13983362 
7 5 8 4 9 6 1 3 0 2 
5131840 9624742 13665948 
1 5 8 2 9 6 7 3 4 0 
5163418 7968468 15102500 
2 1 8 7 9 6 5 3 4 0 
5191864 7306972 16700366 
7 2 8 4 9 6 1 3 0 5 
5209090 8143300 13473064 
4 0 8 7 9 6 1 3 5 2 
5224512 11348076 12592340 
4 0 8 7 9 6 1 3 2 5 
5244240 10326436 12535696 
7 2 8 5 9 6 1 3 0 4 
5246342 8422034 13437904 
0 4 8 1 3 6 5 9 2 7 
5322538 6665688 17978802 
0 2 8 5 3 6 1 9 4 7 
5331474 8471552 13157640 
5 0 8 2 9 6 1 3 4 7 
5354810 9968908 13011616 
4 0 8 2 9 6 1 3 5 7 
5356744 11598108 12291642 
2 7 8 5 3 6 1 9 4 0 
5417428 10731476 11694266 
0 5 8 1 3 6 7 9 4 2 
5425604 7423956 16157444 
2 5 8 1 3 6 7 9 4 0 
5432982 7020566 15305028 
4 2 8 7 9 6 1 3 5 0 
5439778 9268540 12982350 
2 0 8 1 3 6 5 9 4 7 
5463948 7676698 13929922 
1 2 8 5 3 6 7 9 4 0 
5482610 7444088 14005004 
0 5 8 4 3 6 1 9 2 7 
5487080 8334760 13069240 
5 2 8 1 3 6 7 9 4 0 
5574374 6988004 15605996 
4 5 8 0 9 6 1 3 2 7 
5578824 9560806 12846472 
2 5 8 1 3 6 0 9 4 7 
5579512 6843854 16132470 
0 4 8 5 3 6 1 9 2 7 
5579964 7821740 12916750 
4 0 8 1 3 6 5 9 2 7 
5583120 7782782 13357302 
0 4 8 5 3 6 7 9 1 2 
5608052 6351216 15377308 
4 7 8 5 3 6 1 9 2 0 
5628796 11723628 10726210 
5 0 8 7 9 6 4 1 2 3 
5653918 9735586 12472090 
2 0 8 5 3 6 1 9 4 7 
5671600 9948204 11222326 
4 2 8 0 9 6 1 3 5 7 
5720376 8737376 12493552 
0 5 8 4 3 6 1 9 7 2 
5727512 9207288 11847982 
4 0 8 5 3 6 1 9 2 7 
5761684 10046944 10247106 
0 5 8 4 3 6 7 9 2 1 
5762174 7062242 15200240 
1 2 8 0 3 6 5 9 4 7 
5785710 7031600 15262708 
7 4 8 5 3 6 0 9 1 2 
5811290 6109366 16482290 
5 0 8 7 3 6 1 9 4 2 
5824770 8706076 11070028 
0 4 8 5 3 6 7 9 2 1 
5842374 6455282 15079530 
0 4 8 5 3 6 1 9 7 2 
5892732 8000146 11740812 
1 5 8 2 3 6 7 9 4 0 
5904340 6969264 14049074 
7 5 8 4 3 6 1 9 0 2 
5905174 8611422 11423398 
2 1 8 7 3 6 5 9 4 0 
5942446 6289180 14005088 
2 5 8 7 3 6 1 9 4 0 
5968616 7841494 11848832 
7 2 8 4 3 6 1 9 0 5 
5982424 7129980 11230514 
4 0 8 7 3 6 1 9 2 5 
5994734 9313020 10293146 
7 2 8 5 3 6 1 9 0 4 
6019676 7408714 11195354 
5 0 8 2 3 6 1 9 4 7 
6089716 8954808 10571354 
4 0 8 2 3 6 1 9 5 7 
6091650 10584008 9851380 
4 2 8 7 3 6 1 9 5 0 
6190352 8254916 10651928 
2 1 8 0 3 6 5 9 4 7 
6311838 6490658 13714884 
4 5 8 0 3 6 1 9 2 7 
6320738 8546802 10406210 
7 4 8 2 3 6 0 9 1 5 
6334072 6107488 16271242 
5 2 8 0 3 6 1 9 4 7 
6359196 6839522 10779594 
4 2 8 0 3 6 1 9 5 7 
6462290 7723372 10053290 
2 1 9 7 3 8 5 6 4 0 
7100592 6504674 12916570 
2 1 8 7 3 9 5 6 4 0 
7456828 5994556 12519616 
7 4 8 5 3 9 0 6 1 2 
7696044 5834774 16911912 
4 0 9 7 6 3 1 8 2 5 
7725962 9315218 9977382 
2 1 8 0 3 9 5 6 4 7 
7904872 6196034 12229412 
5 2 8 0 3 9 1 6 4 7 
7938942 6565954 11118562 
4 2 8 0 3 9 1 6 5 7 
8042884 7449788 10392098 
7 4 8 2 3 9 0 6 1 5 
8128938 5832896 16700864 
1 2 8 5 7 6 3 9 4 0 
8543732 7413846 9910772 
1 0 6 4 5 8 3 9 7 2 
8545372 7384110 10749446 
7 4 9 2 6 3 1 8 0 5 
8593614 7217682 10743066 
7 4 6 5 3 9 0 8 1 2 
8602422 5835098 16468866 
0 1 8 4 5 6 3 9 7 2 
8632076 6504824 12116698 
1 0 8 4 5 6 3 9 7 2 
8645116 7141548 10549808 
4 0 6 2 3 9 1 8 5 7 
8739566 10315294 9753954 
2 1 6 7 5 8 3 9 4 0 
8777660 6525736 11971136 
5 2 6 0 3 9 1 8 4 7 
8856602 6564310 10671788 
1 0 6 2 5 8 3 9 7 4 
8899084 7412900 10506500 
1 5 8 2 7 6 3 9 4 0 
8905732 6939418 9954842 
2 1 8 7 5 6 3 9 4 0 
8939614 6285230 11776078 
7 4 6 2 3 9 0 8 1 5 
9032718 5833148 16257818 
5 0 9 7 1 3 6 8 4 2 
9152306 8681596 8205146 
4 0 9 7 1 3 6 8 5 2 
9214712 10325794 8194000 
2 5 9 7 1 3 6 8 4 0 
9226070 7859940 9908584 
4 2 9 7 1 3 6 8 5 0 
9400042 8264220 8599014 
5 2 9 7 1 3 6 8 4 0 
9438706 7364532 8616130 
5 4 9 7 1 3 6 8 2 0 
9703798 7168340 9861004 
4 0 9 2 1 3 6 8 5 7 
9778050 10575842 8001598 
4 5 9 0 1 3 6 8 2 7 
9791080 8564050 8598444 
7 2 9 4 1 3 6 8 0 5 
9854706 7138396 9729098 
5 2 9 0 1 3 6 8 4 7 
9857334 6833874 8250726 
5 0 9 2 1 3 6 8 4 7 
9863946 8931028 8012480 
4 2 9 0 1 3 6 8 5 7 
9872598 7733338 8233514 
2 1 8 7 9 3 5 6 4 0 
9960900 5996058 12355316 
5 2 9 0 3 1 6 8 4 7 
10474132 6831376 8491734 
7 4 8 5 0 6 3 9 1 2 
10520242 6068666 10668908 
5 2 8 0 3 1 6 9 4 7 
10692314 6823300 9454160 
7 4 8 2 9 3 0 6 1 5 
10856510 5832926 16448332 
7 4 8 2 0 6 3 9 1 5 
11043904 6068548 10968370 
7 4 6 5 9 3 0 8 1 2 
11147202 5835128 16216334 
5 1 8 7 2 6 3 9 4 0 
11165702 6282412 10630856 
3 0 4 2 1 5 6 8 9 7 
11217470 11926004 7955742 
9 0 4 5 1 2 6 8 3 7 
11283546 13663034 7661126 
5 2 8 0 3 1 9 6 4 7 
11290906 6558854 9698040 
3 0 4 2 1 5 8 6 9 7 
11392282 11968954 7844992 
9 0 4 2 1 5 6 8 3 7 
11408688 12670230 7278490 
9 5 4 0 1 2 6 8 3 7 
11454968 12365708 7828554 
9 7 4 2 1 5 6 8 3 0 
11544732 11039270 7837996 
9 7 4 0 1 2 6 8 3 5 
11548032 11063256 7630728 
7 4 6 2 9 3 0 8 1 5 
11577498 5833178 16005286 
9 0 4 2 1 5 8 6 3 7 
11587756 12712560 7134188 
4 2 9 1 7 3 6 8 5 0 
11700062 7821166 8165328 
2 4 9 1 7 3 6 8 5 0 
11725928 6482682 10361358 
9 7 4 0 1 2 8 6 3 5 
11734946 11105622 7500042 
5 2 9 1 7 3 6 8 4 0 
11784324 6921422 8182430 
2 1 9 7 5 3 8 6 4 0 
11801532 6494680 9353104 
1 0 9 7 5 3 8 6 4 2 
11837688 9055936 7903186 
5 1 8 7 2 9 3 6 4 0 
11856082 6027708 11791506 
2 1 9 7 5 3 6 8 4 0 
11874992 6267894 9226816 
5 2 8 0 1 3 6 9 4 7 
11903436 6825798 9213152 
1 0 9 7 5 3 6 8 4 2 
11904172 8831606 7904298 
3 7 4 0 5 2 8 6 9 1 
11960690 9437154 7728790 
9 0 4 7 1 5 6 8 3 2 
11963966 12422806 7473070 
1 9 4 6 2 5 7 0 8 3 
11980394 5878414 12944522 
1 2 9 5 7 3 6 8 4 0 
11985482 7401058 7923038 
9 7 4 0 5 2 8 6 3 1 
12008800 9684676 7014110 
1 6 4 8 2 5 7 0 9 3 
12030720 5872340 12801428 
1 8 4 6 2 5 7 0 9 3 
12032158 5675618 12777844 
3 7 4 0 5 2 6 8 9 1 
12047910 9394168 7837838 
4 0 9 7 5 3 6 8 2 1 
12072498 7576086 7910786 
9 7 4 1 5 2 8 6 3 0 
12073816 9657756 7466760 
9 7 4 0 5 2 6 8 3 1 
12091764 9642310 7156710 
7 4 8 5 0 9 3 6 1 2 
12096436 5805978 11828530 
3 6 4 8 2 5 7 0 9 1 
12135628 5651376 12346544 
3 8 4 6 2 5 7 0 9 1 
12137234 5468066 12318418 
9 1 4 0 5 2 8 6 3 7 
12155948 8691084 7554372 
1 6 4 9 2 5 7 0 8 3 
12208860 5366782 12990086 
9 1 4 0 5 2 6 8 3 7 
12237076 8648724 7698674 
1 5 9 2 7 3 6 8 4 0 
12240910 6936730 7983778 
1 8 4 9 2 5 7 0 6 3 
12263426 5305240 13340848 
5 2 9 0 7 3 6 8 4 1 
12408036 6825256 8025690 
7 6 4 9 5 2 0 1 8 3 
12466298 5205972 16574556 
1 5 9 2 7 3 8 6 4 0 
12491460 7160988 7975858 
9 1 4 7 5 2 8 6 3 0 
12494164 8489142 7382094 
7 8 4 9 5 2 0 1 6 3 
12517358 5165402 17012724 
5 1 9 2 7 3 6 8 4 0 
12525796 7204284 7945938 
7 4 8 2 0 9 3 6 1 5 
12530210 5805860 12127992 
9 1 4 7 5 2 6 8 3 0 
12574442 8446776 7524694 
6 9 4 3 2 5 7 0 8 1 
12601014 5845316 11367106 
7 9 4 8 2 5 0 1 3 6 
12610420 5299034 16082092 
7 9 4 8 5 2 0 1 3 6 
12667376 5298324 15730424 
7 6 4 9 2 1 0 5 8 3 
12727808 4927862 19878788 
7 8 4 9 2 1 0 5 6 3 
12767918 4887456 20316956 
7 8 4 6 1 5 0 2 9 3 
12788536 5056876 15470122 
7 6 4 9 5 1 0 2 8 3 
12791596 4890988 16787250 
7 8 4 9 5 1 0 2 6 3 
12835816 4850618 17225418 
7 8 4 6 5 1 0 2 9 3 
12888034 5053772 15963182 
5 2 6 0 1 3 9 8 4 7 
12908756 6559726 9010258 
7 6 4 9 1 5 0 2 8 3 
12937598 4893526 16294190 
7 8 4 9 1 5 0 2 6 3 
12984198 4852722 16732358 
7 4 6 5 0 9 3 8 1 2 
13003596 5807168 11475692 
8 3 4 7 2 5 9 1 6 0 
13031942 7929334 7843856 
1 9 4 6 0 5 7 2 8 3 
13037560 4625242 16336442 
7 9 4 8 1 5 0 2 3 6 
13086362 4986800 15713674 
1 8 4 6 0 5 7 2 9 3 
13101654 4422554 16169764 
7 9 4 8 5 1 0 2 3 6 
13101690 4982740 15943118 
9 7 4 1 2 5 6 8 3 0 
13130210 9611720 7268376 
9 6 4 1 0 5 7 2 8 3 
13146666 4805478 15559650 
9 7 4 1 2 5 8 6 3 0 
13156626 9654080 7125776 
6 9 4 3 5 1 0 2 8 7 
13190814 5304938 13054846 
6 1 4 9 0 5 7 2 8 3 
13192014 5254550 15415990 
9 8 4 1 0 5 7 2 6 3 
13195752 4743888 15910412 
3 8 4 6 0 5 7 2 9 1 
13212834 4215154 15754274 
6 9 4 1 0 5 7 2 8 3 
13214178 4704452 15363356 
8 9 4 1 0 5 7 2 6 3 
13243312 4949820 15165194 
1 6 4 9 0 5 7 2 8 3 
13277414 4113766 16382006 
1 8 4 9 0 5 7 2 6 3 
13326500 4052176 16732768 
6 9 4 3 1 5 0 2 8 7 
13395464 5304548 12385242 
2 1 8 7 5 3 9 6 4 0 
13396172 6006608 10203292 
8 9 4 3 1 5 0 2 6 7 
13400058 5550640 12220678 
7 4 6 2 0 9 3 8 1 5 
13434772 5806978 11775154 
3 6 4 8 0 2 7 1 9 5 
13448238 5500550 11957510 
3 8 4 6 0 2 7 1 9 5 
13485992 5223252 11961164 
9 7 4 0 2 5 6 8 3 1 
13537172 9640122 7244102 
9 7 4 0 2 5 8 6 3 1 
13563588 9682482 7101502 
9 6 4 3 0 5 1 2 8 7 
13631956 5608890 11515662 
9 6 4 3 0 5 7 2 8 1 
13645066 4833578 15050142 
6 9 4 3 0 5 7 2 8 1 
13650424 4592296 14802962 
8 9 4 3 0 5 7 2 6 1 
13666076 4837720 14604824 
9 8 4 3 0 5 1 2 6 7 
13672148 5553422 11865938 
6 9 4 3 0 5 1 2 8 7 
13707234 5286120 10950578 
8 9 4 3 0 5 1 2 6 7 
13711828 5532212 10786014 
3 1 4 7 2 5 6 8 9 0 
13749424 7499732 7859026 
9 1 4 7 2 5 6 8 3 0 
13752790 8443310 7183710 
3 1 4 7 2 5 8 6 9 0 
13774270 7542712 7749978 
9 1 4 7 2 5 8 6 3 0 
13781892 8485670 7041110 
8 5 1 2 7 4 3 9 6 0 
13935164 8238914 7122568 
8 2 1 5 7 4 9 3 6 0 
13956712 11110998 6897938 
4 1 9 7 2 3 6 8 5 0 
14050864 7355348 7797614 
7 4 9 5 0 3 6 8 1 2 
14055868 6071138 9376292 
5 1 9 7 2 3 6 8 4 0 
14090448 6256932 7813050 
2 1 6 7 5 3 9 8 4 0 
14120622 6013020 9769854 
8 5 1 2 7 4 9 3 6 0 
14139826 9089334 6998624 
9 2 1 5 7 4 6 8 3 0 
14235292 12078984 6419380 
9 5 1 2 7 4 6 8 3 0 
14356512 10454736 6523416 
9 6 4 1 0 2 3 5 8 7 
14396120 5070294 13492130 
9 8 4 1 0 2 3 5 6 7 
14435440 4989818 13830564 
6 9 4 1 0 2 3 5 8 7 
14440364 4979870 13335734 
9 2 1 5 7 4 8 6 3 0 
14463966 12303254 6411460 
7 4 9 2 0 3 6 8 1 5 
14487172 6071092 9662138 
9 5 1 2 7 4 8 6 3 0 
14593244 10679006 6515496 
8 9 4 3 0 1 5 2 6 7 
14665886 5510358 10087328 
9 2 1 0 4 7 6 8 3 5 
14690198 12279038 6263328 
6 9 4 3 0 1 5 2 8 7 
14690342 5259940 10017168 
1 8 4 9 0 2 7 5 6 3 
14727364 4049344 17552738 
9 0 1 7 5 4 8 6 3 2 
14775830 11509682 6366140 
9 7 1 0 5 4 8 6 3 2 
14790364 9288616 6462508 
9 0 1 7 5 4 6 8 3 2 
14856132 11285340 6367252 
9 7 1 0 5 4 6 8 3 2 
14873352 9064274 6463620 
6 9 0 3 2 7 5 4 8 1 
14897534 5914398 9493586 
6 9 4 3 0 2 7 5 8 1 
15013762 4590562 15623412 
1 9 4 6 7 5 0 2 8 3 
15094996 4599362 13330808 
1 8 4 6 7 5 0 2 9 3 
15171366 4396746 13164130 
9 6 4 1 7 5 0 2 8 3 
15188624 4787122 12956640 
6 9 4 1 7 5 0 2 8 3 
15270444 4681672 12525482 
3 8 4 6 7 5 0 2 9 1 
15277750 4203690 13690988 
8 9 4 1 7 5 0 2 6 3 
15295488 4927660 12360872 
1 6 4 9 7 5 0 2 8 3 
15322180 4087970 13376372 
1 8 4 9 7 5 0 2 6 3 
15369220 4026368 13727134 
9 0 1 2 4 7 6 8 3 5 
15399510 10921512 6420128 
9 2 1 0 5 7 8 6 3 4 
15589026 11585114 6095694 
9 2 1 0 5 7 6 8 3 4 
15652364 11360792 6096806 
6 9 4 3 7 5 0 2 8 1 
15707042 4570220 12169292 
8 9 4 3 7 5 0 2 6 1 
15718604 4816264 12004706 
3 4 1 0 5 7 8 6 9 2 
15730650 8743696 6926426 
9 4 1 0 5 7 8 6 3 2 
15749660 9883634 6216026 
6 4 7 2 3 0 9 1 8 5 
15757876 7590652 7678330 
8 4 7 2 3 0 9 1 6 5 
15796218 7640252 7516436 
3 4 1 0 5 7 6 8 9 2 
15798244 8518754 6893986 
9 4 1 0 5 7 6 8 3 2 
15812998 9659312 6217138 
5 1 8 7 2 3 9 6 4 0 
15916788 6000558 9057942 
6 4 1 0 5 7 3 9 8 2 
16128348 7793132 6984484 
8 4 1 0 5 7 3 9 6 2 
16168150 7842940 6855248 
9 0 1 2 5 7 8 6 3 4 
16287624 10429068 6184394 
9 0 1 2 5 7 6 8 3 4 
16361706 10204746 6185506 
7 4 8 5 0 3 9 6 1 2 
16384646 5785204 9684638 
5 1 6 7 2 3 9 8 4 0 
16647646 6006970 8624504 
8 4 1 2 5 7 3 9 6 0 
16754142 7392362 7149118 
6 4 1 2 5 7 3 9 8 0 
16768268 7342330 7278258 
9 6 2 3 0 5 1 4 8 7 
16809824 5667276 8950200 
6 5 1 4 0 7 3 9 8 2 
16812144 6740416 6917006 
8 5 1 4 0 7 3 9 6 2 
16826580 6641210 6786518 
9 8 2 3 0 5 1 4 6 7 
16850016 5611808 9300476 
6 9 2 3 0 5 1 4 8 7 
16885102 5344506 8385116 
8 9 2 3 0 5 1 4 6 7 
16889696 5590598 8220552 
8 4 1 0 5 7 9 3 6 2 
17022292 8693276 6717688 
9 5 1 4 0 7 6 8 3 2 
17116234 8855284 6151786 
8 4 1 5 0 7 3 9 6 2 
17173616 6788284 6631038 
6 4 1 5 0 7 3 9 8 2 
17179412 6738420 6760260 
9 5 1 4 0 7 8 6 3 2 
17324882 9079564 6150674 
9 4 1 2 0 7 6 8 3 5 
17434126 8604776 6278516 
9 4 1 5 0 7 6 8 3 2 
17525164 8604942 5992956 
9 4 1 5 0 7 8 6 3 2 
17725754 8829222 5991844 
8 4 1 5 0 7 9 3 6 2 
17726126 7638668 6493478 
3 8 4 6 2 0 7 1 9 5 
18209396 5220526 11477568 
1 8 2 6 7 5 0 4 9 3 
18367294 4479692 13124492 
6 9 5 3 0 2 1 4 8 7 
18384646 5268754 8269548 
8 9 5 3 0 2 1 4 6 7 
18390434 5513274 8102128 
1 6 2 9 7 5 0 4 8 3 
18518108 4170916 13336734 
6 9 4 3 1 0 5 2 8 7 
18756932 5265120 9996380 
6 9 2 3 7 5 0 4 8 1 
18898926 4653094 12129654 
8 9 2 3 7 5 0 4 6 1 
18910488 4899138 11965068 
1 8 5 6 7 2 0 4 9 3 
19108260 4410666 13036460 
1 6 5 9 7 2 0 4 8 3 
19162366 4093470 13234040 
1 8 5 9 7 2 0 4 6 3 
19209202 4036512 13592008 
6 9 5 3 7 2 0 4 8 1 
19532896 4593440 12054112 
8 9 5 3 7 2 0 4 6 1 
19545652 4837912 11886670 
9 6 4 1 7 0 5 2 8 3 
20369136 4734014 11154198 
9 8 4 1 7 0 5 2 6 3 
20399474 4672762 11504960 
8 9 4 1 7 0 5 2 6 3 
20483994 4866950 10088982 
6 9 4 1 7 0 5 2 8 3 
20488000 4616636 10018868 
3 8 4 1 7 0 5 2 9 6 
20581536 4545294 12650356 
9 6 2 1 7 0 5 4 8 3 
20626434 4803104 9671232 
3 8 2 1 7 0 5 4 6 9 
20710568 4544476 12367660 
8 9 2 1 7 0 5 4 6 3 
20741292 4936040 8606016 
1 6 4 9 7 0 5 2 8 3 
20744692 4046222 12244570 
6 9 2 1 7 0 5 4 8 3 
20745298 4685726 8535902 
1 8 4 9 7 0 5 2 6 3 
20775030 3984970 12595332 
1 9 4 6 7 0 5 2 8 3 
20808652 4557614 12199006 
1 6 4 8 7 0 5 2 9 3 
20821634 4551080 12055912 
3 8 2 1 7 0 5 4 9 6 
20838834 4614384 11167390 
1 8 4 6 7 0 5 2 9 3 
20918426 4354298 12032328 
3 6 4 8 7 0 5 2 9 1 
20927682 4337868 12205352 
1 6 2 9 7 0 5 4 8 3 
21003436 4115312 10761604 
1 8 2 9 7 0 5 4 6 3 
21033774 4054060 11112366 
6 9 4 3 7 0 5 2 8 1 
21069630 4505256 9683102 
1 8 2 6 7 0 5 4 9 3 
21177170 4423388 10549362 
3 6 2 8 7 0 5 4 9 1 
21182382 4406886 10722386 
3 8 2 6 7 0 5 4 9 1 
21279342 4223516 10694260 
8 9 2 3 7 0 5 4 6 1 
21306842 4824644 8270274 
6 9 2 3 7 0 5 4 8 1 
21324330 4574274 8200136 
1 8 4 9 0 7 5 2 6 3 
21579848 3984928 12979512 
6 9 4 3 0 7 5 2 8 1 
21754592 4504140 9825534 
6 5 3 4 0 7 1 9 8 2 
22556948 6493540 7273456 
8 5 3 4 0 7 1 9 6 2 
22575932 6393192 7108484 
6 4 3 2 0 7 8 9 1 5 
22713106 6362766 7447684 
8 4 3 2 0 7 6 9 1 5 
22737996 6264418 7467222 
8 4 3 5 0 7 1 9 6 2 
22899334 6566526 6996346 
6 4 3 5 0 7 8 9 1 2 
22968938 6362466 7156650 
8 4 3 5 0 7 6 9 1 2 
22973044 6264160 7181300 
1 8 2 9 0 7 5 4 6 3 
25128848 4054018 11496546 
6 9 2 3 0 7 5 4 8 1 
25299548 4573158 8342568 
1 6 5 9 7 0 2 4 8 3 
27289720 4039884 10937152 
1 8 5 9 7 0 2 4 6 3 
27327012 3983126 11295120 
6 9 5 3 7 0 2 4 8 1 
27586438 4530174 9180372 
1 8 5 9 0 7 2 4 6 3 
28202782 3983040 11679300 
6 9 5 3 0 7 2 4 8 1 
28342352 4529014 9322804 
