163 3
0 5 6 4 3 2 1 
433486 10059818 18137632 
0 5 1 4 3 2 6 
434158 9857030 17985718 
4 2 1 0 3 5 6 
436276 11262808 14326554 
3 2 6 4 0 5 1 
440366 10418634 14238906 
3 2 1 4 0 5 6 
440794 10356420 14027306 
3 0 6 2 4 5 1 
441592 12650654 10437160 
3 0 1 2 4 5 6 
442362 12489878 10427314 
3 4 6 2 0 5 1 
443382 12328012 11135886 
3 4 1 2 0 5 6 
444140 12265552 10994644 
3 5 6 2 4 0 1 
468040 9855306 18995872 
3 5 1 2 4 0 6 
468810 9763550 18844486 
3 5 6 4 0 2 1 
469028 9072542 16940722 
3 5 1 4 0 2 6 
469456 8975818 16799892 
4 0 6 3 2 5 1 
479192 12619516 9307532 
4 0 1 3 2 5 6 
479638 12409828 9293026 
4 3 1 0 2 5 6 
481928 15039404 6222178 
3 5 1 0 4 2 6 
482040 8175092 17311906 
3 0 1 4 2 5 6 
487934 12258198 9871898 
3 2 1 0 4 5 6 
491372 9555452 12619292 
2 3 1 0 4 5 6 
493220 14937514 6816872 
0 4 6 5 3 2 1 
496004 10175598 11419878 
0 4 1 5 3 2 6 
496676 9972810 11267964 
0 2 6 5 3 4 1 
498878 8967782 15515420 
0 2 1 5 3 4 6 
499550 8799504 15292736 
4 0 6 2 3 5 1 
511984 8608090 9159462 
4 0 1 2 3 5 6 
512754 8447314 9149616 
4 5 6 2 3 0 1 
524410 5812742 17718212 
4 5 1 2 3 0 6 
525180 5720986 17566826 
0 3 1 2 4 5 6 
525390 14788528 7426628 
0 5 1 3 4 2 6 
530748 8301442 16794476 
3 4 1 0 2 5 6 
540290 11232904 9031214 
2 3 6 5 4 0 1 
544438 13529060 7625014 
2 3 1 5 4 0 6 
544762 13441424 7474510 
2 5 6 4 3 0 1 
555202 5932354 17375274 
2 5 1 4 3 0 6 
555526 5844718 17224770 
4 3 6 2 0 5 1 
581964 10384592 5341890 
4 3 1 2 0 5 6 
582722 10322132 5200648 
2 5 6 4 0 3 1 
643668 6466416 16917296 
2 5 1 4 0 3 6 
643980 6408076 16776936 
2 3 6 4 5 0 1 
697616 11660280 5089132 
2 3 1 4 5 0 6 
697940 11572644 4938628 
2 0 1 4 5 3 6 
722110 10261184 8439762 
4 0 1 2 5 3 6 
732084 10137466 8892880 
4 0 3 2 1 5 6 
756294 8212608 9007414 
4 0 6 2 1 5 3 
756832 8261164 8616080 
4 5 3 2 1 0 6 
767776 5486280 17346440 
4 5 6 2 1 0 3 
768314 5603856 16813566 
2 5 6 4 1 0 3 
807470 5725244 16472704 
2 5 3 4 1 0 6 
809162 5587068 17001168 
4 1 3 2 0 5 6 
826302 10337042 4750158 
4 1 6 2 0 5 3 
826918 9746544 5212898 
4 0 1 2 6 5 3 
849760 8170408 8607328 
4 5 1 2 6 0 3 
861714 5513100 16843906 
2 5 6 4 0 1 3 
892258 6175238 15937330 
2 5 1 4 6 0 3 
899030 5638312 16503580 
4 6 3 2 0 5 1 
923428 10406286 4711856 
4 6 1 2 0 5 3 
924802 9753328 5033354 
2 1 3 4 5 0 6 
947664 11563106 4485082 
2 5 1 4 0 6 3 
990776 6116822 15946322 
2 6 3 4 5 0 1 
1044208 11662102 4456498 
4 0 1 2 5 6 3 
1078562 9745674 8310434 
6 2 0 4 1 5 3 
2181730 8120768 14284776 
6 5 0 4 1 2 3 
2200484 7016246 15181604 
6 5 0 1 4 2 3 
2277598 6130140 14323264 
6 2 0 1 4 5 3 
2278312 7234538 12442620 
1 5 0 6 4 2 3 
2283068 6129542 14274974 
1 2 0 6 4 5 3 
2284206 7233942 12410196 
4 6 3 2 1 5 0 
2302900 9415128 8606216 
4 1 0 2 6 5 3 
2304410 8344032 5918808 
4 6 0 2 1 5 3 
2309366 8441572 5748016 
4 5 0 2 6 1 3 
2330142 4651364 15822140 
4 5 0 2 1 6 3 
2335864 4679878 15784390 
6 5 0 1 2 4 3 
2364604 6561050 13911166 
1 5 0 6 2 4 3 
2371310 6560454 13878742 
2 5 0 4 6 1 3 
2375310 4726838 15268588 
2 5 0 4 1 6 3 
2382268 4755354 15246704 
6 2 0 1 5 4 3 
2465988 8095452 11567470 
1 2 0 6 5 4 3 
2471882 8094856 11535046 
2 6 0 4 5 1 3 
2535770 10036726 4938200 
4 3 0 2 6 5 1 
2602196 8440682 5776694 
4 6 0 2 3 5 1 
2607192 8787838 5297614 
4 3 0 2 1 5 6 
2608706 8370542 5594912 
4 1 0 2 3 5 6 
2608746 8620158 5286624 
4 5 0 2 6 3 1 
2627836 4402908 16652886 
4 5 0 2 1 3 6 
2634346 4332768 16471104 
2 5 0 4 6 3 1 
2672056 4476618 16192454 
2 5 0 4 3 6 1 
2675270 4582194 16148966 
2 5 0 4 3 1 6 
2676216 4483834 15989414 
2 5 0 4 1 3 6 
2679960 4406774 16011018 
1 2 4 0 3 5 6 
2736206 7995836 11945722 
3 2 4 0 1 5 6 
2737960 7369212 11718798 
3 2 4 1 0 5 6 
2779644 7512458 11361812 
1 2 4 3 0 5 6 
2793948 7502446 11203274 
2 6 0 4 5 3 1 
2828976 10529516 4582806 
2 1 0 4 5 3 6 
2831112 10362132 4572162 
2 3 0 4 5 1 6 
2832200 10189576 4858846 
3 2 4 6 0 5 1 
2877662 7451084 11533338 
6 2 4 3 0 5 1 
2889752 7434020 11406152 
6 2 4 1 0 5 3 
3041496 6466226 11093868 
1 2 4 6 0 5 3 
3043710 6473278 11062516 
6 5 4 1 2 0 3 
3169934 6005994 14899152 
6 2 4 1 5 0 3 
3243488 7585892 10185550 
6 4 2 0 1 5 3 
4381962 7943044 9349842 
1 4 2 0 6 5 3 
4383804 7856090 9341434 
1 4 2 0 3 5 6 
4392324 8134120 8892014 
3 4 2 0 1 5 6 
4398770 7484564 8661862 
3 4 2 1 0 5 6 
4443652 7627784 8304902 
1 4 2 3 0 5 6 
4451788 7640716 8149580 
6 4 2 1 0 5 3 
4454924 6600962 8491368 
1 4 2 6 0 5 3 
4456110 6611838 8460552 
6 0 2 1 4 5 3 
4478674 7366392 8399522 
1 0 2 6 4 5 3 
4481484 7377268 8368706 
6 5 2 1 0 4 3 
4497372 4495704 14468718 
1 5 2 6 0 4 3 
4498558 4506580 14437902 
6 4 2 3 0 5 1 
4597708 7568408 8261576 
6 4 2 1 5 0 3 
4656682 7705964 7584610 
6 0 2 1 5 4 3 
4666842 8258138 7521092 
1 0 2 6 5 4 3 
4669652 8269014 7490276 
6 2 4 3 1 5 0 
4910566 6442082 14126040 
6 2 4 1 3 5 0 
4918268 5821924 14087144 
1 2 4 6 3 5 0 
4923270 5829568 14056484 
6 2 5 0 1 4 3 
5944836 5951338 13603816 
1 2 5 0 6 4 3 
5947460 5860562 13594870 
1 0 5 4 6 2 3 
5952496 7346836 8326762 
6 0 5 4 1 2 3 
5953462 7306932 8267866 
6 2 5 4 1 0 3 
5959774 5754068 13776870 
6 4 2 1 3 5 0 
5986358 5957080 12117052 
1 4 2 6 3 5 0 
5990332 5968548 12086928 
6 5 2 1 3 4 0 
6014882 5887912 12765758 
1 5 2 6 3 4 0 
6018856 5899380 12735634 
4 2 5 1 6 0 3 
6019198 5883504 13041016 
4 2 5 6 1 0 3 
6022636 5850656 12982506 
6 0 5 1 4 2 3 
6036234 6420780 7409572 
1 0 5 6 4 2 3 
6039648 6427830 7362354 
6 4 5 1 0 2 3 
6040314 5609854 9871324 
1 4 5 6 0 2 3 
6042104 5616904 9824106 
6 2 5 1 0 4 3 
6054920 4608994 11602964 
1 2 5 6 0 4 3 
6057134 4616046 11571612 
6 2 5 1 4 0 3 
6069236 4867746 11569796 
4 1 5 2 6 0 3 
6075798 5873914 7232752 
4 6 5 2 1 0 3 
6080294 5972206 7022788 
4 0 5 2 6 1 3 
6089576 4838554 8899506 
4 0 5 2 1 6 3 
6095310 4867820 8861676 
6 0 5 1 2 4 3 
6123006 6837026 6999034 
1 0 5 6 2 4 3 
6127656 6844078 6967682 
2 1 5 4 6 0 3 
6166570 5800278 6864554 
2 6 5 4 1 0 3 
6171878 5898570 6654590 
2 0 5 4 6 1 3 
6174836 4764892 8325050 
2 0 5 4 1 6 3 
6181806 4794160 8303086 
2 6 5 4 0 1 3 
6256234 6321492 6122096 
2 1 5 4 0 6 3 
6257896 6252468 6310096 
4 3 5 2 1 0 6 
6478314 5832788 6830456 
4 1 5 2 3 0 6 
6479274 6080900 6600512 
4 0 5 2 1 3 6 
6492472 4521342 9367622 
2 1 5 4 3 0 6 
6563076 6005784 6230584 
2 3 5 4 1 0 6 
6566988 5757672 6460528 
2 0 5 4 3 1 6 
6574410 4521768 8865188 
2 0 5 4 1 3 6 
6578178 4446212 8886632 
2 1 5 4 0 3 6 
6651200 6548462 5784950 
2 3 5 4 0 1 6 
6651344 6375906 5993450 
2 6 5 4 3 0 1 
6659620 6104780 6202000 
2 0 5 4 3 6 1 
6672144 4620760 8843972 
2 6 5 4 0 3 1 
6747744 6617410 5746302 
