99 4
1 2 3 5 0 4 
3754350 4021312 24082954 3676228 
3 2 1 5 4 0 
3774384 3708944 29639662 3395354 
1 5 3 2 0 4 
3781710 2791842 31417842 2617314 
3 5 1 2 4 0 
3807462 2693646 27277144 2484750 
3 2 1 5 0 4 
4026926 3705710 24583794 3393906 
1 5 3 2 4 0 
4083224 2788102 25525340 2550380 
4 0 1 5 3 2 
4123956 4876128 19062892 4514234 
4 0 3 5 1 2 
4226230 4876594 18912014 4509216 
1 5 4 0 2 3 
4249254 1465360 37807096 1463526 
4 5 3 0 1 2 
4276388 3042226 24960018 2894016 
3 5 4 0 2 1 
4343524 1276418 37791662 1291680 
1 4 3 5 0 2 
4810080 4021208 19032676 3755516 
0 4 3 2 1 5 
4815138 3740156 18149922 3600504 
0 2 3 4 1 5 
4834572 3044160 20020034 2985664 
1 5 3 4 0 2 
4865740 1686268 29384120 1729748 
3 4 1 5 0 2 
4912904 3705690 18488652 3489718 
3 5 1 0 4 2 
4959430 1278136 31111592 1383994 
3 5 1 4 2 0 
4965500 1777862 27214488 1689228 
1 5 0 2 3 4 
5006024 2790656 25149708 2716734 
0 4 1 2 3 5 
5018968 3740178 17363804 3627088 
1 5 3 4 2 0 
5054074 1682982 25449748 1590422 
3 5 0 2 1 4 
5069842 2696162 25414272 2635500 
1 5 3 0 4 2 
5147892 1467326 29369418 1540116 
3 5 1 0 2 4 
5208038 1278458 33063398 1295054 
4 1 3 5 0 2 
5244902 4873832 11034266 4497604 
4 3 1 5 0 2 
5293196 4873814 11037230 4505680 
3 5 0 2 4 1 
5296944 2693326 22198136 2485528 
4 5 3 1 0 2 
5324742 1684418 24867130 1714538 
3 5 4 1 2 0 
5329182 328132 35059922 576340 
3 5 2 0 4 1 
5329684 1275776 32862480 1380926 
1 5 4 3 2 0 
5370270 327778 34788854 575152 
3 4 1 2 0 5 
5444546 2700744 20274008 2733514 
3 2 1 4 0 5 
5467998 1784658 24354688 1931120 
1 5 0 2 4 3 
5508656 2787492 22197634 2550436 
1 2 3 4 0 5 
5573722 1689746 23812118 1821310 
3 4 1 2 5 0 
5741708 2697870 21901698 2511874 
3 2 4 5 0 1 
5813166 3705600 18454012 3395158 
3 0 1 2 4 5 
5908104 2695350 13171594 2708470 
3 2 1 0 4 5 
5937638 1278082 24319856 1490720 
3 5 0 4 1 2 
5980182 1779016 22211636 1888800 
3 5 0 4 2 1 
6049876 1777152 22135402 1689564 
1 0 3 2 5 4 
6051490 2790704 19640774 2619410 
1 2 3 0 5 4 
6086308 1463536 23907970 1454370 
1 5 0 4 3 2 
6090544 1684522 22476200 1807566 
2 1 3 5 0 4 
6256516 4336272 10964978 3949988 
1 5 0 4 2 3 
6261372 1682162 22122000 1590240 
1 0 3 2 4 5 
6297034 2789750 12116366 2763084 
3 5 2 1 4 0 
6316252 326450 28942566 625468 
1 2 3 0 4 5 
6324144 1467174 23796690 1627564 
0 1 3 2 4 5 
6351546 3737002 6927168 3587058 
0 2 3 1 4 5 
6405018 1465550 19912072 1614446 
0 3 1 2 4 5 
6445638 3736942 6937048 3613978 
3 2 0 1 5 4 
6479388 329056 32273586 586256 
3 2 1 0 5 4 
6483676 1274158 24417434 1281672 
0 2 1 3 4 5 
6503388 1276332 20706210 1478246 
1 5 2 3 4 0 
6560980 326444 29213562 626248 
1 2 0 3 5 4 
6586406 328566 31370164 583078 
4 5 0 1 3 2 
6685306 1682904 18320586 1793668 
3 0 1 4 2 5 
6915212 1780736 13109172 1914274 
3 4 1 0 2 5 
6921294 1279554 20176754 1498918 
1 4 3 0 5 2 
6991108 1464602 18857926 1534984 
1 0 3 4 2 5 
7116954 1685800 12041008 1804452 
0 1 3 4 2 5 
7121624 3043280 6879838 2984704 
0 4 3 1 2 5 
7155662 1467824 17994630 1626932 
3 4 0 1 5 2 
7163398 330414 28442628 648034 
3 1 4 0 2 5 
7163872 1279392 20203430 1571602 
3 0 4 1 2 5 
7188596 331374 24960056 738826 
3 4 1 0 5 2 
7218724 1275308 18322526 1378810 
3 5 0 1 2 4 
7278072 329462 25252572 580050 
4 1 3 0 5 2 
7337748 3043014 10909104 2907410 
1 0 4 3 2 5 
7358556 330900 24688964 737502 
1 5 0 3 2 4 
7363026 329378 24981558 579168 
0 3 1 4 2 5 
7425908 3043220 6889718 3011624 
3 5 0 1 4 2 
7435480 328490 22112670 629314 
1 2 4 0 5 3 
7453236 1462496 18303410 1454450 
0 4 1 3 2 5 
7464980 1278210 17195516 1488740 
3 2 4 0 1 5 
7504214 1275496 13699008 1548646 
4 3 1 0 5 2 
7526170 3042996 10912068 2915486 
3 2 4 0 5 1 
7553190 1273358 18287514 1282142 
1 2 4 0 3 5 
7788334 1464484 13169880 1711114 
3 4 2 0 5 1 
7900918 1273148 18322094 1376362 
1 5 4 3 0 2 
7930352 326664 30680730 445902 
3 2 0 1 4 5 
8182054 329380 25595784 575560 
0 2 4 3 1 5 
8205724 1273978 10446738 1537484 
3 2 4 1 5 0 
8304972 330146 20889964 590048 
1 2 4 3 5 0 
8368124 329386 19986488 586564 
1 2 0 3 4 5 
8666930 329254 25866756 576204 
3 2 4 1 0 5 
8729812 329686 13634502 727452 
1 5 2 3 0 4 
8789258 326134 27703312 445970 
1 4 2 3 5 0 
8887782 329254 20008224 645788 
1 2 4 3 0 5 
8909228 329038 13092378 725144 
3 2 5 1 0 4 
9093834 325786 28345146 719728 
1 2 5 3 0 4 
9336612 325528 27803100 717862 
1 0 4 3 5 2 
9377534 330134 27474950 469672 
0 4 2 1 3 5 
9807496 1463716 10442938 1656496 
0 4 2 3 1 5 
9912984 1274080 10429942 1491720 
3 4 2 1 0 5 
10241300 329788 13617706 681688 
1 4 2 3 0 5 
10643268 329140 13075582 679380 
3 0 5 1 4 2 
11482316 328376 22131442 680462 
