98 3
0 2 5 4 1 6 3 
4789916 14865148 11463858 
0 2 3 4 1 6 5 
4904074 14465844 11529448 
2 0 6 1 4 3 5 
4932274 13498306 12865846 
5 3 2 4 0 6 1 
4945318 17102104 9412438 
6 4 0 1 2 5 3 
4947452 14287126 11821414 
5 3 0 4 2 6 1 
4958646 17027414 10031728 
2 0 6 5 1 3 4 
4995592 20441126 8857708 
0 2 1 4 5 6 3 
5012158 15271994 9743398 
6 4 2 1 0 5 3 
5016242 14287094 12283434 
2 0 4 1 6 3 5 
5033596 13714262 12022138 
2 0 4 5 1 3 6 
5073488 16442550 8794186 
2 0 4 1 5 3 6 
5079400 16435710 9357400 
0 2 6 1 4 3 5 
5105422 13498306 12811590 
2 0 3 4 1 6 5 
5107606 14465844 11505506 
6 4 2 1 3 5 0 
5109036 19753684 8654870 
6 4 2 3 1 5 0 
5160774 19758814 8237234 
0 2 4 1 6 3 5 
5195476 13714262 11915616 
0 2 1 4 3 6 5 
5267228 14673430 11283968 
2 0 1 4 5 6 3 
5294630 15982234 9568990 
0 2 6 1 4 5 3 
5297808 10948316 12640076 
0 2 3 5 1 6 4 
5309826 12887208 9270942 
0 2 4 5 1 3 6 
5318662 17241570 8498664 
6 4 1 2 3 0 5 
5340996 18655344 7860372 
3 5 1 0 4 2 6 
5362690 15820294 8869846 
0 2 4 5 1 6 3 
5366096 14679068 9183390 
0 2 4 1 6 5 3 
5387862 11164272 11744102 
2 0 3 5 1 6 4 
5398374 11821848 9498616 
5 1 2 4 0 6 3 
5542190 14052246 8949466 
6 4 1 0 3 2 5 
5578902 18584210 8365188 
5 6 1 2 0 3 4 
5700844 14690644 7438754 
0 2 4 6 1 5 3 
5704538 11164842 11688142 
5 6 1 0 2 3 4 
5790946 14686084 7829194 
0 2 4 3 1 5 6 
5795254 14091222 8874936 
4 6 0 1 2 3 5 
5874514 9661464 12949942 
2 0 5 3 1 6 4 
5899188 11608824 11141358 
0 2 1 6 4 5 3 
5913876 10957108 8653736 
4 6 2 1 0 3 5 
5954572 9595048 13501876 
2 0 1 6 4 5 3 
5964424 11667348 8364056 
6 4 5 3 1 2 0 
6048128 10920602 9635298 
5 6 1 2 3 0 4 
6100524 14360990 8114508 
6 4 1 2 0 3 5 
6121186 11787824 7780886 
3 1 2 4 0 6 5 
6170622 10858346 8938238 
6 4 1 0 2 3 5 
6209632 11783264 8167060 
3 1 0 4 2 6 5 
6225660 10783628 9664816 
5 6 4 2 0 3 1 
6256118 15715708 7363802 
4 6 5 3 1 0 2 
6306428 10662722 11017756 
3 2 1 6 4 5 0 
6363354 13006022 7095646 
4 6 5 3 1 2 0 
6423412 9855242 10532600 
6 5 4 2 0 3 1 
6450402 11454268 7961888 
5 1 4 2 0 3 6 
6462198 18155048 6859058 
3 1 0 6 4 5 2 
6565602 22179958 6780664 
4 6 2 0 1 3 5 
6604700 9583078 14501068 
6 5 4 0 2 3 1 
6606754 11449708 8345668 
3 5 1 0 2 6 4 
6618484 10630974 9043194 
4 6 1 2 0 3 5 
6641906 9479544 9095194 
4 6 1 0 2 3 5 
6729800 9474984 9481314 
3 0 1 6 4 5 2 
6819896 13005994 6896932 
5 3 1 0 2 4 6 
6836108 10699160 8419162 
5 3 1 2 0 4 6 
7033806 10692320 8995588 
5 3 1 6 4 0 2 
7041516 8984254 9501232 
5 3 1 4 6 0 2 
7129630 8977414 10076074 
5 3 6 4 1 0 2 
7157528 8595402 14566734 
5 4 1 2 0 3 6 
7198494 11518908 6764408 
3 5 1 0 2 4 6 
7235504 8568440 9282016 
5 4 1 0 2 3 6 
7288596 11514348 7153822 
3 5 2 0 1 4 6 
7375962 8402360 14642354 
3 1 4 0 2 6 5 
7387384 10331088 8382560 
3 5 1 2 0 4 6 
7431730 8561600 9858298 
3 1 4 2 0 6 5 
7472534 10325958 8817044 
3 5 2 1 0 4 6 
7478752 8384120 16180822 
3 5 0 1 2 4 6 
7522128 8284460 15938512 
6 0 4 5 1 3 2 
7614332 10262148 7949306 
3 5 0 2 1 4 6 
7615564 8295860 14976326 
6 0 4 1 5 3 2 
7624476 10255308 8520800 
6 2 4 5 1 3 0 
8131694 11237988 7703210 
5 0 1 6 4 3 2 
8138534 9889852 8556190 
1 5 3 0 2 4 6 
8170888 8348260 9993082 
1 5 3 2 0 4 6 
8370872 8341420 10569382 
1 5 0 3 2 4 6 
8580132 8277308 13958612 
0 4 2 1 3 5 6 
8773456 8915422 8339748 
6 1 4 2 3 0 5 
8796870 16124164 6762582 
0 4 2 3 1 5 6 
8820410 8920552 7912752 
1 5 0 2 3 4 6 
8846222 8275028 14147820 
3 4 1 0 2 5 6 
8885850 8587106 8585396 
3 4 1 2 0 5 6 
8909396 8587106 8582174 
6 1 4 2 0 3 5 
9259940 9990244 6683096 
6 1 4 0 2 3 5 
9416292 9985684 7069270 
2 4 0 1 3 5 6 
9448088 8915386 8484666 
2 4 0 3 1 5 6 
9491284 8920516 8057652 
6 1 5 2 0 3 4 
9941812 23014512 6610822 
2 5 0 3 1 4 6 
10200296 8294668 11016568 
1 4 3 0 2 5 6 
10238924 8504476 9104432 
1 4 3 2 0 5 6 
10266228 8504476 9101228 
2 5 0 1 3 4 6 
10372950 8280988 12167962 
4 1 6 2 0 3 5 
11246960 9751720 7435234 
4 1 6 0 2 3 5 
11392038 9747160 7821354 
2 1 3 6 4 5 0 
11445060 22333968 6572704 
0 1 3 6 4 5 2 
11810264 21712476 6676222 
