45 4
2 5 6 4 0 1 3 
13481262 5594608 6714602 8227512 
2 4 6 5 0 1 3 
13542876 6259790 6073574 8471312 
1 2 6 4 0 5 3 
13635414 5719692 6509622 7867580 
0 4 6 2 1 5 3 
13925828 7166184 5813618 9878318 
0 4 6 2 5 1 3 
14038450 7326710 5846488 9097018 
0 5 6 4 2 1 3 
14259956 7529036 6386646 8061330 
2 1 6 4 0 5 3 
14619508 5640418 6776064 7910254 
2 5 1 4 0 6 3 
14688002 5460868 7138084 9136682 
0 6 4 3 2 1 5 
14757262 9957916 5724864 8946828 
0 4 6 5 2 1 3 
14762480 9269088 5903538 8466110 
0 4 6 1 2 5 3 
14828526 6649622 6020746 9888746 
2 4 6 1 0 5 3 
15120542 7398914 6302542 8176078 
3 1 2 6 0 4 5 
15225368 5563908 6685190 10432078 
3 1 5 6 0 4 2 
15384082 5400322 6804862 10205030 
0 3 4 1 5 6 2 
15472130 6891286 5961908 10914036 
1 3 2 6 0 4 5 
16067002 6728396 8084640 7670084 
1 2 6 5 0 4 3 
16147580 6913264 6157306 8207582 
0 5 6 2 1 4 3 
16155658 7278126 5922930 9477014 
1 3 5 6 0 4 2 
16223348 6558890 8203288 7427452 
4 3 5 6 0 1 2 
16374896 6910102 7727530 7745684 
6 2 1 4 3 5 0 
16466684 6859160 8015608 7707632 
3 2 1 5 0 4 6 
16761092 9205182 5723526 11290004 
5 0 6 4 2 1 3 
17016918 5776150 6445044 9239600 
6 4 2 1 3 5 0 
17102044 5241918 7990806 8254738 
6 4 2 5 3 1 0 
17270620 6758206 8504198 7144964 
6 5 0 4 3 1 2 
17391314 7264920 8711546 7102872 
1 5 0 4 3 6 2 
17505092 6203580 9337238 7348760 
1 5 2 4 3 6 0 
17507802 6018484 9262610 7082004 
4 0 6 1 5 2 3 
17586692 6580410 7739556 7651388 
6 5 2 4 3 1 0 
17712672 7147654 8961142 6931282 
4 0 6 1 2 5 3 
17836366 7292486 7807030 7503160 
5 1 0 4 3 6 2 
18079458 5162522 8552560 9502234 
5 1 2 4 3 6 0 
18090308 4997776 8481452 9289048 
4 3 1 6 2 5 0 
18183262 8220414 9391102 6897402 
2 6 1 4 5 3 0 
18620974 5335750 7457566 11634168 
5 6 1 4 2 3 0 
18661320 5360316 7762458 10658932 
1 5 2 6 3 4 0 
19067084 5438136 7823386 8793340 
3 5 1 6 2 4 0 
19096100 5350648 7125604 11724650 
5 6 0 4 3 1 2 
19543118 5139736 7765884 10425402 
4 6 0 5 3 1 2 
19624266 5389168 7952308 9678292 
6 5 2 1 3 4 0 
19648292 5352504 7690894 9338534 
5 6 2 4 3 1 0 
19870100 5036530 8017912 10290824 
4 6 2 5 3 1 0 
19928508 5195572 8169836 9409314 
2 1 5 4 0 6 3 
21091274 4958172 9614900 10457864 
2 1 5 4 3 6 0 
21503548 4958004 9681520 11583456 
