88 4
3 0 1 2 5 4 
393194 18466924 1407836 1798844 
0 3 1 2 5 4 
393216 17640764 2354406 1353438 
1 3 0 5 2 4 
394068 13597932 2051684 1113614 
3 1 0 5 2 4 
394252 11152676 1393696 1785792 
0 3 1 5 2 4 
396756 17638218 1923718 1349490 
1 0 3 2 5 4 
407530 14948240 1562912 1110994 
0 1 3 2 5 4 
407704 11675160 1564230 1335078 
0 3 2 1 5 4 
414726 22049502 1238286 1569812 
3 0 2 1 5 4 
414832 18784526 1311620 1813362 
0 3 5 1 2 4 
415352 20512654 1189838 1490084 
0 1 3 5 2 4 
418444 11674182 1421286 1334010 
5 3 0 1 2 4 
421176 19627854 1259554 987324 
2 0 3 1 5 4 
434096 15565066 1473996 982784 
0 2 3 5 1 4 
438978 16765920 1364828 1563060 
0 5 3 2 1 4 
439602 19427596 1327974 1490016 
3 5 0 2 1 4 
444082 19548378 1287508 1914612 
0 2 5 3 4 1 
492004 12462096 2387942 1296396 
3 1 5 0 4 2 
494246 11625664 1327848 2400304 
1 3 5 0 2 4 
495262 13019882 2136604 1083792 
3 1 5 0 2 4 
495422 11341714 1287384 1793818 
2 3 1 0 5 4 
502606 19425130 2087058 822008 
5 3 1 0 2 4 
503774 16175368 2078354 816908 
5 2 0 3 4 1 
504996 11558128 2402954 1391404 
2 1 3 0 5 4 
517102 12918198 1367202 803456 
5 1 3 0 4 2 
517542 11994406 1433926 1134020 
3 1 0 4 2 5 
523600 11232218 1065514 1948590 
5 1 3 0 2 4 
525438 11835316 1364962 802004 
0 1 3 4 5 2 
537052 11696050 1091500 1368070 
3 1 0 4 5 2 
537500 11432444 1005730 2387378 
0 1 3 4 2 5 
547792 11953644 1046784 1935672 
3 2 0 5 4 1 
548588 20515910 1223332 1156070 
0 2 5 4 3 1 
552400 12452516 857698 1280604 
5 2 0 4 3 1 
556432 11548668 872110 1375372 
3 5 0 2 4 1 
577836 19249010 1276914 1253856 
5 1 0 3 2 4 
589440 12472104 1158698 832216 
3 5 2 4 0 1 
609660 16431098 885520 1104624 
5 2 4 0 3 1 
619076 9566836 1330646 1277726 
4 2 5 0 3 1 
623108 8097358 1400508 930466 
2 4 5 0 3 1 
623210 7194374 1331890 1419838 
3 2 5 4 0 1 
623562 19681770 879010 1109692 
3 1 4 0 5 2 
627736 10215516 1246954 2326284 
0 2 4 5 3 1 
629418 11300646 1101650 1223300 
5 2 0 3 1 4 
632566 11308930 2405504 859410 
5 4 2 0 3 1 
633962 7127580 1348020 1273826 
4 2 0 5 3 1 
637482 8927320 1185924 970808 
2 4 0 5 3 1 
637552 9047120 862330 1510644 
5 1 3 4 0 2 
637874 11992124 1090172 1129856 
0 4 2 5 3 1 
644272 11026702 837744 1220168 
4 1 3 0 5 2 
655064 8862468 1421750 798308 
0 4 5 2 3 1 
664654 11025360 820560 1219380 
5 4 0 2 3 1 
668686 8978984 861276 1363844 
3 2 4 5 0 1 
691700 18529468 1122194 1052100 
3 4 2 5 0 1 
692666 14057194 845764 1041900 
3 4 5 2 0 1 
733398 14056842 830340 1041772 
4 1 0 3 2 5 
752994 9498552 1216270 828808 
5 4 3 1 0 2 
772912 10364066 1151980 1242860 
4 1 3 0 2 5 
776784 8858980 1373190 797060 
5 1 2 3 0 4 
799020 13174218 1122230 867250 
2 1 5 3 0 4 
812908 13745306 1110038 842786 
4 1 0 3 5 2 
852814 9496650 1153510 827196 
2 1 0 4 3 5 
857706 13712478 1067002 1163704 
2 1 3 4 0 5 
863044 13071580 1044844 1130432 
1 4 5 3 2 0 
874554 8057316 1813298 1225260 
4 5 1 3 0 2 
931858 8743368 1978290 844638 
5 4 1 3 0 2 
931968 7484168 1774412 1099358 
5 1 4 3 0 2 
933260 11409738 1063796 1097890 
4 1 5 3 0 2 
948044 9687804 1133234 836486 
2 4 0 1 3 5 
960922 8890128 1059290 1165354 
5 4 2 1 0 3 
961796 7405828 1052314 1859166 
2 4 5 1 0 3 
975684 7605572 1006954 2298414 
2 4 5 1 3 0 
1011254 7147616 1002328 1307566 
5 4 1 2 3 0 
1014640 7852346 820940 1896310 
5 4 2 1 3 0 
1022006 7405692 943188 1874708 
5 1 0 4 3 2 
1032056 12626752 1001010 1160268 
1 4 5 2 3 0 
1034800 8051502 878612 1216152 
1 2 0 4 5 3 
1039812 14022886 967358 1143526 
2 4 1 0 3 5 
1061494 7480854 1343602 1094442 
1 4 2 0 5 3 
1090678 7975830 1445146 1038936 
1 5 2 4 0 3 
1093612 12105072 968240 1099284 
1 2 5 4 0 3 
1107546 13189568 922850 1099872 
4 5 1 0 3 2 
1122368 8743508 1995560 844542 
2 4 1 5 3 0 
1126168 7591088 817080 1327460 
2 4 1 5 0 3 
1126850 8048162 803490 2317840 
1 4 2 5 0 3 
1129090 7972658 923622 1033752 
0 4 1 2 5 3 
1147080 11849856 813778 2049358 
1 4 2 5 3 0 
1157080 8048320 815612 1214444 
5 4 1 2 0 3 
1212222 7846210 800530 1877440 
1 4 5 2 0 3 
1228350 7970450 875302 1032600 
