38 2
4 3 0 1 6 2 5 
2311676 825140 
0 3 4 1 6 2 5 
2315522 610414 
3 0 4 1 6 2 5 
2362972 610254 
0 3 4 6 1 2 5 
2381306 597508 
3 0 4 6 1 2 5 
2426484 597348 
0 1 4 3 6 2 5 
2526080 596530 
1 0 4 3 6 2 5 
2576402 596408 
0 3 2 1 6 4 5 
2964996 439332 
3 0 2 1 6 4 5 
3015638 439130 
0 3 2 6 1 4 5 
3042660 430712 
3 0 2 6 1 4 5 
3091030 430510 
2 4 3 1 6 0 5 
3177136 363052 
4 2 3 1 6 0 5 
3217734 362954 
4 2 3 6 1 0 5 
3344276 362906 
2 4 1 3 6 0 5 
3402136 355192 
4 2 1 3 6 0 5 
3442074 355094 
4 2 6 3 1 0 5 
3658164 355082 
4 0 2 1 6 3 5 
3845642 335910 
2 0 4 1 6 3 5 
3865820 240660 
2 4 0 1 6 3 5 
3890348 186096 
4 2 0 1 6 3 5 
3934138 185956 
2 4 0 6 1 3 5 
3991994 177476 
4 2 0 6 1 3 5 
4036920 177336 
2 4 0 6 3 1 5 
4203872 174402 
4 2 0 6 3 1 5 
4244058 174226 
2 4 0 1 3 6 5 
4324036 173828 
4 2 0 1 3 6 5 
4363876 173658 
2 5 0 1 3 6 4 
5628568 173552 
0 2 1 6 4 3 5 
7002510 93254 
0 2 3 6 4 1 5 
7067828 69384 
5 4 1 3 0 6 2 
7182546 67192 
0 2 3 1 4 6 5 
7194922 62212 
5 4 3 1 0 6 2 
7450910 60846 
4 5 3 1 0 6 2 
7484172 60234 
2 4 3 1 0 6 5 
7860454 59714 
4 2 3 1 0 6 5 
7891572 59544 
5 2 3 1 0 6 4 
7924550 59526 
2 5 3 1 0 6 4 
7926694 59084 
