373 4
3 2 4 6 0 5 1 
2355542 18835016 12334166 4186980 
3 5 4 6 0 2 1 
2361768 23540258 11913536 4175756 
3 2 4 1 0 5 6 
2423134 18779588 12334162 4187960 
3 5 4 1 0 2 6 
2429316 23484834 11913534 4178872 
1 2 4 6 0 5 3 
2778608 18808250 11636180 4187112 
3 5 0 6 4 2 1 
2786122 11499332 13054886 3859108 
1 5 4 6 0 2 3 
2796720 23513492 11215550 4175888 
3 5 0 1 4 2 6 
2829338 11454248 12831196 3868572 
6 2 4 1 0 5 3 
2957392 18752106 11635612 4188188 
3 0 2 6 4 5 1 
2962218 29551196 12215754 3088226 
6 5 4 1 0 2 3 
2977158 23457352 11214984 4179100 
1 2 4 3 0 5 6 
2990590 18583268 12307216 4139906 
1 5 4 3 0 2 6 
3008350 23288542 11886602 4145770 
1 5 0 6 4 2 3 
3031948 11514326 13405148 3858826 
3 0 2 1 4 5 6 
3041868 29506072 11992056 3095386 
6 2 4 3 0 5 1 
3101782 18582552 12306652 4140002 
1 5 0 3 4 2 6 
3109752 11346246 12845916 3863622 
6 5 4 3 0 2 1 
3121240 23287826 11886038 4145866 
3 4 5 6 0 2 1 
3139742 23559220 10180136 4260376 
0 2 4 6 3 5 1 
3145734 22682804 8000670 2918620 
0 2 4 1 3 5 6 
3170158 22693104 7776978 2929016 
0 5 4 6 3 2 1 
3200424 18221694 7552168 2624100 
0 5 4 1 3 2 6 
3224804 18231998 7328478 2636632 
3 5 2 6 4 0 1 
3257830 19548830 12103378 2596962 
3 5 2 1 4 0 6 
3337568 19503698 11879676 2599850 
4 2 0 6 3 5 1 
3416242 23635708 7826818 2385792 
3 0 5 6 4 2 1 
3446818 11528928 12691244 5768188 
4 2 0 1 3 5 6 
3459502 23590620 7603126 2393120 
1 5 2 6 4 0 3 
3503794 19562750 12452794 2596824 
3 0 5 1 4 2 6 
3514294 11483820 12467550 5777540 
0 2 4 3 1 5 6 
3610204 24434354 7200828 2863816 
0 5 2 6 3 4 1 
3612600 12921018 7975100 3348874 
0 5 2 1 3 4 6 
3649154 12931306 7751406 3359214 
1 5 2 3 4 0 6 
3654642 19394574 11893538 2588468 
4 5 0 6 3 2 1 
3680020 17761076 7894986 2132896 
0 5 4 3 1 2 6 
3682952 18739344 6748590 2548248 
4 5 0 1 3 2 6 
3723236 17715992 7671296 2142360 
1 0 5 3 4 2 6 
3739212 11377298 12483406 5772622 
0 5 4 6 1 2 3 
3751914 18537062 7531510 2517162 
0 5 4 3 6 2 1 
3837416 18191620 6737938 2460236 
0 4 5 6 3 2 1 
3926596 18220006 5812632 4641678 
0 5 4 1 6 2 3 
3930758 17999642 7297168 2441682 
0 4 5 1 3 2 6 
3950976 18230310 5588942 4654210 
0 5 3 6 4 2 1 
3952490 12717418 12800768 2592152 
0 5 3 1 4 2 6 
3976870 12727722 12577078 2604684 
0 5 2 3 1 4 6 
4034306 12381140 7169394 3447578 
0 2 5 6 3 4 1 
4045318 12909272 5869610 4416910 
0 2 5 1 3 4 6 
4069742 12919572 5645918 4427306 
4 5 0 3 1 2 6 
4077020 18223518 7093028 2348906 
4 5 2 6 3 0 1 
4156480 10267486 6887158 3274382 
4 5 0 3 6 2 1 
4189456 17731222 7082736 2329502 
4 5 0 1 6 2 3 
4198036 17788490 7641966 2324754 
0 4 5 3 1 2 6 
4217348 18737916 5011394 4991836 
4 5 2 1 3 0 6 
4236218 10222354 6663456 3277270 
0 5 1 3 4 2 6 
4245836 12875002 12702504 2510152 
0 5 1 6 4 2 3 
4290466 12683060 13261736 2485414 
4 0 2 3 1 5 6 
4302748 25315342 6210950 4007738 
0 2 5 3 1 4 6 
4351630 12369546 5065166 4745060 
0 4 5 3 6 2 1 
4371812 18190192 5000742 4903824 
0 5 6 3 4 2 1 
4381288 12860142 12883854 2443574 
4 0 2 3 6 5 1 
4420420 24999298 6200660 3895640 
0 5 6 1 4 2 3 
4450298 12678504 13219396 2431368 
0 2 5 3 6 4 1 
4503464 11998098 5055050 4662496 
4 5 2 3 1 0 6 
4626500 11258636 6086250 3395442 
4 5 2 1 6 0 3 
4710970 11352460 6636274 3296068 
4 5 2 3 6 0 1 
4738912 11295144 6077032 3294240 
0 2 5 1 6 4 3 
4754760 11805940 5614242 4630398 
0 5 2 6 4 3 1 
4884436 13508234 12321630 2347266 
0 5 2 1 4 3 6 
4920990 13518522 12097936 2357606 
2 5 0 6 3 4 1 
4992708 13627684 8180898 1953452 
2 5 4 6 3 0 1 
5056992 11434770 6750138 2370164 
2 5 0 1 3 4 6 
5057516 13554890 7957204 1959190 
2 5 4 1 3 0 6 
5146148 11361944 6526436 2371518 
0 5 2 3 4 1 6 
5153742 13018606 12471786 2353400 
0 5 2 6 4 1 3 
5283590 12826552 13030990 2313318 
0 5 2 3 4 6 1 
5313502 12674518 12602190 2337018 
2 0 4 3 1 5 6 
5349646 25999214 6239380 2918782 
2 5 0 3 1 4 6 
5407880 13004784 7375732 2145864 
2 0 4 3 6 5 1 
5446304 25710884 6229270 2840988 
0 5 2 1 4 6 3 
5479904 12492752 12937700 2307276 
2 5 0 6 1 4 3 
5481204 12968586 8158632 2113022 
2 5 0 3 6 4 1 
5499294 12716470 7365978 2133498 
2 5 4 6 1 0 3 
5545416 12362084 6731094 2284340 
2 5 4 3 1 0 6 
5606006 12398106 5948150 2293070 
2 5 0 1 6 4 3 
5637426 12607478 7925184 2106394 
2 5 4 3 6 0 1 
5697404 12462328 5939112 2226172 
2 5 4 1 6 0 3 
5725970 12353480 6498354 2218796 
1 2 5 0 6 4 3 
5840042 11391582 5809296 4808938 
4 2 1 3 6 5 0 
5936178 26024280 12111402 1277870 
1 5 2 6 3 0 4 
5936832 10476988 12241768 3272794 
4 2 6 3 1 5 0 
5961854 26359906 12074194 1294292 
4 5 1 3 6 2 0 
6218874 19428710 11923368 978182 
4 5 6 3 1 2 0 
6241890 19952294 11882426 999708 
3 2 5 0 6 4 1 
6289566 11366592 5225526 4809408 
4 2 1 6 3 5 0 
6327218 24588552 11411250 1480752 
4 2 6 1 3 5 0 
6370608 24571594 11372614 1425010 
5 4 0 6 3 2 1 
6393078 19783816 5134598 2235952 
6 2 5 0 3 4 1 
6418800 12030164 6016290 4544716 
5 4 0 1 3 2 6 
6436294 19738732 4910908 2245416 
5 2 0 6 3 4 1 
6444408 14928680 5025046 1997768 
1 2 5 0 3 4 6 
6466152 12022316 5784474 4544616 
5 2 0 1 3 4 6 
6487668 14883592 4801354 2005096 
5 2 4 1 3 0 6 
6569766 11328428 6444228 2439204 
4 5 1 6 3 2 0 
6589226 19403158 11227488 1207560 
4 5 3 6 1 2 0 
6613614 19794644 11794110 1206946 
1 5 2 4 3 0 6 
6627364 9339856 6873224 3451550 
4 5 6 1 3 2 0 
6632542 19397886 11184584 1153610 
4 5 3 1 6 2 0 
6633914 19265788 11792148 1131470 
6 5 3 4 1 0 2 
6657348 12718512 15047436 1120000 
1 5 3 4 6 0 2 
6698760 12770604 14690392 1053000 
6 5 1 4 3 0 2 
6699320 11791400 14854040 1098890 
3 5 2 4 1 0 6 
6700572 10485262 6282156 3581104 
5 4 0 3 1 2 6 
6749050 20246258 4332640 2451962 
1 5 6 4 3 0 2 
6763748 11851070 14838536 1037948 
3 5 2 4 6 0 1 
6812984 10521770 6272938 3479902 
3 5 1 4 6 0 2 
6813940 12804306 14836264 886644 
5 2 0 3 1 4 6 
6815940 14333486 4219882 2191770 
5 2 0 3 6 4 1 
6925746 14017466 4210126 2177814 
5 4 2 1 3 0 6 
6944848 11321938 5986032 3395086 
5 2 4 3 1 0 6 
7007532 12364590 5865942 2360756 
5 2 0 6 1 4 3 
7061648 14075640 5002766 2146208 
5 2 4 3 6 0 1 
7117322 12401106 5856902 2292268 
5 2 4 6 1 0 3 
7119326 12106920 6648870 2339306 
4 5 2 3 6 1 0 
7130748 5092562 11642990 3060698 
6 5 0 4 1 3 2 
7141672 6166660 15522640 2023572 
4 5 2 3 1 6 0 
7177988 5111366 11551308 3159590 
1 5 0 4 6 3 2 
7183192 5865500 15164316 2011200 
5 2 0 1 6 4 3 
7214714 13714532 4769318 2139580 
6 5 0 4 3 1 2 
7219896 6182606 15583968 1833714 
4 2 5 3 6 1 0 
7232070 5128386 10865762 4377894 
4 2 1 0 6 5 3 
7238854 25111536 7861064 1290154 
4 2 5 3 1 6 0 
7281970 5147116 10753052 4444188 
5 4 2 3 1 0 6 
7294102 12358220 5408826 3513258 
5 2 4 1 6 0 3 
7296724 12098316 6416130 2273762 
1 5 0 4 3 6 2 
7308632 5913048 15517518 1822968 
3 5 0 4 6 1 2 
7335218 4899374 15557872 1976550 
5 4 2 3 6 0 1 
7406514 12394728 5399608 3412056 
4 5 1 0 6 2 3 
7519262 18516174 7673134 1101538 
2 5 1 3 6 4 0 
7528816 14058538 12056330 757114 
4 5 2 6 1 3 0 
7549934 6278754 11263132 3174494 
2 5 6 3 1 4 0 
7572846 14405480 12026410 773530 
4 5 2 1 6 3 0 
7582400 5926150 11261524 3069560 
4 5 2 6 3 1 0 
7586262 6300774 10949588 3083870 
4 2 3 0 6 5 1 
7645104 24973120 7140724 1445782 
5 4 2 1 6 0 3 
7658696 12091866 5958824 3393214 
4 5 2 1 3 6 0 
7665968 5966974 10856298 3077828 
3 0 5 4 6 1 2 
7688478 4925298 13905310 4580992 
6 5 3 2 1 0 4 
7743230 11956778 11132744 1220438 
4 2 5 6 1 3 0 
7750652 6314936 10631660 4457716 
4 2 5 1 6 3 0 
7768366 5962352 10630232 4385552 
4 2 5 6 3 1 0 
7805600 6336438 10170920 4138906 
1 5 3 2 6 0 4 
7806226 11976006 10887544 1148730 
6 5 1 2 3 0 4 
7858198 10998646 11610412 1180284 
0 5 2 3 6 1 4 
7859820 5137242 12242270 3057588 
3 5 1 2 6 0 4 
7864898 12175872 11033416 991578 
4 2 5 0 6 1 3 
7865176 4216522 6615644 4510738 
4 2 5 1 3 6 0 
7873214 6002584 10056782 4133036 
4 5 3 0 6 2 1 
7925722 18295984 6982684 1259574 
1 5 6 2 3 0 4 
7932044 11030622 11594908 1117808 
2 5 6 1 3 4 0 
7966918 14908704 11331772 947304 
2 0 1 4 3 5 6 
7980808 24119358 6318638 1665904 
2 5 3 6 1 4 0 
8052490 14245980 11995874 971778 
2 5 3 1 6 4 0 
8073360 13893396 11994446 899614 
4 5 6 0 3 2 1 
8082508 18360872 7829092 1240452 
2 5 4 3 6 1 0 
8089942 5899672 11351124 1968190 
2 0 3 4 1 5 6 
8096308 25761182 5565322 1707798 
6 0 5 2 3 1 4 
8102458 5417152 10688116 4484706 
2 0 6 4 3 5 1 
8116176 24209882 6526128 1604422 
0 5 2 4 3 1 6 
8133874 5255424 7458414 3259538 
0 5 1 4 3 2 6 
8138418 18330720 7715682 1206940 
6 5 0 2 1 3 4 
8142336 5405038 11607976 2139354 
2 5 4 3 1 6 0 
8158142 5918460 11271104 2034658 
2 0 3 4 6 5 1 
8192966 25472852 5555212 1630004 
1 5 0 2 6 3 4 
8205440 5071014 11361496 2122274 
1 0 5 2 3 6 4 
8209222 5120732 10663926 4469906 
6 5 0 2 3 1 4 
8220512 5390060 12340392 1943604 
2 5 1 4 3 0 6 
8225122 11492116 5931380 1094656 
3 5 0 2 6 1 4 
8227914 4271148 11755076 2109980 
0 5 6 4 3 1 2 
8270362 7411218 15273446 820872 
0 5 2 4 1 3 6 
8286274 5205174 6502552 3352108 
0 5 2 4 3 6 1 
8293634 4911336 7588818 3243156 
0 5 1 4 3 6 2 
8294670 7081990 15222500 871068 
2 5 1 6 3 0 4 
8306866 10358340 11299924 790112 
1 5 0 2 3 6 4 
8330840 5092792 12273938 1929132 
4 2 5 0 6 3 1 
8344504 4993256 5820886 4516960 
2 5 3 4 1 0 6 
8351262 12382108 5193000 1116134 
2 5 6 4 3 0 1 
8360550 11559276 6147410 1033862 
4 5 2 0 6 1 3 
8394614 4180074 7392768 3190630 
0 5 6 4 1 3 2 
8422698 7395096 15340400 654066 
0 5 2 4 6 3 1 
8440730 4833718 6492258 3236830 
0 5 1 4 6 3 2 
8441710 7034234 15020904 637788 
2 5 3 4 6 0 1 
8442660 12446330 5183962 1049236 
2 5 3 6 1 0 4 
8457338 11237992 10785232 805242 
0 5 3 4 6 1 2 
8478556 6034406 15268588 769494 
2 5 4 6 3 1 0 
8487476 7107984 10658622 2155212 
2 5 6 1 3 0 4 
8531450 10352674 11292252 730672 
2 5 4 1 3 6 0 
8576546 6774188 10577174 2149516 
2 5 4 6 1 3 0 
8576908 7085868 11042138 2051292 
2 5 4 1 6 3 0 
8597778 6733284 11040710 1979128 
2 5 3 1 6 0 4 
8637892 11229388 10552492 739698 
2 5 1 4 6 0 3 
8645260 12502516 5911630 882746 
0 5 2 4 6 1 3 
8680200 3808056 7432930 3196262 
2 5 0 4 3 1 6 
8746296 5878668 6657642 1830104 
2 5 1 3 6 0 4 
8811926 11394422 10720918 580584 
2 5 0 6 3 1 4 
8828040 4744892 12026186 1525560 
2 5 0 4 1 3 6 
8835816 5828466 5666794 2019946 
4 5 2 0 6 3 1 
8874208 4956346 6452060 3197664 
2 5 0 4 3 6 1 
8905894 5617674 6823572 1819362 
2 5 0 6 1 3 4 
8917544 4684382 11259034 1713438 
5 4 1 0 6 2 3 
8922696 19363984 4387984 1184356 
2 5 0 4 6 3 1 
8927230 5540152 5657040 2007580 
5 2 1 3 6 4 0 
8957510 13057236 8470368 707974 
2 4 5 0 6 1 3 
8963220 5210338 5595448 4550656 
5 2 6 3 1 4 0 
8983186 13392862 8433160 724396 
5 2 1 0 6 4 3 
8986258 13779382 4220266 940092 
2 5 0 1 3 6 4 
9052446 4411104 11968422 1520556 
2 1 5 4 3 0 6 
9069840 11511042 4880704 4617214 
2 5 0 1 6 3 4 
9073766 4323274 11025586 1706810 
2 3 5 4 1 0 6 
9127948 12401960 4019878 4967168 
0 5 6 2 3 1 4 
9157962 6951000 12029870 949170 
2 5 0 4 6 1 3 
9166538 4597584 6633238 1972652 
2 5 0 3 6 1 4 
9174942 3489698 11442578 1698986 
0 5 1 2 3 6 4 
9194444 6621756 11978920 997174 
2 0 5 4 3 1 6 
9205952 5883812 4988368 4371902 
2 3 5 4 6 0 1 
9219346 12466182 4010840 4900270 
2 0 5 4 1 3 6 
9284832 5833906 4081632 4692136 
5 2 1 0 3 4 6 
9297158 14825826 4198144 1190330 
0 5 3 2 6 1 4 
9305326 5600038 11465792 913662 
0 5 6 2 1 3 4 
9310346 6965802 11425736 788256 
5 4 3 0 6 2 1 
9328662 19651080 3792304 1362984 
0 5 1 2 6 3 4 
9341524 6599770 11218084 768804 
2 0 5 4 3 6 1 
9365474 5622950 5195998 4360928 
2 0 5 4 6 3 1 
9381490 5545576 4071522 4614342 
5 2 3 0 6 4 1 
9392404 13996386 3650206 1120784 
2 4 5 0 3 1 6 
9455326 6387566 5571712 4308360 
5 2 4 3 6 1 0 
9515288 4200374 9340086 1930210 
5 2 4 3 1 6 0 
9565188 4219104 9227376 1996504 
0 2 5 4 6 3 1 
9589780 4825858 5826720 4555158 
5 2 4 0 6 1 3 
9592732 4922456 5089968 2153560 
2 0 5 4 6 1 3 
9620950 4602744 4964320 4579878 
5 2 3 1 6 4 0 
9652624 12971306 8459500 850432 
5 4 2 0 6 1 3 
9797508 4915304 4361638 3275248 
5 4 2 3 6 1 0 
9804974 4193138 8611742 3051506 
0 2 5 4 6 1 3 
9829516 3799734 6621442 4515402 
5 4 2 3 1 6 0 
9852214 4211942 8520060 3150398 
2 0 5 3 6 1 4 
9859824 3494630 9773622 4305148 
5 2 4 0 3 1 6 
9903616 6321436 5068562 2349266 
5 2 4 0 6 3 1 
10071358 6059264 4449156 2184222 
5 4 2 0 3 1 6 
10121502 6314244 4339342 3307384 
5 2 4 1 6 3 0 
10173316 5034392 9258502 1942366 
5 2 0 6 3 1 4 
10274036 7767256 10897238 1679244 
5 4 2 0 6 3 1 
10275906 6052508 3845926 3305214 
5 2 0 1 3 6 4 
10476986 7433410 10806784 1674066 
4 5 1 2 6 0 3 
10699860 12007140 6049372 989428 
4 5 3 2 1 0 6 
10711062 11759862 5336780 1218034 
4 5 1 2 3 0 6 
10784002 10811010 6047392 1177788 
4 5 3 2 6 0 1 
10903316 11786938 5323396 1146426 
4 0 5 2 6 1 3 
10975604 4126660 5116856 4714744 
5 0 6 2 3 1 4 
10982080 7659286 8806344 1027770 
4 5 6 2 3 0 1 
10987106 10850834 6263704 1115412 
4 0 5 2 1 3 6 
11018006 5228708 4238490 4809356 
5 0 1 2 3 6 4 
11018454 7307526 8806198 1076134 
4 5 0 2 6 1 3 
11062278 4107070 6774698 2107206 
4 5 0 2 1 3 6 
11110076 5208838 5812576 2136854 
5 0 2 4 6 3 1 
11139356 6858434 3836818 3352336 
5 0 1 4 6 3 2 
11142692 6639586 11913484 655086 
4 5 0 2 3 1 6 
11146316 5202424 6777372 1941108 
5 0 3 2 6 1 4 
11166152 6330956 8256842 992250 
5 0 3 4 6 1 2 
11179754 5684790 12059560 786072 
5 0 1 2 6 3 4 
11202134 7285656 8110742 848112 
4 0 5 2 6 3 1 
11215520 4903232 4224034 4726852 
4 5 0 2 6 3 1 
11302346 4883378 5798476 2119778 
4 5 0 2 3 6 1 
11385810 4913720 6943298 1926640 
5 2 0 4 3 1 6 
11506720 7210966 5528572 1886798 
5 2 0 4 3 6 1 
11666410 6922208 5661810 1874292 
5 2 0 4 1 3 6 
11724340 7161170 4766554 2077858 
2 5 6 4 3 1 0 
11791034 7232490 10055894 818910 
2 5 1 4 3 6 0 
11815204 6904336 10005794 868962 
5 2 0 4 6 3 1 
11834146 6845150 4756798 2063902 
2 5 1 4 6 3 0 
11836436 6882272 10501338 635694 
2 5 3 4 6 1 0 
11873144 5883518 10749868 767256 
2 5 6 4 1 3 0 
11880466 7229214 10471418 652110 
0 5 1 2 6 4 3 
11898086 12445650 7963436 864498 
2 5 3 4 1 6 0 
11941344 5902306 10669848 833724 
5 2 0 4 6 1 3 
12074098 5708234 5504152 2016626 
0 4 5 2 6 1 3 
12282214 4317466 5753782 4690186 
3 4 2 5 6 1 0 
12436102 3671898 9105340 3573822 
3 4 2 5 1 6 0 
12483342 3690702 9013658 3672714 
3 2 4 5 6 1 0 
12784620 3662114 9820620 2452158 
3 2 4 5 1 6 0 
12834520 3680844 9707910 2518452 
2 4 3 0 6 1 5 
12893088 5984768 17026384 758386 
2 4 1 0 6 3 5 
12965842 6832370 17104378 610060 
2 5 3 0 6 1 4 
13079488 4057002 11308986 634260 
5 1 4 2 3 0 6 
13112214 12032540 4416492 2814468 
5 0 4 2 3 1 6 
13145412 7246466 4216742 2572156 
2 5 1 0 6 3 4 
13152346 5055612 11060420 482970 
5 2 6 0 3 1 4 
13286600 7692508 10279068 805044 
4 5 3 2 6 1 0 
13295152 5584356 10889354 912884 
5 3 4 2 1 0 6 
13304502 13131756 3677826 2757158 
5 0 4 2 6 1 3 
13329312 5790846 4212084 2357730 
4 5 1 2 6 3 0 
13331764 6580866 10639108 768458 
4 5 3 2 1 6 0 
13342392 5612580 10813676 980336 
5 0 4 2 1 3 6 
13371012 7252968 3487664 2476782 
4 5 6 2 3 1 0 
13378942 6884278 10172240 948898 
5 2 3 0 6 1 4 
13381716 6490934 9801062 788256 
5 2 1 0 6 3 4 
13454196 7410738 9730310 638226 
5 0 4 2 6 3 1 
13568526 6927492 3473208 2394278 
5 0 1 2 6 4 3 
13756948 13659052 5477242 977322 
5 4 3 2 1 0 6 
13873394 13119714 4826980 1335712 
4 2 3 5 6 1 0 
13981986 5585898 9545978 1114138 
4 2 3 5 1 6 0 
14031886 5604628 9433268 1180432 
5 4 3 2 6 0 1 
14065648 13146790 4813596 1264104 
5 4 0 2 3 1 6 
14073934 7225744 4343884 2045904 
4 2 1 5 6 3 0 
14103760 6500984 9471544 955964 
4 2 6 5 1 3 0 
14129436 6836610 9434336 972386 
5 4 0 2 6 1 3 
14228992 5770212 4341184 2191332 
2 4 3 5 6 1 0 
14241406 5865236 8190520 1143202 
5 4 0 2 1 3 6 
14275594 7232912 3804058 2243912 
2 4 3 5 1 6 0 
14309606 5884024 8110500 1209670 
5 4 0 2 3 6 1 
14313428 6937040 4509810 2031436 
2 4 6 5 3 1 0 
14352034 6939570 7341638 1154270 
2 4 1 5 6 3 0 
14362856 6712774 8268498 986108 
2 4 1 5 3 6 0 
14376204 6611416 7291538 1204322 
2 4 6 5 1 3 0 
14406886 7059716 8238578 1002524 
0 2 6 5 1 4 3 
14407496 12706948 4736136 1203712 
0 4 2 5 6 1 3 
14412952 3520996 4699426 3572162 
0 2 1 5 6 4 3 
14423848 12362042 4540400 1187382 
5 4 0 2 6 3 1 
14467864 6907452 3789958 2226836 
5 2 6 4 3 1 0 
14553738 6223468 8489424 780564 
5 2 1 4 3 6 0 
14577962 5906572 8413922 830436 
5 2 1 4 6 3 0 
14745594 5884972 9170986 598560 
0 2 4 5 6 1 3 
14749262 3513718 5416680 2450162 
5 2 6 4 1 3 0 
14771270 6220598 9133778 614982 
5 2 3 4 6 1 0 
14782680 4965024 9241702 728862 
5 2 3 4 1 6 0 
14832580 4983754 9128992 795156 
0 2 1 5 3 4 6 
14936460 13334194 4509586 1428200 
0 4 2 5 3 1 6 
14938658 4845644 4668438 3594878 
0 2 3 5 1 4 6 
14948864 12841150 3981584 1444310 
0 4 2 5 1 3 6 
15056478 4918816 4193992 3702502 
0 2 3 5 6 4 1 
15100698 12469702 3971468 1361746 
0 4 2 5 6 3 1 
15210934 4547360 4183698 3587224 
0 2 4 5 3 1 6 
15261858 4838406 5386582 2636448 
4 2 0 5 6 1 3 
15266288 4716284 5825066 2308564 
0 2 4 5 1 3 6 
15395638 4911134 4785968 2548484 
2 4 0 5 6 1 3 
15525442 5268776 4520638 2348716 
0 2 4 5 6 3 1 
15547472 4539686 4775852 2465920 
2 4 1 5 6 0 3 
15880116 12336204 5607382 1117402 
4 2 0 5 6 3 1 
16064984 5492970 5077660 2307402 
4 2 0 5 3 6 1 
16169728 5447360 5926226 2105000 
2 4 0 5 3 1 6 
16177232 6427140 4488570 2165608 
4 2 3 5 1 0 6 
16188796 11755150 5917652 1300410 
2 4 0 5 1 3 6 
16232172 6500360 3979138 2370504 
2 0 4 5 6 1 3 
16304516 5244640 4357174 2514146 
5 4 6 2 3 1 0 
16309296 6098014 7213872 939646 
2 4 0 5 6 3 1 
16323586 6212046 3969384 2358138 
2 4 0 5 3 6 1 
16336830 6166146 4654500 2154866 
5 4 1 2 3 6 0 
16345686 5769486 7163486 987554 
4 2 1 5 3 0 6 
16365518 10658416 6544852 1238310 
4 0 2 5 1 3 6 
16390190 5791958 4144682 3707278 
5 4 3 2 6 1 0 
16464108 4945200 8025730 903554 
5 4 1 2 6 3 0 
16500018 5795356 8105710 761468 
4 2 6 5 3 0 1 
16500984 10686554 6753592 1175932 
4 0 2 5 6 3 1 
16507862 5475914 4134392 3595180 
5 4 6 2 1 3 0 
16510868 6152108 8080418 781012 
5 4 3 2 1 6 0 
16511348 4973424 7950052 971006 
2 4 1 5 3 0 6 
16532010 11203084 5570660 1288752 
2 4 6 5 3 0 1 
16667438 11270244 5786690 1227958 
2 0 4 5 1 3 6 
17006344 6475646 3628380 2602406 
4 0 3 5 6 1 2 
17066160 4033772 12363672 1040968 
2 0 4 5 6 3 1 
17103002 6187316 3618270 2524612 
2 3 0 5 6 1 4 
18419846 3910072 7687154 2293464 
2 0 3 5 6 1 4 
18811000 3898566 8421390 1039508 
2 0 1 5 6 3 4 
18932522 4850648 8273288 880362 
