22 3
3 0 2 1 4 
7407318 8241952 27562634 
1 0 4 3 2 
7795774 9451760 23693666 
3 0 4 1 2 
7795780 9670616 23670962 
4 0 1 2 3 
9348508 7801088 14956618 
2 0 1 4 3 
9348706 5822128 13525810 
2 0 3 4 1 
9454660 5392144 12285346 
1 2 4 3 0 
11228896 5007214 14089654 
2 3 0 4 1 
11693344 5239042 12671472 
0 2 4 3 1 
11705702 3047434 13415854 
4 1 3 2 0 
11849820 8438034 8322396 
2 1 3 4 0 
11849980 6866972 7388852 
2 3 1 4 0 
12223084 6878378 7297160 
0 2 4 1 3 
12780164 3058882 13358536 
0 4 2 3 1 
13882160 2936462 13717852 
0 4 2 1 3 
14583530 2925014 13775170 
1 0 3 4 2 
16714030 5391136 11460370 
2 4 1 3 0 
17947660 4895460 12769548 
1 3 0 4 2 
18766180 5237992 11812122 
2 0 3 1 4 
19189902 5200576 11355014 
2 3 0 1 4 
21677314 5062738 11664716 
0 1 3 4 2 
22547894 4056764 5449142 
0 3 1 4 2 
22734464 4068128 5323076 
