260 3
2 1 3 6 4 5 0 
521024 6305588 51702656 
5 1 3 6 2 4 0 
521812 5392450 60309370 
4 1 3 6 2 5 0 
522300 5705210 58980234 
2 1 3 6 5 4 0 
523296 4676786 59863048 
5 1 3 6 4 2 0 
523336 6248374 51363916 
4 1 3 6 5 2 0 
526096 4932332 58195172 
5 1 3 6 0 2 4 
583850 6093704 54517544 
5 1 3 6 2 0 4 
590434 4860098 51208576 
2 1 3 6 5 0 4 
591918 4142982 68474234 
2 1 3 6 0 5 4 
596300 6322980 48065280 
0 1 3 6 2 5 4 
597818 5693190 46726852 
0 1 3 6 5 4 2 
711274 3781754 71535082 
5 1 3 6 4 0 2 
716380 4750510 49062250 
0 1 3 6 4 5 2 
719006 5528144 46769362 
4 1 3 6 5 0 2 
719140 3433484 67896666 
4 1 3 6 2 0 5 
852638 3142486 70688060 
4 1 3 6 0 2 5 
856058 4493680 57391700 
0 1 3 6 4 2 5 
856300 4462816 66487674 
2 1 3 6 0 4 5 
858016 4293592 56870740 
0 1 3 6 2 4 5 
859534 3662818 67535472 
5 1 0 6 4 2 3 
981838 7665750 41083184 
2 1 0 6 4 5 3 
985662 5974932 38331460 
4 1 0 6 2 5 3 
986910 5339484 46417090 
0 1 4 6 5 3 2 
1101120 4083146 67502954 
5 1 4 6 0 2 3 
1110902 5421870 37529782 
0 1 4 6 5 2 3 
1113828 3979774 55650296 
2 1 4 6 0 5 3 
1115210 7970650 35178326 
4 6 1 3 5 0 2 
1152048 3797542 67218504 
2 1 0 6 3 5 4 
1228928 5760098 35045104 
3 1 0 6 2 5 4 
1231862 4463050 43626772 
4 1 0 6 2 3 5 
1235848 3411612 67618430 
4 1 6 3 5 0 2 
1273202 3781220 67369536 
5 1 4 6 3 2 0 
1285236 5263588 34962354 
3 1 4 6 5 2 0 
1289606 3189928 54583152 
4 1 0 6 3 5 2 
1321348 4982676 43431726 
3 1 0 6 4 5 2 
1323034 4321076 43927764 
0 1 2 6 3 5 4 
1519182 6477060 33674772 
0 1 4 6 3 2 5 
1536652 3445464 52980990 
3 1 4 6 0 2 5 
1538096 2813900 54481274 
5 6 4 3 0 2 1 
1554918 5254384 38668350 
2 3 0 6 1 5 4 
1624698 5791556 34308142 
0 1 2 6 4 5 3 
1653260 6401846 33711640 
4 1 2 6 0 5 3 
1653342 6837068 32977330 
5 3 4 6 1 2 0 
1680952 5260670 35904904 
5 1 4 3 0 2 6 
1704324 5254884 38504552 
1 3 0 6 4 5 2 
1718930 4207018 44677260 
5 6 4 3 1 2 0 
1741976 5095448 36048080 
1 6 4 3 5 2 0 
1746078 3251094 53831300 
2 3 0 1 6 5 4 
1783046 5852302 34307300 
5 1 2 6 3 4 0 
1790736 5509280 34839884 
4 1 2 6 3 5 0 
1791316 6627914 33586832 
3 1 2 6 5 4 0 
1794922 3205712 53037258 
6 3 0 1 4 5 2 
1877346 4203860 45149262 
0 1 2 6 3 4 5 
1879522 3680236 50902982 
3 1 2 6 0 4 5 
1880938 3013686 52186658 
5 1 4 3 6 2 0 
1900264 5083848 35833836 
0 3 2 6 1 5 4 
1914940 6497802 33005178 
1 3 4 6 0 2 5 
1933942 2715640 55585244 
1 6 4 3 0 2 5 
1994632 2869198 53938946 
0 3 2 6 4 5 1 
2063258 6399452 33222176 
0 1 2 3 6 5 4 
2073400 6356146 34057504 
0 3 2 1 6 5 4 
2109774 6487298 32998354 
6 1 4 3 0 2 5 
2152992 2826630 53808002 
1 6 2 3 5 4 0 
2190564 3259866 51996936 
2 1 5 6 3 4 0 
2192068 8275260 29262040 
4 1 5 6 3 2 0 
2194684 6919058 27441996 
4 1 5 6 0 2 3 
2273342 6882876 27830790 
1 6 2 3 0 4 5 
2276644 3061972 51355860 
1 3 2 6 0 4 5 
2276784 2913554 53060828 
3 1 5 6 4 0 2 
2363610 4863592 37985612 
2 1 5 6 3 0 4 
2432210 6408496 31646426 
3 1 5 6 2 0 4 
2434912 4821564 38433342 
6 1 2 3 0 4 5 
2435004 3019716 51263216 
1 3 5 6 4 0 2 
2759506 4748286 38581908 
2 3 5 6 1 0 4 
2827996 6458698 30880040 
1 3 5 6 2 0 4 
2830796 4714790 38810746 
6 3 5 1 2 0 4 
3013574 4712800 39451096 
4 0 6 3 5 1 2 
3644654 2361684 68059258 
4 0 1 3 5 6 2 
3681504 2378530 67920362 
4 0 6 3 2 1 5 
3820012 2032222 69942606 
4 0 1 3 2 6 5 
3852696 2053786 69784512 
5 0 4 3 1 2 6 
4078678 5085692 29214804 
2 0 4 3 1 5 6 
4083962 7740858 25692128 
5 0 4 3 6 2 1 
4087560 5073592 29164358 
2 0 4 3 6 5 1 
4092722 7727336 25697806 
1 0 4 3 6 2 5 
4527134 2610426 55103794 
6 0 4 3 1 2 5 
4527202 2577230 55491918 
5 3 4 0 1 2 6 
4566178 4730450 38105820 
5 0 2 3 1 4 6 
4573412 5353976 29131632 
5 3 4 0 6 2 1 
4575116 4718170 38118970 
4 0 2 3 1 5 6 
4582776 6755982 23024544 
5 0 2 3 6 4 1 
4586460 5337158 29100384 
4 0 2 3 6 5 1 
4595824 6739164 22993296 
0 4 1 6 2 3 5 
4637396 2158830 69034458 
0 4 3 6 2 1 5 
4656514 2144602 69356838 
2 4 0 6 1 5 3 
4784658 5779622 27376064 
1 0 2 3 6 4 5 
4809194 2859432 52432436 
6 0 2 3 1 4 5 
4809266 2831234 52851504 
2 4 0 6 3 5 1 
4811762 5746598 27445416 
0 4 6 3 5 1 2 
4911596 1938376 71191598 
1 0 4 6 3 2 5 
4941368 2488096 55077648 
2 4 0 1 6 5 3 
4943006 5840368 27375222 
0 4 1 3 5 6 2 
4948446 1955846 71129302 
5 3 2 0 1 4 6 
4975750 4991538 37940510 
5 3 2 0 6 4 1 
4988854 4974540 37972858 
5 2 6 4 1 3 0 
5021434 4075142 50681006 
5 2 6 4 3 1 0 
5022244 3917598 50382440 
3 2 6 4 5 1 0 
5025860 2369796 65686152 
5 2 1 4 6 3 0 
5045702 4146544 50299846 
5 2 1 4 3 6 0 
5046584 3934540 50208018 
3 2 1 4 5 6 0 
5050200 2386738 65511730 
4 0 2 6 1 5 3 
5056646 6648586 23846796 
4 0 2 6 3 5 1 
5070868 6638248 23698588 
0 4 6 3 2 1 5 
5086712 1780976 68660624 
4 0 2 1 6 5 3 
5093132 6678382 23691252 
4 0 2 1 3 5 6 
5094306 6684862 23574292 
0 4 1 3 2 6 5 
5119396 1803164 68579130 
3 4 0 6 1 5 2 
5121868 4035532 45317740 
1 4 0 6 3 5 2 
5122006 3896700 45889726 
2 0 5 3 1 4 6 
5134964 8322944 20029276 
4 0 5 3 1 2 6 
5139044 7069784 17444864 
4 0 5 3 6 2 1 
5147926 7057684 17394418 
3 4 0 1 6 5 2 
5280216 4076218 45256226 
6 4 0 1 3 5 2 
5280422 3893542 46361728 
1 0 2 6 3 4 5 
5284238 2718812 52501740 
1 2 6 4 0 3 5 
5371516 2005926 65530520 
3 2 6 4 0 1 5 
5372716 1892800 65024904 
3 2 1 4 0 6 5 
5405388 1900306 64888878 
0 4 2 6 1 5 3 
5452596 6510156 20847484 
0 4 2 6 3 5 1 
5466836 6487020 21027614 
1 2 0 4 6 5 3 
5552940 5060110 31928518 
6 2 0 4 1 5 3 
5553012 5015958 32346104 
1 2 0 4 3 5 6 
5579794 5041306 31672334 
6 2 0 4 3 5 1 
5580044 4994490 32060004 
0 4 2 1 6 5 3 
5647430 6499652 20840660 
4 0 5 6 1 2 3 
5676882 6970868 18266252 
4 0 5 1 6 2 3 
5701206 7004322 18091618 
4 0 5 6 3 2 1 
5720266 6927504 18252430 
4 0 5 1 3 2 6 
5735708 6973058 18128242 
0 4 2 3 1 5 6 
5849662 6380260 21244494 
0 4 2 3 6 5 1 
5862706 6366286 21140282 
3 4 5 6 1 2 0 
5995390 5983674 27213806 
1 4 5 6 3 2 0 
5995512 5824886 27222876 
0 4 5 6 1 2 3 
6072832 6870190 19901240 
0 4 5 6 3 2 1 
6116234 6814028 20215756 
3 4 5 6 1 0 2 
6162536 4685826 39206400 
1 4 5 6 3 0 2 
6162658 4527002 39654610 
0 4 5 1 6 2 3 
6255504 6863344 19875326 
6 4 5 1 3 0 2 
6345406 4526524 40226680 
0 4 5 3 1 2 6 
6405930 6731814 20299114 
0 4 5 3 6 2 1 
6414808 6722558 20175704 
1 2 5 4 6 0 3 
6579974 5676340 26119112 
6 2 5 4 1 0 3 
6580054 5642184 26598586 
3 2 5 4 1 0 6 
6615122 5761932 24772750 
1 2 5 4 3 0 6 
6615160 5648100 25901324 
3 2 5 4 6 0 1 
6623632 5749832 24781230 
6 2 5 4 3 0 1 
6623750 5601844 26389278 
4 2 1 6 5 3 0 
6974022 2480642 64137976 
4 2 3 6 5 1 0 
7009792 2430676 64214516 
4 2 6 3 5 1 0 
7035308 2345638 62460280 
4 2 1 3 5 6 0 
7059648 2362580 62285858 
4 2 1 6 0 3 5 
7328336 2023118 62193492 
3 2 1 6 0 4 5 
7333022 2471964 58383060 
4 2 3 6 0 1 5 
7347442 1992024 62193240 
1 2 3 6 0 4 5 
7350920 2443736 58839640 
4 2 6 3 0 1 5 
7381594 1897370 60501712 
0 2 6 3 4 1 5 
7381834 1597144 68758770 
1 2 6 3 0 4 5 
7385080 2459342 57196896 
4 2 1 3 0 6 5 
7414266 1904876 60365686 
0 2 1 3 4 6 5 
7414514 1614646 68684632 
4 2 0 3 1 5 6 
7430850 5102780 26881534 
4 2 0 3 6 5 1 
7431028 5100116 26851618 
1 2 0 3 4 5 6 
7432290 4370440 37324672 
6 2 0 3 4 5 1 
7432540 4323624 37712342 
4 2 0 6 1 5 3 
7476908 5002092 27248326 
1 2 0 6 4 5 3 
7478408 4226608 37706680 
4 2 0 6 3 5 1 
7504000 4977600 27098786 
3 2 0 6 4 5 1 
7505386 4339100 36289574 
3 2 6 1 0 4 5 
7561964 2443394 58892386 
1 2 0 3 6 5 4 
7648852 4067760 37030650 
6 2 0 3 1 5 4 
7648924 4023608 37448236 
3 2 0 6 1 5 4 
7721710 4042108 35888908 
1 2 0 6 3 5 4 
7721824 3905124 37156474 
6 2 0 1 3 5 4 
7959418 3901568 37647578 
2 5 3 0 1 4 6 
8289044 4871060 35623502 
2 5 3 0 6 4 1 
8297860 4857358 35692776 
2 5 1 0 3 4 6 
8340348 4780124 35602210 
2 5 1 0 6 4 3 
8371170 4746558 35691680 
2 5 3 0 1 6 4 
8494926 3272724 48570404 
2 5 3 0 6 1 4 
8495162 3325634 48324152 
1 5 3 0 2 6 4 
8497426 2090326 54993340 
6 5 3 0 2 1 4 
8497678 2152568 54888136 
2 5 6 0 3 1 4 
8546458 3100630 48450278 
3 5 6 0 2 1 4 
8549186 1795560 55388890 
2 5 1 0 3 6 4 
8554806 3115140 48237772 
2 5 1 0 6 3 4 
8555628 3315034 48150648 
3 5 1 0 2 6 4 
8557538 1815068 55207328 
1 5 3 0 4 6 2 
8625300 1905714 54889950 
6 5 3 0 4 1 2 
8625674 1969378 54728622 
4 5 6 0 3 1 2 
8696622 2601136 53131836 
4 2 5 3 1 0 6 
8697386 5755026 22184946 
3 5 6 0 4 1 2 
8698622 1595890 55044746 
1 2 5 3 4 0 6 
8698734 4907732 31916372 
4 2 5 3 6 0 1 
8705896 5742926 22193426 
6 2 5 3 4 0 1 
8707324 4861476 32404326 
4 5 1 0 3 6 2 
8709140 2615926 52969472 
3 5 1 0 4 6 2 
8711140 1610680 54882382 
4 2 5 6 1 0 3 
8759436 5656458 22551522 
1 2 5 6 4 0 3 
8760844 4766020 32298164 
4 2 5 6 3 0 1 
8803192 5613094 22478774 
3 2 5 6 4 0 1 
8804502 4879632 31081626 
1 2 5 3 6 0 4 
8827810 4704130 31219192 
6 2 5 3 1 0 4 
8827890 4669974 31698666 
3 2 5 6 1 0 4 
8925008 4691154 30239406 
1 2 5 6 3 0 4 
8925106 4534178 31383196 
1 5 4 0 3 2 6 
9158996 3487610 29389110 
3 5 4 0 1 2 6 
9159204 3339972 29457306 
3 5 4 0 6 2 1 
9168142 3327692 29470456 
1 5 2 0 3 4 6 
9568544 3704358 27276336 
3 5 2 0 1 4 6 
9568776 3586708 27530196 
6 5 2 0 3 4 1 
9581668 3701690 27480676 
3 5 2 0 6 4 1 
9581880 3569710 27562544 
2 5 6 3 0 1 4 
9588608 2566792 52926394 
0 5 6 3 2 1 4 
9590270 1778470 52234880 
1 5 6 3 2 0 4 
9595688 2543406 48506336 
0 5 1 3 2 6 4 
9622954 1800658 52153386 
6 5 1 3 2 0 4 
9628616 2517576 48270854 
0 5 6 3 4 1 2 
9739496 1589384 51412776 
1 5 6 3 4 0 2 
9743328 2335834 48413844 
0 5 1 3 4 6 2 
9776346 1606854 51350480 
4 5 1 3 6 0 2 
9778788 3101736 47426422 
6 5 1 3 4 0 2 
9780544 2306708 48141436 
1 5 0 3 2 6 4 
10172782 2802016 46032974 
6 5 0 3 2 1 4 
10173026 2753998 45878986 
0 5 4 3 1 2 6 
10175866 3324718 25891596 
1 5 4 3 0 2 6 
10176822 2900876 33684618 
0 5 4 3 6 2 1 
10184744 3315462 25768186 
6 5 4 3 0 2 1 
10185776 2857808 33717472 
1 5 3 6 2 0 4 
10250548 2188756 48361814 
1 5 0 3 4 6 2 
10270430 2651060 45710106 
6 5 0 3 4 1 2 
10270796 2604464 45499994 
0 5 1 6 4 3 2 
10324486 1961800 51067442 
3 5 1 6 4 0 2 
10328656 2301880 47822922 
1 5 4 3 6 2 0 
10372902 2630300 33567642 
6 5 4 3 1 2 0 
10372978 2596488 33723906 
1 5 3 6 4 0 2 
10376598 2005224 48112552 
3 2 6 0 4 1 5 
10458216 1582954 73384044 
6 5 3 1 4 0 2 
10559346 2004746 48684622 
0 5 2 3 1 4 6 
10670600 3580834 24314724 
1 5 2 3 0 4 6 
10671504 3092018 31705474 
0 5 2 3 6 4 1 
10683644 3566860 24210512 
6 5 2 3 0 4 1 
10684628 3049230 31788470 
1 5 2 3 6 4 0 
10817592 2878058 31358122 
6 5 2 3 1 4 0 
10817672 2849244 31545330 
1 5 0 6 2 3 4 
10879788 2457242 46144062 
1 5 4 6 3 2 0 
10945484 2507790 33811560 
1 5 0 6 4 3 2 
10976676 2306736 45760414 
6 5 4 1 3 2 0 
11128232 2507252 34063254 
6 5 0 1 4 3 2 
11135092 2303578 46232416 
1 5 2 6 3 4 0 
11450984 2737258 31697490 
