23 3
3 0 1 4 2 
160934 16442434 5855088 
3 0 1 2 4 
160934 18627168 5582144 
3 1 0 2 4 
161690 14293720 6067980 
3 1 0 4 2 
161690 18771082 4730812 
0 3 2 4 1 
195136 12876860 7541858 
2 3 0 4 1 
195136 14080158 7223390 
0 2 3 1 4 
195682 10896774 6943336 
3 2 0 1 4 
195682 11310862 5945964 
3 2 0 4 1 
195682 18823974 4354448 
3 0 2 4 1 
195892 15094862 5851682 
3 0 2 1 4 
195892 17099030 5143038 
3 2 4 1 0 
287694 15676712 5766440 
3 4 2 0 1 
288156 14006780 5471306 
3 4 2 1 0 
288156 17100160 4334794 
3 2 1 0 4 
301758 12402570 5425904 
3 2 1 4 0 
301758 16346966 4307988 
3 1 2 0 4 
302724 13857290 5108814 
3 1 2 4 0 
302724 14946502 4680946 
3 4 1 2 0 
311470 18561794 4091916 
0 4 3 1 2 
341362 10890546 5583690 
3 4 0 1 2 
341362 11185780 4411540 
3 4 0 2 1 
341362 14221530 4157192 
0 4 1 2 3 
573834 21475174 4001374 
