75 3
3 2 0 4 6 1 5 
8853944 15412924 8154478 
6 2 0 4 3 1 5 
8921266 15460362 5253294 
3 2 1 4 6 0 5 
8986106 7631840 7875868 
1 2 0 4 6 3 5 
8997292 13695924 5647926 
6 2 0 4 1 3 5 
9030478 13337312 5281948 
6 2 1 4 3 0 5 
9053458 7723858 4970774 
3 5 6 4 1 0 2 
9087232 7537716 9736596 
1 5 6 4 3 0 2 
9165660 7546126 5980250 
3 2 6 4 1 0 5 
9241664 6888000 7838292 
1 2 6 4 3 0 5 
9275548 6919578 5335930 
5 1 3 4 6 0 2 
9538572 10404880 4599998 
4 3 0 6 2 5 1 
9873762 10991782 3770606 
6 5 1 2 3 0 4 
9875688 8333892 4909930 
1 5 3 2 6 0 4 
9945698 8316030 3667470 
5 1 6 4 3 0 2 
9961480 8060178 4485440 
1 5 6 2 3 0 4 
9962478 7500800 3629904 
6 2 0 4 3 5 1 
10060042 15065682 3571240 
6 2 5 4 3 0 1 
10119964 12273862 3450662 
3 2 6 5 1 0 4 
10185892 6805868 7088950 
1 2 3 5 6 0 4 
10210874 7635406 3604242 
2 1 4 6 5 0 3 
10250226 6329834 9698464 
1 2 6 5 3 0 4 
10271334 6819584 3567076 
5 1 4 6 2 0 3 
10278508 6261246 7820516 
2 6 3 5 0 1 4 
10292770 16105782 3348114 
2 6 1 5 0 3 4 
10425412 9996778 3157126 
2 6 0 5 1 3 4 
10778952 9547028 3132396 
2 1 4 3 5 0 6 
10828618 6273192 7418412 
5 1 4 3 2 0 6 
10888628 6193612 4913072 
5 0 1 2 6 3 4 
10936684 9147430 3203624 
5 6 2 1 0 3 4 
11075798 9156018 3105900 
5 0 6 2 1 3 4 
11148370 8839288 3185254 
5 1 6 2 3 0 4 
11304946 8031316 3075198 
5 0 6 2 3 1 4 
11413844 7925580 3045134 
1 0 3 5 6 2 4 
12213796 7567466 3563830 
1 0 6 5 3 2 4 
12385010 6774660 3526412 
5 0 6 1 3 2 4 
12415078 8101658 3041024 
2 0 4 6 5 1 3 
13205536 6179402 9623476 
5 0 4 6 2 1 3 
13234130 6153558 7745060 
1 5 4 3 2 0 6 
13322536 7402072 3361082 
1 0 4 6 5 2 3 
13510734 6773570 4346154 
2 0 4 3 5 1 6 
13573338 6112180 7336444 
5 0 4 3 2 1 6 
13633660 6075344 4830636 
5 6 4 1 2 3 0 
13841906 5864640 7857240 
1 0 4 3 5 2 6 
13933512 6694444 3290258 
2 6 4 1 5 3 0 
13937936 5791532 5426478 
4 3 2 6 0 1 5 
14075312 8153078 3040820 
4 0 1 2 6 3 5 
14167434 7766130 3146316 
4 0 6 2 3 1 5 
14574818 7908480 3072670 
2 3 4 1 5 6 0 
14704504 5734052 5415754 
4 3 2 1 0 6 5 
15485492 7942266 3009740 
4 3 1 5 6 0 2 
15665306 7765058 3101128 
1 2 6 0 3 5 4 
15995466 6461274 3501306 
4 1 5 0 6 3 2 
16204042 7725690 3099534 
2 6 4 0 5 3 1 
16848784 5685566 5823852 
5 6 4 0 2 3 1 
16907428 5705088 5196078 
4 0 1 6 3 2 5 
17094110 7868780 3037812 
1 5 6 0 3 2 4 
17229508 6487578 3501018 
2 3 4 0 5 6 1 
17404762 5617506 5806148 
5 3 4 0 2 6 1 
17463470 5645796 5178278 
4 6 5 0 1 3 2 
17797414 7864858 3087004 
4 5 1 0 6 3 2 
17925394 7615750 3161204 
5 6 4 0 1 3 2 
18075374 6267274 4444052 
4 6 1 0 3 5 2 
18276922 7681618 3026666 
4 3 1 0 6 5 2 
18429392 7494802 3067444 
4 3 5 0 6 1 2 
18514874 7621930 3032550 
5 3 4 0 1 6 2 
18681592 6191662 4403724 
4 6 2 3 0 1 5 
20384790 7866070 3015376 
4 1 2 3 0 6 5 
20797930 7894946 3007964 
5 1 4 0 2 3 6 
21390072 5915860 4810272 
2 6 4 3 5 1 0 
21803530 5616924 5363062 
1 5 4 0 2 3 6 
23385716 7322608 3276174 
6 2 1 0 4 5 3 
23468226 6657052 3427304 
5 3 4 0 2 1 6 
23625106 5859020 4808056 
4 0 1 3 6 2 5 
23720458 6875564 3005594 
2 3 4 0 1 6 5 
24075624 6123950 4359052 
