391 3
6 5 1 3 8 2 9 7 4 0 
9095978 74043230 23382762 
3 5 1 6 4 2 9 7 8 0 
9112390 73032252 23806488 
6 5 4 3 8 2 9 7 1 0 
9133056 77318436 21597766 
3 5 1 6 8 2 9 7 4 0 
9156224 71783194 22169204 
6 5 4 3 1 2 9 7 8 0 
9173054 71377064 21536156 
1 5 6 3 4 2 9 7 8 0 
9239366 69546736 20370482 
3 5 1 6 7 0 9 4 8 2 
9383480 67342384 25290458 
3 5 1 6 8 0 9 4 7 2 
9387538 62503590 25209240 
6 5 4 3 8 0 9 7 1 2 
9398780 74903612 20162050 
3 5 1 6 8 0 9 7 4 2 
9421136 71818860 20182706 
6 5 4 3 1 0 9 7 8 2 
9437826 68738464 20093818 
1 5 6 3 4 0 9 7 8 2 
9500946 68737004 18841336 
3 5 1 6 8 2 9 4 7 0 
9560086 66239884 24386418 
1 5 3 6 8 0 9 4 7 2 
9561044 65253896 24824506 
1 5 4 3 6 2 9 7 8 0 
9591452 64603398 20626992 
1 5 8 3 4 2 9 7 6 0 
9618218 63315888 21872046 
1 5 8 3 6 2 9 7 4 0 
9629472 60638974 22225304 
6 5 1 3 8 0 9 4 7 2 
9663416 60530292 24255038 
6 9 4 1 8 0 5 3 7 2 
9738360 60260880 23560532 
1 5 6 3 8 0 9 4 7 2 
9750668 58574678 22386254 
4 5 3 6 1 2 9 7 8 0 
9788826 68171294 20077502 
1 5 8 6 4 2 9 3 7 0 
9806946 56193890 23743264 
1 5 8 6 7 2 9 3 4 0 
9807020 59656714 22112752 
1 5 8 3 4 0 9 6 7 2 
9808470 50385200 21544508 
1 5 4 3 7 0 9 6 8 2 
9850542 57711558 21266050 
1 5 4 3 6 0 9 7 8 2 
9853536 63495838 19187918 
1 5 8 3 6 0 9 7 4 2 
9890724 62943758 20030202 
1 5 6 3 8 2 9 4 7 0 
9923012 62325202 21081484 
1 5 8 6 7 0 9 3 4 2 
9926464 59353982 20861782 
1 5 4 3 8 0 9 6 7 2 
9937802 53160306 21350020 
1 5 8 3 4 2 9 6 7 0 
9941340 51571084 21214060 
4 5 1 6 8 2 9 3 7 0 
9960490 54880588 20568396 
1 5 4 3 7 2 9 6 8 0 
9978500 61350746 20151194 
4 5 3 6 8 0 9 7 1 2 
10006846 71068266 17685188 
4 5 3 6 1 0 9 7 8 2 
10053394 65561268 18032304 
1 5 4 3 8 2 9 6 7 0 
10066304 56927366 20238948 
4 5 1 6 8 0 9 3 7 2 
10080222 51105774 19495338 
4 5 1 6 8 0 9 7 3 2 
10191370 63841612 18757462 
1 5 7 6 8 0 9 3 4 2 
10415388 59780934 19473432 
4 5 8 6 1 2 9 3 7 0 
10523528 48602406 20361884 
3 5 4 1 6 0 9 7 8 2 
10553032 63036146 19095966 
4 5 8 6 7 0 9 3 1 2 
10608382 55867838 18722472 
4 5 8 6 1 0 9 3 7 2 
10642084 45522524 19078658 
4 5 8 6 1 0 9 7 3 2 
10762984 57961456 18321278 
4 5 7 6 8 0 9 3 1 2 
10835786 56283142 17361114 
4 5 7 6 1 0 9 3 8 2 
10891980 50775932 17772148 
3 0 1 7 4 9 2 6 8 5 
10940724 64703362 17359910 
8 9 4 1 3 0 5 6 7 2 
11016920 44667352 23719292 
7 0 6 3 4 9 2 1 8 5 
11180246 70887024 17282458 
7 0 1 3 4 9 2 6 8 5 
11199748 65025852 17239262 
7 2 1 3 4 9 0 6 8 5 
11332972 64918558 17190956 
8 5 4 1 6 0 9 3 7 2 
11383050 45308868 20079692 
8 0 6 7 4 9 2 3 1 5 
11383358 55287216 16969658 
8 0 1 3 4 9 2 6 7 5 
11471076 66786852 16807486 
1 0 4 3 7 9 2 6 8 5 
11501434 64933240 16694266 
8 5 4 1 3 0 9 6 7 2 
11515596 43109674 22146634 
1 5 6 8 4 0 9 3 7 2 
11529746 49378892 19030158 
8 0 4 7 6 9 2 3 1 5 
11608372 51097498 17703506 
4 2 7 6 8 9 0 3 1 5 
11613432 56213776 16539742 
4 9 8 6 3 0 5 1 7 2 
11647298 42204526 25575340 
1 9 4 8 6 0 5 3 7 2 
11784576 44671616 20932642 
4 2 3 6 8 9 0 1 7 5 
11791776 76020328 15951080 
4 2 3 6 7 9 0 1 8 5 
11796418 69057216 15622152 
1 2 4 3 7 9 0 6 8 5 
11825362 60328346 16523020 
1 5 4 8 6 0 9 3 7 2 
11881600 44160134 19378212 
8 2 4 3 7 9 0 6 1 5 
11923874 56002274 16770394 
4 2 1 6 8 9 0 3 7 5 
11972210 65654692 15233206 
4 2 1 6 7 9 0 3 8 5 
11984314 58691416 14953724 
4 2 8 6 7 9 0 3 1 5 
12012048 52294428 15613070 
1 5 4 8 3 0 9 6 7 2 
12035496 41797990 21458304 
1 6 8 5 4 2 9 3 7 0 
12369394 43691814 20967310 
1 6 8 5 4 0 9 3 7 2 
12486540 42420844 19686052 
7 0 4 8 6 9 2 3 1 5 
12600122 49784220 16785614 
1 6 7 5 4 0 9 3 8 2 
12708002 47261140 18043010 
2 4 3 0 8 5 6 1 7 9 
12808042 74415854 14217130 
2 4 3 0 8 9 6 1 7 5 
13028838 75227080 12282392 
2 4 1 0 8 9 6 3 7 5 
13029912 69888660 11625918 
2 4 1 0 8 5 6 3 7 9 
13116010 68961682 12204770 
1 9 8 5 3 0 6 4 7 2 
13191018 39634874 23839708 
7 2 4 8 3 9 0 6 1 5 
13199058 49601862 17433986 
4 2 7 6 8 9 0 5 1 3 
13224574 57467636 15411800 
2 4 7 0 1 9 6 3 8 5 
13229586 58022568 14104146 
1 6 8 3 4 2 9 5 7 0 
13234704 40582996 22181968 
1 6 8 3 4 0 9 5 7 2 
13235034 39347738 21658262 
0 4 1 2 8 9 6 3 7 5 
13254934 69464134 11330554 
2 4 7 0 1 5 6 3 8 9 
13313220 60124318 13915618 
2 4 8 0 1 9 6 3 7 5 
13334194 60211376 12776052 
0 4 1 2 8 5 6 3 7 9 
13341020 68534618 11909506 
1 5 4 8 6 2 3 9 7 0 
13401002 45365682 19156072 
0 4 7 2 1 9 6 3 8 5 
13500642 57700584 13867392 
5 6 8 1 4 0 9 3 7 2 
13536944 42237438 19609310 
5 6 7 1 4 2 9 3 8 0 
13545700 46996614 18860292 
8 0 4 7 6 3 2 5 1 9 
13556242 57094012 15117408 
0 4 7 2 1 5 6 3 8 9 
13584264 59799796 13678964 
0 4 8 2 1 9 6 3 7 5 
13592914 59784960 12474234 
4 2 1 6 7 9 0 5 8 3 
13597296 54567804 15083086 
4 2 8 6 7 9 0 5 1 3 
13625030 52511168 14782368 
5 6 7 1 4 0 9 3 8 2 
13662802 46268386 17462022 
4 2 8 6 7 3 0 5 1 9 
13899306 56683200 14121434 
8 6 3 1 4 0 9 5 7 2 
14067582 41126330 21333404 
8 0 6 7 4 3 2 9 1 5 
14076742 56385220 14620292 
2 3 8 0 1 4 9 5 7 6 
14128490 47819688 16542872 
0 3 1 2 8 4 9 5 7 6 
14193492 52231604 15183414 
4 0 8 6 7 3 2 5 1 9 
14212034 59129566 13564266 
1 6 5 8 4 0 9 3 7 2 
14223028 42295870 18933064 
1 6 8 3 4 0 5 9 7 2 
14265588 40090220 21424700 
7 3 8 2 1 4 9 5 0 6 
14281616 43813258 17652194 
0 3 8 2 1 4 9 5 7 6 
14296694 47316870 16233570 
8 0 4 7 6 3 2 9 1 5 
14301756 52195502 15354140 
4 2 1 6 7 5 0 9 8 3 
14430262 51282924 16066676 
4 2 8 6 7 5 0 9 1 3 
14457612 49173584 15777046 
5 9 8 1 3 0 6 4 7 2 
14471762 39216820 23781902 
8 6 3 1 4 0 5 9 7 2 
14512326 41742044 21096902 
7 0 4 8 6 3 2 5 1 9 
14537964 55809702 14196836 
4 2 1 6 7 3 0 9 8 5 
14617888 58110348 13361372 
4 2 8 6 7 3 0 9 1 5 
14646262 51801200 14002238 
2 4 1 0 8 9 6 5 7 3 
14692270 57158172 11648124 
1 6 3 8 4 2 9 5 7 0 
14761104 41003532 20963984 
1 6 3 8 4 0 9 5 7 2 
14761506 39761986 20621046 
8 6 7 1 4 0 9 5 3 2 
14768546 39228752 20273064 
8 6 7 1 4 2 9 5 3 0 
14768548 39175624 20906082 
2 4 7 0 1 9 6 5 8 3 
14886056 49967224 12875164 
4 1 8 6 3 0 5 9 7 2 
14912450 38965532 21326894 
0 4 1 2 8 9 6 5 7 3 
14925276 56702350 11355224 
2 4 8 0 1 9 6 5 7 3 
14990664 50799672 11847090 
1 5 8 3 9 0 6 4 7 2 
15083314 37717856 23273220 
0 4 7 2 1 9 6 5 8 3 
15165096 49613944 12640874 
8 6 7 1 4 0 5 9 3 2 
15219260 39817726 20041102 
0 4 8 2 1 9 6 5 7 3 
15257368 50341960 11547736 
4 1 7 6 8 0 5 9 3 2 
15377412 42165416 18958028 
8 3 0 7 1 4 9 5 2 6 
15602826 46716578 17101142 
7 3 8 2 1 4 5 9 0 6 
15612418 44036284 17486398 
0 3 8 2 1 4 5 9 7 6 
15672046 47481612 16078718 
2 4 7 0 1 5 6 9 8 3 
15708592 48296292 13007578 
0 4 1 2 8 5 6 9 7 3 
15749054 55139688 11478710 
2 4 8 0 1 5 6 9 7 3 
15813648 49190228 11966568 
0 4 7 2 1 5 6 9 8 3 
15988618 47936562 12773696 
0 4 8 2 1 5 6 9 7 3 
16081338 48726066 11667622 
0 1 4 2 8 5 3 6 7 9 
16224190 53095286 11432246 
2 3 7 0 1 6 9 4 8 5 
16423462 46474334 17171560 
1 4 8 5 6 0 9 3 7 2 
16441484 41074394 19669066 
2 3 7 0 8 6 9 4 1 5 
16443126 46712350 17143216 
0 5 1 2 8 9 3 4 7 6 
16474520 71247870 11081038 
0 3 7 2 1 6 9 4 8 5 
16615942 46021390 16931318 
8 3 0 7 1 4 5 9 2 6 
16641902 46906912 16929414 
1 5 3 8 9 0 6 4 7 2 
16673146 38083576 22233160 
8 5 7 1 9 0 6 4 3 2 
16691384 37353828 21895036 
4 1 8 6 3 0 9 5 7 2 
16879880 38364554 21560600 
0 5 8 2 4 1 9 6 7 3 
16886210 46852868 16392490 
8 2 7 1 0 5 3 6 4 9 
16889778 45952992 15240090 
2 4 7 0 3 5 6 9 8 1 
16927440 44712816 16910172 
2 3 1 0 8 5 9 4 7 6 
17005120 60200914 10172424 
2 6 7 0 4 5 9 1 8 3 
17048032 42935652 12208724 
2 3 8 0 1 5 9 4 7 6 
17074720 55261454 11227234 
0 6 7 2 4 5 9 1 8 3 
17122484 42628044 11964760 
2 6 8 0 4 5 9 1 7 3 
17130818 43597472 11204870 
0 3 1 2 8 5 9 4 7 6 
17151458 59622586 9874472 
0 9 7 2 6 1 3 8 4 5 
17179990 41348010 19437626 
1 4 8 3 6 0 9 5 7 2 
17189978 38001288 21641276 
0 6 8 2 4 5 9 1 7 3 
17192934 43185432 10895842 
7 1 8 2 3 4 5 9 0 6 
17233654 41863370 17459998 
4 1 7 6 8 0 9 5 3 2 
17329602 41639706 19190038 
2 9 7 0 1 5 6 4 8 3 
17350722 37651958 18905902 
2 9 8 0 1 5 6 4 7 3 
17361156 38667950 17855498 
4 5 7 6 1 3 9 0 8 2 
17493672 56550522 10541412 
7 2 4 8 0 5 3 1 6 9 
17623328 40196358 17226816 
0 9 8 2 1 5 6 4 7 3 
17705626 38132068 17556464 
0 9 7 2 1 5 6 4 8 3 
17707528 37220508 18671932 
2 4 7 0 9 1 6 5 8 3 
17757096 41803400 17217698 
2 5 8 0 1 9 6 4 7 3 
17786252 36158764 17076000 
2 4 8 0 9 1 6 5 7 3 
17879614 42581218 16185754 
2 5 7 0 1 9 6 4 8 3 
17896694 35048916 18125424 
2 4 7 0 5 1 6 9 8 3 
17968112 41730928 16679182 
0 4 7 2 9 1 6 5 8 3 
18037192 41450664 16982464 
2 4 8 0 5 1 6 9 7 3 
18085506 42587230 15635506 
2 6 7 0 4 5 9 3 8 1 
18129010 38625720 13330152 
0 5 8 2 1 9 6 4 7 3 
18136716 35622812 16776550 
0 6 7 2 4 5 9 3 8 1 
18202464 38322024 13085880 
0 5 7 2 1 9 6 4 8 3 
18259494 34617396 17891038 
0 6 8 2 4 5 9 3 7 1 
18272914 44440488 10786880 
0 1 5 2 8 9 3 4 7 6 
18280354 66140436 9441358 
0 1 4 2 8 9 3 5 7 6 
18358458 54674972 10636250 
2 6 7 0 4 9 5 1 8 3 
18412900 39930496 12170968 
0 6 7 2 4 9 5 1 8 3 
18460080 39622818 11926588 
2 6 8 0 4 9 5 1 7 3 
18478522 40605700 11167338 
0 6 8 2 4 9 5 1 7 3 
18513366 40193590 10857894 
2 6 7 0 4 3 9 5 8 1 
18566502 36826720 14084326 
2 9 7 0 3 5 6 4 8 1 
18571790 33137234 22214784 
0 6 7 2 4 3 9 5 8 1 
18647844 36471424 13843318 
2 1 3 0 8 9 5 4 7 6 
18681206 61605378 9388236 
2 6 7 0 4 1 9 5 8 3 
18697926 35694054 14433830 
0 6 7 2 4 1 9 5 8 3 
18779280 35341296 14192722 
2 6 8 0 4 1 9 5 7 3 
18781704 36492026 13401332 
0 1 3 2 8 9 5 4 7 6 
18798960 61026712 9089480 
0 6 8 2 4 1 9 5 7 3 
18850722 36034836 13095160 
7 1 3 2 8 9 5 4 0 6 
18881554 57881816 10422378 
0 9 7 2 3 5 6 4 8 1 
18928452 32703178 21981032 
8 2 7 1 0 9 3 5 4 6 
18975346 34908436 16529308 
2 9 7 0 5 3 6 4 8 1 
19335208 31744170 24061292 
1 6 7 5 4 3 9 0 8 2 
19352784 53532560 10781884 
0 1 4 2 8 5 3 9 7 6 
19603292 53488258 10235786 
2 9 7 0 5 1 6 4 8 3 
19682392 31835204 22597736 
0 9 7 2 5 3 6 4 8 1 
19692926 31310658 23826596 
2 9 8 0 5 1 6 4 7 3 
19705164 32813562 21544666 
0 9 7 2 5 1 6 4 8 3 
20040122 31404230 22362940 
0 9 8 2 5 1 6 4 7 3 
20050558 32278156 21244806 
0 8 4 2 1 9 3 5 7 6 
20096318 50911492 10629650 
8 2 7 1 0 5 3 9 4 6 
20253272 33846804 16123008 
5 6 7 1 4 3 9 0 8 2 
20328290 52404356 10209464 
8 6 7 1 4 3 9 5 0 2 
20732880 33632984 18530100 
2 6 7 0 4 1 5 9 8 3 
20884946 34922382 12680584 
0 6 7 2 4 1 5 9 8 3 
20940014 34563104 12439468 
2 6 8 0 4 1 5 9 7 3 
20952008 35795226 11635374 
9 1 7 6 8 3 5 0 4 2 
20971304 59161248 9799846 
0 6 8 2 4 1 5 9 7 3 
20994740 35331516 11329194 
0 8 6 2 7 3 1 5 4 9 
21052358 48025280 10337768 
8 0 7 1 2 5 6 4 3 9 
21124024 31717080 17128206 
2 5 7 0 9 1 6 4 8 3 
21186204 31227030 22585292 
2 8 6 0 7 3 1 5 4 9 
21223348 47708368 10121804 
4 3 7 6 8 9 5 0 1 2 
21223792 61250844 9027228 
4 3 7 6 1 9 5 0 8 2 
21273666 60356610 9552982 
2 1 3 0 8 5 9 4 7 6 
21319452 59814532 9376898 
0 8 4 2 7 3 1 5 6 9 
21350088 44254952 10824086 
0 1 3 2 8 5 9 4 7 6 
21464478 59235936 9078558 
2 8 4 0 7 3 1 5 6 9 
21530330 44016364 10656920 
0 5 7 2 9 1 6 4 8 3 
21550060 30796054 22349962 
0 8 6 2 7 1 3 9 4 5 
21835900 47242752 10612636 
4 0 7 6 2 1 9 5 8 3 
21926618 32266652 15009402 
3 6 7 1 4 9 5 2 8 0 
21966560 56592834 9901604 
4 1 7 6 8 3 5 0 9 2 
21974552 54159788 9447460 
2 8 6 0 7 1 3 9 4 5 
22033164 46929822 10396780 
4 2 7 6 0 1 9 5 8 3 
22035708 32980798 15004966 
8 2 7 1 0 5 6 4 3 9 
22037872 31581624 17135570 
0 4 8 2 6 5 9 3 7 1 
22089744 42106316 10774924 
3 6 7 1 4 9 5 0 8 2 
22098750 56044994 9360302 
4 0 8 6 2 1 9 5 7 3 
22257524 33908908 14654868 
2 4 8 0 6 9 5 1 7 3 
22314100 38171846 11153514 
0 4 8 2 6 9 5 1 7 3 
22330566 37759742 10845672 
2 4 7 0 6 3 9 5 8 1 
22368766 34514502 14070704 
0 4 7 2 6 3 9 5 8 1 
22431730 34159212 13831298 
2 4 7 0 6 1 9 5 8 3 
22500544 33282586 14419892 
0 4 7 2 6 1 9 5 8 3 
22563520 32929834 14180386 
8 6 7 1 4 5 0 2 3 9 
22601802 31364452 21164840 
2 4 8 0 6 1 9 5 7 3 
22617266 34058598 13387458 
0 4 8 2 6 1 9 5 7 3 
22667906 33601414 13082888 
8 6 7 1 4 9 5 2 3 0 
22724390 50769284 10101522 
8 0 7 1 2 9 6 4 5 3 
22848492 31531024 18614246 
8 6 7 1 4 9 5 0 3 2 
22856580 51025828 9557328 
4 1 7 6 8 9 5 2 3 0 
22876044 55739042 9010726 
4 1 7 6 8 9 5 0 3 2 
22994074 53363114 8474428 
8 4 1 7 6 5 0 2 3 9 
23106560 31315748 20978826 
1 2 7 8 0 5 6 4 3 9 
23283944 31535408 17275022 
8 0 7 1 2 3 6 4 5 9 
23329670 30884850 18918432 
8 0 7 1 2 5 4 6 3 9 
23346860 32238420 16678502 
0 7 6 2 8 1 3 9 4 5 
23437024 44784480 10629262 
4 9 7 6 5 3 0 2 8 1 
23469380 30689758 24169068 
2 7 6 0 8 1 3 9 4 5 
23609784 44471558 10415542 
0 5 7 2 9 8 6 4 1 3 
23624356 30602432 25265144 
4 1 7 6 8 3 9 0 5 2 
23643330 52591696 9128980 
0 8 6 2 7 1 3 5 4 9 
23743514 46257172 10338948 
2 8 6 0 7 1 3 5 4 9 
23941776 45940330 10123400 
1 6 7 8 4 3 0 2 5 9 
23987754 29838218 20361450 
4 0 7 6 2 8 9 5 1 3 
24024666 30985384 16808210 
8 6 7 1 4 3 0 2 5 9 
24104972 28744838 19695690 
4 2 7 6 0 8 9 5 1 3 
24134932 31736574 16803298 
4 1 7 6 8 9 3 0 5 2 
24184578 53017388 9119710 
8 2 7 1 0 3 6 4 5 9 
24244862 30791730 18925252 
2 8 4 0 7 1 3 5 6 9 
24249984 42247370 10658500 
3 6 7 1 4 5 9 0 8 2 
24284724 52068954 9322284 
8 2 7 1 0 5 4 6 3 9 
24661466 32101092 16685860 
2 4 7 0 6 1 5 9 8 3 
24687564 32510914 12666646 
0 4 7 2 6 1 5 9 8 3 
24724254 32151642 12427132 
2 4 8 0 6 1 5 9 7 3 
24787570 33361798 11621500 
1 6 7 8 4 3 2 0 5 9 
24808442 29675996 19640596 
0 4 8 2 6 1 5 9 7 3 
24811924 32898094 11316922 
2 3 1 0 8 4 6 5 7 9 
24896772 48670952 8921742 
2 3 8 0 1 4 6 5 7 9 
24970506 44249708 9828152 
1 6 3 8 4 5 9 0 7 2 
25039048 48151672 9785536 
8 6 7 1 4 5 9 0 3 2 
25087392 47049158 9515566 
8 6 7 1 4 3 2 0 5 9 
25109662 28628256 18974892 
4 0 7 6 2 1 5 9 8 3 
25193432 31553316 13256214 
0 3 1 2 8 4 6 5 7 9 
25249550 48190888 8621422 
0 3 8 2 1 4 6 5 7 9 
25356982 43767754 9521378 
0 3 7 2 1 4 6 5 8 9 
25394092 43464154 10497154 
8 2 7 1 0 3 9 5 4 6 
25420838 31088692 16474858 
2 9 8 0 1 4 6 5 7 3 
25502734 41388856 10672230 
2 7 4 0 8 1 3 5 6 9 
25788480 41206530 10680922 
0 9 8 2 1 4 6 5 7 3 
25835372 40930374 10368300 
2 3 1 0 8 4 6 9 7 5 
26010122 48043590 8465974 
1 4 7 8 6 3 0 2 5 9 
26043844 27420064 20342202 
2 3 8 0 1 4 6 9 7 5 
26086064 42377802 9729072 
8 4 7 1 6 3 0 2 5 9 
26167188 26326682 19675908 
0 3 1 2 8 4 6 9 7 5 
26363898 47559614 8165962 
0 3 8 2 1 4 6 9 7 5 
26473538 41891936 9422606 
0 3 7 2 1 4 6 9 8 5 
26510648 39689432 10818410 
1 4 7 8 6 3 9 5 2 0 
26638778 30794870 18775286 
4 9 1 6 5 7 0 2 8 3 
26662260 30520542 18256320 
2 5 8 0 1 4 6 9 7 3 
26750814 37270226 10012210 
4 7 3 6 8 0 2 5 1 9 
26764108 54288930 7908780 
2 5 7 0 1 4 6 9 8 3 
26861608 36208690 11051470 
4 7 1 6 8 0 2 3 5 9 
26954706 42533782 9137092 
4 9 8 6 5 7 0 2 1 3 
27058918 27875268 17992686 
4 2 7 6 0 8 5 9 1 3 
27087128 31465414 16012512 
0 5 8 2 1 4 6 9 7 3 
27090432 36805224 9708272 
4 0 7 6 2 8 5 9 1 3 
27110448 30713600 16017422 
4 8 7 6 1 3 2 0 5 9 
27140378 29911986 17539666 
4 7 1 6 8 0 2 9 5 3 
27173928 43247380 8802588 
0 5 7 2 1 4 6 9 8 3 
27213562 35848120 10812596 
8 0 7 1 2 4 6 5 3 9 
27229214 34280184 11281408 
1 4 7 8 6 3 2 0 5 9 
27265290 27255970 19621342 
4 9 1 6 5 7 2 0 8 3 
27391700 29860790 17612178 
8 4 7 1 6 3 2 0 5 9 
27572636 26208228 18955104 
4 9 8 6 5 7 2 0 1 3 
27780000 27252952 17342188 
4 7 1 6 8 2 0 9 5 3 
28143202 43038544 8805208 
8 2 7 1 0 4 6 5 3 9 
28143254 34139616 11289372 
2 1 3 0 8 6 4 5 7 9 
28419294 53495592 8025602 
2 1 3 0 8 4 6 5 7 9 
28549254 48341060 7979946 
7 0 1 8 2 4 6 5 3 9 
28650436 35823972 10788094 
0 1 3 2 8 6 4 5 7 9 
28852576 53015470 7726142 
0 1 3 2 8 4 6 5 7 9 
28900720 47860728 7679238 
0 1 8 2 3 4 6 5 7 9 
29228490 41015080 9486882 
0 1 7 2 8 4 6 5 3 9 
29567940 38527178 9668308 
7 2 1 8 0 4 6 5 3 9 
29603992 35683412 10798194 
5 4 8 9 6 7 0 2 1 3 
29653150 30500990 17125900 
2 1 3 0 8 4 6 9 7 5 
29658698 47628942 8153968 
4 5 8 6 1 7 0 2 9 3 
29729868 29144020 17093406 
4 7 1 6 8 0 2 9 3 5 
29732734 46348942 7884624 
4 7 1 6 8 0 2 3 9 5 
29739910 41996334 9100802 
7 0 1 8 2 4 6 9 3 5 
29785296 36717890 10330752 
4 5 8 6 9 7 0 2 1 3 
29796644 27212622 17987146 
0 1 3 2 8 4 6 9 7 5 
30011162 47144698 7853568 
9 4 8 5 6 7 0 2 1 3 
30203182 29964230 16863496 
4 5 8 6 1 7 2 0 9 3 
30316052 28521976 16433118 
0 1 8 2 3 4 6 9 7 5 
30337276 41232458 9393696 
4 5 8 6 9 7 2 0 1 3 
30384140 26590930 17336650 
7 2 1 8 0 4 6 9 3 5 
30738482 36677006 10341118 
8 0 7 1 2 4 6 9 5 3 
31775048 32486466 11565928 
4 7 1 6 8 2 0 9 3 5 
31828344 46140090 7886588 
9 4 8 5 6 7 2 0 1 3 
32061416 29406770 16213064 
4 2 7 6 0 8 1 5 9 3 
32351762 31872284 13067750 
0 4 7 2 6 8 3 1 9 5 
32456302 30021514 15493726 
4 8 7 6 1 0 2 9 5 3 
32542764 40126916 9537444 
2 4 7 0 6 8 3 1 9 5 
32669742 29953360 15482982 
7 0 5 8 2 4 6 9 1 3 
32852886 35578682 11268696 
4 8 7 6 1 2 0 9 5 3 
32988912 39908356 9540096 
0 4 7 2 6 8 3 9 1 5 
33003644 31047114 13589104 
2 1 5 0 8 4 6 9 7 3 
33093948 39525038 9322130 
4 0 7 6 2 8 1 5 9 3 
33308712 31077174 13072790 
2 1 8 0 5 4 6 9 7 3 
33312036 36112396 9997756 
2 8 3 0 1 4 6 5 7 9 
33363208 45074042 7978716 
0 1 5 2 8 4 6 9 7 3 
33409052 39063802 9027362 
2 8 7 0 1 4 6 5 3 9 
33563080 35770382 9804278 
2 8 1 0 3 4 6 5 7 9 
33588360 42651258 8885482 
2 8 1 0 7 4 6 5 3 9 
33655424 41612486 8567674 
2 1 7 0 5 4 6 9 8 3 
33678146 34880670 11037512 
2 1 7 0 8 4 6 9 5 3 
33693224 34886110 10447120 
0 1 8 2 5 4 6 9 7 3 
33694536 35647380 9690080 
0 8 3 2 1 4 6 5 7 9 
33757556 44593696 7674270 
0 8 7 2 1 4 6 5 3 9 
33988268 35551116 9662492 
0 8 1 2 7 4 6 5 3 9 
34027658 41396190 8436030 
4 1 8 6 5 7 2 0 9 3 
34045680 27589720 16403644 
0 1 7 2 8 4 6 9 5 3 
34063840 34894818 10445140 
0 1 7 2 5 4 6 9 8 3 
34072982 34520086 10794900 
1 4 8 3 6 7 0 2 5 9 
34148148 25822574 19746192 
2 7 1 0 8 4 6 5 3 9 
34197122 40620948 8587008 
2 8 3 0 1 4 6 9 7 5 
34477092 43165812 8149546 
0 7 1 2 8 4 6 5 3 9 
34593860 40404644 8453228 
2 8 7 0 1 4 6 9 3 5 
34676964 33183972 10125118 
2 8 1 0 3 4 6 9 7 5 
34698380 42920980 8432108 
2 8 1 0 7 4 6 9 3 5 
34764524 41722588 8115690 
0 8 3 2 1 4 6 9 7 5 
34872438 42681554 7845408 
0 6 7 2 4 8 1 5 3 9 
34950712 32067088 12134238 
0 8 7 2 1 4 6 9 3 5 
35103150 32960794 9983640 
0 8 1 2 7 4 6 9 3 5 
35137756 41502380 7984354 
2 7 1 0 8 4 6 9 3 5 
35311402 39335586 8131300 
3 4 8 1 6 7 0 2 5 9 
35451752 25639164 19855860 
0 7 1 2 8 4 6 9 3 5 
35709138 39115370 7997828 
1 4 8 3 6 7 2 0 5 9 
35712646 25269392 18234308 
8 4 1 3 6 7 2 0 5 9 
35735400 26544318 17820062 
4 2 7 6 0 8 1 3 5 9 
36448260 30700660 13480398 
4 8 3 6 1 7 2 0 5 9 
37028838 29853414 15511280 
3 4 8 1 6 7 2 0 5 9 
37042536 25092502 18343984 
8 4 3 1 6 7 2 0 5 9 
37264286 26156324 16908906 
0 4 7 2 6 8 1 3 9 5 
37740178 29309972 14354666 
2 4 7 0 6 8 1 3 9 5 
37927332 29235298 14343914 
4 1 8 6 3 7 2 0 5 9 
37963020 25771172 17345878 
2 8 5 0 1 4 6 9 7 3 
38169942 38231572 9326156 
0 4 7 2 6 8 1 3 5 9 
38184104 28850448 13763576 
2 4 7 0 6 8 1 3 5 9 
38369672 28804758 13769794 
0 8 5 2 1 4 6 9 7 3 
38527928 37770322 9027650 
0 4 7 2 6 8 1 5 3 9 
38601382 29655824 12121954 
