26 4
1 4 5 0 3 2 
3950032 9916044 895480 9297224 
1 2 5 0 3 4 
4048770 6236292 704910 6500362 
3 2 5 0 1 4 
4268290 6429900 651696 6663328 
3 2 5 1 0 4 
4573452 6482160 602748 5353998 
1 2 5 3 0 4 
4602478 6189954 597954 5276538 
3 5 2 4 1 0 
4802544 4995892 715448 5763568 
1 5 2 4 3 0 
4832328 5488282 677168 6089518 
1 0 5 2 4 3 
5216494 2540920 945704 3669798 
3 5 2 1 4 0 
5381536 4927338 574580 4250088 
3 0 5 2 4 1 
5424258 2477602 910496 3758742 
4 0 5 2 1 3 
5561862 6175678 561360 6168724 
4 0 5 2 3 1 
5605882 5883694 556650 6094696 
4 0 5 1 2 3 
5686010 6876850 871644 3862606 
3 4 5 2 0 1 
5692332 2406712 878268 3662542 
1 0 5 4 2 3 
5771568 2403462 800824 2784710 
3 0 5 4 2 1 
5849828 2466780 836032 2695766 
1 4 5 2 0 3 
5853892 2385070 874380 3545518 
3 2 5 4 0 1 
6099990 2067118 652380 2515534 
1 2 5 4 0 3 
6144838 1975480 604140 2595118 
1 5 2 0 4 3 
6387972 2047728 619020 2172184 
3 5 2 0 4 1 
6655134 1949412 561636 2359432 
3 5 0 1 4 2 
6703376 8902918 474098 8077338 
1 0 5 3 4 2 
6954418 9188464 476372 8051838 
3 0 5 1 4 2 
6961026 8896924 471830 7984674 
3 0 5 1 2 4 
7563320 6073132 414780 5171790 
1 0 5 3 2 4 
7583592 5780704 409902 5090898 
