22 3
0 1 3 2 4 
42628 4425928 10993480 
4 3 1 2 0 
45912 5073510 10241996 
2 3 1 4 0 
55098 5130012 9749302 
1 0 3 2 4 
128908 3962666 18797982 
1 3 0 2 4 
131012 3885370 11481350 
4 0 3 2 1 
142152 4220124 10658102 
4 3 0 2 1 
144456 4238364 4061414 
3 1 0 2 4 
148268 3768976 10936688 
2 0 3 4 1 
149532 4032488 9836036 
2 3 0 4 1 
151458 3972986 3250142 
1 2 4 0 3 
180492 3238452 16548536 
2 1 4 0 3 
180492 3666534 2934986 
3 4 2 0 1 
182348 3272728 10837296 
0 2 4 1 3 
191136 3268280 15861676 
0 4 2 1 3 
192440 3168882 10563440 
0 4 2 3 1 
192452 3107352 10018940 
4 3 2 0 1 
274380 3315530 3031554 
4 1 2 0 3 
283158 3210926 2879910 
2 0 4 3 1 
314792 3083912 8781896 
2 0 4 1 3 
314804 3020888 7692686 
3 2 0 1 4 
375986 2862922 11053838 
4 0 2 1 3 
379380 2425608 7657916 
