24 3
3 1 4 0 2 
4077858 80498 127832 
3 1 4 2 0 
4100138 72666 113716 
1 3 4 2 0 
4240808 69808 204300 
2 0 4 3 1 
5869766 94042 113324 
4 1 3 2 0 
7241318 60566 178614 
4 1 3 0 2 
7273838 54798 157650 
1 4 3 0 2 
7303008 53920 216878 
4 0 2 1 3 
9009142 53774 213914 
2 0 1 4 3 
10028128 44198 178610 
0 2 1 4 3 
10050938 43790 157706 
2 0 1 3 4 
10119878 91194 113508 
0 4 1 2 3 
10175752 44598 31286 
4 0 1 2 3 
10241542 43080 177614 
3 1 2 4 0 
10792596 23452 171946 
1 3 2 4 0 
10939706 20650 213754 
2 4 1 0 3 
11430612 44584 31174 
2 3 1 0 4 
11459000 92646 31038 
4 2 1 0 3 
11519212 42658 156598 
4 1 0 3 2 
11657718 21456 171006 
1 4 0 3 2 
11705288 20738 90874 
1 3 0 4 2 
12041262 19954 213802 
1 4 2 3 0 
12467212 19914 90906 
0 3 1 2 4 
12901980 92380 30990 
0 3 4 2 1 
14381462 89566 31050 
