30 3
2 0 3 1 4 
318714 1411902 264000 
0 2 3 1 4 
322426 1542212 263170 
1 3 0 2 4 
357742 2514018 238948 
3 1 2 0 4 
366438 1406702 267320 
3 1 0 2 4 
366640 1551142 237420 
0 2 3 4 1 
509630 1573092 151994 
2 0 3 4 1 
512074 1408050 151494 
0 2 1 4 3 
588966 2459574 148526 
2 0 1 4 3 
591712 2311914 147958 
3 4 2 0 1 
597992 1330410 294624 
1 3 0 4 2 
632458 2511902 75998 
3 1 0 4 2 
650428 1497842 72510 
2 3 0 4 1 
693820 543070 320166 
3 1 2 4 0 
700062 1358786 73054 
2 4 3 1 0 
742464 1293526 199824 
0 4 2 3 1 
743708 551110 300576 
2 4 0 3 1 
835612 542700 315356 
2 3 0 1 4 
843500 495082 235872 
0 3 2 1 4 
855880 480872 263902 
1 4 3 2 0 
894332 1183350 204392 
1 4 2 3 0 
894640 2389528 67374 
4 1 2 3 0 
905986 2040660 64970 
2 1 0 3 4 
912114 494562 229112 
0 1 2 3 4 
915514 480362 257272 
1 4 3 0 2 
929932 1166834 184618 
0 4 2 1 3 
942060 486162 185850 
2 1 0 4 3 
956822 476422 201070 
3 4 2 1 0 
980060 1358326 67074 
1 0 3 4 2 
1011678 1166814 184358 
0 1 2 4 3 
1039502 485822 181430 
