202 4
6 2 4 3 1 0 5 
2540248 13028864 9490928 14359796 
6 0 4 3 1 2 5 
2541862 11773682 9802270 14401394 
6 0 4 5 1 2 3 
2576358 15357844 9026910 10433506 
6 2 4 5 1 0 3 
2577544 15357682 8983664 10454276 
5 2 3 1 4 0 6 
2601416 20500416 9211870 9575124 
6 2 5 3 1 0 4 
2601772 13249320 7582240 11529220 
5 0 3 1 4 2 6 
2604638 19401662 9386926 9643176 
6 0 5 3 1 2 4 
2607586 11994186 7879638 11591938 
5 0 3 6 4 2 1 
2617808 14935072 7936796 10309654 
5 2 3 6 4 0 1 
2620186 13523138 8297932 10366338 
5 2 1 3 4 0 6 
2641148 12269638 7439480 8134356 
6 0 4 3 5 2 1 
2643278 11772692 8793482 14397502 
5 0 1 3 4 2 6 
2644370 11013962 7649210 8208444 
5 0 6 3 4 2 1 
2652128 11300986 6094356 9297984 
5 2 6 3 4 0 1 
2654506 12556726 5866034 9252056 
6 0 5 4 1 2 3 
2676562 16632672 6639372 7879108 
6 2 5 4 1 0 3 
2677748 14749446 7012214 7972310 
5 2 1 3 6 0 4 
2695518 12269188 6923186 8132422 
5 0 1 3 6 2 4 
2699772 11013602 7145474 8206660 
5 0 4 6 1 2 3 
2736342 14724408 8101854 7945942 
5 2 4 6 1 0 3 
2739184 13311984 8360216 8036876 
6 0 5 4 3 2 1 
2743962 16631142 6262564 7875600 
6 2 5 4 3 0 1 
2744804 14747886 6631220 7968752 
3 0 6 5 4 2 1 
2762778 15395190 6491180 8240960 
5 0 4 3 6 2 1 
2771526 11225232 6324272 10591552 
5 2 4 3 6 0 1 
2773922 12480894 6079906 10550754 
5 0 4 6 3 2 1 
2774454 14722878 7453036 7942798 
5 2 4 6 3 0 1 
2776952 13310424 7707212 8033682 
1 2 5 3 6 0 4 
2789622 12528308 6460774 8935748 
1 0 5 3 6 2 4 
2792588 11272694 6691196 8997666 
4 0 5 6 1 2 3 
2844738 14269942 5951962 6460764 
4 2 5 6 1 0 3 
2845372 12857470 6224268 6530578 
4 0 5 6 3 2 1 
2910360 14268412 5575154 6457290 
4 2 5 6 3 0 1 
2910650 12855910 5843274 6527054 
4 2 3 6 1 0 5 
2916832 12848302 6500290 7692406 
4 2 3 6 5 0 1 
3020894 12847522 6173628 7689330 
2 4 0 5 1 6 3 
3732534 9520780 10679746 16361690 
0 4 2 5 1 6 3 
3745550 9520840 10563350 16383804 
2 4 0 5 3 6 1 
3838784 9520060 9654224 16358110 
0 4 2 5 3 6 1 
3849966 9520120 9519694 16380246 
2 4 3 5 1 6 0 
3867316 9738340 8851896 13917548 
3 4 1 5 0 6 2 
3895368 8313854 7652002 8038696 
3 6 1 5 0 4 2 
3905474 12393262 6759508 7791400 
3 4 1 5 2 6 0 
3906686 8314214 7575266 8038940 
3 6 1 5 2 4 0 
3915760 12393532 6670214 7791494 
3 4 2 5 0 6 1 
3932302 8634426 6143694 10307780 
3 6 2 5 0 4 1 
3945908 12713874 5239580 10078084 
3 4 0 5 2 6 1 
3969148 8613528 6183298 10274164 
3 6 0 5 2 4 1 
3982772 12692898 5263140 10049598 
2 4 3 0 1 6 5 
3990490 12654948 6193780 6733752 
1 4 3 5 0 6 2 
3995336 8508106 7046474 8633394 
1 4 3 5 2 6 0 
4004820 8508466 6951604 8633660 
1 6 3 5 0 4 2 
4005258 12587510 6155142 8384338 
1 6 3 5 2 4 0 
4013710 12587780 6047714 8384454 
0 4 3 2 1 6 5 
4025542 14074066 6532358 6430496 
0 6 3 2 1 4 5 
4037000 16426982 5955240 6266546 
2 4 3 0 5 6 1 
4059192 12653508 5775102 6730324 
2 6 3 0 5 4 1 
4070858 14535640 5294334 6589712 
0 4 3 2 5 6 1 
4106690 14072626 6113680 6426830 
0 6 3 2 5 4 1 
4117804 16425512 5532376 6262830 
6 3 0 4 2 5 1 
5801134 12427390 6244100 8818926 
0 5 6 2 1 3 4 
5808958 10829606 6870048 7477640 
0 5 4 2 1 3 6 
5830902 10754274 7505328 8242010 
0 5 6 2 4 3 1 
5856004 10830356 5705080 7476894 
0 3 6 2 4 5 1 
5858122 14911040 4906344 7317638 
2 5 6 0 1 3 4 
5870130 12087538 6785630 7024944 
4 3 0 6 1 5 2 
5882422 8330028 7076526 7991578 
2 5 6 0 4 3 1 
5883394 12088288 5620662 7024844 
2 3 6 0 4 5 1 
5886984 14913628 5090022 6927956 
4 3 0 6 2 5 1 
5905312 8330418 5208468 7990276 
4 5 0 6 2 3 1 
5910622 12097302 4492100 7836152 
2 5 4 0 6 3 1 
5952270 12012164 5663310 7635298 
2 3 4 0 6 5 1 
5955860 14837504 5132670 7538410 
4 3 1 6 2 5 0 
6007854 8030908 7146052 8743934 
2 5 0 4 1 6 3 
6553674 6454378 10884120 17637594 
0 5 2 4 1 6 3 
6566690 6194830 10302940 16787740 
2 6 0 3 1 5 4 
6622634 7910710 9063684 12370956 
2 6 0 3 4 5 1 
6639802 7908610 8154102 12366538 
2 5 0 4 3 6 1 
6660614 6454108 9921358 17634764 
0 5 2 4 3 6 1 
6671796 6194560 9322044 16784932 
0 1 2 3 4 5 6 
6702848 7790638 8391650 12682176 
2 1 0 3 4 5 6 
6719354 7617614 7864246 12128128 
0 5 3 4 1 6 2 
6724650 6391038 9066600 16603432 
2 1 0 3 6 5 4 
6758606 7616864 7541882 12126224 
3 5 0 4 2 6 1 
6790790 6565690 8942654 17262070 
0 5 3 2 1 6 4 
6835132 14288934 5849560 6357596 
0 1 6 3 4 5 2 
6883556 8017260 7052780 13126170 
6 1 0 3 2 5 4 
6888294 7995718 6880072 13105166 
0 5 3 4 2 6 1 
6923942 6392298 9477928 16602084 
2 1 6 3 4 5 0 
6925482 7807874 6661948 12134306 
2 6 1 3 4 5 0 
6928594 7811788 8472844 11282016 
0 5 1 4 3 6 2 
6959012 6233720 9300178 17743872 
0 5 3 2 4 1 6 
6979834 18719594 6788878 6205902 
2 1 4 3 6 5 0 
6994198 7771142 6850476 13473694 
0 5 3 2 6 1 4 
7012624 18718814 6208452 6203882 
4 1 0 6 2 5 3 
7063376 8183030 6284274 8199802 
4 5 0 6 2 1 3 
7076564 15871100 4571696 7758418 
2 6 1 3 0 5 4 
7077834 7813318 8722384 11281734 
4 1 0 6 3 5 2 
7090896 8181080 7009626 8197076 
4 1 3 6 2 5 0 
7105848 8040344 7015758 7684650 
1 6 2 3 0 5 4 
7106786 7531926 6345648 10346514 
1 6 2 3 4 5 0 
7115270 7530396 7655632 10344904 
1 6 4 3 0 5 2 
7125628 7313936 7964420 11785300 
6 1 4 5 2 3 0 
7154164 7221556 7145754 10069966 
6 1 4 5 0 3 2 
7167816 7221766 6957406 10069866 
6 1 0 5 2 3 4 
7302422 7475602 5765966 11075600 
6 1 2 5 0 3 4 
7343894 7439466 5785774 11042180 
4 1 5 6 2 3 0 
7395984 11814222 7264370 6473994 
0 1 6 2 4 3 5 
7398898 10695272 6798512 7697634 
0 3 6 2 4 1 5 
7411576 18854188 4984474 7247042 
4 1 5 6 0 3 2 
7415642 11814432 7293630 6473936 
4 3 5 6 2 1 0 
7418562 15735576 6219356 6260654 
0 1 6 2 5 3 4 
7419902 10693082 6873770 7694270 
4 3 5 6 0 1 2 
7438564 15735816 6252802 6260646 
2 1 6 0 4 3 5 
7438706 11955500 6954460 7302746 
2 3 6 0 4 1 5 
7451568 19957498 5173934 6859950 
2 1 6 0 5 3 4 
7481046 11953310 7029718 7298974 
6 3 4 0 1 2 5 
8851536 4510768 9674372 14718784 
4 3 6 0 1 2 5 
8901980 4770016 9668164 15522302 
6 3 5 0 1 2 4 
8914310 4731154 8348230 14788646 
6 3 4 0 5 2 1 
8953918 4510408 8753448 14715942 
4 3 5 6 1 2 0 
9120358 14483482 5445058 6439632 
6 2 1 5 0 3 4 
9134058 7450120 8266724 9255320 
4 2 5 6 1 3 0 
9138482 12131866 6160566 6649582 
6 3 1 0 5 2 4 
9139414 4585898 8661480 16396710 
4 2 5 6 0 3 1 
9192486 12128896 6507762 6644048 
1 2 6 5 4 3 0 
9299226 7473846 6921138 9277516 
1 2 6 5 0 3 4 
9304608 7471326 7494488 9273996 
0 5 2 6 1 4 3 
10065636 5926688 8689778 14359402 
5 3 0 4 2 6 1 
10084070 6053506 8485702 14510054 
0 3 5 2 1 6 4 
10138540 14280498 5149902 7460086 
2 5 0 6 3 4 1 
10159814 6121076 8188512 14993714 
2 3 5 0 1 6 4 
10161512 12867908 5417172 7521846 
0 6 5 2 1 3 4 
10162200 10829684 6066240 7647928 
0 5 2 6 3 4 1 
10170444 5926418 7708880 14356594 
2 6 4 0 1 3 5 
10191396 11863934 7144434 7366974 
0 6 5 2 4 3 1 
10210196 10827584 6226522 7643572 
3 5 1 6 0 4 2 
10212058 5695218 8823302 14004068 
4 3 5 6 1 0 2 
10214268 13047086 5437554 6424318 
0 5 3 6 1 4 2 
10220296 6122874 7355010 13618912 
3 5 1 6 2 4 0 
10221930 5695218 8696352 14003712 
4 0 5 6 1 3 2 
10231758 12107942 5880756 6564454 
2 6 4 0 5 3 1 
10247010 11862464 6068674 7363064 
3 5 2 6 0 4 1 
10255092 6015934 6777654 13753048 
4 0 5 6 2 3 1 
10266104 12104762 6198692 6558978 
3 5 2 6 1 4 0 
10280938 6014674 8397302 13751422 
3 5 0 6 2 4 1 
10291992 5994706 6672568 13284894 
3 5 0 6 1 4 2 
10307966 5993446 8419166 13283624 
1 6 2 5 0 3 4 
10335014 7459210 5607694 11100744 
1 6 4 5 0 3 2 
10338856 7241120 6779066 10011430 
1 0 6 5 4 3 2 
10356964 7509762 6870990 9281260 
0 5 1 6 3 4 2 
10454660 5965558 7597534 14809914 
3 6 5 2 4 0 1 
10674956 4453828 8542756 13337396 
3 6 1 2 4 0 5 
10693162 4309140 9714442 14660968 
3 6 5 2 1 0 4 
10745360 4455928 8382314 13339032 
3 6 1 2 5 0 4 
10800546 4309770 8478282 14659170 
3 6 4 2 1 0 5 
10904858 4235092 9815516 13733714 
3 6 4 2 5 0 1 
10941838 4233622 8739798 13730280 
3 6 4 0 5 2 1 
12145958 4403702 8714116 14021770 
5 0 3 6 2 4 1 
12278296 5483022 7025938 10276796 
3 4 5 2 6 0 1 
12285530 4383202 8586062 13462690 
5 0 1 6 2 4 3 
12291596 5326228 8249528 11546206 
5 0 1 6 3 4 2 
12387476 5327878 7300786 11546442 
3 4 6 2 1 0 5 
12395982 4240576 9816134 13097644 
3 4 6 2 5 0 1 
12432952 4239136 8726466 13094248 
5 0 2 6 1 4 3 
12484724 5289380 8568166 10830202 
3 5 1 2 4 0 6 
12491878 4169448 10047874 14529118 
5 0 2 6 3 4 1 
12512924 5287850 7411540 10826722 
3 5 1 2 6 0 4 
12545742 4168668 9485556 14526634 
3 5 6 0 4 2 1 
12562316 4629548 8279024 13685588 
3 5 6 2 4 0 1 
12565864 4456510 7968844 13168918 
3 5 4 2 6 0 1 
12685324 4380370 8025482 13930244 
4 5 3 6 1 2 0 
12719634 14475534 4875216 7456942 
4 2 3 6 1 5 0 
12739624 8357872 6437782 7808386 
4 5 3 6 1 0 2 
12740120 13039138 4877040 7441948 
4 2 0 6 3 5 1 
12749704 8138428 6720110 7903010 
4 0 3 6 1 5 2 
12762276 8333980 6158004 7737658 
4 0 3 6 2 5 1 
12786356 8330800 5949996 7731834 
1 2 6 3 4 5 0 
12792914 7530262 6389676 10643086 
4 0 2 6 3 5 1 
12804878 8135722 6390494 8285238 
4 0 1 6 3 5 2 
12872746 8175626 6207448 9002478 
2 6 3 0 5 1 4 
13435794 19957654 5269032 6643252 
0 6 3 2 5 1 4 
13452530 18859852 5491380 6309340 
5 3 1 6 2 4 0 
13457082 5183160 8239484 11289496 
0 4 6 2 1 3 5 
13571780 10614422 7552530 7408340 
5 3 2 6 0 4 1 
13585108 5503942 6354142 10986760 
5 3 0 6 2 4 1 
13585272 5482522 6215616 10532878 
2 4 6 0 1 3 5 
13611664 11868418 7056056 6857652 
0 4 6 2 5 3 1 
13639830 10612982 6462820 7404230 
6 4 1 5 2 3 0 
13647912 7229212 7906968 9006656 
5 3 0 6 1 4 2 
13654142 5482132 8083550 10532072 
6 4 1 5 0 3 2 
13661754 7228852 7983670 9005834 
2 4 6 0 5 3 1 
13667268 11866978 5966346 6853780 
0 3 6 2 5 4 1 
13667662 16418108 5028262 7193278 
2 3 6 0 5 4 1 
13698780 14533744 5202028 6798748 
1 4 6 5 0 3 2 
13713094 7249798 7211174 8907510 
5 2 0 6 1 4 3 
14094900 5292092 8869840 10447532 
5 2 0 6 3 4 1 
14123110 5290532 7727164 10444014 
5 1 3 6 2 4 0 
16636776 5192566 8091700 10229612 
5 1 0 6 2 4 3 
16778266 5335134 7291422 10742404 
3 1 5 2 4 0 6 
16865468 4179052 9969620 13426286 
3 1 5 2 6 0 4 
16919322 4178302 9393352 13423840 
