31 2
0 3 5 4 6 2 1 
1414750 2364230 
0 3 5 6 4 2 1 
1449640 2237708 
2 6 4 5 3 0 1 
1475042 2174042 
0 3 1 4 6 2 5 
1493452 2031678 
2 6 4 3 5 0 1 
1516910 1965284 
0 3 1 6 4 2 5 
1528342 1904696 
0 3 1 6 5 2 4 
1558382 1823378 
2 6 4 5 1 0 3 
1618100 1695466 
0 5 4 3 1 2 6 
1777268 1659546 
0 5 4 6 1 2 3 
1893654 1644742 
6 3 1 2 0 4 5 
1907764 1581972 
6 0 2 5 1 4 3 
1912168 1492058 
6 0 2 3 1 4 5 
1923744 1440570 
6 2 0 3 1 4 5 
1979628 1412218 
5 2 0 6 4 3 1 
2076130 1275724 
5 0 2 6 4 3 1 
2120996 1246010 
6 3 1 0 2 5 4 
2240622 1240592 
5 2 4 6 0 3 1 
2328850 1216568 
5 0 4 6 2 3 1 
2345934 1203600 
5 4 0 3 2 6 1 
2357626 1190082 
5 4 2 3 0 6 1 
2385306 1188636 
5 0 2 3 4 6 1 
2398458 1157958 
5 2 0 3 4 6 1 
2450152 1149422 
5 0 4 3 2 6 1 
2623954 1031848 
5 2 4 3 0 6 1 
2703328 1021866 
6 1 0 5 2 3 4 
3322082 1006846 
6 1 2 5 0 3 4 
3337576 1001902 
6 3 1 5 2 0 4 
3363204 995306 
6 2 1 4 0 3 5 
3423634 984176 
6 2 1 5 0 3 4 
3426696 944168 
6 3 2 5 1 0 4 
3535308 886414 
