55 4
1 5 0 3 4 2 
838330 10633530 10070398 11756930 
1 3 2 5 4 0 
840246 9172844 9389958 13052186 
1 3 0 5 4 2 
840262 8146394 8679194 11594126 
3 1 0 5 4 2 
877996 13142906 9810922 11586638 
4 5 2 1 3 0 
892362 10057242 7147296 8420404 
4 3 2 1 5 0 
918134 8893570 7996834 11554850 
4 3 0 1 5 2 
918150 8127108 7822944 11568956 
4 1 2 5 3 0 
923902 13223484 7454998 8274622 
1 4 2 5 3 0 
1031588 9990588 6715022 8279518 
4 0 3 2 1 5 
1552206 9842074 8642750 7273846 
4 0 5 2 1 3 
1552242 8052676 8117394 6958994 
4 2 5 0 1 3 
1560114 7284148 8183248 7016396 
4 0 5 2 3 1 
1870926 12703062 7006208 5446692 
4 0 1 2 3 5 
1870992 9796908 6819708 6942364 
4 2 5 0 3 1 
1878798 12030180 7128214 5512230 
4 2 1 0 3 5 
1878850 9795158 7094440 7020292 
0 2 5 4 1 3 
1891046 7282440 8113254 6966614 
1 4 3 0 2 5 
1903102 8449242 5681906 8057202 
4 0 1 2 5 3 
1974756 8025728 7174478 6792878 
4 2 1 0 5 3 
1982614 7258810 6999994 6805718 
4 1 5 2 0 3 
2022830 6916108 6399066 11253098 
4 1 3 2 0 5 
2022836 6238594 5528510 9018130 
0 1 3 4 2 5 
2036020 6090070 8023148 8793684 
4 1 3 0 2 5 
2056828 6061722 5137806 8060802 
2 4 5 0 3 1 
2204306 12527556 7237034 5511510 
2 4 1 0 3 5 
2204402 8184230 6724452 7022740 
0 4 5 2 3 1 
2252770 12525198 6962680 5446980 
0 4 1 2 3 5 
2252866 8181564 6449720 6944812 
2 0 1 4 5 3 
2260766 8018928 6589102 6659294 
4 5 3 0 2 1 
2303620 6049974 5249204 8070328 
0 2 1 4 5 3 
2315856 7252272 6414990 6660446 
4 5 2 1 0 3 
2574670 4203240 6211714 3297986 
4 1 2 5 0 3 
2606210 5360916 5340224 2981348 
1 5 2 4 0 3 
2678306 4190250 5041862 2988098 
1 4 2 5 0 3 
2726216 9750420 6341368 2974724 
5 0 3 4 1 2 
2767744 2848088 7507558 7380074 
4 0 3 5 1 2 
2782922 2824214 5001202 6680810 
1 0 3 4 5 2 
2789392 2554752 5165746 5533062 
5 1 2 4 0 3 
2893692 5358450 5303030 2986370 
4 1 0 5 2 3 
2894632 5356812 5306736 2980948 
4 0 3 1 5 2 
2927066 2545706 4306362 5244402 
1 4 0 5 2 3 
3011674 9756804 6307880 2974324 
4 2 3 1 5 0 
3189338 2545250 4305752 5242864 
1 5 0 3 2 4 
3416600 7444986 5050074 2743694 
5 1 0 3 2 4 
3467766 12059274 6094746 2736782 
4 3 0 1 2 5 
3537322 4186262 6045470 3250670 
4 1 2 3 0 5 
3551306 5066874 4730688 2784896 
4 1 0 3 2 5 
3553168 5060434 4456016 2733968 
1 3 0 4 2 5 
3720688 4180188 5529014 3064130 
1 3 2 4 0 5 
3721750 4180740 5117006 2987738 
1 4 0 3 2 5 
3766642 7447954 5000116 2730368 
4 2 5 1 3 0 
3837846 2531324 4333406 5261062 
4 0 5 1 3 2 
3862118 2535956 4300528 5262200 
4 5 2 3 0 1 
4395982 5051472 4871346 2794058 
4 5 0 3 2 1 
4648570 5048686 4567372 2742780 
