19 2
3 5 1 2 0 4 
554364 4615036 
3 1 5 2 0 4 
559412 3957638 
1 3 5 2 0 4 
566850 3832002 
4 5 3 0 2 1 
570434 3706862 
4 5 1 0 2 3 
576080 3282720 
4 3 1 0 2 5 
588758 2783288 
4 3 1 2 0 5 
591402 2717646 
3 4 5 0 2 1 
595462 2675730 
5 4 3 0 2 1 
600478 2673836 
5 4 1 2 0 3 
613694 2573070 
5 4 1 0 2 3 
613834 2460984 
1 4 5 0 2 3 
618430 2434940 
4 1 2 5 3 0 
1268780 2202712 
4 3 2 5 1 0 
1492672 2195808 
3 4 0 5 1 2 
1497634 2148212 
3 1 2 5 4 0 
2217268 1972488 
3 1 0 5 4 2 
2220866 1879228 
3 2 1 0 4 5 
2696960 1796884 
1 2 3 0 4 5 
2705172 1787314 
