14 4
4 0 2 1 3 
436926 19232548 8318712 1271390 
4 2 0 1 3 
436940 16965820 7338336 1131910 
4 2 0 3 1 
441254 16955812 7339152 1130142 
3 2 0 4 1 
749848 13744926 5934198 921160 
3 0 2 4 1 
749872 12237992 5281206 830122 
3 0 2 1 4 
758366 12173096 5276354 805614 
2 1 3 0 4 
981378 12147572 5289062 807262 
1 2 3 0 4 
1126264 9809964 4229860 695292 
1 2 3 4 0 
1126682 9778920 4225688 681188 
2 4 0 1 3 
1212932 3382612 1437442 288180 
2 4 0 3 1 
1222398 3330604 1434954 270340 
0 3 2 1 4 
1267408 3388804 1429000 284016 
0 3 2 4 1 
1273634 3333700 1424412 262604 
2 3 0 4 1 
1359218 3347068 1422788 265644 
