48 2
6 9 7 5 1 4 8 3 2 0 
10107190 30039630 
6 9 0 5 1 4 8 3 2 7 
10122370 26027062 
6 9 0 7 1 4 8 3 2 5 
10242144 22427018 
9 6 0 7 3 2 8 5 4 1 
11389574 19819738 
9 6 0 7 3 4 8 5 2 1 
11390784 19087450 
9 6 0 7 1 2 8 5 4 3 
11461834 17713074 
9 6 0 7 1 4 8 5 2 3 
11463536 16954704 
9 6 7 0 1 4 8 5 2 3 
11616466 15592186 
9 8 7 0 1 4 6 5 2 3 
12592116 15381752 
9 6 2 0 1 4 8 7 5 3 
12593632 14280698 
9 6 2 0 1 5 8 7 4 3 
12595540 14159546 
9 6 5 0 1 4 8 7 2 3 
12599032 13868594 
9 6 5 2 1 7 8 4 0 3 
13099534 13674290 
9 8 5 0 1 4 6 7 2 3 
13174346 13673472 
9 8 5 2 1 7 6 4 0 3 
13924790 13330356 
9 8 0 7 4 5 6 1 2 3 
14525866 13311338 
9 6 7 2 1 4 8 5 0 3 
14635690 13213252 
9 6 1 0 5 4 8 7 2 3 
14798854 12787790 
8 1 2 0 3 4 9 7 5 6 
15068522 11790936 
8 1 5 0 3 4 9 7 2 6 
15075916 11313538 
6 1 5 0 3 4 9 7 2 8 
15895172 11093162 
8 1 5 2 3 0 9 4 7 6 
16280886 10497960 
8 1 5 2 3 7 9 4 0 6 
16283124 10451752 
6 1 5 2 3 0 9 4 7 8 
17076562 10277864 
6 1 5 2 3 7 9 4 0 8 
17078982 10231402 
8 1 3 0 5 4 6 7 2 9 
17300668 10093124 
8 3 5 2 1 7 9 4 0 6 
17465004 9985268 
8 1 3 0 5 4 9 7 2 6 
17588376 9578432 
6 1 3 0 5 4 9 7 2 8 
18249364 9271776 
8 9 5 2 1 7 3 4 0 6 
20056986 8911278 
6 9 5 2 1 7 3 4 0 8 
20742152 8695186 
6 9 1 0 5 4 3 7 2 8 
21605120 8636242 
6 9 2 0 5 1 3 7 4 8 
22360504 8403316 
8 9 5 2 7 1 3 4 0 6 
23033908 8362690 
6 9 1 0 4 5 3 7 2 8 
23075360 8342926 
8 9 2 5 0 1 3 4 7 6 
23385262 8319818 
8 9 5 2 0 1 3 4 7 6 
23548870 8262170 
8 9 5 0 2 1 3 7 4 6 
23559172 8179622 
6 9 5 2 7 1 3 4 0 8 
23745434 8146708 
6 9 2 5 0 1 3 4 7 8 
24053122 8060840 
6 9 5 0 2 1 3 7 4 8 
24162296 7963064 
8 9 5 0 4 1 3 7 2 6 
24462020 7718168 
6 9 5 0 4 1 3 7 2 8 
25065144 7501610 
6 9 5 7 4 1 3 0 2 8 
26194494 7473420 
6 9 3 2 7 1 5 4 0 8 
36278078 7196604 
6 9 3 4 7 1 5 2 0 8 
37760168 7142866 
6 9 1 2 7 3 5 4 0 8 
40769430 6837246 
6 9 1 4 7 3 5 2 0 8 
42249834 6780022 
