54 4
4 0 1 3 2 
5246400 10808164 2677458 12280500 
4 2 1 3 0 
5273162 10091170 2835244 12826672 
4 0 3 1 2 
6539476 15369826 2240212 18113420 
4 2 3 1 0 
6559412 14741290 2389368 18547666 
1 2 3 4 0 
7036494 15767006 2660636 17610646 
3 2 1 4 0 
7735478 16920806 2164244 17094536 
3 0 4 1 2 
8356278 18787596 2077930 19859262 
3 2 4 1 0 
8413854 18151260 2036166 20875548 
4 1 0 2 3 
8674540 13292496 3263090 10767648 
4 3 0 2 1 
8851902 8090230 2390292 17285740 
4 1 2 0 3 
8865768 13886550 3203100 11656672 
4 3 2 0 1 
9036304 8772742 2321672 18062838 
1 3 4 0 2 
10708420 12568258 1769634 9032664 
2 3 4 0 1 
10936458 12282112 2006654 20820520 
1 2 4 0 3 
10986076 7793798 2985202 13297020 
0 3 4 2 1 
11046072 12189760 2151642 20730916 
1 3 4 2 0 
11828628 12428642 1770786 9723608 
4 2 1 0 3 
11888538 9451228 2842012 16006468 
1 0 4 2 3 
12043764 8378586 3009942 12888854 
1 3 0 4 2 
12274576 14775516 1556936 18433384 
4 0 1 2 3 
12493228 9099126 2685378 14832298 
0 2 4 1 3 
12548560 18145042 1187962 12865292 
0 3 4 1 2 
12864184 12351342 2153514 18539816 
0 3 1 4 2 
13044142 16349146 1757402 16842838 
0 2 1 4 3 
13144904 16746908 1318280 17995800 
1 4 3 2 0 
13193964 14241064 3043594 8195326 
1 3 2 4 0 
13276440 15358236 1488936 17784940 
2 0 4 1 3 
13501578 18734114 1085890 12629554 
1 0 3 2 4 
13575906 6311682 2867192 17538478 
1 4 0 2 3 
13615658 11833680 2977246 9444666 
1 4 2 0 3 
13633834 10786856 3080694 10343798 
1 3 2 0 4 
13664120 8676690 1492536 14283184 
1 3 0 2 4 
13782464 7954354 1561688 15622572 
2 0 1 3 4 
13863726 10363332 1382094 15950498 
2 0 1 4 3 
13924870 15695102 1379646 17770170 
3 4 1 2 0 
14560524 16775544 2814490 8808064 
1 4 3 0 2 
14616076 13565600 3045322 8324502 
2 0 3 1 4 
14710650 14983682 944064 18664386 
1 2 3 0 4 
14924018 6680974 2672732 16528244 
0 2 1 3 4 
15111600 9621658 1323608 15607888 
3 4 1 0 2 
15956912 16051160 2816218 8867822 
0 2 3 1 4 
15967632 14328370 876976 18321244 
4 2 0 3 1 
16432332 10725498 1997314 12263120 
4 1 3 0 2 
16588510 16463262 2651790 7871792 
4 1 3 2 0 
17092846 15434920 2652798 7202788 
4 0 2 3 1 
17101134 11008204 1780546 11936968 
3 1 4 0 2 
17141686 17267602 1983570 7480886 
4 2 3 0 1 
17151504 6551204 2403624 20317536 
0 2 4 3 1 
17219824 11915738 1195450 13329652 
4 0 3 2 1 
17635904 6151398 2255476 19214286 
3 2 4 0 1 
17642574 7368414 2050422 18966264 
2 0 4 3 1 
18071450 12594484 1093234 13122326 
3 1 4 2 0 
18160502 17217660 1984578 8200242 
2 0 3 4 1 
19341666 14175822 948960 20976830 
