70 4
2 5 0 4 1 3 
6248798 7688956 4926982 2993230 
0 5 2 4 1 3 
6250736 8581104 4944148 2954234 
2 4 0 5 1 3 
6273614 5997752 4426732 3001120 
0 4 2 5 1 3 
6275432 7350640 4462798 2974094 
0 4 5 2 1 3 
6290540 6471488 4423338 3411710 
5 4 0 2 1 3 
6290602 6075432 4412268 3433208 
2 5 0 4 3 1 
6303330 10999752 3619902 1709404 
0 5 2 4 3 1 
6305660 11890972 3630004 1671288 
2 4 0 5 3 1 
6313638 10632806 2552644 1770412 
0 4 2 5 3 1 
6315848 11984766 2581646 1744266 
5 2 3 4 1 0 
6334422 8578220 3511066 2164220 
3 2 5 4 1 0 
6335490 10170254 3553638 2111562 
2 5 3 4 1 0 
6340854 7812636 4974364 2575444 
0 4 5 2 3 1 
6347244 11122062 2541514 1890138 
5 4 0 2 3 1 
6348482 10723222 2509252 1914276 
3 5 1 4 2 0 
6354682 8104192 5081238 2558422 
0 2 3 4 5 1 
6356694 7518972 3816160 1840690 
3 2 0 4 5 1 
6357070 8225582 3843396 1794782 
0 2 3 4 1 5 
6360096 9485562 2920478 1452160 
3 2 0 4 1 5 
6361354 10190084 2931820 1408232 
1 5 3 4 2 0 
6363610 6734152 4939954 2574894 
2 4 3 5 1 0 
6365478 6120856 3326386 2701750 
3 4 5 2 0 1 
6365652 10370942 2512860 1889088 
3 4 2 5 1 0 
6366436 7429972 3343444 2668074 
5 4 3 2 0 1 
6366762 8313296 2414302 1934396 
5 4 3 2 1 0 
6368166 6072036 3311922 2143508 
3 4 5 2 1 0 
6369114 8124810 3373394 2102820 
0 4 3 2 5 1 
6377046 5743340 2308312 1935186 
3 4 0 2 5 1 
6377174 7402146 2374608 1914016 
1 4 3 5 2 0 
6383770 5572796 3313840 2701000 
0 4 3 2 1 5 
6393840 6487538 1936022 1497624 
3 4 0 2 1 5 
6394850 8144256 1986424 1478434 
3 4 1 5 0 2 
6422972 9558302 2146298 1464866 
3 5 0 4 1 2 
6423092 9362400 2898110 1438848 
0 5 3 4 1 2 
6424144 8668988 2886878 1426346 
3 4 0 5 1 2 
6447908 7394536 1956122 1483962 
3 2 1 4 0 5 
6629912 9462320 3004150 1413192 
3 4 1 2 0 5 
6632384 10269412 2176522 1459650 
1 2 3 4 0 5 
6637776 8089976 2869898 1445200 
1 2 0 4 3 5 
6658102 13677446 3078944 1398792 
0 4 1 2 3 5 
6686048 11041574 2204780 1458720 
1 4 0 2 3 5 
6694946 11233800 2117150 1469144 
0 5 1 4 3 2 
6838436 11882614 3100926 1398594 
0 4 1 5 3 2 
6848656 11976504 2243856 1451836 
1 4 0 5 3 2 
6856228 10962928 2107008 1471152 
3 4 0 1 5 2 
7530656 5313238 1952924 1830778 
3 4 0 1 2 5 
7536546 5326798 1995014 1679626 
0 4 3 1 2 5 
7543984 5633984 1912356 1698304 
3 4 5 1 2 0 
7634778 5307960 3381280 2012396 
2 1 0 4 3 5 
7887158 6405930 3430704 1548378 
0 2 3 5 1 4 
9367966 10561460 2101244 1192000 
3 2 0 5 1 4 
9368408 10523950 2082298 1153544 
0 5 3 2 1 4 
9377086 8794116 2028536 1173198 
3 5 1 2 0 4 
9528404 13702822 2315276 1150432 
3 2 1 5 0 4 
9562936 9807076 2154650 1158416 
1 2 0 5 3 4 
9753088 14400376 2245802 1141244 
0 5 1 2 3 4 
9771188 12010712 2242590 1145422 
3 5 0 1 2 4 
11251856 7228848 2070656 1307264 
0 5 3 1 2 4 
11260302 7540882 1988046 1301318 
1 4 3 0 2 5 
11381784 5566920 1923204 2294166 
1 4 3 0 5 2 
11414028 5597164 1907732 1730672 
2 1 3 5 0 4 
11519002 8172326 2345708 1226926 
2 1 0 5 3 4 
11683696 7016932 2401234 1235494 
3 2 0 1 5 4 
12650372 7243612 2028628 1282680 
3 2 5 1 0 4 
12871938 8550488 2099520 1271576 
5 1 3 2 0 4 
12881270 8114526 2401756 1227470 
0 1 5 2 3 4 
13119062 7521788 2390040 1244292 
5 1 0 2 3 4 
13121644 7129412 2357842 1235598 
1 4 0 3 5 2 
15447388 5363648 1895068 2697782 
1 4 0 3 2 5 
15471134 5389944 1908230 2258406 
