32 3
3 1 0 2 4 
559606 1876260 392074 
3 1 0 4 2 
571486 1564454 392094 
1 3 0 2 4 
577426 1951764 332662 
1 3 0 4 2 
590494 1608476 331992 
2 4 0 3 1 
594326 1649568 323680 
2 4 0 1 3 
612146 1261748 460398 
1 0 3 2 4 
625898 1336940 381380 
4 2 3 0 1 
685486 1615522 318410 
0 2 3 4 1 
713352 1464410 340304 
1 4 3 2 0 
762264 1046796 434306 
4 0 2 3 1 
768832 1558640 314002 
2 0 4 3 1 
780348 1496042 215546 
2 0 4 1 3 
797772 1120678 355824 
1 3 4 0 2 
836262 1548804 202606 
3 0 1 2 4 
879250 1241408 232266 
1 2 3 4 0 
919940 1045386 434708 
0 3 2 1 4 
943854 1217910 229124 
4 3 2 1 0 
997970 977270 283166 
3 4 1 2 0 
1021374 953242 288464 
0 1 2 3 4 
1029442 1219966 228548 
4 2 1 0 3 
1053326 1170508 247118 
4 1 2 3 0 
1070268 979340 282614 
0 2 1 4 3 
1089120 1029098 270560 
2 3 4 0 1 
1166600 1494596 215032 
2 3 4 1 0 
1187984 970104 276152 
0 3 4 1 2 
1194762 1194816 224906 
3 2 1 4 0 
1196324 951880 288692 
2 1 4 3 0 
1243008 972126 275774 
1 0 4 3 2 
1300570 1549354 201584 
0 1 4 3 2 
1302946 1196782 224432 
0 4 1 2 3 
1326160 1030026 269588 
4 0 1 2 3 
1333288 1170432 246048 
