200 4
0 5 6 2 3 1 4 
5331170 12496778 16665660 23827200 
3 5 6 2 0 1 4 
5331284 11111648 22947204 17331870 
0 2 1 5 3 6 4 
5331630 9679924 18077688 21039400 
0 5 1 2 3 6 4 
5332238 10784062 16624852 23830910 
3 5 1 2 0 6 4 
5332258 10694534 22906490 17361994 
0 2 6 5 3 1 4 
5340018 9574208 18060368 21035114 
3 2 6 5 0 1 4 
5340132 9513038 21927412 21548654 
0 5 6 2 1 3 4 
5353294 10654428 15917536 15999966 
1 5 6 2 0 3 4 
5353412 12320292 12714486 14798726 
0 2 6 5 1 3 4 
5360638 8146290 17566068 15857032 
1 2 6 5 0 3 4 
5360756 10750962 12650918 19625718 
1 5 3 2 0 6 4 
5365862 14160040 12774900 14764046 
0 2 3 5 1 6 4 
5369946 10454352 17645848 15819734 
0 1 6 5 2 3 4 
5375046 9527596 17333766 13992320 
2 1 6 5 0 3 4 
5375058 10595872 10862932 19293960 
2 1 3 5 0 6 4 
5379556 13074244 10942850 19267408 
0 1 3 5 2 6 4 
5379586 11427082 17413642 13953966 
0 1 6 2 5 3 4 
5381950 11215928 15199006 12513114 
5 1 6 2 0 3 4 
5382026 12177462 10355624 13993324 
0 1 3 2 5 6 4 
5387258 12304982 15259554 12474040 
5 1 3 2 0 6 4 
5387276 14065930 10416230 13970548 
0 5 6 4 3 1 2 
5408678 9735304 16214394 18311698 
3 5 6 4 0 1 2 
5408792 8707418 25219040 15469160 
0 5 1 4 3 6 2 
5409044 8244138 16181788 18319704 
3 5 1 4 0 6 2 
5409064 8511854 25186528 15503580 
0 2 1 4 3 6 5 
5410324 8012958 20255694 17977504 
3 2 1 4 0 6 5 
5410344 8970814 22014624 15689490 
3 2 6 4 0 1 5 
5413912 9120346 22054624 15688862 
0 5 6 4 1 3 2 
5430520 7923578 15514846 10985182 
1 5 6 4 0 3 2 
5430638 9912114 14771372 13083238 
0 2 6 4 1 3 5 
5435640 7897470 19590992 10655430 
1 2 6 4 0 3 5 
5435758 10375378 13709580 13127964 
0 5 3 4 1 6 2 
5442980 9625496 15575250 10947692 
1 5 3 4 0 6 2 
5443088 11751862 14831786 13048558 
0 2 3 4 1 6 5 
5446820 9614732 19648900 10606676 
1 2 3 4 0 6 5 
5446928 12230470 13767498 13082020 
2 0 1 5 3 6 4 
5452584 9633532 10783796 18953852 
5 0 1 4 3 6 2 
5461454 8313468 12251340 16891042 
3 0 1 4 5 6 2 
5461480 6624428 24833012 10785402 
2 0 6 5 3 1 4 
5466072 9493306 10766340 18941134 
0 1 6 4 2 3 5 
5466872 9318952 19421874 9452566 
2 1 6 4 0 3 5 
5466884 10214368 11633410 12986726 
2 1 3 4 0 6 5 
5473254 12101940 11691456 12948718 
0 1 3 4 2 6 5 
5473284 10627638 19479878 9402756 
5 0 6 4 3 1 2 
5473388 9721404 12283618 16862700 
3 0 6 4 5 1 2 
5473426 7866968 24865278 10753688 
2 0 6 5 1 3 4 
5486084 8061980 10272096 13768524 
1 0 6 5 2 3 4 
5486190 9598376 11827780 12235570 
2 0 3 5 1 6 4 
5489092 10412672 10352044 13741642 
1 0 3 5 2 6 4 
5489230 11508012 11907696 12199696 
5 0 6 4 1 3 2 
5497054 7919902 11583902 9519768 
1 0 6 4 5 3 2 
5497096 8762520 14278338 8252302 
5 0 3 4 1 6 2 
5500814 9680690 11644538 9496662 
1 0 3 4 5 6 2 
5500904 9861724 14338926 8215708 
0 1 6 4 5 3 2 
5509648 8605606 14985868 9483874 
5 1 6 4 0 3 2 
5509724 9751524 11547958 12849396 
0 5 1 4 6 3 2 
5568504 7119206 15730120 13567746 
0 2 1 4 6 3 5 
5569784 6762474 19806650 13236218 
0 3 1 4 2 6 5 
5578996 7381760 19886484 9742120 
5 6 1 2 0 3 4 
5580682 10796212 10253784 13955172 
2 0 1 5 6 3 4 
5609604 8283492 10205510 12906046 
5 0 1 4 6 3 2 
5616506 7163828 11800078 12178756 
6 0 1 4 5 3 2 
5616558 7618846 18523034 9344522 
2 0 6 4 1 3 5 
5624176 7790960 11216330 9281372 
1 0 6 4 2 3 5 
5624282 9373452 13123382 8219746 
2 0 3 5 6 1 4 
5626100 10493958 10268002 12866446 
2 0 3 4 1 6 5 
5629056 9550852 11274406 9243034 
1 0 3 4 2 6 5 
5629194 10692288 13181426 8172416 
0 3 6 4 5 1 2 
5683602 7767980 15485344 9775698 
0 3 1 4 5 6 2 
5685756 6430030 15452702 9784100 
3 0 5 4 1 6 2 
5717972 5946816 24926650 12027834 
0 6 1 4 5 3 2 
5720584 7406382 15366232 9761058 
2 0 1 4 6 3 5 
5750636 6675990 11432362 11893848 
3 6 2 4 1 0 5 
5772374 6385402 20732954 11548756 
3 5 4 1 0 2 6 
5816474 7918226 11105062 13465336 
6 3 1 4 2 0 5 
5862856 6758412 13269236 8843162 
6 3 0 4 2 1 5 
5881596 8433052 13311364 8826238 
6 3 2 4 1 0 5 
5934720 6363612 13362230 10100838 
0 3 5 4 1 6 2 
5946316 5741816 15546142 11009756 
6 3 1 4 5 0 2 
5960040 7627886 17845714 8802360 
3 0 4 1 5 2 6 
5983576 7095244 11256896 14044138 
6 0 5 4 1 3 2 
6168346 6279554 18616576 10540634 
3 5 2 1 4 0 6 
6199378 9033818 10876746 10366146 
3 0 2 1 4 5 6 
6205412 8266106 10969370 10384172 
3 0 5 1 4 2 6 
6210984 7616790 10960050 10417264 
3 5 0 1 4 2 6 
6214510 7333400 10847862 10347868 
4 5 2 6 3 0 1 
6221302 11466180 10957902 9523740 
1 6 3 4 2 0 5 
6240310 10031238 12926550 8035906 
0 3 2 4 1 6 5 
6241452 5663600 19979286 10907156 
1 6 0 4 2 3 5 
6259604 9707988 12870360 8042506 
0 6 5 4 1 3 2 
6265592 6084760 15460104 10985130 
1 3 6 4 2 0 5 
6293478 7947416 13010322 8136450 
2 3 0 4 1 6 5 
6317674 7740638 11846916 9658626 
1 3 0 4 2 6 5 
6317684 8943002 13012176 8095720 
5 6 3 4 1 0 2 
6376908 10276196 11194488 9151544 
1 6 3 4 5 0 2 
6376998 10856440 14062756 7994400 
5 6 0 4 1 3 2 
6388630 8194882 11155770 9226896 
1 6 0 4 5 3 2 
6388702 9023220 14024056 8074810 
1 3 6 4 5 0 2 
6397622 8781994 14146688 8094976 
0 6 2 4 1 3 5 
6432264 6007424 19895808 10893826 
2 0 6 4 5 3 1 
6465566 8920886 13815030 8062654 
6 0 2 4 1 3 5 
6581096 6110994 14022112 10564746 
1 0 2 4 6 3 5 
6581134 6174594 13433560 12085674 
6 3 5 4 0 2 1 
6586698 7067808 10694526 13640198 
6 3 2 4 0 5 1 
6594956 7872804 10691836 13646720 
4 2 5 6 3 0 1 
6630494 9073488 10883318 9524096 
6 3 0 4 5 2 1 
6741178 8156126 10304010 8909158 
6 3 2 4 5 0 1 
6749856 7198840 10230452 8893114 
5 0 3 6 4 2 1 
6869018 6041496 15070748 13253100 
0 3 2 4 5 6 1 
7058868 6065208 14702208 9719142 
6 3 0 4 2 5 1 
7122692 8254158 10301706 8854710 
6 3 5 4 2 0 1 
7123112 6491876 10230838 8832144 
5 6 3 4 2 0 1 
7141388 10316254 12659544 7986350 
2 0 5 4 6 3 1 
7155494 5868464 14124364 11793722 
5 6 0 4 2 3 1 
7161942 9991996 12600474 7975814 
5 0 2 4 6 3 1 
7434162 5863742 13337584 12056902 
0 5 2 4 6 3 1 
7448656 5795952 14974250 13475204 
6 5 4 1 0 2 3 
7829468 8031984 9756830 12439754 
6 5 2 1 0 4 3 
7836672 10148988 9818542 12409782 
6 4 5 1 0 2 3 
8011676 9577676 9795852 12431590 
6 4 2 1 0 5 3 
8014222 11019504 9807546 12415776 
4 0 1 5 3 6 2 
8027988 10129178 9486514 18024546 
4 1 6 2 0 3 5 
8037490 12666218 8818528 12925782 
4 0 6 5 3 1 2 
8041896 9988616 9468098 18006116 
4 1 3 2 0 6 5 
8043860 14553790 8876574 12887774 
4 0 6 5 1 3 2 
8062364 8512764 8974796 12833404 
4 0 3 5 1 6 2 
8065372 10863456 9054744 12806522 
6 0 2 1 4 5 3 
8093240 8701174 9960514 9637704 
6 0 5 1 4 2 3 
8099932 8050962 9948634 9655564 
4 6 1 2 0 3 5 
8150760 11289588 8960498 13049246 
4 0 1 5 6 3 2 
8185008 8779138 8908228 11976740 
4 0 3 5 6 1 2 
8201924 10989268 8969760 11931428 
6 5 2 1 4 0 3 
8209180 9459258 9521920 9341278 
6 5 0 1 4 2 3 
8221372 7761192 9499756 9362984 
4 2 0 1 6 5 3 
8689042 7746016 16173652 8490046 
1 3 5 4 0 2 6 
8816756 7610018 9686566 12995218 
4 1 0 5 6 3 2 
8865730 11027276 8728350 11806580 
4 1 3 5 6 0 2 
8870270 12539070 8708850 11745658 
2 3 1 4 5 0 6 
8898976 7738500 17143160 8535042 
5 3 1 4 2 0 6 
8898992 7338604 12278248 8332752 
1 0 2 6 3 5 4 
8906122 11771510 9827402 8853934 
1 0 5 6 3 2 4 
8918382 10010482 9749954 8850914 
5 3 0 4 2 1 6 
8921372 9010332 12312056 8266324 
1 3 0 4 5 2 6 
8983208 8085222 9295804 8184720 
1 3 2 4 5 0 6 
8989506 7129840 9227686 8201044 
5 3 2 4 1 0 6 
8989544 5986748 12370858 9466396 
2 0 1 4 5 3 6 
9022360 7692608 16496250 8011604 
1 3 5 4 2 0 6 
9355754 6781772 9228216 8186586 
1 3 0 4 2 5 6 
9361074 8539462 9285964 8131088 
5 1 3 4 2 0 6 
9425644 10501946 12010626 8085572 
3 2 6 1 4 5 0 
9437412 5827608 20390372 10434036 
5 1 0 4 2 3 6 
9438678 10267834 11936892 8008860 
2 5 3 6 1 0 4 
9438958 6266158 12364200 11098320 
5 2 3 6 1 0 4 
9444942 6213478 10082782 9570940 
0 2 5 4 1 3 6 
9545720 5806642 19517446 10573870 
4 2 6 1 0 3 5 
9569854 8777174 9030150 12364096 
2 0 5 4 1 3 6 
9585828 5755156 16589552 9130196 
4 2 3 6 1 0 5 
9661222 6541682 9812962 9337670 
1 0 3 6 5 2 4 
9744222 6451758 10005204 11963444 
5 0 2 4 1 3 6 
9871456 5715538 12362660 9392704 
5 6 1 4 2 3 0 
9874632 8333752 17294710 7990698 
5 6 3 4 2 1 0 
9877258 10320148 17389148 7941846 
4 6 2 1 3 0 5 
9914684 10945052 9217478 10854650 
4 6 0 1 3 2 5 
9923648 10530422 9176826 10807596 
1 3 6 4 2 5 0 
10009174 7760806 12580268 8140538 
1 3 5 4 2 6 0 
10028060 6998702 12524374 8155306 
2 3 5 4 1 6 0 
10028082 5580338 13652426 9687652 
6 3 1 4 2 5 0 
10071044 6631252 18715958 8792310 
6 3 5 4 2 1 0 
10090204 6543610 18687218 8752820 
6 3 2 4 5 1 0 
10185416 6758550 18686910 8814102 
4 2 0 1 3 6 5 
10262628 8416452 8915740 10623552 
4 2 6 1 3 0 5 
10266840 8465560 8872308 10678246 
4 2 0 1 6 3 5 
10356642 7566788 8720754 8560146 
0 3 6 1 4 2 5 
10357060 5570442 19769006 10767766 
4 2 3 1 6 0 5 
10373528 8291180 8696616 8576448 
3 0 6 1 4 2 5 
10381862 5432654 18911850 10258702 
1 3 6 4 5 2 0 
10396758 8241360 12570200 8110128 
1 3 2 4 5 6 0 
10418568 6551962 12523970 8170268 
5 3 2 4 1 6 0 
10418606 5619860 17817152 9415400 
1 6 3 4 2 5 0 
10426328 9785816 12496264 8039878 
1 6 5 4 2 3 0 
10435662 7760498 12373278 8061144 
1 6 2 4 5 3 0 
10731354 7524894 12372730 8076634 
5 6 2 4 1 3 0 
10731392 5954056 17387704 9123670 
3 0 6 1 4 5 2 
11007588 5530322 22352162 10226666 
0 3 6 1 4 5 2 
11214116 5476820 15325398 10809210 
4 5 3 1 6 0 2 
11510936 8791038 8685824 8534912 
5 6 1 4 2 0 3 
13033936 7766634 17151938 7992698 
2 0 1 4 5 6 3 
13034150 7251642 20653004 7973008 
5 6 0 4 2 1 3 
13057116 9428772 17187306 7933310 
1 6 0 4 5 2 3 
13118952 8553710 11014494 8103498 
1 6 2 4 5 0 3 
13121890 7638606 10939824 8090254 
5 6 2 4 1 0 3 
13121928 6194362 17244804 9125158 
2 0 5 4 1 6 3 
13309330 5616974 20746258 9091408 
6 5 2 4 1 0 3 
13342112 6143040 10858188 10290508 
1 6 5 4 2 0 3 
13486858 7180330 10940482 8075204 
1 6 0 4 2 5 3 
13496818 8882398 11007278 8060538 
1 0 2 4 5 6 3 
13691016 6633990 11187194 8184482 
5 0 2 4 1 6 3 
13691054 5588956 17666054 9343196 
6 2 5 4 1 0 3 
13816392 6096588 11229620 10536688 
4 5 3 6 1 0 2 
14222374 6709620 9800730 9293590 
