631 3
3 8 6 1 4 5 9 7 0 2 
8457328 14959068 21413002 
3 8 6 1 4 5 9 0 7 2 
8469644 19224904 21259302 
3 8 6 1 4 0 9 7 2 5 
8472542 14950978 22916894 
3 8 6 1 5 2 9 7 0 4 
8473308 14896722 22253850 
3 8 6 1 4 0 9 7 5 2 
8475788 14572834 22927190 
3 8 6 1 5 0 9 7 4 2 
8521506 14360368 22803056 
3 8 6 1 4 2 9 7 5 0 
8525216 14882008 22664130 
3 8 6 1 4 7 9 2 5 0 
8551648 20599162 21135804 
3 8 6 1 5 2 9 7 4 0 
8598114 14561272 22539876 
1 8 6 3 4 5 9 7 0 2 
8758728 12538204 21344732 
1 8 6 3 5 2 9 7 0 4 
8771082 12475948 22185762 
1 8 6 3 4 0 9 7 5 2 
8776564 12268586 22864392 
1 8 6 3 4 5 9 0 7 2 
8792428 15029168 21161464 
1 8 6 3 7 5 9 4 2 0 
8811206 11444282 26545798 
1 8 6 3 5 0 9 7 4 2 
8819344 11929786 22734512 
1 8 6 3 7 2 9 4 5 0 
8820586 11380716 26375214 
1 8 6 3 5 7 9 4 0 2 
8831928 10923194 22355916 
1 8 6 3 5 0 9 4 7 2 
8834904 10903842 22775340 
1 8 6 3 4 7 9 5 2 0 
8855694 13257476 21340510 
1 8 6 3 4 7 9 2 5 0 
8879032 15944790 21026206 
1 8 6 3 5 2 9 4 7 0 
8911022 10554236 22932914 
1 8 6 3 5 7 9 4 2 0 
8918142 11009912 21419822 
1 8 6 3 5 2 9 4 0 7 
8932452 10779884 22611790 
1 6 8 3 4 5 9 7 0 2 
9456894 12960124 21343174 
1 6 8 3 4 7 9 5 2 0 
9550892 13107900 21325976 
1 6 8 3 4 7 9 2 5 0 
9574206 15982216 21001814 
1 6 8 3 5 2 9 4 7 0 
9608086 10711638 22879396 
1 6 8 3 5 7 9 4 2 0 
9613316 11133234 21350004 
6 9 1 3 4 2 8 7 0 5 
10077320 14936174 20133440 
6 9 1 3 4 5 8 7 0 2 
10078888 14765064 20070402 
6 9 1 3 4 7 8 5 0 2 
10105954 13506064 21237814 
6 9 1 3 4 2 8 0 7 5 
10110896 18045572 20039312 
6 9 1 3 4 5 8 0 7 2 
10112596 18027802 19859102 
6 9 1 3 7 5 8 4 2 0 
10132796 12915672 20576810 
6 9 1 3 7 2 8 4 5 0 
10133160 12654868 20469662 
6 9 1 3 7 2 8 5 4 0 
10142508 13067842 20459172 
6 9 1 3 4 7 8 5 2 0 
10163988 13472892 20038572 
6 9 1 3 4 7 8 2 5 0 
10187094 17791294 19839564 
6 9 1 3 7 0 8 4 5 2 
10219630 12345616 20315332 
6 9 1 3 7 0 8 5 4 2 
10229068 12863140 20224952 
6 8 1 3 4 2 9 7 0 5 
10638744 15479188 18965226 
6 8 1 3 4 5 9 7 0 2 
10639582 15319288 18904408 
6 8 1 3 4 7 9 5 0 2 
10666648 12695768 20106460 
6 8 1 3 4 5 9 0 7 2 
10673242 18213962 18737460 
6 8 1 3 4 2 9 5 7 0 
10722436 12282326 20660124 
6 8 1 3 4 7 9 5 2 0 
10723440 12620836 18860274 
6 8 1 3 4 7 9 2 5 0 
10746586 17245958 18624306 
9 6 1 3 4 7 8 5 2 0 
10967146 13762894 18857434 
9 6 1 3 4 7 8 2 5 0 
10990252 17934032 18606026 
6 9 3 4 1 5 8 2 0 7 
11015462 18105116 16950448 
6 9 3 4 1 0 8 2 5 7 
11017012 18027178 16445548 
6 9 3 4 1 0 8 5 2 7 
11017142 13863268 16587688 
6 9 3 4 1 2 8 5 0 7 
11025560 13530176 17864438 
6 9 3 4 5 7 8 1 0 2 
11029388 9968690 30020486 
6 9 3 4 1 7 8 5 2 0 
11030390 13671474 16513388 
6 9 3 4 1 7 8 2 5 0 
11030392 17988724 16254076 
6 9 3 4 0 2 8 1 5 7 
11039814 9960778 34027290 
6 9 3 4 5 0 8 1 7 2 
11041538 9854448 29461126 
6 9 3 4 7 5 8 1 2 0 
11044574 9396210 25206432 
6 9 3 4 7 2 8 1 5 0 
11052202 9133278 24817556 
6 9 3 4 1 2 8 5 7 0 
11054658 13227190 17922428 
6 9 3 4 1 0 8 5 7 2 
11068702 13592622 17688840 
6 9 3 4 1 2 8 0 7 5 
11085330 18241570 16207834 
6 9 3 4 1 5 8 0 7 2 
11095350 18223752 16027624 
6 9 3 4 1 2 8 7 0 5 
11100802 15133972 16451444 
6 9 3 4 1 5 8 7 0 2 
11110690 14962814 16388406 
6 9 3 4 7 0 8 1 5 2 
11136584 8833858 24876586 
6 9 3 4 7 5 8 1 0 2 
11143898 9410100 24671278 
6 9 3 4 7 2 8 1 0 5 
11164916 9577042 24643638 
8 9 1 3 7 0 6 4 5 2 
11284698 12269996 20261182 
6 9 3 5 1 0 8 4 2 7 
11394956 13138546 15876492 
6 9 3 5 1 2 8 4 0 7 
11404214 12803444 16682602 
6 9 3 5 1 7 8 4 2 0 
11408260 12945768 15780856 
6 9 3 5 1 0 8 2 4 7 
11412824 17744252 15753404 
3 8 6 4 1 5 9 2 0 7 
11424548 20128992 15506538 
6 9 3 5 1 7 8 2 4 0 
11426236 17676934 15561900 
6 9 3 5 1 2 8 4 7 0 
11433144 12500010 16844760 
3 8 6 4 1 0 9 2 5 7 
11437056 20234614 14879942 
3 8 6 4 1 0 9 5 2 7 
11437082 16409920 15085154 
6 9 3 5 7 2 8 1 4 0 
11454066 8820868 23973906 
3 8 6 4 1 7 9 5 2 0 
11457632 16205218 15008190 
3 8 6 4 1 7 9 2 5 0 
11457738 20183252 14685806 
3 8 6 4 5 7 9 1 0 2 
11458148 10559172 22817782 
3 8 6 4 5 0 9 1 7 2 
11463892 10322138 22317270 
3 8 6 4 1 2 9 0 7 5 
11500632 18815046 14760504 
3 8 6 4 1 5 9 0 7 2 
11506898 18808182 14582514 
3 8 6 4 1 2 9 7 0 5 
11516288 14702898 14904274 
3 8 6 7 4 5 9 1 0 2 
11518784 10474696 21734776 
3 8 6 4 1 5 9 7 0 2 
11522422 14542694 14843456 
3 8 6 7 4 2 9 1 0 5 
11527320 10630702 21704916 
3 8 6 7 4 0 9 1 2 5 
11536420 10457198 21924326 
6 9 3 5 7 0 8 1 4 2 
11538328 8629688 24033056 
3 8 6 7 4 0 9 1 5 2 
11540380 10080958 21491908 
3 8 6 4 5 2 9 1 7 0 
11540586 9962572 22261484 
3 8 6 7 5 0 9 1 4 2 
11587596 9869430 21587322 
3 8 6 7 4 2 9 1 5 0 
11589262 10399726 21436874 
3 8 6 7 1 5 9 0 4 2 
11591394 18358970 14732366 
3 8 6 7 1 0 9 2 5 4 
11593568 19616962 14382228 
3 8 6 7 1 5 9 4 2 0 
11599192 15072574 14084680 
3 8 6 7 1 2 9 4 5 0 
11612872 14853316 13843730 
3 8 6 7 1 0 9 4 5 2 
11636710 14524628 13685404 
3 8 6 7 5 2 9 1 4 0 
11663658 10079928 21532168 
8 9 3 5 1 2 6 4 0 7 
11917118 12671578 16687436 
8 9 3 5 1 7 6 4 2 0 
11920972 12852806 15789914 
8 9 3 4 7 0 6 1 5 2 
11925184 8407884 24857770 
8 9 3 5 1 7 6 4 0 2 
11943536 12848082 16440622 
8 9 3 5 1 2 6 4 7 0 
11945916 12358458 16849138 
8 9 3 5 7 2 6 1 4 0 
11966798 8371672 23982108 
8 9 3 5 7 0 6 1 4 2 
12050484 8180620 24043178 
6 9 1 4 3 0 8 5 2 7 
12061722 13861866 15451408 
6 9 1 4 7 5 8 3 2 0 
12077492 8626886 23556430 
6 9 1 4 7 2 8 3 5 0 
12079200 8362866 22696258 
6 1 4 9 2 0 8 3 7 5 
12116840 9909002 20716998 
6 1 4 9 5 0 8 3 7 2 
12119382 9813744 19547732 
6 9 1 4 3 7 8 5 2 0 
12123062 13670072 15377108 
6 1 4 9 2 5 8 3 7 0 
12134216 9479896 20749760 
6 9 1 4 7 0 8 3 5 2 
12165054 8064438 22776624 
6 1 4 9 5 2 8 3 7 0 
12188600 9424640 19466758 
3 6 8 7 1 0 9 4 5 2 
12332830 14467310 13737700 
3 8 6 5 1 2 9 7 0 4 
12339586 14461456 14840996 
9 1 4 6 2 0 8 3 7 5 
12358644 8426892 20707566 
9 1 4 6 5 0 8 3 7 2 
12358994 8331394 19538412 
9 1 4 6 2 5 8 3 7 0 
12376104 7997156 20740328 
3 8 6 5 1 2 9 7 4 0 
12378048 14126608 15286552 
9 1 4 6 5 3 8 7 0 2 
12407998 11865988 18934432 
1 8 6 4 3 0 9 5 2 7 
12408210 12988788 15513218 
9 1 4 6 5 2 8 3 7 0 
12428264 7941900 19457438 
6 9 1 5 3 0 8 4 2 7 
12436000 13137144 14753446 
6 9 1 5 3 2 8 4 0 7 
12444370 12802258 15552396 
9 1 4 6 5 2 8 7 0 3 
12458104 12090562 18801400 
9 1 4 6 5 2 8 7 3 0 
12465856 11399980 19280134 
1 8 6 4 3 7 9 5 2 0 
12468536 12783382 15436254 
1 8 6 4 3 2 9 5 7 0 
12482424 12327908 16901222 
6 9 1 5 3 7 8 4 2 0 
12497396 12944366 14657810 
1 8 6 4 3 7 9 5 0 2 
12500164 12694158 16544088 
1 8 6 4 3 0 9 7 2 5 
12505652 12017588 16941692 
1 8 6 4 3 2 9 7 0 5 
12507504 12224210 15337202 
1 8 6 4 3 5 9 7 2 0 
12510750 12166254 16617814 
1 8 6 4 3 2 9 7 5 0 
12526358 12103498 16607184 
1 8 6 4 3 5 9 7 0 2 
12542566 12063494 15276384 
6 9 1 5 7 0 8 3 4 2 
12553512 7861152 22329100 
1 8 6 4 3 0 9 7 5 2 
12556322 11794116 16870244 
1 8 6 7 3 2 9 4 0 5 
12598986 10568970 15450546 
1 8 6 7 3 0 9 4 2 5 
12601558 10351762 14576332 
1 8 6 7 3 2 9 4 5 0 
12621536 10458114 14428832 
1 6 9 4 3 0 8 5 2 7 
12625344 12542692 13922766 
1 6 9 4 3 0 8 2 5 7 
12625406 15268330 13647554 
1 8 9 4 3 5 6 2 0 7 
12647576 14983058 13620670 
1 8 6 7 3 0 9 4 5 2 
12652606 10129298 14270506 
1 8 9 4 3 0 6 5 2 7 
12653764 12664932 13258462 
1 8 9 4 3 0 6 2 5 7 
12653802 15206538 13005426 
1 6 9 4 3 7 8 5 2 0 
12682162 12335044 13848718 
1 8 9 4 3 7 6 5 2 0 
12710436 12459526 13184858 
1 8 9 4 3 7 6 2 5 0 
12710606 15154472 12814650 
1 6 9 4 3 2 8 7 0 5 
12726536 12358528 13781990 
1 8 9 4 3 2 6 0 7 5 
12738540 14255450 12829018 
1 8 9 5 3 0 6 4 2 7 
12750278 10433298 12728372 
1 8 9 5 3 2 6 4 0 7 
12757236 9995408 13571950 
1 8 9 5 3 0 6 2 4 7 
12768182 14796940 12590158 
1 8 9 4 3 5 6 0 7 2 
12777910 14248074 12647188 
1 8 9 5 3 7 6 4 2 0 
12807006 10226908 12633432 
1 8 9 5 3 7 6 2 4 0 
12825018 14716010 12399350 
1 8 9 5 3 2 6 4 7 0 
12829230 9768640 13705264 
1 8 9 5 3 7 6 4 0 2 
12837496 10138506 13325676 
1 8 9 5 3 0 6 4 7 2 
12852762 10118128 13553930 
9 8 1 4 7 2 6 3 5 0 
12904808 7841900 23989228 
8 9 1 4 7 0 6 3 5 2 
12953654 7726468 22753938 
9 8 1 5 4 7 6 3 0 2 
12955502 7858762 20910974 
9 8 1 5 4 0 6 3 7 2 
12958732 7716338 19745830 
8 9 1 5 7 2 6 3 4 0 
12980510 7690148 22252946 
8 9 1 5 4 2 6 3 7 0 
12981672 7584444 20690892 
9 8 1 4 7 0 6 3 5 2 
12990104 7523710 24071838 
9 8 1 5 7 2 6 3 4 0 
13015542 7503620 23644832 
9 8 1 5 4 2 6 3 7 0 
13016704 7356066 19662468 
9 8 1 5 7 0 6 3 4 2 
13100718 7293670 23727562 
8 1 4 6 5 0 9 3 7 2 
13234366 9380358 19401348 
8 1 4 6 5 2 9 3 7 0 
13302340 8991152 19324694 
4 8 9 1 3 0 6 5 2 7 
13421178 9735428 13317414 
4 8 9 1 3 2 6 5 0 7 
13425216 9688268 14649872 
9 6 4 1 5 0 8 3 7 2 
13474538 7858964 18985832 
4 8 9 1 3 7 6 5 2 0 
13477966 9529152 13243810 
5 8 9 1 3 0 6 4 2 7 
13528344 9682456 12871112 
9 6 4 1 5 2 8 3 7 0 
13543706 7507550 18904246 
9 6 5 1 4 0 8 3 7 2 
13583060 7868532 18840544 
5 8 9 1 3 7 6 4 2 0 
13585172 9475316 12776172 
4 6 9 1 3 7 8 5 2 0 
13601340 9404654 13907654 
5 8 9 1 3 7 6 2 4 0 
13614848 12996306 12525962 
9 6 5 1 4 2 8 3 7 0 
13619438 7517118 18758958 
9 6 4 3 5 0 8 1 7 2 
13760874 8321586 18019722 
8 1 4 3 7 2 9 6 5 0 
13777156 6904642 23165084 
8 1 4 3 0 2 9 6 5 7 
13777716 6657830 22822580 
8 1 4 3 2 0 9 6 7 5 
13798514 6079512 20903564 
8 1 4 3 5 0 9 6 7 2 
13800212 5994372 19776986 
8 1 4 3 2 5 9 6 7 0 
13813552 5657358 21097732 
9 6 4 3 5 2 8 1 7 0 
13829986 7971156 17959472 
8 1 4 3 2 7 9 6 5 0 
13839414 5971760 20282728 
8 1 4 3 5 2 9 6 7 0 
13867892 5610332 19812346 
9 6 5 3 4 0 8 1 7 2 
13872932 8331154 17861200 
9 6 5 3 4 2 8 1 7 0 
13909254 7980724 17800950 
6 1 4 3 5 0 8 9 7 2 
14158366 6615788 19417092 
6 1 4 3 5 2 8 9 7 0 
14227472 6228652 19378790 
1 6 9 7 3 0 8 4 5 2 
14251226 9863524 12670606 
1 9 8 5 3 0 6 4 2 7 
14286302 11186874 12524992 
1 9 8 5 3 0 6 2 4 7 
14304206 15550516 12386778 
1 9 8 4 3 5 6 0 7 2 
14307284 14311110 12399812 
1 9 3 4 6 2 8 0 7 5 
14327966 14390614 12353024 
1 9 8 5 3 7 6 4 2 0 
14345286 10993936 12429836 
1 9 3 4 6 7 8 2 5 0 
14355008 16022570 12312518 
1 9 8 5 3 7 6 2 4 0 
14363298 15483038 12195754 
1 9 3 4 6 5 8 0 7 2 
14381378 14372028 12172814 
6 1 4 3 5 0 9 8 7 2 
14445066 5710546 19620564 
6 1 4 3 2 5 9 8 7 0 
14458422 5372668 20919980 
9 8 4 1 5 2 6 3 7 0 
14510148 7177674 19215810 
6 1 4 3 5 2 9 8 7 0 
14512786 5325642 19634588 
6 4 5 9 2 7 8 1 3 0 
14526086 9339476 16736596 
6 4 5 9 2 3 8 1 7 0 
14526376 9287720 16557322 
6 4 5 9 2 0 8 1 3 7 
14580328 9118868 16675518 
6 8 5 3 4 0 9 1 7 2 
14628906 8638738 17777300 
9 8 4 3 5 0 6 1 7 2 
14634856 7932368 18335238 
6 8 5 3 4 2 9 1 7 0 
14663940 8279756 17721514 
1 8 9 7 3 0 6 4 2 5 
14686136 10035298 12318944 
9 8 4 3 5 2 6 1 7 0 
14704552 7572970 18273212 
1 9 3 5 6 0 8 4 2 7 
14704700 11253210 12230536 
1 8 9 7 3 0 6 2 4 5 
14705984 14412880 12170078 
1 8 9 7 3 2 6 4 5 0 
14713988 10142178 12180564 
1 9 3 5 6 0 8 2 4 7 
14722604 15616852 12092322 
1 9 3 5 6 7 8 4 2 0 
14727044 11060272 12134900 
1 8 9 7 3 0 6 4 5 2 
14738272 9813362 12028478 
1 9 3 5 6 7 8 2 4 0 
14745056 15549374 11900818 
9 4 5 6 2 7 8 1 3 0 
14755410 8673220 16774812 
9 4 5 6 2 3 8 1 7 0 
14755648 8631182 16595994 
4 8 6 7 9 5 1 0 2 3 
14784872 14497634 9536190 
4 8 6 7 9 2 1 0 5 3 
14800832 14132770 10212130 
9 4 5 6 2 0 8 1 3 7 
14809680 8452402 16713734 
9 4 2 6 5 0 8 1 3 7 
14811610 8446978 16865456 
4 8 6 7 9 5 1 2 0 3 
14833156 11939420 9597196 
9 4 5 6 2 0 8 1 7 3 
14845156 8822434 16568866 
4 8 6 7 9 0 1 2 5 3 
14853248 11377162 8878088 
4 8 6 7 9 2 1 5 0 3 
14857570 9931072 10428990 
4 8 6 7 9 0 1 5 2 3 
14861702 9733678 9033942 
4 8 6 7 9 3 1 2 5 0 
14951190 11495764 8583244 
4 8 6 7 9 3 1 5 2 0 
14959314 9468930 9032028 
9 8 5 1 4 0 6 3 7 2 
14976886 7552118 18651030 
4 8 6 7 3 2 1 9 5 0 
14978530 9311108 16155618 
4 8 6 7 3 0 1 9 5 2 
15009816 8989940 16187396 
9 8 5 1 4 2 6 3 7 0 
15013848 7191736 18567668 
3 8 1 7 4 0 9 6 5 2 
15125296 7018580 19077892 
8 4 5 9 2 3 6 1 7 0 
15127156 8776376 16514890 
9 8 5 3 4 0 6 1 7 2 
15174882 7946430 17673862 
8 4 5 9 2 0 6 1 3 7 
15181228 8626928 16634478 
9 8 5 3 4 2 6 1 7 0 
15211788 7587032 17611836 
8 4 5 9 2 0 6 1 7 3 
15216488 8967900 16488242 
8 1 4 3 5 0 6 9 7 2 
15223498 6097240 19374774 
8 1 4 3 5 2 6 9 7 0 
15293180 5709976 19334552 
4 8 9 5 3 0 6 1 2 7 
15375168 8383630 13524590 
4 8 9 5 3 2 6 1 0 7 
15382286 8329100 13131368 
4 8 9 5 3 7 6 1 2 0 
15431606 8183504 13584336 
4 8 9 5 3 2 6 1 7 0 
15454106 8386532 12522688 
9 1 5 6 4 2 8 3 7 0 
15505568 7950670 15802336 
8 9 3 4 7 0 1 6 5 2 
15520062 5202218 24756308 
4 6 8 7 9 0 1 2 5 3 
15549362 11331538 8945336 
4 9 8 7 6 0 1 2 5 3 
15600144 11688100 8080040 
4 9 8 7 6 0 1 5 2 3 
15608526 10355854 8233688 
4 6 8 7 9 3 1 5 2 0 
15655828 9238546 9109098 
4 9 8 7 6 3 1 2 5 0 
15683982 11826880 7784872 
4 9 8 7 6 3 1 5 2 0 
15692034 10111284 8231450 
4 8 9 7 6 0 1 2 5 3 
15740930 11396362 7863008 
4 8 9 7 6 0 1 5 2 3 
15749352 9752446 8033086 
4 8 9 7 6 3 1 2 5 0 
15821384 11514964 7568164 
4 8 9 7 3 0 1 6 2 5 
15828886 7858322 14657076 
4 8 9 7 6 3 1 5 2 0 
15829476 9487698 8031172 
4 8 9 7 3 2 1 6 5 0 
15851160 8041914 13574478 
4 8 9 7 3 0 1 6 5 2 
15877662 7717522 13536914 
3 8 5 1 4 2 9 6 7 0 
16060134 6724114 19121218 
6 9 3 4 7 2 1 8 5 0 
16081478 5143032 24848472 
9 6 4 5 1 2 8 3 7 0 
16110892 7695214 16628712 
2 8 6 5 9 0 4 1 3 7 
16132942 11316778 8028072 
5 8 6 2 9 0 4 1 3 7 
16157106 10310116 7874852 
6 9 3 4 7 0 1 8 5 2 
16167862 4840388 24831920 
1 6 4 3 5 0 8 9 7 2 
16200524 6848980 18789962 
1 6 4 3 5 2 8 9 7 0 
16269596 6499414 18751048 
4 9 6 7 8 0 1 2 5 3 
16305018 11681698 7271428 
1 6 5 3 4 0 8 9 7 2 
16312634 6879036 18696258 
4 9 6 7 8 0 1 5 2 3 
16313412 10349614 7419742 
1 8 5 3 4 2 9 6 7 0 
16339954 6277766 18979520 
1 6 5 3 4 2 8 9 7 0 
16348916 6529470 18657344 
3 6 4 1 5 2 8 9 7 0 
16379162 6152700 18928126 
4 9 6 7 8 3 1 2 5 0 
16386670 11820478 6976260 
4 9 6 7 8 3 1 5 2 0 
16394734 10105044 7417504 
9 8 4 5 1 2 6 3 7 0 
16434202 7376594 15777478 
3 6 5 1 4 2 8 9 7 0 
16454894 6162268 18782838 
8 1 0 3 7 2 9 6 5 4 
16554480 5803118 18876260 
8 1 0 3 7 5 9 6 4 2 
16611228 5691392 18721824 
8 1 0 3 7 2 9 6 4 5 
16612412 5664544 18562944 
4 6 8 0 9 7 1 5 2 3 
16743270 9458260 8961152 
4 6 8 0 9 3 1 5 2 7 
16800912 9404228 9030370 
7 8 9 3 6 0 1 2 4 5 
16833842 17259768 6900014 
3 9 8 7 6 0 1 4 5 2 
16851162 14440152 6909926 
7 8 9 3 6 0 1 4 5 2 
16864398 13634414 6756484 
8 1 5 3 4 0 9 6 7 2 
16908130 5987582 16112608 
4 8 9 0 6 7 1 5 2 3 
16931954 9709570 7889190 
8 1 5 3 4 2 9 6 7 0 
16943020 5603542 16147968 
5 8 9 2 6 0 4 1 7 3 
16960536 10637204 7332672 
4 8 9 0 6 3 1 5 2 7 
16986658 9651054 7958480 
4 9 8 5 3 2 6 1 7 0 
16986780 8484872 12230240 
3 8 9 7 6 0 1 4 5 2 
16991984 14078250 6603182 
2 8 9 5 6 0 4 1 3 7 
17010980 11315980 7111094 
4 8 9 0 3 2 1 6 5 7 
17011234 8056836 13342556 
5 8 9 2 6 3 4 1 7 0 
17035546 10620800 7394876 
5 8 9 2 6 0 4 1 3 7 
17037352 10321926 6989618 
5 8 9 2 3 0 4 6 1 7 
17045688 7849178 12335316 
4 8 9 0 3 7 1 6 5 2 
17093228 7692310 13393984 
8 1 4 5 2 0 6 9 3 7 
17102374 5572288 19532012 
1 8 6 2 3 0 4 9 5 7 
17105394 6775420 15905428 
1 8 6 5 9 2 4 3 7 0 
17120430 9086554 9203902 
1 8 6 5 3 2 4 9 7 0 
17135998 6316202 15657758 
4 6 9 7 8 0 1 5 2 3 
17150376 9513580 7296246 
6 1 0 3 7 2 9 8 5 4 
17199222 5448924 18987166 
4 6 9 7 8 3 1 2 5 0 
17220562 11465180 6826764 
4 6 9 7 8 3 1 5 2 0 
17228690 9251074 7294296 
4 9 3 7 8 0 1 6 5 2 
17250690 8827272 11630930 
6 1 0 3 7 5 9 8 4 2 
17255982 5365950 18739970 
6 1 0 3 7 2 9 8 4 5 
17257136 5339750 18597092 
4 6 9 7 3 0 1 8 5 2 
17282702 7611498 14235818 
6 1 5 3 4 2 8 9 7 0 
17302568 6224814 15691944 
8 9 3 0 7 2 1 6 4 5 
17341252 4973022 24757490 
7 9 6 3 8 0 1 4 2 5 
17376872 14027674 6556084 
7 9 6 3 8 0 1 2 4 5 
17409380 17595724 6387220 
7 9 6 3 8 2 1 4 5 0 
17433302 14300538 6426110 
7 9 6 3 8 0 1 4 5 2 
17434054 13993078 6265540 
8 9 3 5 7 2 1 6 4 0 
17472704 5173036 24638380 
4 9 6 0 8 7 1 5 2 3 
17500460 10306234 7268588 
8 9 4 5 1 2 6 3 7 0 
17540418 7592060 15437086 
6 1 5 3 4 0 9 8 7 2 
17552972 5699028 15941228 
8 9 3 5 7 0 1 6 4 2 
17559008 4977768 24600612 
3 9 6 7 8 0 1 4 5 2 
17561928 14438478 6116236 
6 1 5 3 4 2 9 8 7 0 
17587902 5314124 15955252 
7 8 9 0 6 3 1 4 5 2 
17760282 13603134 6613774 
2 6 9 5 8 0 4 1 7 3 
17779584 11598680 6709832 
5 6 9 2 8 0 4 1 7 3 
17804384 10924318 6603434 
1 9 8 7 6 0 3 4 2 5 
17843748 10255134 7004822 
2 6 9 5 8 0 4 1 3 7 
17850884 11593850 6378814 
5 6 9 2 8 0 4 1 3 7 
17877268 10599784 6257368 
4 9 3 5 6 2 8 1 7 0 
17894292 8564702 12066404 
1 8 9 5 3 0 4 6 2 7 
17905384 6768824 14524338 
1 9 8 7 6 0 3 4 5 2 
17910518 10055972 6701156 
1 8 9 5 3 2 4 6 0 7 
17912710 6327852 14635228 
6 9 3 0 7 2 1 8 5 4 
17926310 4695894 25072938 
1 8 9 2 3 0 4 6 5 7 
17952760 6564010 13335306 
6 9 3 0 7 5 1 8 4 2 
17960462 4710634 24946734 
1 8 9 5 3 2 4 6 7 0 
17980012 6104960 13883114 
6 9 3 0 7 2 1 8 4 5 
17984962 4648672 24796752 
1 8 9 5 6 2 4 3 7 0 
17987642 9066898 8225554 
1 8 9 2 3 0 4 6 7 5 
17999658 6473626 13800280 
1 8 9 5 3 0 4 6 7 2 
18000002 6460152 13865502 
4 6 8 2 9 7 5 1 0 3 
18002522 8854428 8783294 
1 8 9 2 3 7 4 6 5 0 
18004076 6524804 13438218 
5 9 8 2 6 0 4 1 3 7 
18014968 9899330 7078720 
4 6 8 2 9 0 5 1 7 3 
18015372 8639144 8154682 
4 6 8 2 9 3 5 1 0 7 
18062908 8543868 8759208 
4 6 8 2 9 0 5 1 3 7 
18096788 8508492 7812366 
8 1 2 3 4 7 9 6 5 0 
18110366 5972912 15512782 
8 1 2 3 4 0 9 6 5 7 
18122764 6025240 15429334 
6 9 3 5 7 2 1 8 4 0 
18123610 4833034 24569590 
6 9 3 5 7 0 1 8 4 2 
18209874 4638630 24553158 
7 6 9 3 8 0 1 4 5 2 
18271276 13575430 6015070 
4 8 6 2 9 0 5 1 7 3 
18295566 8351862 8045468 
4 6 9 0 8 7 1 5 2 3 
18332818 9470788 7152386 
4 8 6 2 9 3 5 1 0 7 
18342728 8258918 8653326 
8 1 5 3 4 2 6 9 7 0 
18368276 5715474 15658158 
4 8 6 2 9 0 5 1 3 7 
18376986 8230358 7709744 
4 6 9 0 8 3 1 5 2 7 
18383902 9416756 7221604 
8 9 1 7 4 5 3 6 0 2 
18397528 5197358 21643792 
3 6 9 7 8 0 1 4 5 2 
18398870 14019258 5861788 
8 9 1 7 4 0 3 6 2 5 
18400164 5080534 21239422 
8 9 1 7 4 0 3 6 5 2 
18404106 4683384 20251876 
4 8 3 5 9 7 6 1 2 0 
18535264 8187902 10056952 
1 9 6 7 8 0 3 4 2 5 
18560406 10256734 6209246 
1 9 6 7 8 2 3 4 5 0 
18619816 10366048 6073440 
1 9 6 7 8 0 3 4 5 2 
18621284 10057410 5910950 
9 8 1 7 4 0 3 6 2 5 
18649404 5287196 19977262 
9 8 1 7 4 0 3 6 5 2 
18653316 4915276 18965916 
5 9 6 2 8 0 4 1 3 7 
18717278 9894668 6233408 
6 1 2 3 4 7 9 8 5 0 
18755204 5611550 15582390 
1 6 9 5 3 2 4 8 0 7 
18766646 5921842 15125758 
6 1 2 3 4 0 9 8 5 7 
18767612 5663662 15493608 
1 6 9 5 3 2 4 8 7 0 
18833948 5703704 14352818 
1 6 9 2 3 0 4 8 7 5 
18851336 6058160 14307466 
1 6 9 2 3 7 4 8 5 0 
18855746 6069312 14117382 
6 9 1 7 4 0 3 8 5 2 
18917060 4334154 20385162 
4 8 3 7 9 0 1 6 2 5 
18924012 7865792 11108580 
1 9 8 2 3 0 4 6 5 7 
18930280 7629462 13159492 
1 9 8 5 6 2 4 3 7 0 
18963324 8007810 8384530 
4 8 3 7 9 0 1 6 5 2 
18972788 7724992 9988418 
1 9 8 2 3 7 4 6 5 0 
18983852 7603708 13262188 
7 6 9 0 8 3 1 4 5 2 
19167320 13544066 5872324 
4 8 9 2 6 0 5 1 7 3 
19177776 8338830 7130572 
5 9 6 7 8 3 1 4 2 0 
19220538 9687186 6934730 
4 8 9 2 6 3 5 1 7 0 
19256242 8321658 7181256 
4 8 9 2 6 0 5 1 3 7 
19257232 8217272 6796638 
4 8 9 2 3 0 5 6 1 7 
19265672 7510228 12128302 
1 8 9 7 6 0 3 4 5 2 
19444020 9708690 6429212 
5 9 6 3 8 7 1 4 2 0 
19504658 9650206 6763400 
4 6 9 2 8 0 5 1 7 3 
19603820 8630894 6401346 
1 9 6 5 8 2 4 3 7 0 
19667542 8014288 7567450 
4 6 9 2 8 0 5 1 3 7 
19679344 8500080 6064400 
4 6 9 2 3 0 5 8 1 7 
19699546 7468886 12632718 
9 6 1 7 4 0 3 8 2 5 
19915212 4834684 20110342 
9 6 1 7 4 0 3 8 5 2 
19919124 4448502 19161474 
5 8 3 2 9 0 4 6 1 7 
20171198 7850288 8818048 
4 8 3 0 9 7 1 6 5 2 
20183374 7699780 9855548 
4 6 3 7 9 0 1 8 5 2 
20235168 7619006 10853438 
1 9 3 5 8 2 4 6 0 7 
20460208 7280032 12726944 
1 9 3 2 6 0 4 8 7 5 
20468122 6718922 13155456 
1 9 3 2 8 0 4 6 7 5 
20472092 7429306 11900536 
1 9 3 5 8 0 4 6 7 2 
20482286 7404202 11965758 
1 9 3 5 6 0 4 8 7 2 
20486452 6693074 13204676 
1 9 3 5 8 2 4 6 7 0 
20496074 7028832 11983694 
1 9 3 2 8 0 4 6 5 7 
20499866 7613222 11433462 
6 1 9 2 3 0 4 8 5 7 
20502296 5511924 15941202 
1 9 3 5 6 2 4 8 7 0 
20507512 6316712 13201276 
1 9 3 2 6 0 4 8 5 7 
20511624 6901830 12867038 
1 9 3 2 8 7 4 6 5 0 
20518462 7587468 11536158 
1 9 3 2 6 7 4 8 5 0 
20528402 6876324 12975068 
6 1 9 5 3 2 4 8 7 0 
20538488 5145666 15871724 
9 8 4 7 5 0 1 6 3 2 
20580810 4615470 18271768 
9 8 4 7 5 2 1 6 3 0 
20647608 4512848 18308860 
1 6 9 7 8 0 3 4 2 5 
20650776 9887264 6012486 
1 8 9 0 3 7 4 6 5 2 
20706588 6192104 13288398 
1 6 9 7 8 0 3 4 5 2 
20711638 9651348 5687822 
4 9 8 2 6 0 5 1 7 3 
20851738 7937266 7246962 
4 9 8 2 6 3 5 1 0 7 
20898556 7892322 7861742 
4 9 8 2 6 0 5 1 3 7 
20931188 7801986 6903140 
1 8 3 5 9 0 4 6 2 7 
21030894 6763846 10980014 
1 8 3 5 9 2 4 6 0 7 
21039996 6322442 11105224 
9 6 5 4 2 0 1 8 3 7 
21059984 4212140 25822770 
1 8 3 5 9 7 4 6 2 0 
21060526 6565888 11082750 
9 6 4 1 5 2 3 8 7 0 
21069336 4355816 18968502 
1 8 3 2 9 0 4 6 5 7 
21078270 6559032 9790982 
1 8 3 5 9 2 4 6 7 0 
21087658 6099010 10371010 
1 8 3 2 9 0 4 6 7 5 
21089816 6467676 10288176 
1 8 3 5 9 0 4 6 7 2 
21090160 6454202 10353398 
1 8 3 2 9 7 4 6 5 0 
21107726 6519826 9893894 
9 8 5 7 4 0 1 6 3 2 
21115400 4596196 17697854 
9 6 5 1 4 2 3 8 7 0 
21145088 4357704 18830724 
9 8 5 7 4 2 1 6 3 0 
21149408 4493574 17734946 
6 1 5 7 4 0 9 8 3 2 
21273774 5558292 15186406 
6 1 5 7 4 2 9 8 3 0 
21308424 5425948 15200710 
8 1 2 5 4 0 6 9 3 7 
21338118 5574250 14720126 
1 8 9 4 3 2 5 6 7 0 
21391094 6077182 13676304 
9 6 4 7 2 0 1 8 3 5 
21407118 3955714 23061320 
9 6 4 7 5 0 1 8 3 2 
21415330 4188650 17809832 
9 6 4 7 5 2 1 8 3 0 
21482160 4094004 17825444 
9 6 5 7 4 0 1 8 3 2 
21521940 4169490 17734266 
1 6 9 0 3 2 4 8 7 5 
21526410 6024172 14174550 
8 6 4 7 5 0 1 9 3 2 
21537092 5061320 17550806 
1 6 9 0 3 7 4 8 5 2 
21555290 5728300 13988898 
9 6 5 7 4 2 1 8 3 0 
21555980 4074844 17749878 
4 9 6 2 8 0 5 1 7 3 
21557976 7942048 6408522 
8 6 4 7 5 2 1 9 3 0 
21604012 4964730 17518412 
4 9 6 2 8 0 5 1 3 7 
21633498 7806660 6068280 
8 6 5 7 4 0 1 9 3 2 
21643682 5034280 17450310 
8 6 5 7 4 2 1 9 3 0 
21677812 4937690 17417916 
1 6 3 5 9 2 4 8 0 7 
21751272 5916470 11761870 
1 6 3 2 9 0 4 8 7 5 
21798834 6052248 10961478 
1 6 3 5 9 2 4 8 7 0 
21798934 5697792 11006830 
1 6 3 2 9 7 4 8 5 0 
21816736 6064372 10739174 
1 6 9 4 3 2 5 8 7 0 
21825000 5678698 14152566 
6 8 5 7 4 2 1 9 3 0 
21914078 5051874 17292312 
9 8 4 7 1 2 3 6 5 0 
22108028 5231174 15314998 
9 8 4 7 1 0 3 6 5 2 
22141482 4907934 15275514 
6 9 4 7 2 0 1 8 3 5 
22202198 3920614 24087112 
6 9 4 7 5 2 1 8 3 0 
22277314 4012126 20180616 
8 9 3 5 1 2 4 6 7 0 
22380586 4833426 16948950 
4 8 3 2 9 0 5 6 1 7 
22391182 7511338 8611034 
6 1 2 7 4 0 9 8 3 5 
22399912 5420908 15264700 
6 9 3 5 1 2 4 8 7 0 
22512352 4545040 16734302 
4 9 8 7 6 0 3 1 5 2 
22549516 7639868 8159322 
9 8 5 7 4 0 3 6 1 2 
22657940 4373378 17468122 
4 6 3 2 9 0 5 8 1 7 
22682396 7470034 9281566 
9 8 5 7 4 2 3 6 1 0 
22691356 4299628 17507166 
9 6 4 0 2 5 1 8 3 7 
22698376 3867572 23361814 
9 6 4 0 5 2 1 8 3 7 
22724592 3853266 17960748 
9 6 4 7 1 2 3 8 5 0 
22803228 4772528 16153540 
9 6 5 0 4 2 1 8 3 7 
22805164 3834106 17889206 
9 6 4 7 5 0 3 8 1 2 
22818602 3952918 17598766 
9 6 4 7 1 0 3 8 5 2 
22836650 4441312 16135536 
9 6 4 7 5 2 3 8 1 0 
22884840 3887144 17616330 
9 6 5 7 4 0 3 8 1 2 
22925212 3954428 17480560 
9 6 4 5 2 0 1 8 3 7 
22942280 3821320 23160008 
9 6 5 7 4 2 3 8 1 0 
22958660 3888654 17498124 
8 9 4 7 1 2 3 6 5 0 
23000084 4966480 15232466 
1 6 9 7 3 0 4 8 5 2 
23011630 5694848 13824914 
8 9 4 7 1 0 3 6 5 2 
23033520 4663130 15192658 
8 1 3 5 9 2 4 6 0 7 
23038698 5685076 13788242 
8 1 3 5 9 2 4 6 7 0 
23086396 5431368 13082588 
6 1 3 5 9 2 4 8 0 7 
23170470 5386890 13599180 
4 9 6 7 8 0 3 1 2 5 
23199436 7755926 7852156 
6 1 3 2 9 0 4 8 5 7 
23199834 5510212 12905198 
6 1 2 5 4 0 9 8 3 7 
23205866 5147114 15078520 
6 1 3 5 9 2 4 8 7 0 
23218162 5142982 12867940 
4 9 6 7 8 0 3 1 5 2 
23260266 7635002 7349172 
6 9 4 0 2 5 1 8 3 7 
23495500 3755864 24317648 
6 9 4 7 1 2 3 8 5 0 
23513062 4610082 15324472 
6 9 4 7 2 0 3 8 1 5 
23517814 3801746 23859878 
6 9 4 0 5 2 1 8 3 7 
23521748 3741190 20245206 
6 9 4 7 1 0 3 8 5 2 
23546458 4307596 15306000 
6 9 4 7 5 2 3 8 1 0 
23594674 3780498 20014342 
6 9 4 5 2 0 1 8 3 7 
23745368 3665428 23902944 
1 8 3 0 9 2 4 6 5 7 
23764024 6549444 9651478 
1 8 3 0 9 2 4 6 7 5 
23771810 6434024 10147356 
1 8 3 0 9 7 4 6 5 2 
23796734 6187126 9736026 
1 6 3 0 9 2 4 8 5 7 
24470106 6095648 10491244 
1 6 3 0 9 2 4 8 7 5 
24477892 6018260 10820514 
1 8 3 4 9 2 5 6 7 0 
24498740 6071232 10164200 
1 6 3 0 9 7 4 8 5 2 
24502776 5723360 10602642 
6 9 4 2 5 0 1 8 3 7 
24542222 3715682 20149188 
6 9 5 0 4 2 1 8 3 7 
24743568 3709118 18804848 
1 6 3 4 9 2 5 8 7 0 
24789986 5672786 10806578 
6 9 5 7 4 2 3 8 1 0 
24809742 3769096 18527320 
1 8 3 7 9 2 4 6 5 0 
25255534 6476870 9580382 
1 8 3 7 9 0 4 6 5 2 
25258788 6153758 9562018 
1 8 3 0 9 2 7 6 5 4 
25479592 5975134 9589514 
1 8 3 0 9 2 7 6 4 5 
25500016 5747604 9482158 
4 9 6 5 8 7 3 1 2 0 
25661214 7784336 7343190 
6 9 5 2 4 0 1 8 3 7 
25771512 3683610 18693740 
4 9 8 0 6 7 3 1 5 2 
25789352 7614152 7999580 
1 6 3 7 9 0 4 8 5 2 
25964096 5689908 10428598 
6 9 4 5 2 0 3 8 1 7 
25980584 3618740 23675790 
6 9 7 5 1 0 3 8 4 2 
26070408 4228782 15930186 
4 9 6 0 8 3 7 1 5 2 
26071030 7673506 7239880 
9 6 4 0 5 2 3 8 1 7 
26150392 3805202 17751810 
9 6 5 0 4 2 3 8 1 7 
26230964 3806712 17637628 
1 6 3 2 9 7 5 8 4 0 
26474008 5623678 10583814 
4 9 6 0 8 7 3 1 5 2 
26500600 7609286 7188424 
6 9 4 0 5 2 3 8 1 7 
26862228 3668358 20079108 
1 6 3 0 9 2 7 8 5 4 
26882014 5506328 10445020 
1 6 3 0 9 2 7 8 4 5 
26902438 5293060 10275186 
8 9 1 0 3 2 7 6 4 5 
27094416 4624024 15284478 
6 1 5 7 4 0 3 8 9 2 
27109272 5111820 14347986 
6 1 5 7 4 2 3 8 9 0 
27142738 5037220 14366194 
6 1 3 7 9 0 4 8 5 2 
27373210 5146316 12824128 
8 1 3 0 9 2 7 6 4 5 
27394230 5199118 12584804 
9 6 2 7 4 0 3 8 1 5 
27475142 3863300 17488358 
6 9 1 0 3 2 7 8 4 5 
27867930 4300326 15326538 
6 1 3 2 9 0 5 8 4 7 
28055594 5156182 12651830 
8 9 7 5 1 2 4 6 3 0 
28078914 4579252 15255380 
6 9 5 0 4 2 3 8 1 7 
28084048 3656956 18596110 
6 1 3 2 9 7 5 8 4 0 
28085644 5075060 12758340 
6 1 3 0 9 2 7 8 5 4 
28147442 4981146 12891672 
6 1 3 0 9 2 7 8 4 5 
28167740 4873844 12621878 
6 9 7 5 1 0 4 8 3 2 
28207250 4398038 15115668 
6 9 7 5 1 2 4 8 3 0 
28210664 4274850 15112548 
6 9 7 2 1 0 4 8 3 5 
28231052 4233404 15275434 
6 9 4 2 5 0 3 8 1 7 
28251134 3642850 19981170 
6 9 2 5 4 0 1 8 3 7 
28409080 3671884 18588204 
4 9 6 2 8 7 0 1 5 3 
28876658 7790118 6876112 
6 9 5 2 4 0 3 8 1 7 
29480424 3631448 18483082 
1 8 3 7 9 2 0 6 4 5 
29801820 5783000 9391640 
9 6 2 5 4 0 3 8 1 7 
29926528 3801086 17585114 
6 1 5 0 4 2 7 8 9 3 
30003894 4603576 14328226 
9 6 4 2 1 0 5 8 3 7 
30124978 4031264 15441766 
9 8 4 2 1 0 5 6 3 7 
30261708 4440960 14752258 
4 9 6 2 8 0 7 1 5 3 
30609572 7755982 6821746 
6 9 2 5 4 7 3 8 1 0 
30633016 3775574 18454640 
9 8 4 0 1 2 7 6 3 5 
30643004 4579566 14716832 
6 9 2 5 4 0 3 8 1 7 
30644296 3620426 18370890 
6 1 2 5 4 0 3 8 9 7 
30696644 4830566 14240244 
6 9 7 0 1 2 4 8 3 5 
30920832 4234848 15271462 
1 6 3 7 9 2 0 8 4 5 
31064232 5329380 10186854 
5 6 9 2 8 7 3 4 1 0 
31109264 9018984 6027482 
6 9 4 2 1 0 5 8 3 7 
31115426 3891076 14272150 
9 6 4 0 5 2 7 8 3 1 
31615364 3717790 17905506 
8 1 3 7 9 2 0 6 4 5 
31640834 5222394 12433674 
9 6 4 0 5 2 7 8 1 3 
31679416 3785772 17615692 
9 6 5 0 4 2 7 8 3 1 
31709684 3687878 17844394 
9 6 5 0 4 2 7 8 1 3 
31799268 3756562 17531310 
8 1 3 2 9 0 7 6 4 5 
31992460 5205418 12555910 
6 9 4 1 2 0 5 8 3 7 
32152508 3616714 23765538 
6 1 3 7 9 2 0 8 4 5 
32283534 4900064 12483036 
6 9 4 0 2 5 7 8 3 1 
32343806 3606372 24270090 
4 6 9 5 8 2 0 1 3 7 
32757744 8562618 6045304 
6 1 3 2 9 0 7 8 4 5 
32770042 4872064 12552576 
8 1 3 5 9 0 7 6 4 2 
32826450 5166312 12409062 
6 1 3 7 9 0 5 8 4 2 
33240530 4871684 12570848 
6 1 3 5 9 0 2 8 4 7 
33283272 5160500 12389368 
9 6 4 3 5 2 7 8 1 0 
33448066 3861270 17280228 
9 6 5 3 4 2 7 8 1 0 
33527406 3832060 17171702 
6 9 5 0 4 2 7 8 3 1 
33572200 3581242 18760036 
6 1 3 5 9 2 7 8 4 0 
33592988 5011686 12394716 
6 1 3 5 9 0 7 8 4 2 
33607116 4826250 12359420 
6 9 5 0 4 2 7 8 1 3 
33661838 3604512 18489792 
6 1 5 7 4 2 0 8 9 3 
34135768 4557046 14165404 
4 8 3 2 9 0 7 6 1 5 
34249196 7606998 8487084 
6 1 2 3 4 0 5 8 9 7 
34961644 4722246 14065022 
6 9 4 3 2 0 5 8 1 7 
35115774 3487380 23507828 
9 6 4 7 2 0 5 8 3 1 
35311564 3558220 22978798 
9 6 2 1 4 0 5 8 3 7 
35825820 3757094 17500014 
6 1 2 7 4 0 5 8 9 3 
36208274 4523050 14241972 
6 9 4 7 2 0 5 8 3 1 
36296364 3477240 24004590 
6 1 2 5 4 0 7 8 9 3 
36552384 4573030 14067640 
9 6 4 7 5 2 0 8 3 1 
37346134 3663308 17670034 
9 6 4 7 5 2 0 8 1 3 
37414146 3731246 17380220 
9 6 5 7 4 2 0 8 3 1 
37441558 3627252 17610858 
9 6 5 7 4 2 0 8 1 3 
37535102 3695892 17297774 
6 9 4 5 1 2 7 8 3 0 
37725518 4136916 14146116 
6 9 4 5 1 0 7 8 3 2 
37763342 4260104 14111316 
9 6 2 3 4 0 7 8 1 5 
38053342 3802940 17128702 
6 9 4 7 1 2 0 8 3 5 
38123450 4097772 14229150 
6 9 5 2 4 0 7 8 3 1 
38193916 3565718 18630754 
6 9 5 2 4 0 7 8 1 3 
38283394 3587964 18360454 
6 9 4 5 1 0 2 8 3 7 
38570320 3866418 13997512 
9 6 2 3 4 7 5 8 1 0 
38772932 3773958 17223496 
9 6 2 3 4 0 5 8 1 7 
38790778 3634186 17116934 
9 6 5 0 4 7 2 8 3 1 
39040308 3616156 17795934 
6 1 5 3 4 2 0 8 9 7 
39145814 4765272 13955746 
6 9 5 7 4 2 0 8 3 1 
39368474 3534756 18597214 
6 9 5 7 4 2 0 8 1 3 
39462072 3557982 18326970 
6 9 2 3 4 0 5 8 1 7 
39775346 3512106 18195668 
9 6 2 7 4 0 5 8 3 1 
39955084 3583108 17648190 
6 9 2 7 4 0 5 8 3 1 
40939884 3502128 18673982 
6 1 5 3 4 0 2 8 9 7 
41309882 4697026 13883696 
9 6 4 7 5 0 2 8 3 1 
42046252 3583512 17621492 
9 6 5 7 4 0 2 8 3 1 
42145006 3570496 17539966 
6 9 4 5 2 7 0 8 3 1 
42479234 3484650 23845202 
9 6 5 3 4 2 0 8 1 7 
42535544 3689448 17077670 
9 6 5 3 4 0 2 8 1 7 
44019272 3622630 17006232 
6 9 5 7 4 0 2 8 3 1 
44195214 3476908 18525854 
6 9 5 7 4 0 2 8 1 3 
44289372 3499102 18255554 
6 9 5 3 4 2 0 8 1 7 
44462228 3555852 18116968 
6 9 5 3 4 0 2 8 1 7 
46069248 3487942 18045062 
