21 3
4 1 0 5 2 3 
6288482 9689562 14746324 
2 1 0 5 4 3 
6293222 7337596 13550082 
5 1 4 2 0 3 
9909876 6438528 13942716 
4 3 1 5 2 0 
12040428 8549946 7262992 
2 3 1 5 4 0 
12044072 6590034 6270258 
2 1 3 5 4 0 
13179578 6235354 6364684 
2 3 4 5 1 0 
14937192 5806800 13892554 
2 1 4 5 3 0 
15842808 5689874 13490156 
2 1 0 5 3 4 
17180944 4527976 12091682 
2 3 0 5 1 4 
17998252 4293902 10697626 
5 3 4 2 1 0 
18039044 4203270 13261626 
5 1 3 2 0 4 
18134644 5269694 5360362 
5 1 4 2 3 0 
18388216 4086288 12721734 
5 3 1 2 0 4 
18702564 4925252 5098000 
5 3 0 2 1 4 
21100588 4611126 10069360 
5 3 1 4 0 2 
24320456 4434482 4536654 
5 3 0 4 1 2 
26686188 4326744 9508326 
4 3 0 2 1 5 
26869020 4290058 10024504 
0 1 4 2 3 5 
27864756 4013786 12711588 
2 3 0 4 1 5 
29652472 3940598 9454392 
2 3 1 4 0 5 
32124268 4048218 4482720 
