24 4
0 4 1 2 5 3 
2978282 1024762 8868830 334554 
5 4 1 2 0 3 
2986864 871596 3386736 157184 
5 4 3 2 0 1 
3004126 842280 2973066 142748 
5 2 3 4 0 1 
3369898 770732 2949772 137614 
5 3 4 0 2 1 
4130766 750842 3820714 162852 
2 0 1 5 4 3 
4167754 755606 3815132 163154 
5 4 3 2 1 0 
4326528 695220 910206 70568 
5 4 1 2 3 0 
4496968 695172 911304 70568 
5 0 4 3 2 1 
4595524 670742 3794634 157114 
5 2 3 4 1 0 
4651870 623464 886912 65434 
2 3 1 5 4 0 
5778594 617402 3770252 153188 
4 2 3 5 0 1 
5993636 418972 2829310 112246 
2 0 1 5 3 4 
6020742 544916 858366 59696 
2 0 3 5 1 4 
6087452 545076 857982 59696 
1 4 0 2 3 5 
6698718 418764 2828236 112246 
5 0 1 2 3 4 
6720892 460644 835144 53656 
5 0 3 2 1 4 
6805620 460692 834046 53656 
2 4 0 1 3 5 
6886330 417564 2835580 112246 
4 2 3 5 1 0 
7089560 272856 766450 40066 
4 2 1 5 3 0 
7345086 272696 766186 40066 
2 4 3 0 1 5 
8598396 271560 769120 40066 
2 4 1 0 3 5 
8934678 271464 769480 40066 
4 2 3 0 1 5 
9388332 271560 765988 40066 
4 2 1 0 3 5 
9791682 271464 765700 40066 
