21 4
0 4 1 2 5 3 
2978282 9009112 2522674 6416816 
5 4 1 2 0 3 
2986864 9027452 2566226 6401596 
0 1 4 3 5 2 
3309884 11217058 2473430 4382918 
5 1 4 3 0 2 
3328892 11222856 2492298 4343190 
0 3 2 1 5 4 
3479828 11065268 2514468 5398932 
5 3 2 1 0 4 
3503166 11069048 2554876 5362652 
2 0 3 5 4 1 
4136432 9800022 2143686 7329528 
4 0 3 5 2 1 
4139406 9794446 2126846 7329504 
2 0 1 5 4 3 
4167754 9732772 2151498 7519984 
4 0 1 5 2 3 
4171196 9726728 2137898 7520440 
4 3 0 1 2 5 
4849356 14345248 2014370 3175186 
2 3 0 1 4 5 
4856356 14344946 2009134 3157378 
4 3 5 1 2 0 
5253966 13943036 2102992 5620000 
2 3 5 1 4 0 
5264008 13939692 2118816 5605312 
2 3 1 5 4 0 
5778594 13353246 2461962 7298286 
4 3 1 5 2 0 
5782904 13349414 2452170 7301430 
3 0 4 5 1 2 
6329828 13778256 1947100 8494646 
1 0 4 5 3 2 
6332546 13777670 1949856 8490874 
3 4 0 2 1 5 
6696972 16098088 1881490 6372442 
1 2 5 4 3 0 
6917090 15953536 1900838 7678044 
3 2 5 4 1 0 
6917588 15951380 1897958 7677778 
