50 3
4 5 0 1 3 2 6 
8491102 5817668 41002808 
4 5 2 1 3 0 6 
8516018 9067730 38705536 
6 3 2 1 5 0 4 
8653162 9667734 37869184 
6 3 0 1 2 5 4 
8654074 9218000 36252448 
6 3 0 1 5 2 4 
8660762 10675116 30636210 
6 1 0 5 2 3 4 
8810054 5409334 47442050 
6 1 3 5 2 0 4 
8815938 5943122 38522860 
3 6 0 1 2 5 4 
9009834 6071234 36555292 
3 6 0 1 5 2 4 
9018602 8013758 31055678 
1 6 0 5 2 3 4 
9179734 4780068 47267248 
6 3 0 5 2 1 4 
9304734 5899564 31853342 
4 1 2 5 3 0 6 
9311362 5793358 42724132 
4 5 0 1 6 2 3 
9416582 5422450 38430610 
5 4 0 1 3 2 6 
9522702 4416654 41308868 
1 6 0 2 5 3 4 
9551802 4328866 43307298 
6 3 2 5 1 0 4 
9805906 9037832 30728978 
3 1 2 6 4 0 5 
9878102 5896834 36102532 
3 1 0 6 4 2 5 
9884562 6504740 31348032 
2 4 0 1 3 5 6 
9914110 4219832 43072826 
5 4 0 6 3 2 1 
9925528 4345622 41442374 
2 4 0 5 3 1 6 
10003546 4660444 33196664 
5 6 0 2 1 3 4 
10176054 4228444 36245864 
0 1 3 2 5 6 4 
10286146 4359942 26674446 
5 4 0 1 6 2 3 
10384822 4132684 38656094 
5 4 0 6 1 2 3 
10397676 3916644 33550098 
2 0 3 5 1 6 4 
10615320 8771266 23283592 
1 4 0 3 5 2 6 
10664260 3668440 30614400 
2 0 3 4 6 1 5 
11225462 6608966 25319024 
0 1 3 2 4 6 5 
11326030 4057932 29688876 
5 2 0 6 1 4 3 
11583654 4299302 28675962 
2 0 3 5 6 1 4 
11731728 6519992 25538678 
1 0 5 3 4 2 6 
11896946 6495636 25728366 
1 0 2 3 5 4 6 
11976486 6689502 22835076 
2 4 0 3 1 5 6 
12153064 3602028 38268988 
5 2 0 3 1 4 6 
12182482 4180996 28919758 
1 2 0 3 5 4 6 
12445414 3953730 28039392 
6 5 0 3 2 4 1 
12476854 3884402 30217060 
0 5 3 2 1 6 4 
12526896 6131482 23967452 
1 4 0 3 2 5 6 
12916612 3534588 36711198 
0 2 5 3 1 4 6 
13271650 4254066 24278212 
5 6 0 2 3 1 4 
13342722 3920438 29760244 
0 1 5 2 3 6 4 
13939198 4148052 27892566 
1 5 0 3 2 4 6 
14027462 3906648 28532144 
0 1 2 3 5 4 6 
14053846 4576876 23796804 
1 0 5 3 2 4 6 
14218974 6237104 23521284 
0 2 1 3 5 4 6 
14742138 3907052 25095442 
1 4 3 6 5 2 0 
15464220 3529936 51695960 
1 4 3 0 2 5 6 
16087922 3515178 47767884 
1 4 6 3 5 2 0 
16463948 3503280 48376428 
0 4 1 3 2 5 6 
16610232 3650014 32170008 
