71 2
9 4 2 0 5 1 6 7 8 3 
3254930 10801754 
9 2 4 0 5 1 6 7 8 3 
3293578 10208626 
7 2 4 0 5 6 1 9 8 3 
3455298 10142690 
9 4 2 1 5 8 0 7 6 3 
3967982 9936190 
9 2 4 1 5 8 0 7 6 3 
4007258 9368710 
9 2 4 6 5 8 0 3 1 7 
5246776 9018380 
3 2 4 1 5 0 8 7 6 9 
5315088 8785964 
3 2 4 6 5 0 8 7 1 9 
5325248 8780686 
3 2 4 0 9 1 6 5 8 7 
5671894 8555976 
3 2 4 0 9 6 1 5 8 7 
5766528 8488456 
3 4 2 8 5 6 1 7 0 9 
5948940 8159652 
3 4 2 0 5 6 1 7 8 9 
5959670 8154420 
3 2 4 8 5 6 1 7 0 9 
5987626 7588642 
3 2 4 0 5 6 1 7 8 9 
5998356 7583410 
1 2 4 8 5 6 3 7 0 9 
6914620 7497658 
1 2 4 0 5 6 3 7 8 9 
6925350 7492426 
6 2 4 8 5 1 3 7 0 9 
7295934 7467540 
6 2 4 0 5 1 3 7 8 9 
7306664 7462308 
3 2 4 8 5 6 1 0 9 7 
10366948 7442988 
1 2 4 8 5 6 3 0 9 7 
11010948 7316388 
6 2 4 8 5 1 3 0 9 7 
11394538 7300808 
8 0 9 4 5 1 6 7 2 3 
11578864 7026652 
0 8 9 4 5 1 6 7 2 3 
11579038 6852470 
0 9 8 4 5 1 6 7 2 3 
11601478 6426636 
9 0 8 4 5 1 6 7 2 3 
11604074 4541610 
9 8 0 4 5 1 6 7 2 3 
11606344 4529160 
9 6 1 4 5 8 0 7 2 3 
12401054 3751058 
9 1 6 4 5 8 0 7 2 3 
12402390 3750542 
9 6 1 2 5 8 0 3 4 7 
13272548 3489834 
9 1 6 2 5 8 0 3 4 7 
13273950 3486796 
9 6 1 4 5 8 0 3 2 7 
13396334 3401076 
9 1 6 4 5 8 0 3 2 7 
13397664 3400576 
3 6 1 4 5 0 8 7 2 9 
13760184 3221292 
3 1 6 4 5 0 8 7 2 9 
13761916 3194442 
3 0 8 2 5 1 6 9 4 7 
14538618 2732246 
3 8 0 2 5 1 6 9 4 7 
14541266 2693510 
3 0 8 2 5 6 1 9 4 7 
14632312 2668498 
3 8 0 2 5 6 1 9 4 7 
14634960 2629762 
3 0 8 4 5 6 1 9 2 7 
14758116 2612622 
3 8 0 4 5 6 1 9 2 7 
14760764 2573886 
3 0 8 4 5 6 1 7 2 9 
14843298 2490954 
3 8 0 4 5 6 1 7 2 9 
14845964 2452170 
1 8 0 4 5 6 3 9 2 7 
15404492 2434752 
1 0 8 4 5 6 3 7 2 9 
15767880 2431956 
1 8 0 4 5 6 3 7 2 9 
15770546 2393172 
6 8 0 4 5 1 3 7 2 9 
16150076 2378574 
3 8 0 7 9 6 1 4 5 2 
17169660 2365014 
1 0 8 7 9 6 3 4 5 2 
18032382 2228250 
1 8 0 7 9 6 3 4 5 2 
18034852 2189996 
6 8 0 7 9 1 3 4 5 2 
18416576 2180310 
1 0 8 7 2 6 3 4 5 9 
19096970 2103678 
1 8 0 7 2 6 3 4 5 9 
19099326 2065664 
6 8 0 7 2 1 3 4 5 9 
19479538 2055882 
8 6 1 2 5 0 3 9 4 7 
21402924 1919160 
8 1 6 2 5 0 3 9 4 7 
21405460 1896936 
8 6 1 4 5 0 3 9 2 7 
21521718 1830392 
8 1 6 4 5 0 3 9 2 7 
21524182 1810706 
0 1 6 4 5 8 3 9 2 7 
21905442 1799984 
8 6 1 4 7 0 3 9 2 5 
24930226 1774360 
8 1 6 4 7 0 3 9 2 5 
24932652 1754754 
0 1 6 4 7 8 3 9 2 5 
25313534 1744008 
6 0 8 4 5 1 9 3 2 7 
25520308 1731472 
6 8 0 4 5 1 9 3 2 7 
25521444 1708372 
6 0 8 2 7 1 9 3 4 5 
28656038 1668240 
6 8 0 2 7 1 9 3 4 5 
28657136 1645220 
6 0 8 4 7 1 9 3 2 5 
28838944 1611620 
6 8 0 4 7 1 9 3 2 5 
28840042 1588600 
6 0 8 7 2 1 9 3 5 4 
29017470 1547290 
6 8 0 7 2 1 9 3 5 4 
29018296 1524960 
6 0 8 7 4 1 9 3 5 2 
30740818 1491074 
6 8 0 7 4 1 9 3 5 2 
30741644 1468744 
