348 4
2 3 1 5 6 0 4 
966214 803254 20612500 22111848 
2 0 1 5 6 3 4 
967282 1708184 19703480 22090852 
3 2 4 6 5 0 1 
975226 1004952 20594400 17955584 
3 0 4 6 5 2 1 
976630 1715336 15689796 18005900 
3 2 5 1 4 0 6 
978834 753368 29503940 17772636 
5 0 1 2 6 3 4 
996290 1714504 19701462 25667002 
5 3 1 2 6 0 4 
1003142 797254 20614112 24855628 
2 0 6 5 1 3 4 
1018944 1140960 18170728 22845734 
5 0 6 2 1 3 4 
1022848 1145408 18168710 24009308 
3 0 4 1 2 5 6 
1027020 1260834 14701264 22275540 
3 5 4 6 2 0 1 
1027206 991288 19651592 22494254 
3 0 4 6 2 5 1 
1033122 1204720 14786036 22100844 
2 0 6 5 3 1 4 
1034572 1865742 12755170 23765670 
3 2 5 6 4 0 1 
1038024 744380 25194924 17933670 
2 0 6 4 1 3 5 
1038696 1170492 19685836 17120420 
3 0 5 6 4 2 1 
1039428 1207114 18199590 18105876 
2 3 6 4 1 0 5 
1042524 1020844 29521522 16396470 
1 2 5 3 4 0 6 
1045680 740120 29502576 23011584 
0 3 1 5 6 2 4 
1047238 800356 19064136 30413480 
5 0 6 2 3 1 4 
1055212 1870190 12753216 26287324 
0 5 1 2 6 3 4 
1058876 1062776 19354196 27858898 
0 3 1 2 6 5 4 
1066166 799712 16881428 26781290 
2 3 1 4 6 0 5 
1073770 844522 24503320 18163410 
3 5 2 6 4 0 1 
1079748 743762 19930716 19242822 
2 0 3 5 6 1 4 
1080028 1781498 14567514 20029210 
0 5 6 2 1 3 4 
1085434 1172230 17820706 25880174 
3 0 2 6 4 5 1 
1085664 1221354 17295272 18719396 
3 0 2 1 4 5 6 
1091406 1282100 17210500 19199792 
0 3 6 2 1 5 4 
1092724 1008226 16184230 24753810 
3 5 2 1 4 0 6 
1093854 769166 23904452 19103052 
5 3 1 4 6 0 2 
1095248 871642 21338514 18133906 
1 0 4 3 2 5 6 
1096428 1247468 14699700 27626292 
5 2 1 3 4 0 6 
1098402 702872 23566176 31643912 
0 2 5 6 4 3 1 
1102584 732732 24534780 30095572 
0 5 2 6 4 3 1 
1103058 743444 28407612 29058534 
5 2 3 4 6 0 1 
1103410 1629156 27430740 16970430 
0 2 6 5 3 1 4 
1107628 2087918 12405740 32508116 
5 0 3 2 6 1 4 
1109036 1786570 14565560 23355056 
2 0 1 5 3 6 4 
1113868 1839524 14267918 24956692 
0 3 1 4 6 5 2 
1119776 874548 19379846 22773488 
5 0 4 3 2 1 6 
1119954 1257304 14042032 33910464 
1 2 4 6 5 0 3 
1125842 1101644 26237912 17572896 
0 5 6 2 3 1 4 
1126870 1699348 12405164 28682158 
0 1 6 2 3 5 4 
1129126 956656 16405074 28309234 
5 3 6 4 1 0 2 
1133650 1083148 26356716 16399990 
5 0 1 2 3 6 4 
1134508 1845844 14265868 27853802 
3 0 6 2 1 5 4 
1141960 1148492 15907054 35362966 
2 1 3 4 6 0 5 
1144156 825380 31361138 16275878 
2 0 3 4 6 1 5 
1145638 1823356 17551076 16235640 
6 0 4 3 2 5 1 
1148224 1200666 14759318 25623500 
1 2 5 6 4 0 3 
1150914 822014 30838436 17533094 
0 2 3 5 6 1 4 
1153084 1656124 14218462 28936086 
6 0 5 3 4 2 1 
1154530 1202436 18172904 21503380 
6 2 5 3 4 0 1 
1156150 734998 25169624 21013360 
0 2 5 1 4 3 6 
1156476 740404 23632624 21962398 
3 2 1 5 4 0 6 
1156570 716866 23522496 26295342 
0 3 6 4 1 5 2 
1158178 1087694 18682648 21051708 
3 4 5 1 2 0 6 
1163910 715484 29092156 20630356 
3 0 5 1 2 4 6 
1164762 1263082 14107760 20726576 
0 6 4 3 5 2 1 
1165830 1065872 15384022 35521506 
3 0 4 5 2 1 6 
1170928 1263152 14001926 27412648 
0 6 1 5 3 2 4 
1173916 771996 19429792 32870684 
0 5 1 2 3 6 4 
1175170 1671804 13918718 28779442 
0 2 4 3 5 6 1 
1175808 992104 16006520 34161806 
0 5 1 3 4 2 6 
1178394 685316 23569060 33045422 
0 6 1 2 3 5 4 
1179628 771528 17461404 28099486 
0 2 1 3 4 5 6 
1180080 706202 19076160 32736806 
0 5 3 2 6 1 4 
1180694 1135778 14218030 25976960 
4 0 6 2 1 3 5 
1186140 1167470 19648352 20687764 
0 1 6 4 3 5 2 
1191898 1033544 18861582 24304090 
0 2 5 3 4 1 6 
1192134 741476 16890652 32731288 
0 1 5 2 6 3 4 
1193642 708310 26929358 25946456 
2 5 1 3 4 0 6 
1196958 675352 23182020 37499352 
0 2 4 3 5 1 6 
1198646 1033018 13823528 33583034 
0 3 5 2 6 1 4 
1198676 791698 17111512 25436796 
6 5 2 3 4 0 1 
1199026 733212 19905912 22326592 
6 2 4 1 5 0 3 
1199088 1107148 26213976 17524642 
6 0 5 1 4 2 3 
1201390 1289870 24213732 15803352 
6 2 5 1 4 0 3 
1202194 825880 30814500 15373836 
2 0 3 5 1 6 4 
1210986 1188056 14547510 21975114 
5 1 3 4 6 0 2 
1212194 865780 27971820 16252390 
0 6 5 2 1 3 4 
1212886 731696 27448966 23502048 
4 3 1 5 6 0 2 
1213366 867910 21301464 18789888 
0 5 4 3 2 1 6 
1214352 1011892 13586840 35645474 
5 6 0 4 1 3 2 
1214494 798254 33110488 14339318 
5 0 3 2 1 6 4 
1214890 1193128 14545460 23263840 
3 4 2 6 5 0 1 
1215526 722122 20503650 17864914 
0 3 5 2 1 6 4 
1215718 972668 18088344 23299420 
5 0 3 4 6 1 2 
1216016 1838874 18019716 16212464 
5 3 0 4 1 6 2 
1217500 1047462 28566940 13938794 
3 0 2 6 5 4 1 
1220458 1764290 11819856 17406708 
0 3 6 2 5 1 4 
1225674 1748654 13486104 21238706 
3 4 5 6 2 0 1 
1225782 709076 24825050 21094432 
0 2 5 3 4 6 1 
1230238 732188 16146244 33345172 
2 6 1 4 0 3 5 
1230644 1742642 22421906 16240856 
3 0 5 6 2 4 1 
1230714 1239434 11820414 20888132 
2 3 1 4 0 6 5 
1233170 1914404 16390072 15880898 
3 2 4 0 5 6 1 
1233398 1005994 15982124 35146170 
1 4 5 3 2 0 6 
1233462 702908 29090606 26169346 
3 2 4 1 0 5 6 
1241522 1259474 15793264 19131330 
0 2 6 4 5 3 1 
1243354 984792 15469376 22576274 
0 5 3 4 6 1 2 
1245914 1202322 17862394 21790304 
0 3 5 1 6 2 4 
1246918 789622 15905724 22125578 
2 0 3 4 1 6 5 
1253538 1229956 15158954 16377896 
0 3 2 6 5 4 1 
1253896 1735108 11697702 29471696 
2 6 3 4 1 0 5 
1254840 825996 30329564 16054534 
0 5 3 2 1 6 4 
1255552 1217688 14198094 24095520 
3 2 5 0 4 6 1 
1262724 744206 16121848 31916960 
3 2 4 6 0 5 1 
1262822 1217980 16115526 20673872 
0 3 5 6 2 4 1 
1264152 2120502 11697270 32522470 
2 3 6 4 5 0 1 
1267738 1689838 25825360 15790356 
3 5 0 6 4 2 1 
1272654 725586 20398994 17530928 
0 3 1 5 6 4 2 
1274452 874834 13665484 28783078 
3 2 0 6 4 5 1 
1277166 740444 24758884 16835296 
3 0 4 6 2 1 5 
1282972 1225950 17055426 20481040 
3 0 4 6 1 2 5 
1292902 1143346 14650268 16072704 
6 5 2 1 4 0 3 
1293934 835038 25327268 16701244 
3 2 4 6 1 0 5 
1294468 1290302 23525762 15951218 
2 6 0 4 1 3 5 
1303398 823330 29950568 14359046 
2 3 0 4 1 6 5 
1305924 1077642 24615644 13958458 
3 5 0 6 2 4 1 
1309764 1022066 16677866 19630688 
3 4 0 6 2 5 1 
1310748 705140 24816946 19443578 
0 4 5 1 2 3 6 
1318302 710146 24049408 23506896 
5 6 0 4 2 3 1 
1322630 1616688 26439824 13768050 
5 6 3 4 1 0 2 
1322686 881660 27277014 16055046 
5 3 0 4 2 6 1 
1326500 2115304 23051444 13346822 
0 5 6 3 4 2 1 
1328668 693234 24574408 32964422 
0 2 6 3 4 5 1 
1331650 691992 18469092 32819774 
0 4 6 3 5 2 1 
1331850 665514 24746232 33155200 
0 2 1 5 4 3 6 
1334212 704010 16156028 28933900 
3 2 0 1 4 5 6 
1334826 812818 24436622 17330754 
6 4 2 3 5 0 1 
1342020 713364 20478350 21748796 
6 4 5 3 2 0 1 
1343908 699694 24799750 24174122 
6 0 2 3 5 4 1 
1343928 1760236 11793170 21608404 
6 0 5 3 2 4 1 
1345816 1234756 11793728 24285636 
3 5 2 6 0 4 1 
1347962 1763886 12634474 19965926 
2 3 1 4 6 5 0 
1348178 848030 24139342 17447696 
5 2 6 3 4 0 1 
1348618 687022 25224440 31839056 
2 6 1 0 3 5 4 
1351330 771042 17401222 27339438 
4 6 0 5 1 3 2 
1353426 795456 33073038 16726768 
3 2 6 0 4 5 1 
1364136 699642 18444920 30515498 
0 3 1 2 6 4 5 
1364488 840846 13394746 26298142 
6 5 2 1 4 3 0 
1365456 754444 35045402 16715080 
0 4 1 3 5 2 6 
1368014 676118 24035178 33092728 
3 5 0 1 2 4 6 
1369026 1073758 18392442 19505458 
3 5 6 0 4 2 1 
1369074 688564 24553866 29827776 
2 4 1 3 5 0 6 
1375328 669844 24049058 36911228 
0 2 5 1 4 6 3 
1377334 821894 17134328 20581608 
2 4 6 3 5 0 1 
1380066 658560 25699396 37020212 
5 4 0 6 2 3 1 
1381026 692560 26495358 24991008 
0 6 2 3 5 4 1 
1386222 1112408 11514764 33811460 
0 6 5 3 2 4 1 
1388110 1629578 11514188 35995402 
6 5 0 3 4 2 1 
1391932 716674 20374106 20943222 
3 6 4 1 5 2 0 
1392506 1138322 15625862 21543878 
5 4 1 3 2 0 6 
1392816 668612 23153990 34707690 
3 4 6 0 5 2 1 
1393904 666220 24724202 32418890 
6 3 5 0 2 4 1 
1395298 2102978 11653390 30180608 
3 6 5 0 2 4 1 
1404154 1616732 11496994 30256036 
5 6 1 2 4 3 0 
1411948 1121856 23584198 17424026 
1 2 0 6 4 5 3 
1424256 835694 29046948 16439136 
6 4 0 3 2 5 1 
1428874 698020 24791530 22976944 
3 6 4 0 1 5 2 
1432578 745032 14402016 30470048 
0 2 6 5 4 3 1 
1432754 689572 15229940 28988692 
2 3 6 4 1 5 0 
1435914 1086098 23442144 15749308 
2 5 3 0 1 6 4 
1436910 1209002 14140420 23162476 
3 4 1 5 2 0 6 
1437454 679246 23111240 27858910 
5 2 6 0 4 3 1 
1445664 683696 15236956 32044746 
2 5 6 0 4 3 1 
1451850 678934 15142798 25012414 
3 0 5 6 1 2 4 
1456214 1115516 15126128 16268840 
3 6 2 0 5 4 1 
1459796 1103852 11497570 33600914 
2 1 3 4 6 5 0 
1462484 836376 28835240 16076572 
0 4 1 3 2 5 6 
1462494 675878 19091622 35122792 
3 4 6 2 5 0 1 
1462672 666230 25652606 32102700 
6 5 0 1 4 2 3 
1475440 812316 26247294 15253826 
6 2 0 1 4 5 3 
1475536 842758 29022848 14921282 
2 4 6 0 5 3 1 
1483430 654376 15072582 27984786 
0 6 1 2 3 4 5 
1484014 805606 13648642 27947234 
0 5 6 2 4 3 1 
1485932 689258 15117108 22331422 
4 3 0 5 2 6 1 
1488128 2110714 23006194 15218944 
0 3 4 1 6 5 2 
1492612 815602 14560550 21019908 
5 3 1 4 2 0 6 
1495324 2066118 22901576 15864370 
3 5 0 6 1 2 4 
1498208 1182276 16876508 15705988 
3 2 1 6 5 0 4 
1499250 969264 19991324 18400784 
2 3 4 0 6 5 1 
1500280 768078 14850544 28454632 
3 2 0 6 1 5 4 
1503152 1321838 21813982 15000004 
0 4 6 2 5 3 1 
1503982 661340 15047822 23803584 
6 4 0 5 2 3 1 
1505198 697712 26439576 22086222 
2 6 1 4 5 3 0 
1508572 1145660 23758258 13442716 
6 5 0 1 2 4 3 
1509256 1108802 22187292 17095922 
2 3 0 5 6 1 4 
1512010 836798 16551468 19593340 
2 3 1 4 5 6 0 
1512664 1769474 19820166 13045232 
0 3 2 1 6 5 4 
1512934 787204 15050984 21099012 
0 2 3 1 4 5 6 
1513434 711654 24390144 19691042 
0 5 3 1 4 2 6 
1514148 691728 31541796 19648330 
0 4 3 2 1 6 5 
1519368 860748 14378480 24160516 
3 5 1 0 6 4 2 
1523420 1125826 12838156 32621388 
1 3 4 0 6 5 2 
1523510 801790 14576258 27481560 
2 5 3 1 4 0 6 
1532712 681812 30490244 23412836 
2 5 3 4 1 6 0 
1538412 1289444 19476464 14855928 
2 6 3 4 1 5 0 
1542090 873154 29474826 14159386 
3 1 4 6 0 2 5 
1545404 1099658 14022790 22184398 
6 0 4 3 1 2 5 
1545636 1139292 14573614 17908864 
0 3 5 1 6 4 2 
1545988 846004 12500608 20359384 
2 3 6 4 0 1 5 
1546916 1908156 15992380 15976534 
3 0 2 6 1 5 4 
1550690 1117388 14911650 16868984 
3 2 6 1 4 0 5 
1551980 715362 29088000 18307564 
3 6 5 0 1 2 4 
1552134 717186 15041252 31267650 
3 4 0 6 5 2 1 
1552972 703946 20570738 16670970 
3 2 0 6 5 4 1 
1556500 1035730 16791548 16162448 
5 1 0 4 6 3 2 
1556894 782374 32548232 16159572 
5 3 0 4 6 1 2 
1561244 864940 20440150 15777178 
2 3 5 0 6 4 1 
1565056 803494 12338830 27623496 
0 6 5 1 3 2 4 
1565212 761790 16272436 21994478 
0 3 4 2 6 5 1 
1566916 766980 14828748 27192786 
5 3 0 4 2 1 6 
1569370 2159906 16398262 13616322 
2 1 6 4 5 3 0 
1574518 1247890 21424706 13917450 
1 3 5 0 6 4 2 
1576886 831334 12516360 26648952 
2 3 6 4 5 1 0 
1579180 1826612 15887044 13209420 
3 2 1 6 0 4 5 
1582400 1232726 12948328 20330654 
3 1 2 6 0 4 5 
1591784 1130060 11936498 20598302 
4 3 5 1 6 2 0 
1597558 891668 19659874 18626162 
3 6 2 0 1 5 4 
1598982 719058 14827908 30595824 
0 4 3 1 5 2 6 
1599976 682244 32007342 21097634 
0 5 1 2 4 3 6 
1600798 682480 15706860 22553302 
2 3 5 4 6 1 0 
1603238 902204 19512452 15931298 
3 2 5 6 0 4 1 
1604954 1252694 12748714 19979110 
3 4 2 6 1 0 5 
1606480 801864 23603396 15856012 
3 0 2 6 1 4 5 
1609090 1173748 11815088 15453448 
3 1 4 0 6 5 2 
1610798 730188 13999248 34193050 
3 4 0 6 1 2 5 
1612276 868718 18927834 14754028 
3 2 0 6 1 4 5 
1616452 1387558 16015020 14229978 
2 6 0 4 5 3 1 
1617766 1095022 25815104 13758908 
2 6 5 4 1 3 0 
1620366 855560 30031636 14271182 
0 3 2 6 1 4 5 
1620388 1004274 11800484 27502794 
2 3 0 4 5 6 1 
1621588 1723446 22212932 13327264 
2 3 5 4 1 6 0 
1624458 1083134 22748376 14068722 
0 3 5 2 6 4 1 
1631692 803566 12316974 26596310 
0 6 4 3 1 2 5 
1648266 727702 14115276 31248844 
5 6 0 4 3 1 2 
1648276 829622 20378744 18151222 
3 1 5 0 6 4 2 
1654346 758718 11939636 32894600 
6 0 5 3 1 2 4 
1657492 1110838 15066130 18089320 
3 0 4 6 1 5 2 
1659938 1115958 14051324 17100576 
3 6 4 0 1 2 5 
1673366 716728 14116944 31440410 
4 1 0 5 6 3 2 
1676884 774872 32512084 16446728 
3 6 5 0 1 4 2 
1678482 773562 11780738 29896728 
4 3 0 5 6 1 2 
1679362 860350 20403144 16261076 
6 4 0 3 5 2 1 
1679466 696826 20545354 20883376 
5 3 2 4 1 6 0 
1681590 1030520 28129318 14297842 
3 1 0 6 4 2 5 
1684534 885000 18344532 18320206 
3 2 0 6 4 1 5 
1693492 777922 18792274 17562298 
0 2 1 5 4 6 3 
1698782 749308 13644804 27281526 
1 4 0 6 5 2 3 
1700918 797256 26623970 16287938 
3 2 4 6 5 1 0 
1701184 1032890 16085580 17680076 
0 2 3 5 4 1 6 
1703224 710534 14728040 26657026 
0 2 3 5 4 6 1 
1705400 710294 12986864 27338806 
5 4 6 0 2 3 1 
1715500 652764 15697302 30674372 
3 4 0 6 2 1 5 
1717978 753202 19339456 19674236 
5 2 3 0 4 6 1 
1718310 706680 12993764 30848536 
2 5 3 0 4 6 1 
1718448 701294 12899782 23529532 
0 2 6 4 5 1 3 
1721318 1030304 15046792 20116748 
0 6 4 1 3 5 2 
1733818 787770 15141230 20612568 
5 4 3 1 2 0 6 
1750122 673986 30461642 23406660 
6 0 2 3 1 5 4 
1751968 1113334 14851620 18814616 
0 5 3 2 4 6 1 
1752530 709980 12874176 20520016 
2 0 3 4 5 1 6 
1752828 1736780 15388212 14087162 
2 0 6 4 5 1 3 
1754252 1741170 14869492 14248034 
0 3 5 6 1 4 2 
1757648 1027924 12072278 27404282 
0 2 3 4 5 1 6 
1771554 1005712 15314940 20156804 
0 5 3 4 2 6 1 
1776170 1006084 13755084 19522556 
3 5 1 6 4 0 2 
1783180 728452 19654370 19755646 
3 1 5 6 4 2 0 
1787810 881210 17630018 18543774 
0 1 3 2 4 6 5 
1790700 886402 15321614 19352806 
2 3 4 5 6 1 0 
1794358 849648 15858032 19846332 
0 4 3 1 2 5 6 
1819800 681396 24405738 21753490 
6 2 3 1 4 0 5 
1825754 765370 30340480 15944612 
2 4 3 0 5 6 1 
1827116 676736 12615598 26778144 
3 5 2 1 6 4 0 
1830190 1158336 15534976 15977154 
0 3 2 5 6 4 1 
1830876 813856 12315918 29292462 
0 3 2 1 6 4 5 
1835208 822306 12228814 20570600 
3 4 2 6 5 1 0 
1839004 732588 21039310 16384454 
6 1 2 3 0 4 5 
1840008 1124886 11860154 21934392 
0 4 3 2 5 6 1 
1847668 682062 12590922 22268418 
3 2 0 6 5 1 4 
1859526 1007488 16623900 17659476 
6 0 4 3 1 5 2 
1861216 1111904 13991294 19046208 
6 0 2 3 1 4 5 
1861824 1169694 11738434 17289608 
0 6 5 1 3 4 2 
1864282 818172 12867320 20228284 
1 4 3 5 2 0 6 
1864312 672044 30417342 22096870 
1 5 3 2 4 0 6 
1864702 678894 30379196 22884786 
3 5 0 6 1 4 2 
1865084 1201264 16063562 14629780 
3 4 0 6 1 5 2 
1865852 821986 23913850 14447846 
6 4 0 3 1 2 5 
1868034 861598 18852482 16600898 
3 4 6 1 2 0 5 
1870226 690708 28886426 21062804 
5 3 2 4 6 1 0 
1873490 848678 20906418 16136226 
3 4 5 6 1 0 2 
1877366 801186 25301634 16071948 
6 2 0 5 4 1 3 
1877438 841560 18144964 19179970 
3 0 5 6 1 4 2 
1881650 1144488 11430622 15881176 
5 0 3 4 2 1 6 
1887478 1231966 15535380 14009650 
6 4 0 5 2 1 3 
1888514 803940 18482596 19776698 
6 3 2 0 1 4 5 
1898222 991664 11725374 30015484 
6 5 3 1 4 2 0 
1905858 810760 29251162 15449906 
6 2 3 1 4 5 0 
1908924 790492 28331596 15493122 
2 1 3 4 5 6 0 
1916050 1262520 19532224 12953788 
2 6 3 4 5 1 0 
1916620 1217428 17932654 12643242 
1 5 3 0 4 2 6 
1921400 680124 31421028 21897168 
3 2 1 6 5 4 0 
1922182 1025444 15650152 16628248 
2 3 0 4 5 1 6 
1923450 1768000 16251094 13693724 
3 5 0 6 4 1 2 
1936492 723388 19744480 17620852 
6 4 3 5 2 0 1 
1938830 677806 26126486 21203678 
0 1 5 3 6 4 2 
1940612 761036 11826496 27625212 
0 6 2 3 1 4 5 
1941018 755686 11280778 29518734 
0 1 5 2 4 6 3 
1943462 875112 16166318 19778142 
3 4 1 6 5 0 2 
1954470 710340 20283360 18350410 
1 0 2 6 3 4 5 
1958502 1883956 12951044 15250018 
3 6 2 0 1 4 5 
1966118 747130 11282322 30195264 
2 6 0 4 1 5 3 
1968172 818572 28841626 14804562 
0 5 3 1 4 6 2 
1977026 807018 18717690 19507250 
0 5 3 4 2 1 6 
1978876 985114 15079308 19630940 
5 0 6 4 2 1 3 
1979606 1235716 15033316 14192410 
0 5 3 2 4 1 6 
1981906 689004 14278584 20599468 
3 4 2 6 1 5 0 
1982338 847098 21949546 14236854 
5 4 3 0 2 6 1 
1988146 675748 13454110 29478162 
3 4 5 6 1 2 0 
1999648 893152 18661768 14758972 
0 5 6 2 4 1 3 
2002694 720652 14122548 20504756 
3 2 5 6 1 4 0 
2004688 1397240 14674010 14344234 
0 6 5 3 1 4 2 
2007142 786408 11664684 29327998 
6 4 0 1 5 3 2 
2012758 698782 33604762 18676522 
6 4 2 3 1 5 0 
2051568 838340 21934540 16152036 
2 5 3 0 4 1 6 
2057168 680318 14268864 23376356 
0 4 3 2 5 1 6 
2061126 679608 14851290 21479268 
6 4 5 3 1 2 0 
2068878 883770 18646794 16549002 
0 6 2 1 3 4 5 
2082478 787418 12483414 20494156 
6 0 5 3 1 4 2 
2082928 1139810 11370624 17701656 
0 1 2 3 6 4 5 
2087560 751482 11778926 27651980 
4 3 2 5 6 1 0 
2088088 845258 20838182 16649524 
5 1 0 6 3 4 2 
2095122 995594 17391278 18366068 
1 3 2 0 6 4 5 
2116954 810678 12163368 26936608 
1 4 0 6 5 3 2 
2132040 692390 33566240 18046778 
2 4 3 0 5 1 6 
2149918 674282 14840640 25756366 
1 4 3 0 2 5 6 
2196180 672256 24284132 21792162 
3 4 0 6 5 1 2 
2213778 705276 20079264 16595446 
6 2 3 5 4 1 0 
2231284 788952 16975182 19709546 
5 4 3 0 2 1 6 
2251956 673342 14987808 28359424 
2 6 0 4 5 1 3 
2262314 1163206 17777984 13288418 
1 6 2 0 3 4 5 
2359714 774670 12418278 26360094 
5 1 2 6 3 4 0 
2391450 981306 15786802 18589780 
6 4 0 3 5 1 2 
2443184 698156 20020632 20588908 
4 6 0 2 5 1 3 
2498150 1155658 17711204 15647752 
6 4 3 5 2 1 0 
2517578 778674 17747248 20094482 
