25 3
5 0 2 4 6 1 3 
1644508 11252024 2714606 
5 0 2 4 6 3 1 
1878328 11671576 2254284 
5 0 2 4 1 3 6 
1967418 11739416 2253906 
5 2 0 3 6 1 4 
2222978 9512078 6365978 
2 5 4 1 3 6 0 
2801012 10801992 5848602 
2 5 4 6 3 1 0 
2875442 10702946 5782718 
2 5 4 6 1 3 0 
2925964 10432646 6338994 
5 1 2 4 3 0 6 
3138540 10646406 2659640 
5 3 2 4 1 0 6 
3354382 10921744 2199010 
5 2 3 6 1 0 4 
3981794 10592706 5594564 
5 1 0 3 4 2 6 
3984476 9811158 6248340 
5 2 0 3 6 4 1 
4268748 12249606 1923254 
5 2 0 3 1 4 6 
4332686 12146440 1919564 
5 4 0 3 6 2 1 
5581020 11511532 1884430 
5 4 0 3 1 2 6 
5697636 11464560 1880964 
2 6 4 1 0 5 3 
5780848 9836748 5632166 
2 1 4 6 0 5 3 
5799566 9885836 5572374 
2 6 4 3 0 5 1 
5811152 9641750 6296816 
2 1 4 3 0 5 6 
5826148 9604684 6299332 
1 4 6 3 0 5 2 
6320878 9399432 11629986 
2 4 0 3 6 5 1 
6856568 13699562 1877680 
2 4 0 3 1 5 6 
6928852 13653390 1874856 
2 0 4 1 6 5 3 
7164436 10577708 2742428 
2 0 4 6 1 5 3 
7256202 10552982 2867256 
0 2 3 1 6 5 4 
7357302 10224520 5516826 
