878 4
9 8 0 3 2 4 7 5 1 6 
11059170 42029070 22981948 22892472 
9 8 0 3 2 4 7 5 6 1 
11319104 41986572 22981708 22891762 
7 9 8 3 2 4 0 5 1 6 
11348098 42282774 19292694 24506806 
7 9 0 3 2 4 8 5 1 6 
11482230 42111916 19569682 24820120 
0 9 8 3 2 4 7 5 1 6 
11539194 42120278 18811390 22424242 
8 9 0 3 2 4 7 5 1 6 
11593344 41918822 19020194 22428316 
7 2 4 3 9 8 0 5 1 6 
11753132 38346522 15728528 8596608 
7 2 4 3 9 0 8 5 1 6 
11833946 38232714 15984154 8610218 
7 2 4 3 9 8 0 5 6 1 
11957316 38073556 15686144 8591298 
9 2 4 0 7 3 8 5 1 6 
11963102 29605454 10332826 12860920 
7 2 4 3 9 0 8 5 6 1 
12038130 37959748 15941770 8604908 
9 2 4 0 7 3 8 5 6 1 
12050862 29374700 10290634 12856638 
7 2 4 3 8 0 9 5 1 6 
12130880 33539816 19658982 12834704 
9 2 4 8 7 3 0 5 1 6 
12145236 29884370 10393382 12614228 
9 2 4 8 7 3 0 5 6 1 
12232996 29653616 10351190 12609946 
9 5 7 0 4 3 8 2 1 6 
12329642 28198162 9720502 12650430 
7 2 4 3 0 9 8 5 1 6 
12408086 34160400 15607624 12457336 
9 5 7 0 4 3 8 2 6 1 
12413648 27852026 9657214 12643972 
9 5 7 8 4 3 0 2 1 6 
12511776 28459962 9781180 12404642 
1 2 4 3 7 9 6 5 8 0 
12523320 35048514 8252792 15448380 
9 5 7 8 4 3 0 2 6 1 
12595782 28113826 9717892 12398184 
6 2 4 3 7 9 1 5 8 0 
12608200 35035512 8219336 15297380 
1 2 4 3 7 9 6 5 0 8 
12679674 34775334 8210376 15443114 
6 2 4 3 7 9 1 5 0 8 
12764554 34762332 8176920 15292114 
9 5 7 0 4 1 8 2 3 6 
12945938 27457662 9713466 13629452 
9 2 4 3 7 8 0 5 1 6 
13024246 27511838 9111098 6322610 
9 2 4 3 7 0 8 5 1 6 
13025602 27348626 8983048 6285460 
1 4 2 3 7 9 6 5 8 0 
13066850 36919474 8689850 15278656 
6 4 2 3 7 9 1 5 8 0 
13142620 36905618 8656392 15126186 
2 5 7 3 8 0 4 9 1 6 
13186538 23338030 13185194 19258834 
9 2 4 3 7 8 0 5 6 1 
13214542 27238912 9068714 6317580 
9 2 4 3 7 0 8 5 6 1 
13215898 27075700 8940664 6280430 
1 4 2 3 7 9 6 5 0 8 
13223204 36646294 8647434 15273390 
6 4 2 3 7 9 1 5 0 8 
13298974 36632438 8613976 15120920 
2 5 7 3 8 0 4 9 6 1 
13387692 22949458 13121682 19251316 
9 4 2 3 7 8 0 5 1 6 
13482746 30895362 9827308 6203730 
9 4 2 3 7 0 8 5 1 6 
13484102 30732150 9699258 6166580 
2 5 7 1 8 0 4 9 3 6 
13555678 23023074 12974360 19387138 
9 4 2 3 7 8 0 5 6 1 
13668902 30507054 9763828 6196522 
9 4 2 3 7 0 8 5 6 1 
13670258 30343842 9635778 6159372 
1 5 7 3 4 9 6 2 8 0 
13673680 28475190 6634732 15164052 
9 5 7 3 4 1 6 2 8 0 
13692174 24885896 12081064 6257078 
5 4 2 3 8 0 7 9 1 6 
13720278 24437844 15113428 15201976 
2 5 7 6 8 0 4 9 3 1 
13722088 22941790 12974882 19385354 
6 5 7 3 4 9 1 2 8 0 
13749300 28461358 6601520 15011580 
9 5 7 3 4 6 1 2 8 0 
13775594 24722132 11953442 6199340 
5 2 4 3 8 0 7 9 1 6 
13790070 20974400 14319830 14852440 
1 5 7 3 4 9 6 2 0 8 
13825664 28202010 6592316 15158788 
6 5 7 3 4 9 1 2 0 8 
13901284 28188178 6559104 15006316 
8 2 4 3 7 9 0 5 1 6 
13940100 28754268 6204388 11014910 
9 5 7 3 4 1 6 2 0 8 
13956346 24612746 12038648 6252024 
5 2 4 3 8 0 7 9 6 1 
13993026 20701108 14277398 14847158 
0 2 4 3 7 9 8 5 1 6 
14020100 28740592 6170716 10862342 
9 5 7 3 4 6 1 2 0 8 
14039766 24448982 11911026 6194286 
8 2 4 3 7 9 0 5 6 1 
14093000 28481332 6162004 11009810 
0 2 4 3 7 9 8 5 6 1 
14173000 28467656 6128332 10857242 
0 4 2 3 7 9 8 5 1 6 
14382820 32122016 6885046 10739822 
0 4 2 3 7 9 8 5 6 1 
14531580 31733698 6821566 10732544 
9 5 7 3 4 8 0 2 1 6 
14546242 26081946 8466990 6090976 
9 5 7 3 4 0 8 2 1 6 
14547598 25917926 8339356 6042458 
2 5 7 3 8 9 4 0 1 6 
14589700 19394522 12303792 21152678 
9 5 7 6 4 1 3 2 0 8 
14597704 24310078 12020404 7168484 
2 5 7 3 0 9 4 8 1 6 
14613616 19337756 12301080 21081206 
9 5 7 1 4 6 3 2 0 8 
14689900 24389738 11953442 6863410 
9 5 7 3 4 8 0 2 6 1 
14732784 25693638 8403510 6083770 
9 5 7 3 4 0 8 2 6 1 
14734140 25529618 8275876 6035252 
2 5 7 3 8 9 4 0 6 1 
14750372 19005950 12240280 21145162 
2 5 7 3 0 9 4 8 6 1 
14774288 18949184 12237568 21073690 
8 5 7 3 4 9 0 2 1 6 
14846364 27324464 5560968 10743828 
0 5 7 3 4 9 8 2 1 6 
14926362 27309958 5527540 10589788 
2 5 7 1 8 9 4 0 3 6 
14960300 18725606 12094728 21250702 
2 5 7 1 0 9 4 8 3 6 
14984216 18668840 12092016 21179230 
8 5 7 3 4 9 0 2 6 1 
14995510 26936146 5497488 10736552 
9 5 7 3 2 6 1 4 0 8 
15024324 25189126 11873458 6227228 
0 5 7 3 4 9 8 2 6 1 
15075508 26921640 5464060 10582512 
2 5 7 6 0 9 4 8 3 1 
15109852 18658348 12092184 21183504 
5 4 2 3 0 9 7 8 1 6 
15158916 20700820 14801250 19661454 
5 2 4 3 8 9 7 0 1 6 
15195024 17298788 14014164 19387414 
5 2 4 3 0 9 7 8 1 6 
15220108 17241576 14011452 19315938 
5 2 4 3 8 9 7 0 6 1 
15357498 17025496 13971732 19382134 
5 2 4 3 0 9 7 8 6 1 
15382582 16968284 13969020 19310658 
9 5 7 3 2 0 8 4 6 1 
15401802 26272380 8241698 6191458 
9 5 7 1 4 8 0 2 3 6 
15498930 25503788 8255814 6057236 
9 5 7 1 4 0 8 2 3 6 
15500286 25339768 8128180 6008718 
5 9 7 3 4 6 1 2 0 8 
15541954 24234184 20466928 7174332 
7 5 9 3 4 1 6 2 8 0 
15658536 21061718 11687540 6597912 
7 5 9 3 4 6 1 2 8 0 
15740052 20963826 12071486 6607886 
1 5 9 3 2 7 6 4 8 0 
15795444 25214332 6085388 16029494 
5 7 9 3 4 1 6 2 8 0 
15820570 20692392 19604520 7498112 
4 5 9 6 7 3 1 2 8 0 
15841130 24623052 11463480 7849250 
9 5 7 6 4 0 8 2 3 1 
15854588 25185752 8126978 5970774 
4 5 9 1 7 3 6 2 8 0 
15863308 24846930 11140570 7569166 
8 5 7 1 4 9 0 2 3 6 
15882442 26376026 5349672 10679288 
6 2 4 9 7 3 1 5 8 0 
15893060 36537162 6518258 8172338 
6 2 4 9 7 3 1 5 0 8 
15895610 36327240 6476130 8168194 
5 7 9 3 4 6 1 2 8 0 
15902094 20578676 19860388 7492264 
1 2 4 9 7 3 6 5 8 0 
15962212 36503328 6449852 7857120 
0 5 7 1 4 9 8 2 3 6 
15962440 26361520 5316244 10525248 
1 2 4 9 7 3 6 5 0 8 
15964762 36293406 6407724 7852976 
1 5 9 3 4 7 6 2 8 0 
16025066 24401548 6041752 14991232 
9 5 7 1 2 0 8 4 3 6 
16163882 26242154 8092370 6272794 
9 5 3 0 2 7 8 4 6 1 
16171132 24225732 9282476 16780156 
8 5 7 6 4 9 0 2 3 1 
16182670 26296056 5348494 10647434 
4 5 9 3 7 1 6 2 8 0 
16208862 24124702 10969838 6638234 
0 5 7 6 4 9 8 2 3 1 
16262668 26281550 5315066 10493394 
4 5 9 3 7 6 1 2 8 0 
16263892 24010342 11225892 6631288 
9 5 3 0 4 7 8 2 1 6 
16270014 23834082 9281774 15909900 
3 2 4 9 7 6 1 5 8 0 
16325652 36692690 7176000 7296800 
3 2 4 9 7 6 1 5 0 8 
16328202 36482768 7133872 7292656 
7 5 9 6 4 1 3 2 8 0 
16337474 20676710 11029836 7429772 
9 5 3 0 4 7 8 2 6 1 
16394272 23603328 9239582 15905620 
9 5 3 8 4 7 0 2 1 6 
16452148 24095882 9342452 15664112 
7 5 9 1 4 6 3 2 8 0 
16457830 20756370 10962874 7124730 
3 2 4 9 7 1 6 5 8 0 
16471712 36584104 6920290 7274132 
3 2 4 9 7 1 6 5 0 8 
16474262 36374182 6878162 7269988 
1 5 9 6 4 7 3 2 8 0 
16477736 25065168 6699516 13969548 
9 5 1 0 2 7 8 4 6 3 
16479576 23653242 9181994 16806998 
3 5 7 9 4 6 1 2 0 8 
16488688 29478384 5545384 6685350 
6 5 7 9 4 3 1 2 0 8 
16490720 29322680 4886266 7639960 
5 7 9 6 4 1 3 2 8 0 
16515670 20270572 18818914 8313924 
9 5 7 6 2 0 8 4 3 1 
16518540 26061534 8091440 6216870 
1 5 7 9 4 3 6 2 0 8 
16569132 29289676 4817616 7326214 
9 5 3 8 4 7 0 2 6 1 
16576406 23865128 9300260 15659832 
3 5 7 9 4 1 6 2 0 8 
16607786 29370606 5289258 6674058 
6 5 9 1 4 7 3 2 8 0 
16612450 25366238 6445174 13991288 
5 7 9 1 4 6 3 2 8 0 
16619872 20371220 18751776 8009108 
9 5 1 0 4 7 8 2 6 3 
16704852 23021898 9127904 15856670 
8 5 7 1 2 9 0 4 3 6 
16812478 27276532 5313702 10840684 
4 2 9 3 7 1 6 5 8 0 
16876998 23697350 11028442 6970038 
9 5 1 8 4 7 0 2 6 3 
16886986 23283698 9188582 15610882 
0 5 7 1 2 9 8 4 3 6 
16892476 27262026 5280274 10686644 
4 2 9 3 7 6 1 5 8 0 
16932028 23583798 11284080 6974460 
2 5 7 3 1 9 4 6 8 0 
16932410 19215934 12328506 20901644 
2 5 7 3 6 9 4 1 8 0 
16958990 19157236 12323928 20817542 
9 5 6 0 4 7 8 2 1 3 
17008592 23017838 9122972 15831068 
2 5 7 3 1 9 4 6 0 8 
17084394 18942754 12286090 20896380 
5 7 1 0 4 9 8 2 6 3 
17088148 20537884 16546882 12211852 
2 5 7 3 6 9 4 1 0 8 
17110974 18884056 12281512 20812278 
8 5 7 6 2 9 0 4 3 1 
17113062 27169958 5312796 10790850 
9 5 6 8 4 7 0 2 1 3 
17190726 23279638 9183650 15585280 
0 5 7 6 2 9 8 4 3 1 
17193060 27155452 5279368 10636810 
2 5 4 3 8 9 7 0 1 6 
17255052 17948266 13883462 19382222 
2 5 4 3 0 9 7 8 1 6 
17278968 17891500 13880750 19310750 
5 7 1 8 4 9 0 2 6 3 
17302606 20611790 16453576 12379300 
5 7 6 0 4 9 8 2 1 3 
17326380 20533854 16541950 12186492 
2 5 4 3 8 9 7 0 6 1 
17416242 17674964 13841030 19376872 
1 5 7 9 2 3 6 4 0 8 
17419270 30110602 4779558 7464440 
2 5 4 3 0 9 7 8 6 1 
17440158 17618198 13838318 19305400 
9 5 2 3 4 8 0 7 1 6 
17491772 33817838 10217606 5911844 
9 5 2 3 4 0 8 7 1 6 
17493128 33653818 10089972 5863326 
5 7 6 8 4 9 0 2 1 3 
17540838 20607760 16448644 12353940 
5 7 3 0 4 8 9 2 1 6 
17573594 19533148 20280930 12338000 
5 7 3 0 4 8 9 2 6 1 
17589286 19302476 20238754 12333522 
3 5 7 0 4 6 1 2 9 8 
17610672 31000314 6233504 6362288 
3 5 7 9 2 1 6 4 0 8 
17617788 30190404 5251104 6750676 
3 5 7 0 4 1 6 2 9 8 
17661740 30966694 5977418 6357102 
9 5 2 3 4 8 0 7 6 1 
17678314 33429530 10154126 5904638 
9 5 2 3 4 0 8 7 6 1 
17679670 33265510 10026492 5856120 
5 1 9 3 4 6 7 2 8 0 
17704158 19610646 14847842 15836216 
5 7 1 0 4 8 9 2 6 3 
18123624 18721046 20127076 12284560 
2 5 9 3 0 7 4 8 1 6 
18189608 17889956 11074730 16322184 
2 5 9 3 8 7 4 0 1 6 
18246674 17941682 11071796 16324950 
9 5 7 6 0 2 4 8 3 1 
18310024 20504340 17638390 14064266 
5 7 6 0 4 8 9 2 1 3 
18362856 18716904 20122128 12259176 
9 5 2 1 4 0 8 7 3 6 
18380058 33906182 10029954 5845378 
2 5 9 1 0 7 4 8 3 6 
18473034 18925982 11056826 16495016 
2 9 8 6 7 1 4 5 0 3 
18506994 20317962 12283738 14417176 
2 5 9 1 8 7 4 0 3 6 
18530100 18977708 11053892 16497782 
9 5 7 6 0 4 2 8 3 1 
18591946 18502444 21738804 14154732 
2 5 9 3 6 1 7 4 8 0 
18601420 20124566 14627302 14530314 
3 5 7 0 2 6 1 4 9 8 
18601600 31554236 6197840 6269396 
2 5 9 3 1 6 7 4 8 0 
18604002 20356878 14617346 14101834 
7 5 3 0 4 8 9 2 1 6 
18661562 19823616 16450842 11903156 
7 5 3 0 4 8 9 2 6 1 
18675970 19592934 16408666 11898608 
3 5 7 0 2 1 6 4 9 8 
18679162 31520452 5941984 6253940 
2 9 8 1 7 6 4 5 0 3 
18710942 20361452 12217048 14139698 
9 5 2 6 4 0 8 7 3 1 
18734360 33752166 10028752 5807434 
5 1 9 6 4 3 7 2 8 0 
18760298 19331672 14611442 14658960 
9 2 4 3 0 7 5 8 1 6 
18793732 17589258 20192636 16758322 
2 5 9 6 0 7 4 8 3 1 
18798422 18619266 11056418 16474754 
2 5 9 6 8 7 4 0 3 1 
18855488 18670992 11053484 16477520 
5 3 9 6 4 1 7 2 8 0 
18865290 19216914 14950950 16201594 
2 9 0 6 7 1 4 5 8 3 
18865810 20356748 12279414 14392636 
2 5 9 6 3 1 4 7 8 0 
18957740 20414598 12116402 12519192 
5 3 9 1 4 6 7 2 8 0 
19036990 19280962 14850034 15741146 
5 9 7 3 0 4 2 8 1 6 
19065914 18325168 21044142 13940958 
2 9 0 1 7 6 4 5 8 3 
19069758 20400238 12212724 14115158 
2 5 9 1 3 6 4 7 8 0 
19078096 20494258 12049440 12214150 
9 5 7 6 4 1 8 2 0 3 
19078662 24439880 9864338 12589456 
9 2 4 3 0 7 5 8 6 1 
19108128 17316108 20150220 16753264 
7 5 1 0 4 8 9 2 6 3 
19210308 19011504 16296988 11849646 
9 5 7 6 4 1 0 2 8 3 
19303538 24697164 9966452 12299198 
4 5 9 3 0 7 2 8 1 6 
19309418 17707804 10707174 14585930 
5 9 7 3 0 4 2 8 6 1 
19332584 17936494 20980614 13933500 
4 5 9 3 8 7 2 0 1 6 
19366484 17759530 10704240 14588696 
5 2 9 3 0 4 7 8 1 6 
19444972 17465572 13493404 16826308 
7 5 6 0 4 8 9 2 1 3 
19474664 19007372 16292040 11824332 
5 2 9 3 8 4 7 0 1 6 
19500870 17517744 13490470 16829078 
5 2 9 3 6 1 7 4 8 0 
19502440 19435886 14747476 14510622 
5 2 9 3 1 6 7 4 8 0 
19504678 19668432 14737332 14081764 
7 5 9 3 0 2 4 8 1 6 
19554280 20085696 13812712 13060188 
7 5 9 3 0 4 2 8 1 6 
19556254 17746578 12413986 12453292 
5 9 8 6 4 1 7 2 0 3 
19565370 16877870 14292024 16067738 
7 5 9 3 8 4 2 0 1 6 
19613320 17798304 12411052 12456058 
5 7 9 3 0 4 2 8 1 6 
19696872 17454484 20840458 13412938 
2 9 8 3 7 6 4 5 0 1 
19699364 20252908 12212460 13987112 
9 5 7 1 4 3 8 2 0 6 
19746614 24973804 9661064 11702640 
5 7 9 3 8 4 2 0 1 6 
19752770 17506656 20837524 13415708 
7 5 8 3 4 1 6 2 9 0 
19822814 21392796 11652240 6427152 
9 5 7 6 4 3 8 2 0 1 
19823052 24713868 9660006 11653264 
7 5 0 3 4 1 6 2 9 8 
19846006 21504368 11668956 6403982 
5 9 8 1 4 6 7 2 0 3 
19847656 16878954 14191636 15606604 
5 9 8 3 4 6 7 2 0 1 
19867480 17181342 14191072 15688450 
4 5 9 1 0 7 2 8 3 6 
19900956 18743218 10689174 14759086 
7 5 8 3 4 6 1 2 9 0 
19905330 21294792 12036170 6437102 
7 5 0 3 4 6 1 2 9 8 
19928522 21406364 12052886 6413932 
5 9 7 1 0 4 2 8 3 6 
19956652 17168544 20834778 14008600 
4 5 9 1 8 7 2 0 3 6 
19958022 18794944 10686240 14761852 
9 5 7 6 4 3 0 2 8 1 
20047928 24971152 9762120 11363006 
2 9 0 3 7 6 4 5 8 1 
20058180 20291694 12208136 13962572 
5 9 7 6 0 4 2 8 3 1 
20138530 16999508 20834910 13996420 
1 5 8 3 2 7 6 4 9 0 
20158966 25530320 6031428 15730952 
4 5 9 6 0 7 2 8 3 1 
20172654 18436502 10688766 14738828 
5 9 0 1 4 6 7 2 8 3 
20216316 16917520 14187120 15581962 
4 5 9 6 8 7 2 0 3 1 
20229720 18488228 10685832 14741594 
5 9 0 3 4 6 7 2 8 1 
20236140 17219908 14186556 15663808 
2 5 7 9 6 3 4 1 0 8 
20283304 19807736 10401374 12551592 
5 9 8 6 4 3 7 2 0 1 
20300508 17091260 13953088 14513196 
2 5 7 9 1 3 4 6 0 8 
20337706 19786052 10406720 12550944 
7 5 9 1 0 4 2 8 3 6 
20364606 17819264 12395674 12546368 
1 5 8 3 4 7 6 2 9 0 
20381168 24732436 6006452 14818990 
2 5 7 9 6 1 4 3 0 8 
20386942 20754604 10535376 12214572 
2 5 7 9 1 6 4 3 0 8 
20388864 21141892 10567360 11956348 
0 5 1 9 4 7 8 2 6 3 
20401250 26464538 5305248 15860914 
1 5 0 3 4 7 6 2 9 8 
20404360 24844008 6023168 14795820 
7 5 9 1 8 4 2 0 3 6 
20421672 17870990 12392740 12549134 
8 5 1 9 4 7 0 2 6 3 
20475284 26432208 5236814 15548736 
5 7 9 1 0 4 2 8 3 6 
20505224 17527170 20822146 13506014 
2 5 7 9 3 6 4 1 0 8 
20525876 21094926 10548154 11760728 
4 5 8 3 7 1 6 2 9 0 
20553102 24426710 10899552 6251030 
5 7 9 1 8 4 2 0 3 6 
20561122 17579342 20819212 13508784 
4 5 0 3 7 1 6 2 9 8 
20576294 24538282 10916268 6227860 
2 5 7 9 3 1 4 6 0 8 
20578356 20685954 10521516 12018304 
7 5 9 6 0 4 2 8 3 1 
20582230 17586594 12395290 12532200 
4 5 8 3 7 6 1 2 9 0 
20609132 24312238 11155590 6244060 
4 5 0 3 7 6 1 2 9 8 
20632324 24423810 11172306 6220890 
7 5 9 6 8 4 2 0 3 1 
20639296 17638320 12392356 12534966 
7 5 8 1 4 6 3 2 9 0 
20666338 20982466 10927158 6952156 
5 9 0 6 4 3 7 2 8 1 
20669168 17129826 13948572 14488554 
7 5 0 1 4 6 3 2 9 8 
20689530 21094038 10943874 6928986 
5 2 9 1 0 4 7 8 3 6 
20725810 17389088 13474896 16915044 
5 7 9 6 0 4 2 8 3 1 
20740278 17273302 20821750 13491242 
5 7 8 1 4 6 3 2 9 0 
20753008 20597286 18716060 7836324 
8 5 6 9 4 7 0 2 1 3 
20778574 26407072 5231786 15522830 
5 2 9 1 8 4 7 0 3 6 
20781708 17441260 13471962 16917814 
5 7 9 6 8 4 2 0 3 1 
20796176 17325474 20818816 13494012 
1 5 8 6 4 7 3 2 9 0 
20868422 25312160 6663896 13795874 
0 5 7 1 4 3 6 2 8 9 
20875600 24972928 10335998 6699168 
1 5 0 6 4 7 3 2 9 8 
20891614 25423732 6680612 13772704 
0 5 7 3 4 1 6 2 8 9 
20896500 24638854 10166644 6002464 
6 5 7 0 4 1 3 2 8 9 
20900208 26836400 5557824 7353090 
1 5 7 0 4 6 3 2 8 9 
20913596 26837128 5745276 7044546 
2 5 9 3 6 7 4 1 8 0 
20949788 14528030 10564660 16075506 
6 5 8 1 4 7 3 2 9 0 
21002686 25592154 6409458 13817310 
0 5 7 3 4 6 1 2 8 9 
21020178 24491558 10166914 5961642 
6 5 0 1 4 7 3 2 9 8 
21025878 25703726 6426174 13794140 
2 5 9 3 1 7 4 6 8 0 
21031184 14580008 10561710 16068000 
3 5 4 0 7 6 1 2 9 8 
21048034 35058094 7396608 6250602 
8 5 7 3 4 1 6 2 0 9 
21122134 24398614 10379772 6031094 
3 5 4 0 7 1 6 2 9 8 
21126064 35024474 7140522 6245408 
3 5 7 0 4 6 1 2 8 9 
21127612 26768292 5576360 6281890 
1 5 9 7 4 6 3 2 8 0 
21130304 24465678 5078998 7206230 
3 5 7 0 4 1 6 2 8 9 
21138946 26734560 5320258 6276692 
6 5 9 7 4 1 3 2 8 0 
21144662 24687088 4891618 7533012 
3 2 5 0 7 1 6 4 9 8 
21191346 39091808 7951426 5996760 
0 5 7 6 4 1 3 2 8 9 
21238498 24270314 9636832 6851260 
8 5 7 3 4 6 1 2 0 9 
21245812 24251318 10380042 5990272 
0 5 7 1 4 6 3 2 8 9 
21296112 24349974 9569870 6546186 
6 5 7 0 4 3 1 2 8 9 
21345940 26316404 4917146 7212140 
4 2 0 3 7 1 6 5 9 8 
21353704 24110300 10974296 6559566 
4 2 8 3 7 1 6 5 9 0 
21361110 23998518 10957388 6582706 
1 5 7 0 4 3 6 2 8 9 
21370662 26283400 4848496 6898398 
3 5 7 8 4 1 6 2 0 9 
21409230 26739046 5278822 6320952 
4 2 0 3 7 6 1 5 9 8 
21409734 23996636 11229918 6563964 
4 2 8 3 7 6 1 5 9 0 
21417140 23884854 11213010 6587104 
8 5 7 6 4 1 3 2 0 9 
21464132 24030074 9849960 6879890 
3 5 9 7 4 1 6 2 8 0 
21470880 24585248 4654052 6456630 
1 5 9 7 4 3 6 2 8 0 
21491464 23837904 4182194 7054048 
8 5 7 1 4 6 3 2 0 9 
21521746 24109734 9782998 6574816 
5 9 3 7 0 4 2 8 1 6 
21546560 16523050 19813518 14144582 
2 5 7 0 3 1 6 4 8 9 
21551686 26747528 15234682 5958824 
3 5 9 7 4 6 1 2 8 0 
21619902 24396842 4910082 6443594 
3 4 5 0 7 6 1 2 9 8 
21620592 36672932 7696432 6021866 
9 5 7 1 3 8 0 2 4 6 
21675440 33979134 10261716 5797536 
9 5 7 1 3 0 8 2 4 6 
21676796 33815114 10134082 5749018 
3 4 5 0 7 1 6 2 9 8 
21698622 36639312 7440346 6016672 
4 5 2 0 7 1 6 3 9 8 
21765566 36374700 12548702 5747840 
7 5 2 1 8 9 3 0 4 6 
21855506 18578264 10729612 13705468 
7 5 2 1 0 9 3 8 4 6 
21879422 18521498 10726900 13633996 
5 9 3 7 0 4 2 8 6 1 
21904750 16228672 19770990 14138928 
2 5 7 1 3 8 0 9 4 6 
21961488 30474974 19879922 5705368 
2 5 7 1 3 0 8 9 4 6 
21962820 30360850 20135274 5738420 
7 5 2 6 0 9 3 8 4 1 
22005058 18511006 10727068 13638270 
9 5 7 6 3 0 8 2 4 1 
22031098 33661098 10132880 5711074 
2 5 7 3 1 8 0 9 4 6 
22035344 30084730 19947252 5814420 
2 5 7 3 1 0 8 9 4 6 
22036676 29970606 20202604 5847472 
7 5 0 3 4 1 6 2 8 9 
22081916 17567298 11013140 6327828 
4 5 9 3 6 7 2 1 8 0 
22099754 14344864 10200094 14339880 
3 5 7 0 2 6 1 4 8 9 
22114680 27322214 5540696 6188978 
5 7 0 3 4 1 6 2 8 9 
22148590 17197972 18930120 7228028 
3 5 7 0 2 1 6 4 8 9 
22152508 27288318 5284824 6173510 
2 5 9 7 0 3 4 8 1 6 
22177564 18510528 10216454 12478674 
4 5 9 3 1 7 2 6 8 0 
22181300 14396818 10196898 14332376 
5 9 1 7 0 4 2 8 6 3 
22197684 15663172 19678410 14203934 
4 5 0 1 7 3 6 2 8 9 
22199516 21323610 10431184 7083788 
7 5 0 3 4 6 1 2 8 9 
22204166 17469406 11397086 6337790 
2 5 9 7 8 3 4 0 1 6 
22234630 18562254 10213520 12481440 
4 5 0 6 7 3 1 2 8 9 
22259694 21099732 10754094 7363868 
2 5 7 6 3 8 0 9 4 1 
22262590 30333974 19880232 5667552 
2 5 7 6 3 0 8 9 4 1 
22263922 30219850 20135584 5700604 
5 7 0 3 4 6 1 2 8 9 
22270848 17084256 19185988 7222168 
9 5 7 3 6 8 0 2 4 1 
22327208 33332140 10275160 5808724 
9 5 7 3 6 0 8 2 4 1 
22328564 33168120 10147526 5760206 
7 5 8 3 4 1 6 2 0 9 
22331464 17528692 11017296 6352268 
1 5 9 7 2 3 6 4 8 0 
22341602 23578928 4236070 6962310 
3 5 7 8 2 1 6 4 0 9 
22422792 27292804 5243388 6217770 
5 7 8 3 4 1 6 2 0 9 
22423262 17159376 18934276 7252538 
7 5 0 6 4 1 3 2 8 9 
22431430 17182290 10355436 7159704 
4 5 8 1 7 3 6 2 0 9 
22449064 21285004 10435340 7108228 
7 5 8 3 4 6 1 2 0 9 
22453714 17430800 11401242 6362230 
3 5 9 7 2 1 6 4 8 0 
22480882 24325144 4707832 6303284 
5 2 7 3 1 8 0 9 4 6 
22505748 29082184 17393016 5501152 
5 2 7 3 1 0 8 9 4 6 
22507088 28952236 17520290 5518382 
7 5 0 1 4 6 3 2 8 9 
22510164 17261950 10288474 6854654 
5 7 0 6 4 1 3 2 8 9 
22514266 16776152 18144514 8043856 
5 2 7 1 3 8 0 9 4 6 
22542562 29327150 17325602 5387872 
5 2 7 1 3 0 8 9 4 6 
22543902 29197202 17452876 5405102 
2 5 9 7 6 3 4 1 8 0 
22545138 15497496 9718182 12450784 
5 7 8 3 4 6 1 2 0 9 
22545520 17045660 19190144 7246678 
4 2 5 0 7 6 1 3 9 8 
22558452 34836840 12442210 5677394 
5 7 0 1 4 6 3 2 8 9 
22576846 16876800 18077376 7739032 
2 5 9 7 1 3 4 6 8 0 
22599540 15576268 9714976 12471528 
3 5 9 7 2 6 1 4 8 0 
22603410 24136902 4963632 6300518 
4 2 5 0 7 1 6 3 9 8 
22636482 34802412 12186540 5660832 
2 5 9 7 0 1 4 8 6 3 
22642542 19259252 10137464 12139554 
2 5 9 7 6 1 4 3 8 0 
22648416 17083382 9850726 12168484 
2 5 9 7 1 6 4 3 8 0 
22650498 17287118 9874806 11907332 
5 4 9 3 6 7 2 1 8 0 
22672080 14332764 20944002 15604478 
7 5 8 6 4 1 3 2 0 9 
22680978 17143684 10359592 7184144 
5 7 2 3 0 1 9 8 4 6 
22697660 14328418 19823702 14653770 
4 5 0 3 7 1 6 2 8 9 
22753180 20601382 10260452 6152896 
7 5 8 1 4 6 3 2 0 9 
22759712 17223344 10292630 6879094 
2 5 9 7 3 6 4 1 8 0 
22787510 17014126 9874842 11663580 
5 7 8 6 4 1 3 2 0 9 
22788938 16737556 18148670 8068366 
2 5 9 7 3 1 4 6 8 0 
22839830 16889162 9847556 11945476 
4 5 0 3 7 6 1 2 8 9 
22848944 20487022 10516506 6145938 
5 7 8 1 4 6 3 2 0 9 
22851518 16838204 18081532 7763542 
5 2 7 6 3 8 0 9 4 1 
22861094 29164952 17325900 5349452 
5 2 7 6 3 0 8 9 4 1 
22862434 29035004 17453174 5366682 
7 5 9 3 6 4 2 1 8 0 
22865958 14374728 11906186 11742032 
3 5 0 1 2 7 6 4 8 9 
22871848 22946066 6031908 15840188 
5 2 9 3 6 4 7 1 8 0 
22882340 14064106 12992964 16112624 
7 5 9 3 1 4 2 6 8 0 
22920860 14426870 11903006 11744796 
3 5 0 6 2 7 1 4 8 9 
22932026 22666982 6388880 16269616 
5 2 9 3 1 4 7 6 8 0 
22936074 14116694 12989784 16115392 
9 5 3 7 4 8 0 2 1 6 
22997998 22312946 7224350 6242928 
9 5 3 7 4 0 8 2 1 6 
22999354 22148926 7096716 6194410 
4 5 8 3 7 1 6 2 0 9 
23002728 20562776 10264608 6177336 
5 7 9 3 6 4 2 1 8 0 
23028640 14069978 20332658 12699830 
5 7 9 3 1 4 2 6 8 0 
23082374 14122566 20329478 12702598 
9 5 7 1 6 0 8 2 4 3 
23090118 33621490 10146906 5711236 
4 5 8 3 7 6 1 2 0 9 
23098492 20448416 10520662 6170378 
3 5 0 1 4 7 6 2 8 9 
23100010 21988546 6008564 14820354 
1 5 0 3 2 7 6 4 8 9 
23124732 21705012 5392328 15632938 
3 5 0 6 4 7 1 2 8 9 
23159688 21736092 6365510 15267762 
1 5 0 6 2 7 3 4 8 9 
23245478 22501782 6049962 14701170 
5 7 2 3 0 6 9 8 4 1 
23256578 14195338 19857404 14795966 
5 7 2 1 3 8 0 9 4 6 
23269034 25503484 16771160 5579742 
5 7 2 1 3 0 8 9 4 6 
23270374 25373536 16898434 5596972 
9 5 3 7 4 8 0 2 6 1 
23276060 22018934 7181870 6237526 
9 5 3 7 4 0 8 2 6 1 
23277416 21854914 7054236 6189008 
6 5 0 1 2 7 3 4 8 9 
23290728 22829458 5795348 14740892 
5 7 2 3 1 8 0 9 4 6 
23296312 25101340 16824084 5600160 
5 7 2 3 1 0 8 9 4 6 
23297652 24971392 16951358 5617390 
4 2 5 3 7 6 1 0 9 8 
23337350 33113720 12825198 5872942 
3 5 8 1 4 7 6 2 0 9 
23349558 21949940 6012720 14844794 
1 5 0 3 4 7 6 2 8 9 
23350794 20907128 5367352 14720996 
9 5 1 7 4 8 0 2 6 3 
23420152 21437504 7070192 6188544 
9 5 1 7 4 0 8 2 6 3 
23421508 21273484 6942558 6140026 
1 5 0 6 4 7 3 2 8 9 
23474040 21570748 6025116 13699328 
4 2 0 3 7 1 6 5 8 9 
23513110 20173400 10318480 6484610 
6 5 0 1 4 7 3 2 8 9 
23519640 21871818 5770774 13721068 
5 7 2 6 3 8 0 9 4 1 
23587566 25341286 16771458 5541322 
5 7 2 6 3 0 8 9 4 1 
23588906 25211338 16898732 5558552 
8 5 7 6 0 3 1 9 2 4 
23591216 22166970 9776448 5966450 
0 5 7 6 8 3 1 9 2 4 
23591548 22013008 9477888 5969892 
1 5 8 3 4 7 6 2 0 9 
23600342 20868522 5371508 14745436 
4 2 0 3 7 6 1 5 8 9 
23608874 20059848 10574118 6489020 
9 5 3 7 2 0 8 4 1 6 
23667402 21887128 7148058 6136698 
9 5 6 7 4 0 8 2 1 3 
23696310 21332682 6937914 6115570 
2 5 7 9 0 6 4 8 3 1 
23705934 18386200 10018364 11652644 
1 5 8 6 4 7 3 2 0 9 
23723588 21532142 6029272 13723768 
2 5 7 9 8 6 4 0 3 1 
23763000 18362584 10021844 11639366 
6 5 8 1 4 7 3 2 0 9 
23769188 21833212 5774930 13745508 
5 2 4 6 1 8 0 9 7 3 
23796698 29448140 17368620 5243836 
4 2 8 3 7 1 6 5 0 9 
23797626 20134584 10322444 6509018 
5 2 4 6 1 0 8 9 7 3 
23798038 29318192 17495894 5261066 
8 5 7 1 0 3 6 9 2 4 
23799158 22384220 9708716 5667108 
0 5 7 1 8 3 6 9 2 4 
23799490 22230258 9410156 5670550 
8 5 1 7 4 9 0 2 6 3 
23828190 23716656 4164506 10926434 
5 7 2 3 6 8 0 9 4 1 
23854260 25219790 16865162 5550204 
5 7 2 3 6 0 8 9 4 1 
23855600 25089842 16992436 5567434 
4 2 8 3 7 6 1 5 0 9 
23893390 20021032 10578082 6513428 
0 5 1 7 4 9 8 2 6 3 
23908188 23702150 4131078 10772394 
8 5 7 6 0 1 3 9 2 4 
23963836 21691320 9010558 5833814 
0 5 7 6 8 1 3 9 2 4 
23964168 21537358 8711998 5837256 
7 5 2 1 3 8 0 9 4 6 
24020488 26298920 12429836 5098804 
7 5 2 1 3 0 8 9 4 6 
24021820 26184796 12685188 5131856 
7 5 2 3 1 8 0 9 4 6 
24047766 25896776 12482760 5119222 
7 5 2 3 1 0 8 9 4 6 
24049098 25782652 12738112 5152274 
9 5 1 7 2 8 0 4 6 3 
24085678 21184646 7132730 6206622 
9 5 1 7 2 0 8 4 6 3 
24087034 21020626 7005096 6158104 
5 7 2 6 0 1 9 8 4 3 
24090772 14051724 19826042 14721754 
9 5 7 6 0 3 1 8 2 4 
24122440 16590864 9836838 5253584 
0 5 6 7 4 9 8 2 1 3 
24172894 23761358 4126434 10748016 
8 5 7 1 0 6 3 9 2 4 
24226050 21762266 8942224 5534790 
0 5 7 1 8 6 3 9 2 4 
24226382 21608304 8643664 5538232 
8 5 7 3 0 1 6 9 2 4 
24264352 21850810 9539420 4788942 
0 5 7 3 8 1 6 9 2 4 
24264684 21696848 9240860 4792384 
9 5 7 1 0 3 6 8 2 4 
24314220 16827810 9897130 4971194 
8 5 7 3 0 6 1 9 2 4 
24318624 21704506 9538818 4789260 
0 5 7 3 8 6 1 9 2 4 
24318956 21550544 9240258 4792702 
9 5 6 7 2 0 8 4 1 3 
24362578 21078334 6998586 6121018 
9 5 7 6 0 1 3 8 2 4 
24495020 16198374 9709258 5256898 
3 5 2 0 7 1 6 4 8 9 
24509686 37225146 7790852 6015962 
9 5 2 1 3 8 0 7 4 6 
24569132 25246468 8320294 4852124 
9 5 2 1 3 0 8 7 4 6 
24570488 25082448 8192660 4803606 
3 2 5 0 7 6 1 4 8 9 
24605524 35240360 7613240 5939438 
3 2 5 0 7 1 6 4 8 9 
24643820 35205820 7357554 5922864 
1 2 0 3 7 4 6 5 8 9 
24714084 23535654 5804412 13673194 
9 5 7 1 0 6 3 8 2 4 
24741080 16272384 9641286 4947636 
8 5 1 7 2 9 0 4 6 3 
24760156 23461918 4226884 10841832 
3 5 7 6 8 9 1 0 2 4 
24816214 20528898 5145642 12469364 
3 5 7 6 0 9 1 8 2 4 
24840130 20472132 5142930 12397892 
0 5 1 7 2 9 8 4 6 3 
24840154 23447412 4193456 10687792 
9 5 7 3 0 1 6 8 2 4 
24860184 16279080 9726024 4144218 
3 2 5 8 7 1 6 4 0 9 
24904950 35346896 7337346 5969950 
9 5 7 3 0 6 1 8 2 4 
24914464 16116144 9597760 4117346 
9 5 2 6 3 0 8 7 4 1 
24924790 24928432 8191458 4765662 
5 9 2 3 0 1 7 8 4 6 
24973650 13562444 13000158 14655076 
2 9 5 6 0 1 4 8 7 3 
24982880 15084156 10501894 12189356 
3 5 7 1 8 9 6 0 2 4 
25056480 20541138 4924048 12584162 
3 4 5 0 7 6 1 2 8 9 
25069100 32787056 7102576 5948002 
3 5 7 1 0 9 6 8 2 4 
25080396 20484372 4921336 12512690 
0 5 6 7 2 9 8 4 1 3 
25105602 23505130 4186946 10650784 
3 4 5 0 7 1 6 2 8 9 
25107396 32753324 6846474 5942796 
1 5 7 6 8 9 3 0 2 4 
25156176 20504296 5110144 12299444 
1 5 7 6 0 9 3 8 2 4 
25180092 20447530 5107432 12227972 
2 9 5 1 0 6 4 8 7 3 
25284442 15095202 10434450 11879424 
9 5 2 1 7 0 8 3 4 6 
25319326 26526172 8145016 5386716 
3 4 5 8 7 1 6 2 0 9 
25368526 32894400 6826266 5989882 
5 9 2 1 0 3 7 8 4 6 
25423464 13561586 12662962 13146740 
6 5 7 1 8 9 3 0 2 4 
25467026 20502938 4854648 12261622 
6 5 7 1 0 9 3 8 2 4 
25490942 20446172 4851936 12190150 
5 9 2 3 0 6 7 8 4 1 
25518080 13367756 12898796 14177176 
5 9 2 6 0 3 7 8 4 1 
25605342 13392550 12663094 13134560 
3 5 8 7 4 1 6 2 9 0 
25641458 25211390 4620096 6290126 
3 5 0 7 4 1 6 2 9 8 
25664650 25322962 4636812 6266956 
1 5 7 3 8 9 6 0 2 4 
25666798 19910884 4281252 12378328 
9 5 2 6 7 0 8 3 4 1 
25673984 26345552 8144086 5330792 
1 5 7 3 0 9 6 8 2 4 
25690714 19854118 4278540 12306856 
1 5 8 7 4 3 6 2 9 0 
25712522 24463996 4148238 6887154 
1 5 0 7 4 3 6 2 9 8 
25735714 24575568 4164954 6863984 
6 5 7 3 8 9 1 0 2 4 
25737382 19897286 4247350 12225708 
6 5 7 3 0 9 1 8 2 4 
25761298 19840520 4244638 12154236 
3 5 8 7 4 6 1 2 9 0 
25791480 25022872 4876110 6277066 
3 5 0 7 4 6 1 2 9 8 
25814672 25134444 4892826 6253896 
5 9 1 4 0 2 7 8 6 3 
25889202 13817850 11983060 16475288 
5 9 7 6 0 1 3 8 2 4 
26072464 15704448 17113514 6088446 
9 5 3 1 4 0 8 2 7 6 
26091638 26481842 8076520 5701330 
5 7 2 0 1 8 9 6 4 3 
26335836 14632014 18864660 10024956 
5 7 2 0 6 8 9 1 4 3 
26335894 14626190 18858816 9987076 
5 9 7 3 0 1 6 8 2 4 
26340656 16006026 17897692 5072054 
5 9 7 1 0 6 3 8 2 4 
26366986 15715494 17046070 5778506 
5 9 7 3 0 6 1 8 2 4 
26394912 15890562 18153662 5092648 
4 5 8 3 6 7 2 1 9 0 
26427198 14681224 10169332 14181000 
4 5 0 3 6 7 2 1 9 8 
26450390 14792796 10186048 14157830 
4 5 8 3 1 7 2 6 9 0 
26508002 14734668 10168002 14186126 
4 5 0 3 1 7 2 6 9 8 
26531194 14846240 10184718 14162956 
1 5 8 7 2 3 6 4 9 0 
26570080 24190120 4183454 6669116 
1 5 0 7 2 3 6 4 9 8 
26593272 24301692 4200170 6645946 
9 5 7 0 6 1 8 3 2 4 
26602282 20725410 7825840 10677528 
9 5 2 0 6 7 8 1 4 3 
26602836 18935604 7863652 14248126 
9 5 3 6 4 0 8 2 7 1 
26634810 26306730 8075102 5662968 
3 5 8 7 2 1 6 4 9 0 
26658880 24936386 4655216 6010480 
9 5 7 0 3 6 8 1 2 4 
26660976 20919978 7910182 10456520 
7 5 9 3 0 1 6 8 2 4 
26671664 24675430 11463850 3942622 
3 5 0 7 2 1 6 4 9 8 
26682072 25047958 4671932 5987310 
5 9 2 6 0 1 7 8 4 3 
26722362 13179760 13002438 14720020 
7 5 9 3 0 6 1 8 2 4 
26724040 24578366 11847154 3983462 
7 5 9 3 8 1 6 0 2 4 
26728730 24727156 11460916 3945388 
7 5 9 3 8 6 1 0 2 4 
26781106 24630092 11844220 3986228 
3 5 8 7 2 6 1 4 9 0 
26782408 24748032 4911000 6007690 
9 5 7 8 6 1 0 3 2 4 
26784416 20987210 7886518 10431740 
9 5 2 8 6 7 0 1 4 3 
26784970 19197404 7924330 14002338 
9 5 7 0 3 1 8 6 2 4 
26795864 20550634 7815774 10409356 
3 5 0 7 2 6 1 4 9 8 
26805600 24859604 4927716 5984520 
9 5 7 0 6 3 8 1 2 4 
26866494 19284304 7390236 9585606 
2 9 5 3 0 6 4 8 7 1 
26953608 15034802 10431894 11797694 
7 5 8 3 6 4 2 1 9 0 
27021770 14711258 11875424 11584478 
7 5 0 3 6 4 2 1 9 8 
27044962 14822830 11892140 11561308 
9 5 7 8 6 3 0 1 2 4 
27048628 19546104 7450914 9339818 
7 5 8 3 1 4 2 6 9 0 
27075930 14764890 11874110 11599872 
5 9 2 1 0 6 7 8 4 3 
27084914 13154108 12900944 14254300 
7 5 0 3 1 4 2 6 9 8 
27099122 14876462 11890826 11576702 
7 5 2 0 3 8 9 1 4 6 
27336284 16021394 15357820 9610872 
7 5 2 0 6 8 9 1 4 3 
27547398 14912118 15028728 9551482 
2 5 1 9 0 7 4 8 6 3 
27608458 15419014 9890570 16506302 
2 5 1 9 8 7 4 0 6 3 
27665524 15395398 9894050 16493024 
2 5 6 9 0 7 4 8 1 3 
27879236 15398162 9890266 16506058 
2 5 0 6 3 7 4 1 8 9 
27901440 13107698 10210196 15959260 
2 5 6 9 8 7 4 0 1 3 
27936302 15374546 9893746 16492780 
2 5 0 1 3 7 4 6 8 9 
27991760 13062184 10115756 15936084 
4 5 3 9 0 7 2 8 1 6 
28129820 16012294 9657722 14709130 
2 5 0 6 1 7 4 3 8 9 
28167558 12986230 10223330 15842422 
9 5 7 6 1 0 8 4 2 3 
28169996 26964226 8398138 4745444 
4 5 3 9 0 7 2 8 6 1 
28174602 15802260 9615578 14704972 
2 5 0 1 6 7 4 3 8 9 
28176838 12887248 10129974 15814120 
4 5 3 9 8 7 2 0 1 6 
28186886 15988678 9661202 14695852 
2 5 0 3 6 7 4 1 8 9 
28194064 11037830 9894622 15818296 
4 5 3 9 8 7 2 0 6 1 
28231668 15778644 9619058 14691694 
2 5 0 3 1 7 4 6 8 9 
28275104 11091298 9893538 15823422 
9 5 7 1 6 8 0 4 2 3 
28359652 26865284 8426458 4710526 
9 5 7 1 6 0 8 4 2 3 
28361008 26701264 8298824 4662008 
9 2 1 3 7 8 0 5 6 4 
28393256 21667226 8012234 6007322 
9 2 1 3 7 0 8 5 6 4 
28394612 21504014 7884184 5970172 
0 5 9 3 4 6 1 2 8 7 
28426414 20634560 9521326 6268152 
2 5 8 3 6 7 4 1 0 9 
28443612 10999224 9898778 15842736 
0 5 9 3 4 1 6 2 8 7 
28465672 20781856 9521056 6308926 
1 5 4 3 8 0 6 9 2 7 
28559236 21850448 4883210 11005784 
6 5 4 3 8 0 1 9 2 7 
28636574 21852438 4883016 11008576 
9 2 6 3 7 8 0 5 1 4 
28643226 21703848 8005628 5969862 
9 2 6 3 7 0 8 5 1 4 
28644582 21540636 7877578 5932712 
9 5 7 3 6 8 0 4 2 1 
28676334 26304922 8428770 4757444 
9 5 7 3 6 0 8 4 2 1 
28677690 26140902 8301136 4708926 
9 5 7 6 3 8 0 1 2 4 
28805970 19149476 6449054 3213980 
9 5 7 6 3 0 8 1 2 4 
28807326 18985456 6321420 3165462 
6 5 0 7 4 1 3 2 8 9 
28842670 21192668 4217218 7262944 
4 5 1 9 0 7 2 8 6 3 
28866726 15236760 9522998 14770082 
1 5 0 7 4 6 3 2 8 9 
28875804 20971258 4404598 6936154 
4 5 1 9 8 7 2 0 6 3 
28923792 15213144 9526478 14756804 
9 5 7 3 6 8 0 1 2 4 
28926038 17281870 6136138 3094012 
9 5 7 3 6 0 8 1 2 4 
28927394 17117850 6008504 3045494 
6 5 8 7 4 1 3 2 0 9 
29092218 21154062 4221374 7287384 
1 5 8 7 4 6 3 2 0 9 
29125352 20932652 4408754 6960594 
3 5 0 7 4 1 6 2 8 9 
29141856 21090828 3979652 6186546 
4 5 6 9 0 7 2 8 1 3 
29146600 15216010 9522710 14769784 
4 5 6 9 8 7 2 0 1 3 
29203666 15192394 9526190 14756506 
8 5 7 3 1 9 0 6 2 4 
29217980 18580768 3234994 7706922 
8 5 7 3 6 9 0 1 2 4 
29243672 18522012 3229924 7622808 
0 5 7 3 1 9 8 6 2 4 
29297978 18566262 3201566 7552882 
0 5 7 3 6 9 8 1 2 4 
29323670 18507506 3196496 7468768 
3 5 0 7 4 6 1 2 8 9 
29331612 20902422 4235682 6173498 
7 5 0 3 6 4 2 1 8 9 
29370450 10884528 11236148 11484998 
4 5 0 6 3 7 2 1 8 9 
29374936 12924532 9845630 14223674 
3 5 8 7 4 1 6 2 0 9 
29391404 21052222 3983808 6210986 
1 5 0 7 4 3 6 2 8 9 
29399900 20343484 3507794 6783924 
4 5 0 3 6 7 2 1 8 9 
29411610 10854664 9530056 14082710 
7 5 0 3 1 4 2 6 8 9 
29424996 10938160 11234834 11500394 
5 7 0 3 6 4 2 1 8 9 
29437772 10579778 19662620 12442796 
5 7 0 3 1 4 2 6 8 9 
29491150 10633856 19661306 12458196 
4 5 0 3 1 7 2 6 8 9 
29492800 10908108 9528726 14087838 
5 2 0 3 6 4 7 1 8 9 
29505658 10573906 12322926 15855618 
5 2 0 3 1 4 7 6 8 9 
29559036 10627984 12321612 15871018 
3 5 8 7 4 6 1 2 0 9 
29581160 20863816 4239838 6197938 
7 5 8 3 6 4 2 1 0 9 
29619998 10845922 11240304 11509438 
1 5 8 7 4 3 6 2 0 9 
29649448 20304878 3511950 6808364 
4 5 8 3 6 7 2 1 0 9 
29661158 10816058 9534212 14107150 
4 5 0 1 6 7 2 3 8 9 
29702424 12703938 9763932 14078546 
5 7 8 3 6 4 2 1 0 9 
29712444 10541182 19666776 12467306 
2 5 7 6 0 3 4 8 1 9 
29717662 14907932 10403120 12278690 
2 5 7 6 0 1 4 8 3 9 
29733738 13445922 10091482 11827002 
5 2 8 3 6 4 7 1 0 9 
29780330 10535310 12327082 15880128 
1 5 0 7 2 6 3 4 8 9 
29861972 20696562 4440964 6666746 
2 5 7 1 0 6 4 8 3 9 
29892738 13498846 10023414 11517366 
2 5 7 3 0 6 4 8 1 9 
30048122 14612038 10232622 11455882 
1 5 7 0 8 6 3 9 2 4 
30079744 22854508 4795386 4454918 
1 5 8 7 2 6 3 4 0 9 
30111520 20657956 4445120 6691186 
6 5 7 0 8 1 3 9 2 4 
30128376 22852998 4607870 4722180 
3 5 0 7 2 1 6 4 8 9 
30155418 20815824 4014772 5906880 
1 5 0 7 2 3 6 4 8 9 
30253598 20069608 3543010 6565866 
2 5 0 7 6 1 4 3 8 9 
30271730 13592132 9179728 11911276 
3 5 7 0 8 6 1 9 2 4 
30304546 22785318 4625930 3692412 
2 5 0 7 1 6 4 3 8 9 
30314190 13797568 9205866 11662778 
3 5 0 7 2 6 1 4 8 9 
30318680 20627582 4270572 5904102 
2 5 0 7 6 3 4 1 8 9 
30372122 12007296 9048144 12193686 
3 5 7 0 8 1 6 9 2 4 
30385286 22750594 4370700 3646074 
3 5 8 7 2 1 6 4 0 9 
30404966 20777218 4018928 5931320 
5 9 7 3 6 8 0 1 2 4 
30406158 17024874 14435696 4037292 
5 9 7 3 6 0 8 1 2 4 
30407498 16892502 14564218 4020418 
2 5 0 7 1 3 4 6 8 9 
30426168 12087558 9046804 12227062 
2 5 0 7 3 6 4 1 8 9 
30452982 13517126 9196572 11355866 
2 5 0 7 3 1 4 6 8 9 
30464568 13391952 9169094 11637740 
6 5 7 0 8 3 1 9 2 4 
30498322 22332994 3966684 4601706 
1 5 8 7 2 3 6 4 0 9 
30503146 20031002 3547166 6590306 
1 5 7 0 8 3 6 9 2 4 
30530430 22299780 3898970 4288106 
3 5 8 7 2 6 1 4 0 9 
30568228 20588976 4274728 5928542 
2 5 8 7 6 3 4 1 0 9 
30621670 11968690 9052300 12218126 
1 5 4 3 8 9 6 0 2 7 
30699106 17894948 3971364 12744644 
2 5 8 7 3 6 4 1 0 9 
30702530 13478520 9200728 11380306 
2 5 8 7 3 1 4 6 0 9 
30714116 13353346 9173250 11662180 
1 5 4 3 0 9 6 8 2 7 
30723022 17838182 3968652 12673172 
6 5 4 3 8 9 1 0 2 7 
30776448 17881350 3937462 12592028 
6 5 4 3 0 9 1 8 2 7 
30800364 17824584 3934750 12520556 
5 9 4 6 0 3 1 8 2 7 
30923346 14223418 18083908 6593730 
9 5 4 6 0 3 1 8 2 7 
30943254 14574928 9526950 5619784 
5 9 4 3 0 1 6 8 2 7 
31105460 13990090 17587804 5438146 
5 9 4 3 0 6 1 8 2 7 
31118982 13874626 17843774 5458752 
9 5 4 1 0 3 6 8 2 7 
31217390 14811874 9587242 5337390 
9 5 4 3 0 1 6 8 2 7 
31222268 14263144 9416136 4510310 
9 5 4 3 0 6 1 8 2 7 
31235814 14100208 9287872 4483450 
5 9 4 6 0 1 3 8 2 7 
31825540 13688512 16803626 6454490 
9 5 2 7 6 8 0 1 4 3 
31887176 17828430 5830504 4441368 
9 5 2 7 6 0 8 1 4 3 
31888532 17664410 5702870 4392850 
9 5 2 0 6 3 8 1 4 7 
31929644 16782482 7054064 9813704 
9 5 2 8 6 3 0 1 4 7 
32111778 17044282 7114742 9567916 
2 5 9 1 0 6 4 8 3 7 
32115604 13785182 10016736 11130354 
8 5 2 7 1 9 0 6 4 3 
32127744 20190676 2929424 9158160 
8 5 2 7 6 9 0 1 4 3 
32154178 20105316 2924626 9056068 
5 9 4 1 0 6 3 8 2 7 
32161684 13699558 16736182 6144558 
2 5 9 1 8 6 4 0 3 7 
32172670 13836908 10013802 11133120 
0 5 2 7 1 9 8 6 4 3 
32207742 20176170 2895996 9004120 
0 5 2 7 6 9 8 1 4 3 
32234176 20090810 2891198 8902028 
9 5 2 7 3 0 8 6 4 1 
32394436 18364332 5936298 4386334 
1 5 0 4 8 3 6 9 7 2 
32433534 26103634 3648064 5309538 
1 5 8 4 0 3 6 9 7 2 
32448512 26458636 3737436 5301954 
3 5 4 0 1 9 8 6 2 7 
32627862 16689320 7926796 8514614 
3 5 4 0 6 9 8 1 2 7 
32652498 16685266 7923048 8479096 
1 5 2 3 8 9 6 0 4 7 
32661856 17321206 4016216 13009844 
1 5 2 3 0 9 6 8 4 7 
32685772 17264440 4013504 12938372 
6 5 2 3 8 9 1 0 4 7 
32730102 17307506 3982298 12857282 
9 2 5 3 0 1 6 8 7 4 
32730908 15133688 9821256 4474164 
6 5 2 3 0 9 1 8 4 7 
32754018 17250740 3979586 12785810 
9 2 5 3 0 6 1 8 7 4 
32784720 14971396 9692806 4448398 
3 5 4 8 1 9 0 6 2 7 
32858482 16726414 7705588 8666014 
3 5 4 8 6 9 0 1 2 7 
32883118 16722360 7701840 8630496 
9 5 2 6 0 3 1 8 4 7 
32924946 13895674 9571306 5883284 
1 5 9 7 0 3 6 8 4 2 
32975228 23249558 3294400 4252912 
1 5 9 7 8 3 6 0 4 2 
33032294 23301284 3291466 4255678 
3 5 9 7 0 1 6 8 4 2 
33076012 23997556 3766306 3686928 
3 5 9 7 8 1 6 0 4 2 
33133078 24049282 3763372 3689694 
2 5 9 3 0 6 4 8 1 7 
33147138 13859846 10035000 11048872 
9 5 2 3 0 1 6 8 4 7 
33154730 13689432 9460988 4775744 
3 5 9 7 0 6 1 8 4 2 
33156160 23809866 4021678 3704746 
9 5 2 3 0 6 1 8 4 7 
33169276 13526384 9332708 4748860 
3 5 9 7 8 6 1 0 4 2 
33213226 23861592 4018744 3707512 
3 5 7 9 0 6 1 8 2 4 
33235676 20431120 3205694 3491648 
3 5 7 9 8 6 1 0 2 4 
33292742 20407504 3209174 3478370 
6 5 7 9 0 1 3 8 2 4 
33332364 20424822 3186396 4525604 
5 9 4 3 6 8 0 1 2 7 
33353596 14924688 14026616 3845090 
5 9 4 3 6 0 8 1 2 7 
33354936 14792316 14155138 3828216 
6 5 7 9 0 3 1 8 2 4 
33364820 20274228 2546480 4384230 
3 5 7 9 0 1 6 8 2 4 
33383914 20322514 2950210 3449490 
6 5 7 9 8 3 1 0 2 4 
33421886 20250612 2549960 4370952 
3 5 7 9 8 1 6 0 2 4 
33440980 20298898 2953690 3436212 
1 5 7 9 0 3 6 8 2 4 
33448268 20240990 2478520 4070632 
9 5 4 3 6 8 0 1 2 7 
33470756 15181684 5727058 2901810 
9 5 4 3 6 0 8 1 2 7 
33472112 15017664 5599424 2853292 
3 9 5 6 0 4 1 8 7 2 
33492384 17903054 5004006 12209772 
1 5 7 9 8 3 6 0 2 4 
33505334 20217374 2482000 4057354 
3 9 5 1 0 4 6 8 7 2 
33815006 18029564 4680592 11879234 
9 5 2 6 0 1 3 8 4 7 
33821068 13503856 9443822 5886586 
1 9 5 3 0 4 6 8 7 2 
33893498 17738744 4037328 11701014 
4 9 5 6 0 3 1 8 7 2 
34250068 14734486 9031448 5399804 
5 9 2 3 0 1 6 8 4 7 
34268998 13416868 17632656 5707010 
5 9 2 3 0 6 1 8 4 7 
34283520 13301292 17888610 5727592 
8 5 4 3 1 9 0 6 2 7 
34570418 16479092 2824048 7501952 
4 9 5 1 0 3 6 8 7 2 
34572690 14860996 8708034 5069266 
8 5 4 3 6 9 0 1 2 7 
34595754 16421826 2820844 7430470 
9 5 3 7 6 0 8 1 4 2 
34607308 17863306 5593076 3421890 
0 5 4 3 1 9 8 6 2 7 
34650416 16464586 2790620 7347912 
4 5 6 3 0 7 2 8 1 9 
34662060 11155920 9527688 14624326 
0 5 4 3 6 9 8 1 2 7 
34675752 16407320 2787416 7276430 
6 5 0 7 3 2 4 1 8 9 
34868690 14125562 9012504 12554338 
4 9 5 3 0 1 6 8 7 2 
34882578 14353556 8534672 4241706 
4 9 5 3 0 6 1 8 7 2 
34896100 14238092 8790642 4262312 
4 5 1 3 0 7 2 8 6 9 
34948796 11113382 9527328 14623370 
5 9 2 6 0 1 3 8 4 7 
35032308 13010420 16848078 6721564 
6 5 8 7 3 2 4 1 0 9 
35118238 14086956 9016660 12578778 
5 9 2 1 0 6 3 8 4 7 
35378098 13000380 16780538 6411250 
9 5 2 3 6 8 0 1 4 7 
35388614 14632446 5799294 3319692 
9 5 2 3 6 0 8 1 4 7 
35389970 14468426 5671660 3271174 
6 5 2 0 8 3 1 9 4 7 
35401658 19889346 3700960 5235564 
1 5 2 0 8 3 6 9 4 7 
35436104 19856234 3633262 4921906 
2 5 9 8 6 3 4 1 0 7 
35553016 13293040 9732496 12091954 
2 5 9 0 6 3 4 1 8 7 
35574782 12942378 9710284 12041028 
2 5 9 0 1 3 4 6 8 7 
35630252 12941338 9707894 12007832 
7 5 6 3 0 4 2 8 1 9 
36191180 11194694 11234500 12491472 
8 5 2 3 1 9 0 6 4 7 
36386574 15931444 2898150 7933244 
8 5 2 3 6 9 0 1 4 7 
36412652 15872688 2893080 7849132 
0 5 2 3 1 9 8 6 4 7 
36466572 15916938 2864722 7779204 
7 5 1 3 0 4 2 8 6 9 
36488012 11152146 11234140 12490438 
0 5 2 3 6 9 8 1 4 7 
36492650 15858182 2859652 7695092 
5 9 2 3 6 0 8 1 4 7 
36503870 14243568 14227374 4249528 
2 5 3 7 0 6 4 8 1 9 
36736594 13197990 9003738 11786500 
2 5 6 7 0 3 4 8 1 9 
36836148 11958644 9036968 12516942 
2 5 6 7 0 1 4 8 3 9 
36851624 13021914 9042490 12184204 
2 5 3 7 0 1 4 8 6 9 
36875582 13157476 9029342 12110546 
2 5 1 7 0 6 4 8 3 9 
37018114 12998906 9016446 11858766 
2 5 1 7 0 3 4 8 6 9 
37141626 11895122 9036528 12515550 
5 7 2 3 0 1 6 8 4 9 
37328260 13370736 17642512 5713224 
5 7 2 3 0 6 1 8 4 9 
37503846 13257736 17897722 5738182 
6 5 4 9 0 3 1 8 2 7 
37779556 18258292 2236592 4750430 
6 5 4 9 8 3 1 0 2 7 
37836622 18234676 2240072 4737152 
1 5 4 9 0 3 6 8 2 7 
37856246 18225054 2168632 4436828 
1 5 4 9 8 3 6 0 2 7 
37913312 18201438 2172112 4423550 
5 9 1 3 0 4 7 8 6 2 
38162980 10317136 12327750 16909642 
3 5 4 9 0 6 1 8 2 7 
38220316 18415184 2895806 3857752 
3 5 4 9 8 6 1 0 2 7 
38277382 18391568 2899286 3844474 
7 5 2 6 0 1 3 8 4 9 
38343004 13454950 9068906 5836688 
3 5 4 9 0 1 6 8 2 7 
38409288 18306578 2640322 3815582 
3 5 4 9 8 1 6 0 2 7 
38466354 18282962 2643802 3802304 
7 5 2 1 0 6 3 8 4 9 
38502004 13507874 9000838 5527052 
5 7 2 3 6 0 8 1 4 9 
38514832 14217138 14241994 4312352 
2 5 8 9 1 3 4 6 0 7 
38567410 12597998 9051404 12184638 
5 9 6 3 0 4 7 8 1 2 
38698800 10359634 12327630 16910430 
2 5 0 9 6 3 4 1 8 7 
38829002 12599470 9046852 12197488 
2 5 0 9 1 3 4 6 8 7 
38884472 12573316 9046600 12158944 
4 9 2 3 0 1 6 8 7 5 
39118340 14276574 8558648 4493202 
4 9 2 3 0 6 1 8 7 5 
39172596 14161110 8814618 4513796 
2 5 1 9 0 6 4 8 3 7 
39269166 13043788 9001928 11321612 
2 5 6 9 0 1 4 8 3 7 
39302428 12770572 9027396 11622514 
2 5 1 9 8 6 4 0 3 7 
39326232 13020172 9005408 11308334 
2 5 6 9 8 1 4 0 3 7 
39359494 12746956 9030876 11609236 
6 5 2 9 0 3 1 8 4 7 
39762148 17621190 2281140 5014538 
6 5 2 9 8 3 1 0 4 7 
39819214 17597574 2284620 5001260 
1 5 2 9 0 3 6 8 4 7 
39847934 17588054 2213196 4700882 
1 5 2 9 8 3 6 0 4 7 
39905000 17564438 2216676 4687604 
2 9 8 7 6 3 4 1 0 5 
40024598 12422846 9049652 12152602 
2 9 8 7 1 3 4 6 0 5 
40082166 12501776 9048312 12185972 
2 5 1 9 0 3 4 8 6 7 
40087338 12204804 9021650 12006976 
2 5 1 9 8 3 4 0 6 7 
40144404 12181188 9025130 11993698 
3 5 2 9 0 6 1 8 4 7 
40152428 17778132 2940354 4122250 
2 9 3 1 0 6 4 8 7 5 
40155666 13138360 9964686 11107222 
3 5 2 9 8 6 1 0 4 7 
40209494 17754516 2943834 4108972 
2 5 3 9 0 1 4 8 6 7 
40270736 12800654 9013168 11546766 
2 5 3 9 8 1 4 0 6 7 
40327802 12777038 9016648 11533488 
3 5 2 9 0 1 6 8 4 7 
40340400 17669638 2684886 4080104 
3 5 2 9 8 1 6 0 4 7 
40397466 17646022 2688366 4066826 
2 5 6 9 0 3 4 8 1 7 
40537340 12183942 9021226 12006696 
2 5 6 9 8 3 4 0 1 7 
40594406 12160326 9024706 11993418 
2 5 3 9 0 6 4 8 1 7 
40687476 13053008 8987276 11245584 
2 5 3 9 8 6 4 0 1 7 
40744542 13029392 8990756 11232306 
6 5 3 7 0 2 4 8 1 9 
40977962 13803852 8819462 12850618 
6 5 1 7 0 2 4 8 3 9 
41178714 13604848 8832170 12923508 
3 2 5 9 8 1 6 0 7 4 
41325522 19811794 3045916 3777358 
1 2 5 9 8 3 6 0 7 4 
41386250 19731810 2575542 4401594 
5 9 8 3 6 4 7 1 0 2 
41974678 10008980 12348474 15928866 
5 9 8 3 1 4 7 6 0 2 
42032752 10061282 12347160 15944258 
2 9 8 3 6 7 4 1 0 5 
42057628 9711376 9910738 15758454 
2 9 8 3 1 7 4 6 0 5 
42142190 9763512 9909654 15763574 
2 9 0 3 6 7 4 1 8 5 
42236968 9749962 9906342 15733926 
2 9 0 3 1 7 4 6 8 5 
42321530 9802098 9905258 15739046 
4 9 8 3 6 7 2 1 0 5 
43390422 9570056 9546270 14094702 
4 9 8 3 1 7 2 6 0 5 
43475134 9622168 9544940 14099824 
4 9 0 3 6 7 2 1 8 5 
43569762 9608642 9541874 14070174 
4 9 0 3 1 7 2 6 8 5 
43654474 9660754 9540544 14075296 
3 4 5 9 0 6 1 8 7 2 
44140912 19220402 3290714 3761952 
1 4 5 9 0 3 6 8 7 2 
44163128 19033072 2565984 4346250 
3 4 5 9 8 6 1 0 7 2 
44197160 19195740 3292328 3736044 
1 4 5 9 8 3 6 0 7 2 
44219376 19008410 2567598 4320342 
3 4 5 9 0 1 6 8 7 2 
44329884 19111796 3035230 3719782 
3 4 5 9 8 1 6 0 7 2 
44386132 19087134 3036844 3693874 
4 9 0 1 6 7 2 3 8 5 
44691546 11267134 9775642 14060556 
6 5 2 7 0 1 3 8 4 9 
44773422 17455226 2942654 5710684 
1 5 2 7 0 6 3 8 4 9 
44887532 17234400 3130082 5414814 
1 5 2 7 0 3 6 8 4 9 
45123238 16604410 2234482 5200836 
3 5 2 7 0 1 6 8 4 9 
45129038 17352408 2706388 4634868 
3 5 2 7 0 6 1 8 4 9 
45372122 17164718 2961760 4652638 
7 9 8 3 6 4 2 1 0 5 
45889500 9585850 11239766 11472066 
7 9 8 3 1 4 2 6 0 5 
45947568 9638150 11238452 11487456 
7 9 0 3 6 4 2 1 8 5 
46068840 9624436 11235370 11447538 
7 9 0 3 1 4 2 6 8 5 
46126908 9676736 11234056 11462928 
2 7 9 0 6 3 4 1 8 5 
46262948 12120120 9701864 11892496 
2 7 9 0 1 3 4 6 8 5 
46317244 12119524 9699474 11859302 
4 9 1 3 0 7 2 8 6 5 
48498708 9866936 9539386 14610922 
9 7 4 6 0 3 1 8 2 5 
48569502 13181372 9523256 5472540 
9 7 4 1 0 3 6 8 2 5 
48752636 13438662 9583558 5189278 
9 7 4 3 0 1 6 8 2 5 
48757514 12889932 9412452 4362198 
1 9 4 7 0 3 6 8 2 5 
48808676 16768956 2174938 4819356 
9 7 4 3 0 6 1 8 2 5 
48811326 12727640 9284002 4336432 
2 7 8 9 6 3 4 1 0 5 
48909558 11886716 9043644 12077198 
2 7 8 9 1 3 4 6 0 5 
48963854 11861006 9043392 12038656 
2 7 0 9 6 3 4 1 8 5 
49012176 11862044 9038960 12051548 
2 7 0 9 1 3 4 6 8 5 
49066472 11836334 9038708 12013006 
3 9 4 7 0 1 6 8 2 5 
49216278 17515004 2645152 4249572 
3 9 4 7 0 6 1 8 2 5 
49337564 17325494 2901098 4264084 
2 7 8 9 3 1 4 6 0 5 
49366016 12767708 9166420 11556632 
2 7 0 9 3 1 4 6 8 5 
49468634 12743036 9161736 11530982 
2 9 7 6 0 1 4 8 3 5 
49586330 12010202 10075034 11700272 
9 7 4 3 6 8 0 1 2 5 
49837058 13825832 5728694 2805554 
9 7 4 3 6 0 8 1 2 5 
49878680 13662456 5600874 2758130 
8 9 4 3 6 7 0 1 2 5 
49883966 15365810 3875616 12151890 
2 9 7 1 0 6 4 8 3 5 
49897538 12000162 10007494 11389958 
2 7 9 6 0 1 4 8 3 5 
50085378 12328888 10076048 11274458 
2 7 9 6 8 1 4 0 3 5 
50141270 12381058 10073114 11277226 
7 9 4 6 0 1 3 8 2 5 
50308976 12683958 9010854 5420916 
2 7 9 1 0 6 4 8 3 5 
50360130 12402800 10007804 10965080 
2 7 9 1 8 6 4 0 3 5 
50416022 12454970 10004870 10967848 
7 9 4 1 0 6 3 8 2 5 
50610538 12695004 8943410 5110984 
8 7 4 3 1 9 0 6 2 5 
50821804 15124314 2826248 7406814 
8 7 4 3 6 9 0 1 2 5 
50848314 15066604 2823044 7335330 
0 7 4 3 1 9 8 6 2 5 
50904154 15110662 2792822 7254240 
0 7 4 3 6 9 8 1 2 5 
50930664 15052952 2789618 7182756 
3 2 7 9 0 6 1 8 5 4 
50948432 20520278 3218508 3427768 
3 2 7 9 8 6 1 0 5 4 
51003938 20497106 3221988 3414490 
3 2 7 9 0 1 6 8 5 4 
51096138 20411140 2963226 3384528 
3 2 7 9 8 1 6 0 5 4 
51151644 20387968 2966706 3371250 
1 2 7 9 0 3 6 8 5 4 
51156866 20331156 2492852 4008764 
1 2 7 9 8 3 6 0 5 4 
51212372 20307984 2496332 3995486 
1 5 4 7 0 3 6 8 2 9 
51252960 16334282 2180630 4918808 
3 5 4 7 0 1 6 8 2 9 
51319336 17082220 2652536 4352372 
2 7 9 3 0 6 4 8 1 5 
51391664 12477464 10026068 10883598 
2 7 9 3 8 6 4 0 1 5 
51447556 12529634 10023134 10886366 
3 5 4 7 0 6 1 8 2 9 
51561420 16894642 2907924 4370166 
9 7 2 6 0 3 1 8 4 5 
51837858 12502058 9566892 5735776 
9 7 2 3 0 1 6 8 4 5 
51976640 12316160 9456584 4627368 
9 7 2 3 0 6 1 8 4 5 
52031452 12153756 9328118 4601578 
6 7 4 9 0 3 1 8 2 5 
52569004 17543072 2233282 4622322 
7 9 1 3 0 4 2 8 6 5 
52578162 9891630 11233602 12453066 
6 4 7 9 0 3 1 8 5 2 
52617542 19640952 2553572 4241432 
6 7 4 9 8 3 1 0 2 5 
52624896 17519900 2236762 4609046 
1 7 4 9 0 3 6 8 2 5 
52643342 17508980 2165320 4307254 
6 4 7 9 8 3 1 0 5 2 
52673048 19617780 2557052 4228154 
3 4 7 9 0 6 1 8 5 2 
52682112 19795034 3210342 3343454 
1 7 4 9 8 3 6 0 2 5 
52699234 17485808 2168800 4293978 
1 4 7 9 0 3 6 8 5 2 
52703328 19607816 2485628 3927776 
9 7 2 6 0 1 3 8 4 5 
52733980 12110240 9439408 5739078 
3 4 7 9 8 6 1 0 5 2 
52737618 19771862 3213822 3330176 
1 4 7 9 8 3 6 0 5 2 
52758834 19584644 2489108 3914498 
3 4 7 9 0 1 6 8 5 2 
52870084 19686540 2954874 3301308 
3 4 7 9 8 1 6 0 5 2 
52925590 19663368 2958354 3288030 
1 4 7 9 0 3 6 8 2 5 
53002946 19846026 2465524 3928704 
9 7 2 3 1 8 0 6 4 5 
53040972 13335546 5805264 3297018 
9 7 2 3 6 8 0 1 4 5 
53041580 13276534 5800210 3223172 
3 7 4 9 0 6 1 8 2 5 
53047678 17699754 2892308 3729272 
1 4 7 9 8 3 6 0 2 5 
53058838 19822854 2469004 3915428 
9 7 2 3 1 0 8 6 4 5 
53082594 13172170 5677444 3249594 
9 7 2 3 6 0 8 1 4 5 
53083202 13113158 5672390 3175748 
3 7 4 9 8 6 1 0 2 5 
53103570 17676582 2895788 3715996 
3 7 4 9 0 1 6 8 2 5 
53196384 17590504 2637010 3686008 
3 7 4 9 8 1 6 0 2 5 
53252276 17567332 2640490 3672732 
3 4 7 9 0 1 6 8 2 5 
53431474 19924820 2934770 3302726 
3 4 7 9 8 1 6 0 2 5 
53487366 19901648 2938250 3289450 
2 7 6 9 0 1 4 8 3 5 
53557754 12045858 9022864 11477750 
2 7 1 9 0 6 4 8 3 5 
53600004 12318854 8997088 11176426 
2 7 6 9 8 1 4 0 3 5 
53613646 12022686 9026344 11464474 
2 7 1 9 8 6 4 0 3 5 
53655896 12295682 9000568 11163150 
8 7 2 3 1 9 0 6 4 5 
53924624 14576606 2899630 7837842 
8 7 2 3 6 9 0 1 4 5 
53951876 14517406 2894560 7753728 
0 7 2 3 1 9 8 6 4 5 
54006974 14562954 2866204 7685268 
0 7 2 3 6 9 8 1 4 5 
54034226 14503754 2861134 7601154 
2 7 1 9 0 3 4 8 6 5 
54557108 11480080 9016998 11862168 
2 7 1 9 8 3 4 0 6 5 
54613000 11456908 9020478 11848892 
7 9 2 6 0 1 3 8 4 5 
54651664 12005746 9054586 5687306 
2 7 3 9 0 1 4 8 6 5 
54740506 12075930 9008516 11401958 
2 7 6 9 0 3 4 8 1 5 
54792666 11459228 9016694 11861932 
2 7 3 9 8 1 4 0 6 5 
54796398 12052758 9011996 11388682 
2 7 6 9 8 3 4 0 1 5 
54848558 11436056 9020174 11848656 
7 9 2 1 0 6 3 8 4 5 
54962872 11995706 8987046 5376992 
2 7 3 9 0 6 4 8 1 5 
55018314 12328074 8982436 11100398 
2 7 3 9 8 6 4 0 1 5 
55074206 12304902 8985916 11087122 
1 7 2 9 0 3 6 8 4 5 
55921694 16871920 2209164 4571044 
1 7 2 9 8 3 6 0 4 5 
55977586 16848748 2212644 4557768 
3 7 2 9 0 6 1 8 4 5 
56266454 17062642 2936136 3993506 
3 7 2 9 8 6 1 0 4 5 
56322346 17039470 2939616 3980230 
3 7 2 9 0 1 6 8 4 5 
56414160 16953504 2680854 3950266 
3 7 2 9 8 1 6 0 4 5 
56470052 16930332 2684334 3936990 
