23 2
4 2 6 1 5 3 0 
3580298 1838018 
1 2 4 5 6 3 0 
3764056 1772076 
1 2 5 4 6 3 0 
3772366 1741100 
2 6 0 1 3 5 4 
3791120 1480898 
0 6 2 1 3 5 4 
3905384 1480700 
0 5 4 2 1 3 6 
4034562 1164078 
0 5 2 4 6 1 3 
4227740 1019070 
0 5 4 2 3 1 6 
4263370 908918 
4 5 0 2 3 1 6 
4745762 906672 
1 6 3 2 4 0 5 
5103808 749950 
2 6 1 0 4 3 5 
5114058 733010 
1 6 2 0 4 3 5 
5507674 730136 
2 6 1 0 4 5 3 
5831288 717262 
1 6 2 0 4 5 3 
5952072 714214 
1 2 5 4 0 6 3 
6289476 558760 
4 2 1 5 0 6 3 
6491536 555144 
1 0 4 5 2 3 6 
6579846 547496 
4 2 1 6 0 5 3 
6593656 542406 
1 2 5 6 0 4 3 
6673010 541116 
1 2 4 6 0 5 3 
7024144 540368 
1 0 4 3 2 5 6 
7039866 515846 
4 0 1 3 2 6 5 
7641396 511622 
4 0 5 3 2 6 1 
9540262 510822 
