19 3
0 3 4 2 1 
2619506 2370874 11411484 
2 3 4 0 1 
2721102 2650462 10114414 
2 4 3 0 1 
2942870 3229056 8299418 
0 4 3 2 1 
3107514 3649988 7462088 
1 2 0 3 4 
5638632 2450934 8230542 
1 0 2 3 4 
5743868 2726462 7376572 
3 0 4 2 1 
6159072 833082 11242428 
3 0 1 2 4 
6175710 825442 12911866 
2 1 0 3 4 
6608570 1990526 8181802 
3 2 4 0 1 
6862256 846666 9923582 
2 0 1 3 4 
6894674 2750408 5941774 
3 4 0 2 1 
7268124 3741258 2276422 
0 1 2 3 4 
7316762 2006130 7299254 
0 2 1 3 4 
7497630 2490484 5913196 
3 4 2 0 1 
7811900 3335778 2238272 
4 2 3 0 1 
8368310 880472 8084164 
4 3 2 0 1 
9096186 2790990 2213850 
4 0 3 2 1 
9435966 905568 7207770 
4 3 0 2 1 
10057010 2534630 2191160 
