557 3
4 3 8 2 6 5 1 9 0 7 
1905132 33250788 58981742 
2 7 8 4 1 5 6 3 0 9 
1905340 37874428 38703592 
4 3 8 2 1 5 6 9 0 7 
1905784 33322280 58972940 
2 7 8 4 6 5 1 3 0 9 
1905922 37771786 38724054 
2 7 8 4 1 9 6 3 0 5 
1906682 32462906 53262250 
2 7 8 4 6 9 1 3 0 5 
1907264 32394398 53277366 
4 7 8 2 1 5 6 3 0 9 
1909910 35309408 41547802 
4 7 8 2 6 5 1 3 0 9 
1910594 35199380 41567934 
2 7 0 4 6 9 1 3 8 5 
1914738 32360300 53624114 
4 9 8 2 1 5 6 3 0 7 
1921328 33603460 44657288 
4 9 8 2 6 5 1 3 0 7 
1922020 33624056 44644748 
4 3 8 2 1 5 6 7 0 9 
1924654 30245930 44276552 
4 3 8 2 6 5 1 7 0 9 
1925786 30166598 44289570 
2 9 8 4 1 5 6 3 0 7 
1945740 33058806 41562732 
2 9 8 4 6 5 1 3 0 7 
1946330 33086788 41550522 
2 9 0 4 1 5 6 3 8 7 
1952574 33038406 42037916 
2 5 8 4 1 9 6 3 0 7 
1957198 28525764 40782720 
2 5 8 4 1 7 6 3 0 9 
1957446 33493452 36791544 
2 5 8 4 6 9 1 3 0 7 
1957782 28489912 40789668 
2 5 8 4 6 7 1 3 0 9 
1958030 33412088 36805620 
4 9 8 2 1 5 6 7 0 3 
1958586 27707914 39682094 
4 9 8 2 6 5 1 7 0 3 
1959724 27726550 39670608 
4 9 0 2 1 5 6 7 8 3 
1965420 27687514 40157278 
4 9 0 2 6 5 1 7 8 3 
1966558 27706150 40145792 
4 9 8 2 1 7 6 5 0 3 
2003288 27546776 56363542 
4 9 8 2 6 7 1 5 0 3 
2003980 27555994 56352784 
2 9 1 4 0 5 8 3 6 7 
2089826 32621582 39219070 
2 9 1 4 8 5 0 3 6 7 
2095172 32187080 39090588 
2 9 6 4 8 5 0 3 1 7 
2095964 32147202 39605548 
2 5 1 4 0 9 8 3 6 7 
2101050 28062984 38459720 
2 5 1 4 0 7 8 3 6 9 
2101242 33391844 38037770 
2 5 6 4 0 9 8 3 1 7 
2102484 27972130 38970684 
4 9 1 2 0 5 8 7 6 3 
2106056 26854812 33285348 
4 9 6 2 0 5 8 7 1 3 
2107362 26828708 33612276 
4 9 1 2 8 5 0 7 6 3 
2111402 26420310 33156866 
4 9 6 2 8 5 0 7 1 3 
2112708 26394206 33483794 
4 9 1 2 8 7 0 5 6 3 
2157952 26229828 50137522 
4 9 6 2 8 7 0 5 1 3 
2158742 26227242 50478528 
4 9 8 2 1 5 3 7 0 6 
2347308 26379666 40846826 
4 9 0 2 1 5 3 7 8 6 
2354142 26359266 41322010 
7 9 8 5 1 4 6 2 0 3 
2387396 26136596 53175850 
7 9 8 5 6 4 1 2 0 3 
2388432 26162618 53164694 
7 9 0 5 1 4 6 2 8 3 
2394232 26133170 53649980 
7 9 1 5 8 4 0 3 6 2 
2459672 26002470 54267266 
7 9 6 5 8 4 0 3 1 2 
2460464 25962592 54782226 
7 5 1 2 0 9 8 4 6 3 
2478286 30585926 31184490 
7 9 1 2 0 5 8 4 6 3 
2479360 33770582 30822482 
7 5 6 2 0 9 8 4 1 3 
2479716 30515376 31572068 
7 5 1 2 8 9 0 4 6 3 
2483636 30193980 31043236 
2 5 1 7 8 9 0 3 6 4 
2483756 26147952 36417228 
7 9 1 2 8 5 0 4 6 3 
2484706 33336080 30694000 
7 5 6 2 8 9 0 4 1 3 
2485066 30123430 31430814 
2 5 6 7 8 9 0 3 1 4 
2485186 26077402 36804806 
7 9 1 5 0 3 8 4 6 2 
2500686 25266722 55643218 
7 9 1 5 0 2 8 4 6 3 
2501302 24526578 46805450 
7 9 6 5 0 2 8 4 1 3 
2502092 24523978 47195970 
7 9 1 5 8 2 0 4 6 3 
2506644 24103480 46676970 
7 9 6 5 8 2 0 4 1 3 
2507434 24100880 47067490 
7 9 1 5 8 4 0 2 6 3 
2533478 23989052 48582592 
7 9 6 5 8 4 0 2 1 3 
2534784 23962934 48959034 
4 9 6 2 0 5 8 7 3 1 
3040802 25828412 34603944 
4 9 6 2 8 5 0 7 3 1 
3046148 25393910 34475462 
4 9 3 2 0 5 8 7 6 1 
3062936 26109212 33803158 
4 9 3 2 8 5 0 7 6 1 
3068282 25674710 33674676 
9 5 1 4 8 2 0 7 6 3 
3368994 27761628 33131464 
7 5 6 2 0 9 8 4 3 1 
3417786 30463016 30235848 
7 9 6 2 0 5 8 4 3 1 
3420270 33542516 29901578 
7 5 6 2 8 9 0 4 3 1 
3423136 30071070 30094594 
4 9 1 2 0 5 8 7 3 6 
3423454 25669292 33977290 
7 9 6 2 8 5 0 4 3 1 
3425616 33108014 29773096 
4 9 1 2 8 5 0 7 3 6 
3428800 25234790 33848808 
7 5 3 2 8 9 0 4 6 1 
3440338 30328278 30061568 
7 9 3 2 8 5 0 4 6 1 
3441534 33467174 29748062 
7 9 6 5 0 2 8 4 3 1 
3442410 24433268 45847652 
4 9 3 2 0 5 8 7 1 6 
3446894 25923988 33503432 
7 9 6 5 8 2 0 4 3 1 
3447752 24010170 45719172 
4 9 3 2 8 5 0 7 1 6 
3452240 25489486 33374950 
7 9 3 5 8 1 0 4 6 2 
3462776 23948496 55788674 
7 9 3 5 8 2 0 4 6 1 
3463654 24233538 45702570 
8 7 1 9 0 4 3 2 6 5 
3771986 23239774 66881368 
8 7 6 9 0 4 3 2 1 5 
3774164 23229786 67257864 
8 5 1 9 0 2 3 4 6 7 
3778404 20938328 47123516 
8 5 6 9 0 2 3 4 1 7 
3779854 20931572 47639862 
8 5 1 9 0 2 3 7 6 4 
3784992 24325748 43543568 
9 5 1 8 0 2 3 4 6 7 
3798690 23307834 45042450 
9 5 6 8 0 2 3 4 1 7 
3800140 23301092 45509282 
7 5 1 2 0 9 8 4 3 6 
3800484 30235390 29733700 
7 9 1 2 0 5 8 4 3 6 
3802926 33315958 29387520 
7 5 1 2 8 9 0 4 3 6 
3805834 29843444 29592446 
7 9 1 2 8 5 0 4 3 6 
3808272 32881456 29259038 
8 5 1 9 0 4 3 2 6 7 
3808948 20192040 50277860 
8 5 6 9 0 4 3 2 1 7 
3810914 20161766 50780128 
9 5 1 8 0 7 3 2 6 4 
3829172 24617716 42235574 
9 5 1 8 0 4 3 2 6 7 
3829234 22561266 46890054 
2 9 1 5 8 7 0 3 6 4 
3862332 23874316 44915352 
4 8 1 2 9 5 0 7 6 3 
3874714 26683990 33146310 
4 5 1 2 9 0 8 7 6 3 
3874996 27132370 32945484 
2 9 1 5 0 3 8 7 6 4 
3895396 23934970 43176746 
2 9 6 5 0 3 8 7 1 4 
3896702 23908852 43553188 
2 9 1 5 8 3 0 7 6 4 
3900738 23511872 43048266 
2 9 6 5 8 3 0 7 1 4 
3902044 23485754 43424708 
0 7 1 8 4 5 2 9 6 3 
3904744 40680148 29225834 
0 5 1 9 8 2 3 4 6 7 
3916750 20838002 47034606 
0 5 6 9 8 2 3 4 1 7 
3918200 20831246 47550952 
4 5 1 2 9 8 0 7 6 3 
3930090 26912574 32846456 
9 5 1 0 8 2 3 4 6 7 
3937522 23367112 44689692 
0 5 1 8 4 7 2 9 6 3 
3942236 38666938 28350976 
0 5 1 9 8 4 3 2 6 7 
3947294 20091714 50188950 
0 5 6 9 8 4 3 2 1 7 
3949260 20061440 50691218 
9 5 1 0 8 7 3 2 6 4 
3968004 24676994 41882816 
9 5 1 0 8 4 3 2 6 7 
3968066 22620544 46537296 
0 7 1 8 2 5 4 9 6 3 
3995328 33089932 27008688 
9 5 6 7 0 2 8 4 3 1 
3995664 26060836 32939896 
9 5 6 7 8 2 0 4 3 1 
4000696 25725260 32799638 
9 5 3 7 0 2 8 4 6 1 
4012862 26284166 32661408 
9 5 3 7 8 2 0 4 6 1 
4017894 25948590 32521150 
0 5 1 8 2 7 4 9 6 3 
4032808 30949054 26172146 
9 5 1 2 0 4 8 7 6 3 
4037414 28216408 31412142 
9 5 6 2 0 4 8 7 1 3 
4039368 28190292 31583370 
9 5 1 2 8 4 0 7 6 3 
4042446 27880832 31271884 
9 5 6 2 8 4 0 7 1 3 
4044400 27854716 31443112 
9 5 1 2 0 7 8 4 6 3 
4044560 28321974 28938092 
9 5 6 2 0 7 8 4 1 3 
4045998 28319376 29123398 
9 5 1 2 8 7 0 4 6 3 
4049592 27986398 28797834 
9 5 6 2 8 7 0 4 1 3 
4051030 27983800 28983140 
0 5 1 8 4 2 3 7 6 9 
4072150 21045984 41119796 
8 5 1 0 4 2 3 7 6 9 
4073020 20988634 40838482 
0 2 1 8 4 5 3 7 6 9 
4075878 19659330 40246038 
8 2 1 0 4 5 3 7 6 9 
4077394 19601910 39993182 
8 2 6 0 4 5 3 7 1 9 
4085604 19652790 39971064 
0 5 1 8 7 2 3 4 6 9 
4098742 17379794 48128688 
8 5 1 0 7 2 3 4 6 9 
4099612 17322444 47847374 
8 5 6 0 7 2 3 4 1 9 
4110112 17396838 47827492 
4 9 1 2 0 5 3 7 6 8 
4229838 22595332 36640494 
2 5 1 4 0 9 3 8 6 7 
4248876 17823692 43759116 
2 5 6 4 0 9 3 8 1 7 
4249282 17762086 44458484 
4 9 1 2 8 5 3 7 6 0 
4347994 22370258 36135628 
2 5 1 4 8 9 3 0 6 7 
4365168 17892584 43180432 
9 5 1 7 0 2 8 4 3 6 
4378354 26121890 32444772 
9 5 1 7 8 2 0 4 3 6 
4383386 25786314 32304514 
9 5 3 7 8 2 0 4 1 6 
4402022 26007046 32211332 
9 7 1 8 4 5 2 0 6 3 
4539174 39272174 22690782 
9 5 1 8 4 7 2 0 6 3 
4574042 36925660 21819372 
8 5 1 9 2 7 4 3 6 0 
4612050 24681876 32995510 
8 7 1 9 2 5 4 0 6 3 
4613356 30252348 25445676 
2 5 1 7 0 9 3 8 6 4 
4626232 16665534 40962838 
2 5 6 7 0 9 3 8 1 4 
4626634 16624232 41538820 
9 5 1 8 2 7 4 3 6 0 
4631642 27029840 30236852 
0 7 1 9 2 5 4 8 6 3 
4634766 30226628 25458928 
9 7 1 8 2 5 4 0 6 3 
4635278 31588238 20463036 
2 5 6 7 0 8 3 9 1 4 
4640022 16462764 47495620 
2 5 1 7 0 8 3 9 6 4 
4640136 16480548 46905560 
8 5 1 9 2 7 4 0 6 3 
4650150 27777956 24697956 
9 5 1 0 2 7 4 3 6 8 
4652630 27021610 30375402 
9 5 1 8 2 7 4 0 6 3 
4670134 29114056 19629942 
8 2 1 9 4 5 3 0 6 7 
4694112 24085714 31539768 
8 2 6 9 4 5 3 0 1 7 
4700784 24075010 32056590 
8 5 1 9 4 2 3 7 6 0 
4703850 18142150 40358350 
8 2 1 9 4 5 3 7 6 0 
4708194 16756812 39589052 
9 2 1 8 4 5 3 0 6 7 
4710114 26456214 26639626 
0 2 1 9 4 5 3 8 6 7 
4715522 24059994 31553020 
9 2 6 8 4 5 3 0 1 7 
4716786 26445524 27106934 
0 2 6 9 4 5 3 8 1 7 
4722194 24049290 32069842 
9 5 1 8 4 2 3 7 6 0 
4722436 20512370 35572040 
9 2 1 8 4 5 3 7 6 0 
4724196 19127312 34688910 
8 5 1 9 7 2 3 4 6 0 
4730510 14669386 46861424 
2 5 1 7 8 9 3 0 6 4 
4742524 16734426 40384154 
2 5 6 7 8 9 3 0 1 4 
4742926 16693124 40960136 
9 2 1 0 4 5 3 7 6 8 
4745174 19119544 34852794 
2 5 1 7 8 0 3 9 6 4 
4758332 16563482 46861168 
8 5 1 9 7 4 3 2 6 0 
4761054 14605406 54185978 
8 2 3 0 4 5 1 7 6 9 
4870666 19037340 39515524 
2 5 8 4 7 9 3 1 0 6 
4979924 26278106 30801476 
2 5 0 4 7 9 3 1 8 6 
4987186 26223722 31273996 
7 5 1 3 2 9 4 8 6 0 
5133282 27575410 25607158 
7 5 6 3 2 9 4 8 1 0 
5142742 27574650 25893684 
8 2 3 0 4 5 6 7 1 9 
5148346 18878130 39372650 
8 2 1 0 4 5 6 7 3 9 
5151692 18834102 39407056 
3 5 1 7 2 9 4 0 6 8 
5162612 25896950 27554050 
3 5 1 7 2 9 4 8 6 0 
5164476 25644844 27636152 
3 5 6 7 2 9 4 8 1 0 
5173936 25644098 27873164 
4 5 8 2 1 7 9 3 0 6 
5178248 23797416 33133720 
4 5 0 2 1 7 9 3 8 6 
5185504 23769714 33365868 
2 5 1 4 7 9 3 0 6 8 
5189446 20348810 33436208 
2 5 1 4 7 9 3 8 6 0 
5191310 20096704 33518310 
2 5 6 4 7 9 3 8 1 0 
5200770 20095944 33804836 
4 5 1 2 7 9 3 0 6 8 
5202202 18540932 36026638 
4 5 1 2 7 9 3 8 6 0 
5204066 18288826 36108740 
4 5 6 2 7 9 3 8 1 0 
5213526 18288080 36345752 
3 5 1 9 2 7 4 0 6 8 
5224872 27800282 22754596 
3 5 1 9 2 7 4 8 6 0 
5226820 27808768 22347122 
3 5 1 9 2 8 4 0 6 7 
5226980 24770724 30830766 
3 5 1 9 2 0 4 8 6 7 
5228884 24756824 30977752 
3 5 6 9 2 8 4 0 1 7 
5236454 24726040 31436882 
9 5 1 3 2 7 4 0 6 8 
5237400 27492552 25286244 
7 5 1 0 2 9 4 8 6 3 
5301480 26731300 19033366 
7 5 6 0 2 9 4 8 1 3 
5310948 26689932 19566664 
7 5 1 0 2 8 4 9 6 3 
5314046 26645090 25346378 
7 5 6 0 2 8 4 9 1 3 
5322998 26627240 25893754 
7 2 1 0 4 5 3 8 6 9 
5332544 26095552 22523566 
0 5 6 7 2 9 4 8 1 3 
5332864 25629360 30493612 
7 5 1 8 2 9 4 0 6 3 
5341670 26774808 18719534 
2 5 6 4 9 8 3 0 1 7 
5355640 15897088 43543714 
2 5 1 4 9 8 3 0 6 7 
5358254 15941698 42831172 
0 5 1 7 4 2 3 8 6 9 
5362622 24569760 30977198 
0 2 1 7 4 5 3 8 6 9 
5366130 21348394 30748480 
7 2 1 8 4 5 3 0 6 9 
5372660 25995950 22661794 
8 2 1 7 4 5 3 0 6 9 
5407762 21191372 30633852 
7 5 8 2 3 4 9 6 0 1 
5433930 24443338 30389022 
7 5 0 2 3 4 9 6 8 1 
5441186 24415636 30621170 
8 2 6 9 4 5 1 0 3 7 
5497674 23466268 30492528 
7 2 1 5 4 9 3 0 6 8 
5501280 15916484 32580838 
9 2 3 8 4 5 1 0 6 7 
5501632 25698010 26210510 
7 2 1 5 4 8 3 0 6 9 
5501752 15682060 37627590 
7 2 1 5 4 9 3 8 6 0 
5503172 15667384 32503734 
7 2 1 5 4 0 3 8 6 9 
5503644 15637690 37652966 
7 5 8 2 1 4 9 6 0 3 
5508986 23933346 30311308 
7 2 6 5 4 9 3 8 1 0 
5509826 15666628 32802102 
9 2 6 8 4 5 1 0 3 7 
5513686 25799782 25788792 
0 2 6 9 4 5 1 8 3 7 
5519084 23440548 30505780 
2 5 1 7 4 9 3 0 6 8 
5527946 23263344 27873792 
2 5 1 7 4 9 3 8 6 0 
5529810 23011238 27955894 
2 5 6 7 4 9 3 8 1 0 
5536248 23010500 28256648 
5 2 1 7 4 9 3 0 6 8 
5550070 18756184 29598734 
5 2 1 7 4 9 3 8 6 0 
5551934 18579360 29686584 
5 2 6 7 4 9 3 8 1 0 
5558588 18578618 29935438 
2 5 6 7 9 8 3 0 1 4 
5733060 14759506 40164676 
2 5 1 7 9 8 3 0 6 4 
5735678 14783812 39575520 
9 2 3 8 4 5 6 0 1 7 
5779106 25546286 26519506 
9 2 1 8 4 5 6 0 3 7 
5784488 25658748 25630480 
7 5 1 9 2 8 4 0 6 3 
5993644 23575106 23570746 
7 5 1 9 2 0 4 8 6 3 
5995548 23561206 23717732 
7 5 6 9 2 8 4 0 1 3 
6003114 23550712 24102990 
7 5 6 9 2 0 4 8 1 3 
6005018 23536812 24249976 
7 2 1 9 4 5 3 0 6 8 
6024438 23143084 22421548 
7 2 1 9 4 5 3 8 6 0 
6026386 23067712 22018060 
9 2 1 7 4 5 3 0 6 8 
6075542 20709006 25493464 
5 2 1 0 4 9 3 8 6 7 
6098744 17813960 28201230 
5 2 6 0 4 9 3 8 1 7 
6105410 17752306 28820242 
5 2 1 8 4 9 3 0 6 7 
6117930 17854000 27887376 
5 2 6 8 4 9 3 0 1 7 
6124596 17792346 28506388 
9 2 8 1 5 4 7 6 0 3 
6161628 32249052 18564288 
8 5 6 9 7 2 1 4 3 0 
6225412 14233838 45959536 
8 5 3 9 7 2 1 4 6 0 
6245632 14088098 46440984 
8 5 3 9 7 4 1 2 6 0 
6278864 13984962 53689062 
7 2 3 5 4 9 1 0 6 8 
6292746 15306002 32155044 
7 2 3 5 4 8 1 0 6 9 
6293208 15173138 37202236 
7 2 3 5 4 9 1 8 6 0 
6294638 15056902 32077940 
7 2 6 5 4 9 1 0 3 8 
6304816 15489384 31602818 
7 2 6 5 4 9 1 8 3 0 
6306708 15240284 31525714 
4 2 1 9 7 5 3 8 6 0 
6365892 24986640 21727466 
8 5 1 9 7 2 6 4 3 0 
6439328 14037546 45844522 
4 5 1 9 7 8 3 0 6 2 
6442232 14168674 39115216 
4 5 1 9 7 0 3 8 6 2 
6444136 14154774 39262202 
4 5 6 9 7 8 3 0 1 2 
6451706 14123990 39721332 
4 5 6 9 7 0 3 8 1 2 
6453610 14110090 39868318 
8 5 3 9 7 2 6 4 1 0 
6470052 13945896 46429474 
8 5 3 9 7 4 6 2 1 0 
6503352 13825768 53676220 
2 5 6 0 4 9 3 8 1 7 
6524154 20676094 27021206 
2 5 1 0 7 9 3 8 6 4 
6556560 16665052 29116432 
2 5 6 0 7 9 3 8 1 4 
6566028 16623684 29649730 
7 2 3 5 4 8 6 0 1 9 
6570690 14957834 37216180 
7 2 3 5 4 9 6 8 1 0 
6572120 14824632 32216412 
7 2 1 5 4 9 6 0 3 8 
6575644 15257870 31442922 
7 2 1 5 4 9 6 8 3 0 
6577536 15008770 31365818 
2 5 1 8 7 9 3 0 6 4 
6596750 16708560 28802600 
5 2 1 9 4 7 3 0 6 8 
6704850 21140736 24755374 
5 2 1 9 4 7 3 8 6 0 
6706798 21224504 24353648 
9 2 1 5 4 7 3 0 6 8 
6707164 15866958 30809394 
5 2 1 9 4 8 3 0 6 7 
6707222 14766794 32684222 
9 2 1 5 4 7 3 8 6 0 
6709056 16095278 30737576 
5 2 1 9 4 0 3 8 6 7 
6709114 14756538 32832076 
5 2 6 9 4 8 3 0 1 7 
6713890 14722114 33302180 
5 2 6 9 4 0 3 8 1 7 
6715782 14711858 33450034 
7 2 3 9 4 5 1 0 6 8 
6815922 22532602 21995754 
7 2 3 9 4 5 1 8 6 0 
6817870 22457230 21592266 
7 2 6 9 4 5 1 0 3 8 
6827980 22614140 21449852 
7 2 6 9 4 5 1 8 3 0 
6829928 22538768 21046364 
9 2 3 7 4 5 1 0 6 8 
6867044 20032050 25064700 
9 2 6 7 4 5 1 0 3 8 
6879102 20113518 24766368 
5 2 3 0 4 9 1 8 6 7 
6890226 17122230 27775084 
5 2 6 0 4 9 1 8 3 7 
6902292 17325930 27049958 
5 2 3 8 4 9 1 0 6 7 
6909412 17162270 27461230 
5 2 6 8 4 9 1 0 3 7 
6921478 17365970 26736104 
2 9 1 5 7 8 3 0 6 4 
6944056 14006428 45750094 
2 9 1 5 7 0 3 8 6 4 
6945984 13985296 46156692 
2 9 6 5 7 8 3 0 1 4 
6952878 13982088 46289496 
4 5 1 8 2 9 7 0 6 3 
7059232 29289628 18549254 
2 7 6 5 9 8 3 0 1 4 
7063898 13627286 46274824 
2 7 1 5 9 8 3 0 6 4 
7066300 13651610 45688054 
7 2 3 9 4 5 6 0 1 8 
7093404 22351254 22131064 
7 2 3 9 4 5 6 8 1 0 
7095352 22275882 21727576 
7 2 1 9 4 5 6 0 3 8 
7098802 22382626 21289956 
7 2 1 9 4 5 6 8 3 0 
7100750 22307254 20886468 
2 5 1 9 7 8 3 0 6 4 
7101570 13430706 33671918 
2 5 1 9 7 0 3 8 6 4 
7103474 13416806 33818904 
2 5 6 9 7 8 3 0 1 4 
7111040 13406312 34204162 
2 5 6 9 7 0 3 8 1 4 
7112944 13392412 34351148 
9 2 3 7 4 5 6 0 1 8 
7144518 19880302 25003274 
9 2 1 7 4 5 6 0 3 8 
7149916 19911548 24607792 
5 2 3 0 4 9 6 8 1 7 
7167706 16897384 28234794 
5 2 1 0 4 9 6 8 3 7 
7173106 17162738 26890656 
5 2 3 8 4 9 6 0 1 7 
7186892 16937424 27920940 
5 2 1 8 4 9 6 0 3 7 
7192292 17202778 26576802 
4 5 8 6 7 2 9 1 0 3 
7266574 26201830 20411018 
4 5 0 6 7 2 9 1 8 3 
7273830 26174128 20643166 
1 5 8 4 7 2 9 6 0 3 
7291486 22195658 24115970 
1 5 0 4 7 2 9 6 8 3 
7298742 22167956 24348118 
4 5 8 1 7 2 9 6 0 3 
7309136 25905224 20234336 
4 5 0 1 7 2 9 6 8 3 
7316392 25877522 20466484 
3 5 8 4 7 2 9 6 0 1 
7346822 22258682 23932578 
5 2 3 9 4 7 1 0 6 8 
7496334 20530254 24329580 
5 2 3 9 4 7 1 8 6 0 
7498282 20614022 23927854 
9 2 3 5 4 7 1 0 6 8 
7498666 15190002 30380630 
5 2 3 9 4 8 1 0 6 7 
7498714 14075064 32258076 
9 2 3 5 4 7 1 8 6 0 
7500558 15418322 30308812 
5 2 3 9 4 0 1 8 6 7 
7500606 14064808 32405930 
5 2 6 9 4 7 1 0 3 8 
7508394 20628780 23733110 
5 2 6 9 4 7 1 8 3 0 
7510342 20712548 23331384 
9 2 6 5 4 7 1 0 3 8 
7510726 15288444 30081244 
5 2 6 9 4 8 1 0 3 7 
7510772 14210868 31537166 
9 2 6 5 4 7 1 8 3 0 
7512618 15516764 30009426 
5 2 6 9 4 0 1 8 3 7 
7512664 14200612 31685020 
2 5 3 0 4 9 6 8 1 7 
7586354 19762148 26485582 
2 5 3 8 4 9 6 0 1 7 
7626544 19805656 26171750 
5 2 3 9 4 7 6 0 1 8 
7773814 20373280 24414652 
5 2 3 9 4 7 6 8 1 0 
7775762 20457048 24012926 
9 2 3 5 4 7 6 0 1 8 
7776140 15055228 30318150 
5 2 3 9 4 8 6 0 1 7 
7776194 13867192 32716732 
9 2 3 5 4 7 6 8 1 0 
7778032 15283548 30246332 
5 2 3 9 4 0 6 8 1 7 
7778086 13856936 32864586 
5 2 1 9 4 7 6 0 3 8 
7779212 20404652 23573544 
5 2 1 9 4 7 6 8 3 0 
7781160 20488420 23171818 
9 2 1 5 4 7 6 0 3 8 
7781538 15086474 29922668 
5 2 1 9 4 8 6 0 3 7 
7781584 14047676 31377864 
9 2 1 5 4 7 6 8 3 0 
7783430 15314794 29850850 
5 2 1 9 4 0 6 8 3 7 
7783476 14037420 31525718 
2 5 8 6 7 4 9 1 0 3 
7968938 25235266 20588474 
2 5 0 6 7 4 9 1 8 3 
7976194 25207564 20820622 
4 5 3 8 2 9 7 0 6 1 
8016066 28141358 18587828 
2 5 8 1 7 4 9 6 0 3 
8032514 25025524 20382494 
2 5 1 0 7 9 4 8 6 3 
8035830 25856140 20011220 
2 5 0 1 7 4 9 6 8 3 
8039770 24997822 20614642 
2 7 6 5 9 8 1 0 3 4 
8071032 13064598 46531412 
2 5 3 0 7 9 1 8 6 4 
8075698 16185680 28581080 
2 5 1 8 7 9 4 0 6 3 
8076020 25899648 19697388 
2 7 3 5 9 8 1 0 6 4 
8081592 13172274 45259280 
2 5 3 8 7 9 1 0 6 4 
8115888 16229188 28267248 
4 5 1 9 7 8 6 0 3 2 
8150324 13353836 39412752 
4 5 1 9 7 0 6 8 3 2 
8152228 13339936 39559738 
4 5 3 9 7 8 6 0 1 2 
8185704 13315250 39042570 
4 5 3 9 7 0 6 8 1 2 
8187608 13301350 39189556 
2 5 1 0 7 9 6 8 3 4 
8264642 15955150 29781202 
2 5 3 0 7 9 6 8 1 4 
8299988 15953434 28973058 
2 5 3 8 7 9 6 0 1 4 
8340178 15996942 28659226 
2 7 1 5 9 8 6 0 3 4 
8509802 12873696 46336166 
2 7 3 5 9 8 6 0 1 4 
8517960 12957048 45650804 
2 5 6 9 7 8 1 0 3 4 
8594832 12843786 34482224 
2 5 6 9 7 0 1 8 3 4 
8596736 12829886 34629210 
2 5 3 9 7 8 1 0 6 4 
8620718 12951334 33136566 
2 5 3 9 7 0 1 8 6 4 
8622622 12937434 33283552 
2 5 1 9 7 8 6 0 3 4 
8809652 12652908 34340904 
2 5 1 9 7 0 6 8 3 4 
8811556 12639008 34487890 
2 5 3 9 7 8 6 0 1 4 
8845008 12736062 33527490 
2 5 3 9 7 0 6 8 1 4 
8846912 12722162 33674476 
7 4 6 9 2 5 1 8 3 0 
8875748 22300668 21272096 
7 4 3 9 2 5 1 8 6 0 
8877720 22219110 21758788 
9 4 6 7 2 5 1 0 3 8 
8901444 19875418 24992100 
9 4 3 7 2 5 1 0 6 8 
8903416 19793930 25231222 
4 2 8 6 5 7 9 1 0 3 
8993628 25474592 20263776 
4 2 8 1 5 7 9 6 0 3 
9036196 25176460 20087800 
4 2 0 1 5 7 9 6 8 3 
9040646 25148762 20331790 
7 4 1 9 2 5 6 0 3 8 
9088624 22144538 21534088 
7 4 1 9 2 5 6 8 3 0 
9090572 22069166 21130600 
7 2 8 3 5 4 9 1 0 6 
9101672 26258980 19407466 
7 4 3 9 2 5 6 8 1 0 
9102010 22037770 21900656 
7 2 8 3 5 4 9 6 0 1 
9102174 26289122 19117098 
7 2 0 3 5 4 9 1 8 6 
9106122 26231282 19651456 
7 2 0 3 5 4 9 6 8 1 
9106624 26261424 19361088 
9 4 1 7 2 5 6 0 3 8 
9116260 19673460 24851924 
9 4 3 7 2 5 6 0 1 8 
9127698 19642190 25176354 
7 2 8 6 5 4 9 1 0 3 
9248826 25710664 18289088 
4 5 6 9 2 7 1 8 3 0 
9250282 22604216 20863746 
7 2 0 6 5 4 9 1 8 3 
9253276 25682966 18533078 
4 5 3 9 2 7 1 8 6 0 
9255060 22505618 20726306 
7 2 8 1 5 4 9 6 0 3 
9312408 25499396 18083814 
7 2 0 1 5 4 9 6 8 3 
9316858 25471698 18327804 
4 5 1 9 2 7 6 8 3 0 
9465102 22380100 20722580 
4 5 3 9 2 7 6 8 1 0 
9479348 22348652 20817936 
9 4 3 5 2 7 1 0 6 8 
9535002 15020306 30547164 
5 4 3 9 2 7 1 0 6 8 
9559424 20360558 24496114 
9 4 1 5 2 7 6 0 3 8 
9747846 14916810 30166812 
9 4 3 5 2 7 6 0 1 8 
9759284 14885540 30491242 
5 4 1 9 2 7 6 0 3 8 
9772274 20234988 23817688 
5 4 1 9 2 7 6 8 3 0 
9774222 20318756 23415962 
5 4 3 9 2 7 6 0 1 8 
9783712 20203592 24587744 
7 5 8 3 2 4 9 1 0 6 
10110786 25185758 19449406 
7 5 8 3 2 4 9 6 0 1 
10111288 25216948 19160020 
7 5 0 3 2 4 9 1 8 6 
10118042 25158056 19681554 
7 5 0 3 2 4 9 6 8 1 
10118544 25189246 19392168 
7 5 8 6 2 4 9 1 0 3 
10257988 24633618 18344532 
7 5 0 6 2 4 9 1 8 3 
10265244 24605916 18576680 
7 5 8 1 2 4 9 6 0 3 
10321564 24423876 18138552 
7 5 0 1 2 4 9 6 8 3 
10328820 24396174 18370700 
6 5 9 4 7 2 0 3 8 1 
11136558 18895620 24063392 
6 5 9 4 7 2 0 1 8 3 
11142402 19553320 22849154 
4 5 9 6 7 2 0 3 8 1 
11155692 22879896 20119012 
4 5 9 6 7 2 0 1 8 3 
11161592 23393044 18574866 
1 5 9 4 7 2 0 3 8 6 
11180150 18892206 23785952 
1 5 9 4 7 2 0 6 8 3 
11186050 19408170 22293224 
2 5 9 4 7 3 0 6 8 1 
11192828 17345576 26302174 
2 5 9 4 7 6 0 1 8 3 
11193012 16935172 26589888 
2 5 9 4 7 1 0 6 8 3 
11193034 16941016 26089078 
4 5 9 1 7 2 0 3 8 6 
11197748 22731552 20233566 
4 5 9 1 7 2 0 6 8 3 
11203704 23102964 18410930 
4 5 9 2 7 3 0 6 8 1 
11205934 14648804 31237606 
4 5 9 2 7 1 0 6 8 3 
11205972 14677732 31230190 
3 5 9 4 7 2 0 6 8 1 
11241416 19332704 22107742 
4 5 9 3 7 2 0 1 8 6 
11266546 22996512 19495822 
4 5 9 3 7 2 0 6 8 1 
11266602 22854776 19217332 
6 5 9 4 7 2 8 3 0 1 
11433502 18779748 23707652 
4 5 9 6 7 2 8 3 0 1 
11452636 22764024 19763272 
4 5 9 6 7 2 8 1 0 3 
11458536 23277172 18219126 
1 5 9 4 7 2 8 3 0 6 
11477094 18776334 23430212 
1 5 9 4 7 2 8 6 0 3 
11482994 19292298 21937484 
2 5 9 4 7 3 8 6 0 1 
11489772 17229704 25946434 
2 5 9 4 7 6 8 1 0 3 
11489956 16819300 26234148 
2 5 9 4 7 1 8 6 0 3 
11489978 16825144 25733338 
4 5 9 1 7 2 8 3 0 6 
11494692 22615680 19877826 
4 5 9 1 7 2 8 6 0 3 
11500648 22987092 18055190 
4 5 9 2 7 3 8 1 0 6 
11502794 14587804 31323548 
4 5 9 2 7 3 8 6 0 1 
11502878 14532932 30881866 
4 5 9 2 7 1 8 6 0 3 
11502916 14561860 30874450 
3 5 9 4 7 2 8 6 0 1 
11538360 19216832 21752002 
4 5 9 3 7 2 8 1 0 6 
11563490 22880640 19140082 
4 5 9 3 7 2 8 6 0 1 
11563546 22738904 18861592 
0 5 9 1 2 4 7 6 8 3 
11585988 33219678 17866632 
0 2 9 1 5 4 7 6 8 3 
11593246 34295070 17741218 
8 5 9 1 2 4 7 6 0 3 
11812948 33136114 17458560 
8 2 9 1 5 4 7 6 0 3 
11823548 34211506 17333146 
3 5 9 2 7 4 0 1 8 6 
11851772 16170900 27816074 
3 5 9 2 7 4 0 6 8 1 
11851856 16116028 27374392 
6 5 9 2 7 4 0 3 8 1 
11852068 16113124 28530182 
2 5 9 3 7 4 0 1 8 6 
11863880 22317468 19825278 
2 5 9 3 7 4 0 6 8 1 
11863936 22334872 19548550 
2 5 9 6 7 4 0 1 8 3 
11863996 22352620 18749022 
1 5 9 2 7 4 0 3 8 6 
11916646 16109682 28255962 
2 5 9 1 7 4 0 6 8 3 
11927122 22149404 18555788 
3 5 9 2 7 4 8 1 0 6 
12148716 16055028 27460334 
3 5 9 2 7 4 8 6 0 1 
12148800 16000156 27018652 
6 5 9 2 7 4 8 3 0 1 
12149012 15997252 28174442 
2 5 9 6 7 4 8 1 0 3 
12160940 22236748 18393282 
1 5 9 2 7 4 8 3 0 6 
12213590 15993810 27900222 
2 5 9 1 7 4 8 6 0 3 
12224066 22033532 18200048 
1 5 9 2 7 3 8 4 0 6 
12266800 15754958 29795346 
5 2 9 6 7 4 0 1 8 3 
12708040 24352858 18051328 
5 2 9 1 7 4 0 6 8 3 
12750162 24146174 17858072 
5 2 9 6 7 4 8 1 0 3 
13004756 24229612 17753716 
5 2 9 1 7 4 8 6 0 3 
13046878 24022928 17560460 
4 2 9 6 5 7 0 3 8 1 
13103820 21565664 19983820 
6 2 9 4 5 7 0 3 8 1 
13123092 17577818 25379558 
4 2 9 1 5 7 0 3 8 6 
13145882 21416842 20100062 
1 2 9 4 5 7 0 3 8 6 
13167236 17573926 25103806 
1 2 9 4 5 7 0 6 8 3 
13173136 18675848 23582194 
7 2 9 3 5 4 0 1 8 6 
13217848 23243396 17549500 
7 2 9 3 5 4 0 6 8 1 
13217904 23259752 17271790 
3 2 9 4 5 7 0 6 8 1 
13233094 18596658 23418580 
7 5 9 6 4 2 0 1 8 3 
13247860 25609854 17101132 
7 5 9 1 4 2 0 6 8 3 
13310982 25321716 16937924 
4 2 9 6 5 7 8 3 0 1 
13347572 21449800 19634638 
4 2 9 6 5 7 8 1 0 3 
13353472 22549954 18062590 
7 2 9 6 5 4 0 1 8 3 
13364986 22776328 16431474 
6 2 9 4 5 7 8 3 0 1 
13366844 17461954 25030376 
4 2 9 1 5 7 8 3 0 6 
13389634 21300978 19750880 
4 2 9 1 5 7 8 6 0 3 
13395590 22258348 17899360 
1 2 9 4 5 7 8 3 0 6 
13410988 17458062 24754624 
1 2 9 4 5 7 8 6 0 3 
13416888 18559984 23233012 
7 2 9 1 5 4 0 6 8 3 
13428118 22571586 16238946 
4 2 9 3 5 7 8 6 0 1 
13458558 22006926 18528424 
3 2 9 4 5 7 8 6 0 1 
13476846 18480794 23069398 
7 2 9 6 5 4 8 1 0 3 
13608738 22660464 16082292 
7 2 9 1 5 4 8 6 0 3 
13671870 22455722 15889764 
7 2 9 4 5 3 0 1 8 6 
13765734 18118448 24254034 
7 2 9 4 5 3 0 6 8 1 
13765790 18134804 23976324 
7 2 9 4 5 6 0 1 8 3 
13765878 17235864 24229174 
7 2 9 4 5 1 0 6 8 3 
13765912 17228778 23729068 
7 2 9 4 5 3 8 6 0 1 
14009542 18018940 23627142 
7 2 9 4 5 6 8 1 0 3 
14009630 17120000 23879992 
7 2 9 4 5 1 8 6 0 3 
14009664 17112914 23379886 
7 5 9 3 2 4 0 1 8 6 
14397762 22170134 17524398 
7 5 9 3 2 4 0 6 8 1 
14397818 22187538 17247670 
7 5 9 6 2 4 0 1 8 3 
14544948 21699242 16419876 
7 5 9 1 2 4 0 6 8 3 
14608074 21496026 16226642 
5 2 9 1 4 6 0 3 8 7 
14642664 16635706 26690518 
5 2 9 1 4 3 0 6 8 7 
14648420 16672374 26678502 
4 5 9 1 2 7 8 3 0 6 
14676782 21357426 19724362 
3 5 9 4 2 7 8 6 0 1 
14726278 18548972 23038920 
7 5 9 6 2 4 8 1 0 3 
14841892 21583370 16064136 
5 2 9 6 4 1 8 3 0 7 
14897268 16710088 26088548 
7 5 9 1 2 4 8 6 0 3 
14905018 21380154 15870902 
5 2 9 1 4 6 8 3 0 7 
14939380 16512460 26392906 
5 2 9 1 4 3 8 6 0 7 
14945136 16549128 26380890 
7 5 9 4 2 6 0 1 8 3 
14945474 16854422 24217698 
7 5 9 4 2 1 0 6 8 3 
14945496 16860266 23716888 
7 5 9 4 2 6 8 1 0 3 
15242418 16738550 23861958 
7 5 9 4 2 1 8 6 0 3 
15242440 16744394 23361148 
9 5 4 8 2 7 1 0 6 3 
15793224 24966120 15752610 
7 5 4 0 2 9 3 8 6 1 
16253946 24324202 15732348 
7 5 4 8 2 9 3 0 6 1 
16294136 24367710 15418516 
7 5 4 0 2 9 1 8 6 3 
16424426 22849260 15167914 
7 5 4 8 2 9 1 0 6 3 
16464616 22892768 14854082 
7 5 4 0 2 9 6 8 1 3 
16648716 22617014 15559892 
7 5 4 8 2 9 6 0 1 3 
16688906 22660522 15246060 
2 5 4 9 7 8 1 0 6 3 
16848588 19116200 21309828 
2 5 4 9 7 0 1 8 6 3 
16850492 19102300 21456814 
7 5 4 9 2 8 3 0 6 1 
16945974 21168748 20290058 
7 5 4 9 2 0 3 8 6 1 
16947878 21154848 20437044 
2 5 4 9 7 8 6 0 1 3 
17072878 18900928 21700752 
2 5 4 9 7 0 6 8 1 3 
17074782 18887028 21847738 
7 5 4 9 2 8 1 0 6 3 
17116594 19693066 19705294 
7 5 4 9 2 0 1 8 6 3 
17118498 19679166 19852280 
7 5 4 9 2 8 6 0 1 3 
17340884 19477794 20096218 
7 5 4 9 2 0 6 8 1 3 
17342788 19463894 20243204 
4 5 7 0 2 9 3 8 6 1 
19273212 23443364 14853044 
4 5 7 8 2 9 3 0 6 1 
19313402 23486872 14539212 
4 5 7 0 2 9 1 8 6 3 
19443692 23803918 14358888 
4 5 7 8 2 9 1 0 6 3 
19483882 23847426 14045056 
9 2 7 1 5 4 8 6 0 3 
19530474 25661964 13686472 
4 5 7 9 2 8 3 0 6 1 
19608036 20290902 19425136 
4 5 7 9 2 0 3 8 6 1 
19609940 20277002 19572122 
7 2 4 9 5 8 6 0 1 3 
19687160 19253618 21069794 
7 2 4 9 5 0 6 8 1 3 
19689052 19252648 21216076 
4 5 7 9 2 8 1 0 6 3 
19778656 20650716 18910650 
4 5 7 9 2 0 1 8 6 3 
19780560 20636816 19057636 
4 5 7 0 2 9 6 8 1 3 
19859346 23482482 14699294 
9 2 7 1 5 4 0 6 8 3 
19860814 25510258 13880938 
4 5 7 8 2 9 3 0 1 6 
19897000 23472718 14791210 
4 5 7 8 2 9 6 0 1 3 
19899536 23525990 14385462 
4 5 7 9 2 8 6 0 1 3 
20194310 20346254 19250002 
4 5 7 9 2 0 6 8 1 3 
20196214 20332354 19396988 
9 5 7 1 2 4 8 6 0 3 
20753974 24586324 13454454 
9 5 7 1 2 4 0 6 8 3 
21031122 24434626 13655478 
4 2 7 0 5 9 3 8 6 1 
21120792 23262648 14706002 
4 2 7 8 5 9 3 0 6 1 
21160988 23304630 14392876 
4 2 7 9 5 8 3 0 6 1 
21455646 20063044 19278792 
4 2 7 9 5 0 3 8 6 1 
21457538 20062074 19425074 
4 2 7 0 5 9 1 8 6 3 
21683146 23626492 14154124 
4 2 7 8 5 9 1 0 6 3 
21723342 23668474 13840998 
4 2 7 8 5 9 3 0 1 6 
21741796 23289998 14646562 
4 2 7 9 5 8 1 0 6 3 
22018140 20426148 18706584 
4 2 7 9 5 0 1 8 6 3 
22020032 20425178 18852866 
4 2 7 8 5 9 6 0 1 3 
22192188 23347030 14174846 
4 2 7 9 5 8 6 0 1 3 
22486986 20121678 19039378 
4 2 7 9 5 0 6 8 1 3 
22488878 20120708 19185660 
1 5 2 9 7 8 4 0 6 3 
22501156 19174624 20784524 
1 5 2 9 7 0 4 8 6 3 
22503060 19160724 20931510 
9 5 4 1 2 7 8 6 0 3 
26877894 28302678 13414180 
