16 4
2 0 3 1 4 
652702 4794544 2933610 986186 
4 2 0 3 1 
701662 4571752 2587874 434734 
3 0 2 4 1 
713450 4181452 1749258 996972 
0 2 4 1 3 
716030 4805052 1993422 420460 
1 0 2 4 3 
724424 4030156 1793430 1026948 
4 2 0 1 3 
764110 4650880 2716844 427972 
0 1 2 4 3 
897524 3077596 2803016 1096488 
2 4 0 3 1 
904626 3460744 3800600 518620 
0 3 2 4 1 
921404 3038452 2968796 1081056 
2 4 0 1 3 
931986 3730240 3711566 496678 
2 0 4 1 3 
982544 3378324 3744124 543426 
1 2 4 0 3 
985560 6536176 1526832 745244 
0 4 2 3 1 
989922 4642444 2345806 536288 
4 0 2 3 1 
1035928 4421908 2774780 567778 
4 0 2 1 3 
1075210 4309696 2893424 568108 
1 4 2 0 3 
1147692 6169024 1621324 833588 
