18 3
2 1 3 4 0 
1609072 20545992 9488716 
2 3 1 4 0 
1610860 18870912 9052648 
0 1 3 4 2 
1657132 26526072 7865908 
4 1 3 0 2 
1657206 25016132 6396694 
2 3 1 0 4 
1665570 21172956 8264866 
2 1 3 0 4 
1666500 19991184 7747096 
2 0 3 1 4 
6303034 26301904 5781668 
2 1 0 4 3 
7202168 18453432 13659256 
4 0 1 3 2 
7218670 29393128 4929704 
0 4 1 3 2 
8293368 16572632 4948648 
2 4 1 3 0 
8317470 23125588 3307282 
3 1 4 2 0 
8332582 16211692 6052366 
0 1 4 2 3 
8347552 11092892 7443670 
2 4 3 1 0 
8784228 23110924 3306598 
1 3 4 2 0 
8801092 15016756 6053578 
0 3 4 2 1 
8812750 10798340 7215202 
4 2 3 1 0 
13261702 27296836 3293034 
4 2 1 3 0 
13731964 27282172 3292350 
