17 2
4 3 0 1 6 2 5 
2311676 1372922 
0 3 4 1 6 2 5 
2315522 1198292 
0 3 4 6 1 2 5 
2381306 1196992 
0 4 3 1 6 2 5 
2382144 1182710 
4 0 3 1 6 2 5 
2392650 1060424 
4 0 3 6 1 2 5 
2456162 1053860 
4 0 1 3 6 2 5 
2617050 1030092 
4 0 6 3 1 2 5 
2770170 1016620 
2 0 3 1 6 4 5 
3065494 804352 
2 0 3 6 1 4 5 
3148880 802376 
2 0 1 6 3 4 5 
3247758 768168 
2 0 6 1 3 4 5 
3337236 759980 
5 4 3 1 6 0 2 
3962432 647274 
5 4 1 3 6 0 2 
4188342 612628 
5 4 6 0 3 1 2 
6261452 601620 
5 4 1 0 6 3 2 
6601772 557302 
5 4 6 0 1 3 2 
6683246 555836 
