24 4
2 5 6 4 0 1 3 
13481262 2403378 1733648 5364336 
2 4 6 5 0 1 3 
13542876 2218728 1633930 3558216 
3 1 4 6 0 5 2 
13573810 1763202 1277002 5154446 
1 6 4 3 0 5 2 
13744798 2050478 1391818 3844410 
5 4 6 2 0 1 3 
13769402 2218604 1612470 3529260 
3 6 4 1 0 5 2 
13802756 2068038 1374354 4007528 
3 1 4 6 5 0 2 
13953316 1697920 1162454 5109982 
3 1 4 6 2 0 5 
14046358 1697614 1184280 5139868 
5 4 1 2 3 0 6 
14175704 1491258 1017382 3525488 
2 4 1 5 3 0 6 
14396002 1491162 1001030 3503136 
5 4 6 2 0 3 1 
14610468 1998780 1312830 3498548 
5 4 6 2 1 0 3 
14900986 1948088 1248726 3497268 
2 4 6 5 1 0 3 
14983652 1948056 1243510 3489876 
5 4 1 2 6 0 3 
15612852 1491030 997530 3498476 
2 4 1 5 6 0 3 
15883774 1490902 975706 3468668 
1 4 5 2 3 0 6 
17652810 1377228 977440 4235750 
2 4 5 1 3 0 6 
19115442 1314876 887204 3457294 
2 4 5 0 3 1 6 
20800222 1314336 923580 3507504 
5 4 2 6 3 0 1 
21890160 1369942 954512 3454648 
2 4 5 0 1 3 6 
22129948 1304140 879860 3465104 
2 4 5 0 6 3 1 
22787234 1304130 904462 3498678 
2 4 5 1 6 0 3 
23491950 1314712 878296 3445194 
2 4 5 3 1 0 6 
26034552 1304240 873308 3455898 
5 4 2 3 6 0 1 
26421128 1304700 865856 3445574 
