43 3
2 4 0 6 3 5 1 
2544294 5512344 10800560 
5 4 0 6 3 2 1 
2550112 5508848 14416064 
6 1 0 5 2 3 4 
2639330 5342488 13939062 
6 1 2 5 0 3 4 
2639884 5345228 13938120 
5 4 2 3 0 6 1 
2665978 6698532 9139572 
5 4 0 3 2 6 1 
2666298 6700120 9139288 
6 1 3 2 0 5 4 
2684764 5386314 10608896 
4 5 0 3 2 1 6 
2707902 5861560 9084826 
4 5 2 3 0 1 6 
2708100 5862528 9084086 
5 4 3 1 0 6 2 
2764814 8559712 8887504 
5 4 0 1 3 6 2 
2766660 8568828 8883972 
4 2 3 6 0 1 5 
2799740 7556250 7592424 
4 2 0 6 3 1 5 
2799864 7556850 7591758 
4 2 0 6 3 5 1 
2813750 5848456 9482920 
1 6 0 4 3 2 5 
2900146 5607576 9698678 
1 6 3 4 0 2 5 
2901754 5615508 9695310 
6 3 2 4 0 5 1 
2934034 6209880 8619062 
6 3 0 4 2 5 1 
2935470 6216972 8616346 
3 6 0 4 2 1 5 
2939844 5650854 8803242 
3 6 2 4 0 1 5 
2940194 5652582 8802590 
1 6 0 2 3 4 5 
2963662 7219668 7288090 
1 6 3 2 0 4 5 
2964216 7222392 7286644 
6 1 3 4 0 5 2 
3002938 5749368 8711390 
4 5 0 6 2 1 3 
3102252 6309800 7782776 
4 5 2 6 0 1 3 
3102450 6310768 7782036 
1 6 2 5 0 4 3 
3118738 10928364 7212498 
1 6 0 5 2 4 3 
3119748 10933356 7210678 
6 3 0 4 2 1 5 
3298912 6079726 7918208 
6 3 2 4 0 1 5 
3299346 6081874 7917514 
1 3 2 5 0 4 6 
3457068 8134228 7225042 
1 3 0 5 2 4 6 
3457994 8138800 7223222 
2 5 0 1 3 4 6 
3567642 6536648 7541164 
2 5 3 1 0 4 6 
3568420 6540492 7539846 
6 5 3 4 0 1 2 
3785428 6473706 7764218 
6 5 0 4 3 1 2 
3785772 6475406 7763712 
5 6 0 2 3 4 1 
3925192 9698632 6675060 
5 6 3 2 0 4 1 
3925746 9701356 6673632 
5 1 6 2 3 4 0 
4370454 9628370 6786754 
5 1 3 2 6 4 0 
4371492 9633502 6785030 
2 0 6 5 3 4 1 
4453556 9539816 6787752 
2 0 3 5 6 4 1 
4454574 9544848 6786012 
2 1 0 5 3 4 6 
4464814 9115020 6697366 
2 1 3 5 0 4 6 
4465556 9118684 6696048 
