125 4
4 0 1 5 3 2 
6725498 14102596 9702450 2129612 
4 0 1 2 3 5 
6726986 12743762 10004182 2279636 
4 0 3 5 1 2 
6731378 14786244 10046834 1748620 
4 0 3 2 1 5 
6735842 13146354 10233558 1708148 
5 0 1 4 3 2 
7577648 17367096 6889182 1674200 
2 0 1 4 3 5 
7582448 12874818 7421238 1674200 
5 0 3 4 1 2 
7585738 18024822 7233462 1138430 
2 0 3 4 1 5 
7590794 13283392 7650638 1138430 
4 2 1 5 3 0 
8098682 7976752 15573150 2384812 
4 5 1 2 3 0 
8099114 8046838 11740502 2355036 
4 2 3 5 1 0 
8104490 8598112 15888814 2003820 
4 5 3 2 1 0 
8108186 8636294 12056038 1783548 
1 0 5 4 2 3 
8147522 12568064 15220864 1583038 
5 0 1 2 3 4 
8195588 17047414 6650994 2091860 
2 5 1 4 3 0 
8197808 9769894 11321078 1842400 
2 0 1 5 3 4 
8198900 13913970 6881318 1941836 
5 0 3 2 1 4 
8204236 17652442 6973710 1520372 
2 0 3 5 1 4 
8204828 14550902 7204162 1560844 
2 5 3 4 1 0 
8206370 10365332 11636638 1306630 
4 5 1 0 3 2 
9083648 10007684 11310016 2373858 
2 5 1 0 3 4 
9255962 12072530 10467028 2352994 
2 5 3 0 1 4 
9264338 12685534 10789776 1829130 
1 3 2 4 0 5 
9411450 11499154 7494128 1499518 
1 3 0 4 2 5 
9416938 12126496 7809816 1154244 
4 1 0 2 3 5 
9424250 10375194 9658210 2305952 
4 1 0 5 3 2 
9430016 9513758 9528078 1984874 
4 1 3 2 0 5 
9434842 10251946 9650598 1663028 
5 2 1 4 3 0 
9660302 9748752 10731582 1842400 
2 4 1 5 3 0 
9666154 7218956 15401378 2301436 
5 2 3 4 1 0 
9668320 10344190 11047142 1306630 
2 4 3 5 1 0 
9672064 7840316 15717042 1920444 
4 5 1 2 0 3 
9684124 7780424 19352678 2262156 
4 5 0 2 3 1 
9756886 8021428 11968910 2416152 
4 2 3 5 0 1 
9762138 7825540 10907806 2060580 
4 2 0 5 3 1 
9762928 7979266 10979598 2048674 
4 5 3 2 0 1 
9767316 7758032 11896678 1773228 
4 2 3 1 0 5 
9991908 9241290 11010640 1700046 
4 5 0 1 3 2 
9994096 8417648 11876920 1627386 
4 2 0 1 3 5 
9994372 9236922 11017740 1580986 
1 3 2 5 0 4 
10163238 11655922 7261064 1946650 
1 3 0 5 2 4 
10171516 12019774 7468932 1422786 
2 1 0 4 3 5 
10280384 13293202 6867058 1577708 
5 1 0 4 3 2 
10281902 11683384 6796606 1577708 
2 1 3 4 0 5 
10285706 13231768 6859694 1303870 
5 1 3 4 0 2 
10286344 12478410 7184142 1303870 
4 5 0 1 2 3 
10498436 9098820 9979020 1663506 
4 5 2 1 0 3 
10500810 9310466 10086632 1532540 
0 5 1 4 3 2 
10552058 16139534 6426504 1539872 
0 5 3 4 1 2 
10560556 16797260 6770784 1004102 
0 5 1 2 3 4 
10625678 16481324 6002940 2031644 
0 5 3 2 1 4 
10634734 17086352 6325656 1460156 
2 0 3 4 5 1 
10734560 12541654 7641498 1126390 
5 2 0 4 3 1 
10804006 9750892 7707246 1618308 
5 2 3 4 0 1 
10807296 9549310 7635262 1344470 
5 1 0 2 3 4 
10894634 12957742 6435218 2118176 
2 1 0 5 3 4 
10898882 13706124 6375538 1797098 
5 1 3 2 0 4 
10904842 13208222 6599926 1475252 
4 2 5 1 3 0 
10912904 9246340 10836980 1550428 
5 4 1 2 3 0 
11129080 7267900 10979234 2271660 
5 4 3 2 1 0 
11137710 7857356 11294770 1700172 
2 5 0 4 3 1 
11180596 9745436 7555118 1618308 
2 5 3 4 0 1 
11185756 9543854 7483134 1344470 
1 0 5 4 3 2 
11284894 11975176 6752804 1672478 
1 0 3 4 5 2 
11294214 12914812 7233448 1053366 
1 3 0 4 5 2 
11341460 11658582 8043620 1154244 
1 2 0 4 3 5 
11360830 12991532 6605872 1545284 
1 2 3 4 0 5 
11363976 12930098 6598508 1271446 
5 4 1 2 0 3 
11581530 7017854 19047794 2178780 
4 2 5 0 3 1 
11667482 8590696 10670084 2186962 
4 2 3 0 5 1 
11668596 8372308 10576680 2091714 
1 5 0 4 3 2 
11738938 11376258 6383292 1545284 
1 5 3 4 0 2 
11743074 12171284 6770828 1271446 
5 2 3 1 0 4 
11787180 11634198 7465432 1470542 
5 2 0 1 3 4 
11790028 11256102 7300212 1351482 
0 2 1 4 3 5 
12019352 11626114 6369064 1539872 
0 2 3 4 1 5 
12027562 12034688 6598464 1004102 
4 2 5 1 0 3 
12046346 9287826 10430184 1567628 
4 5 2 1 3 0 
12112088 8447280 11144408 1515340 
1 2 3 5 0 4 
12114090 13599236 6325844 1758052 
1 2 0 5 3 4 
12115408 13239086 6160696 1746146 
5 4 0 2 3 1 
12268136 7249992 11416818 2332776 
5 4 3 2 0 1 
12277750 6986596 11344586 1689852 
2 5 0 1 3 4 
12438778 10919910 7240772 1314426 
3 5 0 4 2 1 
12474628 15726562 7555014 986404 
0 2 3 4 5 1 
12575878 11330460 7635204 992062 
5 4 3 1 0 2 
12639136 8341672 11758972 1644542 
5 4 0 1 3 2 
12641426 7480844 11371172 1525482 
2 4 0 5 3 1 
12650768 7202374 10275378 1965298 
2 4 3 5 0 1 
12651032 7048648 10203586 1977204 
5 4 0 1 2 3 
12721056 8168154 9644416 1561602 
5 4 2 1 0 3 
12722920 8379800 9752028 1430636 
1 5 0 2 3 4 
12759910 12154512 6160936 2030168 
1 5 3 2 0 4 
12769812 12404992 6325644 1387244 
0 1 5 4 3 2 
12802268 11054740 6703440 1570574 
0 1 3 4 5 2 
12812302 11994376 7184084 951462 
0 1 5 2 3 4 
12873656 12079690 6227076 2114978 
0 2 1 5 3 4 
13146104 12045136 6002934 1738028 
0 2 3 5 1 4 
13151896 12682068 6325778 1357036 
2 4 3 1 0 5 
13289042 7968294 10445452 1561086 
2 4 0 1 3 5 
13290452 7963926 10452552 1442026 
2 4 5 1 3 0 
13454488 7984256 10576048 1411468 
1 4 3 5 0 2 
13533622 9112710 8996744 1862452 
1 4 0 5 3 2 
13534382 8269828 8609016 1850546 
1 4 3 2 0 5 
13810246 8677280 8824224 1491644 
3 2 1 4 0 5 
14339172 19221816 6369018 1260376 
3 2 0 4 1 5 
14344236 19691824 6605782 998444 
3 1 5 4 2 0 
14374332 10211210 10946930 1241198 
3 1 2 4 5 0 
14374572 9728478 10724350 1241198 
3 1 2 4 0 5 
14598568 9586250 6551266 1291078 
3 1 0 4 2 5 
14603920 10213592 6866954 945804 
3 2 0 5 1 4 
14656554 19965092 6160632 1357282 
3 1 2 5 0 4 
14908096 10280464 6167584 1798426 
3 1 0 5 2 4 
14916238 10644316 6375452 1274562 
5 4 2 1 3 0 
15466758 7500246 10353420 1413436 
0 1 3 4 2 5 
15472910 11613992 6859636 951462 
3 5 1 4 0 2 
15475358 15948666 6426458 1260376 
3 5 0 4 1 2 
15479720 15811366 6383202 998444 
2 4 0 1 5 3 
16049948 8150730 9644400 1464386 
2 4 5 1 0 3 
16050820 8004600 9579756 1428668 
0 1 2 5 3 4 
16588244 11694826 6167582 1786274 
0 1 3 5 2 4 
16597244 12418828 6540598 1274316 
3 5 0 2 1 4 
16602752 16583686 6160840 1446872 
3 5 1 2 0 4 
16603598 16229138 6002832 1375436 
3 1 0 4 5 2 
17283482 9734766 6796502 945804 
3 1 5 2 0 4 
18403898 10553788 6226968 1458770 
