200 4
2 3 0 1 5 4 6 
11003144 10498442 3195832 14771724 
0 3 2 1 5 4 6 
11004438 10390888 3194236 14850596 
1 3 0 2 5 4 6 
11010390 10726182 2859816 14772604 
1 3 2 0 5 4 6 
11010910 10668930 2563626 14795076 
2 3 1 0 5 4 6 
11011378 6717836 2569914 10232258 
0 3 1 2 5 4 6 
11012152 6667534 2864508 10288658 
2 4 0 1 6 3 5 
11505360 9674166 1614896 14749386 
0 4 2 1 6 3 5 
11505394 10577158 1614498 15382700 
2 1 3 0 5 4 6 
11582262 6142384 2566572 10799940 
0 1 3 2 5 4 6 
11583120 6091772 2861064 10824354 
3 1 2 0 5 4 6 
11584648 11174902 2561488 14249146 
2 4 0 3 6 1 5 
12313952 9851812 1318590 14739476 
0 4 2 3 6 1 5 
12313996 10755330 1318118 15374592 
0 1 2 4 3 6 5 
12340632 8723430 2438298 13993330 
2 1 0 4 3 6 5 
12340720 9496928 2437486 14668044 
6 5 1 4 3 0 2 
12568322 6920226 3358986 10075322 
4 6 2 0 5 1 3 
12598058 10831012 2399050 14029432 
4 6 0 2 5 1 3 
12598272 10762888 2135600 14041994 
0 6 4 2 5 1 3 
12600900 8685100 2138754 13174810 
2 6 4 0 5 1 3 
12601894 8641170 2400320 13284146 
0 2 1 4 3 6 5 
13202712 7420244 2437234 9153750 
0 2 4 1 3 6 5 
13206046 11234942 1611972 14048384 
4 2 0 1 3 6 5 
13208438 8253696 1609758 13578950 
0 2 6 4 3 1 5 
13291760 9283382 2431004 11412904 
0 2 4 6 3 1 5 
13295214 11664326 1576398 14308058 
6 2 0 4 3 1 5 
13296974 8607944 2430800 12838610 
4 2 0 6 3 1 5 
13297116 8657306 1577810 13750326 
6 1 5 4 3 0 2 
13299668 6156056 3355584 10186764 
2 0 1 4 3 6 5 
13618226 7387496 2437528 9153830 
1 0 2 4 3 6 5 
13624086 7500890 2431064 13065070 
4 0 2 1 3 6 5 
13625460 7441560 1608926 12296582 
1 4 5 3 6 2 0 
13625524 6985268 2404738 12584128 
6 5 1 4 3 2 0 
13643386 6860338 2962568 9855164 
1 0 3 2 5 4 6 
13682476 6055010 2864334 11241874 
2 0 3 1 5 4 6 
13685226 5790380 3188212 7434660 
3 0 1 2 5 4 6 
13685320 7128758 2865616 10160198 
2 0 1 3 5 4 6 
13690772 6988662 2367064 8467830 
2 0 4 6 3 1 5 
13712134 11637444 1576012 14307668 
4 0 2 6 3 1 5 
13713978 7994354 1577938 12439606 
1 2 3 0 5 4 6 
13721648 6107482 2568384 11019690 
0 2 3 1 5 4 6 
13725256 5792240 3186754 7236890 
0 2 1 3 5 4 6 
13730728 6998508 2365630 8270110 
0 4 6 2 5 1 3 
14062766 6567100 2136902 10525694 
2 4 6 0 5 1 3 
14063508 6524100 2398774 10730988 
4 6 5 1 3 0 2 
14212048 5570040 3847302 8050634 
2 0 4 1 6 3 5 
14236186 4796374 1612154 6280044 
1 0 4 2 6 3 5 
14237010 4544120 2990832 8680288 
4 0 6 5 2 1 3 
14391134 10698970 1316760 15599108 
6 0 4 5 2 1 3 
14394350 12011320 1316016 16419536 
0 3 4 2 6 1 5 
14509324 4657648 2998014 8051910 
2 3 4 0 6 1 5 
14510524 4617692 2996658 7749418 
1 2 4 0 6 3 5 
14705376 4521446 2989870 8409948 
3 5 4 1 6 2 0 
14726430 4760698 4080846 6615252 
2 0 4 3 6 1 5 
15044508 5225768 1317468 6222290 
4 0 2 3 6 1 5 
15046910 10005130 1314000 14996962 
4 2 6 5 0 1 3 
15429806 9893002 1317098 14955828 
4 2 0 3 6 1 5 
15514014 9128494 1314858 14362236 
1 3 2 4 5 0 6 
15597468 10307112 887620 14563210 
2 3 1 4 5 0 6 
15598796 6401254 887544 10155364 
2 1 0 4 5 3 6 
15627404 10539526 887286 16473586 
0 1 2 4 5 3 6 
15628508 10429128 887092 16484482 
1 2 3 4 0 5 6 
15840884 8949710 887326 14692054 
3 5 4 1 6 0 2 
15936256 4703454 3849002 6406756 
2 1 3 4 5 0 6 
16169410 6077550 885822 10675202 
3 1 2 4 5 0 6 
16171206 11079034 885104 14018090 
0 3 1 4 5 2 6 
16408882 6267900 886272 10197758 
5 3 2 1 0 4 6 
16752014 3909144 3188282 5170564 
1 3 2 5 0 4 6 
16752606 4063094 1580128 6451966 
4 6 0 1 2 5 3 
16901506 3768136 1711728 5792556 
1 6 0 4 2 5 3 
16904082 3460344 3219328 6931936 
0 1 3 4 5 2 6 
16979570 5953210 884508 10683838 
3 1 0 4 5 2 6 
16980262 11065092 883984 14015830 
2 0 4 1 6 5 3 
17381818 4800782 1707604 5641180 
0 2 1 4 3 5 6 
17488132 7341358 885996 8738292 
4 6 2 1 0 5 3 
17506962 3868822 1711412 5827404 
1 6 2 4 0 5 3 
17508208 3482826 3220456 6873418 
5 3 0 1 2 4 6 
17542724 3942180 3188814 5123462 
1 3 0 5 2 4 6 
17543806 4124942 1580128 6439262 
2 0 1 4 5 3 6 
17738072 6901088 886188 8474924 
0 2 1 4 5 3 6 
17778028 6713934 885034 8276604 
6 4 0 1 2 5 3 
17794610 3968540 1708480 5222716 
1 4 0 6 2 5 3 
17797156 3758546 2363382 7647920 
4 6 0 5 2 1 3 
17979672 4178904 1317708 5746492 
5 6 0 4 2 1 3 
17981536 3890962 3219062 5201330 
6 5 0 4 2 1 3 
18048366 3708476 3223950 5903580 
6 4 2 1 0 5 3 
18243832 4093184 1708236 5257714 
1 2 3 4 5 0 6 
18308796 5195548 888838 10892372 
3 2 1 4 5 0 6 
18311920 6291174 888044 9827414 
2 0 4 5 6 1 3 
18460364 4975360 1312376 5524974 
5 3 2 1 0 6 4 
18477950 3788874 4012882 5701968 
1 4 5 2 6 3 0 
18572254 6965192 593358 12545326 
5 4 1 2 6 3 0 
18576286 11585534 592388 15939424 
4 6 2 5 0 1 3 
18585128 4249588 1317812 5739298 
5 6 2 4 0 1 3 
18586152 3912254 3220078 5135168 
4 3 2 1 0 5 6 
18639998 3223926 3185828 6530338 
1 3 2 4 0 5 6 
18642404 3473146 885896 6420296 
1 5 4 0 3 6 2 
18773888 10872150 591754 15700454 
4 5 1 0 3 6 2 
18775772 6463772 591936 11036906 
6 4 0 5 2 1 3 
18872776 4369458 1314474 5176622 
4 5 1 2 3 6 0 
19041520 6360878 589910 10731404 
6 5 2 4 0 1 3 
19121684 3657894 3224750 5836968 
6 4 2 5 0 1 3 
19321998 4464100 1314650 5169578 
4 3 0 1 2 5 6 
19429868 3259002 3186552 6496340 
1 3 0 4 2 5 6 
19433604 3586426 885176 6479664 
4 1 5 0 3 6 2 
19507042 5848476 589392 11088010 
5 1 4 0 3 6 2 
19508316 11586600 589048 15133104 
5 1 2 3 0 4 6 
19513210 4353758 2362622 5189680 
2 1 5 4 3 0 6 
19545318 6155436 884214 10812644 
5 1 2 4 3 0 6 
19550242 8675910 881848 10521730 
5 3 0 1 2 6 4 
19670918 3822420 4013462 5658142 
1 5 4 2 6 3 0 
19673960 4500168 593088 7930496 
4 1 5 2 3 6 0 
19802442 5745596 587912 10783698 
4 6 2 1 0 3 5 
19821410 3945278 1609578 5233468 
1 3 0 4 2 6 5 
19830720 3619308 2428656 5404060 
1 5 0 4 2 6 3 
19848740 3542880 3219414 5377006 
6 3 0 4 2 1 5 
19918834 3460916 2430798 6136266 
0 2 3 4 5 1 6 
20019726 6005438 884258 7250620 
6 5 1 2 3 4 0 
20118972 6566008 589556 9715356 
1 5 4 0 6 3 2 
20164460 4422286 591280 7728910 
1 3 2 4 0 6 5 
20246294 3507558 2429520 5354520 
4 6 0 1 2 3 5 
20288642 3845952 1610022 5207356 
6 3 2 4 0 1 5 
20335528 3346446 2431406 6069254 
4 3 2 6 0 1 5 
20335726 3456842 1578474 7401612 
5 1 0 3 2 4 6 
20355928 4374692 2363206 5137614 
6 4 2 1 0 3 5 
20558280 4169640 1606402 4663778 
4 6 2 3 0 1 5 
20630272 4035540 1312820 5116086 
5 4 0 1 2 6 3 
20674148 3321562 1704438 5982926 
1 4 0 5 2 6 3 
20674842 3301462 1310690 7635676 
4 6 1 0 3 5 2 
20782446 6793910 591162 9420346 
6 1 5 0 3 4 2 
20854150 6027108 588714 10039810 
6 1 5 2 3 4 0 
20879820 5941712 587600 9801408 
1 5 2 4 0 6 3 
20920938 3495018 3220470 5327866 
4 6 0 3 2 1 5 
21097504 3931928 1313324 5083968 
5 4 2 1 0 6 3 
21122740 3447736 1704338 6027752 
6 4 0 1 2 3 5 
21181746 4046356 1606774 4637516 
3 4 2 1 0 6 5 
21276866 3456388 1606832 6791552 
1 4 2 3 0 6 5 
21279978 3307164 1308692 7484262 
4 6 1 2 5 3 0 
21366222 6767328 590334 8911064 
6 4 2 3 0 1 5 
21367142 4250052 1309658 4546366 
3 1 2 4 0 5 6 
21400310 3831368 883968 5873916 
4 5 2 1 0 3 6 
21629300 3402838 3185388 5700462 
1 5 2 4 0 3 6 
21632084 3657308 885330 6258052 
4 6 1 2 3 5 0 
21817946 6691016 589136 9114844 
0 2 5 4 3 1 6 
21886842 6311348 883010 7366580 
3 4 0 1 2 6 5 
21901522 3330214 1606932 6746726 
1 4 0 3 2 6 5 
21904564 3176874 1308868 7434522 
6 4 0 3 2 1 5 
21990608 4122482 1310090 4514098 
4 1 3 2 5 6 0 
22061646 5880650 586392 10937820 
6 4 1 0 5 3 2 
22101282 7205608 590750 8848374 
5 6 0 1 2 4 3 
22118674 3232502 1704984 5193246 
1 6 0 5 2 4 3 
22119386 3212652 1311230 6877788 
1 3 0 6 2 4 5 
22168338 3828700 1573250 5362156 
6 4 1 0 3 5 2 
22198430 7162240 589568 9092826 
3 1 0 4 2 5 6 
22243588 3936662 883224 5933234 
5 1 4 2 6 3 0 
22363210 4809372 590046 7208246 
1 3 2 6 0 4 5 
22583912 3729808 1573934 5330634 
1 5 6 2 4 3 0 
22633450 4349852 590908 7974514 
6 3 2 1 0 5 4 
22703354 3215510 4007774 5705498 
5 6 2 1 0 4 3 
22723290 3335228 1704860 5241198 
6 4 1 2 5 3 0 
22769060 7153142 589106 8649454 
5 1 4 0 6 3 2 
22823036 4772286 589092 7160450 
1 5 0 4 2 3 6 
22839348 3708060 884546 6325756 
3 1 4 0 5 6 2 
22843660 9327944 585792 11977132 
3 6 2 1 0 4 5 
22877416 3343880 1607354 6004998 
1 6 2 3 0 4 5 
22880546 3194906 1309208 6729500 
4 3 2 5 0 1 6 
23045870 3236468 1573078 6435794 
5 3 2 4 0 1 6 
23047684 3331738 881300 5044350 
6 1 3 2 5 4 0 
23139024 6076766 586080 9955530 
3 1 6 2 5 4 0 
23139452 7080220 587062 9196802 
6 4 1 2 3 5 0 
23220784 7076830 587908 8853234 
3 6 0 1 2 4 5 
23346048 3241154 1607478 5957046 
1 6 0 3 2 4 5 
23349108 3088064 1309408 6676634 
1 5 6 0 4 3 2 
23526208 4259622 589328 7758186 
5 1 2 4 0 3 6 
23561010 3697572 879808 5183182 
1 3 4 0 6 5 2 
23637172 4590652 590590 7755886 
5 3 0 4 2 1 6 
23838394 3446208 880692 5111362 
3 1 5 2 6 4 0 
23890478 6688418 586966 9226070 
3 1 4 2 6 5 0 
23984254 4651620 586626 6838472 
3 1 6 0 5 4 2 
24188952 7033578 585384 9019512 
3 5 4 2 6 1 0 
24259348 4313804 588060 6594672 
5 1 0 4 2 3 6 
24403728 3804226 879192 5251236 
3 5 4 0 6 1 2 
24839758 4230094 586130 6371116 
3 1 4 0 6 5 2 
25163360 4567910 584696 6614916 
6 5 2 1 0 3 4 
25692656 3394422 4007334 4875622 
3 1 6 2 4 5 0 
26891666 4509290 584470 6882540 
6 3 2 5 0 1 4 
27019288 3228154 2427988 5611098 
3 5 6 2 4 1 0 
27218768 4163658 585896 6639782 
6 5 0 1 2 3 4 
27301058 3366970 4007994 4849960 
6 5 2 3 0 1 4 
27850588 3325554 3216340 4755600 
3 1 5 0 4 6 2 
28111130 8744420 584452 11991500 
3 5 6 0 4 1 2 
28201436 4067600 584194 6401484 
3 1 6 0 4 5 2 
28473030 4413232 582768 6644242 
6 5 0 3 2 1 4 
29458990 3293816 3217060 4723932 
5 4 0 3 2 6 1 
30012966 3159776 1701454 5907618 
5 3 0 6 2 4 1 
30028690 3824376 3185288 4985092 
3 6 0 5 2 4 1 
31369616 3203956 1606316 6082892 
5 6 0 3 2 4 1 
31371964 3070716 1702000 5117938 
5 3 2 6 0 4 1 
31383356 3725484 3185972 4953570 
5 6 2 3 0 4 1 
31842494 3177558 1701800 5170804 
3 5 2 6 0 4 1 
32304358 3714204 3187298 5020060 
