64 4
5 4 1 0 6 3 2 
906940 4736484 12411390 2157132 
5 3 1 2 6 4 0 
960842 4350110 10126292 1896510 
5 3 1 2 6 0 4 
998026 4399424 13154958 1817272 
5 4 1 2 6 3 0 
1034288 3782992 20131246 1395154 
5 4 1 3 6 0 2 
1042566 2978130 12160180 1336602 
5 4 1 2 6 0 3 
1063966 3653502 12699372 1310420 
5 3 1 4 6 0 2 
1073642 3153642 18360878 1280758 
5 3 1 0 6 4 2 
1080422 2554130 18204548 1068504 
5 3 1 4 6 2 0 
1101222 3012680 10023542 1301724 
5 3 1 0 6 2 4 
1145186 2462482 12895878 1010232 
5 4 6 1 3 0 2 
1196240 3399034 12073656 1293458 
5 4 3 1 6 0 2 
1219756 3291858 12143298 1289194 
5 4 1 6 3 0 2 
1264130 3496924 12049682 1253540 
5 1 3 4 6 2 0 
1294330 3354446 11176224 1250482 
5 1 3 0 6 2 4 
1312626 3083806 12432808 1118884 
2 3 1 4 6 5 0 
1363072 3017242 10483702 1297948 
5 6 1 4 3 2 0 
1379406 3562406 11157558 1220734 
5 6 3 4 1 2 0 
1383460 3493112 11192150 1215374 
5 6 1 0 3 2 4 
1391162 3248048 12055086 1127352 
5 6 3 0 1 2 4 
1395900 3265352 12089678 1119796 
2 3 1 0 6 5 4 
1407036 2467044 13356038 1006456 
2 1 3 4 6 5 0 
1556250 3359582 11636384 1247154 
2 1 3 0 6 5 4 
1574546 3088942 12892968 1115556 
2 6 1 0 3 5 4 
1600564 3251058 12423214 1123832 
2 6 3 4 1 5 0 
1638824 3498054 11640806 1212078 
2 6 3 0 1 5 4 
1651264 3270294 12538334 1116500 
5 1 0 2 3 4 6 
2170314 7803152 3169740 1925536 
5 6 0 4 3 2 1 
2249368 6220040 2859138 1165226 
5 6 0 1 3 4 2 
2374464 4371894 17838760 362508 
5 6 0 1 3 2 4 
2376144 4260244 11475906 280194 
5 3 6 0 4 2 1 
2613732 7679810 3815036 1019040 
5 1 4 0 6 2 3 
2661388 6963834 4205524 1068952 
5 3 4 0 6 2 1 
2663768 6798120 4115710 969936 
5 6 2 0 4 3 1 
2672510 8023652 2583296 1145168 
5 6 1 0 4 2 3 
2674588 8025732 3524410 1118752 
5 3 1 0 4 2 6 
2676968 7860018 3434596 1019736 
5 3 6 1 4 2 0 
2690688 6313092 9200412 461520 
5 1 6 3 4 2 0 
2712260 6338548 10370270 456412 
5 3 4 1 6 2 0 
2740724 5431402 9501086 412416 
5 6 4 0 1 2 3 
2744662 7145380 3862394 1069864 
5 3 4 0 1 2 6 
2753562 6996550 3775448 973448 
5 3 2 1 4 6 0 
2755394 6515910 9189284 490358 
5 1 4 3 6 2 0 
2755928 5459218 10668076 404220 
5 3 1 6 4 2 0 
2759292 6411204 9179012 425964 
5 6 3 0 4 2 1 
2759736 8287362 2565782 1123932 
5 6 2 1 4 3 0 
2786542 6253128 10302536 356690 
5 1 2 6 4 3 0 
2792680 6249858 10305384 358268 
5 6 4 0 3 2 1 
2825072 7389706 2869174 1082600 
5 6 2 3 4 0 1 
2825700 6316118 2387680 359258 
5 3 4 6 1 2 0 
2836038 5566980 9519864 379188 
5 6 2 1 4 0 3 
2839502 6131032 3285300 269650 
5 6 4 3 1 2 0 
2845058 5597884 10684002 369112 
5 6 4 1 3 2 0 
2940092 5744268 10588414 290950 
5 1 4 6 3 2 0 
2946276 5741180 10591266 292830 
2 3 4 1 6 5 0 
3001954 5430880 9961246 404672 
2 1 4 3 6 5 0 
3017158 5458696 11128236 396476 
2 3 4 6 1 5 0 
3090712 5566264 9968520 371476 
2 6 4 3 1 5 0 
3099732 5597168 11132658 361400 
2 6 4 1 3 5 0 
3148874 5742194 10956542 283462 
2 1 4 6 3 5 0 
3155058 5739106 10959394 285342 
0 6 2 3 4 5 1 
3205758 6325812 3054912 356186 
0 6 2 1 4 5 3 
3219560 6140726 3952532 266578 
5 6 0 3 4 2 1 
4127774 10311556 2140938 394772 
5 6 0 1 4 2 3 
4141714 10127016 3038570 306070 
