31 3
2 0 5 4 1 3 
6310846 770348 10022870 
5 3 2 4 0 1 
6311778 902242 7923418 
5 1 2 4 0 3 
6312066 638952 12566818 
5 0 2 4 1 3 
6314076 708254 12345054 
5 3 2 4 1 0 
6314154 901456 7120566 
2 0 5 4 3 1 
6323518 770524 7380884 
2 1 5 4 3 0 
6323962 622124 10573436 
2 3 5 4 0 1 
6324102 854754 7149082 
2 1 5 4 0 3 
6324358 623592 10244322 
5 0 2 4 3 1 
6333084 708782 8154780 
5 1 2 4 3 0 
6333450 638694 7573692 
2 0 1 4 3 5 
6640812 697278 7500626 
2 5 1 4 3 0 
6640858 597036 7209650 
5 2 1 4 3 0 
6640858 614614 7198770 
2 5 1 4 0 3 
6644818 598252 6009624 
5 2 1 4 0 3 
6644818 613080 5998744 
2 0 1 4 5 3 
6645960 698528 5717338 
5 0 1 4 2 3 
6649382 698530 5706394 
2 1 3 4 5 0 
8810642 596092 11612396 
5 1 3 4 0 2 
8813942 595262 13324042 
2 1 3 4 0 5 
8814206 595722 11034442 
5 3 4 2 0 1 
8878794 1143544 5020446 
2 3 4 5 0 1 
8878842 1057128 5333032 
2 0 4 5 3 1 
8887762 1011826 5322770 
5 0 4 2 3 1 
8887824 899802 5564474 
3 0 4 1 2 5 
8916706 860644 4566816 
3 0 4 1 5 2 
8916706 862040 4486000 
3 5 4 1 0 2 
8928276 813852 4455534 
0 2 4 1 3 5 
10364124 946370 4325442 
0 5 4 1 3 2 
10364378 917214 4325250 
5 0 4 1 3 2 
10792346 996338 4286398 
