843 3
3 1 6 7 5 8 0 4 9 2 
2616138 54484890 24110064 
3 6 1 7 5 8 0 4 9 2 
2625036 54875558 23956822 
3 1 6 7 5 0 8 4 9 2 
2648206 54398990 24227260 
3 6 1 7 5 0 8 4 9 2 
2657104 54789658 24074018 
3 1 6 5 2 8 0 4 9 7 
2735090 53838348 30950380 
3 6 1 5 2 8 0 4 9 7 
2743228 54229018 30797138 
3 1 6 5 2 0 8 4 9 7 
2767198 53668774 30997486 
3 6 1 5 2 0 8 4 9 7 
2775336 54059444 30844244 
4 1 6 5 2 8 0 3 9 7 
2796220 40644566 33079216 
4 6 1 5 2 8 0 3 9 7 
2804358 41035236 32925974 
4 1 6 5 2 0 8 3 9 7 
2828328 40474992 33126322 
4 6 1 5 2 0 8 3 9 7 
2836466 40865662 32973080 
3 6 1 4 5 8 0 7 9 2 
2851410 52422484 32825066 
4 1 6 7 5 8 0 3 9 2 
2910704 41290738 26126938 
4 6 1 7 5 8 0 3 9 2 
2919602 41681406 25973696 
4 1 6 7 5 0 8 3 9 2 
2942772 41204838 26244134 
4 6 1 7 5 0 8 3 9 2 
2951670 41595506 26090892 
1 3 6 7 5 8 0 4 9 2 
2970006 54453002 23965576 
7 1 6 2 5 8 0 3 9 4 
2999016 39236250 32105786 
1 3 6 7 5 0 8 4 9 2 
3002074 54367102 24082772 
7 6 1 2 5 8 0 3 9 4 
3025570 39600378 32011388 
7 1 6 2 5 0 8 3 9 4 
3031084 39150350 32222982 
7 6 3 2 5 8 0 1 9 4 
3088746 40616216 31960412 
3 6 1 7 5 8 0 2 9 4 
3106556 61057828 22451602 
3 1 6 7 5 8 0 2 9 4 
3111712 60540386 22540334 
9 0 8 2 5 6 1 3 4 7 
3120516 38829076 32854566 
9 0 8 2 5 1 6 3 4 7 
3135738 38831244 32649834 
9 8 0 2 5 6 1 3 4 7 
3139524 38478416 32964786 
3 1 6 7 5 0 8 2 9 4 
3143780 60454486 22657530 
9 8 0 2 5 1 6 3 4 7 
3154746 38480584 32760054 
9 6 1 2 5 8 0 3 7 4 
3176616 37106680 32068750 
9 6 1 2 5 0 8 3 7 4 
3187174 37020780 32185946 
9 0 8 7 5 6 1 3 4 2 
3197656 39154108 28962714 
9 0 8 7 5 1 6 3 4 2 
3212878 39156276 28757982 
9 8 0 7 5 6 1 3 4 2 
3216664 38803448 29072934 
9 1 6 2 5 8 0 3 7 4 
3220662 36760256 32210980 
4 6 3 7 5 8 0 1 9 2 
3228088 42423968 25910408 
9 1 6 2 5 0 8 3 7 4 
3231220 36674356 32328176 
9 8 0 7 5 1 6 3 4 2 
3231886 38805616 28868202 
9 0 8 4 5 6 1 3 7 2 
3307262 35459530 33628362 
4 3 6 7 5 8 0 1 9 2 
3318494 41341328 25906986 
9 8 0 4 5 6 1 3 7 2 
3326270 35108870 33738582 
9 0 8 4 5 1 6 3 7 2 
3329872 35545328 33492392 
9 8 0 4 5 1 6 3 7 2 
3348880 35194668 33602612 
4 3 6 7 5 0 8 1 9 2 
3350562 41255428 26024182 
3 8 0 7 2 6 1 9 4 5 
3352954 47534408 25118680 
3 8 0 7 2 1 6 9 4 5 
3368770 47155982 24916754 
9 6 3 2 5 8 0 1 7 4 
3397634 38122518 32017774 
9 6 1 7 2 8 0 3 5 4 
3397762 42122502 25798576 
2 1 6 7 5 8 0 3 9 4 
3406040 39878948 25828560 
1 6 3 7 5 8 0 2 9 4 
3425668 60764652 22419182 
2 6 1 7 5 8 0 3 9 4 
3432594 40243076 25734162 
2 1 6 7 5 0 8 3 9 4 
3438108 39793048 25945756 
3 0 8 7 2 1 6 9 4 5 
3444776 47020160 24848380 
4 1 6 9 5 8 0 3 2 7 
3445194 35801640 26509294 
4 6 1 9 5 8 0 3 2 7 
3451540 36174612 26308220 
4 1 6 7 5 8 0 3 2 9 
3454086 41510000 23352418 
4 1 6 9 5 0 8 3 2 7 
3455098 35464850 26420204 
1 6 3 7 5 0 8 2 9 4 
3457736 60678752 22536378 
4 6 1 9 5 0 8 3 2 7 
3461444 35837822 26219130 
4 1 6 7 5 0 8 3 2 9 
3464392 41423086 23469464 
9 6 1 7 5 8 0 3 4 2 
3510158 36749730 26011804 
9 6 1 7 5 0 8 3 4 2 
3520716 36663830 26129000 
3 1 6 7 5 8 0 9 4 2 
3548194 41364976 23900208 
9 1 6 7 5 8 0 3 4 2 
3554210 36372340 26200920 
3 6 1 7 5 8 0 9 4 2 
3599272 41282424 23694094 
2 6 3 7 5 8 0 1 9 4 
3613664 41258914 25683186 
9 0 8 4 2 6 1 3 5 7 
3669376 38126204 24006672 
9 0 8 4 2 1 6 3 5 7 
3684558 38212046 23872030 
9 8 0 4 2 6 1 3 5 7 
3688506 37771118 24104934 
9 0 8 4 2 6 1 5 3 7 
3689928 59757406 20650898 
9 8 0 4 2 6 1 5 3 7 
3694998 59560060 20766784 
9 8 0 4 2 1 6 3 5 7 
3703688 37856960 23970292 
9 0 8 4 2 1 6 5 3 7 
3705110 59843248 20516256 
9 8 0 4 2 1 6 5 3 7 
3710180 59645902 20632142 
9 6 3 7 5 8 0 1 4 2 
3748492 37492292 25948516 
4 6 3 7 5 8 0 1 2 9 
3764098 42610458 23327536 
4 6 3 9 5 0 8 1 2 7 
3802080 36261562 26141478 
1 3 6 7 5 8 0 9 4 2 
3846598 41229608 23626160 
4 3 6 7 5 8 0 1 2 9 
3854492 41589750 23230342 
4 3 6 7 5 0 8 1 2 9 
3864798 41502836 23347388 
4 3 6 9 5 8 0 1 2 7 
3879350 35710354 25839154 
4 3 6 9 5 0 8 1 2 7 
3889254 35373564 25750064 
2 1 6 7 5 8 0 3 4 9 
3896162 39809200 22993570 
2 1 6 7 5 0 8 3 4 9 
3906468 39722286 23110616 
7 8 0 3 5 6 1 9 2 4 
3956304 36013390 25544020 
9 0 8 3 2 6 1 5 4 7 
3973652 55553400 22450478 
9 8 0 3 2 6 1 5 4 7 
3978722 55356054 22566364 
7 8 0 3 5 1 6 9 2 4 
3979766 35718550 25409528 
9 0 8 3 2 1 6 5 4 7 
3988834 55639242 22315836 
9 8 0 3 2 1 6 5 4 7 
3993904 55441896 22431722 
4 6 1 7 5 8 0 2 9 3 
3994280 53313914 20925698 
2 1 6 7 5 8 0 4 9 3 
3999198 45329186 22285782 
4 1 6 7 5 8 0 2 9 3 
3999436 52796472 21014430 
9 0 8 4 2 6 1 7 5 3 
4001580 47034812 21433210 
5 8 0 4 2 6 1 9 3 7 
4006552 41942802 22888786 
9 0 8 4 2 1 6 7 5 3 
4016590 47247984 21298142 
9 8 0 4 2 6 1 7 5 3 
4020710 46679726 21531472 
5 8 0 4 2 1 6 9 3 7 
4022502 41647668 22755572 
2 6 1 7 5 8 0 4 9 3 
4025752 45693314 22191384 
2 1 6 7 5 0 8 4 9 3 
4031266 45243286 22402978 
4 1 6 7 5 0 8 2 9 3 
4031504 52710572 21131626 
9 8 0 4 2 1 6 7 5 3 
4035720 46892898 21396404 
7 0 8 3 5 1 6 9 2 4 
4055888 35609268 25282310 
5 0 8 4 2 1 6 9 3 7 
4080852 41538386 22628354 
7 8 0 4 2 6 1 9 5 3 
4091130 39928606 18907868 
7 8 0 4 2 1 6 9 5 3 
4107164 39633810 18774704 
4 1 6 7 5 8 0 9 2 3 
4174142 35825366 18551880 
4 6 1 7 5 8 0 9 2 3 
4225226 35711848 18392652 
5 8 0 4 2 6 1 9 7 3 
4266260 35560370 18601408 
5 8 0 4 2 1 6 9 7 3 
4289464 35265574 18468244 
5 0 8 4 2 1 6 9 7 3 
4347814 35156292 18341026 
5 8 0 4 9 6 1 3 7 2 
4478508 34475924 28735486 
4 8 0 3 5 6 1 9 2 7 
4484744 34376956 22735022 
4 8 0 3 5 1 6 9 2 7 
4508122 34081778 22600480 
4 0 8 3 5 1 6 9 2 7 
4584244 33972496 22473262 
2 1 6 7 5 8 0 9 4 3 
4616566 34286248 18187734 
2 6 1 7 5 8 0 9 4 3 
4685300 34177156 18040464 
7 8 0 3 4 6 1 5 2 9 
4953674 56154776 16361550 
7 8 0 3 4 1 6 5 2 9 
4976620 56241926 16225780 
2 1 3 7 5 8 0 9 4 6 
5101732 34574668 18001262 
4 8 0 3 9 6 1 5 2 7 
5308084 53781474 17810064 
4 8 0 3 9 1 6 5 2 7 
5331468 53867140 17670110 
4 0 8 3 9 1 6 5 2 7 
5379714 54064486 17554224 
2 8 0 3 9 6 1 5 4 7 
5458498 53872348 17519538 
2 8 0 3 9 1 6 5 4 7 
5474712 53958014 17379584 
4 8 0 3 7 6 1 5 2 9 
5518076 55703364 15609040 
2 0 8 3 9 1 6 5 4 7 
5522958 54155360 17263698 
4 8 0 3 7 1 6 5 2 9 
5540764 55790558 15474598 
7 8 0 3 4 6 1 2 5 9 
5607342 53177114 16256268 
7 8 0 3 4 1 6 2 5 9 
5622862 53391256 16120022 
2 8 0 3 7 6 1 5 4 9 
5658342 53700138 15395570 
2 8 0 3 7 1 6 5 4 9 
5673860 53787332 15261128 
2 8 0 3 4 6 1 5 7 9 
5750250 53295000 15792382 
2 8 0 3 4 1 6 5 7 9 
5773196 53382150 15656612 
5 8 0 3 4 6 1 2 7 9 
5788064 50538848 15897634 
5 8 0 3 4 1 6 2 7 9 
5810754 50752990 15761388 
7 9 8 4 5 6 1 0 2 3 
6186730 31024496 29427134 
7 9 0 4 5 6 1 8 2 3 
6198222 31226466 29403986 
7 9 8 4 5 1 6 0 2 3 
6210150 30856770 29292166 
7 9 0 4 5 1 6 8 2 3 
6221642 31058740 29269018 
7 8 0 1 4 3 6 2 5 9 
6267644 52787042 15496072 
5 8 0 6 2 3 1 4 7 9 
6320604 42559642 17970794 
7 9 8 3 5 6 1 0 2 4 
6366030 29536990 26524996 
7 9 0 3 5 6 1 8 2 4 
6377522 29738960 26501848 
7 9 8 3 5 1 6 0 2 4 
6389450 29369264 26390028 
7 9 0 3 5 1 6 8 2 4 
6400942 29571234 26366880 
2 8 0 1 4 3 6 5 7 9 
6419966 51820518 15032550 
5 8 0 1 4 6 3 2 7 9 
6432938 50732714 15672188 
5 8 0 1 4 3 6 2 7 9 
6455536 50148776 15137438 
7 9 8 4 2 6 1 0 5 3 
6488632 33526928 20119364 
7 9 0 4 2 6 1 8 5 3 
6499962 33728900 20096216 
7 9 8 4 2 1 6 0 5 3 
6504624 33359246 19985724 
7 9 0 4 2 1 6 8 5 3 
6515954 33561218 19962576 
5 9 8 7 2 6 1 0 4 3 
6538720 32717344 26184186 
7 8 3 4 2 1 6 9 5 0 
6551242 47537372 17921228 
5 9 8 7 2 1 6 0 4 3 
6554494 32466032 25981784 
5 9 0 7 2 1 6 8 4 3 
6583362 32668004 25958636 
5 9 8 3 2 6 1 0 4 7 
6619894 31056508 25875458 
5 9 8 3 2 1 6 0 4 7 
6635802 30888488 25741768 
5 9 8 4 2 6 1 0 7 3 
6646560 29171970 19848778 
5 9 8 4 2 1 6 0 7 3 
6669722 29004288 19715138 
5 9 0 4 2 1 6 8 7 3 
6698590 29206260 19691990 
2 8 0 6 4 3 1 5 7 9 
6707164 51957212 14896608 
5 8 0 6 4 3 1 2 7 9 
6742706 50295252 15001988 
4 9 8 3 5 6 1 0 2 7 
6833610 28223658 24751230 
4 9 0 3 5 6 1 8 2 7 
6845102 28425628 24728082 
4 9 8 3 5 1 6 0 2 7 
6856946 28055594 24616212 
4 9 0 3 5 1 6 8 2 7 
6868438 28257564 24593064 
5 8 9 4 2 1 6 0 7 3 
6901094 34069694 18640050 
2 9 8 3 5 6 1 0 4 7 
6977024 28524778 24342398 
5 0 9 4 2 1 6 8 7 3 
6988312 34162384 18489684 
2 9 0 3 5 6 1 8 4 7 
6988516 28726748 24319250 
2 9 8 3 5 1 6 0 4 7 
6993190 28356714 24207380 
2 9 0 3 5 1 6 8 4 7 
7004682 28558684 24184232 
5 0 3 4 2 1 6 9 7 8 
7060618 45099230 17638720 
7 9 8 1 5 3 6 0 2 4 
7087184 27728384 26743136 
7 9 0 1 5 3 6 8 2 4 
7098676 27930354 26719988 
5 8 3 4 2 1 6 9 7 0 
7210200 44624274 17567086 
5 9 8 4 2 3 6 0 7 1 
7333636 28586236 19611132 
5 9 0 4 2 3 6 8 7 1 
7362504 28788208 19587984 
7 9 8 6 5 3 1 0 2 4 
7374428 27419676 26472732 
7 9 0 6 5 3 1 8 2 4 
7385920 27621646 26449584 
5 8 9 4 2 3 6 0 7 1 
7564798 33519072 18880394 
5 9 8 4 2 3 1 0 7 6 
7620552 28326190 19716160 
5 9 0 4 2 3 1 8 7 6 
7649420 28528162 19693012 
5 0 9 4 2 3 6 8 7 1 
7652016 33611762 18730028 
2 0 1 7 5 6 3 9 4 8 
7658772 43230992 17858280 
5 9 8 6 2 3 1 0 7 4 
7780866 28277948 22434206 
2 8 1 7 5 6 3 9 4 0 
7808142 42756032 17784716 
5 8 9 4 2 3 1 0 7 6 
7838886 33285688 18926578 
4 9 8 6 5 3 1 0 2 7 
7843112 27813272 25233470 
4 9 0 6 5 3 1 8 2 7 
7854604 28015242 25210322 
2 4 6 9 5 8 0 1 7 3 
7919552 26798520 24784766 
5 0 9 4 2 3 1 8 7 6 
7926104 33378378 18776212 
2 4 6 9 5 0 8 1 7 3 
7929456 26461730 24695676 
5 9 8 3 2 6 1 4 7 0 
7946046 36685644 17912308 
2 4 6 9 5 8 0 3 7 1 
7961402 27084250 24669398 
5 9 8 3 2 1 6 4 7 0 
7968864 36772622 17777816 
2 4 6 9 5 0 8 3 7 1 
7971306 26747460 24580308 
5 8 9 3 4 6 1 7 2 0 
7978286 44245662 16726356 
5 9 0 3 2 6 1 4 7 8 
7988932 36752922 17911474 
5 9 0 3 2 1 6 4 7 8 
8011750 36839900 17776982 
7 8 9 3 4 6 1 5 2 0 
8013676 55922244 13934384 
5 8 9 3 4 1 6 7 2 0 
8013976 44459440 16580034 
7 8 9 3 4 1 6 5 2 0 
8049622 56009030 13788538 
2 4 1 9 5 0 8 3 7 6 
8176010 26996614 24508110 
4 7 3 8 9 1 6 5 2 0 
8184132 53910732 14608320 
4 7 3 8 9 6 1 5 2 0 
8186870 53657106 14590548 
2 4 3 9 5 0 8 1 7 6 
8224240 28103544 24461238 
4 8 9 3 7 6 1 5 2 0 
8279558 55470900 13214684 
4 9 8 3 7 1 6 5 2 0 
8287818 50549730 14902362 
7 8 9 3 2 6 1 4 5 0 
8296012 42339092 16278522 
7 9 8 3 4 6 1 2 5 0 
8305732 47945758 15704278 
4 8 9 3 7 1 6 5 2 0 
8315246 55557730 13070166 
7 9 8 3 4 1 6 2 5 0 
8321382 48159684 15567982 
7 8 9 3 2 1 6 4 5 0 
8324530 42425922 16134004 
2 9 8 3 7 6 1 5 4 0 
8405306 48954206 14686144 
5 8 9 3 2 6 1 4 7 0 
8405398 39516414 15927108 
2 9 8 3 7 1 6 5 4 0 
8420954 49041184 14551652 
4 1 6 7 5 9 8 0 2 3 
8421126 33528880 18757324 
2 8 9 7 5 6 3 1 4 0 
8427106 33753232 18314726 
5 8 9 3 2 1 6 4 7 0 
8441086 39603244 15782590 
4 6 1 7 5 9 8 0 2 3 
8458198 33568650 18593736 
5 9 8 3 4 6 1 2 7 0 
8468788 45105194 15388582 
5 9 8 3 4 1 6 2 7 0 
8491608 45319120 15252286 
5 9 0 3 4 6 1 2 7 8 
8511674 45172472 15387748 
2 9 8 3 4 1 6 5 7 0 
8516618 47794978 15147634 
5 9 0 3 4 1 6 2 7 8 
8534494 45386398 15251452 
4 1 6 7 5 9 0 8 2 3 
8575290 33530556 18631002 
2 8 9 3 7 6 1 5 4 0 
8596364 54006614 12983554 
4 6 1 7 5 9 0 8 2 3 
8612362 33570326 18467414 
2 7 3 9 5 8 0 1 4 6 
8613732 28021576 24486730 
2 7 3 9 5 0 8 1 4 6 
8623636 27684786 24397640 
2 8 9 3 7 1 6 5 4 0 
8624882 54093444 12839036 
7 8 9 3 4 6 1 2 5 0 
8678654 52322946 13811612 
2 8 9 3 4 6 1 5 7 0 
8686674 52685210 13377578 
7 8 9 3 4 1 6 2 5 0 
8707174 52536724 13665290 
2 8 9 3 4 1 6 5 7 0 
8722620 52771996 13231732 
2 8 9 7 5 1 3 6 4 0 
8729336 33887040 18312074 
4 6 1 0 5 9 8 7 2 3 
8735270 38774052 15986614 
4 1 6 0 5 9 8 7 2 3 
8742292 38274334 16133204 
2 3 6 0 5 9 8 1 4 7 
8763128 30243612 19409026 
5 8 9 3 4 6 1 2 7 0 
8788760 49469104 13460042 
2 1 6 7 5 9 8 0 4 3 
8790710 31989762 18393178 
2 1 6 0 5 9 8 4 7 3 
8812642 36902904 16652358 
5 8 9 3 4 1 6 2 7 0 
8824450 49682882 13313720 
2 6 1 0 5 9 8 4 7 3 
8837330 37249308 16500102 
4 7 6 9 5 0 8 1 2 3 
8844296 28150658 23728036 
2 6 1 7 5 9 8 0 4 3 
8845432 32033958 18241548 
4 7 3 6 5 8 0 9 2 1 
8892066 27838550 22879616 
4 7 3 1 5 8 0 9 2 6 
8897096 27553520 22869918 
2 4 6 1 5 8 0 9 7 3 
8908488 27237478 23810188 
2 4 6 3 5 8 0 9 7 1 
8916464 26909196 22306432 
2 3 1 0 5 9 8 6 4 7 
8935888 30516994 19405170 
2 1 6 7 5 9 0 8 4 3 
8944874 31991438 18266856 
2 6 1 7 5 9 0 8 4 3 
8999596 32035634 18115226 
2 1 6 0 5 9 8 7 4 3 
9108048 36463956 15760874 
7 4 1 3 5 8 0 9 2 6 
9112310 27904980 21706852 
2 7 3 8 9 1 6 4 5 0 
9118500 34923904 17996120 
2 6 1 0 5 9 8 7 4 3 
9118676 36968100 15626242 
2 4 1 6 5 8 0 9 7 3 
9121410 26865988 23538090 
2 7 3 8 9 6 1 4 5 0 
9128408 34670278 17978348 
2 4 1 3 5 8 0 9 7 6 
9134410 26271676 22083604 
5 9 8 1 4 3 6 2 7 0 
9135710 45426116 14851056 
2 6 1 0 5 8 9 7 4 3 
9157912 35629666 17615974 
2 1 6 0 5 8 9 7 4 3 
9160154 35125374 17740580 
2 9 8 1 4 3 6 5 7 0 
9162708 46944556 14746292 
5 9 0 1 4 3 6 2 7 8 
9178596 45493394 14850222 
2 4 3 1 5 8 0 9 7 6 
9242998 26219270 23123860 
2 7 3 6 5 8 0 9 4 1 
9246036 25809764 23064974 
2 7 3 1 5 8 0 9 4 6 
9251066 25570408 23053262 
2 6 1 8 5 0 9 7 4 3 
9287078 35573382 17705726 
2 1 6 8 5 0 9 7 4 3 
9289320 35069090 17830332 
2 1 3 7 5 9 8 0 4 6 
9290244 31665030 18224146 
2 9 3 8 5 6 1 4 7 0 
9336908 29808730 19587568 
2 9 3 0 5 1 6 4 7 8 
9340730 30059786 19328446 
2 9 3 0 5 6 1 4 7 8 
9343386 29805540 19306690 
2 8 9 1 4 3 6 5 7 0 
9365280 51921714 12880520 
2 6 3 0 5 9 8 7 4 1 
9420868 36033714 15527938 
5 9 8 6 4 3 1 2 7 0 
9422886 45430566 14671112 
2 1 3 7 5 9 0 8 4 6 
9444408 31666706 18097824 
7 6 4 3 9 8 0 2 5 1 
9447278 44161486 15074638 
2 9 8 6 4 3 1 5 7 0 
9449912 46939224 14565856 
7 6 4 3 9 0 8 2 5 1 
9464490 44075674 15194490 
5 8 9 1 4 3 6 2 7 0 
9465122 49790018 12962620 
5 9 0 6 4 3 1 2 7 8 
9465772 45497844 14670278 
2 6 3 0 5 8 9 7 4 1 
9525104 34693460 17467290 
2 3 7 8 9 1 6 5 4 0 
9550460 46044154 13355744 
2 3 7 8 9 6 1 5 4 0 
9573238 45790380 13327946 
5 4 6 1 2 8 0 9 7 3 
9578188 27261404 20421398 
5 4 6 3 2 8 0 9 7 1 
9586052 26933556 19563560 
7 2 4 8 5 6 3 1 9 0 
9595220 25360432 26456578 
7 2 4 0 5 6 3 1 9 8 
9601680 25277220 26358646 
2 1 3 0 5 9 8 7 4 6 
9611996 35843666 15541632 
7 1 4 3 9 8 0 2 5 6 
9637640 43686954 14999244 
2 8 9 6 4 3 1 5 7 0 
9640300 51916502 12700084 
2 6 3 8 5 0 9 7 4 1 
9654270 34637176 17557042 
7 1 4 3 9 0 8 2 5 6 
9654852 43601142 15119096 
2 1 3 0 5 8 9 7 4 6 
9716102 34503628 17481034 
5 8 9 6 4 3 1 2 7 0 
9740114 49794588 12782676 
7 3 4 8 9 1 6 2 5 0 
9759656 39902210 14631960 
5 4 3 6 2 8 0 9 7 1 
9767210 26509196 19608966 
7 3 4 8 9 6 1 2 5 0 
9769606 39521470 14614664 
5 4 3 1 2 8 0 9 7 6 
9772218 26243228 19750510 
5 4 1 3 2 8 0 9 7 6 
9786438 26296040 19342662 
7 2 4 8 5 1 3 6 9 0 
9833280 25034376 26467006 
7 2 4 0 5 1 3 6 9 8 
9839740 24951164 26369074 
2 1 3 8 5 0 9 7 4 6 
9845268 34447344 17570786 
2 3 7 1 9 8 0 5 4 6 
9867152 38480404 13707642 
2 0 7 3 9 1 6 5 4 8 
9914278 47704056 12988460 
2 0 7 3 9 6 1 5 4 8 
9937064 47617298 13098186 
7 2 4 8 9 6 3 1 5 0 
10076448 28619324 19151456 
2 8 7 3 9 1 6 5 4 0 
10083796 47229096 12914896 
5 2 4 8 9 1 6 3 7 0 
10090926 27969342 18861036 
5 2 4 8 9 6 1 3 7 0 
10093664 27715716 18843264 
2 8 7 3 9 6 1 5 4 0 
10106582 47142338 13024622 
2 7 1 3 5 8 0 9 4 6 
10180268 25729648 22016256 
2 9 1 0 5 6 3 4 7 8 
10199394 29144160 18840312 
5 1 4 3 2 8 0 9 7 6 
10205422 35466580 17122754 
2 6 3 0 7 9 8 5 4 1 
10502014 49434634 12775670 
5 4 2 8 9 6 3 1 7 0 
10506594 32063590 17789472 
2 9 6 0 5 1 3 4 7 8 
10510664 29111168 18831696 
2 6 7 3 9 8 0 5 4 1 
10539766 39126948 13165280 
5 3 4 8 9 1 6 2 7 0 
10608600 37372748 13953602 
5 3 4 8 9 6 1 2 7 0 
10611380 36992008 13936306 
2 5 7 8 9 1 6 3 4 0 
10611528 27994426 17909972 
2 5 7 8 9 6 1 3 4 0 
10634306 27740652 17882174 
2 0 7 1 9 3 6 5 4 8 
10659404 46746736 12899772 
2 1 3 0 7 9 8 5 4 6 
10683068 49244586 12789364 
2 7 6 8 9 1 3 4 5 0 
10686960 33974676 17499466 
5 4 2 8 9 1 3 6 7 0 
10788090 31584120 17800228 
5 2 4 8 9 3 6 1 7 0 
10798236 27460526 18870322 
2 1 7 3 9 8 0 5 4 6 
10799680 38606870 13087834 
2 8 7 1 9 3 6 5 4 0 
10828922 46271776 12826208 
5 2 4 8 9 6 3 1 7 0 
10917662 26067732 18413308 
2 5 7 6 1 8 0 9 4 3 
11030856 35360512 16704878 
2 5 7 3 1 8 0 9 4 6 
11034438 35103630 17426990 
4 5 7 8 9 1 6 3 2 0 
11045686 29451900 17674122 
4 5 7 8 9 6 1 3 2 0 
11061294 29198126 17646324 
2 7 4 8 5 6 3 1 9 0 
11098498 25546568 24794852 
2 7 4 0 5 6 3 1 9 8 
11104958 25463356 24696920 
5 1 4 8 9 6 3 2 7 0 
11170626 36617162 14006904 
5 2 4 8 9 1 3 6 7 0 
11185146 25741550 18419704 
5 8 0 3 2 4 6 9 7 1 
11285562 32950934 17200318 
5 8 0 1 2 4 6 9 7 3 
11286108 31690528 16731688 
2 7 4 8 5 1 3 6 9 0 
11336558 25220512 24805280 
2 7 4 0 5 1 3 6 9 8 
11343018 25137300 24707348 
5 0 8 1 2 4 6 9 7 3 
11344458 31581246 16604470 
2 5 7 8 9 6 3 1 4 0 
11387800 28084896 17525876 
7 0 8 6 2 4 1 9 5 3 
11545910 35553280 16559186 
5 8 0 6 2 4 1 9 7 3 
11573360 31372100 16370466 
7 8 0 1 3 4 6 5 2 9 
11604672 59848488 12277222 
5 0 8 6 2 4 1 9 7 3 
11631710 31262818 16243248 
2 5 7 8 9 1 3 6 4 0 
11662012 27605426 17536632 
4 5 7 8 9 6 3 1 2 0 
11814104 29542370 17290026 
7 3 2 8 9 1 6 4 5 0 
11846714 35785390 15010864 
7 3 2 8 9 6 1 4 5 0 
11869492 35531616 14983066 
7 8 0 6 3 4 1 5 2 9 
11891870 59985182 12141280 
7 8 0 1 6 2 4 9 5 3 
11959740 44982374 13084672 
7 8 0 6 1 2 4 9 5 3 
11960370 44524704 12861670 
7 0 8 6 1 2 4 9 5 3 
12036370 44419848 12746410 
4 5 7 8 9 1 3 6 2 0 
12095600 29062900 17300782 
5 8 0 1 6 2 4 9 7 3 
12105276 40725334 12781044 
5 8 0 6 1 2 4 9 7 3 
12105670 40264638 12557820 
5 0 8 6 1 2 4 9 7 3 
12164020 40155356 12430602 
7 8 0 1 6 4 3 5 2 9 
12249750 60353624 12115394 
7 8 0 6 1 4 3 5 2 9 
12250370 60319622 12024456 
2 4 6 0 5 8 9 1 7 3 
12410190 23968232 21318368 
7 4 6 0 5 9 8 1 2 3 
12415034 25109784 18964792 
2 4 6 0 5 9 8 1 7 3 
12484410 22893722 19347706 
5 3 2 8 9 1 6 4 7 0 
12590430 33255928 14332506 
7 4 1 0 5 9 8 6 2 3 
12591492 25337620 18958884 
5 3 2 8 9 6 1 4 7 0 
12606038 33002154 14304708 
2 4 1 0 5 9 8 6 7 3 
12660868 23121558 19341798 
2 1 6 8 5 7 0 3 4 9 
12671420 27425368 18392704 
7 8 0 1 3 4 6 2 5 9 
12712938 48217122 12170552 
2 4 1 0 5 9 8 3 7 6 
12730826 24681426 19328360 
5 2 3 6 1 8 0 9 7 4 
12732420 36231404 14260744 
2 8 0 3 1 4 6 5 7 9 
12779484 56990522 12001190 
2 8 0 1 3 4 6 5 7 9 
12780504 56745000 11708282 
5 8 0 1 3 4 6 2 7 9 
12819386 45635990 11812204 
5 3 1 8 9 4 6 2 7 0 
12837580 35676636 14118710 
4 7 3 6 5 8 9 0 2 1 
12922922 22085514 23804136 
4 7 3 1 5 8 9 0 2 6 
12924208 21717192 23725726 
5 3 6 8 9 4 1 2 7 0 
12929974 35246232 14083114 
4 8 0 1 6 7 3 5 2 9 
12957928 48592584 11040202 
4 8 0 6 1 7 3 5 2 9 
12958274 48558626 10950610 
2 1 6 0 5 7 8 3 4 9 
12982946 27570580 18347344 
2 7 3 0 5 9 8 1 4 6 
13049570 24825564 19272200 
5 1 6 8 9 4 3 2 7 0 
13068008 34871386 14153712 
4 7 3 1 5 0 9 8 2 6 
13088162 22013944 23715172 
4 5 8 3 9 1 6 0 2 7 
13104488 27587302 17679148 
5 8 0 6 3 4 1 2 7 9 
13106556 45782466 11676754 
2 4 6 3 5 8 9 0 7 1 
13132584 22101862 23528664 
2 1 7 0 5 9 8 3 4 6 
13161452 32917594 16023188 
2 7 3 1 5 9 8 0 4 6 
13173008 22660770 23276146 
2 9 7 6 1 8 0 5 4 3 
13230832 40031186 12561812 
2 9 7 3 1 8 0 5 4 6 
13256914 39660280 12918548 
2 9 7 6 3 8 0 5 4 1 
13267192 39650366 12869754 
2 7 3 6 5 8 9 0 4 1 
13275752 20056728 23989494 
2 7 3 1 5 8 9 0 4 6 
13277038 19734080 23909070 
2 4 6 3 5 0 9 8 7 1 
13296538 22398614 23518110 
2 7 3 1 5 9 0 8 4 6 
13327172 22662446 23149824 
2 4 1 3 5 8 9 0 7 6 
13333938 21617994 23311552 
4 7 6 0 5 9 8 1 2 3 
13345198 24640156 18381836 
2 8 0 1 6 7 3 5 4 9 
13431362 46306308 10824074 
2 8 0 6 1 7 3 5 4 9 
13431944 46275376 10734704 
2 7 3 1 5 0 9 8 4 6 
13440992 20030832 23898516 
5 8 0 1 6 4 3 2 7 9 
13464490 46255724 11654478 
5 8 0 6 1 4 3 2 7 9 
13464874 46221724 11563542 
2 4 6 8 5 3 0 1 7 9 
13475210 20597232 22174766 
5 1 2 8 9 6 3 4 7 0 
13483044 32686000 14378246 
5 6 2 8 9 1 3 4 7 0 
13525726 32946060 14371134 
4 7 1 0 5 9 8 6 2 3 
13569972 24867992 18375928 
5 1 8 4 2 0 3 9 7 6 
13623120 31102630 15839546 
2 4 1 8 5 3 0 6 7 9 
13662960 20278186 22192738 
5 9 8 1 2 4 6 0 7 3 
13666478 25155690 17978554 
5 9 0 1 2 4 6 8 7 3 
13695346 25357662 17955406 
2 7 6 0 5 9 8 1 4 3 
13716106 23033374 18559574 
5 1 0 4 2 8 3 9 7 6 
13721476 31028166 15843782 
5 4 6 1 2 8 9 0 7 3 
13775102 22037616 21300022 
2 4 6 0 5 3 8 1 7 9 
13786736 20742444 22129406 
5 4 6 3 2 8 9 0 7 1 
13801686 22126228 20785744 
4 1 6 8 9 7 0 5 2 3 
13837788 45004860 10605340 
4 6 1 8 9 7 0 5 2 3 
13845000 45351368 10493188 
5 6 1 8 9 7 0 4 2 3 
13877084 37899386 13916028 
5 8 9 1 2 4 6 0 7 3 
13896478 30221152 16923518 
5 9 8 6 2 4 1 0 7 3 
13953716 24846924 17617822 
5 4 1 6 2 8 9 0 7 3 
13957632 21903012 21012008 
2 7 1 0 5 9 8 6 4 3 
13958418 23261210 18553666 
5 4 6 3 2 0 9 8 7 1 
13965736 22422938 20773846 
2 4 1 0 5 3 8 6 7 9 
13974486 20423398 22147378 
5 9 0 6 2 4 1 8 7 3 
13982584 25048896 17594674 
5 0 9 1 2 4 6 8 7 3 
13983696 30313842 16773152 
5 4 1 3 2 8 9 0 7 6 
13985480 21642364 20570562 
5 4 3 6 2 8 9 0 7 1 
14034236 20754092 20533438 
5 4 3 1 2 8 9 0 7 6 
14035500 20404832 20606270 
5 3 8 4 2 0 1 9 7 6 
14067962 30910608 15818448 
4 1 6 0 9 7 8 5 2 3 
14149330 44714688 10606668 
4 6 1 0 9 7 8 5 2 3 
14156542 45061196 10494516 
5 3 0 4 2 8 1 9 7 6 
14166318 30836144 15822684 
5 8 9 6 2 4 1 0 7 3 
14171532 29912506 16562786 
5 6 1 0 9 7 8 4 2 3 
14188598 37618996 13917848 
5 4 3 6 2 0 9 8 7 1 
14198286 21050802 20521540 
5 4 3 1 2 0 9 8 7 6 
14199550 20701542 20594372 
5 9 8 1 4 7 3 0 2 6 
14225206 24447030 18304240 
5 9 8 6 4 7 3 0 2 1 
14225646 24398368 17928826 
5 9 0 6 4 7 3 8 2 1 
14254514 24600340 17905678 
4 6 3 8 9 7 0 5 2 1 
14255564 44740112 10294054 
5 0 9 6 2 4 1 8 7 3 
14258750 30005196 16412420 
7 9 8 6 1 2 4 0 5 3 
14355804 36599214 14072032 
5 8 4 3 9 6 1 2 7 0 
14422458 38465374 13258432 
4 1 3 8 9 7 0 5 2 6 
14435230 44500596 10321472 
4 7 1 8 5 3 0 6 2 9 
14439710 22709682 20310590 
5 9 8 6 2 1 4 0 7 3 
14457398 22533696 20489678 
2 8 0 1 9 7 6 5 4 3 
14477864 36482446 13815032 
5 9 8 1 6 2 4 0 7 3 
14483734 32813118 14027280 
5 9 8 6 1 2 4 0 7 3 
14483902 32352426 13804056 
5 9 0 6 1 2 4 8 7 3 
14512770 32554398 13780908 
2 1 6 8 9 7 0 5 4 3 
14522636 42939976 10231736 
2 0 8 1 9 7 6 5 4 3 
14526110 36679792 13699146 
2 6 1 8 9 7 0 5 4 3 
14547498 43290910 10131542 
5 0 9 6 4 7 3 8 2 1 
14595224 29454754 17271792 
2 7 6 8 5 3 0 1 4 9 
14596056 21260264 20475654 
5 1 0 4 2 8 6 9 7 3 
14651794 30822394 16121044 
7 8 9 1 3 4 6 5 2 0 
14674380 60326864 10082752 
2 9 8 1 5 7 3 0 4 6 
14680166 20168592 20780514 
2 9 8 6 5 7 3 0 4 1 
14680606 20074256 20407114 
2 9 0 6 5 7 3 8 4 1 
14692098 20276226 20383966 
5 8 9 1 6 2 4 0 7 3 
14727418 37878718 13072504 
5 8 9 6 1 2 4 0 7 3 
14728346 37418024 12849280 
5 8 9 6 3 2 4 0 7 1 
14747464 37352598 13462264 
4 7 1 0 5 3 8 6 2 9 
14751236 22854894 20265230 
5 0 9 6 1 2 4 8 7 3 
14815564 37510714 12698914 
5 9 8 6 2 3 4 0 7 1 
14834120 21831832 20296684 
2 1 6 0 9 7 8 5 4 3 
14834178 42649804 10233064 
2 6 3 8 9 7 0 5 4 1 
14852138 42356290 9943004 
5 9 0 6 2 3 4 8 7 1 
14862988 22033804 20273536 
5 2 0 3 9 6 1 8 7 4 
14865058 29439148 16888790 
5 2 0 3 9 1 6 8 7 4 
14888396 29270802 16749838 
2 0 7 6 1 8 9 5 4 3 
14916454 41143776 12260274 
7 8 9 6 3 4 1 5 2 0 
14949400 60321652 9902316 
2 0 8 6 9 7 1 5 4 3 
14956892 36399162 13700962 
2 1 3 8 9 7 0 5 4 6 
15031808 42166242 9956698 
5 2 8 3 9 6 1 0 7 4 
15033266 29237182 16911938 
7 6 4 8 9 3 0 2 5 1 
15056530 41452378 11325238 
5 2 8 3 9 1 6 0 7 4 
15056604 29068836 16772986 
5 1 9 4 2 0 3 8 7 6 
15080014 27289198 16168264 
2 6 3 0 9 7 8 5 4 1 
15163680 42066118 9944332 
2 8 7 6 1 0 9 5 4 3 
15218498 41053608 12383228 
5 3 0 1 9 2 4 8 7 6 
15230952 31693048 15355878 
7 1 4 8 9 3 0 2 5 6 
15246620 41262330 11338932 
5 8 9 1 6 2 4 3 7 0 
15297378 40580960 12280792 
5 8 9 6 1 2 4 3 7 0 
15298274 40404758 12146656 
2 1 3 0 9 7 8 5 4 6 
15343350 41876070 9958026 
5 1 9 4 2 8 3 0 7 6 
15346866 27423006 16165612 
7 6 4 0 9 3 8 2 5 1 
15368046 41180208 11327306 
7 8 9 6 1 4 3 5 2 0 
15371540 60654402 9785242 
5 3 8 1 9 2 4 0 7 6 
15399160 31491082 15379026 
2 9 3 8 5 4 6 1 7 0 
15435920 22543326 19822652 
2 9 3 0 5 4 6 1 7 8 
15442398 22540136 19541774 
2 0 8 6 1 5 7 9 4 3 
15471176 38084012 12565102 
5 9 8 3 1 4 6 2 7 0 
15500180 40447628 11595996 
5 9 8 1 3 4 6 2 7 0 
15500598 40913330 11525822 
5 9 0 3 1 4 6 2 7 8 
15543066 40514906 11595162 
5 9 0 1 3 4 6 2 7 8 
15543484 40980608 11524988 
7 1 4 0 9 3 8 2 5 6 
15558136 40990160 11341000 
5 0 3 1 9 4 6 2 7 8 
15560388 37242386 13392034 
2 6 7 8 9 3 0 5 4 1 
15674638 44160894 9752504 
5 9 8 6 4 7 1 0 2 3 
15714790 24296236 17717628 
2 8 9 1 3 4 6 5 7 0 
15726634 56846118 9526174 
2 8 9 3 1 4 6 5 7 0 
15728364 56380420 9596362 
5 8 3 1 9 4 6 2 7 0 
15740192 36767430 13320400 
5 9 0 6 4 7 1 8 2 3 
15743658 24498208 17694480 
2 9 8 3 5 7 6 0 4 1 
15758700 21167166 20000122 
2 9 3 8 5 4 1 6 7 0 
15762124 21963024 19811324 
5 2 4 8 9 3 0 6 7 1 
15762204 27580502 15906738 
5 0 2 3 9 1 6 4 7 8 
15765590 35037234 13588742 
2 9 3 0 5 4 1 6 7 8 
15768602 21959834 19530446 
2 9 0 3 5 7 6 8 4 1 
15770192 21369136 19976974 
4 8 9 1 6 7 3 5 2 0 
15775404 49070118 9048784 
4 8 9 6 1 7 3 5 2 0 
15776300 48893916 8914648 
5 0 2 3 9 6 1 4 7 8 
15781206 34950476 13698468 
5 9 8 3 6 4 1 2 7 0 
15787182 40628320 11551532 
5 9 8 6 3 4 1 2 7 0 
15787774 40917780 11345878 
5 3 9 4 2 0 1 8 7 6 
15789656 27146086 16149616 
5 2 4 8 9 3 0 1 7 6 
15804610 27850864 15726954 
5 8 9 1 3 4 6 2 7 0 
15829788 45277154 9607308 
5 9 0 3 6 4 1 2 7 8 
15830068 40695598 11550698 
5 9 0 6 3 4 1 2 7 8 
15830660 40985058 11345044 
5 8 9 3 1 4 6 2 7 0 
15833170 44811442 9677482 
5 3 0 4 2 9 1 8 7 6 
15835086 25967840 15984220 
5 6 4 8 9 3 0 2 7 1 
15905422 37463352 10682604 
2 1 7 8 9 3 0 5 4 6 
15934280 43925300 9764146 
7 1 6 8 9 2 3 4 5 0 
15944196 31906722 15009108 
5 8 2 3 9 1 6 4 7 0 
15945394 34562278 13517108 
5 7 8 6 4 0 3 9 2 1 
15945754 24733212 16977276 
5 7 8 1 4 0 3 9 2 6 
15949484 24705858 17109106 
5 8 2 3 9 6 1 4 7 0 
15961010 34475520 13626834 
2 4 6 0 5 3 7 1 9 8 
15963084 19717146 27675498 
2 6 7 0 9 3 8 5 4 1 
15986180 43870722 9753832 
5 3 8 4 2 9 1 0 7 6 
16003582 26176112 15977332 
5 7 0 6 4 8 3 9 2 1 
16044110 24658748 16981512 
5 7 0 1 4 8 3 9 2 6 
16047840 24631394 17113342 
5 2 4 0 9 3 8 6 7 1 
16073718 27300112 15908558 
5 1 4 8 9 3 0 2 7 6 
16095508 37223836 10710022 
5 8 9 6 3 4 1 2 7 0 
16104780 45281724 9427364 
5 8 9 3 6 4 1 2 7 0 
16107228 44992256 9633018 
5 2 4 0 9 3 8 1 7 6 
16116124 27570474 15728774 
2 7 5 1 6 9 8 0 4 3 
16137260 37104210 13101164 
2 7 5 6 1 9 8 0 4 3 
16137648 36813620 13010278 
7 4 6 8 5 3 9 1 2 0 
16142326 19775100 21420858 
2 7 8 6 5 0 3 9 4 1 
16154106 20599972 19985886 
2 9 8 6 5 7 1 0 4 3 
16169476 20295540 20210618 
2 4 1 8 5 3 7 6 9 0 
16179358 19497512 27791984 
2 9 0 6 5 7 1 8 4 3 
16180968 20497510 20187470 
2 4 1 0 5 3 7 6 9 8 
16185818 19414300 27694052 
5 6 4 0 9 3 8 2 7 1 
16216936 37182962 10684424 
5 4 2 8 9 1 0 6 7 3 
16233274 31610910 14381514 
2 7 0 6 5 8 3 9 4 1 
16235182 20525464 19988778 
2 1 7 0 9 3 8 5 4 6 
16245822 43635128 9765474 
5 4 2 8 9 6 0 1 7 3 
16246230 32070816 14369778 
2 7 5 1 6 9 0 8 4 3 
16304270 36952574 12969160 
2 7 5 6 1 9 0 8 4 3 
16304658 36661984 12878274 
7 4 1 8 5 3 9 6 2 0 
16313484 19511382 21441372 
2 9 6 8 5 4 3 1 7 0 
16318586 21307696 19335602 
2 9 6 0 5 4 3 1 7 8 
16325064 21304506 19054724 
2 9 1 8 5 4 3 6 7 0 
16330864 21014632 19354646 
2 9 1 0 5 4 3 6 7 8 
16337342 21011442 19073768 
2 4 6 8 5 3 9 1 7 0 
16340712 16211688 21847922 
2 7 5 1 6 8 9 0 4 3 
16381680 34179246 13643922 
2 7 5 6 1 8 9 0 4 3 
16382028 33972330 13623126 
5 1 4 0 9 3 8 2 7 6 
16407022 36943446 10711842 
2 8 9 1 6 7 3 5 4 0 
16425378 47322782 8814996 
2 8 9 6 1 7 3 5 4 0 
16426510 47149606 8681082 
2 4 1 8 5 3 9 6 7 0 
16511870 15947970 21868436 
5 1 0 4 2 9 6 8 7 3 
16519888 25944308 16282090 
5 8 9 6 1 4 3 2 7 0 
16526738 45719292 9313902 
7 4 3 8 5 1 9 6 2 0 
16528208 19321246 21470760 
5 4 2 0 9 1 8 6 7 3 
16544788 31330520 14383334 
2 7 5 6 1 0 9 8 4 3 
16546002 34115752 13615588 
5 4 2 0 9 6 8 1 7 3 
16557744 31790426 14371598 
5 0 8 6 4 2 1 9 7 3 
16575046 35695256 13392230 
2 4 6 8 5 1 9 3 7 0 
16578566 16968766 21839072 
5 1 6 8 9 2 3 4 7 0 
16581454 29377260 14330750 
5 8 2 1 9 3 6 4 7 0 
16587246 35490062 13502048 
4 7 3 8 5 1 9 6 2 0 
16691970 18245628 19000892 
5 2 4 8 9 1 0 3 7 6 
16716786 28252078 15712278 
5 2 4 8 9 1 0 6 7 3 
16720126 25581706 15412898 
5 2 4 8 9 6 0 1 7 3 
16747094 25888324 15405522 
5 6 4 8 9 1 0 2 7 3 
16832896 36710796 10676044 
4 7 3 8 5 6 9 1 2 0 
16855448 18542338 18988994 
5 7 8 1 4 0 6 9 2 3 
16879830 24730224 16486456 
5 7 8 6 4 0 1 9 2 3 
16879870 24412214 16215564 
2 4 3 8 5 1 9 6 7 0 
16900348 15757834 21897824 
2 7 3 8 5 1 9 6 4 0 
16953008 17016104 19166268 
5 7 0 6 4 8 1 9 2 3 
16978226 24337750 16219800 
5 1 4 8 9 6 0 2 7 3 
17011350 36351756 10814960 
5 2 4 0 9 1 8 6 7 3 
17031640 25301316 15414718 
5 2 4 0 9 6 8 1 7 3 
17058608 25607934 15407342 
4 7 6 8 5 3 9 1 2 0 
17069024 18699482 18950990 
4 7 6 8 5 1 9 3 2 0 
17072746 19456560 18942140 
2 7 3 8 5 6 9 1 4 0 
17123770 17312814 19154370 
5 6 4 0 9 1 8 2 7 3 
17144410 36430406 10677864 
5 3 1 8 9 2 6 4 7 0 
17153268 29980312 14297658 
2 5 7 6 9 8 1 0 4 3 
17194840 23031456 18785906 
2 9 8 3 1 7 6 5 4 0 
17250464 41365898 10573720 
2 9 8 1 3 7 6 5 4 0 
17253028 41791676 10483148 
4 9 8 6 1 5 7 0 2 3 
17271798 31797126 14067682 
4 9 0 6 1 5 7 8 2 3 
17283194 31862350 14054546 
4 7 1 8 5 3 9 6 2 0 
17288498 18435764 18971504 
5 1 4 0 9 6 8 2 7 3 
17322864 36071366 10816780 
5 2 6 8 9 3 0 1 7 4 
17364756 27729002 15302520 
5 3 6 8 9 2 1 4 7 0 
17389296 29693414 14257212 
2 7 6 8 5 1 9 3 4 0 
17421474 18227036 19107516 
2 8 9 1 3 7 6 5 4 0 
17454562 46844440 8961026 
2 8 9 3 1 7 6 5 4 0 
17455798 46418652 9051598 
2 7 6 8 5 3 9 1 4 0 
17461456 17469958 19116366 
2 1 6 8 5 7 9 3 4 0 
17526468 24042768 18192890 
5 2 1 8 9 3 0 6 7 4 
17589242 27546600 15326648 
5 0 7 3 1 4 6 2 9 8 
17648652 35195660 11161790 
5 0 7 1 3 4 6 2 9 8 
17650076 35634138 11089600 
5 2 6 0 9 3 8 1 7 4 
17676270 27448612 15304340 
2 9 8 3 6 7 1 5 4 0 
17680886 41541960 10527448 
2 9 8 6 3 7 1 5 4 0 
17683822 41794564 10302962 
2 7 1 8 5 3 9 6 4 0 
17698468 17206240 19136880 
2 9 8 1 6 5 7 0 4 3 
17792516 30172638 14019990 
2 9 8 6 1 5 7 0 4 3 
17792960 29631298 13726898 
2 9 0 6 1 5 7 8 4 3 
17804356 29696522 13713762 
2 9 8 3 6 5 7 0 4 1 
17812334 29495266 13863850 
2 9 8 3 1 5 7 0 4 6 
17812472 29131554 14012870 
2 9 8 6 3 5 7 0 4 1 
17815488 29069478 14021392 
2 9 0 3 6 5 7 8 4 1 
17823730 29560490 13850714 
2 9 0 3 1 5 7 8 4 6 
17823868 29196778 13999734 
2 9 0 6 3 5 7 8 4 1 
17826884 29134702 14008256 
5 8 7 3 1 4 6 2 9 0 
17829104 34869120 11054774 
5 8 7 1 3 4 6 2 9 0 
17830528 35307598 10982584 
2 8 9 6 3 7 1 5 4 0 
17873172 46847448 8780840 
2 8 9 3 6 7 1 5 4 0 
17873276 46594836 9005326 
5 2 1 0 9 3 8 6 7 4 
17900756 27266210 15328468 
5 0 7 6 3 4 1 2 9 8 
17973756 35671588 10910656 
5 6 2 8 9 3 0 4 7 1 
18013324 34876502 11033992 
2 3 1 8 5 7 9 6 4 0 
18117366 24152382 17866214 
4 6 1 8 9 5 0 7 2 3 
18131926 35669472 10782808 
4 1 6 8 9 5 0 7 2 3 
18138726 35169676 10899320 
5 8 7 3 6 4 1 2 9 0 
18153986 35070710 11010414 
5 8 7 6 3 4 1 2 9 0 
18154208 35345048 10803640 
2 8 9 6 1 5 7 0 4 3 
18184586 34770168 13015512 
5 7 0 6 4 9 3 8 2 1 
18187134 19741114 17127158 
5 7 0 1 4 9 3 8 2 6 
18187254 19713760 17258988 
2 8 9 3 6 5 7 0 4 1 
18206420 34501428 13446684 
2 8 9 6 3 5 7 0 4 1 
18206534 34075648 13604226 
2 8 9 3 1 5 7 0 4 6 
18206674 34164256 13536860 
5 2 6 8 9 1 0 3 7 4 
18269748 28436792 15279124 
2 0 9 6 1 5 7 8 4 3 
18272030 34726084 12865132 
5 1 2 8 9 3 0 4 7 6 
18272962 34591440 11059358 
2 0 9 3 6 5 7 8 4 1 
18293864 34457344 13296304 
2 0 9 6 3 5 7 8 4 1 
18293978 34031564 13453846 
2 0 9 3 1 5 7 8 4 6 
18294118 34120172 13386480 
4 6 1 0 9 5 8 7 2 3 
18299852 35389082 10784626 
5 4 8 6 2 0 3 9 7 1 
18300968 21295456 16527702 
2 7 0 6 5 9 3 8 4 1 
18304022 15608418 20153240 
5 4 8 1 2 0 3 9 7 6 
18304676 21287164 16810774 
4 1 6 0 9 5 8 7 2 3 
18306652 34889286 10901138 
2 0 7 6 1 9 3 5 4 8 
18311032 48126528 8499334 
5 6 2 0 9 3 8 4 7 1 
18324838 34596112 11035812 
5 7 8 6 4 9 3 0 2 1 
18355630 19949386 17120270 
9 0 7 6 1 2 4 5 8 3 
18369784 43919998 9581280 
5 7 0 6 4 9 1 8 2 3 
18385120 19469026 16367896 
5 9 8 6 4 2 3 0 7 1 
18410400 28391060 14979010 
5 9 0 6 4 2 3 8 7 1 
18439268 28593032 14955862 
5 8 7 6 1 4 3 2 9 0 
18461812 35735870 10689944 
5 9 8 1 4 2 6 0 7 3 
18464520 28220350 15037066 
2 8 7 6 1 9 3 5 4 0 
18481588 47651568 8425770 
2 7 8 6 5 9 3 0 4 1 
18489894 15816692 20146352 
2 7 0 6 5 9 1 8 4 3 
18501734 15659746 19408680 
9 8 7 6 1 2 4 5 0 3 
18529118 43853930 9746540 
4 6 3 8 9 5 0 7 2 1 
18542490 35058216 10583674 
5 7 8 6 4 9 1 0 2 3 
18553616 19677298 16361008 
5 4 2 0 8 1 9 6 7 3 
18563506 33894304 13704516 
5 2 6 0 9 1 8 3 7 4 
18581262 28156402 15280944 
5 1 2 0 9 3 8 4 7 6 
18584476 34311050 11061178 
2 7 0 6 4 9 1 8 5 3 
18594862 22051454 16335888 
2 7 8 6 5 9 1 0 4 3 
18687606 15868020 19401792 
4 6 3 0 9 5 8 7 2 1 
18710416 34777826 10585492 
2 3 8 6 9 5 7 0 4 1 
18724818 28160578 15110834 
2 8 7 3 6 9 1 5 4 0 
18747576 47096974 8755390 
2 8 7 6 3 9 1 5 4 0 
18749952 47349806 8537624 
2 7 8 6 4 9 1 0 5 3 
18780896 22259726 16329000 
5 6 4 0 8 3 9 2 7 1 
18826796 39852294 10004026 
2 1 6 8 9 5 0 7 4 3 
18867278 33104792 10525716 
9 5 7 3 1 4 6 2 0 8 
18870552 32642796 13537800 
9 5 7 1 3 4 6 2 0 8 
18873196 33096412 13466712 
9 5 7 3 1 4 6 2 8 0 
18877680 32248496 13353704 
2 6 1 8 9 5 0 7 4 3 
18878128 33609014 10421162 
9 5 7 1 3 4 6 2 8 0 
18880324 32702112 13282616 
5 9 8 6 4 2 1 0 7 3 
18895352 27911642 14766664 
5 2 4 0 8 1 9 6 7 3 
18920918 27866320 14735900 
5 6 2 8 9 1 0 4 7 3 
18963382 33030182 11075192 
5 1 4 0 8 3 9 2 7 6 
19017098 39612994 10031494 
2 1 6 0 9 5 8 7 4 3 
19035204 32824402 10527534 
5 6 4 0 8 1 9 2 7 3 
19036020 39101648 10004436 
2 6 1 0 9 5 8 7 4 3 
19046054 33328624 10422980 
5 2 4 0 8 6 9 1 7 3 
19091540 28163114 14726690 
2 1 0 3 9 5 7 8 4 6 
19098538 28138672 14191228 
4 5 8 1 6 0 3 9 2 7 
19104060 31835414 12896904 
4 5 8 6 1 0 3 9 2 7 
19105036 31232338 12625104 
2 6 3 8 9 5 0 7 4 1 
19182768 32674394 10232624 
4 5 0 6 1 8 3 9 2 7 
19265796 31157874 12629340 
2 1 8 3 9 5 7 0 4 6 
19284218 28073454 14204364 
2 6 3 0 9 5 8 7 4 1 
19350694 32394004 10234442 
5 1 4 0 8 6 9 2 7 3 
19358340 38742442 10142008 
2 1 3 0 9 5 8 7 4 6 
19540784 32203956 10248136 
2 6 3 0 8 7 9 5 4 1 
19823282 44862252 9247520 
5 4 9 1 2 0 3 8 7 6 
19891886 17473732 17139492 
5 4 9 6 2 0 3 8 7 1 
19892572 17436478 16854368 
2 1 3 0 8 7 9 5 4 6 
20003168 44672420 9261264 
4 5 6 8 9 3 0 1 2 7 
20029732 23882886 14877732 
4 5 8 3 6 0 1 9 2 7 
20038608 30402966 12903360 
4 5 8 3 1 0 6 9 2 7 
20039538 30259926 12946946 
4 5 8 6 3 0 1 9 2 7 
20041314 30813012 12725872 
7 8 9 6 1 2 3 4 5 0 
20142962 43336796 9837784 
5 4 9 6 2 8 3 0 7 1 
20159424 17570286 16851716 
4 5 1 8 9 3 0 6 2 7 
20184666 23746030 14903912 
4 5 0 3 6 8 1 9 2 7 
20199368 30328502 12907596 
4 5 0 3 1 8 6 9 2 7 
20200298 30185462 12951182 
4 5 0 6 3 8 1 9 2 7 
20202074 30738548 12730108 
5 8 9 1 6 2 3 4 7 0 
20221600 40708070 9620388 
5 8 9 6 1 2 3 4 7 0 
20222496 40531868 9486252 
5 8 9 1 3 2 6 4 7 0 
20243854 40040568 9769144 
4 5 3 8 9 1 0 6 2 7 
20243900 23373314 14912996 
5 8 9 3 1 2 6 4 7 0 
20247008 39575108 9847382 
4 5 3 8 9 6 0 1 2 7 
20260448 23679932 14905620 
4 5 6 0 9 3 8 1 2 7 
20341260 23602376 14879550 
4 5 1 0 9 3 8 6 2 7 
20496194 23465520 14905730 
5 2 8 6 4 0 3 9 7 1 
20508482 21969716 15426014 
5 2 8 1 4 0 3 9 7 6 
20512212 21942362 15557844 
4 5 3 0 9 1 8 6 2 7 
20555428 23092804 14914814 
4 5 3 0 9 6 8 1 2 7 
20571976 23399422 14907438 
5 2 0 6 4 8 3 9 7 1 
20606838 21895252 15430250 
5 2 0 1 4 8 3 9 7 6 
20610568 21867898 15562080 
5 8 9 6 3 2 1 4 7 0 
20662462 40035356 9588710 
5 8 9 3 6 2 1 4 7 0 
20664720 39746098 9801084 
5 2 8 1 6 0 3 9 7 4 
20706440 31660184 11414696 
5 2 8 6 1 0 3 9 7 4 
20707626 31199350 11187440 
4 5 6 8 9 1 0 3 2 7 
20737436 24590676 14854336 
5 4 9 6 2 0 1 8 7 3 
20743686 17260326 16895962 
5 2 0 6 1 8 3 9 7 4 
20805982 31124886 11191676 
5 4 0 6 2 9 3 8 7 1 
20831872 16303778 16691024 
5 4 0 1 2 9 3 8 7 6 
20831970 16295486 16974096 
5 4 8 6 2 9 3 0 7 1 
21000368 16512050 16684136 
5 4 0 6 2 9 1 8 7 3 
21029816 15899896 16722358 
4 5 6 0 9 1 8 3 2 7 
21048964 24310166 14856154 
5 4 8 6 2 9 1 0 7 3 
21198312 16108168 16715470 
4 5 9 1 6 0 3 8 2 7 
21299348 28841832 13262558 
4 5 9 6 1 0 3 8 2 7 
21300858 28238758 12990758 
4 5 0 1 6 9 3 8 2 7 
21380570 26843274 13045442 
4 5 0 6 1 9 3 8 2 7 
21381584 26240156 12772298 
5 2 8 1 4 0 6 9 7 3 
21442600 21721630 15360318 
5 2 8 6 4 0 1 9 7 3 
21442640 21403620 15089426 
4 5 8 6 1 9 3 0 2 7 
21501764 26448428 12765410 
5 2 0 6 4 8 1 9 7 3 
21540996 21329156 15093662 
4 5 0 3 6 9 1 8 2 7 
21597038 25459736 13054348 
4 5 0 6 3 9 1 8 2 7 
21599592 25869950 12882236 
5 6 1 0 8 4 9 2 7 3 
21628168 37587632 10175064 
5 2 8 1 3 0 6 9 7 4 
21642774 31056428 11558268 
5 2 8 6 3 0 1 9 7 4 
21642814 30738418 11287376 
5 1 6 8 9 2 0 4 7 3 
21652864 29271420 11146340 
5 6 1 8 9 2 0 4 7 3 
21660076 29617928 11034188 
4 5 8 3 6 9 1 0 2 7 
21717218 25668008 13047460 
4 5 8 6 3 9 1 0 2 7 
21719772 26078222 12875348 
4 5 0 3 1 9 6 8 2 7 
21741622 25306872 13096100 
5 6 3 8 9 2 0 4 7 1 
21790882 31377274 11005132 
5 6 3 0 8 4 9 2 7 1 
21844166 38425560 10171918 
5 1 6 0 9 2 8 4 7 3 
21964378 28991030 11148160 
5 1 3 8 9 2 0 4 7 6 
21970548 31137758 11032550 
5 6 1 0 9 2 8 4 7 3 
21971590 29337538 11036008 
5 6 3 0 9 2 8 4 7 1 
22102396 31096884 11006952 
2 0 5 6 1 9 3 7 4 8 
22399436 44930282 8837520 
4 6 1 0 8 5 9 7 2 3 
22467192 38164438 10093306 
2 8 5 6 1 9 3 7 4 0 
22500440 44500868 8766008 
2 0 5 3 6 9 1 7 4 8 
22664890 44375686 9167140 
7 2 0 6 4 9 1 8 5 3 
22691092 20923690 15940508 
5 2 9 1 4 0 3 8 7 6 
22756342 18128950 15886562 
5 2 9 6 4 0 3 8 7 1 
22757006 18110758 15752680 
2 8 5 3 6 9 1 7 4 0 
22765894 43946272 9095628 
2 8 5 6 3 9 1 7 4 0 
22768804 44199106 8877862 
2 8 5 3 1 9 6 7 4 0 
22884836 43760132 9136034 
2 8 5 1 3 9 6 7 4 0 
22888064 44186316 9057558 
5 2 0 6 4 9 3 8 7 1 
22899466 16977618 15575896 
5 2 0 1 4 9 3 8 7 6 
22899586 16950264 15707726 
4 6 3 0 8 5 9 7 2 1 
22941396 37551492 9893922 
5 2 9 1 6 0 3 8 7 4 
22946710 27892320 11745466 
5 2 9 6 1 0 3 8 7 4 
22948430 27431488 11518210 
5 2 8 6 4 9 3 0 7 1 
23067962 17185890 15569008 
5 2 0 1 6 9 3 8 7 4 
23090242 26668044 11563234 
5 2 0 6 1 9 3 8 7 4 
23091466 26207168 11334634 
5 2 0 6 4 9 1 8 7 3 
23097494 16460432 15241758 
4 1 3 0 8 5 9 7 2 6 
23131698 37312192 9921390 
2 6 1 0 8 5 9 7 4 3 
23211054 36155920 9731920 
2 1 6 0 8 5 9 7 4 3 
23213148 35651576 9836474 
5 2 8 6 1 9 3 0 7 4 
23259962 26415440 11327746 
5 2 8 6 4 9 1 0 7 3 
23265990 16668704 15234870 
5 2 0 6 3 9 1 8 7 4 
23308384 25795356 11443740 
5 2 8 6 3 9 1 0 7 4 
23476880 26003628 11436852 
2 6 3 0 8 5 9 7 4 1 
23579334 35219610 9543132 
2 1 3 0 8 5 9 7 4 6 
23769640 35029778 9556876 
4 6 7 8 9 5 0 2 1 3 
24022734 42514942 9368430 
4 6 7 0 9 5 8 2 1 3 
24190660 42234552 9370248 
5 8 2 6 1 9 3 4 7 0 
24214292 43426186 9289572 
4 8 9 6 1 5 3 7 2 0 
24444578 43701136 9097542 
4 1 7 0 9 5 8 2 6 3 
24457110 42109370 9403042 
2 9 8 6 4 5 1 0 7 3 
24861360 25149636 14585394 
2 9 0 6 4 5 1 8 7 3 
24872756 25214860 14572258 
2 8 9 1 6 5 3 7 4 0 
25137322 42130044 8999234 
2 8 9 6 1 5 3 7 4 0 
25138492 41956826 8863976 
5 6 1 0 8 2 9 4 7 3 
25561584 31910452 10341552 
5 1 6 0 8 2 9 4 7 3 
25567316 31563822 10453704 
4 6 2 8 9 5 0 7 1 3 
25584018 34418834 10052258 
4 6 2 0 9 5 8 7 1 3 
25751944 34138444 10054076 
2 8 7 6 1 5 3 9 4 0 
25948476 50919226 8378398 
4 1 2 0 9 5 8 7 6 3 
26018394 34013262 10086870 
2 8 9 1 3 5 6 7 4 0 
26310160 41641878 9143430 
2 8 9 3 1 5 6 7 4 0 
26311396 41216090 9234002 
2 8 9 6 3 5 1 7 4 0 
26585154 41654668 8963734 
2 8 9 3 6 5 1 7 4 0 
26585220 41402098 9189564 
5 2 6 0 8 4 9 1 7 3 
27924712 25152106 14412794 
5 2 1 0 8 4 9 6 7 3 
28136466 24979484 14437412 
2 7 0 1 9 5 6 8 4 3 
28157168 24903134 14276164 
2 7 8 1 9 5 6 0 4 3 
28342848 24837916 14289300 
2 7 0 6 9 5 1 8 4 3 
28444376 24603300 14277000 
4 6 7 0 8 5 9 2 1 3 
28599596 45003776 8675810 
2 7 8 6 9 5 1 0 4 3 
28630056 24538082 14290136 
4 1 7 0 8 5 9 2 6 3 
28866284 44873278 8708578 
4 6 2 0 8 5 9 7 3 1 
30036148 37904060 9517446 
4 6 2 0 8 5 9 7 1 3 
30071756 36976128 9363068 
4 1 2 0 8 5 9 7 6 3 
30338444 36845630 9395836 
5 2 0 1 6 9 4 8 7 3 
31201162 21347650 14390822 
5 2 0 6 1 9 4 8 7 3 
31202386 20886774 14162222 
5 2 8 6 1 9 4 0 7 3 
31370882 21095046 14155334 
4 6 7 0 8 2 9 5 1 3 
31422022 44991652 8691344 
4 1 7 0 8 2 9 5 6 3 
31667338 44861154 8724112 
