284 3
1 2 6 4 9 5 7 3 0 8 
3544958 36552728 10594304 
1 2 6 4 9 5 8 3 0 7 
3574972 36156412 9705988 
1 0 6 4 9 5 7 3 2 8 
3586456 35962128 10427744 
1 0 6 4 9 5 8 3 2 7 
3615726 35590436 9524628 
1 4 0 2 9 5 7 3 6 8 
3619410 35068250 10880756 
1 2 4 6 9 5 8 3 0 7 
3642380 36224274 9040928 
1 4 0 2 9 5 8 3 6 7 
3654716 34784242 10738360 
6 8 2 0 9 5 1 3 7 4 
3663344 28951086 10488830 
6 8 2 0 9 5 7 3 1 4 
3663416 34115660 10424406 
1 0 4 6 9 5 8 3 2 7 
3690952 35555440 8835070 
6 0 7 8 9 5 1 3 2 4 
3705508 25567550 9868944 
6 8 2 0 9 5 4 3 7 1 
3705854 28367510 7754046 
6 2 7 8 9 5 1 3 0 4 
3736482 24550528 9624370 
6 0 7 8 9 5 4 3 2 1 
3745726 25567466 8726890 
6 2 7 8 9 5 4 3 0 1 
3780234 24433480 8552616 
6 7 2 0 9 5 4 3 8 1 
3817538 27125772 7263854 
4 0 7 8 9 5 1 3 2 6 
3853482 24240900 9629330 
1 7 2 0 9 5 4 3 8 6 
3869102 23036644 9467376 
4 2 7 8 9 5 1 3 0 6 
3884468 23048060 9378186 
4 0 7 8 9 5 6 3 2 1 
3893514 24391624 9052464 
6 7 2 4 9 5 8 3 0 1 
3902266 26182224 8516090 
4 2 7 8 9 5 6 3 0 1 
3927476 23100288 8860520 
4 7 2 0 9 5 6 3 8 1 
3965704 26436258 7516318 
3 2 7 8 9 5 1 6 0 4 
3985618 24598438 8469808 
6 0 2 7 9 5 8 3 4 1 
3995718 22373742 9588346 
6 0 2 7 9 5 1 3 4 8 
4013910 22189122 10522358 
1 0 7 8 5 9 4 3 2 6 
4030384 23946300 8405218 
3 8 2 0 9 5 4 6 7 1 
4031378 25315686 8324072 
6 2 0 7 9 5 8 3 4 1 
4052162 22351324 9543256 
6 7 8 1 9 5 4 3 0 2 
4056336 28301920 7173392 
6 7 2 0 9 5 8 3 4 1 
4058262 23573450 8749232 
1 2 0 4 9 5 8 3 7 6 
4060920 25929222 8093410 
1 2 7 8 5 9 4 3 0 6 
4063762 23752756 8269508 
6 7 0 4 9 3 8 5 2 1 
4069220 23530626 8496840 
6 2 0 7 9 5 1 3 4 8 
4069878 22144878 10431362 
1 0 2 7 9 5 8 3 4 6 
4074094 26088366 7513556 
6 8 7 0 9 5 4 3 2 1 
4078698 24540308 7180816 
6 7 0 4 9 3 1 5 2 8 
4088678 23244160 7884860 
4 0 7 8 9 5 1 6 2 3 
4106608 22006330 9259344 
6 8 7 2 9 5 4 3 0 1 
4111710 24035490 7294340 
0 7 6 4 9 3 1 5 2 8 
4112852 22947364 8893796 
1 7 2 0 5 9 4 3 8 6 
4118000 21131338 9586842 
3 7 2 0 9 5 4 6 8 1 
4122888 23496998 7769046 
1 2 7 0 9 5 4 3 8 6 
4138944 22807848 9052298 
0 7 8 1 9 5 6 3 2 4 
4153630 21742276 9012002 
0 7 8 1 9 5 4 3 2 6 
4162172 21503380 8195976 
4 2 7 8 9 5 1 6 0 3 
4168840 20708838 9071168 
6 7 8 1 5 9 4 3 2 0 
4181508 25870966 6558000 
6 7 2 4 9 3 1 5 0 8 
4189904 22111474 7828402 
4 8 7 0 9 5 6 3 2 1 
4224750 23273858 7368490 
8 2 0 4 9 5 6 3 7 1 
4232506 20155884 9191654 
6 0 2 7 9 3 8 5 4 1 
4244732 19342322 9666414 
8 4 0 7 9 5 1 3 2 6 
4254270 22892252 7798882 
4 8 7 2 9 5 6 3 0 1 
4257588 22631106 7493894 
2 7 8 1 9 5 6 3 0 4 
4260080 21485486 8925884 
6 0 2 7 9 3 1 5 4 8 
4262924 19251910 9859498 
2 7 8 1 9 5 4 3 0 6 
4267344 21250010 8183166 
0 4 7 8 9 5 1 3 2 6 
4278620 21106056 8964848 
6 7 8 1 5 9 4 3 0 2 
4285936 25309474 6378578 
8 2 0 4 9 5 1 3 7 6 
4287828 19633998 8173294 
8 0 2 7 9 5 1 3 4 6 
4305696 23425390 7280600 
3 2 7 8 9 6 1 5 0 4 
4312934 23584536 7260456 
0 1 8 7 9 5 4 3 2 6 
4317184 20744644 8039114 
4 7 8 1 5 9 6 3 2 0 
4323258 24688660 6873724 
6 2 0 7 9 3 8 5 4 1 
4327800 19297776 9593276 
6 2 0 7 9 3 1 5 4 8 
4345516 19185538 9740454 
8 0 2 4 9 5 1 3 7 6 
4360564 19604862 8113456 
0 7 8 1 5 9 4 3 2 6 
4383320 19552322 7644122 
8 0 4 6 9 3 1 5 7 2 
4394932 23748230 6968758 
2 1 8 7 9 6 0 5 3 4 
4396156 22668496 7278210 
4 7 8 1 5 9 6 3 0 2 
4428490 23969818 6676632 
0 8 7 2 9 5 4 6 3 1 
4434184 23674128 6681344 
1 0 2 7 5 9 4 3 8 6 
4437188 19078796 9059432 
8 4 0 2 9 5 1 6 7 3 
4451662 22622744 7555730 
0 7 8 6 9 5 4 3 2 1 
4452462 21081906 7439246 
6 0 7 8 5 9 4 1 2 3 
4456496 23019502 7232534 
0 8 7 2 9 5 4 3 6 1 
4466728 23601138 7141428 
2 7 8 1 5 9 6 3 0 4 
4481060 19534460 8374150 
2 7 8 1 5 9 4 3 0 6 
4488324 19298984 7631432 
0 8 7 6 9 5 4 3 2 1 
4491666 20840134 6988428 
1 2 7 3 9 6 8 5 0 4 
4492648 29485270 6289982 
0 7 8 4 9 5 1 3 2 6 
4494252 19037632 8419826 
2 8 7 0 9 5 4 6 3 1 
4496312 23393138 6753350 
0 7 8 1 9 5 4 6 2 3 
4519402 20516728 7364288 
0 8 7 4 9 5 1 3 2 6 
4522952 18958212 8310024 
0 7 8 4 9 5 6 3 2 1 
4529336 18748380 7939704 
8 2 0 4 9 5 1 6 7 3 
4531034 19646878 6988524 
0 8 7 4 9 5 6 3 2 1 
4554500 18506824 7488886 
5 7 2 0 6 9 1 4 8 3 
4570770 22108868 6929800 
2 6 4 0 9 3 7 5 8 1 
4625502 25291348 6567040 
6 7 8 1 5 3 4 9 0 2 
4631018 27336788 6171142 
6 7 8 4 9 3 1 5 0 2 
4642708 22330322 6703306 
6 8 7 3 5 9 4 1 2 0 
4647198 26339388 6378362 
2 8 7 4 9 5 6 3 0 1 
4649640 18390664 7802946 
0 1 8 3 9 6 2 5 7 4 
4653494 23688856 6579508 
0 8 7 3 9 5 4 6 2 1 
4656892 20863398 6862848 
3 7 2 0 6 9 1 4 8 5 
4671132 20145234 6945092 
6 7 8 3 5 9 4 1 2 0 
4672624 26248198 6160890 
2 8 1 3 9 6 0 5 7 4 
4677282 21939090 6747298 
2 1 8 3 9 6 0 5 7 4 
4693580 21728204 6386494 
8 0 2 1 5 9 7 3 4 6 
4700032 27997362 5931234 
0 1 8 7 6 9 2 4 3 5 
4701386 21434698 6689938 
0 8 7 4 9 5 2 6 3 1 
4730308 25273818 6171588 
2 1 8 7 6 9 0 4 3 5 
4731476 21094218 6466828 
2 8 7 4 9 5 0 6 3 1 
4736256 25158986 6244356 
0 8 1 4 9 5 2 6 7 3 
4743370 24232084 6159066 
2 8 1 4 9 5 0 6 7 3 
4746872 23592774 6172934 
2 1 3 0 6 9 7 4 8 5 
4761550 25497538 6087296 
6 7 8 3 5 9 4 1 0 2 
4776702 25685458 5981734 
2 1 8 3 9 6 7 5 0 4 
4777556 25428152 6021914 
3 8 7 2 6 9 0 4 1 5 
4804648 20519830 6664616 
1 7 2 0 6 9 3 4 8 5 
4813414 17707902 7406884 
0 1 8 2 6 9 7 4 3 5 
4824548 23893562 5844346 
1 7 2 0 6 9 5 4 8 3 
4828202 17246080 7036068 
0 8 7 2 6 9 1 4 3 5 
4833048 20366874 6888122 
0 7 8 4 9 5 1 6 2 3 
4833154 16925780 7304634 
3 2 7 0 6 9 1 4 8 5 
4850030 19972162 6664662 
8 0 2 3 9 6 1 5 7 4 
4854124 22205708 6278964 
3 8 7 0 6 9 2 4 1 5 
4862398 20529208 6435746 
0 7 8 1 5 9 4 6 2 3 
4867360 18878090 6884896 
2 3 8 0 6 9 7 4 1 5 
4871188 26316462 5623936 
2 1 8 4 9 5 0 6 7 3 
4879494 23442190 5958096 
0 8 7 4 9 5 1 6 2 3 
4885922 16811490 7121572 
2 1 7 0 6 9 3 4 8 5 
4886808 20284984 6596890 
1 0 2 5 6 9 8 4 7 3 
4889458 25542270 5834924 
0 7 1 8 6 9 5 4 2 3 
4898106 16724968 8963572 
2 1 8 0 6 9 7 4 3 5 
4900394 23624724 5358582 
0 7 8 1 6 9 3 4 2 5 
4915584 15275548 7922394 
0 7 8 1 6 9 5 4 2 3 
4920970 14837876 7860266 
2 8 7 0 6 9 1 4 3 5 
4922316 20100694 6547866 
0 8 7 2 6 9 3 4 1 5 
4946320 19823966 6590548 
0 8 1 5 6 9 2 4 7 3 
4956564 22289876 5822276 
2 8 1 5 6 9 0 4 7 3 
4983354 21541406 5717566 
8 0 2 3 6 9 1 4 7 5 
5000560 20255024 6498878 
0 1 8 3 6 9 2 4 7 5 
5001000 21133734 6111102 
2 8 1 3 6 9 0 4 7 5 
5006964 20549720 6311336 
1 2 7 0 6 9 5 4 8 3 
5008208 17113514 6840892 
1 0 2 7 6 9 5 4 8 3 
5011674 16269138 7706340 
2 1 8 3 6 9 0 4 7 5 
5030510 20333474 5927592 
2 7 8 1 6 9 3 4 0 5 
5031948 15531470 7748852 
2 3 8 0 6 9 1 4 7 5 
5031996 19265676 6719398 
2 8 7 0 6 9 3 4 1 5 
5035646 19610026 6242958 
2 8 7 0 6 9 5 4 1 3 
5039522 19203330 6677140 
0 1 8 7 6 9 3 4 2 5 
5048008 14535864 7632272 
0 1 8 7 6 9 5 4 2 3 
5048018 14338096 7885228 
0 1 8 5 6 9 2 4 7 3 
5094494 22171692 5648388 
0 8 7 1 5 9 4 6 2 3 
5100224 18799024 6749490 
2 1 8 5 6 9 0 4 7 3 
5121396 21423208 5543678 
2 1 8 7 6 9 5 4 0 3 
5124080 14531968 7798824 
0 8 7 4 5 9 6 1 2 3 
5125574 17339426 6780310 
2 1 8 7 6 9 3 4 0 5 
5127478 14720616 7350380 
0 1 8 2 6 9 5 4 7 3 
5132142 16682512 6668890 
0 1 8 2 6 9 3 4 7 5 
5132886 16874508 6561560 
2 1 8 0 6 9 5 4 7 3 
5203536 15903946 6362338 
2 1 8 0 6 9 3 4 7 5 
5208152 16083270 6149136 
8 0 2 9 6 5 1 4 7 3 
5516912 20195560 6025604 
8 2 0 9 6 5 1 4 7 3 
5527582 20169912 5971916 
2 1 8 7 6 5 3 4 0 9 
5678332 15408910 7194714 
2 1 8 9 6 5 0 4 7 3 
5681596 23906704 5275596 
2 1 8 0 6 5 3 4 7 9 
5749736 16771132 6094378 
6 1 8 7 0 9 4 2 3 5 
5896362 19792208 6083132 
2 6 4 8 3 9 7 1 0 5 
5901324 20539504 5799940 
0 7 8 1 5 6 4 3 2 9 
5906860 15135902 7272852 
1 4 6 7 2 3 8 0 5 9 
5910204 19515870 5892302 
8 6 4 7 2 3 1 0 9 5 
5918986 21047138 5707506 
8 4 6 7 2 3 1 0 5 9 
5924430 20295112 5721706 
0 8 1 4 6 9 2 5 7 3 
5944770 22362152 5378706 
2 1 8 6 9 5 0 4 7 3 
5947190 23637138 5325824 
2 8 1 4 6 9 0 5 7 3 
5970864 21388490 5389940 
1 6 4 7 2 3 8 0 5 9 
5975280 19363994 5634514 
6 7 8 9 5 3 4 1 0 2 
5976932 28314692 5082704 
8 6 4 7 2 3 1 0 5 9 
5989490 20143238 5463918 
2 7 8 1 5 6 4 3 0 9 
6026840 14890020 7349858 
0 1 8 4 6 9 2 5 7 3 
6048104 22244604 5205430 
0 1 8 7 5 6 4 3 2 9 
6060936 14475158 7696942 
2 1 8 4 6 9 0 5 7 3 
6074310 21270928 5216664 
7 6 4 8 3 9 0 1 2 5 
6091020 19109766 5948828 
0 8 7 1 5 6 4 3 2 9 
6107676 15088878 7188628 
2 1 8 7 5 6 4 3 0 9 
6144022 14158106 7665598 
8 2 0 1 5 6 9 3 7 4 
6215396 15513958 7091784 
8 0 2 1 5 6 4 3 7 9 
6221318 15031150 7325346 
2 8 7 1 5 6 4 3 0 9 
6224440 14842988 7265634 
8 0 2 1 5 6 9 3 7 4 
6230990 15452050 6981636 
6 7 8 5 9 3 4 1 0 2 
6258002 28231016 5131794 
2 1 8 6 5 9 0 4 7 3 
6303952 20921280 5386154 
4 1 8 7 0 9 3 2 6 5 
6323034 14651802 7038480 
4 1 8 7 0 9 5 2 6 3 
6343372 14478430 7281836 
6 1 8 7 0 9 3 2 4 5 
6378018 14149628 6768058 
6 1 8 7 0 9 5 2 4 3 
6398356 13976256 7011414 
0 1 8 7 4 9 5 6 2 3 
6405244 13829228 8241568 
4 1 8 7 2 9 3 0 6 5 
6417352 14518636 6735958 
2 6 4 7 3 9 1 8 0 5 
6418058 15799620 6351558 
3 6 4 7 0 9 8 2 1 5 
6420396 19759728 5610552 
3 6 4 7 2 9 8 0 1 5 
6436214 20130642 5307246 
1 6 4 7 0 3 8 2 5 9 
6438930 19018024 5936030 
6 1 8 7 2 9 3 0 4 5 
6463888 14092356 6466466 
6 1 8 7 2 9 5 0 4 3 
6484690 13918136 6711806 
8 4 6 7 2 9 1 0 3 5 
6493246 18763278 5424928 
8 4 6 7 0 9 1 2 3 5 
6497924 18240880 5726894 
2 6 4 7 3 9 0 8 1 5 
6530386 21683988 5158648 
8 6 4 7 0 9 1 2 3 5 
6556528 18089108 5469412 
8 6 4 7 2 9 1 0 3 5 
6558306 18611404 5167140 
8 4 6 1 9 2 7 5 3 0 
6563062 17863900 5890506 
2 1 8 0 4 9 3 6 7 5 
6570326 15592748 6337646 
8 6 4 1 9 2 7 5 3 0 
6595084 17786296 5763402 
3 4 6 7 2 9 1 0 8 5 
6600056 17573944 5937340 
3 6 4 7 0 9 1 2 8 5 
6646442 17051562 5983684 
8 4 6 7 2 9 5 0 1 3 
6651138 15575818 6445542 
3 6 4 7 2 9 1 0 8 5 
6665116 17422070 5679552 
8 4 6 7 2 9 3 0 1 5 
6670282 15399328 5526468 
8 4 6 7 0 9 3 2 1 5 
6675368 14876872 5828316 
8 6 4 7 0 9 3 2 1 5 
6734792 14725100 5570834 
8 6 4 7 2 9 3 0 1 5 
6736162 15247454 5268680 
2 4 6 7 3 5 1 8 0 9 
6782094 14237300 6324740 
2 6 4 7 3 5 1 8 0 9 
6826082 14086330 6068380 
8 6 4 3 9 0 1 5 7 2 
6889740 24320542 5113496 
9 7 8 5 6 0 1 4 3 2 
6970452 23244192 5114654 
5 3 8 9 6 0 1 4 7 2 
6993136 27247534 5096276 
5 7 8 9 6 0 1 4 3 2 
7078780 23633146 4757648 
2 6 4 3 1 5 7 8 0 9 
7114612 21061188 4927510 
2 4 6 7 1 5 9 8 0 3 
7230924 13605188 7197462 
2 4 6 7 1 5 3 8 0 9 
7246106 13335140 6367352 
2 6 4 7 1 5 3 8 0 9 
7290198 13184152 6110992 
2 6 4 3 1 5 0 8 7 9 
7468322 20867764 4936074 
2 1 8 4 6 9 3 0 7 5 
7472656 14391116 5979902 
5 7 8 9 6 2 1 4 3 0 
7535170 23020234 4926496 
6 7 8 5 3 2 4 1 9 0 
7556752 21964700 4840922 
8 6 4 7 2 5 1 0 3 9 
7580654 16905632 5037878 
6 8 1 0 2 3 4 7 5 9 
7924476 24512828 4579292 
2 4 6 7 1 9 5 8 0 3 
7940648 12954162 7272564 
1 6 4 0 2 3 8 7 5 9 
7940662 19083012 4784946 
2 4 6 7 1 9 3 8 0 5 
7960196 12793030 6630874 
6 7 8 5 3 0 4 1 9 2 
7973668 20542476 4753008 
6 1 8 0 2 3 4 7 5 9 
7997674 24384114 4334266 
2 6 4 7 1 9 3 8 0 5 
8004288 12642042 6374514 
6 1 8 0 2 3 4 7 9 5 
8051088 24452094 4313044 
6 8 1 0 2 9 4 7 3 5 
8097126 20932660 4664440 
6 7 8 5 9 0 4 1 3 2 
8112516 22236264 4503230 
6 3 8 0 2 9 4 7 1 5 
8163990 21988702 4382038 
6 8 1 0 2 9 4 7 5 3 
8200966 20802572 4616076 
6 1 8 0 2 9 4 7 3 5 
8217188 20712250 4272638 
6 1 8 0 2 9 4 7 5 3 
8296964 20681938 4434130 
4 1 8 0 2 9 6 7 3 5 
8336410 19921828 4524394 
3 6 4 0 2 9 8 7 1 5 
8389696 20093480 4334144 
4 1 8 0 2 9 6 7 5 3 
8416186 19891516 4685886 
6 1 8 0 2 3 5 7 4 9 
8453722 17109940 4930020 
6 1 8 0 2 3 9 7 4 5 
8458846 17013624 4940422 
8 6 4 0 2 9 1 7 3 5 
8513960 17560488 4715760 
3 6 4 0 2 9 1 7 8 5 
8601870 17386138 4706532 
6 8 1 0 2 9 5 7 4 3 
8635462 15042162 5381538 
8 6 4 0 2 9 5 7 1 3 
8666150 14400256 5730856 
4 1 8 0 2 9 3 7 6 5 
8666760 15683150 5132688 
8 4 6 0 2 9 3 7 1 5 
8678292 14347742 5074094 
8 6 4 0 2 9 3 7 1 5 
8686512 14196928 4817326 
6 1 8 2 0 9 4 7 3 5 
8852738 20571112 4318070 
4 1 8 2 0 9 6 7 3 5 
8964562 19800112 4599388 
3 4 6 2 0 9 8 7 1 5 
9140558 19993766 4468878 
3 6 4 2 0 9 8 7 1 5 
9159620 19842736 4212110 
1 6 4 2 0 3 8 7 5 9 
9187604 18836136 4671848 
8 6 4 2 0 9 1 7 3 5 
9298680 17270928 4534718 
2 1 8 6 4 9 5 0 7 3 
9302882 13994254 6007950 
2 1 8 6 4 9 3 0 7 5 
9309934 14119902 5805836 
3 6 4 2 0 9 1 7 8 5 
9371794 17135590 4585310 
3 6 4 0 2 5 8 7 1 9 
9414636 19685904 4452316 
2 4 6 7 8 5 3 1 0 9 
9438610 13932584 5644834 
8 6 4 2 0 9 5 7 1 3 
9450870 14101292 5549826 
8 4 6 2 0 9 3 7 1 5 
9452170 14058370 4892936 
8 6 4 2 0 9 3 7 1 5 
9471232 13907340 4636168 
2 6 4 7 8 5 3 1 0 9 
9484854 13781562 5388372 
2 4 6 7 8 5 1 3 0 9 
9512642 13167258 6225920 
2 4 6 7 8 9 3 1 0 5 
9513388 13391458 5907252 
8 6 4 0 2 5 1 7 3 9 
9536308 15847012 4587560 
2 6 4 7 8 5 1 3 0 9 
9556630 13016288 5969560 
2 6 4 7 8 9 3 1 0 5 
9559632 13240436 5650790 
2 4 6 8 1 5 3 7 0 9 
9584744 12427024 5701464 
2 6 4 8 1 5 3 7 0 9 
9651900 12275612 5444696 
2 6 4 1 8 9 3 7 0 5 
10091388 12175790 5892252 
3 6 4 2 0 5 8 7 1 9 
10237836 19435934 4330256 
2 4 6 8 1 9 5 7 0 3 
10278706 12046842 6605688 
2 4 6 8 1 9 3 7 0 5 
10298834 11872930 5966638 
2 6 4 8 1 9 3 7 0 5 
10365990 11721518 5709870 
8 6 4 2 0 5 1 7 3 9 
10374304 15558226 4406492 
3 6 4 2 0 5 1 7 8 9 
10464266 15431276 4557992 
2 1 8 6 4 9 3 7 0 5 
12327568 13417402 5378670 
