53 3
4 5 6 0 1 3 2 
1584766 24882028 12628950 
4 5 6 0 3 1 2 
1822104 24223052 12190372 
2 5 6 0 1 3 4 
1827134 18847064 12421472 
0 5 6 4 1 3 2 
1963742 24267804 11547118 
2 5 6 0 3 1 4 
2064076 18192000 12370050 
4 5 6 2 1 3 0 
2141404 18172780 10268202 
2 5 6 4 1 3 0 
2168068 17987312 12122586 
4 5 1 2 6 3 0 
2169778 18053860 10229570 
0 5 6 2 1 3 4 
2179446 18418308 9485256 
2 5 1 4 6 3 0 
2211954 17868392 12083954 
5 2 6 4 1 3 0 
2402406 15195310 13017084 
4 5 6 2 3 1 0 
2405802 17513804 9829624 
5 2 1 4 6 3 0 
2439714 15016930 12959136 
0 5 6 2 3 1 4 
2443250 17765200 9627412 
0 2 6 5 1 3 4 
2472934 16545146 8405620 
2 0 6 5 1 3 4 
2545008 13571252 10075228 
4 2 6 5 1 3 0 
2570896 15174802 9088862 
4 2 1 5 6 3 0 
2608204 14996422 9030914 
0 2 6 5 3 1 4 
2673850 16351952 8719276 
5 4 6 2 1 3 0 
2696826 12888024 12001456 
4 5 1 2 6 0 3 
2718162 11579732 10601602 
4 5 6 2 1 0 3 
2731916 11354572 10519022 
2 0 6 5 3 1 4 
2746014 13178996 10121806 
4 2 6 5 3 1 0 
2772406 14975740 8821784 
2 5 6 4 1 0 3 
2796226 11099468 11915956 
2 5 6 0 1 4 3 
2885012 10907904 7704438 
0 2 6 5 1 4 3 
3087908 8839986 9382530 
2 5 6 0 3 4 1 
3247218 9446460 7161352 
5 2 1 4 6 0 3 
3282520 8439262 9518366 
5 2 6 4 1 0 3 
3287340 8273562 9455102 
5 2 6 0 1 4 3 
3291910 8161858 13060184 
0 2 6 5 3 4 1 
3427142 7875640 9014240 
2 4 6 5 1 0 3 
3494178 6342668 9769604 
5 4 1 2 6 0 3 
3564926 6256508 8527822 
5 4 6 2 1 0 3 
3578680 6031348 8445242 
2 0 6 5 1 4 3 
3594526 5808716 5373850 
5 0 6 2 1 4 3 
3677576 5577256 11866088 
2 4 6 5 3 0 1 
3815592 5772534 9548314 
2 0 6 5 3 4 1 
3919036 4647264 4932060 
5 0 6 2 3 4 1 
4102410 4350732 11418530 
2 0 1 5 3 4 6 
4122874 4628672 4930412 
5 0 1 2 3 4 6 
4305068 4322844 11416058 
5 0 6 4 3 2 1 
4570560 4014112 10291120 
5 0 1 4 3 2 6 
4794082 3995520 10289472 
0 2 6 5 4 3 1 
6259278 5736664 4616784 
1 2 3 5 4 6 0 
6455892 11808436 4447848 
2 3 6 5 0 4 1 
6743202 4410220 4736474 
2 3 1 5 0 4 6 
6787904 4404112 4745194 
5 3 6 4 0 2 1 
7923888 3776596 10091168 
5 3 1 4 0 2 6 
7988274 3770488 10099888 
1 4 3 5 2 6 0 
8590964 11627554 4298770 
0 4 6 5 2 3 1 
8785038 5524572 4441786 
0 4 1 5 2 3 6 
9063434 5518464 4450506 
