241 4
2 3 1 5 6 0 4 
966214 2834060 27842992 12980044 
2 0 1 5 6 3 4 
967282 3774932 24493592 14001508 
3 2 4 6 5 0 1 
975226 3068368 28213408 11186584 
3 0 4 6 5 2 1 
976630 3664280 21415506 11518470 
3 0 5 1 4 2 6 
976770 2740578 21454082 13521908 
3 2 5 1 4 0 6 
978834 2006748 27673810 12783846 
3 0 4 1 5 2 6 
996880 3282442 19114760 13328720 
3 2 4 1 5 0 6 
998944 2301412 23163388 12712458 
5 3 1 2 6 0 4 
1003142 2183608 23253174 13075862 
3 0 4 1 2 5 6 
1027020 2578258 17770694 12753282 
3 5 4 6 2 0 1 
1027206 3061514 27276232 11161926 
3 5 4 1 2 0 6 
1029468 2273342 21889444 12661592 
3 0 4 6 2 5 1 
1033122 2437616 16526880 10567768 
0 2 4 6 5 3 1 
1039786 1826570 23571676 21011022 
2 3 6 4 1 0 5 
1042524 2306638 28185220 8949316 
0 3 1 5 6 2 4 
1047238 1875812 23004554 20562366 
0 5 4 6 2 3 1 
1050516 1819056 24096180 21002094 
0 3 1 2 6 5 4 
1066166 1900934 20819538 15305734 
2 1 6 4 3 0 5 
1067116 2279806 28919488 9006028 
2 0 6 4 3 1 5 
1068598 2722904 15178918 9149776 
5 0 4 6 2 3 1 
1070400 2021102 24096766 13861572 
2 3 1 4 6 0 5 
1073770 2123562 23094874 9089848 
3 0 2 6 4 5 1 
1085664 2407130 19048368 10525274 
0 5 3 4 6 2 1 
1087060 1782790 28136416 14359846 
0 3 6 2 1 5 4 
1092724 2083820 20206232 15201126 
3 5 2 1 4 0 6 
1093854 1979170 22095074 12749018 
5 0 6 4 3 2 1 
1101226 2522600 24258284 8690368 
0 2 5 6 4 3 1 
1102584 1532536 24752932 21089418 
0 5 2 6 4 3 1 
1103058 1524022 28601838 21080468 
5 0 3 4 6 2 1 
1108618 2393926 28283868 8670672 
3 0 6 4 1 2 5 
1112904 1882314 23223626 19722624 
0 3 1 4 6 5 2 
1119776 1538186 18623938 14684318 
5 0 4 3 2 1 6 
1119954 2263704 17468886 20334022 
2 0 6 4 3 5 1 
1143724 2524168 18331308 8683696 
2 1 3 4 6 0 5 
1144156 2067836 29985452 9055556 
2 0 3 4 6 1 5 
1145638 2593334 16968582 9158704 
2 0 3 4 6 5 1 
1151116 2395270 23466572 8661664 
0 2 5 1 4 3 6 
1156476 1788812 26643152 14514090 
0 3 6 4 1 5 2 
1158178 1721066 18010614 14579710 
0 3 6 4 1 2 5 
1159638 1675416 23203642 13951112 
5 0 6 4 3 1 2 
1162192 2685836 14713302 8933252 
3 4 5 1 2 0 6 
1163910 1977962 27268902 12660686 
3 0 5 1 2 4 6 
1164762 2093074 14048678 12433614 
0 2 4 3 5 6 1 
1175808 1818516 17765394 22308884 
0 1 6 4 3 2 5 
1181230 1648536 24044214 14008968 
1 0 4 6 2 5 3 
1183146 2445386 17098918 9558338 
0 3 1 4 6 2 5 
1190884 1491864 20471366 14086680 
0 1 6 4 3 5 2 
1191898 1679882 18199026 14599390 
4 3 6 2 1 0 5 
1194432 2345350 28448444 8910478 
0 2 4 3 5 1 6 
1198646 2044344 17132040 21796314 
6 2 5 1 4 0 3 
1202194 2022220 28044780 10183726 
2 6 1 4 3 0 5 
1209046 2091312 22793688 9000212 
0 5 4 3 2 1 6 
1214352 2015454 16892128 21740474 
5 0 3 4 6 1 2 
1216016 2556714 16508486 8934196 
0 3 5 4 6 1 2 
1218086 1664180 19127416 14362676 
6 0 4 1 2 5 3 
1228840 2551720 17853612 9556980 
6 5 4 1 2 0 3 
1229548 2296510 22379406 10070288 
0 2 5 3 4 6 1 
1230238 1524274 17831498 22397600 
3 0 5 6 2 4 1 
1230714 2409560 15906228 10576456 
5 0 1 4 3 6 2 
1232938 3029534 16785780 8824442 
0 6 1 4 3 5 2 
1233238 1512836 19206928 14619776 
1 0 4 6 2 3 5 
1238980 2016540 24609932 9082414 
1 0 2 6 4 5 3 
1244394 2414732 19618336 9518838 
6 0 3 4 1 2 5 
1244724 1859278 28038752 13738904 
0 1 3 4 6 5 2 
1245722 1467548 23293100 14632466 
0 5 3 4 6 1 2 
1245914 1918154 16136458 14289578 
3 4 2 1 5 0 6 
1248406 1978454 22964110 12676724 
3 0 2 1 5 4 6 
1249258 2604446 14230826 12197932 
2 0 3 4 1 6 5 
1253538 2363596 17308514 9765242 
2 6 3 4 1 0 5 
1254840 2062418 28949998 8909208 
4 0 3 5 6 2 1 
1255920 2770140 30934540 8595162 
1 0 2 6 4 3 5 
1256698 1986306 29220350 9023564 
4 0 6 5 3 2 1 
1256896 2899246 26914428 8606874 
0 1 3 4 6 2 5 
1258270 1435978 28023088 14052364 
0 2 4 6 5 1 3 
1260266 1786912 15618600 20120698 
5 0 4 6 2 1 3 
1264416 1987708 15659962 13183416 
3 0 5 1 2 6 4 
1271090 1939284 18478514 11478404 
0 3 1 5 6 4 2 
1274452 1509994 14943318 20234592 
3 2 0 6 4 5 1 
1277166 1939680 26344376 10537254 
3 0 4 6 2 1 5 
1282972 1975376 15601090 9413688 
0 5 4 6 2 1 3 
1283124 1765094 15490944 20073594 
0 2 5 6 4 1 3 
1285338 1493242 18612056 20182324 
3 0 6 4 1 5 2 
1288324 1833694 17258618 19203812 
5 0 3 4 1 2 6 
1288616 1832678 28089060 8690366 
3 0 2 6 4 1 5 
1300690 1945226 19795378 9355714 
0 6 1 4 3 2 5 
1310410 1459362 20728276 14003050 
3 4 0 6 2 5 1 
1310748 1914026 26409500 10547386 
0 3 5 1 2 4 6 
1320870 2911954 13530990 13735534 
4 0 3 5 1 2 6 
1322812 2208430 30736540 8593688 
5 0 3 4 1 6 2 
1325164 2307584 16851970 9090446 
3 0 4 1 2 6 5 
1329104 1967012 18767138 11288890 
5 0 1 4 3 2 6 
1329882 2553340 21610470 8483702 
0 3 6 2 1 4 5 
1330104 1672268 16919824 14248624 
4 5 0 6 2 3 1 
1333860 1805436 27081958 13706564 
1 0 5 6 2 3 4 
1335286 1990088 25661152 9272090 
3 5 2 1 0 4 6 
1340108 2571082 14473856 12114218 
1 0 5 6 2 4 3 
1343688 2407554 16489160 9310146 
0 5 2 6 4 1 3 
1344372 1469976 19578402 20155838 
0 1 6 5 3 4 2 
1347064 1652366 17793144 20139396 
2 3 1 4 6 5 0 
1348178 1489132 18420820 8340062 
0 3 5 4 6 2 1 
1352032 1455056 16714574 14345264 
0 6 3 4 1 2 5 
1356204 1430356 27439426 13910878 
0 1 6 2 3 4 5 
1356652 1645358 17680212 14302598 
3 5 2 1 4 6 0 
1356954 1458992 23223992 11138172 
4 0 1 5 3 6 2 
1362880 3048604 16913706 8811016 
0 3 1 2 6 4 5 
1364488 1488794 14605730 14380322 
3 5 0 1 2 4 6 
1369026 1847144 18271080 12392298 
0 2 4 1 5 6 3 
1374228 1817318 18142048 14057940 
0 2 5 1 4 6 3 
1377334 1523102 18208230 14146656 
6 0 5 1 2 4 3 
1389382 2072552 14124892 9395392 
0 1 3 5 6 4 2 
1392520 1439824 21772066 20182792 
3 2 4 1 5 6 0 
1399760 1724044 17403026 10991284 
4 3 1 2 6 5 0 
1400312 1863046 21049072 8232086 
0 6 1 5 3 4 2 
1401130 1484564 15312484 20159698 
0 3 2 1 5 4 6 
1405366 2515386 13381488 13930392 
0 1 3 2 6 4 5 
1433692 1432800 21659086 14345994 
2 3 6 4 1 5 0 
1435914 1671060 17795766 8252420 
5 3 1 4 6 2 0 
1440764 1488428 20593540 8349166 
3 0 1 5 2 4 6 
1444756 1936720 14140466 20537878 
6 0 2 1 5 4 3 
1450662 2584372 14312560 9151726 
2 5 3 4 6 1 0 
1459376 1967218 16764816 9097140 
2 6 1 4 3 5 0 
1461472 1482808 19301674 8319620 
2 1 3 4 6 5 0 
1462484 1422342 23149478 8292618 
2 5 6 4 3 1 0 
1466494 2573896 15130012 8890142 
4 0 3 5 1 6 2 
1468704 2327356 16988788 9064046 
2 1 6 4 3 5 0 
1469602 1633500 18040914 8280500 
3 2 5 1 4 6 0 
1472514 1428484 17452648 11103952 
5 3 1 2 6 4 0 
1472960 1472078 14728288 11334520 
4 3 1 5 0 2 6 
1481252 2876756 22002246 8176374 
0 6 1 2 3 4 5 
1484014 1456292 14862640 14296692 
4 3 6 2 1 5 0 
1484910 2044812 20421966 8147438 
4 6 1 2 3 5 0 
1513606 1856722 21929926 8211644 
4 1 3 2 6 5 0 
1514186 1796028 25775222 8184612 
4 1 6 2 3 5 0 
1521304 2007186 20666658 8172494 
0 6 3 2 1 4 5 
1526670 1427208 21155608 14208390 
5 3 6 4 1 2 0 
1528500 1669684 23297526 8254516 
3 6 2 1 5 4 0 
1533098 1979010 14027672 12368656 
3 4 2 1 5 6 0 
1535762 1429668 22788708 10989526 
6 5 2 1 0 4 3 
1541280 2577282 14966926 9128912 
0 6 5 1 2 4 3 
1541296 2433526 13374942 13482692 
5 2 3 4 6 1 0 
1541684 2458182 16476608 9036664 
2 6 3 4 1 5 0 
1542090 1453578 23785184 8244096 
5 1 3 4 6 2 0 
1543070 1420998 27966774 8301626 
2 3 6 4 0 1 5 
1546916 2719792 15422932 8717768 
5 2 6 4 3 1 0 
1548802 2932796 14793564 8892290 
3 2 4 6 0 1 5 
1554362 1935460 14686872 9138158 
5 3 6 2 1 4 0 
1557558 1653256 17014092 11243740 
5 6 1 4 3 2 0 
1560058 1482200 21261786 8326436 
3 1 2 5 0 4 6 
1569518 1807478 12953954 20571660 
5 1 3 2 6 4 0 
1577084 1404540 21603156 11286968 
2 3 5 1 6 4 0 
1577620 1624932 14596118 15355568 
2 3 6 4 5 1 0 
1579180 2579244 15579206 8718356 
5 3 0 4 1 2 6 
1587212 1615550 18265448 8627896 
4 6 3 2 1 5 0 
1591086 1827330 26411384 8139114 
6 3 2 5 0 4 1 
1591700 2518190 13346200 13376122 
5 6 1 2 3 4 0 
1592254 1465850 15396534 11311790 
0 6 2 1 5 4 3 
1602576 1905342 13182720 13732190 
1 3 2 5 0 4 6 
1603418 2492912 13170454 13951322 
3 0 2 5 1 4 6 
1610068 1858106 13185510 20512196 
3 6 0 2 1 4 5 
1615572 1446236 17335450 25194460 
2 3 6 4 0 5 1 
1628864 2513010 18208482 8230214 
0 3 5 2 6 4 1 
1631692 1452418 12842402 14638954 
3 4 5 1 2 6 0 
1634092 1427412 18311300 11054758 
5 3 6 4 0 1 2 
1640070 2732554 15737436 8616744 
5 6 3 4 1 2 0 
1640676 1452522 27964656 8246240 
1 3 5 4 6 2 0 
1642958 1503900 17434956 10327006 
0 6 5 4 3 2 1 
1684630 1443290 17307820 14123874 
5 3 0 4 6 2 1 
1688086 1444162 18867934 8659432 
2 3 0 4 6 5 1 
1689334 1443306 23141368 8650094 
3 2 0 6 4 1 5 
1693492 1427066 17182586 9307414 
3 2 4 6 5 1 0 
1701184 1732648 14878450 9147138 
2 6 3 4 0 1 5 
1711052 2558122 17045140 8677690 
1 2 5 6 0 4 3 
1717896 2419982 17472288 9052356 
3 4 0 6 2 1 5 
1717978 1412140 17736830 9346178 
0 2 3 1 5 6 4 
1735870 1746410 13995130 14546178 
2 6 0 4 3 1 5 
1738012 1617568 18097362 9107992 
3 1 5 2 6 4 0 
1742174 1445432 12963528 24980598 
3 4 0 1 2 6 5 
1751990 1404496 24225318 11221460 
5 6 0 4 3 2 1 
1762990 1433614 19466110 8665402 
0 3 2 5 1 4 6 
1767526 1620996 12289066 20561692 
5 6 3 4 0 1 2 
1780926 2578580 17478636 8585482 
6 2 4 3 5 1 0 
1795518 2001850 16768500 9055810 
3 2 5 6 4 1 0 
1795904 1437634 17855346 9232716 
5 6 1 4 0 2 3 
1800732 2370198 19324208 8195438 
6 2 4 3 0 1 5 
1804890 2205300 16581330 9076062 
4 3 6 5 0 2 1 
1804934 2888220 25326274 8113470 
6 0 1 5 2 4 3 
1813088 1918070 14236216 12987848 
1 3 2 4 6 5 0 
1820624 1498044 16586796 10291486 
3 5 2 1 6 4 0 
1830190 1977248 14633220 12082354 
0 3 2 5 6 4 1 
1830876 1450480 12817600 20630674 
2 6 1 4 0 5 3 
1834476 2370146 18825776 8204352 
0 3 2 1 6 4 5 
1835208 1642688 14481976 14021194 
5 3 2 1 6 4 0 
1847872 1624724 14591510 13983264 
4 6 3 5 0 2 1 
1886078 2748390 29943346 8099664 
5 0 3 4 2 1 6 
1887478 2073694 17685220 9005934 
4 6 1 5 0 2 3 
1893282 2744720 21959148 8087542 
0 2 3 6 4 1 5 
1896964 1435446 15520076 20566932 
0 3 5 2 1 4 6 
1900070 1622934 12313868 14569972 
0 1 5 4 6 2 3 
1912634 1421472 16703282 14126636 
2 6 3 4 5 1 0 
1916620 1965522 17452960 8709888 
5 6 0 4 1 2 3 
1934428 1401254 18195650 8573214 
0 2 3 1 4 6 5 
1935932 1465090 14119518 14531240 
5 2 3 1 4 6 0 
1937424 1443702 14289880 14328860 
5 3 6 4 2 1 0 
1939394 2965516 15894646 8570276 
0 6 5 4 1 2 3 
1957300 1410666 16035536 14019590 
4 2 3 1 5 6 0 
1959134 1738676 14404854 10174286 
0 6 5 2 3 4 1 
1964290 1440652 13435648 14417564 
2 6 0 4 1 5 3 
1968172 1400110 23106908 8570740 
0 5 3 1 4 6 2 
1977026 1464610 14119086 14367272 
5 0 6 4 2 1 3 
1979606 2077168 15606340 8959592 
6 1 2 5 0 4 3 
1984242 1792462 13109584 13048098 
6 0 2 5 1 4 3 
2024832 1838560 13270220 12978134 
6 3 2 5 1 4 0 
2032802 1674920 13217612 13347042 
4 6 1 2 0 5 3 
2053576 2744742 21458740 8127624 
5 2 6 4 0 1 3 
2066892 2091166 15529392 8965098 
2 6 0 5 1 4 3 
2070120 1383762 17037298 11570316 
5 1 6 4 0 2 3 
2071734 1787294 22437990 8207404 
0 6 2 4 1 5 3 
2072548 1434538 15796310 14840422 
0 4 3 1 5 6 2 
2075740 1449254 13898092 14320686 
0 6 2 5 3 4 1 
2099602 1438874 13410990 20463940 
1 3 2 5 6 4 0 
2107870 1479126 13570400 13991224 
2 5 6 4 0 1 3 
2119884 2588396 15380410 8847560 
2 1 6 4 0 5 3 
2123478 1788202 17972694 8216462 
0 5 3 6 4 1 2 
2164714 1434966 15519644 20402964 
4 1 6 5 0 2 3 
2167308 2163412 25090486 8099718 
0 6 2 5 1 4 3 
2174496 1406280 12218890 20363538 
3 4 0 6 5 1 2 
2213778 1411532 17519358 9311634 
0 1 5 2 6 4 3 
2220626 1418834 12831110 14420326 
5 4 3 1 2 6 0 
2232292 1442000 15145982 14162066 
5 6 0 2 1 4 3 
2237464 1385942 17061998 11562562 
5 1 0 4 6 2 3 
2254088 1410338 18856426 8358820 
0 6 5 2 1 4 3 
2260336 1408058 12243548 14317162 
5 2 3 6 4 1 0 
2260814 1448088 15689454 13467040 
2 1 0 4 6 5 3 
2305832 1409482 23129860 8349482 
4 1 6 2 0 5 3 
2342146 2162570 20603150 8139704 
2 1 0 5 6 4 3 
2373088 1393344 17621538 11376232 
1 6 2 5 3 4 0 
2376556 1472050 14234710 13834990 
6 1 2 5 3 4 0 
2453770 1635558 13802404 13031304 
4 1 0 2 6 5 3 
2556926 1785524 25781520 8241786 
5 4 3 6 2 1 0 
2560638 1446356 16465372 13296364 
5 1 0 2 6 4 3 
2562080 1394996 17642590 11344286 
