24 4
2 1 0 3 4 
6240976 9040032 12492758 6907812 
1 2 0 3 4 
6914250 8105228 12816798 6410818 
1 2 3 0 4 
6914250 10719970 16850158 5595290 
2 0 1 3 4 
7159524 6631776 8627738 7435452 
4 0 1 3 2 
7242720 9297924 14151104 4493346 
4 3 0 2 1 
7586390 7589184 12260410 6788376 
4 3 2 0 1 
7586390 8938726 14103966 3905594 
4 0 2 3 1 
7999614 9235898 14108764 3790108 
1 0 2 3 4 
8124408 4954844 7279892 7417018 
2 3 1 0 4 
8132602 5932700 8615926 7412784 
4 2 0 3 1 
8453376 8261882 12271590 6705748 
0 2 1 3 4 
9948802 6340748 8637474 6337414 
0 3 4 2 1 
10212054 5862686 8647432 6674828 
0 1 2 3 4 
10240412 5598620 6965588 6815974 
1 2 4 3 0 
10832208 7936426 12699698 4405790 
4 1 2 3 0 
11030774 8562038 12676576 3776152 
4 2 1 3 0 
11238340 8066846 12136238 4474144 
2 1 4 3 0 
11313118 8764934 12302170 3704368 
2 3 4 0 1 
11733146 5604944 8389350 3715524 
0 1 4 3 2 
11770696 5580584 6952692 6547372 
0 3 2 1 4 
12131190 5029564 6956188 6918110 
2 0 4 3 1 
12139798 6303690 8401030 3667308 
1 0 4 3 2 
12347788 4688784 7095524 4352112 
0 3 4 1 2 
13786904 5011498 6943280 6643064 
