39 3
5 0 2 4 6 1 3 
1644508 22237548 2336566 
5 0 2 4 1 6 3 
1661102 22422848 2310694 
5 0 4 2 6 1 3 
1662738 21042044 1858676 
5 0 4 2 1 6 3 
1679538 21260734 1846342 
2 4 5 0 6 1 3 
1843998 17663132 2512318 
2 4 0 5 6 1 3 
1856858 14887240 1404960 
2 4 0 5 6 3 1 
2013216 14660284 1322178 
4 2 0 5 6 1 3 
2110612 9876748 1100522 
0 5 4 2 6 1 3 
2313728 9398500 1150636 
4 2 0 5 6 3 1 
2319374 9637144 1021184 
0 5 4 2 1 6 3 
2331304 9314418 1123254 
3 2 0 5 6 1 4 
2334570 3479206 725490 
3 4 0 5 6 1 2 
2468776 3409928 729558 
1 2 0 5 6 3 4 
2583954 2485352 602220 
0 2 3 5 6 1 4 
2635634 7855342 571614 
0 2 3 5 1 6 4 
2653354 7771030 544226 
6 2 0 5 1 3 4 
2675474 2483936 600608 
1 4 0 5 6 3 2 
2683096 2432430 607128 
6 4 0 5 1 3 2 
2788068 2430924 605424 
0 4 3 5 1 6 2 
2832688 7710240 548678 
0 2 1 5 3 6 4 
2973162 6693064 426766 
0 2 6 5 3 1 4 
3049818 6703932 426714 
0 4 1 5 3 6 2 
3103944 6637830 432058 
0 4 6 5 3 1 2 
3181084 6645136 431818 
0 2 1 4 3 6 5 
3732150 6583724 434202 
0 2 6 4 3 1 5 
3808806 6594592 434150 
1 2 0 4 6 3 5 
3919782 2347098 606746 
0 4 1 2 3 6 5 
4004758 6575904 433998 
6 2 0 4 1 3 5 
4011302 2345682 605134 
1 4 0 2 6 3 5 
4036034 2340428 606572 
0 4 6 2 3 1 5 
4074516 6586542 433940 
6 4 0 2 1 3 5 
4132484 2339012 604960 
3 2 6 5 0 1 4 
4808984 6678084 397330 
3 2 1 5 0 6 4 
4823492 6665980 395954 
3 4 6 5 0 1 2 
4846086 6619918 403078 
3 4 1 5 0 6 2 
4860110 6611376 401890 
3 2 6 4 0 1 5 
5065174 6574054 410194 
3 2 1 4 0 6 5 
5079682 6561950 408818 
3 4 1 2 0 6 5 
5317780 6554130 408614 
