260 4
2 4 0 3 1 6 5 
10007816 3338214 13031066 3032772 
5 4 0 3 1 6 2 
10014862 3318718 12971932 2441346 
2 4 3 1 5 6 0 
10049620 2801508 11792318 1847718 
2 4 0 6 1 3 5 
10178182 3280990 10580640 2335422 
5 4 0 6 1 3 2 
10185900 3238630 11112898 1541100 
2 4 0 3 5 6 1 
10294086 3840342 9214742 3020312 
5 4 0 3 2 6 1 
10586364 4219984 8613886 2411080 
4 2 0 3 5 6 1 
10592474 3936282 9026180 2186132 
2 4 1 6 5 3 0 
10678628 2744080 11623632 2336542 
1 6 2 5 3 4 0 
10702108 3045532 12750102 1615154 
5 4 0 6 2 1 3 
10771358 3515060 9829312 1490474 
5 4 3 6 2 1 0 
10784488 3252542 14742644 1495468 
2 4 0 6 5 3 1 
10788884 3339502 8228412 2309282 
6 3 0 2 1 4 5 
10817598 3179048 10061096 2282440 
1 6 2 4 3 5 0 
10817614 3276488 10561700 1089728 
4 2 3 1 5 6 0 
10848858 2890386 11603678 1088590 
4 5 0 6 1 3 2 
10881866 3243252 11061264 1513904 
3 6 0 2 1 4 5 
10882630 3094400 10226802 3015486 
1 6 0 5 3 4 2 
10902202 3449272 9464824 1600526 
1 6 0 4 5 2 3 
10962088 2865228 13267180 1106480 
5 4 0 6 2 3 1 
10973690 3844152 7730916 1501714 
3 6 0 2 5 4 1 
10980340 2681272 10314734 3018930 
6 1 0 4 5 2 3 
11006212 2816844 13375824 1511714 
1 6 0 4 3 5 2 
11016778 3870578 8299212 1067540 
6 1 5 2 0 4 3 
11018472 2801026 15220844 2308868 
6 1 0 5 4 2 3 
11020972 2830054 13363280 1541156 
5 4 3 1 2 6 0 
11038316 2841008 12122462 1639222 
3 6 2 5 1 4 0 
11054494 2369236 11865874 2428320 
4 2 0 6 5 3 1 
11087272 3435442 8039850 1475102 
2 4 0 6 5 1 3 
11093208 2957866 10234968 2293978 
1 6 5 4 3 2 0 
11137902 3307870 11663106 1074844 
1 6 0 4 3 2 5 
11191610 3449530 9856940 1068216 
6 3 0 4 1 2 5 
11218814 2696912 8806950 1474696 
3 6 0 4 5 2 1 
11219340 2420944 8328540 2218026 
4 2 0 1 5 6 3 
11265548 3604990 10940968 1059970 
4 5 0 3 6 1 2 
11270516 2646738 13480572 2201146 
4 5 3 1 2 6 0 
11280296 2905550 12117294 1088252 
3 6 0 4 1 2 5 
11283846 2612264 8972656 2207742 
4 5 0 1 6 3 2 
11286928 3344026 10450936 1115770 
4 2 0 6 5 1 3 
11337050 3053830 10063626 1460536 
3 6 2 4 1 5 0 
11344642 2397054 9509512 2225190 
6 3 0 5 1 4 2 
11406876 2870544 8491162 1480342 
4 5 0 6 2 3 1 
11409288 3848774 7679282 1474526 
1 4 2 6 5 3 0 
11427628 3831044 11262384 997126 
4 5 0 6 2 1 3 
11443322 3519578 9703058 1460088 
3 6 5 4 1 2 0 
11445730 2439476 11007014 2214370 
4 2 3 1 0 6 5 
11456938 2698686 11518904 1066778 
6 3 2 5 1 4 0 
11511154 2478314 11700376 1494928 
3 6 0 4 1 5 2 
11615670 2980768 7323088 2203002 
2 4 3 5 1 6 0 
11623618 2634836 13391922 1376646 
1 4 0 6 5 3 2 
11624052 3528556 11689954 1004628 
6 1 0 4 3 2 5 
11626286 3401146 9965584 1473438 
5 4 3 1 2 0 6 
11658688 3641010 7603396 1657638 
4 5 0 1 2 6 3 
11694236 3765794 10408704 1059522 
6 3 0 4 1 5 2 
11696094 3065352 7111462 1467988 
1 4 5 6 2 3 0 
11746414 3995768 13003966 995976 
1 4 0 6 2 3 5 
11801140 4075566 10660200 991382 
6 3 2 4 1 5 0 
11801302 2482772 9297886 1490134 
4 5 2 1 6 3 0 
11810982 3546316 9586846 1108298 
1 3 2 4 6 5 0 
11853396 2863594 9802770 1092120 
6 1 0 4 3 5 2 
11887822 3822002 8270096 1466858 
6 3 5 4 1 2 0 
11900262 2525690 10841308 1481266 
1 4 0 6 2 5 3 
12029386 4206512 9830266 998260 
1 3 0 4 6 5 2 
12053610 3402076 7939618 1069974 
4 1 3 2 6 5 0 
12063602 4141712 10942284 915246 
2 5 3 1 4 6 0 
12159676 2408216 11463786 1850390 
3 6 1 4 5 2 0 
12191382 2580268 9201072 2215120 
3 6 0 5 4 2 1 
12225528 2330986 9201842 2447626 
4 2 6 1 5 3 0 
12269652 2851508 10676932 1103710 
4 5 0 6 3 1 2 
12270598 2637356 11653856 1471426 
1 3 5 4 6 2 0 
12281156 2889952 10752048 1077156 
4 1 0 5 3 6 2 
12327194 4138912 9557868 918262 
1 3 0 4 6 2 5 
12336314 2954820 9497346 1070586 
4 2 5 1 0 6 3 
12395580 2955394 10480422 1057336 
3 6 0 5 1 2 4 
12416790 2686428 7521988 2426618 
4 1 0 2 6 5 3 
12472884 4009628 15708134 914722 
3 6 2 1 5 4 0 
12474624 2411308 9049694 1302664 
4 5 3 1 2 0 6 
12482492 3705296 7414548 1098796 
4 2 6 1 0 3 5 
12488146 2633360 9729292 1098022 
4 1 3 5 6 2 0 
12492590 3903006 12826068 899160 
6 3 0 5 1 2 4 
12497214 2794372 7356490 1493268 
2 4 3 1 5 0 6 
12664950 3394618 6911632 1850132 
6 3 0 4 5 2 1 
12716516 2505592 8162834 1484932 
3 6 4 5 1 2 0 
12738436 2344682 11388030 2442320 
1 6 5 2 3 0 4 
12813750 4259570 6838078 1831830 
4 2 3 1 5 0 6 
12900546 3483744 6900932 1098630 
6 3 2 0 1 4 5 
12901782 2325716 11046278 2436764 
4 2 5 1 0 3 6 
12904998 3338012 7956620 1069874 
4 1 0 5 6 2 3 
12905282 3072972 13841688 926356 
1 4 2 6 0 3 5 
12969430 4346980 8557430 991756 
3 6 2 0 1 4 5 
12972400 2301086 11212530 2644054 
4 1 3 2 6 0 5 
12977644 4116706 9783986 926072 
4 2 3 5 1 6 0 
12985776 2688770 13202970 917950 
4 1 0 2 3 5 6 
13064842 4323028 13700986 893494 
1 6 2 4 3 0 5 
13070876 3390198 7934378 1096674 
5 6 0 4 3 1 2 
13080094 3366206 8299434 904858 
4 2 3 5 0 6 1 
13099778 2824634 9583122 883576 
3 6 0 4 5 1 2 
13129978 2329018 7699326 2201440 
6 3 2 4 1 0 5 
13147294 2636122 6905904 1507262 
3 6 5 2 1 0 4 
13193546 3341014 6137486 3045478 
1 6 5 4 3 0 2 
13216332 3842628 7478056 1081114 
3 6 2 4 1 0 5 
13217912 2550172 6951070 2235184 
6 3 5 2 1 0 4 
13266256 3427396 6092320 2317540 
4 2 3 5 0 1 6 
13267518 3063900 8614124 881092 
6 3 4 2 1 0 5 
13283620 3067656 6901214 2334190 
6 3 5 4 0 2 1 
13317988 2759652 8517338 1484116 
2 5 3 4 6 1 0 
13341914 2715950 10779842 899756 
6 3 0 5 4 2 1 
13347424 2438930 9036344 1514244 
3 6 5 0 1 4 2 
13407234 2318622 8946698 2644118 
4 2 6 1 5 0 3 
13422394 3477644 7083716 1102720 
6 3 4 0 1 2 5 
13439324 2275114 9787442 2455948 
2 5 6 1 4 3 0 
13472998 2374362 10689168 1865590 
3 6 1 5 2 4 0 
13479236 2297256 11543058 2428712 
3 6 4 0 1 2 5 
13509942 2250484 9953694 2663238 
3 6 5 4 1 0 2 
13650824 2961098 6799004 2219624 
4 1 6 2 3 0 5 
13700040 4399190 8187700 925026 
5 6 0 4 3 2 1 
13702736 3195412 8469448 901124 
6 3 5 4 1 0 2 
13723534 3047480 6753838 1491686 
4 2 3 1 0 5 6 
13742808 3316826 6884184 1069576 
6 3 2 4 0 5 1 
13742954 2752302 8134322 1471300 
6 3 1 4 5 2 0 
13778138 2665186 9035366 1482016 
1 0 3 4 2 5 6 
13781224 2877296 8511458 1074018 
5 2 3 4 0 1 6 
13849680 2495266 8433888 883772 
6 3 0 4 2 5 1 
13864996 2969234 7389720 1474050 
3 6 2 1 4 5 0 
14003120 2324026 8602066 1330062 
3 6 2 1 4 0 5 
14011430 2372760 8224168 1332632 
1 0 6 4 2 5 3 
14013484 2485728 9937256 1092682 
6 3 2 1 5 4 0 
14057124 2450498 8883572 970136 
6 3 2 4 0 1 5 
14146640 3079884 6610196 1468218 
6 3 2 1 0 4 5 
14194780 2269700 8679782 953406 
1 3 5 2 6 0 4 
14240168 3772856 5927020 1833974 
4 2 6 1 0 5 3 
14264598 2868882 7618374 1088282 
0 2 3 1 4 6 5 
14268254 2186868 11264056 1556650 
6 3 0 4 5 1 2 
14336242 2413794 7625460 1472282 
3 6 2 1 5 0 4 
14339696 2550562 6346508 1313568 
3 6 0 5 4 1 2 
14369286 2252108 8300060 2431968 
1 3 2 4 6 0 5 
14497694 2882300 7175448 1098834 
3 6 2 1 0 4 5 
14499948 2230510 8845904 1285876 
5 2 6 4 0 1 3 
14514222 2351498 10259070 890382 
1 3 5 4 6 0 2 
14642750 3355914 6566998 1083258 
3 6 1 2 5 0 4 
14679734 2491786 6342384 3043200 
6 3 2 1 4 0 5 
14691372 2412118 8178586 1005286 
2 5 3 4 1 6 0 
14719472 2289948 10983848 928038 
6 5 2 1 4 3 0 
14762212 3462112 8280890 999344 
6 3 5 1 0 4 2 
14770446 2188374 9814750 953454 
2 0 3 1 4 6 5 
14832626 2153978 11229330 1830670 
3 6 5 1 0 4 2 
14932286 2148752 9980872 1285940 
1 0 2 6 4 3 5 
14970438 3628866 7688928 994958 
1 0 5 6 2 3 4 
15110760 3677784 7322064 987926 
0 2 4 6 5 3 1 
15119876 3026272 6037512 2459106 
0 2 3 5 4 6 1 
15127118 1782110 9019534 2450426 
3 6 1 4 5 0 2 
15135236 2314070 7675302 2217514 
5 1 0 4 3 6 2 
15191942 3933272 8271062 920968 
6 3 0 5 4 1 2 
15200270 2360180 8226402 1502522 
6 3 2 1 4 5 0 
15210340 2363152 8390024 995582 
2 0 3 4 1 5 6 
15268498 2765848 7186474 896562 
4 5 3 2 0 1 6 
15313148 2580130 10573768 882804 
0 4 3 5 2 6 1 
15333180 2129822 9775834 2449592 
6 3 1 2 0 5 4 
15392556 2834436 6114850 2286172 
3 6 2 5 1 0 4 
15425606 2648756 6232582 2449200 
6 3 2 5 1 0 4 
15500444 2758002 6187624 1520974 
1 0 4 6 2 3 5 
15507746 3608964 7047942 992528 
0 2 3 4 5 1 6 
15507802 1911694 8037304 1611060 
6 3 2 1 5 0 4 
15540374 2589920 6300926 986206 
5 2 3 4 0 6 1 
15570806 2255538 7851364 885794 
0 2 6 1 4 3 5 
15587162 2107052 8954568 1582560 
3 1 2 5 0 6 4 
15591356 3615344 5980910 2422984 
0 2 6 4 5 1 3 
15651330 1843152 9311022 1617670 
6 3 2 5 0 1 4 
15710012 3369206 5970434 1485648 
3 6 0 5 2 1 4 
15742050 2437496 7142480 2414774 
3 6 1 4 2 0 5 
15803246 2373704 7437270 2235008 
2 5 3 4 6 0 1 
15819754 3118902 6612806 906408 
3 6 2 5 0 1 4 
15869724 3260000 6044092 2415094 
2 0 3 4 1 6 5 
15875750 2232318 8568336 908638 
6 3 1 2 5 0 4 
15884668 2576872 6297218 2315262 
2 5 3 4 0 1 6 
15892098 2494034 8479808 885660 
0 2 3 5 4 1 6 
15928178 1955696 7935736 2442862 
0 2 3 4 5 6 1 
15930622 1806610 7690120 1623496 
0 2 6 1 5 3 4 
15968546 2419668 7582726 1577380 
0 2 6 1 4 5 3 
15970310 2487070 7096210 1583996 
6 3 4 0 1 5 2 
16139676 2300632 7491360 2454820 
6 3 2 1 0 5 4 
16196998 2360156 6308574 959772 
3 6 2 1 0 5 4 
16356710 2321030 6520616 1294210 
6 3 4 1 0 2 5 
16362370 2239146 7954570 979086 
1 0 3 4 2 6 5 
16415100 2133590 9525960 1069838 
2 0 3 4 6 5 1 
16562646 3071624 6537704 899494 
5 1 2 6 3 4 0 
16622480 2109144 12308262 1496472 
3 6 4 1 0 2 5 
16667538 2199956 8120692 1311556 
2 0 3 5 4 6 1 
16691500 1909380 8986238 1347356 
6 3 4 1 0 5 2 
16789802 2137446 8316026 968910 
1 3 2 5 0 6 4 
16824438 3711104 5970262 1621434 
4 0 3 5 2 1 6 
16834112 2494600 8584588 885262 
3 6 4 1 0 5 2 
16949514 2098320 8528068 1303348 
2 0 6 4 3 1 5 
16990980 2848308 6768034 901940 
2 5 3 4 0 6 1 
17176856 2254498 8035044 893586 
2 0 3 5 4 1 6 
17183466 2083102 8000020 1343974 
6 5 2 1 0 3 4 
17237302 3587156 6199440 988526 
2 0 6 4 3 5 1 
17438010 2932842 6111840 896870 
2 0 3 4 5 1 6 
17466740 1995420 8101198 887712 
5 2 1 4 0 3 6 
17656514 2461264 7685214 903932 
5 2 6 4 0 3 1 
17746286 2229076 7278824 909438 
2 0 1 4 3 5 6 
17780260 2966342 7411970 894422 
2 0 6 4 5 1 3 
17986504 1928012 9374916 894280 
2 0 6 4 1 3 5 
18120528 2165260 6684316 943384 
2 0 5 1 3 4 6 
18158404 2067784 7566538 1815626 
0 2 6 5 4 3 1 
18165626 1741366 7881534 2468560 
2 0 3 4 5 6 1 
18198654 1890200 7656434 895966 
0 2 6 4 5 3 1 
18503402 1760138 6399656 1639774 
0 3 5 1 6 4 2 
18857200 1885192 8961442 1539616 
1 0 6 4 2 3 5 
18879078 2055492 7245844 1100520 
0 2 1 4 5 3 6 
19150236 1885972 7585702 1634268 
2 5 6 4 0 3 1 
19354464 2227540 7416584 915278 
2 0 1 3 4 5 6 
19365966 3140278 6017142 3037894 
0 3 2 1 6 4 5 
19413392 1803096 9024482 1539568 
5 3 1 2 6 0 4 
19446568 3227972 6075642 1370906 
0 3 1 2 6 5 4 
19610624 3189848 6075102 1678254 
2 0 6 5 4 3 1 
19724422 1869938 7968778 1370614 
2 0 1 5 6 3 4 
19995780 2574154 5978544 1391922 
0 3 1 5 6 2 4 
20039344 2744252 5666794 2447334 
2 0 1 5 4 3 6 
20068028 2048320 7323624 1365142 
0 2 1 5 6 3 4 
20238672 2446500 5891300 2489788 
0 3 2 1 6 5 4 
20402298 1998640 6836954 1554062 
0 3 4 1 6 5 2 
20438156 1856344 8254910 1563200 
6 0 5 1 2 3 4 
20456216 3275508 6031086 992076 
3 0 5 1 2 6 4 
20629898 2615304 6030466 1296662 
0 3 4 6 1 5 2 
20656150 1751998 9245654 2463586 
5 0 3 4 2 6 1 
20676372 1932520 7929138 891930 
0 3 5 2 6 1 4 
20699436 3195800 5927206 1676960 
2 0 6 4 5 3 1 
20765848 1845030 6486510 917368 
3 0 4 6 2 5 1 
20967010 2800918 6216462 1042540 
3 0 2 5 1 6 4 
21165370 3127742 5858924 2431076 
1 0 5 2 6 3 4 
21229956 3668580 5870482 1857740 
0 3 5 1 6 2 4 
21413632 1975544 6050838 1548284 
6 0 2 1 5 3 4 
21597286 3522106 5973694 993660 
3 0 2 1 5 6 4 
21664600 2986318 5973090 1298774 
0 3 4 1 6 2 5 
22005682 1751152 7531834 1557374 
3 0 2 1 6 4 5 
22083444 1829484 9156762 1294822 
5 0 3 2 4 6 1 
22507696 1820200 9348568 1350434 
6 0 2 5 1 3 4 
22508440 3664250 5860536 1530426 
5 3 0 4 2 6 1 
23109432 2894264 7390686 895340 
3 0 1 5 6 2 4 
23128740 2748136 5976780 2435428 
5 0 6 4 2 3 1 
23133966 1892870 6957262 915364 
3 0 5 2 1 6 4 
23456458 2662060 5764710 3037182 
0 5 6 2 4 3 1 
23560462 1740714 8428014 1701538 
0 3 4 6 1 2 5 
23622396 1725094 6887170 2463328 
6 0 1 5 2 3 4 
23680862 2427646 6122808 1525970 
2 3 6 4 0 5 1 
23816464 2709160 7031210 904198 
6 0 5 2 1 3 4 
24223032 3322744 5766002 2335572 
5 3 1 2 0 6 4 
24332242 2498154 6116394 1361466 
3 0 5 1 6 2 4 
24505422 2005150 6361058 1311054 
2 3 1 5 6 0 4 
24524948 2658890 5668620 1373152 
3 0 4 1 6 2 5 
24667488 1779462 7842054 1320192 
3 0 4 6 5 2 1 
24721504 2299366 6125806 1060310 
0 3 4 6 5 2 1 
24850296 2134192 5814364 2474166 
3 2 4 6 5 0 1 
25436392 2699386 6039860 1055478 
3 0 1 2 5 6 4 
25450846 2045302 5969638 3035894 
2 3 6 4 5 0 1 
25467476 2823370 6176296 915116 
6 0 1 2 5 3 4 
26536524 2332738 5970882 2332700 
2 3 4 6 5 0 1 
27821512 2553370 5814674 2322756 
3 2 1 5 6 0 4 
27857236 2535120 5891362 2459112 
