19 4
4 0 2 1 3 
436926 858786 476964 8290568 
4 2 0 1 3 
436940 859742 481096 8150476 
4 0 2 3 1 
441238 859830 478528 8276516 
4 2 0 3 1 
441254 860758 482598 8136570 
4 1 3 2 0 
648530 293806 1355976 4074640 
4 3 1 2 0 
648634 293238 1351334 4364726 
4 1 3 0 2 
650754 293642 1354916 4072844 
4 3 1 0 2 
650856 293102 1350336 4362784 
3 2 0 4 1 
749848 2026344 470090 17289108 
3 0 2 4 1 
749872 2026656 472100 17196774 
3 0 2 1 4 
758366 2026432 468974 17187568 
3 2 0 1 4 
758380 2025588 465786 17282676 
1 4 3 0 2 
1153166 293506 2534846 4083424 
1 3 4 0 2 
1153200 289706 2515364 4909354 
1 3 4 2 0 
1154512 289386 2514272 4909358 
3 1 4 0 2 
1404320 289910 3125366 4876742 
3 4 1 0 2 
1404388 293170 3140268 4340752 
3 1 4 2 0 
1405816 289594 3124226 4876498 
3 4 1 2 0 
1405846 293386 3140306 4337734 
