38 3
4 5 2 1 0 3 
14612998 10387706 22211302 
4 5 2 3 0 1 
14645294 10307884 22845698 
4 2 5 0 3 1 
15191622 10291202 28196728 
4 5 1 0 3 2 
16408034 12610326 19305868 
4 5 1 2 3 0 
16416452 12583380 20551216 
4 2 5 3 1 0 
17177674 10307800 20772286 
4 2 5 0 1 3 
17179422 10289858 21695746 
5 4 2 1 0 3 
17504122 6794006 22494720 
5 4 2 3 0 1 
17536158 6714262 23419068 
2 4 5 0 3 1 
18082326 6697628 28975718 
5 2 4 1 0 3 
18143546 6802130 21975760 
5 2 4 3 0 1 
18173458 6722386 22898896 
2 5 4 0 3 1 
18698858 6705458 27439414 
5 2 4 0 3 1 
18699018 6705266 28616914 
1 3 4 2 5 0 
19563360 17167656 16058514 
1 3 4 0 5 2 
19583524 17088170 17983546 
5 4 1 0 3 2 
19941490 8217880 21118710 
2 4 5 3 1 0 
20068938 6714040 21099654 
2 4 5 0 1 3 
20070066 6696284 22714538 
2 5 4 0 1 3 
20647754 6703568 19291882 
5 2 4 0 1 3 
20648234 6703376 19190438 
5 2 4 3 1 0 
20662998 6721462 18811970 
2 5 4 3 1 0 
20663618 6721324 17686694 
1 3 4 5 2 0 
21030032 17111656 16579490 
1 3 4 0 2 5 
21049778 17088170 17137146 
2 0 4 3 1 5 
22870820 12522854 16947100 
1 0 4 5 2 3 
22949690 12621516 14424238 
1 0 4 3 2 5 
22985172 12500458 17257922 
1 4 5 0 2 3 
23216282 6823352 17331352 
1 5 4 0 2 3 
23956794 6832628 14433520 
1 5 4 3 2 0 
23972530 6735056 16709548 
0 2 4 3 5 1 
25378626 6732502 17562218 
1 2 4 0 5 3 
25554490 6792836 15617952 
1 0 5 2 4 3 
27716196 19150584 14188898 
1 0 2 5 4 3 
27836136 12961000 14080034 
1 5 2 0 4 3 
28852904 10366736 14205284 
1 2 5 0 4 3 
29176448 10370384 14107028 
3 5 4 0 2 1 
35549698 6760724 16242524 
