17 2
5 6 2 0 3 4 1 
2487170 4832974 
0 6 2 5 3 4 1 
2489908 4231100 
0 6 4 5 3 2 1 
3341334 3873542 
0 6 5 4 3 2 1 
3367966 3788028 
0 1 5 4 3 2 6 
3568734 3788012 
4 6 0 2 3 5 1 
4311810 3608046 
0 6 2 4 3 5 1 
4353688 3400672 
4 3 5 1 6 2 0 
8964444 3260022 
1 3 5 4 6 2 0 
8966670 2893512 
1 3 2 4 6 5 0 
9498604 2398518 
1 6 2 0 3 5 4 
11560346 2339280 
6 1 2 0 3 5 4 
12053968 2295626 
1 4 5 3 6 0 2 
14485274 2199524 
1 4 0 3 6 5 2 
15729888 1221938 
3 0 4 6 1 2 5 
21289650 1218598 
6 0 4 3 1 2 5 
21289690 1205374 
1 0 4 3 6 2 5 
21291124 1147360 
