24 2
3 6 4 0 5 2 1 
2809390 19941468 
3 4 6 0 5 2 1 
3193008 18397788 
5 2 0 4 3 6 1 
3231942 17875182 
5 0 2 4 3 6 1 
3346028 17489794 
3 6 4 0 1 2 5 
3524684 16719686 
3 5 6 0 1 2 4 
3696554 16689448 
3 4 6 0 1 2 5 
3893688 15117060 
5 2 0 4 1 6 3 
3991276 14408286 
5 0 2 4 1 6 3 
4090748 13963952 
1 0 2 3 4 5 6 
4391138 13573868 
1 2 0 3 4 5 6 
4565450 13035808 
3 0 2 1 4 5 6 
4931986 12925734 
3 2 0 1 4 5 6 
5106430 12387622 
4 2 0 5 1 6 3 
5268286 11519792 
4 0 2 5 1 6 3 
5369342 11074834 
4 3 2 5 1 6 0 
6235480 10931168 
4 3 0 5 1 6 2 
6565600 10918192 
0 4 6 3 1 2 5 
6733260 9631510 
2 4 6 3 1 0 5 
7211276 9599586 
0 1 5 3 4 2 6 
7625420 9263946 
2 1 5 3 4 0 6 
8109564 9004198 
2 1 3 4 6 0 5 
8896966 8796240 
0 1 4 3 5 2 6 
9552664 8155354 
2 1 4 3 5 0 6 
10035560 7853318 
