27 3
0 2 1 4 3 
8107070 2346634 3857700 
0 4 1 2 3 
8107730 1636400 3917410 
0 2 3 4 1 
8108060 3432922 3701912 
0 4 3 2 1 
8108786 2641394 3746700 
3 1 2 4 0 
10044342 2403736 3054228 
3 1 0 4 2 
10044980 2100420 2886090 
3 4 2 1 0 
10045156 1348786 4914410 
0 1 4 3 2 
10157244 1671890 3766246 
1 4 0 2 3 
10662554 2106484 2770670 
1 4 3 2 0 
10663742 2623806 2485236 
4 1 0 3 2 
11624374 2041984 2775402 
4 1 2 3 0 
11624704 2343804 2654724 
2 4 3 1 0 
11889940 2659530 2204820 
2 4 0 1 3 
11890160 2140032 2070158 
3 1 4 0 2 
11910618 1707376 3012598 
0 4 2 1 3 
12600112 1336586 3581000 
0 1 3 4 2 
12600442 1668340 3406180 
2 4 1 0 3 
13193740 1648236 2348770 
3 2 4 1 0 
15211508 1333154 6582002 
1 2 4 0 3 
15247886 1301848 4229426 
4 1 3 0 2 
15933210 1645390 2541844 
1 4 2 0 3 
16458516 1314874 2712872 
4 2 0 1 3 
17151800 2037030 2066548 
4 1 3 2 0 
17153098 1619220 2541124 
1 4 2 3 0 
17938672 1305120 2712278 
4 2 0 3 1 
23489576 2075166 2066494 
1 2 4 3 0 
23631122 1290916 4228274 
