15 3
4 1 0 3 2 5 
270574 5648250 11905236 
4 3 1 0 5 2 
270790 5955652 9008962 
4 0 2 3 5 1 
272648 4177788 7586726 
4 0 5 3 2 1 
272696 4106642 7192266 
5 0 2 3 4 1 
278148 3646866 9252350 
2 0 5 3 4 1 
280196 3617344 9166846 
4 0 5 1 2 3 
284328 4894074 7192146 
3 5 0 2 1 4 
410676 3575670 16591474 
5 0 4 3 2 1 
421032 3634440 6876142 
5 0 4 1 2 3 
429336 4422912 6875684 
0 2 3 5 1 4 
484068 3281860 16386128 
0 5 3 2 1 4 
484068 3291932 16370148 
0 5 3 4 1 2 
484688 3615176 16368006 
0 5 1 2 3 4 
833170 3323692 10905210 
3 2 1 5 0 4 
838920 3551062 9468962 
