282 4
5 4 1 0 6 3 2 
906940 19217826 16979050 20338360 
5 4 6 0 1 3 2 
926864 19118288 16406998 20308986 
5 3 1 2 6 4 0 
960842 17029578 9633214 17304632 
5 3 6 2 1 4 0 
980994 17019614 9155218 17292328 
5 3 1 2 6 0 4 
998026 16184262 9012466 19038098 
5 3 6 2 1 0 4 
1004910 16121546 8556306 19025510 
2 3 1 5 6 4 0 
1041102 15384096 9556104 15990488 
2 3 6 5 1 4 0 
1061246 15374132 9078100 15978184 
0 4 1 5 6 3 2 
1066218 15976862 16917020 15778918 
0 4 6 5 1 3 2 
1086158 15877324 16344984 15749544 
2 3 1 5 6 0 4 
1107084 13987504 9023202 12934532 
2 3 6 5 1 0 4 
1113960 13924788 8567034 12921944 
5 1 6 2 3 0 4 
1140402 17142910 7763874 19859634 
5 6 1 2 3 0 4 
1189582 17093410 7826458 19740870 
5 1 6 2 3 4 0 
1224468 17316802 8077054 17849630 
4 3 1 5 6 0 2 
1255592 13954398 10337416 11679318 
4 3 6 5 1 0 2 
1262400 13861824 9849904 11661040 
2 1 6 5 3 0 4 
1267050 14563896 7774126 13298688 
0 3 1 5 6 4 2 
1288302 13020268 10357676 12342286 
0 3 6 5 1 4 2 
1308242 12920730 9785640 12312912 
2 6 1 5 3 0 4 
1318752 14459788 7836650 13114584 
4 3 1 2 6 0 5 
1338710 12552522 10110538 13421022 
4 3 6 2 1 0 5 
1345594 12489806 9654378 13408434 
4 1 6 5 3 0 2 
1448142 14173284 9056588 11644136 
4 1 3 5 6 0 2 
1465394 14162892 10180048 11615076 
4 6 1 5 3 0 2 
1494470 14153642 9150524 11531330 
4 6 3 5 1 0 2 
1518530 14050676 9786472 11483992 
4 1 6 2 3 0 5 
1551832 12801266 8861062 13389654 
0 1 6 5 3 4 2 
1552988 12999486 8707204 12609658 
0 6 3 5 1 4 2 
1564262 12863468 9838610 12580242 
4 1 3 2 6 0 5 
1568476 12552010 9733706 13315074 
0 6 1 5 3 4 2 
1599296 12935096 8822304 12577648 
4 6 1 2 3 0 5 
1601012 12751766 8923646 13270890 
4 6 3 2 1 0 5 
1624540 12439794 9340130 13183722 
3 4 1 5 6 2 0 
1795082 12802846 19137232 10635126 
3 4 6 5 1 2 0 
1821792 12789400 18616966 10617274 
1 4 3 5 6 2 0 
1979092 12779638 19560642 10876882 
6 4 3 5 1 2 0 
2079682 12610284 19527906 10695674 
2 6 0 5 3 1 4 
2227858 12351388 16255826 12072450 
2 1 0 5 3 6 4 
2236954 12514286 16251402 12267282 
4 6 0 5 3 1 2 
2403706 11655632 17146446 10410936 
2 3 0 5 6 1 4 
2410584 12905636 15297742 12280916 
2 3 0 5 1 6 4 
2417582 12743782 15229618 12219284 
4 1 0 5 3 6 2 
2418166 11764034 17143168 10540490 
2 6 0 4 3 1 5 
2427968 10254428 15070138 13358150 
2 6 0 5 1 3 4 
2434844 12729880 16152524 12190062 
2 1 0 4 3 6 5 
2437064 10417326 15065714 13552982 
5 6 3 2 0 1 4 
2464732 13600432 6037932 18259312 
4 6 0 2 3 1 5 
2512962 8477620 15041952 11806172 
4 1 0 2 3 6 5 
2524616 8585776 15038202 11935848 
5 6 3 4 0 1 2 
2556118 14890490 7176202 18189606 
4 3 0 5 6 1 2 
2559222 12482920 16188702 10947442 
4 6 3 2 0 5 1 
2559792 15435790 11826748 11364194 
4 3 0 5 1 6 2 
2566142 12321178 16121792 10886140 
2 3 0 4 6 1 5 
2572630 10808676 14112054 13570100 
2 3 0 4 1 6 5 
2579628 10646822 14043930 13508468 
2 6 3 5 0 1 4 
2591362 10974716 6004402 11622170 
4 6 0 5 1 3 2 
2610224 12034796 17050428 10530528 
2 6 0 4 1 3 5 
2633368 10636118 14972972 13477660 
4 3 0 2 6 1 5 
2645054 9304908 14084208 12344822 
5 6 1 2 0 3 4 
2646998 13903680 5105480 18388834 
4 3 0 2 1 6 5 
2652096 9142920 14016826 12283374 
5 1 6 2 0 3 4 
2665242 14107144 5021852 18557482 
5 3 6 2 0 1 4 
2693904 13553152 5807038 17881396 
1 6 0 5 3 4 2 
2704782 12425360 20402968 9730220 
4 6 0 2 1 3 5 
2718626 8858506 14949238 11926786 
1 6 0 5 3 2 4 
2718838 14426084 21756610 9365726 
6 1 0 5 3 4 2 
2732354 12513010 20435052 9621614 
6 1 0 5 3 2 4 
2741046 14598494 21819238 9327136 
0 3 4 5 6 1 2 
2746268 8330064 16775772 10751718 
4 6 3 5 0 1 2 
2767686 10487966 7114430 10000486 
2 6 1 5 0 3 4 
2773880 11277026 5077088 11752980 
2 1 6 5 0 3 4 
2789602 11535098 4993520 11986968 
2 6 3 4 0 1 5 
2795956 10639378 6668482 13243580 
1 6 0 2 3 5 4 
2801784 16416012 21665298 9530448 
1 6 3 2 0 5 4 
2804574 15230850 13738700 9385308 
0 1 4 5 6 3 2 
2804810 8660260 16300712 11156056 
6 1 3 2 0 5 4 
2822956 15296042 14149762 9292772 
0 3 4 5 1 6 2 
2826976 8161610 16626762 10679800 
0 6 4 5 1 3 2 
2871058 8496332 15843776 11094672 
4 6 3 2 0 1 5 
2880894 8862570 6640240 11691602 
3 6 0 5 1 4 2 
2891572 12386712 20262252 9690106 
0 6 2 5 4 3 1 
2897106 9373906 24853980 8598748 
0 3 2 5 4 6 1 
2897320 9048996 24864674 8207350 
0 6 2 5 4 1 3 
2901644 8869282 24739998 8209276 
0 1 2 5 4 6 3 
2910740 8862788 25202380 8193976 
3 6 0 5 1 2 4 
2945432 14413212 21608670 9561160 
4 3 6 5 0 1 2 
2949812 11299880 7041076 10501780 
4 6 1 5 0 3 2 
2950144 10970096 6382464 10167416 
5 1 6 2 4 3 0 
2953426 13709998 4864100 16297948 
4 1 6 5 0 3 2 
2971240 11143702 6267484 10330106 
6 3 0 5 1 2 4 
2974122 14621142 20544014 9557938 
1 3 6 5 4 2 0 
2985606 13113490 11319150 9063098 
0 6 4 5 3 1 2 
2996586 8086964 15570344 10927308 
0 1 4 5 3 6 2 
3011046 8082438 15878270 10916774 
5 6 1 2 4 3 0 
3013334 13446818 4885024 16117384 
1 3 4 5 6 0 2 
3027746 9982210 19948674 9477734 
3 1 6 5 4 2 0 
3033874 13021672 10282458 8663192 
1 3 2 5 4 6 0 
3047684 9168200 26170150 7156964 
3 1 4 5 6 0 2 
3053538 10147672 19397038 9289084 
2 1 6 5 4 3 0 
3054312 11673014 4837704 14539120 
6 3 1 5 4 2 0 
3059486 12957582 11806680 8899742 
6 3 2 5 4 1 0 
3060766 9171118 26332328 7054212 
4 6 1 2 0 3 5 
3063030 9555428 6131042 11899384 
4 1 6 2 0 3 5 
3081274 9758892 6047414 12068032 
1 6 3 5 0 4 2 
3095026 11243766 10201904 9297578 
3 1 2 5 4 6 0 
3095872 8445678 26462930 6519890 
3 6 1 5 4 2 0 
3096294 12681510 10313904 8457686 
3 6 2 5 4 1 0 
3097504 8343180 26002840 6404634 
3 6 4 5 1 0 2 
3106674 10035456 19003462 9158000 
6 3 4 5 1 0 2 
3108434 9799968 19919550 9178752 
6 1 3 5 0 4 2 
3116214 11334416 10627412 9190180 
2 6 1 5 4 3 0 
3116742 11355226 4858568 14293216 
6 3 2 5 4 0 1 
3192010 10601490 27650218 6243846 
0 6 4 5 2 3 1 
3200536 8176898 15842174 8218170 
2 1 3 5 4 6 0 
3205634 10943282 5808256 14295686 
1 6 3 5 4 2 0 
3206516 12552086 11130618 8569970 
2 6 3 5 4 1 0 
3207266 10784320 5503768 14110386 
0 3 4 5 2 6 1 
3217620 7842078 16625118 7802052 
0 3 6 5 4 1 2 
3240052 9039420 6222576 10627406 
0 6 4 5 2 1 3 
3244878 7830530 15662684 7829550 
0 1 4 5 2 6 3 
3250600 7826018 15970616 7819194 
1 3 2 0 4 6 5 
3255796 7653970 25558424 8499170 
6 3 2 0 4 1 5 
3268878 7707312 25748550 8366938 
1 3 6 5 0 4 2 
3277132 12010932 10149714 9879668 
0 1 6 5 4 3 2 
3291846 9373580 5438616 11041632 
0 3 1 5 4 6 2 
3300820 8970504 6645602 10584862 
3 6 2 0 4 1 5 
3311228 6930290 25447954 7687636 
3 6 4 0 2 5 1 
3316184 13971486 22942434 7008518 
3 6 1 5 0 4 2 
3316850 11276746 9044882 9254870 
1 3 4 0 2 5 6 
3327860 13534332 23708306 6758684 
3 1 6 5 0 4 2 
3337946 11450352 8929902 9417560 
0 6 1 5 4 3 2 
3338154 9309190 5553716 11009622 
6 3 4 0 2 5 1 
3338334 13484608 23768430 6640600 
1 6 4 0 2 5 3 
3341780 13968420 23135038 6848932 
6 1 4 0 2 5 3 
3362034 14123252 23589486 6831108 
1 3 4 5 2 6 0 
3368868 8349436 18338066 6825636 
6 3 4 5 2 1 0 
3388516 8348872 18457982 6717336 
3 6 4 5 2 0 1 
3416484 9702798 19001830 6162734 
1 6 4 5 2 3 0 
3421516 7975808 17570020 6393140 
1 3 4 5 2 0 6 
3422568 9545616 19884178 6072892 
0 6 3 5 4 1 2 
3428648 8828194 6296590 10844852 
6 3 4 5 2 0 1 
3433518 9436356 19917806 5905124 
3 1 4 5 2 6 0 
3436208 7617914 17450574 6184938 
1 6 4 5 2 0 3 
3441128 9818804 19247426 6102516 
3 6 4 5 2 1 0 
3441214 7513434 17144934 6064738 
0 1 3 5 4 6 2 
3443108 8823668 6604516 10834318 
6 1 4 5 2 0 3 
3466498 9753200 19611894 5974384 
1 3 6 5 4 0 2 
3521530 10691566 9395478 9353422 
3 1 6 5 4 0 2 
3553706 10854028 8450418 9163564 
6 3 1 5 4 0 2 
3595410 10601898 9853866 9072718 
3 6 1 5 4 0 2 
3600034 10834386 8544354 9050758 
3 6 4 0 2 1 5 
3657902 7265006 17812776 7569650 
1 6 3 5 4 0 2 
3710256 10771202 9331926 9045694 
6 1 3 5 4 0 2 
3737808 10701176 9696378 8877796 
0 6 3 5 2 4 1 
4169090 10305734 7486058 9270240 
0 3 6 5 2 4 1 
4186602 10153990 7213624 8961204 
0 1 6 5 2 4 3 
4219582 10355546 6291870 9049678 
0 6 1 5 2 4 3 
4304966 10261298 6375618 9011710 
1 3 6 5 2 4 0 
4337850 10661348 8926572 7984788 
1 6 3 5 2 4 0 
4390200 9715034 8790650 7366950 
3 1 6 5 2 4 0 
4405210 10087502 7706712 7403382 
5 1 6 0 2 3 4 
4446646 12930124 4436324 17572182 
3 6 1 5 2 4 0 
4501342 9824322 7727636 7222818 
5 6 1 0 2 3 4 
4537074 12726660 4519952 17403534 
4 1 6 5 2 3 0 
4615432 10168756 5045174 11799672 
1 6 5 4 0 3 2 
4661242 7482762 34893390 6852412 
0 6 3 5 2 1 4 
4665178 7864538 5386820 9790988 
0 1 3 5 2 6 4 
4670900 7860026 5694752 9780632 
0 1 6 5 2 3 4 
4671328 8260718 4372122 9959046 
0 3 6 5 2 1 4 
4671962 7926474 5156046 9543752 
3 6 5 4 0 1 2 
4700478 7463938 35199532 7037922 
0 6 1 5 2 3 4 
4756712 8166470 4455870 9921078 
0 3 1 5 2 6 4 
4763068 7827714 5547726 9495428 
6 3 4 5 0 1 2 
4795846 7238024 17110722 8019492 
1 3 4 5 0 6 2 
4795866 7251812 16990836 8246556 
1 6 4 5 0 3 2 
4796086 6878268 16222826 7815128 
6 1 4 5 0 3 2 
4817274 6968918 16648334 7707730 
3 6 4 5 0 1 2 
4835452 6429118 15797770 7605490 
1 6 3 5 2 0 4 
4861558 9750242 8422026 7477186 
1 3 6 5 2 0 4 
4868212 9521316 8328818 7755124 
6 1 3 5 2 0 4 
4886928 9684638 8786494 7349054 
3 1 6 5 2 0 4 
4887296 9710310 7383854 7803862 
1 3 0 2 4 6 5 
4964318 7551310 14460476 9071408 
3 6 1 5 2 0 4 
4972700 9660810 7446438 7685098 
6 3 0 2 4 1 5 
4977430 7505346 14481864 8847988 
6 3 1 5 2 0 4 
4978986 9406212 8755870 7508228 
3 6 0 2 4 1 5 
5004372 6916604 15448312 8321734 
3 1 0 2 4 6 5 
5016026 7024760 15444562 8451410 
1 6 0 2 4 3 5 
5024100 7157932 15395192 8584620 
6 1 0 2 4 3 5 
5048866 7220124 15412830 8490876 
4 6 0 2 5 3 1 
5096514 6857770 13316676 7581558 
3 6 0 4 5 2 1 
5131508 10872870 19118210 5936238 
1 3 0 4 5 2 6 
5145402 10852828 17898218 5709870 
6 3 0 4 5 2 1 
5156450 10683516 17865516 5529732 
1 6 0 4 5 2 3 
5159882 10331378 18890062 5496584 
4 3 0 2 5 6 1 
5161054 7141974 12384174 7935476 
4 3 0 2 5 1 6 
5162880 7295090 12451512 7917036 
6 1 0 4 5 2 3 
5182090 10503788 18952690 5457994 
4 6 0 2 5 1 3 
5188960 6310862 13221266 7542714 
4 1 0 2 5 6 3 
5200614 6419018 13217516 7672390 
3 6 0 2 5 4 1 
5338526 8922866 17492646 5486548 
1 3 0 2 5 4 6 
5339392 9483682 16510852 5560792 
1 6 0 2 5 3 4 
5343050 6770134 15330938 5619162 
6 3 0 2 5 4 1 
5350678 9284602 16464902 5355812 
1 6 0 2 5 4 3 
5365472 8559982 17343986 5195946 
6 1 0 2 5 3 4 
5367816 6832326 15348576 5525418 
6 1 0 2 5 4 3 
5390238 8622174 17361624 5102202 
1 3 0 2 5 6 4 
5396862 7163330 14396144 6103636 
3 6 0 2 5 1 4 
5408550 6586110 15384188 5870920 
6 3 0 2 5 1 4 
5409974 7117366 14417532 5880216 
3 1 0 2 5 6 4 
5420204 6694266 15380438 6000596 
1 6 0 4 5 3 2 
5439516 6528846 15501384 6269390 
3 6 2 5 0 1 4 
5470014 6473260 23965258 6654866 
1 3 0 4 5 6 2 
5479298 6920812 14564230 6754474 
6 3 0 4 5 1 2 
5492410 6900060 14599592 6516314 
3 6 0 4 5 1 2 
5505016 6496094 15638478 6432708 
4 6 3 2 5 0 1 
5671018 8797638 5983538 8520594 
1 6 5 0 2 4 3 
5891004 9935724 37164428 4972076 
6 1 5 0 2 4 3 
5911258 10090556 37618876 4954252 
1 6 3 2 5 0 4 
5917594 8590122 7867568 6534118 
6 1 3 2 5 0 4 
5942340 8494638 8217574 6381082 
4 3 6 2 5 0 1 
5978212 8399780 5827506 8655936 
1 6 5 3 2 4 0 
5994480 8442094 36029804 5407630 
2 6 3 4 5 1 0 
6008692 8255160 4253588 12014842 
4 1 6 2 5 0 3 
6017772 8873712 5190962 8785176 
4 3 1 2 5 0 6 
6040872 8393936 6220930 8577076 
6 1 3 4 5 0 2 
6041290 8489536 8625234 7057300 
1 6 0 4 2 3 5 
6059502 6104592 14875160 7706800 
4 6 1 2 5 0 3 
6066952 8824212 5253546 8666412 
3 6 0 4 2 1 5 
6079110 6040984 15012184 7593002 
6 1 0 4 2 3 5 
6084892 6196664 14907260 7637960 
4 6 3 2 5 1 0 
6101196 6305894 4224722 8911990 
4 6 3 0 5 1 2 
6203802 8733866 6236916 8556610 
1 3 6 2 5 0 4 
6214040 8361196 7774360 6812056 
3 1 6 2 5 0 4 
6237492 8759350 6930630 7035122 
2 1 6 4 5 3 0 
6249534 9147234 3593738 12444304 
1 6 3 2 5 4 0 
6277748 8523454 8178354 6384678 
3 6 1 2 5 0 4 
6286672 8709850 6993214 6916358 
6 3 1 2 5 0 4 
6287966 8216212 8186950 6540256 
6 1 3 2 5 4 0 
6291766 8597490 8589448 6371674 
1 3 5 4 2 6 0 
6308494 6527960 32423702 5437908 
2 6 1 4 5 3 0 
6311964 8829446 3614602 12198400 
3 6 2 4 5 0 1 
6313162 9052232 26834664 5005052 
1 3 2 4 5 0 6 
6327026 8469252 26514102 4582748 
1 6 5 4 2 3 0 
6327888 6131946 33669720 4941868 
6 3 5 4 2 1 0 
6328142 6527396 32543618 5329608 
6 3 2 4 5 0 1 
6338044 8389850 26579074 4420670 
4 1 6 2 5 3 0 
6344776 7142556 3569216 9277216 
3 6 5 4 2 1 0 
6347456 6099898 33975832 5008614 
4 6 1 2 5 3 0 
6404684 6879376 3590140 9096652 
3 6 2 1 5 0 4 
6446166 6823834 25049228 5493510 
1 6 2 3 5 0 4 
6459122 6536724 25053316 5048616 
1 3 2 6 5 0 4 
6459648 6228596 24764938 5149064 
6 3 2 1 5 0 4 
6465436 6110536 24764746 4938852 
6 1 2 3 5 0 4 
6481300 6472620 25614496 4921088 
3 1 6 2 5 4 0 
6586918 9105082 7195650 6595438 
3 6 1 2 5 4 0 
6646826 8841902 7216574 6414874 
1 3 2 0 5 4 6 
6652570 9322138 24181856 4538210 
6 3 2 0 5 4 1 
6663112 9302272 24273324 4425816 
3 6 2 0 5 4 1 
6666368 8752256 24034024 4403504 
1 6 2 4 5 3 0 
6680904 6557682 25075008 4853972 
1 6 2 0 5 3 4 
6691092 4434770 22928454 4587696 
1 6 2 0 5 4 3 
6692570 8568586 24022782 4205488 
6 1 2 0 5 3 4 
6708154 4591102 23579614 4570476 
6 1 2 0 5 4 3 
6709632 8724918 24673942 4188268 
1 3 2 0 5 6 4 
6729556 4817634 22923228 5042842 
3 6 2 0 5 1 4 
6756622 4151440 22812966 4748266 
1 3 4 2 5 0 6 
7035400 8385496 19329720 5113476 
6 3 4 2 5 0 1 
7046666 8246356 19348886 4920536 
6 1 4 2 5 0 3 
7086226 8563200 19042974 4987920 
6 3 4 0 5 2 1 
7177506 10557692 18443750 5099602 
1 6 4 0 5 2 3 
7206954 10398016 17557636 5063624 
1 3 4 6 5 0 2 
7249906 6263570 18130530 6400662 
6 3 4 1 5 0 2 
7255896 6141088 18130330 6150684 
6 1 4 3 5 0 2 
7302792 6494172 17799760 6129296 
1 6 4 2 5 3 0 
7399212 6802168 16990706 5414732 
6 1 4 2 5 3 0 
7413230 6876204 17401800 5401728 
3 6 4 2 5 1 0 
7464802 6547134 16663508 5260266 
1 6 4 0 5 3 2 
7505866 4437968 15014598 5798684 
6 1 4 0 5 3 2 
7528302 4588378 15469030 5741094 
3 6 4 0 5 1 2 
7571456 4107298 14645478 5688438 
