399 3
5 0 8 3 4 2 1 7 9 6 
17605050 15373136 24211862 
2 1 8 3 4 5 0 7 9 6 
17605776 12457362 17375288 
6 3 4 2 8 9 7 0 1 5 
17635960 11894216 20942794 
2 1 6 3 4 5 0 7 9 8 
17651948 12177996 16901506 
2 1 8 3 4 5 7 0 9 6 
17653678 12897196 16693024 
2 0 8 3 4 5 7 1 9 6 
17665974 11394224 18856504 
2 0 8 7 4 5 1 3 9 6 
17673444 10066264 21728094 
2 1 6 3 4 5 7 0 9 8 
17699618 12648134 16297190 
2 0 6 3 4 5 7 1 9 8 
17711914 11145162 18460670 
2 0 6 7 4 5 1 3 9 8 
17719704 9866406 21399172 
2 3 8 0 4 5 7 1 9 6 
17760456 15000956 12425518 
5 3 8 0 4 2 7 1 9 6 
17769860 14167396 11479158 
5 7 8 0 4 2 3 1 9 6 
17797866 13387762 15410256 
2 0 8 7 4 5 3 1 9 6 
17804520 9886524 18861026 
5 3 6 0 4 2 7 1 9 8 
17816142 13906776 11090562 
2 7 8 0 4 5 3 1 9 6 
17825290 12118232 16273324 
6 3 5 2 8 9 7 0 1 4 
17840862 10265974 18511072 
5 7 6 0 4 2 3 1 9 8 
17844148 13146730 14996040 
2 0 6 7 4 5 3 1 9 8 
17851012 9656362 18454156 
2 1 8 3 4 5 0 7 6 9 
17864712 11589128 16929398 
2 7 6 0 4 5 3 1 9 8 
17871506 11888414 15859162 
2 0 8 7 4 5 1 3 6 9 
17932380 9165292 21294162 
6 3 4 7 8 9 0 2 1 5 
18000756 8831328 16761590 
5 3 8 7 4 2 0 1 9 6 
18000918 13508576 11985742 
2 1 8 0 4 5 7 3 9 6 
18019918 11178096 15698296 
5 1 8 0 4 2 7 3 9 6 
18029322 11319096 13982272 
5 3 6 7 4 2 0 1 9 8 
18047476 13257406 11591628 
2 1 6 0 4 5 7 3 9 8 
18065902 10968788 15374892 
5 1 6 0 4 2 7 3 9 8 
18075372 11098574 13658814 
5 7 8 0 4 2 3 9 1 6 
18139466 11923162 12882224 
2 0 8 7 4 5 3 9 1 6 
18146600 8897716 15999722 
5 0 6 7 4 2 3 9 1 8 
18165602 10885706 14317210 
5 7 6 0 4 2 3 9 1 8 
18185748 11682130 12468008 
2 0 6 7 4 5 3 9 1 8 
18193092 8667554 15592852 
4 3 8 0 1 7 2 5 9 6 
18203506 13503252 11466942 
6 3 5 7 8 9 0 2 1 4 
18205214 7761596 15438390 
2 7 6 0 4 5 3 9 1 8 
18213106 10862694 14142202 
6 7 5 3 8 9 0 2 1 4 
18258972 10260890 14627544 
2 1 8 0 4 5 7 3 6 9 
18278854 10176216 15182482 
5 1 8 0 4 2 7 3 6 9 
18288450 10485968 13467066 
9 3 5 7 8 6 0 2 1 4 
18633450 6953662 15923942 
9 7 5 3 8 6 0 2 1 4 
18687202 9516534 15131212 
2 1 6 0 4 5 7 3 8 9 
18813258 10216992 14679430 
5 1 6 0 4 2 7 3 8 9 
18822848 10452248 12963732 
5 1 8 7 4 2 0 3 6 9 
18902792 10402922 14011996 
6 3 4 7 8 9 0 5 1 2 
19019116 8624992 15131094 
8 3 5 7 6 9 0 2 1 4 
19051152 7500006 15371462 
8 7 5 3 6 9 0 2 1 4 
19110462 9871976 14554256 
5 7 9 0 4 2 3 6 1 8 
19125892 11405402 11200114 
2 0 9 7 4 5 3 6 1 8 
19131008 8414690 14729938 
6 7 2 0 8 9 3 5 1 4 
19219294 10053322 13895198 
6 3 2 7 8 9 0 5 1 4 
19290418 7726430 13527172 
6 7 2 3 8 9 0 5 1 4 
19354604 10211204 12715402 
9 3 2 7 8 6 0 5 1 4 
19718638 6939280 14417508 
9 3 5 7 6 8 0 2 1 4 
19848324 6819274 15823218 
8 1 5 7 9 3 0 2 6 4 
20020876 7239076 14039712 
8 3 2 7 6 9 0 5 1 4 
20136344 7478730 13618662 
4 3 8 0 5 2 7 1 9 6 
20185120 13544646 10325184 
4 1 8 0 5 2 7 3 6 9 
20194056 9102920 12940246 
8 7 2 3 6 9 0 5 1 4 
20206082 9836180 12800532 
4 3 6 0 5 2 7 1 9 8 
20231342 13288310 9932412 
8 6 5 7 9 3 0 2 1 4 
20321590 6524562 13938256 
4 3 8 7 5 2 0 1 9 6 
20415674 12885786 10831752 
4 3 6 7 5 2 0 1 9 8 
20462172 12638900 10433462 
6 9 5 7 8 3 0 2 1 4 
20470978 6876772 13420406 
6 3 5 7 8 1 0 2 9 4 
20769000 7723156 12711470 
8 7 2 0 9 3 5 6 1 4 
20800108 10505144 12679140 
5 8 6 0 4 2 7 3 1 9 
20843426 10377198 12694672 
8 7 5 0 9 3 2 6 1 4 
20909758 10464640 12669888 
4 1 6 0 5 2 7 3 8 9 
20933018 9060548 12432694 
5 6 9 0 4 2 7 1 8 3 
21186748 12091636 10624614 
6 8 5 7 9 3 0 2 1 4 
21201412 6398842 13474182 
8 9 5 7 6 3 0 2 1 4 
21220756 6551530 13350302 
2 6 3 0 4 5 7 1 8 9 
21377556 12420754 10025210 
5 6 3 0 4 2 7 1 8 9 
21387162 11173386 9059224 
8 6 2 7 9 3 0 5 1 4 
21406446 6490662 12188784 
4 7 6 0 5 2 3 9 1 8 
21545380 9813322 11914538 
6 9 2 7 8 3 0 5 1 4 
21556182 6841606 11509188 
5 6 3 7 4 2 0 1 8 9 
21600034 10986548 9661852 
5 1 3 0 4 2 7 6 8 9 
21880506 10167468 10412504 
5 8 3 0 4 2 7 1 6 9 
21992460 11229504 9047426 
5 1 3 7 4 2 0 6 8 9 
22180488 10090790 11025072 
5 8 3 7 4 2 0 1 6 9 
22206142 11023610 9648556 
6 8 2 7 9 3 0 5 1 4 
22286406 6355786 11565044 
5 1 3 0 4 2 7 8 6 9 
22383092 10013898 10672776 
4 7 9 0 5 2 3 6 1 8 
22485492 9573634 11069092 
5 6 3 0 4 2 7 8 1 9 
22816652 9893500 10423674 
5 6 1 0 4 2 7 3 8 9 
22816950 10875184 10293190 
6 3 2 7 8 1 0 5 9 4 
22900668 7683766 10833532 
5 8 3 0 4 2 7 6 1 9 
22919364 10103188 10151604 
1 6 5 7 9 3 0 2 8 4 
22926910 8088734 10296122 
6 1 2 7 8 3 0 5 9 4 
23171250 7044192 11500732 
1 8 5 7 9 3 0 2 6 4 
23175742 7764160 10292666 
4 6 3 0 5 2 7 1 8 9 
23439130 11102624 7937720 
5 1 3 0 4 2 7 6 9 8 
23581982 9943826 9490542 
4 6 3 7 5 2 0 1 8 9 
23651498 10915746 8540332 
1 9 5 7 8 3 0 2 6 4 
23731756 7478554 11385922 
8 3 2 7 6 1 0 5 9 4 
23746594 7436066 10925022 
4 8 3 0 5 2 7 1 6 9 
23848186 10970090 7916424 
5 1 3 7 4 2 0 6 9 8 
23881964 9789088 10107730 
4 8 3 7 5 2 0 1 6 9 
24061364 10764156 8517538 
6 9 5 3 8 7 0 2 1 4 
24416720 5895202 13335326 
8 6 5 3 9 7 0 2 1 4 
24567932 5564850 13854470 
5 9 3 0 4 2 7 6 1 8 
24933056 10411028 9282892 
8 6 0 7 9 3 2 5 1 4 
25006204 6190226 12202128 
1 9 5 7 6 3 0 2 8 4 
25112524 7352166 10855200 
6 3 5 0 8 7 2 1 9 4 
25143318 9367796 10215024 
6 9 0 7 8 3 2 5 1 4 
25153166 6554494 11534732 
8 9 5 3 6 7 0 2 1 4 
25364370 5569940 13265214 
1 6 2 7 9 3 0 5 8 4 
25385208 8103848 9652888 
6 8 5 3 9 7 0 2 1 4 
25455338 5482906 13393008 
4 6 3 0 2 5 7 1 8 9 
25496202 10406274 8423980 
6 9 2 3 8 7 0 5 1 4 
25510900 5860498 11509776 
8 6 2 3 9 7 0 5 1 4 
25661764 5531412 12190666 
4 6 3 7 2 5 0 1 8 9 
25686922 10222960 8683656 
1 8 2 7 9 3 0 5 6 4 
25830384 7777120 9647800 
9 6 5 7 3 1 0 2 8 4 
25903904 6805260 11166592 
4 1 3 0 5 2 7 6 9 8 
26033160 8567606 9381882 
3 6 5 0 9 7 2 1 8 4 
26056392 9478896 8961394 
9 8 5 7 3 1 0 2 6 4 
26087322 6506142 11162558 
4 8 3 0 2 5 7 1 6 9 
26101500 10197372 8404418 
4 8 3 7 2 5 0 1 6 9 
26293030 9995002 8662596 
3 8 5 0 9 7 2 1 6 4 
26308296 9287666 8948960 
1 9 2 7 8 3 0 5 6 4 
26386608 7499404 10738976 
8 9 2 3 6 7 0 5 1 4 
26458538 5549126 11598082 
6 8 2 3 9 7 0 5 1 4 
26549308 5440312 11569538 
6 3 0 7 8 1 2 5 9 4 
26765764 7391750 10847092 
4 1 3 0 5 2 7 8 9 6 
26912850 8622208 9381538 
4 6 3 5 2 0 7 1 8 9 
26939646 10321150 8235876 
1 8 5 7 6 3 0 2 9 4 
27014938 7281760 10788528 
9 8 5 7 1 3 0 2 6 4 
27100542 6505848 11504662 
4 6 3 7 2 0 5 1 8 9 
27111784 10900572 7649508 
6 9 2 7 8 1 0 5 3 4 
27134316 6746568 10613114 
6 8 2 7 3 9 0 5 1 4 
27260946 5908726 11482634 
1 5 8 2 7 0 3 9 4 6 
27318468 8846916 9127992 
1 5 6 2 7 0 3 9 4 8 
27328554 8581856 8798056 
4 8 3 5 2 0 7 1 6 9 
27544944 10422964 8202384 
1 9 2 7 6 3 0 5 8 4 
27571158 7379904 10208638 
5 4 9 7 2 0 3 6 1 8 
27593628 7218014 10059960 
4 8 3 7 2 0 5 1 6 9 
27723562 10849938 7604032 
9 8 1 0 3 7 2 5 6 4 
27800088 7696754 9863946 
9 6 5 2 3 7 0 1 8 4 
27875124 8378960 8867512 
8 9 2 7 6 1 0 5 3 4 
27914828 6435984 10701438 
1 6 5 7 9 3 0 4 8 2 
27936534 8264786 8865840 
9 8 5 2 3 7 0 1 6 4 
28058374 8201070 8857904 
9 6 5 0 3 7 2 1 8 4 
28105490 8207872 7949948 
1 8 5 7 9 3 0 4 6 2 
28185366 7940212 8862384 
9 8 5 0 3 7 2 1 6 4 
28291980 7953758 7934348 
9 8 5 6 3 7 0 2 1 4 
28321258 5349928 13799142 
9 6 2 7 3 1 0 5 8 4 
28362234 6778806 9713790 
9 8 2 7 3 1 0 5 6 4 
28741996 6477534 9708124 
6 8 5 3 1 7 0 2 9 4 
28900734 5733802 11469850 
6 8 5 7 3 1 0 2 9 4 
28981546 5912502 11351412 
6 9 0 3 8 7 2 5 1 4 
29117194 5581156 11536370 
8 6 0 3 9 7 5 2 1 4 
29182940 5338054 13880254 
6 5 3 0 1 7 2 8 4 9 
29223268 10045156 7624032 
8 6 0 3 9 7 2 5 1 4 
29270832 5238746 12205060 
6 8 1 0 3 7 2 5 9 4 
29402106 6902954 9692174 
8 6 0 3 9 1 2 5 7 4 
29412824 5189208 15980878 
1 4 6 2 7 0 3 9 5 8 
29509962 7700202 8729920 
9 8 2 3 1 7 0 5 6 4 
29604638 6474684 9881134 
9 8 2 7 1 3 0 5 6 4 
29755248 6444728 10014900 
9 6 2 0 3 7 5 1 8 4 
29773698 8271138 7900228 
9 6 2 5 3 7 0 1 8 4 
29773920 7631186 8748200 
8 9 2 3 1 7 0 5 6 4 
29808626 6195880 10364306 
8 9 0 3 6 1 2 5 7 4 
29930984 5229670 14621438 
8 9 0 3 6 7 2 5 1 4 
30065344 5278248 11630260 
1 9 5 7 6 3 0 4 8 2 
30122148 7528218 9424918 
9 8 2 5 3 7 0 1 6 4 
30153388 7508772 8734272 
8 6 2 3 1 7 0 5 9 4 
30153656 5745572 10265460 
6 8 0 3 9 7 2 5 1 4 
30157168 5145886 11583820 
9 8 2 0 3 7 5 1 6 4 
30158836 8015332 7875814 
6 9 2 3 1 7 0 5 8 4 
30250994 6342732 9752246 
6 8 0 3 9 1 2 5 7 4 
30295362 5097236 15261568 
8 6 2 7 1 3 0 5 9 4 
30315642 5736892 10405134 
6 5 3 2 1 0 7 8 4 9 
30329912 8311958 7645052 
8 6 2 7 3 1 0 5 9 4 
30401864 6000242 10099976 
9 6 2 1 3 7 0 5 8 4 
30431528 6918856 9585158 
9 5 3 0 1 7 2 8 4 6 
30435196 10728796 7428324 
9 5 1 0 3 7 2 6 4 8 
30441002 10661602 7527202 
8 6 5 0 3 7 2 1 9 4 
30488636 7300166 9066810 
1 8 2 7 3 9 0 5 6 4 
30598112 7278860 9565182 
9 8 2 1 3 7 0 5 6 4 
30811290 6661972 9577502 
6 8 0 7 3 9 2 5 1 4 
30867384 5587826 11484458 
6 9 2 7 3 1 0 5 8 4 
30976938 6432086 9583278 
6 8 5 9 3 7 0 2 1 4 
31016682 5069822 13243270 
6 8 2 3 1 7 0 5 9 4 
31041200 5654472 9644332 
6 8 2 7 3 1 0 5 9 4 
31113004 5865222 9475554 
9 6 2 7 3 1 0 4 8 5 
31164112 7202630 9226028 
6 8 2 7 1 3 0 5 9 4 
31195602 5602016 9781394 
6 8 5 0 3 7 2 1 9 4 
31202038 7206638 8816136 
9 5 1 0 3 7 2 8 4 6 
31362078 10694506 7228580 
9 8 2 7 3 1 0 4 6 5 
31373750 6902684 9248634 
8 6 2 9 3 7 0 5 1 4 
31395720 5140360 12042916 
9 5 3 2 1 0 7 8 4 6 
31546184 9170588 7435134 
1 4 9 2 7 0 3 6 5 8 
31760842 7438776 8557654 
9 8 5 7 3 0 2 1 6 4 
31985794 7876450 7907914 
6 8 2 9 3 7 0 5 1 4 
32110652 5027228 11419800 
1 4 9 2 7 0 3 8 5 6 
32457100 7506208 8280954 
6 8 2 0 3 7 5 1 9 4 
32536750 7269204 8780882 
1 4 6 5 7 0 3 9 2 8 
32623492 6922682 9247266 
6 1 3 0 5 2 7 8 4 9 
32696128 6749346 8095994 
9 8 0 6 3 7 2 5 1 4 
33053204 5016876 12404338 
6 9 2 1 3 7 0 5 8 4 
33076568 6747240 9465094 
8 1 3 0 5 2 7 6 4 9 
33146796 6629524 8449738 
1 6 7 5 4 2 0 3 8 9 
33165176 8810750 7546524 
6 8 2 1 3 7 0 5 9 4 
33212634 5869660 9371300 
6 5 1 0 3 7 2 8 4 9 
33319104 9978970 7424252 
9 4 1 0 3 7 2 8 5 6 
33431654 10235518 7274840 
9 6 2 7 3 0 5 1 8 4 
33473364 8243102 7872464 
9 4 3 2 1 0 7 8 5 6 
33606954 9104488 7490276 
9 8 2 7 3 0 5 1 6 4 
33858502 7942908 7850040 
1 8 7 2 4 5 0 3 6 9 
33869136 8391140 7618850 
1 8 7 5 4 2 0 3 6 9 
33902138 8557922 7499198 
8 6 0 3 1 7 2 5 9 4 
34028284 5443946 10262630 
8 6 0 7 1 3 2 5 9 4 
34180960 5427496 10401254 
6 8 7 5 4 2 0 3 1 9 
34438594 6466184 9219654 
9 1 5 0 3 7 2 8 4 6 
34521680 7363686 7471378 
1 6 7 0 4 2 5 9 8 3 
34638082 9948390 7208872 
6 4 3 0 1 7 5 8 2 9 
34649354 9545320 7423874 
9 5 1 2 3 0 7 8 4 6 
34706350 9151522 7346114 
1 8 5 9 7 3 0 2 6 4 
34810102 6407208 9298648 
9 1 5 0 3 7 2 6 4 8 
34836328 7329634 7707644 
9 5 1 2 7 0 3 8 4 6 
34900884 8907668 7430012 
6 8 0 3 1 7 2 5 9 4 
34914620 5351086 9641390 
8 6 0 9 3 7 5 2 1 4 
34926912 4930074 13721336 
6 8 0 7 3 1 2 5 9 4 
34981058 5544714 9465858 
1 6 7 2 4 5 0 9 8 3 
34987294 9042836 6766446 
8 6 0 9 3 7 2 5 1 4 
35014804 4830766 12046142 
1 6 7 5 4 2 0 9 8 3 
35020296 9076454 6652764 
6 8 0 7 1 3 2 5 9 4 
35059712 5290860 9777402 
6 8 0 9 3 7 5 2 1 4 
35639592 4823018 13257690 
1 8 7 2 4 5 0 9 6 3 
35667548 8657286 6734514 
1 8 7 5 4 2 0 9 6 3 
35700550 8824068 6614862 
6 8 0 9 3 7 2 5 1 4 
35728528 4715874 11422914 
6 8 7 2 5 4 0 3 1 9 
36029716 6327594 9006122 
6 8 7 5 4 2 0 9 1 3 
36123722 6727662 8229962 
6 8 0 9 3 1 2 5 7 4 
36350338 4709644 14929554 
1 6 2 3 7 9 0 5 8 4 
36383976 6538006 8748996 
3 9 4 2 7 0 5 8 1 6 
36480692 7138526 7906504 
9 1 3 0 5 2 7 6 4 8 
36816334 6174360 8232102 
6 8 0 1 3 7 2 5 9 4 
37091062 5557810 9362774 
9 1 3 7 5 2 0 6 4 8 
37161322 6141598 8869364 
9 1 3 0 5 2 7 8 4 6 
37469456 6219626 8021046 
6 9 7 2 5 4 0 8 3 1 
37517662 8308212 7417944 
8 6 2 9 7 3 0 5 1 4 
37593948 5181484 11355182 
8 6 7 5 1 2 0 3 4 9 
37700260 5219390 11333482 
6 8 7 2 5 4 0 9 1 3 
37714844 6589072 8016430 
1 8 7 2 5 4 0 3 6 9 
37755794 8416932 7366954 
3 9 5 2 7 0 4 8 1 6 
37983394 7183694 7881902 
6 8 2 3 7 9 0 5 1 4 
38059716 5034664 10800758 
9 8 2 3 7 1 0 5 6 4 
38162572 5476282 9555194 
9 1 5 7 3 0 2 8 4 6 
38215482 6777570 7527040 
6 8 5 3 7 1 0 2 9 4 
38285882 4974744 11182278 
1 9 5 4 7 0 2 8 3 6 
38289832 8419342 7275518 
9 1 5 7 3 0 2 6 4 8 
38530132 6747174 7759140 
6 8 2 9 7 3 0 5 1 4 
38646520 5068640 10733430 
3 9 5 4 7 0 2 8 1 6 
38663122 6709096 7805398 
3 9 5 4 7 0 2 6 1 8 
38751122 6670648 7997868 
1 8 0 5 4 2 7 3 6 9 
38850040 8285192 7417834 
1 6 7 2 5 4 0 9 8 3 
39070194 8992260 6516284 
9 5 7 2 3 1 0 8 4 6 
39085692 8606088 7256800 
3 6 7 5 4 2 0 9 8 1 
39086562 8680636 6720806 
1 8 5 3 7 9 0 4 6 2 
39240480 6460370 7986070 
9 1 5 0 3 2 7 8 4 6 
39365046 6178416 8142828 
8 6 2 3 7 1 0 5 9 4 
39370018 4951826 9939670 
1 8 2 3 7 9 0 4 6 5 
39526672 6684940 7555648 
1 8 7 2 5 4 0 9 6 3 
39554206 8683078 6482618 
9 1 2 0 3 7 5 8 4 6 
39589616 7096724 7494880 
6 5 7 2 3 1 0 8 4 9 
39613020 7790014 7468996 
6 8 7 4 5 2 0 9 1 3 
39683522 6663604 7908298 
1 8 7 4 5 2 0 3 6 9 
39713096 8558964 7248934 
3 8 7 2 4 5 0 9 6 1 
39729808 8382908 6771694 
1 6 2 9 7 3 0 4 8 5 
39765426 7070386 7459956 
9 1 5 0 3 2 7 6 4 8 
39770864 6112474 8364564 
9 1 5 7 3 2 0 8 4 6 
39787486 6107702 8581036 
1 9 5 7 4 0 2 8 3 6 
39789106 8156546 6902414 
1 8 5 9 7 3 0 4 6 2 
39819700 6539346 7912150 
3 8 7 5 4 2 0 9 6 1 
39823482 8490970 6677162 
1 9 5 7 4 0 2 6 3 8 
39933758 8137322 7130722 
1 9 5 3 7 8 0 4 6 2 
40042592 5854408 9262560 
6 9 2 3 7 1 0 5 8 4 
40094074 5370938 9431184 
1 8 2 9 7 3 0 4 6 5 
40105892 6763916 7481728 
1 8 5 6 7 3 0 4 9 2 
40117020 6020272 8698758 
8 6 3 9 1 0 2 5 7 4 
40167208 4698416 16778970 
1 9 5 3 7 6 0 4 8 2 
40342988 5843012 8808696 
6 8 2 3 7 1 0 5 9 4 
40426382 4860870 9319224 
1 9 2 3 7 6 0 4 8 5 
40602976 6036298 8422530 
8 6 0 3 7 9 2 5 1 4 
40654818 4732420 11374280 
1 6 7 5 2 4 0 3 8 9 
40656286 7998364 7240064 
3 6 7 2 5 4 0 9 8 1 
40845118 8652640 6559024 
6 8 3 9 1 0 5 2 7 4 
40989316 4660266 17613988 
1 6 7 4 5 2 0 9 8 3 
41027496 9134292 6398264 
6 8 3 9 1 0 2 5 7 4 
41049748 4584852 16057700 
5 6 7 3 2 9 0 4 8 1 
41169282 7892592 7328844 
8 6 0 9 7 3 2 5 1 4 
41247542 4790060 11308498 
1 9 5 0 4 7 2 8 3 6 
41379936 7857308 7030316 
3 8 7 2 5 4 0 9 6 1 
41385796 8406178 6519616 
1 8 7 5 2 4 0 3 6 9 
41393248 7745536 7192738 
1 8 7 4 5 2 0 9 6 3 
41511508 8825110 6364598 
1 8 0 3 7 9 2 5 6 4 
41675630 5877530 8644000 
6 8 0 3 7 9 2 5 1 4 
41709974 4639704 10753722 
6 8 2 7 5 3 0 1 9 4 
41756724 5749488 9018162 
8 6 7 5 2 4 0 3 1 9 
42062012 5675970 9235904 
9 1 7 0 5 2 3 6 4 8 
42125506 5832082 8259000 
6 8 7 5 2 4 0 3 1 9 
42239922 5730598 8913506 
9 1 5 7 2 0 3 8 4 6 
42267390 6397934 7882528 
6 8 0 9 7 3 2 5 1 4 
42298906 4675456 10686634 
1 6 7 5 2 4 0 9 8 3 
42511406 8264068 6346304 
3 9 5 7 4 0 2 8 1 6 
42627950 6517600 7510494 
6 8 2 1 7 3 0 5 9 4 
42680414 4812852 9352032 
9 1 7 2 3 5 0 6 4 8 
42684962 6246804 7664196 
3 8 0 2 4 5 7 9 6 1 
42706750 8226518 6693606 
9 1 3 0 7 2 5 6 4 8 
42922990 6041308 8205758 
9 1 5 7 0 2 3 8 4 6 
42998278 5755556 8728080 
1 8 0 6 7 3 5 4 9 2 
43050734 5773636 8563258 
9 1 5 0 7 2 3 8 4 6 
43123980 5950954 8179744 
1 8 7 5 0 4 2 3 6 9 
43141550 7706630 7293192 
9 1 7 0 5 2 3 8 4 6 
43168076 5857144 8047288 
1 8 7 5 2 4 0 9 6 3 
43191660 8011682 6308402 
8 6 0 3 7 1 2 5 9 4 
43283100 4559018 9881226 
9 1 2 7 3 0 5 8 4 6 
43289270 6515492 7551202 
1 8 7 4 2 5 0 3 6 9 
43317548 7720786 7194370 
9 1 5 7 0 2 3 6 4 8 
43367630 5706304 8950664 
6 8 2 3 7 1 0 4 9 5 
43511312 5372252 9213798 
1 8 0 3 7 9 5 4 6 2 
43539964 6209354 7789220 
6 8 5 3 0 7 2 1 9 4 
43678332 5695894 8851916 
9 1 7 2 3 5 0 8 4 6 
43709306 6291200 7443514 
9 1 3 0 7 2 5 8 4 6 
43721984 6033326 7977838 
6 8 7 5 2 4 0 9 1 3 
43925050 5992076 7923814 
1 9 0 3 7 6 5 4 8 2 
44196012 5582042 8631194 
6 8 0 3 7 1 2 5 9 4 
44338256 4466302 9260668 
9 1 0 2 3 5 7 6 4 8 
44590242 6139294 7754108 
5 6 0 3 2 9 7 4 8 1 
45039064 7689336 7221580 
1 8 7 4 2 5 0 9 6 3 
45115960 7986932 6310034 
9 1 7 5 3 2 0 6 4 8 
45244092 6171456 7690264 
3 9 7 2 5 4 0 8 1 6 
45247178 6874156 7396402 
9 1 0 2 3 5 7 8 4 6 
45419862 6193792 7533754 
3 6 0 5 7 4 2 9 8 1 
45468752 7797100 6353178 
9 1 7 0 3 2 5 8 4 6 
45661670 5898306 7967164 
1 6 0 5 2 4 7 3 8 9 
45688152 7682986 7130094 
9 1 7 5 3 2 0 8 4 6 
46268442 6226820 7457084 
1 8 0 5 2 4 7 3 6 9 
46358898 7430722 7085706 
3 8 0 5 7 4 2 9 6 1 
46470576 7607378 6297922 
6 8 0 7 5 3 2 1 9 4 
46556824 5554712 9090950 
6 8 0 1 7 3 2 5 9 4 
46593352 4419172 9293596 
8 6 0 5 2 4 7 3 1 9 
46694770 5361336 9143394 
6 8 0 5 2 4 7 3 1 9 
46872982 5416404 8821024 
3 9 0 5 7 4 2 6 1 8 
47072860 6197494 7494944 
9 1 0 5 3 2 7 6 4 8 
47155224 6068830 7780836 
1 8 0 6 7 3 2 4 9 5 
47192758 5699088 8192276 
1 6 0 9 7 3 2 4 8 5 
47204614 6525820 7370522 
3 9 7 4 5 2 0 8 1 6 
47215856 6948688 7288270 
1 8 0 3 7 9 2 4 6 5 
47228596 6136342 7454222 
3 9 4 7 5 0 2 8 1 6 
47514468 6507354 7440854 
1 8 0 9 7 3 2 4 6 5 
47809944 6217094 7380542 
3 9 2 5 7 4 0 8 1 6 
47832034 6395408 7348846 
9 1 0 5 3 2 7 8 4 6 
47984850 6134296 7547984 
1 9 0 3 7 8 2 4 6 5 
48038026 5504352 8774500 
1 9 2 0 4 7 5 8 3 6 
48046064 7543626 6950922 
1 9 0 3 7 6 2 4 8 5 
48050592 5481350 8332102 
3 9 0 5 7 4 2 8 1 6 
48220296 6220842 7308022 
1 8 0 4 2 5 7 3 6 9 
48282134 7405084 7087218 
1 8 0 4 5 2 7 9 6 3 
48401642 8459824 6285538 
9 1 7 5 0 2 3 6 4 8 
48436482 5794004 7899602 
6 8 0 1 7 9 2 5 3 4 
48625252 4408074 11237334 
1 6 0 5 7 4 2 9 8 3 
49331136 8140600 6286302 
3 8 0 4 7 5 2 9 6 1 
49474612 7626898 6278650 
9 1 7 5 0 2 3 8 4 6 
49479066 5842712 7664314 
1 6 0 5 2 4 7 9 8 3 
49490512 7847670 6233054 
1 8 0 5 2 4 7 9 6 3 
50104550 7595848 6198090 
8 6 0 5 2 4 7 9 1 3 
50327204 5519018 8088320 
6 8 0 3 7 1 2 4 9 5 
50344046 4826154 9150322 
6 8 0 5 2 4 7 9 1 3 
50505350 5576862 7828052 
3 8 0 5 2 4 7 9 6 1 
50829904 7485576 6267648 
3 9 2 4 7 5 0 8 1 6 
50840070 6704178 7274268 
3 9 0 4 5 2 7 8 1 6 
50853374 6758396 7229504 
3 9 0 4 7 5 2 8 1 6 
51224342 6526282 7232994 
9 1 0 5 7 2 3 8 4 6 
51743240 5803338 7779788 
1 8 0 4 2 5 7 9 6 3 
52027786 7570210 6199602 
6 8 0 3 2 1 7 5 9 4 
52130904 4771640 9035912 
9 1 7 2 0 5 3 8 4 6 
52570410 5894332 7648874 
6 8 0 1 7 3 2 4 9 5 
52599116 4731496 9237408 
3 9 0 5 2 4 7 6 1 8 
52644476 6118150 7396338 
3 8 0 4 2 5 7 9 6 1 
52703844 7507648 6248750 
3 8 2 5 0 4 7 9 6 1 
53084628 7474666 6468136 
6 8 7 3 2 1 0 5 9 4 
53099826 4679578 9150736 
3 9 0 5 2 4 7 8 1 6 
53700742 6174778 7219956 
1 8 7 3 0 9 2 4 6 5 
54260632 6104092 7570010 
1 9 7 3 0 6 2 4 8 5 
54382944 5446460 8447722 
3 9 0 4 2 5 7 8 1 6 
55574692 6482770 7145302 
8 6 2 5 0 4 7 9 1 3 
56234198 5492172 8288680 
6 8 7 1 0 3 2 5 9 4 
56261046 4372918 9416416 
6 8 0 1 2 3 7 5 9 4 
57057136 4718478 9067956 
6 8 2 5 0 4 7 9 1 3 
57102800 5551776 8028524 
6 8 7 1 0 9 2 5 3 4 
57293466 4361820 11360154 
6 8 0 3 2 1 7 4 9 5 
57936120 5204708 8948754 
6 8 7 1 2 3 0 5 9 4 
58031910 4631300 9183440 
6 8 0 1 2 3 7 4 9 5 
62862326 5104018 9034956 
