27 4
1 0 2 4 3 
517768 9599454 12576332 93664 
3 0 2 4 1 
526258 9124236 13173980 82516 
3 2 4 0 1 
571260 8772438 10448832 161212 
1 2 4 0 3 
585006 7844802 11644128 165646 
3 4 2 0 1 
667758 9069534 9986524 109314 
1 4 2 0 3 
674964 8132778 11181820 103056 
3 2 4 1 0 
1001544 8117532 3843552 164032 
0 2 4 1 3 
1020946 2574516 11015328 217366 
3 1 2 4 0 
1109298 15771552 12271998 37982 
3 4 2 1 0 
1118452 8616232 3108062 112004 
1 2 4 3 0 
1119588 7239012 3780834 169060 
0 2 4 3 1 
1125244 2623632 9757314 217960 
0 4 2 1 3 
1145484 3083856 10279838 177812 
1 3 2 4 0 
1214058 15774168 11737716 38606 
1 4 2 3 0 
1220536 7635544 3171428 106400 
4 2 0 3 1 
1234778 2279894 12945148 103508 
0 4 2 3 1 
1240362 3039924 9147908 178466 
1 0 2 3 4 
1281674 10113950 2835582 97576 
4 2 0 1 3 
1294010 2374364 12410704 103850 
3 0 2 1 4 
1344686 9686678 2961828 86800 
1 3 2 0 4 
1432392 16785898 10007358 39174 
3 1 2 0 4 
1477032 16787296 8938308 39576 
1 3 0 2 4 
1550506 10105520 19320060 32638 
3 1 0 2 4 
1600582 10106894 18785616 33040 
1 0 3 4 2 
1954642 9213150 12580544 100540 
3 1 0 4 2 
2047270 9777448 12274428 35706 
1 3 0 4 2 
2096794 9778750 11739984 35988 
