18 4
4 2 0 1 3 
417440 1629938 16078254 203010 
4 2 0 3 1 
440396 1596110 16576554 208506 
2 4 0 1 3 
448276 1255474 10804002 149254 
2 4 0 3 1 
469024 1149070 10214838 143734 
2 0 4 3 1 
493218 1243124 9398100 186500 
2 0 4 1 3 
505248 1135490 8287920 175478 
4 0 2 1 3 
580470 1544412 8438760 156672 
2 1 4 0 3 
1171038 1263888 3011976 94504 
4 1 2 0 3 
1255126 1520840 2996910 64518 
2 3 4 0 1 
1290558 1261656 2994702 91882 
2 1 4 3 0 
1304574 1231904 9233880 160520 
4 3 2 0 1 
1394614 1518632 3010776 67044 
0 2 3 1 4 
1408510 810590 10334116 199700 
2 3 4 1 0 
1436124 1122038 8106426 146876 
0 2 1 3 4 
1458634 809480 10333264 199676 
3 0 2 4 1 
1509040 1228474 8986468 120018 
0 3 2 4 1 
1545014 764898 2440100 53314 
0 1 2 4 3 
1597226 763812 2470388 58438 
