36 4
4 3 2 0 1 
1896092 262696 368464 12654002 
4 0 2 3 1 
1896612 148592 285860 10791704 
4 0 1 3 2 
1984050 136632 279570 23253164 
4 3 1 0 2 
1986858 116592 272190 13017926 
4 1 2 3 0 
2284776 156152 229996 20990352 
1 0 4 2 3 
2310282 139462 239196 23119438 
1 2 4 0 3 
2311062 79118 202598 20234900 
2 0 4 3 1 
2378712 143850 303392 10655220 
1 0 3 2 4 
2420236 227918 295582 8042002 
4 3 1 2 0 
2491060 117924 268256 13001240 
1 3 0 2 4 
2678540 230630 330858 7673594 
2 1 0 3 4 
2702002 133902 260600 17522178 
4 2 0 3 1 
2763332 148244 271482 10689316 
1 4 3 2 0 
2805634 186614 227702 13728344 
4 0 2 1 3 
2823302 144110 221938 10320588 
2 3 1 0 4 
2840862 117982 303716 12648332 
1 4 0 2 3 
2931370 136866 196134 23330882 
1 2 0 4 3 
2933086 142258 208286 17033760 
0 3 1 2 4 
3032080 118742 301902 7271546 
1 0 3 4 2 
3038772 227042 275964 7721366 
0 2 4 3 1 
3068662 83626 266868 10380024 
0 3 1 4 2 
3135184 115564 272420 7059912 
0 4 2 3 1 
3193398 81628 237832 10605146 
1 4 2 0 3 
3301398 77742 173290 20248484 
1 0 2 4 3 
3302334 143478 222040 16835900 
2 0 4 1 3 
3353612 139422 237790 10195084 
4 1 3 0 2 
3469194 112150 194444 13318004 
3 4 1 2 0 
3512714 92420 233252 13199324 
3 2 4 0 1 
3592146 81222 271054 12102476 
4 2 0 1 3 
3681574 143530 204264 10245488 
4 1 3 2 0 
3964948 113250 187214 13328606 
0 2 4 1 3 
3970834 78894 200210 9932536 
0 4 2 1 3 
4101906 77070 173646 10137192 
0 1 3 2 4 
4477392 114110 221782 7598914 
0 1 3 4 2 
4586832 111106 194772 7366814 
3 1 0 4 2 
5454612 131432 212392 7361154 
