31 3
4 2 1 0 5 3 
1308942 9282126 12252642 
4 2 3 0 5 1 
1367274 9648304 12182956 
2 4 1 0 5 3 
1377820 7124560 8986702 
2 4 3 0 5 1 
1427128 7096646 9056732 
5 4 1 0 2 3 
1431934 6522784 9235318 
2 0 3 4 5 1 
1452702 6687164 8818880 
5 4 3 0 2 1 
1470756 6363214 9305194 
2 0 1 4 5 3 
1484214 6095518 8958352 
5 0 3 4 2 1 
1566510 5953248 7558956 
5 0 1 4 2 3 
1608508 5493258 7698582 
5 0 1 2 4 3 
1856554 5309864 8581154 
5 4 1 2 0 3 
1863344 5317430 7508510 
5 4 3 2 0 1 
1875208 5223758 7578476 
2 0 1 5 4 3 
2086562 5204102 9031538 
2 1 0 4 5 3 
3902654 3768934 6500428 
5 1 0 4 2 3 
3942106 3166674 5240658 
5 1 0 2 4 3 
4189632 3090764 6644114 
5 1 3 4 2 0 
4329684 6025570 4402768 
5 3 0 4 2 1 
4389036 3257256 5074236 
5 3 0 2 4 1 
4690718 2999942 6237104 
5 3 1 4 2 0 
4818612 5656162 4375972 
5 3 4 0 2 1 
4928416 3075020 6007886 
5 3 4 2 0 1 
5329348 2663148 7807152 
5 3 1 0 2 4 
5337018 5280212 4935560 
5 1 4 2 0 3 
5541278 2584518 7783890 
5 1 2 0 4 3 
7381980 2611884 7503972 
5 1 2 4 0 3 
7562464 2185220 7779488 
5 3 2 0 4 1 
7672472 2486844 7120092 
5 3 2 4 0 1 
7771722 2332286 7756490 
5 3 0 1 2 4 
8330656 4937912 4792880 
5 1 0 3 2 4 
8352394 4721966 4968650 
