29 2
0 9 6 7 8 1 4 3 5 2 
536012 71474344 
0 9 8 1 4 6 7 3 5 2 
539912 58961812 
0 9 1 8 4 6 7 3 5 2 
543228 57606820 
0 9 6 4 7 1 8 3 5 2 
544740 55424970 
2 9 6 4 8 1 7 3 5 0 
544930 46779254 
5 2 1 8 4 6 7 3 0 9 
658404 46617506 
5 2 6 4 8 7 1 3 0 9 
658704 45121106 
9 2 6 4 8 7 1 3 0 5 
660674 43515776 
5 2 6 4 8 1 7 3 0 9 
663480 39290616 
9 2 6 4 8 1 7 3 0 5 
665554 37500270 
9 0 6 4 8 1 7 3 2 5 
701880 37389520 
9 6 2 0 8 1 7 5 4 3 
743736 35995256 
5 6 2 0 8 3 7 9 4 1 
755854 33942934 
5 0 6 4 8 3 7 9 2 1 
789596 33177422 
3 6 2 0 1 5 8 9 4 7 
863798 32588216 
9 2 6 4 1 5 8 3 0 7 
927962 32517764 
9 0 6 4 1 5 8 3 2 7 
969588 32426092 
5 6 2 0 1 3 8 9 4 7 
986942 31528428 
9 6 2 0 1 3 8 5 4 7 
992312 30908720 
9 4 2 0 1 3 8 5 6 7 
1120684 30898786 
5 1 6 4 2 0 7 9 8 3 
1312428 30640556 
3 1 2 0 6 9 4 5 8 7 
1378458 30581552 
0 3 6 4 5 9 1 2 8 7 
1510996 30427138 
0 7 6 4 5 9 1 2 8 3 
1642640 29095272 
4 1 0 2 5 9 3 6 8 7 
1870166 28741120 
4 3 0 2 5 9 1 6 7 8 
2000522 28688884 
4 8 0 2 5 9 3 6 1 7 
2029420 28563836 
4 8 0 2 5 9 1 6 7 3 
2039460 27865664 
4 7 0 2 5 9 1 6 8 3 
2060904 27555662 
