41 2
0 2 1 5 3 4 6 
2800872 20710858 
0 2 6 5 3 4 1 
2827900 20706932 
0 2 3 5 6 4 1 
2987646 20695132 
5 2 1 0 3 4 6 
3146268 16280654 
5 2 6 0 3 4 1 
3169916 16277468 
5 2 3 0 6 4 1 
3326078 16266408 
4 5 1 2 3 0 6 
3564876 14596304 
4 5 6 2 3 0 1 
3594566 14591158 
2 5 1 4 3 0 6 
3719664 12911056 
2 5 6 4 3 0 1 
3747664 12906280 
5 2 1 0 4 3 6 
4279118 11726112 
5 2 6 0 4 3 1 
4302766 11722926 
2 5 6 4 0 3 1 
4515014 9674616 
2 5 6 4 0 1 3 
4937198 9457474 
2 5 1 4 0 6 3 
4983070 9307566 
2 5 3 4 0 6 1 
5092000 9281326 
2 0 1 4 5 6 3 
5472312 9280918 
2 0 3 4 5 6 1 
5647242 9262750 
4 5 1 3 2 0 6 
5764506 9179402 
4 5 6 3 2 0 1 
5810682 9174626 
0 2 1 3 5 4 6 
5879454 9080648 
0 2 6 3 5 4 1 
5906482 9076722 
0 5 1 3 2 4 6 
6191216 8978260 
0 5 6 3 2 4 1 
6234744 8976352 
2 1 5 4 3 6 0 
6448430 8660256 
1 5 2 0 6 3 4 
6499126 8152362 
3 5 2 0 1 6 4 
6631956 8117924 
3 5 2 0 6 1 4 
6658408 8105672 
0 5 2 1 6 3 4 
6682060 5860076 
0 5 2 6 1 3 4 
6737912 5725802 
1 5 2 3 6 0 4 
6792034 5338688 
6 5 2 1 3 0 4 
6802754 5154956 
1 5 2 6 3 0 4 
6806960 5154114 
6 0 4 1 5 3 2 
7388968 2292490 
1 0 4 6 5 3 2 
7399924 2139930 
1 5 2 6 0 3 4 
7644512 2068534 
3 4 0 1 2 6 5 
9327520 1989472 
3 2 5 1 4 6 0 
9358620 1932678 
6 2 5 1 4 3 0 
9410692 1895338 
3 4 0 6 2 1 5 
9413060 1835088 
1 2 5 6 4 3 0 
9419416 1743180 
