55 3
0 5 4 1 3 2 
688242 8544264 31892588 
0 5 2 1 3 4 
688362 9971348 31624314 
0 4 5 1 3 2 
690722 10077742 30959638 
0 4 2 1 3 5 
690890 8284846 31315994 
0 2 4 1 3 5 
691192 7006762 40125400 
0 5 4 3 1 2 
761250 8253666 30044478 
0 5 2 3 1 4 
761346 9945242 29841856 
0 2 4 3 1 5 
764200 6825798 39483586 
4 2 0 3 1 5 
847842 7370136 31184232 
4 0 5 3 1 2 
848840 10847666 28623210 
4 0 2 3 1 5 
849036 8092796 28839326 
4 2 0 1 3 5 
884364 7072516 31810170 
4 0 2 1 3 5 
885546 7974408 30015074 
1 5 4 0 3 2 
919654 7637196 26903630 
1 5 2 0 3 4 
919670 9213312 26757270 
3 5 4 0 1 2 
1038910 7495042 26898934 
3 2 4 0 1 5 
1042068 6715094 45294106 
3 2 5 4 1 0 
1179382 10820950 25306732 
3 2 0 4 1 5 
1179534 6253774 25714696 
2 4 0 1 3 5 
1237178 7040964 25466300 
2 4 5 1 3 0 
1237194 11003396 24815872 
1 2 5 4 3 0 
1239040 10418844 25289362 
1 2 0 4 3 5 
1239208 5982140 25703582 
4 5 1 0 3 2 
1480000 5608358 32003410 
4 2 1 0 3 5 
1481574 5514408 41222654 
4 5 3 0 1 2 
1562656 5534152 31560084 
0 2 1 4 3 5 
1604770 4595960 29943336 
0 2 3 4 1 5 
1617844 4536940 28464028 
5 0 4 1 3 2 
1625024 8174716 17185658 
5 0 2 1 3 4 
1625144 9391200 16896870 
5 0 4 3 1 2 
1746696 7910390 16063572 
5 0 2 3 1 4 
1746792 9391366 15840436 
1 4 0 2 3 5 
1815826 6083448 25553356 
5 2 1 3 0 4 
1989846 7372628 23920832 
5 1 4 3 0 2 
1990102 8969532 10682782 
5 1 2 3 0 4 
1990146 9956274 10432476 
5 4 1 3 0 2 
1990828 6681822 24107796 
5 3 2 1 0 4 
2109438 10013046 10406012 
5 4 3 1 0 2 
2110006 6355436 23135956 
0 4 1 2 3 5 
2181440 4450450 29792928 
5 1 4 0 3 2 
2221416 7300118 17450572 
0 4 3 2 1 5 
2313758 4459350 28313572 
5 3 4 0 1 2 
2462332 7128948 16355134 
5 2 1 4 3 0 
2539046 5741618 17408150 
5 2 0 4 3 1 
2539214 6913098 17042104 
5 2 3 4 1 0 
2600904 5630606 16520050 
5 2 0 4 1 3 
2601008 7199314 16191256 
5 2 1 4 0 3 
3101876 7239964 11757354 
5 2 3 4 0 1 
3101940 6842736 11720102 
5 4 1 2 3 0 
3115560 5092150 17602424 
5 4 3 2 1 0 
3296662 5049058 16714276 
5 4 0 2 1 3 
3296710 6660214 16447446 
5 4 1 2 0 3 
3539216 6553704 12013648 
5 4 3 2 0 1 
3539232 6192860 12029508 
2 0 3 5 1 4 
3597858 5014234 27583548 
