34 3
4 3 2 0 5 1 
5467606 36894076 2323762 
4 0 2 3 5 1 
5467696 33062040 3140020 
4 0 5 3 2 1 
5471754 33086920 2765278 
4 1 5 3 2 0 
5717342 22390364 2360746 
4 3 5 1 2 0 
5721662 28481616 1889556 
4 1 2 3 5 0 
5743158 20334520 2709592 
4 3 2 1 5 0 
5746038 26734540 1993282 
4 1 2 0 5 3 
6003858 25964150 1993866 
4 0 5 1 2 3 
6024582 27415030 1953568 
4 0 5 2 1 3 
6314314 28284248 1809926 
4 5 1 3 2 0 
6416716 26857620 1851268 
2 1 4 3 5 0 
6663778 23117608 2104068 
2 3 4 1 5 0 
6666658 29828098 1435368 
4 2 1 0 5 3 
6703920 20910814 1779142 
4 1 5 3 0 2 
6833434 19140070 2255692 
5 3 4 1 2 0 
6994814 26893922 1422872 
2 3 4 1 0 5 
7168266 27687640 1365236 
1 5 4 2 3 0 
7218090 22212226 1212364 
4 2 1 5 0 3 
8159476 18577372 1728592 
4 5 1 2 0 3 
8162266 18411092 1851708 
5 1 4 0 3 2 
8679766 21739722 1711492 
1 4 0 2 3 5 
9146500 19422706 1718396 
1 4 0 5 3 2 
9258020 17212856 2172880 
1 5 0 4 3 2 
9258830 20524198 1676728 
1 4 5 2 3 0 
9420484 18760202 1447366 
1 2 5 4 3 0 
9423454 22755714 1185738 
1 4 5 2 0 3 
9803558 18664558 1448604 
1 2 5 4 0 3 
9803738 22676004 1186294 
1 4 2 5 3 0 
10221732 16463428 1374354 
1 5 2 4 3 0 
10222542 19493010 1107672 
2 4 1 5 0 3 
11638664 14684836 1535392 
2 5 1 4 0 3 
11641634 17288122 1205758 
0 2 5 4 3 1 
15375826 19589290 1101428 
3 1 5 4 0 2 
15954164 18431772 1139472 
