153 4
0 2 1 4 5 3 
3980874 24025228 13362484 1464798 
0 4 1 2 5 3 
4110288 27278846 12822554 1461416 
0 2 3 4 5 1 
4248024 24025240 12957076 1551390 
0 5 1 4 2 3 
4325874 42686958 11250618 1713636 
0 4 3 2 5 1 
4356258 27278858 12513746 1548008 
0 5 3 4 2 1 
4531130 42686970 11200110 1739622 
1 5 0 4 2 3 
4591240 36323472 11135508 1732780 
4 0 3 2 5 1 
4591294 29677632 12438148 1858964 
0 4 1 5 2 3 
4595378 42993178 9784102 1657724 
1 4 0 5 2 3 
4608888 47284684 10836112 1629636 
4 5 3 0 2 1 
4714286 32341074 11737018 1477090 
0 5 1 2 4 3 
4764768 42799530 8985318 1382234 
1 2 0 4 5 3 
4767800 17661624 10263272 1444884 
1 2 0 5 4 3 
4803448 44143664 9768256 1310222 
1 4 0 2 5 3 
4851740 22839060 9934072 1432974 
1 5 0 2 4 3 
4869740 38359888 9738452 1401456 
0 5 3 2 4 1 
4895792 42799542 9335610 1356272 
0 2 1 5 4 3 
4904858 39852132 8058732 1329704 
0 2 3 5 4 1 
5011172 39852144 8521724 1303742 
3 2 0 4 5 1 
5022860 18105582 10245482 1529556 
3 2 0 5 4 1 
5058066 42663778 9750622 1282262 
3 4 0 2 5 1 
5106608 22395102 9915622 1521582 
3 5 0 2 4 1 
5124582 37915904 9721588 1368904 
3 5 4 2 0 1 
5191636 37923834 10539518 1271810 
4 5 3 2 0 1 
5272282 33188378 8564146 1295832 
1 5 4 2 0 3 
5319240 38367818 10529490 1226386 
4 2 3 5 0 1 
5398794 48132524 8063408 1242576 
3 2 1 4 5 0 
5509232 18105642 13258342 1278534 
1 2 3 4 5 0 
5521322 17661696 12870724 1280454 
4 5 1 2 0 3 
5529410 33188384 9298192 1243890 
3 2 4 5 0 1 
5559510 42656946 8920290 1263818 
1 4 3 2 5 0 
5629972 22839132 12428824 1268544 
3 4 1 2 5 0 
5638870 22395162 12719182 1270560 
4 2 1 5 0 3 
5680632 48132530 8684754 1190634 
1 2 4 5 0 3 
5687338 44136832 8911032 1213802 
3 5 4 0 2 1 
5719384 24053586 7835046 1452540 
1 5 4 0 2 3 
5847090 24941534 7824982 1433108 
3 0 4 5 2 1 
5939548 35450826 6791194 1389678 
1 0 4 5 2 3 
6067382 36930718 6781570 1367622 
2 5 3 0 4 1 
6450056 35594162 11862334 1173516 
2 5 1 0 4 3 
6485532 35594156 11673088 1199484 
1 5 3 0 2 4 
6667256 24941620 11602408 1156138 
2 0 3 5 4 1 
6733094 38412972 10409560 1123352 
2 0 1 5 4 3 
6782690 38412966 10155914 1149320 
3 5 1 0 2 4 
6833794 24053678 12146118 1149602 
0 5 4 2 1 3 
6871634 42803800 9508992 965948 
2 5 3 0 1 4 
6936844 35587992 6615208 1155598 
2 1 3 5 0 4 
6953240 43767878 6554998 1598660 
1 0 3 5 2 4 
6954618 36930804 10253096 1090652 
2 5 1 0 3 4 
6974582 35587260 6747432 1175090 
0 5 4 2 3 1 
7013612 42803446 10002902 959472 
4 0 3 1 5 2 
7108600 16364188 12392436 1561000 
4 2 0 5 1 3 
7126188 48136068 9221088 911068 
3 0 1 5 2 4 
7135148 35450918 10731966 1086740 
4 5 0 2 1 3 
7186776 33184724 9030828 1002674 
2 0 3 5 1 4 
7218502 38409608 5105440 1090484 
0 2 4 5 1 3 
7234304 39848838 7737842 953718 
4 2 0 5 3 1 
7262880 48134842 8621114 909070 
2 0 1 5 3 4 
7270600 38408388 5183176 1112576 
4 0 1 3 5 2 
7291432 15697580 13145960 1529028 
4 5 0 2 3 1 
7323048 33184352 8413508 996126 
0 2 4 5 3 1 
7376702 39847630 8249098 951792 
1 0 2 3 5 4 
7388668 8890032 15193236 1643576 
1 5 2 0 4 3 
7436384 24938850 7693938 1192774 
1 3 2 0 5 4 
7512850 14215210 14685618 1632310 
1 0 2 5 4 3 
7516666 36932792 7181784 1101938 
3 5 2 0 4 1 
7563642 24050902 7686074 1160222 
3 0 2 5 4 1 
7643796 35452900 7173480 1072010 
0 4 2 1 5 3 
7822824 16622490 13698454 1461496 
5 2 1 4 0 3 
7860852 32601648 12283156 797136 
1 2 4 3 5 0 
7971952 17210242 14894026 1451694 
5 4 1 2 0 3 
7986678 30088570 11642294 793988 
3 5 2 0 1 4 
8101784 24044894 12440018 1142952 
4 5 3 0 1 2 
8168456 32332290 6525918 1469990 
3 0 4 1 5 2 
8168814 10000656 17657976 1524550 
2 1 0 3 5 4 
8271258 14442456 11507412 1529426 
2 3 0 1 5 4 
8292894 14887634 11381498 1520958 
2 4 3 1 5 0 
8313556 22838056 16617048 1268708 
3 1 4 0 5 2 
8327744 14436698 17018342 1523720 
5 2 3 4 1 0 
8330706 32596364 8526976 829364 
1 0 4 3 5 2 
8335314 8890102 17805206 1496460 
5 4 3 2 1 0 
8434572 30084872 7950500 817766 
4 0 3 5 1 2 
8451362 40925360 5020440 1379292 
4 5 1 0 3 2 
8461158 32331558 6640214 1437498 
1 5 0 3 2 4 
8471996 23122974 13563102 1257900 
2 1 3 4 5 0 
8478476 17661840 15778940 1274118 
1 3 4 0 5 2 
8484206 14215280 17184888 1485194 
5 2 1 4 3 0 
8633172 32596730 8597722 775398 
4 0 1 5 3 2 
8758424 40924140 5080248 1349400 
5 4 1 2 3 0 
8758578 30084506 7939514 767700 
1 5 4 3 2 0 
8865136 23122960 9756728 1820656 
4 0 2 3 5 1 
8877622 15697580 15083060 1442448 
4 0 2 1 5 3 
8916550 16364194 15266382 1387846 
3 1 2 4 5 0 
9105404 18105492 14078984 1222914 
4 1 0 3 5 2 
9205070 10150734 11445466 1359178 
3 4 2 1 5 0 
9223822 11294842 13604082 1270640 
4 3 0 1 5 2 
9226514 9707996 11318892 1354646 
0 1 2 3 5 4 
9236464 7782998 17288390 1502194 
0 3 2 1 5 4 
9247606 8672134 17211106 1491758 
1 4 5 2 0 3 
9458884 22836742 10903806 727830 
0 3 4 1 5 2 
9497462 8672178 19012510 1344616 
0 1 4 3 5 2 
9507500 7783042 18993194 1355052 
1 2 5 4 0 3 
9514954 17654548 10701748 765090 
4 0 2 5 3 1 
9540434 40924140 11359348 700050 
2 0 4 5 1 3 
9565866 38409672 10670064 718254 
2 0 4 5 3 1 
9568368 38408458 11001446 714378 
3 2 5 4 0 1 
9939990 18098506 10672006 815106 
5 2 0 4 1 3 
9949224 32596402 12546034 517714 
3 4 5 2 1 0 
9950546 22389184 14293220 754064 
5 4 0 2 1 3 
10028380 30084910 12082258 506116 
1 5 2 3 4 0 
10219468 23119422 9620014 1640984 
1 4 5 2 3 0 
10265654 22832788 13991876 701982 
1 2 5 4 3 0 
10322144 17649740 13807164 743792 
0 4 5 1 2 3 
10623546 16617732 14901116 1118574 
0 4 5 2 1 3 
10759134 27272868 14232252 468400 
5 4 0 2 3 1 
10770868 30084564 12244392 508018 
0 2 5 4 1 3 
10816400 24012906 14063838 505582 
4 0 5 1 2 3 
11071374 16359436 15280340 1123332 
0 4 5 3 2 1 
11238440 16284126 15224566 1160610 
4 0 5 3 2 1 
11267408 15693676 15102688 1117272 
2 3 4 1 5 0 
11326222 14887764 18879028 1036240 
2 1 4 3 5 0 
11336356 14442586 18860042 1044708 
0 4 5 2 3 1 
11499086 27272514 13900506 470270 
0 2 5 4 3 1 
11555992 24013284 13717224 503552 
0 2 3 4 1 5 
11600734 24013022 8297094 1518684 
4 0 5 3 1 2 
11731888 15684526 14027302 1070392 
4 0 5 1 3 2 
11856118 16349914 13333586 1072472 
4 1 5 3 0 2 
11988160 10141340 12594172 1141758 
4 1 2 3 5 0 
11999132 10150820 17093292 1021602 
4 3 2 1 5 0 
12009986 9708082 17015018 1017070 
4 3 5 1 0 2 
12023964 9698114 12413110 1139826 
0 2 1 4 3 5 
12073176 24013388 8355888 1430062 
1 3 5 0 2 4 
12350584 14217650 15228334 736166 
1 0 5 3 2 4 
12413082 8886128 15027608 781232 
2 1 5 3 0 4 
12711614 14433062 12539586 974110 
2 3 5 1 0 4 
12747610 14877752 12359184 968242 
2 4 5 1 0 3 
12862504 22828108 15017600 728124 
5 1 0 3 2 4 
12914096 19174448 18243452 654756 
5 3 0 1 2 4 
12936376 20654674 18135654 646246 
2 1 5 4 0 3 
12958974 17654698 14428398 718584 
5 1 0 3 4 2 
13135048 19170876 15623592 631830 
5 3 0 1 4 2 
13157688 20650370 15530662 627220 
0 1 2 3 4 5 
13197220 7775560 11343108 1453422 
1 3 5 0 4 2 
13202058 14215036 18185912 717452 
0 3 2 1 4 5 
13209142 8663110 11298038 1451436 
0 3 4 1 2 5 
13212960 8667380 10889104 1323008 
0 1 4 3 2 5 
13222578 7779098 10852442 1328894 
1 0 5 3 4 2 
13264976 8882660 18002532 767068 
2 1 5 4 3 0 
13626268 17649884 17353940 695336 
0 1 5 3 2 4 
14575820 7779094 17702378 601618 
0 3 5 1 2 4 
14612092 8667376 17529740 595732 
0 1 5 3 4 2 
14821498 7775600 19897848 579004 
0 3 5 1 4 2 
14858130 8663150 19740078 577018 
