44 3
4 2 0 3 5 1 
3193640 1942758 2831456 
4 2 0 5 3 1 
3204086 1943142 2823158 
4 2 0 1 5 3 
3302978 1567790 3466712 
4 2 0 1 3 5 
3341522 1193758 3674966 
4 2 0 5 1 3 
3345338 1569518 3451568 
4 2 0 3 1 5 
3373436 1195102 3668120 
3 0 2 1 5 4 
3423640 1572950 3439236 
5 0 2 1 3 4 
3548176 1202746 3662470 
1 0 2 4 5 3 
3707950 853146 5224734 
1 2 0 4 5 3 
3707986 853142 5227478 
3 0 2 4 5 1 
3739546 854486 5197636 
3 0 2 5 4 1 
4000044 865934 5193494 
1 0 2 4 3 5 
4119112 809286 6905130 
5 2 0 4 3 1 
4161316 811014 6880034 
3 0 2 4 1 5 
4558156 672866 8557972 
3 0 2 1 4 5 
4647054 676682 8546726 
1 5 3 2 0 4 
5914424 1999626 1303318 
1 3 5 2 0 4 
5914532 1999710 1302142 
4 1 5 0 2 3 
7019580 1642784 1297786 
3 5 1 2 0 4 
7108598 1646684 1286028 
3 1 5 2 0 4 
7108742 1646828 1281324 
5 3 1 2 0 4 
7498484 1279630 1294166 
5 1 3 2 0 4 
7498520 1279690 1290638 
0 5 3 1 4 2 
7688982 391390 8592410 
0 3 5 1 4 2 
7689042 391358 8599466 
0 5 3 4 1 2 
7742244 393654 8583256 
0 3 5 4 1 2 
7742304 393622 8590312 
0 1 5 4 3 2 
8351854 404392 6900886 
2 1 3 5 4 0 
8431008 412694 5217818 
2 1 5 3 4 0 
8441046 408320 6897520 
1 4 5 0 2 3 
10350214 985670 1308624 
3 4 5 0 2 1 
10535694 993846 1298916 
3 4 5 2 0 1 
10560644 994934 1297602 
0 5 4 1 3 2 
10916628 459350 3703308 
0 5 4 3 1 2 
11102072 467466 3696716 
2 4 5 3 1 0 
11127028 468554 3695854 
2 4 3 1 5 0 
14179006 521050 3498106 
0 4 3 5 1 2 
14271890 525186 3497730 
2 4 3 5 1 0 
14296768 526226 3496316 
5 4 1 0 2 3 
16785874 914354 1317096 
5 1 4 0 2 3 
16785898 914270 1326896 
3 4 1 2 0 5 
16878482 918326 1314964 
0 1 4 5 3 2 
17152692 573946 2872228 
0 1 4 3 5 2 
17245504 578034 2871752 
