62 4
5 0 1 4 2 3 
1653798 4387602 7189764 23765738 
5 3 1 4 2 0 
1653800 4360170 7485046 24688316 
2 3 0 4 5 1 
1653826 3518098 8467682 16966670 
2 3 1 4 5 0 
1654042 4189270 7719956 24803060 
2 0 1 4 5 3 
1654150 4204492 6849924 23638922 
5 3 0 4 2 1 
1654988 2829906 8155318 16904108 
4 3 0 2 5 1 
1656426 3603126 8327632 16810992 
4 3 5 2 0 1 
1657300 3605176 7481146 16418676 
5 3 2 4 0 1 
1657724 2832738 6327464 16129080 
2 3 5 4 0 1 
1657740 3518388 6479180 15810674 
2 0 5 4 3 1 
1661236 3717800 5968424 16896290 
5 1 2 4 3 0 
1661286 4270070 5968594 16635790 
5 2 1 4 3 0 
1661704 2866850 6232826 17813242 
1 0 5 4 3 2 
2010856 3821596 5720640 17076344 
3 2 5 1 4 0 
2454272 2556526 9358952 21189064 
3 0 5 1 4 2 
2454302 2566210 8178684 18491174 
3 2 4 1 0 5 
2456800 2876716 6221210 14306626 
3 5 4 1 0 2 
2456848 2880968 5975488 14222278 
3 2 5 1 0 4 
2457124 3106984 7540400 12363868 
3 2 4 1 5 0 
2457274 2556486 7033156 18195434 
3 0 4 1 5 2 
2457304 2566290 6223358 16489854 
3 2 0 1 5 4 
2457922 3106310 7993662 13942680 
3 5 2 1 0 4 
2458036 2411664 7792888 12702166 
3 5 0 1 2 4 
2459138 2412672 7639376 13755586 
5 3 4 2 0 1 
2555292 2882082 5717836 14247150 
2 0 4 5 3 1 
2559868 3596072 5522016 15516598 
2 3 4 5 0 1 
2560020 2845908 5942436 14428582 
0 2 4 1 3 5 
2953268 3371676 5702740 14142652 
0 2 5 1 3 4 
2954456 3073272 6974266 12232006 
1 5 2 0 3 4 
2961670 3666626 7188284 12199284 
0 3 2 4 5 1 
3100498 2548296 6395658 16160010 
0 3 5 4 2 1 
3101676 2545754 6235010 15779042 
0 5 1 4 3 2 
3108222 2490500 6727950 16620576 
0 2 1 4 3 5 
3108284 2483558 6207578 15960356 
1 0 4 5 3 2 
3108880 3691444 5362800 15947876 
0 3 5 2 4 1 
3201448 2243040 7545916 16445256 
0 3 4 2 5 1 
3202930 2245128 5754222 14277600 
2 3 5 0 4 1 
3204206 2208178 10818030 18656362 
2 5 3 0 1 4 
3206222 2147088 10893624 17030444 
2 4 3 0 1 5 
3206258 2182370 10858262 17231500 
0 5 3 2 1 4 
3207382 2054618 12356268 18079622 
0 4 3 2 1 5 
3207448 2068600 12152456 18165628 
2 3 4 0 5 1 
3208538 2208616 7955696 15772756 
2 5 1 0 3 4 
3211086 2149586 6731880 12316818 
0 5 1 2 3 4 
3213006 2056676 7909020 13175076 
0 1 4 2 3 5 
3213186 3622070 5224082 15144162 
0 1 5 2 3 4 
3214374 3231858 6152224 12388084 
3 1 2 4 5 0 
4250016 2791060 5699558 16583524 
3 1 2 4 0 5 
4254406 3091834 5423132 16243068 
3 1 4 5 2 0 
4700472 2486304 5711264 16456204 
3 0 4 5 1 2 
4702174 2709404 5732956 16013918 
3 1 4 5 0 2 
4707190 3306026 5186602 16381328 
5 2 1 3 0 4 
4707362 2437330 6075948 11672156 
3 1 2 5 0 4 
4708378 2561298 5973850 12324920 
0 3 4 5 2 1 
4749396 2203754 5728086 14397400 
0 2 3 5 1 4 
4752632 2047148 10292824 16735722 
0 2 1 5 3 4 
4755824 2049686 7006056 12668968 
5 2 1 0 3 4 
4757248 2119276 6704522 12427676 
0 2 1 3 5 4 
5154912 2506144 6217678 11671886 
3 1 4 2 5 0 
5897736 2426176 5672770 16459472 
3 1 4 2 0 5 
5899694 3113158 5073880 15114600 
2 5 1 3 0 4 
5904930 2412860 6069096 11812208 
