46 2
3 7 0 6 2 5 4 8 1 9 
15958754 32969992 
7 1 0 9 2 5 4 8 3 6 
16120456 31602096 
7 1 0 9 2 5 4 6 3 8 
16404420 31301560 
1 7 5 9 2 0 4 8 3 6 
16722644 31038660 
1 7 5 9 2 0 4 6 3 8 
17023080 30882636 
3 7 0 8 2 5 4 9 6 1 
17106796 28276754 
3 0 7 8 2 5 4 9 6 1 
17914770 27679766 
3 0 7 8 5 2 4 9 6 1 
17966920 27186316 
7 0 3 8 5 2 4 9 6 1 
18106824 26937958 
5 4 2 9 7 0 1 8 3 6 
18784058 26152080 
5 7 0 9 4 2 1 8 3 6 
19201194 24333564 
7 5 0 9 4 2 1 8 3 6 
19431090 23368442 
5 0 7 9 4 2 1 8 3 6 
19639298 22458952 
0 5 7 9 4 2 1 8 3 6 
19878454 22442136 
7 5 0 9 4 2 1 6 3 8 
19991754 22289500 
5 0 7 9 4 2 1 6 3 8 
20254952 21358268 
0 5 7 9 4 2 1 6 3 8 
20479842 21341424 
0 7 3 2 6 9 8 4 5 1 
20821844 18429488 
0 7 3 2 8 6 9 4 5 1 
21281660 17088652 
0 7 3 2 6 8 9 4 5 1 
21574840 16713724 
0 3 7 5 8 6 9 4 2 1 
22172904 16525458 
0 3 7 2 8 6 9 4 5 1 
22173138 15670168 
7 3 0 2 8 6 9 4 5 1 
22333968 15613562 
0 3 7 2 6 8 9 4 5 1 
22466234 15379872 
7 3 0 2 6 8 9 4 5 1 
22627064 15297682 
5 3 7 2 8 6 9 4 0 1 
23277564 15038234 
5 3 7 2 6 8 9 4 0 1 
23570660 14883724 
0 7 3 4 9 1 8 5 2 6 
25741648 14762460 
7 1 0 4 3 9 8 5 2 6 
26080082 14409142 
1 7 0 4 3 9 8 5 2 6 
26139888 14393020 
7 1 0 4 3 9 6 5 2 8 
26681610 14334388 
1 7 0 4 3 9 6 5 2 8 
26753414 14314932 
5 1 7 2 3 9 8 4 0 6 
26840938 14015772 
7 1 0 2 3 9 8 4 5 6 
27268594 13942286 
7 1 5 2 3 9 8 4 0 6 
27453492 13659544 
7 1 0 2 3 9 6 5 4 8 
29265494 13646114 
0 1 7 2 3 9 6 5 4 8 
29560198 13613622 
4 1 7 2 3 9 8 5 0 6 
29563748 13384418 
4 1 7 2 3 9 6 5 0 8 
30405950 13350184 
4 1 5 0 3 9 6 7 2 8 
30953698 13205748 
4 1 5 0 3 9 8 7 2 6 
31298632 13144854 
4 1 5 0 3 9 8 2 7 6 
33785996 12745654 
3 9 2 7 6 8 5 0 1 4 
34936828 12467826 
4 1 7 2 3 9 6 0 5 8 
35112206 12406416 
7 1 5 0 3 9 8 2 4 6 
35856028 12395246 
1 9 0 3 6 8 4 7 5 2 
46389536 12367828 
