64 3
2 5 3 1 0 4 
2789594 5400676 2345838 
2 4 3 5 0 1 
2798510 5260934 2489550 
2 5 3 4 0 1 
2845008 4012994 2919834 
2 5 0 4 3 1 
2913050 4245778 2833610 
2 5 0 1 3 4 
2968356 3305620 3121854 
0 5 3 1 2 4 
3022320 5174430 2345250 
0 4 3 5 2 1 
3063470 5177654 2271774 
0 4 3 1 2 5 
3064856 5169370 2552526 
2 4 0 5 3 1 
3092404 3776936 3039228 
5 0 1 2 3 4 
3134634 3879618 2951184 
5 4 1 2 3 0 
3199758 3793598 2902060 
0 5 2 1 3 4 
3225056 3283060 3045820 
3 2 1 4 5 0 
3252022 2854232 2793794 
3 0 1 2 5 4 
3270076 4536626 2626704 
3 2 1 0 5 4 
3281756 4687354 2557554 
3 2 5 4 1 0 
3291612 4250936 2276450 
3 2 5 0 1 4 
3342106 5647588 2201880 
3 1 2 0 5 4 
3397824 5058694 1497586 
0 3 4 5 2 1 
3490024 4080594 2227574 
2 3 5 4 0 1 
3518638 3979996 2261410 
3 1 0 2 5 4 
3632042 5058694 1475970 
3 1 5 0 2 4 
3767538 2934540 2284380 
5 1 4 0 3 2 
3771068 4459820 2223694 
3 5 2 0 1 4 
3773032 5266696 1180678 
3 0 1 5 2 4 
3805214 4728386 2113512 
5 2 4 1 3 0 
3815016 2483816 3310114 
2 3 4 5 0 1 
3860544 4006274 2082390 
3 5 0 2 1 4 
4005038 5082750 1180090 
5 1 3 0 4 2 
4051516 4954486 2040468 
3 1 5 2 0 4 
4052526 2934540 2262764 
3 2 1 5 0 4 
4072874 4898854 1968328 
3 5 1 0 2 4 
4082396 2182308 2323146 
5 1 2 0 3 4 
4162212 4446430 1441630 
5 1 0 2 3 4 
4163854 4236206 1419342 
3 5 1 2 0 4 
4338376 2202048 2247112 
5 3 2 0 1 4 
4437236 5649112 1125094 
5 3 0 2 1 4 
4439194 5465166 1099802 
5 1 3 0 2 4 
4608576 2846040 2034420 
5 1 3 2 0 4 
4616044 2868600 1925908 
3 5 0 4 2 1 
4649812 3949010 1908398 
5 3 1 2 0 4 
4810122 2584464 2166824 
3 2 4 5 1 0 
4981498 2332642 2236350 
2 0 5 1 3 4 
5075272 3098124 1214000 
2 0 3 1 5 4 
5232310 3010830 1246334 
0 2 5 1 3 4 
5323678 3289332 1192384 
3 5 2 0 4 1 
5363340 3836714 1177822 
3 5 4 0 2 1 
5371324 1741658 1953838 
5 3 2 0 4 1 
5379064 3884516 1122238 
5 3 0 2 4 1 
5381934 4199852 1098542 
0 2 3 5 4 1 
5445278 4332058 1016186 
5 3 4 0 2 1 
5476548 1789460 1898254 
3 5 4 2 0 1 
5654512 1707818 2084182 
2 0 1 5 3 4 
5844114 2782788 1111088 
1 5 3 2 0 4 
5954292 2103768 1845620 
0 2 5 3 4 1 
5976680 4962730 937914 
2 0 3 5 1 4 
6166950 3044670 1014086 
2 0 1 3 5 4 
6761594 2774328 1088090 
2 0 5 3 1 4 
6927392 3123504 958754 
0 2 1 3 5 4 
6966924 2965536 1063386 
0 2 5 3 1 4 
7145252 3314712 934050 
1 3 4 0 2 5 
7729450 1658972 2116030 
1 5 4 0 2 3 
7793130 1643792 2117170 
1 3 4 2 0 5 
8001076 1625132 2221670 
1 5 4 2 0 3 
8043060 1609952 2247514 
