37 2
1 8 2 7 6 5 3 0 4 9 
5024324 26504246 
1 7 2 8 6 5 3 0 4 9 
5026532 26496356 
1 8 2 7 4 5 3 0 6 9 
5244396 25926646 
6 8 2 7 3 5 4 0 1 9 
5308458 24077956 
6 8 0 7 3 5 4 2 1 9 
5312932 23062522 
6 7 0 8 3 5 4 2 1 9 
5322410 22447156 
6 7 2 8 1 5 4 0 3 9 
5577800 21334998 
6 7 0 8 1 5 4 2 3 9 
5581530 20353066 
1 7 2 8 9 4 3 0 5 6 
5861756 19449766 
5 7 2 8 3 4 9 0 1 6 
5942026 17931060 
5 7 0 8 3 4 9 2 1 6 
6005356 17564636 
3 8 5 7 2 4 1 9 0 6 
6146964 17483920 
5 7 2 8 1 4 9 0 3 6 
6158902 17040680 
5 7 0 8 1 4 9 2 3 6 
6222328 16673398 
9 7 2 8 1 4 3 0 5 6 
6386712 15174176 
3 7 6 8 1 2 9 4 5 0 
6836292 14623126 
1 7 6 5 3 2 9 4 8 0 
7387314 14618578 
8 1 5 0 2 4 3 9 7 6 
7502848 13744034 
8 1 9 0 2 4 3 5 7 6 
7568416 13330118 
8 7 5 2 0 4 1 9 3 6 
7670974 13236430 
0 1 5 8 7 4 3 9 2 6 
7698292 12601314 
0 1 9 8 7 4 3 5 2 6 
7763644 11999084 
2 1 9 8 7 4 3 5 0 6 
8094534 11996570 
1 7 9 0 2 4 3 5 8 6 
8133814 11786432 
1 7 9 2 0 4 3 5 8 6 
8356526 11656138 
0 7 9 8 1 4 3 5 2 6 
8521936 11338416 
0 7 9 1 8 4 3 5 2 6 
8646374 11180904 
0 1 9 8 7 4 5 3 2 6 
9039024 10687134 
1 7 9 0 2 4 5 3 8 6 
9095938 10566756 
1 7 9 2 0 4 5 3 8 6 
9321802 10368542 
0 7 9 8 1 4 5 3 2 6 
9793284 10027726 
2 7 9 6 4 8 3 5 0 1 
9828404 9872674 
6 7 9 2 0 8 3 5 4 1 
10065100 9710386 
6 7 5 2 0 8 3 9 4 1 
10172896 9674110 
6 7 9 2 0 8 5 3 4 1 
10667358 8599470 
6 7 5 2 0 8 9 3 4 1 
11040182 8284986 
6 7 9 2 0 8 5 1 4 3 
12538448 8133382 
