25 2
0 4 2 3 1 5 6 
1333164 23878120 
0 4 5 3 1 2 6 
1359828 21029356 
0 4 5 1 3 2 6 
1400376 20997734 
0 2 5 3 1 4 6 
1479226 16495550 
4 2 5 1 3 0 6 
1565964 15294362 
0 5 2 3 1 4 6 
1624970 13125354 
4 5 2 1 3 0 6 
1711722 12797030 
2 5 0 3 1 4 6 
1911560 10888184 
2 5 4 3 1 0 6 
1926344 10465008 
2 5 4 1 3 0 6 
1947136 10396736 
2 5 4 6 1 0 3 
2451470 10064444 
2 5 4 1 6 0 3 
2470860 10063520 
4 5 2 6 0 1 3 
4598010 8131686 
5 4 2 0 6 1 3 
4657440 7678856 
5 4 2 0 1 3 6 
4717252 7487564 
5 2 4 0 6 1 3 
4763102 5526060 
5 2 4 0 1 3 6 
4841124 5051786 
2 5 0 4 1 3 6 
5096766 4631016 
5 2 4 0 3 1 6 
5237014 4422076 
2 5 0 4 3 1 6 
5492656 4051444 
2 5 0 4 3 6 1 
5816268 4022972 
5 2 0 4 3 6 1 
6345458 4005788 
2 5 6 4 0 1 3 
8399244 2524690 
2 5 1 4 0 6 3 
8399772 2407114 
2 5 3 4 0 1 6 
8506436 1714978 
