92 3
0 2 3 6 1 4 5 
12982792 14736834 12356862 
2 5 3 6 1 4 0 
12983572 15534586 11617330 
5 2 3 6 1 4 0 
12983634 13303536 10847454 
0 1 2 4 5 6 3 
13005890 12546526 10508544 
0 3 2 4 5 6 1 
13119258 11822430 15674664 
3 6 2 4 5 1 0 
13230714 16793252 10148060 
0 6 2 4 5 1 3 
13259426 12435630 13776576 
5 3 2 4 1 6 0 
13355378 11120112 13601118 
2 3 5 4 1 6 0 
13366260 10347186 15842630 
3 6 5 4 2 1 0 
13609226 13555618 10124624 
3 6 5 2 4 1 0 
13654098 14297930 9295646 
0 3 1 4 5 6 2 
13690276 10457922 15693888 
5 6 2 4 1 3 0 
13953988 10894954 9704320 
2 6 5 4 1 3 0 
13968518 10095436 12788424 
2 4 3 6 1 5 0 
14017922 14981748 9090408 
3 5 6 1 4 2 0 
14104132 9910526 12783096 
3 2 6 1 4 5 0 
14116626 9532196 14762996 
6 3 5 2 4 1 0 
14302730 12288450 8918352 
3 6 1 4 2 5 0 
14329214 10929108 8746060 
5 4 3 6 1 2 0 
14394946 13152916 8481928 
6 1 5 4 2 0 3 
14477328 13058758 8245786 
3 0 6 1 4 2 5 
14756636 9171066 14373322 
0 2 4 1 6 5 3 
14849872 9649106 11726290 
2 4 1 3 6 5 0 
15027922 13786764 7843176 
6 5 3 1 4 2 0 
15144586 10568942 9230056 
3 0 6 5 4 1 2 
15318110 9256992 13803896 
5 4 3 6 1 0 2 
15320548 13025368 8228534 
1 6 0 2 4 5 3 
15436348 12404940 7822900 
2 4 0 1 6 5 3 
15482984 10847054 7956876 
3 1 6 5 4 2 0 
15516974 10229552 8193500 
6 0 3 1 4 2 5 
15810256 9390538 13728286 
6 1 5 2 4 0 3 
15851332 12385866 7457326 
3 1 6 4 2 5 0 
15885054 9793572 8746752 
3 6 1 2 4 5 0 
15917862 11636308 7916842 
4 2 1 3 6 5 0 
15926046 11832668 7737986 
3 2 6 1 4 0 5 
16137782 8453614 14858726 
3 0 6 1 4 5 2 
16304580 8308384 13953926 
3 1 6 5 4 0 2 
16334094 9148048 8264734 
6 1 5 2 4 3 0 
16433148 11479918 7461870 
5 4 6 3 1 2 0 
16676110 11425262 7158870 
2 4 5 6 1 0 3 
16860838 10635594 7169290 
5 2 4 6 1 0 3 
16887456 8885348 9225312 
1 6 0 2 4 3 5 
16939298 10421742 7938522 
4 2 5 6 1 0 3 
16960564 9604596 7595578 
5 0 4 1 6 2 3 
17027886 8435486 13941672 
2 0 4 1 6 5 3 
17045326 8652910 10837336 
6 3 1 4 2 0 5 
17235360 9029666 9029312 
5 6 2 4 1 0 3 
17274418 8909344 8977918 
5 2 4 1 6 0 3 
17290956 8571684 9689058 
2 0 4 5 6 1 3 
17373336 8279686 10890250 
2 4 5 6 1 3 0 
17543178 10720984 7043652 
5 4 6 3 1 0 2 
17604652 11545682 7024714 
3 5 6 1 4 0 2 
17673232 7969262 12459430 
6 1 3 5 4 2 0 
18520388 9864176 7043964 
3 6 1 5 4 0 2 
18532004 9533172 7830818 
6 1 3 4 2 0 5 
18699054 9302826 7720714 
6 5 3 1 4 0 2 
18713644 8379626 8800382 
4 0 2 5 6 1 3 
18836370 8292872 10850812 
2 5 4 1 6 0 3 
18837780 8403066 8695800 
6 3 1 5 4 0 2 
18931114 8513784 8355406 
2 4 5 1 6 0 3 
18972352 9607150 7557598 
4 2 5 1 6 0 3 
19072078 8658748 8058988 
4 2 5 6 1 3 0 
19189742 9205518 7227830 
5 2 4 6 3 0 1 
19317504 8273734 10078058 
6 1 3 5 4 0 2 
19337466 8534620 7009190 
4 0 2 1 6 5 3 
19484368 8194088 10735762 
1 0 6 5 4 3 2 
19624904 8307368 9346676 
2 0 4 5 6 3 1 
19658812 8033384 10857848 
4 5 1 3 6 0 2 
19919894 11188240 6838578 
5 2 4 1 3 0 6 
19947218 8239510 10204130 
6 0 1 5 4 3 2 
20048028 7695112 13005834 
6 1 3 2 4 5 0 
20070446 10442352 6884476 
2 1 4 5 6 0 3 
20170298 7343100 9749456 
2 4 5 3 1 6 0 
20771234 11095648 6810718 
4 5 2 1 6 0 3 
21269526 7997428 6909042 
2 5 4 1 3 0 6 
21494058 7948668 9353768 
4 1 2 5 6 0 3 
21620564 7449358 6760946 
4 2 1 6 5 3 0 
23294006 11001366 6743690 
1 4 6 5 2 3 0 
23441846 9226866 6738984 
5 4 6 0 1 3 2 
24664178 10907900 6692844 
5 4 6 1 2 3 0 
25058044 10373752 6720666 
4 5 2 3 6 0 1 
25522044 8619580 6671066 
5 1 4 2 6 0 3 
25782378 7431616 8967770 
6 5 1 3 4 0 2 
26612824 7277880 8474664 
4 2 1 3 5 6 0 
27643822 11734158 6650148 
4 1 2 0 6 5 3 
27695216 8184920 6667148 
6 2 1 3 5 0 4 
28215708 7205698 11997580 
4 1 2 5 3 0 6 
28482794 7428112 6990130 
5 4 6 0 2 3 1 
28801656 11165542 6561908 
1 4 6 0 2 3 5 
28812138 8121884 6511548 
4 1 5 0 6 2 3 
32130986 7959522 6663206 
6 5 1 3 2 0 4 
32490470 7171746 8793084 
