31 4
4 3 2 0 1 
1896092 273456 338698 11731176 
4 0 2 3 1 
1896612 160112 243100 10293880 
4 0 1 3 2 
1984050 152524 254278 22795030 
4 3 1 0 2 
1986858 142220 261812 12642822 
4 1 2 3 0 
2284776 169184 230940 20445448 
1 2 4 0 3 
2311062 105778 226330 19985490 
2 1 4 3 0 
2316916 107030 216042 20324668 
2 0 4 3 1 
2378712 156030 240298 10173100 
1 0 3 2 4 
2420236 239626 339734 7238130 
1 2 4 3 0 
2440822 98522 225670 20106910 
4 3 1 2 0 
2491060 140152 261518 12624876 
1 3 0 2 4 
2678540 248294 356322 6871674 
4 0 2 1 3 
2823302 165918 244340 9826460 
2 3 1 0 4 
2840862 136558 374012 12270390 
0 3 1 2 4 
3032080 136286 329910 6893634 
0 2 4 3 1 
3068662 98138 280166 10126594 
0 3 1 4 2 
3135184 140704 330696 6684772 
3 0 1 2 4 
3143386 148466 316124 7062450 
0 4 2 3 1 
3193398 89120 285656 10349200 
1 4 2 0 3 
3301398 97366 283126 19996362 
2 1 4 0 3 
3350804 105582 216574 19995504 
2 0 4 1 3 
3353612 161830 241466 9716660 
1 4 2 3 0 
3365686 94264 281784 20331868 
3 4 1 2 0 
3512714 105956 273802 12890202 
3 4 1 0 2 
3808520 102040 274008 12765324 
3 0 1 4 2 
3810132 148668 316848 6752962 
0 2 4 1 3 
3970834 104482 281342 9683138 
0 4 2 1 3 
4101906 95062 286898 9885026 
0 1 3 2 4 
4477392 121154 413886 7217310 
0 1 3 4 2 
4586832 125170 414738 6987730 
3 4 2 0 1 
4668210 88572 455470 11860062 
