52 4
4 2 3 0 1 
2058430 971386 7689234 22980138 
0 2 1 4 3 
2145200 1005658 7592586 22790286 
2 0 1 3 4 
2148888 525788 8646912 21490516 
2 0 3 1 4 
2190516 457232 8649966 22034854 
4 2 1 0 3 
2223454 1005658 7461282 22790730 
0 2 3 4 1 
2304680 971386 7717416 22978956 
3 0 4 2 1 
2423100 1096988 4800144 18335036 
1 0 4 2 3 
2464932 1096976 4435566 18501062 
4 2 0 3 1 
2557546 1348444 7649274 15722298 
4 2 0 1 3 
2639374 1348438 7418238 14988552 
4 2 3 1 0 
2641262 971446 9089276 17066054 
2 4 3 0 1 
2656982 639962 6037358 24769242 
2 4 1 0 3 
2719382 605690 6265310 24958650 
4 0 3 1 2 
2760300 457276 9229648 17066140 
0 2 4 1 3 
2783268 605748 7542646 13717986 
1 0 2 4 3 
2867016 1348348 4400576 12150452 
0 2 1 3 4 
2884540 1005594 4830088 10606990 
0 2 4 3 1 
2901132 605754 7661398 12817980 
2 0 1 4 3 
2915052 525676 4634114 12150596 
0 2 3 1 4 
2926156 971316 4836166 11695666 
2 1 3 0 4 
2950072 114366 6151708 24769312 
1 2 3 0 4 
2950360 971316 4394806 11693146 
0 1 4 2 3 
2977932 605598 3366460 22058808 
2 0 3 4 1 
3023220 457132 4986896 12528674 
0 3 4 2 1 
3038712 639876 3346906 22058796 
3 2 1 0 4 
3081562 1005594 4310218 10603972 
4 0 3 2 1 
3141888 457132 4583026 12526252 
4 0 1 2 3 
3250056 525676 4161496 12147682 
0 1 2 4 3 
3379964 1005508 3344574 18066996 
4 1 3 0 2 
3485146 114436 7689984 22980138 
1 2 0 3 4 
3504948 1348374 4358918 5161090 
0 3 2 4 1 
3523976 971230 3325080 18066984 
3 2 4 1 0 
3536766 605814 8657926 9260414 
4 3 1 0 2 
3664240 114430 7471824 22790736 
3 2 0 1 4 
3677766 1348374 4280408 5160592 
1 2 4 3 0 
3688452 605814 8633314 9260174 
3 0 4 1 2 
3705612 1097132 8511066 9260324 
1 0 4 3 2 
3813984 1097132 8496216 9260090 
0 4 3 1 2 
3872088 639962 4764868 11695622 
0 4 1 3 2 
3913704 605684 4758850 10606946 
1 4 3 0 2 
4083986 639962 4281206 11693076 
2 1 3 4 0 
4143204 114352 4889576 12528614 
2 3 1 4 0 
4177350 114340 4527092 12150530 
3 4 1 0 2 
4211792 605684 4216202 10603914 
2 1 0 4 3 
4336852 525616 2944754 10261376 
4 1 0 2 3 
4390822 525616 2578788 10259502 
4 3 0 2 1 
4446508 457060 2588610 10259508 
4 1 3 2 0 
4449566 114352 4443404 12526166 
1 4 0 3 2 
4541470 1097002 4245248 5161020 
4 3 1 2 0 
4613420 114340 4031696 12147602 
3 4 0 1 2 
4627660 1097002 4186262 5160534 
3 4 2 1 0 
4653964 605770 7476490 7875546 
