379 3
7 8 4 6 1 5 9 2 3 0 
17765224 37766672 20374064 
7 8 4 6 1 5 9 0 3 2 
17805176 37645814 20237454 
7 8 4 5 1 6 9 2 3 0 
17963386 37712390 18041338 
4 8 7 6 1 5 9 2 3 0 
17973336 34699790 31576510 
7 8 4 5 1 6 9 0 3 2 
17981828 37645910 17898248 
4 8 7 6 1 5 9 0 3 2 
18018028 34558592 31413800 
4 8 7 5 1 6 9 2 3 0 
18172302 23380128 23709048 
4 8 7 5 1 6 9 0 3 2 
18195484 23293308 23539858 
7 8 4 6 1 9 5 2 3 0 
18774756 36496532 20416726 
7 8 4 6 1 9 5 0 3 2 
18814782 36376858 20282330 
8 4 7 3 6 1 5 0 9 2 
18962554 30544496 23351342 
8 1 7 9 5 4 6 2 3 0 
18963840 38365596 16815920 
8 7 4 6 1 5 9 2 3 0 
18969010 33898382 20035826 
8 4 7 3 6 1 5 2 9 0 
18983022 30495080 23425158 
8 1 7 9 5 4 6 0 3 2 
18990196 38261572 16564556 
8 7 4 6 1 5 9 0 3 2 
19008490 33777844 19933544 
7 1 8 9 5 4 6 2 3 0 
19071770 36955636 17309384 
7 1 8 9 5 4 6 0 3 2 
19097494 36854324 17061500 
8 7 4 5 1 6 9 2 3 0 
19166920 36407486 17697052 
8 7 4 5 1 6 9 0 3 2 
19184890 36341326 17588290 
8 3 7 9 4 1 5 0 6 2 
19279702 30850634 22646442 
8 7 1 3 0 5 9 4 2 6 
19294134 33524936 20238750 
8 3 7 9 4 1 5 2 6 0 
19300242 30780420 22276342 
8 7 1 3 0 5 9 6 2 4 
19324036 33467452 20454624 
1 7 8 3 0 5 9 4 2 6 
19410796 27034842 22203462 
1 8 7 9 3 4 6 2 5 0 
19430896 33163082 19072658 
1 8 7 9 3 4 6 0 5 2 
19437562 33133570 19149592 
1 7 8 3 0 5 9 6 2 4 
19440540 26978036 22420206 
4 7 8 5 1 6 9 2 3 0 
19471880 22182580 21307214 
7 8 4 6 3 5 9 2 1 0 
19488800 34643978 18833218 
4 7 8 5 1 6 9 0 3 2 
19493958 22098792 21175832 
4 8 7 3 1 6 9 0 5 2 
19507694 21425940 21550660 
4 8 7 3 1 6 9 2 5 0 
19524560 21388680 21450890 
7 8 4 6 3 5 9 0 1 2 
19526394 34532364 18730136 
7 8 4 6 3 9 5 2 1 0 
19542076 34011188 18884952 
7 8 4 6 3 9 5 0 1 2 
19579744 33900758 18784084 
8 7 1 3 2 5 9 4 0 6 
19635796 32377508 18895594 
8 7 1 3 2 5 9 6 0 4 
19672772 32292292 19010884 
1 7 8 3 2 5 9 4 0 6 
19701960 25945528 20859536 
1 7 8 3 2 5 9 6 0 4 
19738778 25860990 20975696 
7 8 4 9 3 6 5 2 1 0 
19776122 35913396 17122106 
7 8 4 9 3 6 5 0 1 2 
19794670 35851302 17015478 
7 4 8 3 9 1 5 0 6 2 
19833814 32899392 17699634 
8 4 7 3 9 1 5 0 6 2 
19841984 25982258 18922336 
7 8 1 9 3 4 6 2 5 0 
19860794 36749676 15961334 
7 8 1 9 3 4 6 0 5 2 
19865722 36727622 16047838 
7 1 8 5 9 4 6 0 3 2 
19866054 36562052 16806960 
7 4 8 3 9 1 5 2 6 0 
19873778 32773312 17501746 
8 4 7 3 9 1 5 2 6 0 
19881316 25858890 18727928 
1 8 7 9 5 4 6 2 3 0 
19977384 31522620 16793524 
7 8 1 5 3 4 6 0 9 2 
19977778 36487622 14947772 
7 8 1 5 3 4 6 2 9 0 
19977856 36494166 14827648 
1 8 7 9 5 4 6 0 3 2 
20002914 31419156 16602234 
7 8 1 9 5 4 6 2 3 0 
20104294 35457898 13677580 
7 8 1 9 5 4 6 0 3 2 
20128086 35361892 13495860 
7 8 1 5 9 4 6 2 3 0 
20702822 34611536 12439716 
7 8 1 5 9 4 6 0 3 2 
20723966 34521796 12258088 
1 7 8 9 5 4 6 2 3 0 
20817656 31006500 16932644 
1 7 8 9 5 4 6 0 3 2 
20842082 30906068 16779162 
4 7 8 3 1 6 9 0 5 2 
21120388 20696624 20007214 
4 7 8 3 1 6 9 2 5 0 
21138358 20656332 19869636 
7 8 4 6 5 3 9 2 1 0 
21206028 27279804 15665432 
8 7 1 5 9 4 6 2 3 0 
21233536 35635072 12093268 
7 8 4 6 5 3 9 0 1 2 
21241558 27169982 15568846 
8 7 1 5 9 4 6 0 3 2 
21254208 35545652 11945968 
4 8 7 3 5 6 9 0 1 2 
21347806 20004494 20882342 
7 8 4 6 9 1 5 2 3 0 
21408124 30770538 12883038 
7 8 4 6 9 1 5 0 3 2 
21446086 30652656 12755138 
8 4 7 9 5 1 3 0 6 2 
21521822 25057602 19471588 
8 4 7 9 5 1 3 2 6 0 
21538794 24979364 19253800 
7 1 8 3 5 0 2 6 9 4 
21627108 26752002 16692716 
7 1 8 3 5 0 2 4 9 6 
21628584 26688740 16088256 
4 7 8 1 3 6 5 0 9 2 
21777060 20090344 19203134 
4 7 8 1 3 6 5 2 9 0 
21794924 20045666 19029094 
8 7 4 6 9 1 5 2 3 0 
22014452 23138602 12570960 
8 7 4 6 9 1 5 0 3 2 
22051942 23021040 12477388 
4 7 1 5 3 6 9 2 8 0 
22765160 21035828 18288620 
4 7 1 5 3 6 9 0 8 2 
22801218 20900748 17960452 
4 8 7 3 9 6 5 0 1 2 
23080160 19435232 20160908 
4 7 8 1 5 6 9 2 3 0 
23080628 19556240 18666130 
4 7 8 1 5 6 9 0 3 2 
23084170 19516314 18535392 
4 7 8 3 5 6 9 0 1 2 
23488492 19302086 19342678 
7 6 4 9 5 8 3 2 1 0 
23767220 22352476 16690284 
7 6 4 9 5 8 3 0 1 2 
23784158 22303072 16423542 
7 8 1 9 5 2 0 6 3 4 
23806084 22771322 14642144 
7 8 1 9 5 2 0 4 3 6 
23807062 22705266 14040494 
4 8 1 5 3 6 9 2 7 0 
23858428 19546666 17369568 
4 8 1 5 3 6 9 0 7 2 
23904926 19373962 16871984 
7 4 6 5 9 8 1 2 3 0 
23936442 22630472 14446216 
7 4 6 5 9 8 1 0 3 2 
23954102 22574408 14114656 
1 8 7 0 2 5 9 6 3 4 
24040668 20307398 15496702 
1 8 7 0 2 5 9 4 3 6 
24072830 20177828 14947670 
7 8 1 5 9 6 4 2 3 0 
24139596 32199396 12437560 
7 8 1 5 9 6 4 0 3 2 
24160518 32106104 12249290 
8 7 1 5 9 6 4 2 3 0 
24655998 32847948 12094592 
8 7 1 5 9 6 4 0 3 2 
24676448 32754976 11940650 
0 8 7 9 5 2 3 4 1 6 
24777378 19128384 19630978 
1 8 7 2 0 5 9 6 3 4 
24859924 19589174 14005100 
1 8 7 2 0 5 9 4 3 6 
24884142 19478402 13456344 
4 7 8 3 9 6 5 0 1 2 
25045370 18744976 18622952 
8 7 4 6 9 1 3 2 5 0 
25062264 22566640 13093492 
8 7 4 6 9 1 3 0 5 2 
25079418 22534294 13292352 
7 8 1 5 9 2 0 6 3 4 
25447896 21650376 13402798 
7 8 1 5 9 2 0 4 3 6 
25448874 21584320 12801148 
1 8 5 9 3 4 6 2 7 0 
25574030 31343060 11889704 
7 2 1 5 9 8 3 4 0 6 
25608520 24424398 12424688 
8 5 7 2 0 1 3 4 9 6 
25622498 22219514 12510610 
1 8 5 9 3 4 6 0 7 2 
25622708 31157884 11374402 
0 7 8 1 5 2 3 6 9 4 
25644228 19168538 17135316 
0 7 8 1 5 2 3 4 9 6 
25647650 19113864 16537568 
8 1 7 2 0 5 3 4 9 6 
26096352 24965022 12091642 
8 1 7 2 0 3 9 4 5 6 
26192086 22641898 12324612 
8 1 5 9 3 4 6 0 7 2 
26353834 35839410 11335660 
1 5 7 2 0 8 3 6 9 4 
26396366 22683614 12062562 
1 5 7 2 0 8 3 4 9 6 
26420584 22572842 11513806 
2 7 8 1 5 0 3 6 9 4 
26500160 18927768 16697314 
2 7 8 1 5 0 3 4 9 6 
26503954 18872668 16097862 
1 8 7 2 0 5 3 6 9 4 
26852062 18601850 12988982 
1 8 7 2 0 5 3 4 9 6 
26876280 18491078 12440226 
8 1 7 2 0 4 6 5 3 9 
27187124 36661618 11192764 
8 3 7 2 0 1 5 4 9 6 
27286958 22401330 11917870 
1 9 7 2 0 8 3 4 5 6 
27545242 22345532 12099402 
6 7 8 3 9 4 5 0 1 2 
27651316 18482352 18114118 
7 8 4 6 9 2 0 1 3 5 
28012874 24715274 11493736 
7 8 4 6 9 0 2 1 3 5 
28352190 26573748 11493308 
0 7 8 5 9 2 3 4 1 6 
28420040 18154012 17501372 
2 8 1 5 3 0 9 4 7 6 
28434720 17572740 18240888 
1 8 3 9 5 4 6 2 7 0 
28458334 29276110 11260226 
8 3 7 2 0 1 9 4 5 6 
28467408 21945132 12185178 
1 8 3 9 5 4 6 0 7 2 
28507204 29086166 10739916 
1 8 7 2 0 3 5 4 9 6 
28574656 19161856 12367884 
3 8 7 0 2 5 9 6 1 4 
28626750 18298960 16372644 
3 8 7 0 2 5 9 4 1 6 
28656420 18178716 15857384 
0 8 1 5 3 2 9 4 7 6 
28668348 17172506 18574780 
8 1 3 9 5 4 6 0 7 2 
28777722 34764172 10701814 
1 8 5 9 3 6 4 0 7 2 
28878838 28548484 11367620 
5 8 7 2 0 9 3 6 1 4 
29155470 15883812 15697444 
5 8 7 2 0 9 3 4 1 6 
29177196 15782366 15182460 
8 7 6 9 5 1 3 2 4 0 
29267502 21957100 11716564 
5 8 7 2 0 1 9 4 3 6 
29274338 18412036 14258022 
3 8 7 2 0 5 9 6 1 4 
29383594 17589906 14881054 
3 8 7 2 0 5 9 4 1 6 
29405320 17488460 14366070 
0 7 1 5 9 2 3 4 8 6 
29587958 17184386 15126328 
9 8 7 2 0 5 3 6 1 4 
30018846 15319950 15768066 
9 8 7 2 0 5 3 4 1 6 
30040572 15218504 15253082 
2 7 1 5 9 0 3 4 8 6 
30275274 17273538 14693812 
3 8 7 2 0 9 5 4 1 6 
30277334 17428498 14394830 
0 2 1 5 9 4 6 7 3 8 
30287402 25573932 10456170 
5 8 7 2 0 3 9 4 1 6 
30458918 17230626 15076238 
0 8 1 5 9 2 3 4 7 6 
30474786 15065932 16205604 
2 0 1 5 9 7 8 4 3 6 
30610466 24255254 11030062 
4 8 7 2 0 6 9 1 3 5 
30792690 16925042 14023544 
4 8 7 2 0 6 9 5 3 1 
30828692 16802186 14523676 
4 6 7 2 0 8 3 1 9 5 
30853704 35905258 10369196 
8 7 3 9 5 1 6 2 4 0 
31161326 22516484 11367444 
8 1 3 9 5 7 2 4 0 6 
31212696 23056996 11155014 
1 4 6 5 9 8 3 0 7 2 
31243014 18452984 13120190 
8 1 3 9 5 7 2 6 0 4 
31247348 22988274 11280986 
1 3 7 2 0 8 5 4 9 6 
31254068 21851810 11688426 
4 5 7 2 0 6 9 1 3 8 
31365472 18058362 12477272 
4 5 7 2 0 6 9 8 3 1 
31394924 17993294 12645604 
6 4 7 2 0 5 9 1 3 8 
31402884 20053922 11920824 
6 4 7 2 0 5 9 8 3 1 
31432176 19989368 12041640 
1 4 6 9 5 8 3 0 7 2 
31500520 17844772 12370660 
4 3 7 2 0 6 9 8 5 1 
31616524 16574358 12879442 
8 3 1 5 9 4 6 7 0 2 
31657006 33772054 10161884 
9 8 7 2 0 5 1 6 3 4 
32250586 16499266 15035690 
9 8 7 2 0 5 1 4 3 6 
32274854 16387168 14484152 
1 5 4 6 9 8 3 0 7 2 
32324788 20587212 11861954 
4 6 7 2 0 1 8 5 3 9 
32393496 32881938 10414580 
4 8 7 2 0 6 9 1 5 3 
32534590 16376006 13987562 
6 4 7 2 0 9 3 8 5 1 
32545562 19241186 11829774 
4 8 7 2 0 6 9 3 5 1 
32634750 16106696 14217860 
0 8 1 5 9 2 7 6 3 4 
32637814 15911060 14784236 
0 8 1 5 9 2 7 4 3 6 
32638292 15858264 14210406 
4 6 3 5 9 8 1 0 7 2 
32683306 33559492 10090312 
8 1 5 9 3 4 6 7 0 2 
32724938 34175526 9814748 
4 6 5 9 3 8 1 0 7 2 
32738854 33538902 10220114 
5 3 7 2 0 1 8 4 9 6 
32824716 21311204 11582402 
3 5 7 2 0 1 8 4 9 6 
32869494 21555660 11387492 
7 8 9 6 4 2 0 1 3 5 
32881174 23332300 10892964 
7 3 9 6 4 2 0 8 5 1 
32903516 22882034 11272474 
9 3 7 2 0 4 6 8 5 1 
32928014 21091740 11443794 
1 5 7 2 0 3 8 4 9 6 
32956646 20970710 11572948 
1 8 5 9 3 4 6 7 0 2 
32986340 29494820 9501628 
9 5 7 2 0 4 6 1 3 8 
33057320 22569258 11300518 
7 8 9 6 4 0 2 1 3 5 
33201548 25287596 10892008 
6 4 7 2 0 9 5 1 3 8 
33274978 19221928 11876336 
6 4 7 2 0 9 5 8 3 1 
33305158 19171582 12023720 
8 7 3 9 5 1 4 2 6 0 
33539988 22976016 10999230 
2 7 4 6 9 0 5 8 3 1 
33590742 18379410 11770786 
0 2 5 9 3 4 6 7 1 8 
33602416 26308446 9751822 
3 8 7 2 0 5 1 4 9 6 
33631740 17669800 12581022 
0 2 1 5 9 6 4 7 3 8 
33683782 24107834 10478452 
0 7 4 6 9 2 5 8 3 1 
33723460 18205746 12191190 
3 9 7 2 0 1 8 4 5 6 
33772224 21063876 11455492 
0 2 3 9 5 4 6 7 1 8 
33830382 24493420 9115734 
6 5 7 2 0 4 9 1 3 8 
33874546 17863576 11879710 
6 5 7 2 0 4 9 8 3 1 
33903874 17798650 12048610 
0 6 4 9 5 2 3 7 1 8 
33913314 16048670 13563360 
2 0 3 9 5 7 8 4 1 6 
33913808 23586472 10617314 
3 8 1 5 9 4 6 7 0 2 
33967990 24226934 10205002 
6 3 7 2 0 4 9 8 5 1 
34125474 16379714 12282448 
2 0 4 6 9 7 3 8 5 1 
34184532 23411690 10746958 
2 8 1 5 9 0 7 6 3 4 
34359562 15586378 14446260 
2 8 1 5 9 0 7 4 3 6 
34360412 15533156 13870726 
8 3 4 6 9 1 5 7 0 2 
34456486 23218144 10576646 
3 8 7 2 0 6 4 1 9 5 
34477778 22618324 11144090 
2 7 4 6 9 0 3 8 5 1 
34545202 18155946 11590406 
1 8 3 9 5 4 6 7 0 2 
34563964 27423102 8867142 
2 6 4 9 5 0 3 7 1 8 
34647198 15970862 13792838 
2 0 4 6 9 3 5 7 1 8 
34741822 22059158 10915268 
1 5 7 2 0 8 3 9 4 6 
34770662 23558856 10411996 
0 4 6 9 5 2 3 8 1 7 
35000624 15240798 13792416 
6 8 7 2 0 4 9 1 5 3 
35043664 16181220 13390000 
0 4 6 9 5 2 3 7 1 8 
35120900 14798272 11915370 
5 9 7 2 0 6 4 1 3 8 
35127340 20969636 11432410 
2 7 5 6 4 0 9 8 3 1 
35143086 17455132 11910070 
5 9 7 2 0 6 4 8 3 1 
35157908 20911564 11514450 
0 2 3 5 9 4 6 7 1 8 
35366088 24477134 9621418 
8 1 4 6 9 3 5 7 0 2 
35434760 22806190 10794040 
9 3 7 2 0 6 4 8 5 1 
35462732 18202176 11466796 
1 8 7 2 0 5 3 9 4 6 
35574200 19235686 11244960 
1 8 7 2 0 3 9 5 4 6 
35689092 20420868 11179178 
1 8 5 6 4 3 9 7 0 2 
35722346 20774930 10600424 
2 4 6 9 5 0 3 7 1 8 
35854772 14721880 12216890 
1 8 4 6 9 3 5 7 0 2 
36008972 20784424 10461342 
1 4 6 9 5 8 3 7 0 2 
36282452 18695304 11337010 
6 9 7 2 0 4 5 1 3 8 
36285306 18136384 11725198 
6 9 7 2 0 4 5 8 3 1 
36315450 18086410 11824498 
1 5 7 2 0 8 3 9 6 4 
36451716 23002260 10413236 
8 3 9 6 4 1 5 7 0 2 
36466808 22575260 9991872 
6 4 3 9 5 0 2 7 1 8 
36614894 24258504 9879852 
3 8 1 5 9 6 4 7 0 2 
36767038 21756154 10225212 
1 8 7 2 0 3 5 9 4 6 
36771680 20161576 11202274 
6 9 7 2 0 4 3 8 5 1 
36953690 17913926 11625228 
1 8 4 6 9 5 3 7 0 2 
37083566 20950924 10407568 
0 2 3 9 5 6 4 7 1 8 
37182948 23048870 9138496 
1 8 7 2 0 5 3 9 6 4 
37255254 18679090 11246200 
8 1 9 6 4 3 5 7 0 2 
37358742 22326698 10209614 
1 8 3 9 5 6 4 7 0 2 
37364734 25045622 8887320 
1 8 7 2 0 3 9 5 6 4 
37370146 19864272 11180418 
2 7 3 9 5 0 4 8 6 1 
37693300 16455140 11655664 
0 7 9 6 4 2 3 8 5 1 
37774576 17560970 11410790 
1 8 9 6 4 3 5 7 0 2 
38019318 20118092 9876796 
2 7 6 9 5 0 4 8 3 1 
38112666 17494484 10587172 
2 7 6 9 5 0 4 1 3 8 
38148722 17378966 11237158 
2 7 9 6 4 0 5 8 3 1 
38242174 17444510 11166214 
0 7 9 6 4 2 5 8 3 1 
38374936 17227858 11587036 
2 7 9 6 4 0 3 8 5 1 
38493382 17375750 10985856 
0 4 6 5 9 2 3 8 7 1 
38588586 14137718 14489082 
0 2 3 5 9 6 4 7 1 8 
38718654 23032584 9644180 
0 4 6 9 5 2 3 8 7 1 
38746126 14120458 13743276 
0 4 6 5 9 2 3 1 7 8 
38795648 13481880 12746378 
0 4 6 9 5 2 7 8 3 1 
38872812 14921954 11630316 
0 4 6 9 5 2 7 1 3 8 
38913372 14905864 11826078 
0 4 6 9 5 2 3 1 7 8 
38921412 13539812 12001676 
1 8 9 6 4 5 3 7 0 2 
39074970 20381414 9822494 
0 7 6 9 5 2 4 8 3 1 
39367716 16984176 11007162 
4 6 3 9 5 8 1 7 0 2 
39946220 33857876 8446032 
2 4 6 9 5 0 7 8 3 1 
40588722 14585842 11929726 
6 4 3 9 5 8 1 7 0 2 
40701660 30314258 8670174 
2 3 6 9 5 0 4 7 1 8 
40720276 17329880 10797678 
1 3 9 6 4 8 5 7 0 2 
41028770 21225122 9703710 
6 1 3 9 5 4 0 8 2 7 
41224930 16288568 11231766 
1 8 9 6 4 3 5 7 2 0 
41425016 19942132 9872314 
7 2 3 9 5 8 1 0 6 4 
41434710 23662864 8758104 
8 1 6 9 5 7 3 4 2 0 
41841302 21343300 9539310 
0 3 6 9 5 2 4 7 1 8 
41967044 16841992 10975758 
1 8 9 6 4 5 3 7 2 0 
42115788 20381518 9821868 
4 2 3 9 5 6 0 7 1 8 
42502758 16825842 11019924 
4 6 3 9 5 1 8 7 0 2 
42573914 30714178 8322072 
7 2 3 9 5 8 1 0 4 6 
42652740 24217376 8754360 
0 4 6 9 5 2 7 3 8 1 
42802676 15558826 11339926 
7 8 3 9 5 2 0 1 4 6 
42812586 21745542 9285146 
6 4 3 9 5 1 8 7 0 2 
43332932 27264306 8545344 
0 6 3 9 5 2 4 7 1 8 
43363554 16560604 11184102 
4 0 3 9 5 6 2 7 1 8 
43373542 17317354 10818394 
6 2 3 9 5 4 0 7 1 8 
43723620 16957786 10685302 
7 8 3 9 5 2 0 1 6 4 
44128150 21433118 9294192 
2 0 6 9 5 3 4 7 1 8 
44188232 21317706 9668538 
3 8 9 6 4 5 1 7 0 2 
44196536 19442462 10002508 
1 8 6 9 5 3 4 7 0 2 
44240006 21177266 9205726 
2 3 6 9 5 0 4 1 7 8 
44592288 16299340 10946838 
1 3 9 6 4 8 5 7 2 0 
44624236 20917114 9696336 
6 0 3 9 5 4 2 7 1 8 
44891500 17364656 10555712 
6 8 3 5 9 4 1 7 0 2 
45244442 16232530 11116436 
4 6 3 9 5 1 8 7 2 0 
45477436 30563690 8323706 
7 2 3 9 5 1 8 0 6 4 
45586474 27161070 8741674 
6 0 3 9 5 4 1 2 8 7 
45587124 17833914 10550850 
2 3 9 6 4 0 7 8 5 1 
45826656 16715642 10825974 
0 3 6 9 5 2 4 1 7 8 
45920610 15569826 11125864 
6 4 3 9 5 1 8 7 2 0 
46308724 27114118 8546978 
5 8 7 2 0 9 3 1 6 4 
46475810 14609208 11818720 
3 8 7 2 0 9 5 1 6 4 
46775386 16281086 11089512 
0 4 6 9 5 2 3 7 8 1 
46792592 14600852 11888978 
3 5 9 6 4 1 8 7 0 2 
46808954 21070484 9618022 
9 8 7 2 0 5 3 1 6 4 
47161250 14572530 11887278 
1 5 9 6 4 3 8 7 0 2 
47271386 19936062 9786446 
3 8 9 6 4 5 1 7 2 0 
47275426 19442666 10001882 
1 8 6 9 5 3 4 7 2 0 
47464264 20996538 9196236 
6 8 3 9 5 4 1 7 0 2 
47674212 15812478 10622716 
0 6 3 9 5 2 4 1 7 8 
47759212 15286170 11210644 
8 1 6 9 5 3 7 4 2 0 
48136664 20951686 9615406 
1 3 6 9 5 8 4 7 0 2 
48238054 22232798 9032154 
2 0 6 9 5 7 3 4 8 1 
48535016 20655852 9600350 
5 1 9 6 4 3 8 7 0 2 
48648782 19882206 9815720 
8 3 6 9 5 7 1 4 2 0 
48929658 20862578 9425838 
0 4 6 9 5 2 1 3 7 8 
49058004 14893116 11733868 
8 1 3 9 5 7 6 4 2 0 
49302238 22072880 8908828 
1 3 9 6 4 5 8 7 0 2 
49617392 20113302 9569296 
6 3 1 5 9 4 8 7 0 2 
50297116 17864762 10209462 
1 5 9 6 4 3 8 7 2 0 
50481336 19760102 9781964 
0 2 3 5 9 7 8 1 4 6 
50553816 26131040 8689164 
4 1 3 9 5 6 8 7 0 2 
50804128 17683340 10505912 
0 4 3 9 5 2 7 6 8 1 
50902130 16950480 10469686 
3 1 9 6 4 5 8 7 0 2 
51192342 19535642 9916814 
2 7 3 9 5 0 4 6 8 1 
51225702 16562842 10546364 
0 2 3 5 9 8 1 7 6 4 
51291222 30214314 8418362 
8 7 3 9 5 1 0 2 6 4 
51291884 21627752 9049718 
2 0 3 9 5 7 8 1 4 6 
51300648 23738684 8260242 
2 8 1 5 9 0 7 3 4 6 
51332534 15138126 11251798 
0 8 1 5 9 2 3 7 6 4 
51434162 14724110 11706400 
2 0 3 5 9 7 8 1 6 4 
51470510 23258890 8769686 
0 2 3 9 5 7 8 1 4 6 
51542134 26152918 8185956 
2 7 1 5 9 0 3 8 4 6 
51577234 15625814 10297978 
1 3 6 9 5 8 4 7 2 0 
51652080 21920022 9019772 
5 1 9 6 4 3 8 7 2 0 
51690102 19705546 9811238 
0 7 3 9 5 2 6 4 8 1 
51937212 15381280 11187782 
5 1 7 2 0 9 3 8 6 4 
52001384 15511278 10797010 
2 8 1 5 9 0 3 7 4 6 
52089644 14556382 11366020 
2 8 1 5 9 0 3 7 6 4 
52291628 14308686 11375886 
2 8 1 5 9 0 7 3 6 4 
52421134 14890430 11261664 
8 1 3 9 5 7 4 6 2 0 
52442686 22995794 8662366 
2 0 3 9 5 7 8 1 6 4 
52473230 23271504 8265914 
4 6 3 9 5 8 7 1 0 2 
52527154 35579068 8069950 
1 3 9 6 4 5 8 7 2 0 
52574318 20113406 9568670 
2 0 3 9 5 8 1 7 4 6 
52591098 28650928 8073776 
2 7 1 5 9 0 3 8 6 4 
52609906 15378118 10307844 
0 2 3 9 5 7 8 1 6 4 
52642446 25685438 8191628 
0 2 3 9 5 8 1 7 4 6 
52857630 30379912 7908238 
2 7 1 5 9 0 8 3 4 6 
52914930 17381270 10278504 
2 0 3 9 5 8 1 7 6 4 
53281158 28095716 8077520 
0 2 3 9 5 8 1 7 6 4 
53475420 29824400 7911982 
6 1 3 9 5 4 8 7 0 2 
53506456 17134996 9924456 
2 7 1 5 9 0 8 3 6 4 
53947602 17133574 10288370 
0 6 3 9 5 2 7 4 8 1 
54162882 16575730 10228374 
3 1 9 6 4 5 8 7 2 0 
54173358 19535846 9916188 
0 8 3 5 9 2 7 1 6 4 
54856818 15300996 10979930 
2 8 3 9 5 0 7 1 4 6 
55133638 15113580 10141796 
2 8 3 5 9 0 7 1 4 6 
55792370 14850410 10632358 
2 8 3 9 5 0 7 1 6 4 
56045868 14866480 10152288 
5 1 9 6 4 3 7 8 0 2 
56576516 20545810 9303536 
2 8 3 5 9 0 7 1 6 4 
56704600 14603310 10642850 
0 7 3 9 5 2 8 1 4 6 
56778138 16861258 9832622 
2 0 3 9 5 1 8 7 4 6 
56813518 28890644 7961230 
0 2 3 9 5 1 8 7 4 6 
57055004 29963406 7801782 
2 7 3 5 9 0 8 1 4 6 
57445368 16141698 9896536 
2 0 3 9 5 1 8 7 6 4 
57457968 28357440 7965456 
2 0 3 9 5 7 1 8 4 6 
57508034 23542960 8218282 
0 2 3 9 5 1 8 7 6 4 
57627184 29429902 7806008 
0 7 3 9 5 2 8 1 6 4 
57657054 16547834 9841668 
0 2 3 9 5 7 1 8 4 6 
57774566 25759752 8083712 
2 0 3 9 5 7 6 4 8 1 
58031232 20885544 8943708 
2 7 3 9 5 0 8 1 4 6 
58244148 16206656 9398218 
2 7 3 5 9 0 8 1 6 4 
58301670 15894598 9907028 
2 7 3 5 9 0 1 8 4 6 
58660916 16192476 9527212 
5 1 9 6 4 3 7 8 2 0 
58731220 20369150 9299054 
2 0 3 9 5 7 1 8 6 4 
58902270 23075780 8223954 
0 2 3 9 5 7 1 8 6 4 
59096532 25292272 8089384 
2 7 3 9 5 0 8 1 6 4 
59100450 15959556 9408710 
2 0 3 9 5 7 4 6 8 1 
59276768 21502080 8814338 
2 3 1 5 9 0 7 8 4 6 
59592366 15295042 10131558 
2 7 3 5 9 0 1 8 6 4 
59738872 15945376 9537704 
2 7 3 9 5 0 1 8 4 6 
60537920 16013474 9027766 
2 3 1 5 9 0 7 8 6 4 
60680966 15047346 10141424 
2 1 3 9 5 0 7 8 6 4 
61142080 14755548 10207740 
2 7 3 9 5 0 1 8 6 4 
61615876 15766374 9038258 
2 1 3 5 9 0 7 8 6 4 
61971884 14566442 10692782 
