25 2
0 4 2 1 3 6 5 
527114 51148974 
2 4 0 1 3 6 5 
534366 50271758 
6 0 4 1 5 2 3 
558136 44941828 
5 0 6 1 4 2 3 
616478 44790310 
6 0 5 4 1 2 3 
638606 43885668 
5 2 6 1 4 0 3 
640372 43489434 
6 0 5 1 4 2 3 
663406 42123768 
0 3 2 4 6 5 1 
664394 41996206 
3 2 5 1 6 0 4 
674138 38926644 
5 2 1 4 3 0 6 
689812 38923652 
5 2 3 1 6 0 4 
696578 37398592 
5 2 1 6 3 0 4 
726868 34498352 
5 0 1 6 3 2 4 
763294 33501876 
5 2 1 3 6 0 4 
771508 33465048 
6 2 4 0 5 3 1 
921716 33044854 
0 3 4 2 6 5 1 
967664 31564224 
3 0 1 2 5 6 4 
1057952 30275336 
6 2 0 4 5 3 1 
1194390 30119914 
5 4 1 6 3 2 0 
1226470 29932894 
6 3 0 4 5 1 2 
1288224 29438326 
6 0 2 4 5 3 1 
1308026 28951512 
3 6 1 5 2 0 4 
1322396 28038310 
3 5 6 1 2 0 4 
1501522 27769700 
5 3 2 1 6 4 0 
1660050 25851990 
5 1 2 3 6 4 0 
1866498 24663260 
