26 3
2 0 3 1 4 
100708 2832130 10794226 
2 0 1 3 4 
100708 2979142 10649902 
4 0 3 1 2 
100708 3023846 9490698 
0 2 3 1 4 
128916 3339302 7073000 
0 2 1 3 4 
128916 3431348 6789656 
0 4 1 3 2 
143348 2590302 6267924 
2 1 3 0 4 
298528 1575976 9831090 
4 1 3 0 2 
298528 1916204 9381246 
1 2 0 3 4 
298528 4331482 4698640 
1 4 3 0 2 
321488 2551106 5604562 
1 4 0 3 2 
321488 3780856 3891766 
4 3 1 0 2 
338092 1863752 9319926 
3 4 1 0 2 
359084 2483966 5383648 
3 4 0 1 2 
359084 3743722 3950644 
0 1 4 2 3 
375722 2322928 7232372 
3 1 2 4 0 
375722 3693534 4884058 
0 3 4 2 1 
379658 2383870 7097456 
1 3 2 4 0 
379658 3570012 4504582 
2 0 1 4 3 
405242 2315972 6923862 
2 3 1 4 0 
426890 1430286 6148456 
4 1 3 2 0 
623466 1378182 5678680 
4 3 1 2 0 
643248 1306986 5499712 
2 1 0 4 3 
688784 2136352 5045226 
2 3 0 4 1 
690752 2008222 4979664 
4 3 0 2 1 
812860 1952496 4342126 
4 1 0 2 3 
814828 2092614 4279636 
