35 4
2 0 1 4 3 
468310 13818362 12441708 8094462 
0 2 1 4 3 
468478 14260000 11013902 7179716 
2 0 3 4 1 
473140 10477342 12128150 8062974 
0 2 3 4 1 
473398 10917182 10694094 7144738 
2 0 3 1 4 
502772 9656806 13857536 9179794 
0 2 3 1 4 
503334 9522618 14615434 9679110 
2 0 1 3 4 
514502 14377186 8171486 5330466 
0 2 1 3 4 
514990 14214584 9051000 5907880 
0 2 4 3 1 
515880 13100356 8961098 5928096 
2 0 4 3 1 
517102 13228796 7962834 5284372 
3 1 0 4 2 
1294010 10910594 11976564 7777846 
3 1 2 4 0 
1294520 10548550 11933942 7775526 
3 1 4 2 0 
1340662 12682604 8155986 5276420 
3 1 0 2 4 
1341322 11332598 8167758 5312182 
3 1 2 0 4 
1349592 10633026 9047776 5906126 
3 2 4 1 0 
1653984 12208120 6531372 4244816 
2 3 0 1 4 
1656354 7400236 13856632 9172772 
3 2 0 1 4 
1661524 8837286 6012524 4108062 
2 3 4 0 1 
1674780 13400424 2584728 1715824 
2 3 0 4 1 
1677922 7581892 12125326 8051952 
2 3 1 0 4 
1678580 12668974 2299780 1601438 
3 2 0 4 1 
1684068 7176010 11318544 7538330 
0 3 2 1 4 
1862258 6728178 14613914 9669930 
3 0 2 1 4 
1866866 8299416 6011908 4105904 
0 3 2 4 1 
1871362 7635596 10691110 7132508 
0 3 1 2 4 
1876140 12668074 2298660 1582750 
3 0 2 4 1 
1877250 6789874 11318384 7537122 
0 4 3 2 1 
2256086 11667560 2583288 1719640 
2 4 3 0 1 
2552316 11035560 2582248 1706612 
2 4 0 3 1 
2599420 7968482 7957530 5264138 
2 1 4 0 3 
2949508 12566920 2727560 1678848 
2 1 3 0 4 
2955978 9128896 2295644 1587136 
0 1 3 4 2 
3107130 7268530 10601700 6942050 
0 1 2 3 4 
3126632 7932326 9045376 5884574 
0 1 3 2 4 
3128858 9180256 2294556 1568624 
