809 4
2 6 1 3 5 4 0 
71068 16695518 16729400 7988072 
2 6 3 1 5 4 0 
74764 17080948 16687704 7952874 
2 1 6 3 5 4 0 
75310 16654132 16685486 7980586 
4 6 1 3 5 2 0 
76084 13886652 17762518 8430062 
4 6 3 1 5 2 0 
79708 13650542 17849990 8391636 
2 1 3 6 5 4 0 
80394 16501094 16700432 7953078 
4 1 6 3 5 2 0 
80498 13842302 17741148 8422190 
4 6 3 1 0 2 5 
84952 13635932 18406504 13404724 
4 1 3 6 5 2 0 
85522 13171314 17863734 8391992 
2 3 6 1 5 4 0 
88344 16945320 16635054 7461622 
2 3 1 6 5 4 0 
89732 16406852 16691696 7469312 
4 1 3 6 0 2 5 
90886 13156704 18409552 13576460 
4 3 6 1 5 2 0 
92428 13529734 17684620 7902314 
5 6 1 3 2 0 4 
93448 20762218 16176358 8264860 
4 3 1 6 5 2 0 
93828 13094856 17719734 7910542 
4 6 1 3 5 0 2 
93956 11293580 16698622 11769554 
0 6 1 3 5 4 2 
95442 9700622 11690658 10343840 
0 6 1 3 2 4 5 
97238 9699984 18522304 14139150 
5 6 3 1 2 0 4 
97356 22702426 15979346 8253014 
5 1 6 3 2 0 4 
97556 20726594 16157108 8426820 
0 6 3 1 5 4 2 
99198 10552108 11587906 10309164 
0 1 6 3 5 4 2 
99954 9659278 11707800 10594348 
0 1 6 3 2 4 5 
101690 9658432 18548142 14300338 
5 1 3 6 2 0 4 
102888 22387418 15995390 8425740 
2 6 1 3 5 0 4 
102936 15798232 15269444 8415624 
0 6 1 3 2 5 4 
105134 13267872 20789770 7800606 
0 1 3 6 5 4 2 
105158 10438352 11600634 10567884 
2 6 3 1 5 0 4 
106704 16649520 15238332 8377150 
2 1 6 3 5 0 4 
107014 15762802 15221146 8580906 
0 6 3 1 2 5 4 
108994 14793720 20678870 7786608 
0 6 1 3 5 2 4 
109438 11396408 11294598 7431900 
0 6 3 1 5 2 4 
113242 12558466 11198902 7395040 
0 3 6 1 5 4 2 
113318 10416564 11657368 10333900 
0 1 6 3 5 2 4 
114032 11352086 11313932 7596024 
0 3 1 6 5 4 2 
114766 10344152 11652954 10342112 
0 1 3 6 5 2 4 
119276 12389970 11212646 7567740 
5 6 1 3 0 2 4 
119314 23344028 11642172 7121722 
5 6 3 1 0 2 4 
123198 25128326 11451676 7100078 
5 1 6 3 0 2 4 
123848 23300094 11603410 7292490 
5 6 1 3 0 4 2 
124740 21648554 11029380 10033662 
2 6 1 3 4 5 0 
125072 20248818 16310332 5582992 
0 3 1 6 5 2 4 
128392 12313638 11251814 7860272 
5 6 3 1 0 4 2 
128576 23122280 10831828 10014202 
2 6 3 1 4 5 0 
128872 21309858 16240400 5590252 
5 1 3 6 0 2 4 
129132 24649098 11454724 7271814 
5 1 6 3 0 4 2 
129192 21607598 10988426 10290814 
2 1 6 3 4 5 0 
129314 20207432 16266418 5575506 
4 6 1 3 2 5 0 
133732 15750130 15487536 5717624 
5 1 3 6 0 4 2 
134436 22697792 10833860 10271958 
2 1 3 6 4 5 0 
134502 20730004 16253128 5590456 
4 6 3 1 2 5 0 
137412 15877810 15559804 5702060 
4 1 6 3 2 5 0 
138004 15708550 15472670 5706816 
5 3 6 1 2 4 0 
139494 22997642 14478424 7310910 
2 3 6 1 4 5 0 
140606 21210240 16272302 5060832 
5 3 1 6 2 4 0 
140902 22614734 14511366 7322404 
2 6 1 0 5 4 3 
141776 24653208 12777418 4723176 
2 3 1 6 4 5 0 
141994 20671772 16328944 5068522 
2 1 6 0 5 4 3 
142342 24646794 12732180 4887666 
5 3 6 1 0 4 2 
142756 22986348 10959386 10032294 
4 1 3 6 2 5 0 
143092 15453322 15577880 5702746 
5 3 1 6 0 4 2 
144164 22602816 11002372 10032898 
2 3 6 0 5 4 1 
144334 24723258 12363392 4884206 
4 6 1 0 5 2 3 
146820 22548962 14489830 5166230 
4 1 6 0 5 2 3 
147558 22539584 14467136 5330334 
3 6 1 0 5 4 2 
148216 12533370 10903138 10827296 
3 1 6 0 5 4 2 
148872 12526970 10878252 11077784 
4 3 6 1 2 5 0 
148996 15779162 15446466 5189250 
1 3 6 0 5 4 2 
149186 13535758 10697468 11071926 
2 3 1 0 5 4 6 
149454 24760648 12230664 4720312 
4 3 1 6 2 5 0 
150404 15396254 15479408 5200744 
6 3 1 0 5 4 2 
153452 13573238 10699408 11029210 
4 3 1 0 5 2 6 
153598 22656572 14423206 5163366 
2 6 3 0 5 4 1 
154648 24631568 12424648 4257614 
4 6 3 0 5 2 1 
159644 22509742 14848480 4698352 
1 6 3 0 5 4 2 
160130 13444166 10901188 11047320 
2 1 3 0 5 4 6 
160334 24662544 12246682 4258210 
2 6 1 4 5 3 0 
162280 12355286 10331586 7966180 
4 1 3 0 5 2 6 
165510 22540684 14574488 4698948 
3 6 1 0 5 2 4 
165670 13845752 10503396 7915356 
2 1 6 4 5 3 0 
166522 12313900 10287672 7958694 
2 3 0 6 5 4 1 
166738 17752872 13134712 4799842 
2 3 0 1 5 4 6 
170470 18328730 12945342 4628258 
4 3 0 6 5 2 1 
170730 14402786 15704160 5236054 
1 3 0 6 5 4 2 
171390 5011852 11672308 10985822 
5 6 1 4 2 0 3 
173546 30341158 10635694 4570248 
6 3 0 1 5 4 2 
174208 5121744 11678662 10934894 
4 3 0 1 5 2 6 
174458 14877984 15417748 5064318 
2 6 3 4 5 1 0 
176282 12319682 11102306 7929338 
0 6 4 1 5 3 2 
177302 9632074 14810192 10444194 
5 1 6 4 2 0 3 
177654 30305534 10616444 4732208 
4 1 0 6 5 2 3 
177870 14494946 15489510 5239162 
3 6 0 1 5 4 2 
178748 6300976 11609210 10734826 
3 1 0 6 5 4 2 
179348 5880764 11621938 10993242 
5 6 1 4 2 3 0 
179516 28039942 9727350 7825904 
2 6 0 3 5 4 1 
181484 18013744 13172416 4200342 
2 6 1 4 5 0 3 
182206 14656918 9894794 4710524 
0 1 4 6 5 3 2 
183262 9518318 14822920 10702914 
5 1 6 4 2 3 0 
183788 27998362 9712484 7815096 
2 1 3 4 5 6 0 
183954 12235454 11065040 7929206 
0 6 1 4 2 5 3 
185308 24759352 17092904 4108882 
2 1 0 3 5 4 6 
185706 18014024 12995774 4201002 
2 1 6 4 5 0 3 
186284 14621488 9846496 4875806 
2 3 6 4 5 1 0 
186350 12213070 11052716 7437294 
4 6 0 3 5 2 1 
186396 15166788 15746944 4637314 
5 6 3 4 2 0 1 
186492 30453320 11011996 4126686 
3 6 1 0 2 5 4 
187574 12869072 20111616 6959934 
3 1 6 0 2 5 4 
188170 12862464 20095426 7121102 
0 6 1 4 5 2 3 
189060 19113174 14459644 3740176 
0 6 4 3 5 1 2 
189078 8744744 15329904 10442094 
2 3 1 4 5 6 0 
189780 12170228 11059364 7444648 
4 1 0 3 5 2 6 
190798 15167034 15474276 4637974 
1 3 0 6 5 2 4 
191542 6942208 11279618 8499250 
5 6 1 0 2 4 3 
191922 21539130 10679416 4564508 
0 1 6 4 5 2 3 
193654 19068852 14478978 3904300 
6 3 0 1 5 2 4 
193866 7106872 11286498 8448322 
2 6 3 4 5 0 1 
195096 14767722 10420154 4241398 
2 6 1 0 4 5 3 
195308 24978854 18225782 2318096 
2 1 6 0 4 5 3 
195874 24972440 18180544 2482586 
3 6 0 1 5 2 4 
196306 8286264 11224756 7818154 
5 6 1 0 3 4 2 
196754 21522684 9688946 10370218 
3 1 0 6 5 2 4 
196980 7811312 11238500 7990550 
5 1 6 0 3 4 2 
197410 21516284 9664060 10620706 
2 6 4 1 5 3 0 
197748 16153874 9533030 8089840 
6 3 1 0 2 5 4 
197870 13908524 19952224 7390876 
0 6 3 4 2 5 1 
198222 24859794 17943486 3663776 
1 3 6 4 5 2 0 
198256 12467726 16729850 7214306 
5 6 1 4 0 2 3 
198708 28108840 14852932 3427110 
5 3 1 0 2 4 6 
199904 21646570 10194694 4564284 
0 6 3 4 5 2 1 
201974 19232768 14629294 3272208 
6 3 1 4 5 2 0 
202000 12232804 16729844 7171586 
2 1 4 6 5 3 0 
203378 15574020 9545758 8090044 
2 6 1 4 0 5 3 
203616 18070778 16745292 3936092 
4 6 1 0 2 5 3 
204052 21567728 17386144 2453792 
4 1 6 0 2 5 3 
204648 21561120 17369954 2614960 
5 6 3 0 2 4 1 
204850 21518848 10177588 4124510 
2 1 6 4 0 5 3 
207978 18029808 16683986 4107246 
2 6 3 0 4 5 1 
208180 24921646 19137600 1894992 
3 6 4 1 5 2 0 
209052 8308006 17886342 7567546 
2 3 1 4 5 0 6 
209222 14766646 10404480 4707660 
4 3 1 0 2 5 6 
209694 21675610 18149760 2453568 
5 6 3 0 1 4 2 
209870 21503248 9375198 10624200 
6 1 0 3 5 2 4 
210426 7706654 11343026 8194322 
5 1 3 0 2 4 6 
210574 21549824 10007376 4125436 
6 1 3 0 2 5 4 
210956 13773274 20098682 7119006 
5 6 3 4 0 2 1 
211654 28229210 14937406 2973750 
0 1 3 4 5 2 6 
211716 19264058 14355330 3272804 
4 6 1 2 5 3 0 
212996 14567200 9564974 8398718 
2 1 3 0 4 5 6 
213866 24952622 18959634 1895588 
3 1 4 6 5 2 0 
214866 7828778 17900086 7567902 
5 1 3 0 6 4 2 
215786 21533956 9325076 10824008 
1 3 0 6 2 5 4 
216374 9086274 20809564 7560914 
2 6 3 4 0 5 1 
216506 18170638 17659756 3480030 
5 6 4 3 2 0 1 
216780 22459932 11875148 4027800 
4 6 3 0 2 5 1 
216876 21509356 18425726 2008776 
0 3 1 4 5 2 6 
217156 19222698 14393174 3737312 
2 6 4 1 5 0 3 
217642 18248458 9091534 4835640 
3 6 0 1 2 5 4 
218682 10375814 20704828 7055426 
4 1 6 2 5 3 0 
219166 14508342 9542074 8391242 
6 3 0 1 2 5 4 
219202 9196166 20818618 7484522 
3 1 0 6 2 5 4 
219222 9955602 20722904 7228152 
0 6 4 1 2 5 3 
219228 16323602 18254188 3985776 
1 6 4 3 5 2 0 
220264 8197498 17794988 7822156 
5 1 3 4 0 2 6 
221320 28260500 14647934 2973686 
5 3 0 1 2 4 6 
222100 24392692 9511072 4696666 
4 1 3 0 2 5 6 
222600 21540332 18255514 2009702 
5 3 0 6 1 4 2 
222980 23957224 8923038 10779152 
2 1 4 6 5 0 3 
223124 17778084 9102230 5007884 
0 6 4 1 5 2 3 
223476 13899564 15486264 3819562 
5 6 0 1 2 4 3 
223634 24484776 9987188 4696474 
2 1 3 4 0 5 6 
225992 18201962 17466310 3479966 
2 6 4 3 5 0 1 
226764 17507974 9648006 4404988 
5 3 0 1 6 4 2 
226832 24377864 8854816 10727868 
4 3 0 6 2 5 1 
227306 16542760 19203118 2718950 
0 6 4 3 2 5 1 
228282 14898196 19215670 3554668 
6 1 4 3 5 2 0 
228422 7918226 17773612 7771564 
5 6 0 1 3 4 2 
228466 24468330 8996718 10502184 
5 1 0 6 3 4 2 
229066 24048118 9009446 10760600 
0 1 4 6 5 2 3 
229510 13731068 15500008 3992262 
4 3 0 1 2 5 6 
231026 16963252 19016154 2547214 
3 6 4 1 2 5 0 
231428 10728612 15596018 6409632 
0 6 4 3 5 2 1 
232586 12857100 15751610 3388454 
1 3 4 6 5 2 0 
232648 7099246 17752204 7302332 
5 6 0 3 2 4 1 
232726 22990144 9692956 4265046 
1 6 0 3 2 5 4 
233332 9723088 20817692 7131878 
4 6 0 1 2 5 3 
234900 17054894 18243932 2547022 
6 3 4 1 5 2 0 
234992 7299202 17717084 7251384 
4 1 0 6 2 5 3 
235440 16634682 18262008 2719748 
2 6 0 3 4 5 1 
235488 21370052 19757220 2030414 
4 6 1 2 5 0 3 
236380 16485428 9124500 5143062 
6 1 0 3 2 5 4 
236700 9412768 20844822 7228212 
5 1 0 3 2 4 6 
236986 22990424 9524068 4266036 
3 1 4 6 2 5 0 
237108 10304124 15614094 6410318 
5 6 0 3 1 4 2 
237746 22975168 8880522 10775626 
0 6 1 2 5 4 3 
238190 23045930 11976938 3729660 
2 3 4 6 5 0 1 
239474 17825724 9599126 5004488 
2 1 0 3 4 5 6 
239710 21370332 19580578 2031074 
5 1 0 3 6 4 2 
242198 22975596 8825028 10982758 
0 1 4 3 5 2 6 
242328 12888390 15477646 3389050 
4 1 6 2 5 0 3 
242386 16432526 9097216 5308354 
5 6 4 3 0 2 1 
242646 24809182 15609422 3162272 
2 3 4 1 5 0 6 
243194 18327490 9602544 4832840 
5 6 1 2 4 3 0 
243928 27604076 8704282 8116818 
4 6 0 3 2 5 1 
244044 16868842 19211246 2117570 
0 1 6 2 5 4 3 
244540 22987100 11994742 3894180 
1 6 4 3 2 5 0 
246168 10234700 15519882 6485994 
4 1 0 3 2 5 6 
248304 16869122 19042358 2118560 
4 6 3 2 5 0 1 
249210 16490356 9775860 4673996 
5 1 6 2 4 3 0 
250098 27545218 8681382 8109342 
0 3 4 1 5 2 6 
250108 13978392 15421118 3816762 
0 6 3 2 5 4 1 
251092 23077228 11561168 3264068 
6 0 3 1 2 4 5 
251436 4377366 18057928 10971066 
5 1 4 3 0 2 6 
252312 24840472 15319950 3162208 
0 3 6 2 5 4 1 
252346 23064086 11625996 3890720 
1 0 3 6 2 4 5 
252464 4232530 18090902 11047478 
6 0 3 1 5 4 2 
252640 4376548 10766838 13819586 
1 0 3 6 5 4 2 
253678 4231712 10802512 13870534 
4 3 1 2 5 0 6 
253706 16594286 9634116 5140198 
6 1 4 3 2 5 0 
254696 9955396 15505012 6410268 
6 0 1 3 5 4 2 
257156 5402762 10638436 13855824 
1 3 4 6 2 5 0 
257480 9574368 15511754 5968810 
0 3 1 2 5 4 6 
257496 23154414 11430268 3726796 
1 0 6 3 5 4 2 
258250 5671738 10636496 13898844 
6 3 4 1 2 5 0 
260328 9719552 15478808 5892398 
0 1 3 2 5 4 6 
262592 23108726 11383244 3264664 
0 6 2 1 5 3 4 
264644 10860070 12447660 7468964 
2 3 0 4 5 6 1 
266786 13516248 7502380 4775178 
3 4 2 6 5 1 0 
267646 4040782 11358586 11830412 
1 4 2 6 5 3 0 
268112 3528516 10581952 12083134 
2 3 0 4 5 1 6 
268480 13625912 7558144 4603138 
3 6 2 1 5 0 4 
270058 7342586 15236232 7960046 
3 4 2 1 5 6 0 
270180 4395692 11308594 11829528 
6 4 2 1 5 3 0 
270960 3691346 10525306 12032176 
6 0 3 1 5 2 4 
271724 6382522 10359330 11937702 
6 0 3 1 4 2 5 
272248 6376050 16185196 10003316 
4 6 2 1 5 3 0 
272420 11945666 9547228 8467342 
2 6 0 4 5 3 1 
272722 13864820 8043012 4173302 
0 1 2 6 5 3 4 
273174 10744176 12460388 7641664 
1 0 3 6 5 2 4 
273256 6182914 10394478 11988650 
1 0 3 6 4 2 5 
273780 6176442 16220344 10054264 
6 0 1 3 5 2 4 
276192 7098164 10223872 11976124 
0 6 2 3 5 1 4 
276408 9884444 12381952 7469240 
2 1 0 4 5 3 6 
276944 13865100 7866370 4173962 
4 6 1 2 0 5 3 
277446 17763180 16059784 3375534 
2 6 4 0 5 3 1 
277554 23222896 6523096 4394164 
1 0 6 3 5 2 4 
277788 7364130 10222582 12018780 
3 1 2 6 5 0 4 
278220 7025440 15246928 8132442 
3 6 2 1 5 4 0 
278780 7530204 16738254 7506286 
6 3 0 4 5 2 1 
278902 13540734 14714270 4497098 
0 4 6 1 5 3 2 
279658 8608098 14087102 7576442 
5 6 3 2 0 4 1 
279726 26014708 10954262 2959682 
2 3 4 0 5 6 1 
279758 23612534 5988118 4991684 
4 3 2 6 5 1 0 
280046 11208918 10323960 7949466 
1 3 0 4 5 2 6 
280306 13851268 14420978 4376290 
0 4 2 6 5 3 1 
280694 10207694 8273998 7651694 
5 3 6 2 0 4 1 
281040 26001178 11077186 3579690 
0 4 1 6 5 3 2 
281106 8535686 14082688 7584654 
2 3 4 0 5 1 6 
281436 23618674 6041530 4820372 
1 3 2 6 5 0 4 
281782 6202764 15220420 8641112 
1 6 2 3 5 0 4 
282692 6961886 15269300 8214716 
2 1 4 0 5 3 6 
283240 23253872 6345130 4394760 
0 4 2 6 5 1 3 
283460 9942776 8523340 7910846 
0 4 2 1 5 3 6 
284396 10370434 8082684 7479558 
3 6 0 4 5 2 1 
284998 14409742 14652556 3694586 
3 4 6 1 5 0 2 
285472 5105196 16090772 8069454 
6 3 2 1 5 0 4 
285618 6256050 15162722 8590154 
5 3 1 2 0 4 6 
286174 26091118 10924046 3408462 
3 4 2 6 5 0 1 
286460 6488822 10676434 8142472 
1 3 2 6 5 4 0 
286872 6281190 16738352 7241132 
3 4 1 6 5 0 2 
286896 4825604 16129414 8076590 
0 4 2 1 5 6 3 
286974 9986822 8278212 7909658 
3 0 1 6 5 2 4 
287810 6975686 10392528 11772482 
3 0 6 1 5 2 4 
287874 7441260 10356090 11764190 
0 4 6 3 5 1 2 
287922 7749784 14609874 7573550 
0 1 2 3 5 6 4 
288452 9812596 12149552 7640752 
5 3 0 4 2 6 1 
288782 29212414 5496886 4853010 
3 1 0 4 5 2 6 
289400 14409988 14379888 3695246 
1 4 2 6 5 0 3 
289692 5711638 10149142 8654346 
6 3 2 1 5 4 0 
289720 6444020 16681706 7190174 
6 1 0 4 5 2 3 
289918 13633242 14499648 4500206 
5 3 0 4 2 1 6 
289978 29322070 5578518 4680970 
3 4 2 1 5 0 6 
290170 6852882 10679204 7970640 
4 6 3 2 0 5 1 
290276 17757164 17100248 2919532 
5 6 0 4 2 3 1 
290430 29560922 6182430 4248494 
5 1 3 2 0 4 6 
291150 26046206 10760830 2959618 
2 3 6 5 0 4 1 
291442 32244558 10234072 4088570 
0 4 3 6 5 1 2 
291646 8394638 14501680 7547878 
0 4 2 3 5 6 1 
292456 9275698 7771082 7650782 
0 4 2 3 5 1 6 
292644 9394392 7824896 7479834 
2 6 1 5 0 4 3 
292688 32209760 10633206 3919556 
5 6 4 0 2 3 1 
292842 20096238 7530214 4009072 
0 4 1 3 5 6 2 
292882 7706702 14262762 7580970 
6 4 2 1 5 0 3 
293528 5764924 10091444 8603388 
1 4 6 3 5 0 2 
294310 4865316 15955812 8324044 
4 3 1 2 0 5 6 
294488 17872106 16776960 3373330 
5 1 0 4 2 3 6 
294690 29561202 6013542 4249484 
5 6 0 4 2 1 3 
295028 29414570 6246714 4680778 
0 4 3 1 5 6 2 
295158 8423968 14158982 7547086 
2 3 1 5 0 4 6 
296566 32316852 10101932 3917352 
0 6 2 1 5 4 3 
296774 13121202 13512736 3758456 
1 4 3 6 5 0 2 
297878 4163500 16127482 8291378 
5 1 4 0 2 3 6 
298566 20127214 7360002 4009998 
1 4 2 3 5 0 6 
298928 6471834 10712244 8225310 
6 4 2 3 5 0 1 
299054 6161060 10651776 8346184 
5 3 4 0 2 6 1 
299334 20485940 6850324 4609232 
6 4 1 3 5 0 2 
299560 4621364 15957756 8280232 
5 3 4 0 2 1 6 
300514 20492072 6929604 4437920 
4 1 3 2 0 5 6 
301700 17788662 16906816 2919468 
6 4 3 1 5 0 2 
301704 4199140 16090784 8240430 
5 1 4 0 2 6 3 
302056 20440588 7355590 4610318 
4 3 0 2 5 6 1 
305212 15771754 7011328 5207846 
0 1 2 6 5 4 3 
305304 13005308 13525464 3931156 
2 6 3 5 0 4 1 
305552 32118312 10279260 3468642 
0 6 2 3 5 4 1 
305920 12301014 13199718 3327540 
4 3 0 2 5 1 6 
306412 15936190 7067618 5035806 
0 3 2 6 5 4 1 
307254 12959510 13162014 3927952 
3 6 4 0 2 5 1 
310762 14569980 18453516 2713956 
0 3 2 1 5 4 6 
310956 13122250 12970700 3755816 
4 6 3 5 0 2 1 
311250 33919340 13702896 2922212 
4 3 6 5 2 0 1 
311594 31809832 9836870 2591342 
4 6 1 5 2 0 3 
314600 31769382 9306452 2430532 
6 3 4 0 2 5 1 
315898 15578416 18336124 3316958 
1 6 4 0 2 5 3 
316448 15501474 17415898 3221426 
3 1 4 0 2 5 6 
316486 14600956 18283304 2714882 
4 3 1 5 2 0 6 
316726 31876848 9877988 2430308 
1 3 4 0 2 5 6 
316750 15578312 18180810 3221266 
0 1 2 3 5 4 6 
318152 12347860 13021132 3328104 
4 1 6 5 2 0 3 
318708 31733758 9287202 2592492 
5 4 6 2 0 3 1 
320164 28282764 5883554 7280002 
5 4 2 6 0 3 1 
320772 22478538 5959022 7575174 
3 6 2 1 4 5 0 
321112 11823560 16290904 5654218 
2 6 4 0 3 5 1 
321256 26689270 17017548 2711358 
6 1 4 0 2 5 3 
321320 15532554 17401000 3318044 
2 3 6 5 4 0 1 
322002 29162190 9778966 2455020 
4 6 0 2 5 3 1 
323308 15847336 7549400 4605970 
5 4 2 1 0 3 6 
324498 22952010 5762896 7403342 
2 6 1 5 4 0 3 
324810 29121546 9231072 2288908 
5 4 1 2 0 3 6 
325298 28372704 5730414 7108774 
5 4 2 6 0 1 3 
325530 22213652 6104892 7834326 
2 1 4 0 3 5 6 
326942 26720246 16839582 2711954 
0 6 3 5 2 4 1 
327120 26068112 8639106 3639924 
4 6 3 5 2 0 1 
327416 31652146 9955754 1987100 
5 4 2 1 0 6 3 
328072 22568414 5906688 7833442 
2 1 6 5 4 0 3 
328888 29086116 9182774 2454190 
3 1 2 6 4 5 0 
329422 11396934 16303632 5654574 
4 1 0 2 5 3 6 
329468 15847790 7372772 4606630 
0 6 4 2 5 3 1 
329646 24935644 7553904 3401498 
3 6 0 2 5 4 1 
330672 19239214 11584416 3690282 
5 4 2 3 0 6 1 
333506 21235826 5409182 7573958 
3 4 6 1 0 5 2 
333780 9768708 17386006 5831572 
1 3 2 6 4 5 0 
334014 10574130 16375580 5062322 
5 4 2 3 0 1 6 
334690 21354536 5411260 7403010 
3 6 4 2 5 0 1 
335128 21740650 9803612 3895738 
3 4 1 6 0 5 2 
335188 9385176 17428992 5832176 
5 6 2 3 0 4 1 
335714 24260974 11218212 3243786 
1 6 2 3 4 5 0 
335852 11223772 16356968 5577856 
1 2 4 3 5 6 0 
336528 4011836 10512808 14018764 
5 4 3 2 0 6 1 
336718 28358360 5186352 7258174 
3 1 0 2 5 4 6 
336832 19239668 11407788 3690942 
6 3 2 1 4 5 0 
336862 10736960 16318934 5011364 
2 6 3 5 4 0 1 
337674 29005474 9752610 1867388 
5 4 3 2 0 1 6 
337910 28528832 5189606 7086862 
4 3 2 0 5 6 1 
338700 21131944 6010730 5373558 
4 3 2 0 5 1 6 
339876 21141094 6063492 5202610 
1 2 4 6 5 3 0 
339916 2850676 9739690 14019680 
3 2 4 6 5 1 0 
340482 3345158 10651588 13764642 
0 1 4 2 5 3 6 
341146 24967142 7375980 3402094 
1 2 4 6 0 3 5 
341558 2844310 14913720 13374666 
3 2 4 6 0 1 5 
342068 3339088 16111242 13221484 
4 0 3 5 2 6 1 
342232 33523094 5176204 5684178 
0 6 3 5 4 2 1 
343076 25222468 11859598 2973782 
5 3 0 2 4 6 1 
343688 28822702 4381986 5193180 
1 4 6 3 0 5 2 
344634 9309740 17259742 5984306 
6 2 4 1 5 3 0 
344692 2996034 9704058 13968732 
5 3 0 2 4 1 6 
344888 28987138 4438276 5021140 
6 2 4 1 0 3 5 
346314 2989668 14872688 13374646 
0 3 4 2 5 6 1 
346442 24997694 7015854 3999018 
4 6 2 3 0 5 1 
346540 18386000 16869054 3216010 
0 3 4 2 5 1 6 
346638 25168150 7070844 3827706 
6 3 2 4 5 1 0 
346890 13391198 11099202 7211330 
6 1 2 3 4 5 0 
347010 10959976 16313050 5527254 
5 1 2 3 0 4 6 
347870 24307820 11024118 3243690 
1 4 2 0 5 6 3 
347906 12878880 7591494 8647814 
1 4 3 6 0 5 2 
348218 8711864 17427068 5958172 
6 4 1 3 0 5 2 
348860 9071392 17261682 5984890 
3 4 2 0 5 6 1 
350064 11946312 7045538 8134268 
6 4 3 1 0 5 2 
351036 8857048 17386022 5958152 
3 4 2 0 5 1 6 
351240 11955462 7098300 7963320 
4 6 2 0 5 3 1 
352356 20804866 6545718 4774058 
0 1 3 5 4 2 6 
352818 25253758 11585634 2974378 
2 0 3 4 5 6 1 
352856 12707134 6690580 7918676 
0 2 4 6 5 3 1 
353668 9530036 7696312 10706214 
0 6 2 4 5 3 1 
353862 20535098 8070138 3348724 
5 6 0 2 4 3 1 
354816 28898180 5155540 4587014 
0 6 2 4 5 1 3 
356480 20379660 8317448 3779916 
0 2 4 3 5 6 1 
356650 8670580 7201046 10703322 
0 2 4 3 5 1 6 
356920 8786296 7257052 10445990 
3 2 4 6 5 0 1 
358230 5831912 9940940 11199694 
3 6 2 0 5 4 1 
358664 15080824 12475198 3811026 
4 1 2 3 0 5 6 
358696 18432846 16674960 3215914 
3 6 2 4 5 0 1 
359260 16614974 10470542 3839198 
5 6 0 2 4 1 3 
359438 29080508 5067772 5019298 
4 1 2 0 5 3 6 
360712 20851364 6367104 4774622 
1 2 4 6 5 0 3 
360922 5054644 9291536 11195580 
5 1 0 2 4 3 6 
360976 28898634 4978912 4587674 
3 2 4 1 5 0 6 
363778 6178486 9944372 10941874 
4 3 5 6 2 1 0 
364396 12531138 11054636 5382856 
5 1 0 2 4 6 3 
364398 28916526 4834854 5191998 
0 1 2 4 5 3 6 
366094 20581944 7891552 3349288 
1 3 5 6 2 0 4 
366244 7346054 16235606 7633158 
6 2 4 1 5 0 3 
366686 5090458 9254852 11144632 
4 3 5 1 2 6 0 
366924 12871406 10981180 5382368 
0 3 2 4 5 6 1 
366958 20261598 7529518 3948224 
3 1 2 0 5 4 6 
367020 15127322 12296584 3811590 
0 3 2 4 5 1 6 
367146 20380292 7583332 3777276 
5 6 4 2 0 3 1 
367894 27876962 6050920 3166500 
2 0 1 4 5 6 3 
368258 12734688 7238490 7437226 
4 3 0 5 2 6 1 
368354 33311448 5717334 2714014 
6 0 4 1 2 3 5 
368816 3639062 16104866 10855496 
4 3 0 5 2 1 6 
369550 33421104 5798966 2541974 
2 0 6 4 5 1 3 
369808 12808642 7422598 7429808 
1 0 4 6 2 3 5 
369844 3494226 16137840 10931908 
6 3 5 1 2 0 4 
370080 7381694 16201608 7556746 
1 3 5 6 2 4 0 
370850 7789658 14544860 6277222 
3 0 4 6 2 1 5 
370852 3989124 17261502 10855118 
3 6 0 2 4 5 1 
373084 23855278 18119218 2106026 
6 3 5 1 2 4 0 
373698 7934842 14511914 6200810 
4 3 0 2 1 5 6 
373710 18780646 18133136 2258800 
5 3 2 0 4 6 1 
375536 21426972 5324788 5046964 
3 0 5 6 2 1 4 
375656 5563190 11297626 11020600 
0 6 4 2 3 5 1 
376372 28073386 18061400 1565908 
0 6 4 2 1 5 3 
376652 28072022 17316990 2136252 
5 3 2 0 4 1 6 
376712 21436122 5377550 4876016 
4 0 3 2 5 6 1 
377786 15084944 6052430 8351274 
4 6 5 1 2 3 0 
377852 13353276 10399368 5895320 
3 4 0 6 5 1 2 
378524 3887098 14522992 7971652 
1 6 0 2 4 5 3 
378722 24320800 17266532 2460058 
1 4 0 6 5 3 2 
378966 3366042 14102068 8223216 
3 1 0 2 4 5 6 
379244 23855732 17942590 2106686 
5 1 4 2 0 3 6 
379318 27908460 5857488 3166436 
3 4 0 1 5 6 2 
381052 4197860 14180290 7971956 
6 4 0 1 5 3 2 
381784 3475934 14108422 8172288 
4 0 5 3 2 6 1 
381792 13143444 7113220 5910762 
5 6 2 0 4 3 1 
382224 21099790 6095258 4443174 
5 1 4 2 0 6 3 
382784 27893154 6005128 3766756 
4 1 5 6 2 3 0 
383532 12928788 10417444 5896006 
3 6 5 1 2 4 0 
383798 9145090 14336078 6717914 
6 1 0 2 4 5 3 
383968 23855288 17285628 2581374 
2 3 0 5 4 6 1 
384834 30666230 5093486 2621516 
5 3 4 2 0 6 1 
385762 27939028 5476642 3764680 
3 6 4 2 0 5 1 
385922 22954220 17128038 1719512 
2 3 0 5 4 1 6 
386528 30775894 5149250 2449476 
5 6 2 0 4 1 3 
386870 21437404 6011018 4874366 
5 3 4 2 0 1 6 
386954 28109500 5479896 3593368 
0 1 4 2 3 5 6 
387872 28104884 17883476 1566504 
4 3 5 6 2 0 1 
388906 14800700 11917000 2791700 
6 0 5 3 2 4 1 
388934 8408132 10645986 6729508 
3 1 5 6 2 4 0 
389478 8720602 14354154 6718600 
1 0 5 3 2 4 6 
390006 8718760 10490672 6806160 
4 6 0 2 3 5 1 
390514 18872998 18056976 1882460 
5 1 2 0 4 3 6 
390580 21146288 5916644 4443738 
4 6 0 2 1 5 3 
390884 18873506 17306734 2256298 
1 6 4 2 0 5 3 
391542 23419616 16089538 2302918 
6 3 2 0 4 5 1 
392406 16366244 19215952 2436340 
4 3 5 1 2 0 6 
392614 15147100 11922824 2619900 
4 0 5 1 2 6 3 
392776 12581460 7599098 5393866 
5 6 2 4 0 3 1 
392890 29543256 5642854 3262082 
1 3 5 6 4 2 0 
393160 9607476 16422538 5431934 
4 0 1 2 5 6 3 
393248 15218374 6474340 7869764 
1 3 2 0 4 5 6 
393260 16366154 19081284 2315162 
4 0 5 6 2 1 3 
393764 12241608 7864634 5394354 
6 0 5 3 1 4 2 
394074 8406052 9873856 10774840 
2 0 4 3 5 6 1 
394144 16319816 5925114 8077118 
4 0 6 2 5 1 3 
394294 15329454 6679974 7862356 
1 3 5 6 0 2 4 
394450 9591018 11675434 6421446 
4 0 5 6 2 3 1 
394806 12485112 7787040 5906834 
4 0 5 1 2 3 6 
394850 12940576 7598752 5907074 
6 3 5 1 4 2 0 
395504 9807432 16387418 5380986 
4 1 0 2 3 5 6 
396674 18873452 17880348 1883120 
6 3 5 1 0 2 4 
396774 9790974 11634914 6421426 
4 1 0 2 6 5 3 
397176 18874108 17248848 2377410 
3 1 4 2 0 5 6 
397346 22985718 16934606 1719448 
1 2 4 0 5 6 3 
398064 12395982 6752248 11184296 
6 2 4 0 5 1 3 
398558 12402258 6962222 11134140 
2 0 5 3 4 6 1 
399402 17652628 5602508 5969994 
6 0 5 1 2 4 3 
399910 7644828 10937780 6212308 
2 3 5 6 4 0 1 
400334 20086618 10650396 2849382 
3 6 2 0 4 5 1 
400420 15435348 19188104 1958958 
6 2 4 0 5 3 1 
400734 12082552 6693942 11393292 
3 2 4 0 5 6 1 
400762 11463498 6328404 11186738 
1 0 5 6 2 4 3 
400938 7499992 10970754 6288720 
0 6 2 4 3 5 1 
400956 26063460 18477722 1663370 
4 6 5 1 2 0 3 
401468 15269854 11341358 2619644 
1 2 4 0 5 3 6 
401498 12082448 6538922 11186116 
4 6 0 5 2 3 1 
401618 32950182 6396222 2109498 
3 2 4 0 5 1 6 
402020 11469670 6383358 10929406 
6 1 4 2 0 5 3 
402048 22985120 16050538 2474482 
3 0 5 6 2 4 1 
403092 8276484 10475412 6729428 
3 0 5 1 2 4 6 
403136 8731948 10287124 6729668 
1 3 4 2 0 5 6 
403244 23497498 16808010 2300778 
2 3 5 1 4 0 6 
404054 20588384 10653814 2677734 
3 6 5 1 0 2 4 
404474 11001382 11515076 5841506 
2 0 4 6 5 3 1 
404650 16247928 6411212 8079098 
5 1 2 4 0 3 6 
405046 29590102 5448760 3261986 
2 0 4 1 5 6 3 
405174 16460448 6436258 7561550 
6 0 5 1 3 4 2 
405372 7640446 9901678 10862800 
0 6 4 5 2 3 1 
405536 25350896 6400726 3524676 
5 4 2 0 1 3 6 
405740 20620838 4635712 8013340 
5 4 2 0 6 3 1 
405872 20620362 4764498 8122902 
4 1 0 5 2 3 6 
405878 32950462 6227334 2110488 
1 6 2 0 4 5 3 
406118 16366926 18274362 2313512 
1 0 5 6 3 4 2 
406410 7495610 9937352 10913748 
2 0 4 6 5 1 3 
406648 15965238 6678332 7561886 
4 1 5 6 2 0 3 
407000 14954846 11357402 2792370 
5 3 2 4 0 6 1 
407058 29269772 5066006 3862242 
0 3 4 5 2 6 1 
407164 25849794 5721860 4124836 
0 3 4 5 2 1 6 
407356 25965470 5802192 3953524 
3 6 0 5 2 4 1 
407740 29401626 8662354 2940338 
3 0 5 6 1 4 2 
408162 8274404 9684382 10953008 
5 3 2 4 0 1 6 
408242 29388482 5068084 3691294 
3 1 2 0 4 5 6 
408776 15481846 19009490 1959522 
5 4 2 0 3 6 1 
409306 20948388 4103070 7920840 
6 0 5 3 4 2 1 
409698 9952724 13844638 5911994 
2 0 5 6 4 3 1 
409986 17771086 6393638 5966826 
2 0 5 1 4 3 6 
410042 18381916 6202944 5967218 
3 6 2 4 0 5 1 
410366 19855374 17710260 1790346 
3 1 5 6 0 2 4 
410408 10522154 11518124 6013242 
2 0 5 1 4 6 3 
410458 18022840 6073950 5454010 
5 4 2 0 3 1 6 
410482 20957538 4155832 7749892 
4 6 5 3 2 0 1 
410636 15231986 11923096 2190320 
0 6 5 3 2 4 1 
410820 13791552 9745328 3864664 
1 0 5 3 4 2 6 
411282 10263286 13592050 5963182 
2 0 5 6 4 1 3 
411932 17527630 6316024 5454346 
3 6 4 5 2 0 1 
411954 27386374 9983506 2702692 
3 1 0 5 2 4 6 
412000 29401906 8493466 2941328 
2 6 5 1 4 0 3 
412718 20711138 10033578 2675828 
0 1 2 4 3 5 6 
413188 26110306 18299136 1663934 
0 1 4 5 2 3 6 
415136 25382220 6230542 3525602 
2 6 0 5 4 3 1 
415418 30304924 5862944 2015350 
1 6 5 3 0 2 4 
415596 10661476 11707522 5994390 
2 6 0 5 4 1 3 
416582 30870656 5778858 2447634 
0 1 4 5 2 6 3 
417638 25805138 6227182 4125922 
2 1 5 6 4 0 3 
418200 20240764 10044274 2848072 
2 1 0 5 4 6 3 
419110 30761272 5546452 2620334 
2 1 0 5 4 3 6 
419640 30305204 5686302 2016010 
0 1 5 3 2 4 6 
420420 13822876 9575144 3865590 
6 0 5 1 4 2 3 
420722 9517656 13539744 5394794 
2 6 5 3 4 0 1 
421814 19741074 10629752 2245592 
1 0 5 6 4 2 3 
422254 9318048 13574892 5445742 
3 1 2 4 0 5 6 
422522 19902220 17516166 1790250 
4 3 5 0 2 6 1 
422926 21397582 6898128 2809232 
6 1 5 3 0 2 4 
423854 10382204 11670050 6166106 
4 3 5 0 2 1 6 
424106 21403714 6977408 2637920 
2 3 4 5 0 6 1 
426908 31917722 3320442 4272950 
3 6 0 5 4 2 1 
427280 28536368 11882860 2118810 
4 1 2 0 3 5 6 
427966 24188846 16861648 2070708 
3 0 2 6 5 1 4 
428308 5049080 11554620 11809852 
2 6 4 5 0 3 1 
428496 31418872 3890624 3674770 
2 3 4 5 0 1 6 
428594 32033422 3323170 4101638 
6 3 5 0 2 4 1 
429700 16461018 10428862 3627674 
1 3 5 0 2 4 6 
430552 16460914 10273548 3531982 
3 1 0 5 4 2 6 
431682 28536614 11610192 2119470 
4 0 2 3 5 6 1 
434326 12766630 5947726 8457928 
2 1 4 5 0 6 3 
437496 31873066 3849026 4275026 
2 1 4 5 0 3 6 
437982 31450196 3697178 3674706 
5 4 0 2 1 3 6 
438356 29660084 3926290 7846006 
2 3 5 0 4 6 1 
440186 24819204 5349980 2865090 
3 6 4 5 0 2 1 
440844 29406992 13730824 1684380 
2 3 5 0 4 1 6 
441864 24825344 5403392 2693778 
5 4 0 2 3 6 1 
441874 29676438 3396636 7744800 
5 4 0 2 3 1 6 
443074 29840874 3452926 7572760 
1 2 3 6 5 0 4 
443484 4618806 13863334 8284840 
1 2 6 3 5 0 4 
443576 5397362 13688354 8317346 
4 0 2 1 5 6 3 
445296 12081026 6454982 7941256 
4 0 2 6 5 1 3 
446278 11726532 6697054 7942140 
3 2 6 1 5 0 4 
446366 5638286 13823398 8062756 
0 2 1 3 5 6 4 
446978 8253862 10842344 7574240 
4 0 2 6 5 3 1 
447292 11991162 6433834 8457168 
4 0 2 1 5 3 6 
447338 12464286 6242492 8457376 
3 2 1 6 5 0 4 
448522 5374042 13861378 8069860 
3 4 0 6 1 5 2 
448626 10724900 18367842 5043842 
6 2 3 1 5 0 4 
449248 4654620 13826650 8233892 
3 1 4 5 0 2 6 
450510 29438282 13441352 1684316 
0 3 5 4 2 6 1 
451184 22662402 5549216 4463832 
0 3 5 4 2 1 6 
451376 22778078 5629548 4292520 
6 2 1 3 5 0 4 
451496 5168932 13689650 8273502 
3 4 0 1 6 5 2 
452478 11145540 18299620 4992558 
6 0 2 1 5 4 3 
452796 6961150 12670668 7182848 
1 4 0 6 3 5 2 
453722 9946986 18269138 5022160 
1 0 2 6 5 4 3 
453824 6798668 12727342 7233806 
0 3 4 5 1 2 6 
454950 26522914 13269448 2095366 
1 3 5 4 2 0 6 
455622 18370146 11286364 3510870 
4 6 5 0 2 1 3 
455814 21529172 7644462 2637664 
6 4 0 1 3 5 2 
456540 10056878 18275492 4971232 
0 6 4 5 3 2 1 
456566 26447542 13444162 1522872 
0 6 4 5 1 2 3 
456818 26446696 13218494 2093216 
5 2 4 0 1 3 6 
457048 20142742 5296002 10808998 
5 2 4 0 6 3 1 
457240 20142474 5416092 11007880 
0 2 4 5 3 6 1 
457390 25810412 3749468 8859190 
0 2 4 5 3 1 6 
457660 25926128 3805474 8601858 
4 6 5 0 2 3 1 
457670 21170536 7578044 2203924 
0 6 5 4 2 3 1 
459176 23035934 6234764 3858524 
5 2 4 0 1 6 3 
461084 20456396 5121308 10807178 
5 2 4 0 3 6 1 
461384 20456650 4722144 10820498 
0 6 5 4 2 1 3 
461766 22901622 6296448 4292264 
6 4 0 3 1 5 2 
462298 10181718 18508632 4865654 
3 4 2 5 0 6 1 
462312 28578794 4530508 6096526 
5 2 4 0 6 1 3 
462534 20462300 5296352 10748728 
1 6 5 0 2 4 3 
462620 16586304 10748550 3531726 
5 2 4 0 3 1 6 
462642 20462822 4777098 10563166 
1 4 0 3 6 5 2 
463332 10492466 18434056 4865298 
4 1 5 0 2 3 6 
463394 21201512 7407832 2204850 
3 4 2 5 0 1 6 
463496 28697504 4532586 5925578 
3 6 5 0 2 4 1 
463564 15653770 10253208 3024542 
1 0 5 4 2 6 3 
464524 15695658 6961642 6284836 
3 6 5 4 2 0 1 
464886 18959602 11087696 3004798 
0 1 4 5 3 2 6 
466308 26478832 13170198 1523468 
1 0 5 4 2 3 6 
467586 15945230 6960244 6798044 
3 0 5 4 2 6 1 
467658 16161286 6271164 6725240 
4 6 5 0 3 2 1 
467692 25508404 14495342 2189586 
0 1 5 4 2 3 6 
468776 23067258 6064580 3859450 
3 1 5 0 2 4 6 
469288 15684746 10082996 3025468 
2 3 5 4 0 6 1 
469288 15974410 5091198 4300018 
2 3 5 4 0 1 6 
470974 16090110 5093926 4128706 
2 6 5 0 4 3 1 
472250 24592118 6120466 2258132 
2 6 5 0 4 1 3 
473382 24950802 6031676 2691872 
4 1 5 0 3 2 6 
473558 25539346 14221350 2190182 
2 1 5 0 4 3 6 
477936 24623094 5942500 2258728 
0 4 2 5 1 3 6 
477966 25183648 4492330 5950566 
0 4 2 5 6 3 1 
478078 25183172 4615716 6111056 
2 6 5 4 0 3 1 
480496 16347990 5668062 3696690 
0 4 2 5 3 6 1 
480504 25620742 3949940 5959922 
0 4 2 5 3 1 6 
480692 25739436 4003754 5788974 
0 3 2 5 4 6 1 
483366 26102632 5120624 3569862 
0 3 2 5 4 1 6 
483554 26221326 5174438 3398914 
4 3 2 5 0 6 1 
486630 34815778 3343054 3810474 
4 3 2 5 0 1 6 
487814 34934488 3345132 3639526 
0 4 3 5 2 1 6 
488704 25196306 4405644 7740044 
2 1 5 4 0 3 6 
489982 16379314 5474616 3696626 
2 3 5 4 1 0 6 
490938 18368782 8988338 3449600 
2 3 5 4 6 0 1 
491088 18368366 8968264 3537328 
3 6 5 4 0 2 1 
493120 16718680 15013118 1718674 
3 6 2 5 4 0 1 
501378 27680704 9802998 1963138 
3 1 5 4 0 2 6 
502786 16749970 14723646 1718610 
2 6 5 4 3 0 1 
503108 18490248 8836032 2905892 
2 6 5 4 1 0 3 
503402 18491884 8352622 3447034 
1 2 0 3 5 6 4 
503732 4711740 10870122 8220342 
4 6 2 5 0 3 1 
504078 34379488 3913246 3210314 
6 2 0 3 5 1 4 
504202 4510836 11123152 8169110 
2 0 5 4 1 3 6 
504510 15943890 4607876 6737764 
2 0 5 4 6 3 1 
504532 15943622 4746710 6654112 
2 0 5 4 1 6 3 
504934 15694374 4428198 6224556 
2 0 4 5 1 3 6 
505214 32104852 3023830 6452180 
2 0 4 5 6 3 1 
505236 32104584 3162664 6368528 
2 0 5 4 3 6 1 
505344 15691924 4037614 6626004 
2 0 4 5 1 6 3 
505742 32528242 2859440 5934240 
2 0 4 5 3 6 1 
506152 32528496 2425332 6382878 
2 0 5 4 6 1 3 
506486 15809726 4618412 6141632 
0 3 5 2 4 6 1 
506870 27651336 4434316 3959652 
0 3 5 2 4 1 6 
507066 27821792 4489306 3788340 
1 2 0 6 5 3 4 
507142 3712456 11170274 8216902 
2 0 4 5 6 1 3 
507294 32643594 3049654 5851316 
3 2 0 6 5 1 4 
507780 4233308 11015042 7965338 
4 3 5 2 0 1 6 
508906 17712194 5527700 3568668 
0 6 5 4 3 2 1 
510022 22937270 13328156 1781602 
3 6 2 5 0 4 1 
510728 30566580 10329810 1766354 
6 2 0 1 5 3 4 
511898 3822522 11176642 8165974 
3 2 0 1 5 6 4 
512066 4544278 10768380 7965642 
2 1 5 4 6 0 3 
512754 18522860 8346662 3535358 
4 1 2 5 0 3 6 
516234 34426334 3719152 3210218 
0 2 5 4 1 6 3 
517986 22973690 4005042 9045974 
0 2 5 4 3 6 1 
518246 22971240 3638602 9113960 
0 2 5 4 3 1 6 
518516 23086956 3694608 8856628 
0 1 5 4 3 2 6 
519764 22968560 13054192 1782198 
1 0 2 4 5 3 6 
520074 14374888 7073384 7770198 
3 0 2 4 5 6 1 
520192 14566898 6740970 7516080 
3 1 2 5 0 4 6 
522884 30613426 10135716 1766258 
0 6 5 2 4 3 1 
524342 27751838 5207874 3352694 
0 6 5 2 4 1 3 
526956 27946206 5117506 3786434 
4 0 5 2 1 6 3 
529924 17260468 4896448 5333486 
0 6 2 5 3 4 1 
529992 27608544 9713014 1630410 
4 0 5 2 3 6 1 
530274 17258018 4489664 5887718 
4 0 5 2 6 1 3 
530972 17430592 5084488 5276026 
4 6 5 2 0 3 1 
531082 17642312 6098750 3136652 
3 4 5 6 0 1 2 
531168 6428050 13351746 6025238 
1 4 5 6 0 3 2 
531634 5894978 13119478 6173402 
4 0 5 2 1 3 6 
531970 17236124 5073496 5846694 
3 4 5 1 0 6 2 
533708 6768096 13055972 6024750 
1 4 5 6 2 3 0 
533974 5899760 9638464 11069130 
6 4 5 1 0 3 2 
534452 6040162 13078432 6173382 
4 3 5 2 1 0 6 
535422 19278830 9450374 2558530 
4 3 5 2 6 0 1 
535562 19278414 9427600 2671722 
0 1 5 2 4 3 6 
535842 27783336 5029950 3353290 
6 4 5 1 2 3 0 
536822 6044944 9605518 10992718 
0 1 5 2 4 6 3 
538260 27807248 4884592 3958342 
3 6 5 2 0 4 1 
538560 20977114 11029882 1729814 
0 2 3 5 4 6 1 
541600 25523138 3523604 10255650 
0 2 3 5 4 1 6 
541870 25638854 3579610 9998318 
0 1 2 5 3 4 6 
542224 27655390 9534428 1630974 
4 1 5 2 0 3 6 
542506 17673810 5905318 3136588 
1 5 0 6 4 3 2 
544476 3411986 12376788 13557236 
0 4 5 6 2 3 1 
546438 12578112 6112396 8141364 
4 0 2 5 1 6 3 
546904 35320348 2878164 5188146 
4 0 2 5 3 6 1 
547254 35319354 2447944 5767788 
6 5 0 1 4 3 2 
547294 3521878 12383142 13506308 
4 0 2 5 6 1 3 
547944 35438502 3068376 5127420 
4 0 2 5 1 3 6 
548886 34881908 3045804 5704266 
4 0 2 5 6 3 1 
548898 34881432 3185286 5642448 
0 4 5 6 2 1 3 
549176 12334320 6176112 8403064 
3 5 0 1 2 6 4 
549586 4246384 9649132 15912054 
3 1 5 2 0 4 6 
549984 21008612 10836450 1729750 
0 4 5 1 2 3 6 
550138 12723192 5924136 7969260 
4 5 0 3 2 6 1 
551068 11556996 6114302 12780618 
4 5 0 3 2 1 6 
552264 11666652 6195934 12608578 
0 4 5 1 2 6 3 
552684 12363724 5907520 8402272 
3 4 5 6 1 0 2 
552978 8706280 15897018 5341842 
1 2 5 3 0 6 4 
553740 6606034 10168282 6185438 
6 2 5 3 0 1 4 
554198 6411138 10326984 6185906 
0 4 5 2 3 6 1 
554516 28214106 3448966 6097034 
6 5 0 3 2 4 1 
554598 6883928 9173644 13607470 
0 4 5 2 3 1 6 
554712 28384562 3503956 5925722 
1 5 0 3 2 4 6 
555490 7194528 8977626 13512126 
6 5 0 3 1 4 2 
556018 6868952 8940666 12114962 
1 4 5 6 3 0 2 
556050 7927558 15986962 5305552 
3 4 5 1 6 0 2 
556826 9052264 15880068 5283234 
1 5 0 3 6 4 2 
557052 7179700 8866090 12114606 
1 2 5 6 0 3 4 
557162 5636034 10515362 6181206 
4 6 5 2 3 0 1 
557222 19401166 9281938 2167606 
4 6 5 2 1 0 3 
557576 19402802 8814728 2555964 
3 2 5 6 0 1 4 
557776 6168902 10171474 6033042 
0 4 5 3 2 6 1 
558152 11528980 5421768 8143620 
0 4 5 3 2 1 6 
558344 11644656 5502100 7972308 
0 6 5 2 3 4 1 
558864 26108198 9180686 1791678 
6 4 5 1 3 0 2 
559876 7963198 15950264 5254604 
1 2 5 6 4 3 0 
561056 5646498 8826692 12132584 
6 2 5 1 0 3 4 
561918 5781392 10474330 6181186 
3 2 5 1 0 6 4 
562074 6509156 9971740 6032554 
6 4 5 3 1 0 2 
565642 8237350 16080860 5163674 
1 4 5 3 6 0 2 
565664 8547694 16100608 5156014 
6 2 5 1 4 3 0 
565832 5791856 8791060 12081636 
4 5 0 6 2 1 3 
566880 10614232 6871424 11919466 
4 5 0 6 2 3 1 
567594 10869648 6785062 12777482 
4 1 5 2 6 0 3 
568856 19433952 8806082 2669752 
4 5 0 1 2 6 3 
569404 10925068 6602828 11919770 
0 1 5 2 3 4 6 
570364 26139696 9002762 1792274 
4 5 0 1 2 3 6 
571314 11290140 6598098 12605746 
0 2 5 6 4 3 1 
574664 12324850 5296802 10654110 
0 2 5 3 1 6 4 
575776 11272984 8100872 6286006 
0 2 5 3 6 1 4 
576218 11388432 8271568 6278484 
0 2 5 6 3 1 4 
576338 12076784 8452490 6097316 
0 2 5 3 4 6 1 
577568 11275048 4496504 10656366 
3 2 5 6 1 0 4 
577740 8447574 14065886 5353936 
3 5 0 1 6 4 2 
577814 7123000 8724998 12241866 
0 2 5 3 4 1 6 
577838 11390764 4552510 10399034 
0 2 5 1 4 3 6 
580204 12470104 5106150 10395986 
1 2 5 6 3 0 4 
580584 7668852 14109306 5315666 
1 2 5 3 6 0 4 
580698 8288118 14261652 5167778 
6 2 5 3 1 0 4 
580714 7977774 14249658 5175768 
0 2 5 1 3 6 4 
581608 12106322 8205832 6096524 
1 2 5 6 4 0 3 
582298 7672404 9943100 9287008 
0 2 5 1 4 6 3 
583140 12110836 4967904 10398898 
3 2 5 1 6 0 4 
583488 8793732 14041196 5294998 
6 2 5 1 3 0 4 
586348 7704666 14072622 5264718 
6 2 5 1 4 0 3 
588062 7708218 9906416 9236060 
4 5 0 2 3 6 1 
589466 16673694 3956718 12564318 
4 5 0 2 3 1 6 
590666 16838130 4013008 12392278 
1 4 5 0 2 6 3 
613616 14214668 6619102 7638642 
6 4 5 0 2 1 3 
613944 14220904 6853696 7563022 
3 4 5 0 2 6 1 
615760 13282002 5928624 7303498 
3 4 5 0 1 6 2 
616182 13285990 11599342 5357398 
6 4 5 0 2 3 1 
616640 13862204 6784194 7301322 
3 4 5 0 2 1 6 
616940 13288134 6007904 7132186 
3 4 5 0 6 1 2 
617490 13291928 11878166 5299278 
4 5 2 0 1 6 3 
617972 21944038 3391616 11829600 
4 5 2 0 3 6 1 
618562 21943044 2940004 12752002 
4 5 2 0 6 1 3 
619280 21952712 3573164 11768214 
4 5 2 0 3 1 6 
619738 21952194 2992766 12581054 
4 5 2 0 1 3 6 
619806 21615078 3557224 12517760 
3 2 5 0 1 6 4 
619848 13024788 8615730 5369492 
4 5 2 0 6 3 1 
619938 21614602 3686010 12627322 
3 2 5 0 6 1 4 
621298 13030692 8790774 5311042 
3 2 5 0 4 6 1 
621680 13026852 5022162 9637996 
1 5 3 6 0 4 2 
622110 5426956 9156772 13160356 
3 2 5 0 4 1 6 
622938 13033024 5077116 9380664 
6 5 3 1 0 4 2 
624928 5572140 9115726 13160336 
1 5 2 3 4 6 0 
627012 5917086 9361106 10064294 
6 5 2 3 4 1 0 
627326 5725006 9354452 10014220 
4 5 3 2 0 6 1 
639480 16270588 4032602 13560008 
2 5 0 4 3 6 1 
639728 14426192 4324214 13302994 
4 5 3 2 0 1 6 
640672 16441060 4035856 13388696 
2 5 0 4 3 1 6 
641422 14535856 4379978 13130954 
1 5 2 6 4 3 0 
644526 4830208 8880780 10063230 
6 5 2 1 4 3 0 
647374 4993038 8824134 10012272 
0 5 2 3 4 6 1 
652300 10575648 5763600 13657726 
0 5 2 3 4 1 6 
652488 10694342 5817414 13486778 
4 5 2 3 0 6 1 
653564 13074154 3772110 13879058 
4 5 2 3 0 1 6 
654748 13192864 3774188 13708110 
0 5 2 6 4 1 3 
667224 11244988 6484762 12799530 
4 5 2 6 0 1 3 
669352 12034484 4468002 13019190 
4 5 2 6 0 3 1 
670054 12298954 4302086 13878298 
4 5 2 1 0 6 3 
671894 12389246 4269798 13018306 
4 5 2 1 0 3 6 
673780 12772426 4105960 13706466 
2 5 4 0 3 6 1 
681980 25128078 2917392 13373020 
1 5 4 6 2 3 0 
689248 4405630 8850290 10936322 
6 5 4 1 2 3 0 
692096 4550814 8817344 10859910 
0 5 4 3 2 6 1 
697078 10224462 6118828 14197520 
0 5 4 3 2 1 6 
697270 10340138 6199160 14026208 
0 5 4 1 2 6 3 
715504 10831888 6613186 13338328 
2 5 4 3 0 6 1 
717122 17224586 3749498 14348526 
2 5 4 3 0 1 6 
718808 17340286 3752226 14177214 
