65 4
3 1 5 4 2 0 
3367224 2311898 1088260 24168980 
3 5 1 4 2 0 
3397974 1626406 879628 23851856 
3 1 2 4 5 0 
3398450 1922114 1005154 19923558 
3 2 1 4 5 0 
3430400 1696780 946484 19386800 
3 0 1 4 2 5 
3513712 1649926 885190 23822558 
3 0 1 4 5 2 
3530842 1781004 922622 19279278 
3 5 2 4 1 0 
3594818 1758432 931840 11314140 
3 2 5 4 1 0 
3596018 2218590 1081802 11094506 
3 1 0 4 5 2 
3631492 1794366 917180 19709322 
0 2 1 4 5 3 
3633594 1551680 864898 19550510 
0 5 1 4 2 3 
3658698 1482406 838852 13620126 
3 0 2 4 1 5 
3724892 1658528 951994 11441194 
0 3 1 4 2 5 
3831314 1583024 834372 13493106 
2 0 1 4 5 3 
4037580 1477708 807250 11044054 
5 0 1 4 2 3 
4045554 1462098 824712 10981284 
5 3 1 4 2 0 
4102432 1539196 814670 10883562 
2 0 3 1 4 5 
4181610 2706478 1390332 8711876 
2 5 3 1 4 0 
4228016 2775358 1370138 8623902 
2 3 0 1 4 5 
4233060 2610886 1369804 8286862 
2 3 5 1 4 0 
4298216 2504696 1296420 8105866 
5 3 0 1 4 2 
4304100 2165210 1228358 8499762 
2 0 5 1 4 3 
4392444 2494714 1247544 8115530 
5 3 2 1 4 0 
4460208 2203088 1258530 8285676 
5 2 0 1 4 3 
4468686 2464250 1153144 8118568 
2 0 4 1 3 5 
4509254 1162748 690144 23623600 
5 0 2 1 4 3 
4525836 2619686 1210204 7757990 
2 5 4 1 3 0 
4537740 1385908 651710 23340186 
3 0 4 2 5 1 
4577846 1389786 830608 19811700 
5 0 4 1 3 2 
4605398 1163208 713198 19025710 
0 5 4 1 3 2 
4651110 970244 570074 20628448 
5 2 4 1 3 0 
4664932 1385066 646182 18742234 
0 2 4 1 3 5 
4682158 968942 541492 20628386 
0 4 2 1 3 5 
4821208 1269256 636346 20625982 
2 3 4 1 0 5 
4844620 1366382 882340 13695394 
5 1 0 2 4 3 
4845564 2419184 1121250 7925016 
5 0 1 2 4 3 
4877664 1462398 824352 7720224 
2 3 1 5 4 0 
4894364 1557432 847606 7685382 
2 5 4 1 0 3 
4945830 1764696 773142 13187116 
2 0 1 5 4 3 
4947606 1478024 806938 7782994 
0 4 1 5 2 3 
4980654 1288806 669712 13621416 
2 1 0 5 4 3 
5102706 2353924 1085350 7681558 
5 3 1 2 4 0 
5103492 1539496 814310 7622502 
0 3 1 5 2 4 
5160968 1221102 715722 13709446 
3 2 4 5 1 0 
5161922 1498462 779594 10909310 
3 5 4 2 1 0 
5260370 1498616 762610 11104478 
0 4 1 2 5 3 
5314542 1288170 669974 19237686 
3 0 4 2 1 5 
5317580 1275288 797356 11387884 
3 0 4 5 1 2 
5379954 1274126 792212 11192668 
4 0 2 1 5 3 
5566572 2579808 1154362 7466248 
4 1 0 2 5 3 
5697186 2348138 1054772 7542814 
3 2 4 0 1 5 
5723210 1020668 622398 10957636 
4 0 1 2 5 3 
5730936 1414144 763022 7424394 
4 3 1 5 2 0 
5743954 1492266 775156 7326720 
3 5 4 0 1 2 
5884032 1019660 600270 10957588 
4 3 1 2 5 0 
5965788 1492250 775108 7326720 
0 5 4 3 1 2 
6272760 971034 569364 12656968 
0 2 4 3 1 5 
6391008 969732 540782 12656906 
4 5 1 0 2 3 
6441378 1439598 754296 7642714 
1 2 4 5 3 0 
6691978 1400676 672212 10337160 
1 0 4 5 3 2 
6911514 1176508 688518 10620526 
5 2 4 0 3 1 
7442596 1023474 529812 18973694 
1 5 4 2 3 0 
7537882 1401182 669692 10423048 
1 2 4 0 3 5 
7809346 922642 514800 10303502 
1 5 4 0 3 2 
7976184 922306 507424 10303486 
1 5 4 3 0 2 
8805318 922060 507386 12115186 
