54 4
2 1 0 5 4 3 
1474232 647210 11330224 1255160 
2 4 0 5 1 3 
1476006 594582 9965070 1088772 
0 4 2 5 1 3 
1477046 529342 8976414 1000972 
0 4 2 3 1 5 
1486658 529468 9015210 988454 
2 3 0 1 4 5 
1609666 386202 6951534 757172 
2 3 0 5 4 1 
1623550 385442 7090050 736822 
2 3 0 4 1 5 
1979456 409594 7089062 753810 
3 1 5 0 4 2 
2219410 309020 5452148 585948 
5 1 3 0 4 2 
2235988 310522 5263016 565308 
5 1 3 2 4 0 
2235988 310738 5244104 562420 
5 3 1 0 4 2 
2679760 281692 4395980 522828 
5 3 1 2 4 0 
2679760 281908 4377068 520430 
3 5 1 0 4 2 
2813218 281588 4225988 518430 
3 5 1 2 4 0 
2817490 281836 4226420 516016 
5 3 1 0 2 4 
3722078 276888 5300348 514676 
5 3 1 4 2 0 
3731156 278468 5209070 520886 
3 5 1 4 2 0 
3869086 278396 5277522 516572 
3 5 1 0 2 4 
3882436 276984 5470356 510278 
2 0 3 1 4 5 
3911654 154920 2937834 323554 
2 0 3 5 4 1 
3925538 154160 3076350 313494 
2 0 3 4 1 5 
4270884 123272 3425922 328032 
2 0 3 5 1 4 
4276758 122002 3567568 293312 
0 2 3 1 4 5 
4304870 154920 2985202 311936 
0 2 3 5 4 1 
4322492 154188 3140644 301862 
0 2 3 5 1 4 
4663490 121954 3502662 281680 
0 2 3 4 1 5 
4664024 123272 3390032 316376 
2 0 3 1 5 4 
4976466 113746 4074034 294540 
2 0 3 4 5 1 
4984476 114256 4070904 319200 
0 2 4 5 1 3 
5002538 170046 2859560 379578 
0 2 4 1 3 5 
5140204 153660 2792568 394014 
0 2 4 5 3 1 
5157826 153576 2891274 369396 
0 2 4 1 5 3 
5171274 137022 2908396 384348 
0 2 4 3 5 1 
5198508 137064 3045898 371712 
2 0 5 1 4 3 
5216144 138304 2970216 338848 
2 0 5 3 4 1 
5243912 138080 3133776 332270 
0 2 3 1 5 4 
5363226 113698 4039802 282922 
2 0 4 5 1 3 
5588046 170014 2863066 362130 
2 0 4 1 3 5 
5729988 153660 2819800 376552 
2 0 4 5 3 1 
5743872 153548 2901580 351948 
2 0 4 1 5 3 
5756754 136990 2881228 366886 
2 0 4 3 5 1 
5784522 137036 3021148 354248 
2 0 5 4 1 3 
5885124 121104 3743148 341268 
0 2 5 4 1 3 
5889368 121136 3731818 341244 
0 2 5 3 1 4 
5898446 119944 3883244 318530 
2 0 5 3 1 4 
5904882 119992 3942934 318514 
0 2 5 1 3 4 
6247750 113752 3980916 319514 
2 0 1 4 3 5 
6826272 122840 3221178 411882 
2 0 1 5 3 4 
6832146 121840 3339184 371102 
2 0 1 4 5 3 
7162788 120240 3600546 408642 
0 2 1 5 3 4 
7169728 121792 3270548 360924 
0 2 1 4 3 5 
7170262 122840 3181558 401680 
2 0 1 3 5 4 
7182546 119776 3743596 371344 
0 2 1 4 5 3 
7511082 120272 3615326 398440 
0 2 1 3 5 4 
7520160 119728 3710016 361182 
