228 3
4 3 2 5 6 0 1 
8800558 12927080 13685732 
2 1 5 0 3 6 4 
9006292 12758104 13789860 
2 0 4 1 6 3 5 
9017258 12523834 13662624 
5 6 2 4 3 0 1 
9058184 12552554 13514860 
6 3 2 5 4 0 1 
9100480 12539428 13320672 
5 4 2 6 3 0 1 
9135540 12370312 13574378 
2 5 4 1 6 3 0 
9139702 12335914 13503600 
1 3 2 5 6 0 4 
9158422 12755476 13136148 
2 0 4 5 6 3 1 
9187464 12421856 13257428 
4 1 2 5 6 0 3 
9210088 12261676 13293558 
6 5 4 1 2 3 0 
9240854 12205524 13301894 
3 4 6 0 2 5 1 
9276056 12306266 13214286 
4 3 2 5 6 1 0 
9292230 12381508 13135236 
1 2 6 3 4 5 0 
9298258 12434158 13098878 
2 1 4 0 6 3 5 
9301014 12064096 13208626 
2 1 4 5 6 3 0 
9313036 12072388 12972742 
0 2 6 3 4 5 1 
9368514 12337910 12972286 
3 1 6 0 2 5 4 
9396940 12294742 12932100 
6 1 0 5 4 2 3 
9399974 11973740 13246986 
0 3 2 5 6 1 4 
9403814 12452578 12927076 
6 0 4 1 2 3 5 
9409994 11898404 12990902 
0 3 5 2 1 6 4 
9427770 12291636 12960682 
6 1 4 5 2 3 0 
9451388 11828414 12798812 
5 6 4 2 0 3 1 
9527530 12123682 12751774 
6 3 2 5 4 1 0 
9577086 12018036 12787102 
5 6 4 2 1 3 0 
9586432 12018526 12717282 
4 5 2 1 6 0 3 
9598658 11728112 12931580 
1 3 2 6 5 0 4 
9602706 12210540 12651736 
1 3 5 2 0 6 4 
9602946 12193102 12631914 
3 0 6 4 2 5 1 
9615234 11666726 12882004 
3 6 4 0 2 5 1 
9619088 11787276 12764156 
1 0 4 6 5 3 2 
9621112 11822100 12635768 
6 1 4 0 2 3 5 
9649350 11574234 12503752 
1 6 4 2 0 3 5 
9676022 11857468 12455890 
4 5 2 3 6 0 1 
9679206 11573470 12809278 
3 0 4 6 2 5 1 
9749922 11510032 12960484 
6 1 3 5 2 4 0 
9758686 11461572 12917068 
4 5 0 1 6 2 3 
9779954 11513416 12789776 
3 1 4 5 2 6 0 
9780334 11486074 12808402 
0 6 4 2 1 5 3 
9781540 11513476 12767814 
6 3 4 5 2 1 0 
9781690 11505110 12580674 
1 6 4 0 2 3 5 
9788822 11776180 12502222 
5 1 2 6 4 0 3 
9806454 11500500 12729514 
3 5 4 1 2 6 0 
9820686 11364608 12653108 
0 6 4 2 5 3 1 
9824270 11665736 12348764 
0 6 2 3 4 5 1 
9824834 11649724 12502050 
1 6 4 2 5 3 0 
9844462 11566356 12261160 
0 6 2 4 1 5 3 
9875568 11537386 12577642 
3 2 4 6 5 1 0 
9876104 11463328 12421100 
1 5 2 3 4 0 6 
9882510 11511772 12397970 
3 0 4 5 2 6 1 
9897286 11331448 12643580 
6 5 2 3 4 0 1 
9898128 11433138 12383738 
0 3 4 2 5 1 6 
9919404 11357168 12452680 
0 1 4 6 5 3 2 
9921484 11427468 12262494 
1 0 4 5 6 3 2 
9928444 11626308 12146912 
5 3 4 2 0 1 6 
9931472 11291734 12362658 
0 1 4 5 6 3 2 
9944560 11466540 12047142 
4 0 2 3 6 1 5 
9975638 11234274 12737032 
5 3 6 2 4 0 1 
10018330 11261170 12660202 
6 0 1 5 4 2 3 
10020046 11272868 12615944 
0 3 4 2 6 5 1 
10020354 11257980 12639154 
3 6 4 2 0 5 1 
10037580 11316344 12312020 
5 1 4 2 0 3 6 
10039218 11371006 12109724 
5 3 4 2 1 0 6 
10043732 11150980 12452316 
6 3 4 0 2 1 5 
10055732 11184450 12199454 
3 2 4 6 5 0 1 
10064168 11212582 12197252 
0 1 4 2 5 3 6 
10069030 11366240 12136986 
2 3 4 5 6 1 0 
10070514 11033044 12114452 
3 4 2 6 5 0 1 
10105368 11442666 12100502 
3 6 2 4 5 0 1 
10109012 11377588 12101464 
2 3 4 0 6 1 5 
10134572 10958272 12264176 
5 1 4 0 2 3 6 
10136506 11260918 11960360 
2 1 4 6 5 3 0 
10188128 11249596 12113278 
1 5 2 4 6 0 3 
10205284 10963292 12227996 
6 1 2 4 3 0 5 
10207844 11134910 12110762 
5 1 2 3 4 0 6 
10221820 11149664 12048788 
0 1 4 2 6 3 5 
10256686 11067488 12060074 
3 0 5 1 2 6 4 
10257014 11239944 11905312 
1 0 4 5 2 3 6 
10259676 11228132 11805478 
5 1 4 0 6 3 2 
10265386 11201782 11955458 
2 6 4 1 3 5 0 
10273780 11067488 12035258 
0 3 6 2 4 1 5 
10282026 10954060 12132600 
1 0 2 4 6 5 3 
10287702 10883128 12258200 
0 1 4 5 6 2 3 
10292484 10871714 12115114 
6 3 4 2 0 5 1 
10292486 10963174 12059664 
2 3 6 5 4 1 0 
10314928 10982980 12028524 
3 5 6 1 2 4 0 
10328364 10746076 12298732 
3 1 2 4 5 0 6 
10330680 11166534 11985302 
1 0 2 6 4 5 3 
10330814 10779002 12261110 
3 1 2 6 5 0 4 
10332476 11249800 11781578 
3 0 4 6 5 2 1 
10334300 11034490 12011364 
6 3 4 2 0 1 5 
10336916 10834818 11842946 
1 0 4 5 6 2 3 
10338660 10810238 12045192 
1 5 0 3 6 2 4 
10365916 11207632 11796942 
3 5 1 0 2 6 4 
10389764 11139662 11841278 
0 1 4 5 2 3 6 
10391232 11086124 11642956 
3 5 6 4 2 1 0 
10400680 10745472 12232332 
2 3 1 5 6 4 0 
10420652 10669006 12064056 
6 1 4 2 0 3 5 
10450230 10900602 11578300 
5 3 6 2 1 4 0 
10455186 10722660 12017582 
5 3 4 2 6 1 0 
10465012 10753638 12005528 
5 3 1 2 0 4 6 
10465252 10822674 11898814 
5 3 4 2 0 6 1 
10466582 10748262 11774452 
2 3 6 0 4 1 5 
10481054 10746708 11896592 
1 0 4 6 5 2 3 
10482284 10711362 11737956 
1 5 4 0 6 2 3 
10484558 10580690 12071396 
3 5 2 4 6 0 1 
10489468 10695084 11807436 
3 5 6 4 2 0 1 
10494384 10645842 12069624 
6 0 2 4 3 5 1 
10513678 10653486 11873140 
2 3 4 1 6 0 5 
10527700 10646684 11956312 
0 5 4 1 6 2 3 
10535106 10599126 11886160 
1 5 2 3 6 4 0 
10544450 10561034 12143436 
6 0 2 3 4 5 1 
10544580 10616334 11653224 
5 3 4 0 2 1 6 
10548456 10857646 11644350 
0 3 4 5 6 1 2 
10551702 10791372 11505076 
3 5 6 0 2 4 1 
10612346 10454678 11833812 
5 1 0 3 4 2 6 
10622512 10859816 11500348 
5 3 4 2 1 6 0 
10637790 10496578 11605482 
1 0 5 3 4 2 6 
10638722 10804750 11439426 
1 5 4 0 2 6 3 
10670456 10542452 11568808 
4 1 6 2 0 3 5 
10694610 10753066 11528582 
0 3 4 5 2 1 6 
10713182 10783052 11442386 
0 1 4 6 5 2 3 
10720364 10537974 11534374 
0 5 2 3 4 6 1 
10726318 10422712 11745118 
3 5 0 1 2 6 4 
10737166 10739178 11487034 
5 0 2 4 3 6 1 
10744866 10422238 11875520 
3 5 2 4 6 1 0 
10746820 10480362 11688944 
3 0 2 5 6 1 4 
10754024 10777814 11383962 
3 0 2 6 4 5 1 
10780134 10388274 11655558 
0 4 1 5 6 3 2 
10781336 10752130 11390048 
5 3 4 0 2 6 1 
10784406 10509654 11584264 
6 3 2 4 0 1 5 
10784514 10734992 11531748 
1 5 0 6 4 2 3 
10788134 10508170 11541004 
2 3 6 1 4 0 5 
10793272 10487386 11595982 
5 0 1 4 3 2 6 
10799484 10601504 11425776 
0 1 3 5 6 4 2 
10802184 10565182 11466010 
5 0 1 3 4 2 6 
10812616 10716098 11307130 
6 1 4 2 5 3 0 
10812890 10639370 11277994 
6 2 0 3 4 5 1 
10814564 10441778 11588212 
5 0 2 6 1 4 3 
10817474 10376306 11917376 
0 5 4 1 2 6 3 
10822236 10505832 11504340 
0 6 5 1 4 2 3 
10824862 10378776 11668686 
1 5 2 3 4 6 0 
10825278 10320944 11615678 
1 3 6 2 5 4 0 
10831930 10481480 11480350 
4 2 0 6 1 5 3 
10849662 10304786 11984424 
5 1 4 0 3 6 2 
10853580 10526118 11472068 
4 0 2 6 5 1 3 
10859068 10420018 11519966 
0 5 1 4 6 2 3 
10866558 10459024 11505200 
5 0 2 3 1 4 6 
10874804 10307696 11731130 
0 1 5 4 6 2 3 
10879238 10527510 11424950 
2 3 6 4 1 5 0 
10881022 10392824 11465050 
5 1 3 2 0 4 6 
10888028 10379866 11476704 
3 1 0 5 2 4 6 
10891976 10617278 11390742 
6 0 2 3 1 5 4 
10900456 10550146 11311398 
6 0 2 4 1 5 3 
10902070 10264302 11439540 
3 0 2 4 5 1 6 
10903244 10370208 11423398 
1 5 6 2 4 0 3 
10912112 10223172 11821546 
1 0 5 4 2 6 3 
10919418 10497586 11337416 
5 3 4 0 1 6 2 
10945226 10224434 11435746 
5 3 4 0 6 1 2 
10962528 10426414 11297952 
2 3 4 6 5 1 0 
10964854 10198252 11233916 
5 1 0 3 6 2 4 
10983578 10727148 11230828 
1 0 5 4 6 2 3 
10985444 10282812 11232358 
2 3 4 6 1 5 0 
10985556 10161484 11520314 
1 0 5 3 6 2 4 
10995172 10576062 11073988 
3 2 0 6 5 4 1 
11005890 10191164 11476668 
3 5 4 2 0 6 1 
11018656 10254264 11201468 
3 0 2 6 5 1 4 
11022964 10350430 11086126 
3 0 2 5 6 4 1 
11043190 10181568 11389196 
1 5 6 4 2 0 3 
11046192 10179650 11471816 
0 5 4 6 1 2 3 
11052332 10179782 11374108 
0 5 6 1 4 2 3 
11069598 9977840 11415706 
0 1 5 3 6 2 4 
11081662 10604976 11057012 
2 3 4 6 5 0 1 
11090626 10168750 11179760 
1 5 6 0 2 4 3 
11098154 10074022 11336324 
0 3 1 5 4 6 2 
11102178 10122966 11261548 
1 5 6 0 4 2 3 
11116700 9894304 11527286 
5 0 2 3 4 6 1 
11138888 10018702 11349604 
0 3 1 5 6 4 2 
11147792 10093542 11060864 
1 0 2 6 5 4 3 
11178258 9963280 11234336 
2 3 4 6 0 1 5 
11205706 9983452 11091654 
3 1 2 6 5 4 0 
11215810 10090766 11071836 
1 5 6 2 0 4 3 
11239510 9895246 11283120 
1 0 6 4 5 2 3 
11245904 9971980 11113786 
4 0 6 2 5 3 1 
11255308 10295508 11033670 
1 0 2 4 5 6 3 
11286618 9903068 11222128 
1 0 4 6 3 2 5 
11296342 10135874 10981492 
0 4 1 5 2 3 6 
11304624 10337174 10896372 
1 5 3 2 4 6 0 
11322842 10119046 11053578 
5 3 0 1 4 6 2 
11330086 10038002 10982416 
2 3 4 6 1 0 5 
11333326 9849370 10961760 
6 2 0 4 1 5 3 
11340870 9745574 11213164 
3 5 4 2 1 6 0 
11349374 10027120 10945790 
3 6 5 0 2 1 4 
11351238 10192704 10922888 
1 3 0 5 2 4 6 
11363222 10212354 10920292 
0 1 4 6 3 2 5 
11374912 9937946 10864618 
1 5 6 4 0 2 3 
11392136 9672006 11124352 
6 2 0 1 4 5 3 
11408408 9743060 11067522 
5 3 1 0 2 4 6 
11418224 9939870 10813042 
5 3 1 0 2 6 4 
11432870 10105520 10782612 
2 3 6 4 1 0 5 
11432928 9854610 10915540 
0 5 6 4 1 2 3 
11441794 9641302 11033264 
2 3 6 4 0 1 5 
11471592 9822408 10944808 
0 1 6 4 3 2 5 
11492902 9851370 10883558 
3 5 2 6 0 1 4 
11496420 10013526 10793120 
3 2 5 4 6 0 1 
11510404 9796696 10886850 
3 0 2 6 5 4 1 
11524866 9615176 10715808 
5 3 1 0 4 6 2 
11526438 9728136 10712640 
1 5 2 4 0 6 3 
11547090 9607446 10887798 
1 4 0 5 2 3 6 
11569916 10130766 10635946 
0 5 6 4 3 2 1 
11640106 9540502 10782288 
1 5 0 4 2 6 3 
11641570 9712270 10654258 
3 2 5 1 4 0 6 
11662250 9694220 10659376 
5 3 1 0 6 4 2 
11682518 9638634 10643740 
5 3 0 1 2 6 4 
11686202 9992154 10620598 
3 5 6 2 0 4 1 
11689414 9459422 10660864 
1 6 5 0 2 3 4 
11714702 9890412 10536704 
3 5 2 4 1 6 0 
11737292 9524958 10622182 
1 6 0 5 2 3 4 
11749600 10061674 10493384 
5 1 3 2 4 6 0 
11750602 9506096 10549706 
3 2 5 1 6 0 4 
11806424 9671516 10484278 
1 5 6 2 3 4 0 
11828490 9452946 10894618 
3 2 0 5 6 1 4 
11840712 9645586 10444250 
3 5 2 4 0 6 1 
11856258 9328870 10446070 
3 5 6 2 1 4 0 
11931410 9309282 10510090 
3 5 2 6 0 4 1 
12046972 9160672 10335652 
3 2 0 5 4 1 6 
12088712 9292686 10262492 
3 2 5 0 6 1 4 
12224526 9342580 10176386 
