121 3
4 1 5 3 0 2 
6974752 8606504 8156214 
4 1 3 0 5 2 
6982330 8731868 8069890 
4 1 3 5 0 2 
7053076 8581388 7914436 
4 1 0 3 5 2 
7110658 8428820 8035664 
3 1 2 4 0 5 
7123108 8523292 8017214 
2 4 1 3 5 0 
7127010 8274310 7907468 
2 4 1 3 0 5 
7185110 8308748 7718928 
4 2 1 0 5 3 
7195526 8273430 7692576 
2 4 3 1 5 0 
7204374 8027222 7892670 
2 4 1 0 3 5 
7213976 8261192 7641224 
4 2 1 5 3 0 
7234844 8138140 7782578 
2 4 3 1 0 5 
7245254 8005408 7832706 
4 2 3 5 0 1 
7245910 8111484 7658596 
4 2 1 5 0 3 
7265452 8220202 7631094 
1 4 5 2 0 3 
7273276 8004100 8086592 
1 4 0 2 5 3 
7297016 7931282 7958000 
4 2 0 5 3 1 
7316164 8079424 7681072 
4 2 1 0 3 5 
7340618 8106526 7501968 
4 2 3 0 5 1 
7349332 8105016 7642588 
2 4 5 1 3 0 
7376282 7736882 7702984 
2 4 0 1 3 5 
7379156 7711376 7590688 
2 4 1 5 3 0 
7411274 7974278 7519306 
2 4 5 3 0 1 
7459274 7847778 7378336 
4 2 5 1 3 0 
7485566 7742976 7479484 
4 2 5 1 0 3 
7497994 7765650 7463744 
4 2 5 3 0 1 
7498498 7915992 7240848 
4 2 0 1 5 3 
7545668 7617814 7332452 
2 4 3 5 0 1 
7572590 7841222 7172692 
4 2 3 1 5 0 
7627818 7504788 7379650 
4 2 1 3 5 0 
7630644 7707596 7257828 
0 1 4 2 3 5 
7651842 8123830 7167994 
2 4 0 1 5 3 
7664304 7437784 7225440 
3 1 5 0 2 4 
7667326 8008536 7166106 
2 4 5 0 3 1 
7671152 7737198 7218822 
4 1 2 5 0 3 
7686844 7914320 7117950 
4 2 0 1 3 5 
7691720 7454046 7134676 
5 1 3 0 4 2 
7746852 8027914 7071616 
2 4 1 5 0 3 
7755482 7738260 6958350 
4 2 3 1 0 5 
7786298 7363694 7166134 
4 2 1 3 0 5 
7806344 7622754 6915736 
3 5 4 2 0 1 
7866142 7610604 7101268 
2 4 0 5 3 1 
7871324 7424778 6984608 
0 1 5 3 2 4 
7900396 7862232 6856174 
1 0 3 5 2 4 
7911592 7415078 7165634 
3 5 1 0 4 2 
7920074 7765406 6899412 
1 4 3 5 0 2 
7928120 7465924 6886808 
1 4 3 5 2 0 
7940552 7333774 7290974 
1 0 4 2 5 3 
7992728 7210712 7089182 
5 1 3 0 2 4 
8011536 7703478 6874466 
5 3 0 1 4 2 
8013534 7348282 6843830 
1 0 5 3 4 2 
8014598 7290020 7053370 
4 2 0 3 1 5 
8015596 7271960 7010654 
1 3 4 2 5 0 
8047786 7206084 6995232 
3 5 2 4 0 1 
8050642 7564904 6720942 
4 1 2 3 0 5 
8060748 7555098 6843042 
1 0 4 2 3 5 
8061076 7213406 6937100 
1 0 2 4 5 3 
8078606 7261228 6827038 
1 5 2 4 0 3 
8082694 7322770 6780154 
1 5 0 2 4 3 
8088596 7196644 7199832 
1 3 4 2 0 5 
8103562 7214262 6762308 
1 0 2 4 3 5 
8109994 7143186 6950924 
5 3 4 2 0 1 
8116450 7455114 6689450 
2 4 0 5 1 3 
8133068 7112448 6909006 
5 1 0 3 2 4 
8142594 7539298 6669666 
3 5 0 1 2 4 
8144992 7198272 6662110 
1 2 4 3 0 5 
8190782 7432470 6616766 
0 2 4 1 3 5 
8191442 7678506 6605722 
1 0 5 2 4 3 
8195840 7078224 7161276 
1 4 0 5 3 2 
8237774 7090560 6906204 
5 3 0 1 2 4 
8246238 7145404 6502946 
1 4 0 5 2 3 
8314654 7022952 6980294 
3 5 0 1 4 2 
8343488 6963790 6439970 
3 4 2 5 0 1 
8354440 7638410 6422642 
1 0 3 4 2 5 
8378996 6902278 6907500 
2 5 4 1 3 0 
8427010 6911892 6649412 
5 2 4 3 0 1 
8444132 7518870 6349928 
5 3 0 2 4 1 
8447924 7040870 6416050 
1 3 0 2 4 5 
8450198 6857056 6776986 
0 3 5 1 4 2 
8452058 7247982 6412770 
0 5 3 1 4 2 
8491278 7257760 6238166 
3 5 1 4 0 2 
8497716 7184616 6245914 
0 3 5 1 2 4 
8503994 7239312 6221070 
1 3 0 2 5 4 
8525298 6924634 6555204 
3 5 0 4 2 1 
8527972 6985310 6437730 
1 5 3 4 0 2 
8531344 7065270 6272936 
1 2 0 3 4 5 
8542474 6888192 6726244 
1 0 5 4 2 3 
8542570 6848262 6869860 
2 0 4 1 3 5 
8553500 6858228 6413668 
1 0 3 4 5 2 
8556120 6962072 6369348 
5 0 3 1 4 2 
8560978 7002742 6264130 
1 5 0 4 2 3 
8571742 6787258 6719584 
3 0 5 1 2 4 
8590048 6917882 6252646 
4 3 2 1 5 0 
8636142 6782806 6479092 
3 4 5 1 0 2 
8641532 6899164 6345886 
3 4 1 5 0 2 
8645294 7241332 6156394 
0 2 5 1 3 4 
8652554 7152608 6224480 
2 5 1 4 0 3 
8653848 7009720 6204110 
2 5 3 4 0 1 
8655424 7132508 6171920 
2 5 0 1 4 3 
8691674 6736726 6467272 
2 5 4 1 0 3 
8709798 6667776 6221210 
0 3 5 2 4 1 
8718184 7097272 6138248 
5 3 0 2 1 4 
8756532 6773950 6121506 
0 5 3 1 2 4 
8774830 6974354 6062482 
4 3 1 2 0 5 
8786970 6915372 6060862 
0 4 2 5 3 1 
8825498 7329330 6056858 
2 0 1 4 5 3 
8828110 6864538 6094292 
1 5 0 4 3 2 
8841918 6655866 6309582 
3 0 5 1 4 2 
8851712 6608472 6034874 
4 5 2 1 0 3 
8909194 6792844 6005870 
2 0 4 1 5 3 
8920240 6487854 6054062 
3 0 1 4 5 2 
8938642 6886258 5976688 
2 5 0 4 3 1 
8955078 6682024 6001086 
5 0 3 1 2 4 
8962130 6600056 5934894 
0 3 5 2 1 4 
8978372 6882372 5883664 
2 5 0 4 1 3 
9028906 6477444 6107366 
2 0 5 4 3 1 
9059074 6681856 5929388 
4 5 2 1 3 0 
9108454 6519072 6036248 
4 0 2 1 3 5 
9172112 6385440 5865352 
2 0 5 4 1 3 
9240814 6349274 6043130 
5 0 3 2 1 4 
9261304 6506282 5845694 
3 0 5 4 1 2 
9343660 6342080 5779492 
