720 4
0 1 2 3 5 4 
5919312 9696288 9696288 9696288 
2 1 0 4 5 3 
5985606 9629994 9629994 9629994 
5 4 3 1 2 0 
6029894 9585706 9585706 9585706 
0 1 2 3 4 5 
6194538 9421062 9421062 9421062 
5 1 0 4 2 3 
6207628 9407972 9407972 9407972 
0 2 1 3 5 4 
6304352 9311248 9311248 9311248 
5 4 0 1 2 3 
6350804 9264796 9264796 9264796 
5 4 3 2 1 0 
6361968 9253632 9253632 9253632 
5 3 4 1 2 0 
6365296 9250304 9250304 9250304 
5 1 2 3 0 4 
6373510 9242090 9242090 9242090 
3 1 2 0 5 4 
6400934 9214666 9214666 9214666 
5 3 2 1 4 0 
6401034 9214566 9214566 9214566 
5 4 3 2 0 1 
6406046 9209554 9209554 9209554 
3 4 5 0 2 1 
6408316 9207284 9207284 9207284 
5 4 3 1 0 2 
6425162 9190438 9190438 9190438 
2 1 3 4 5 0 
6425826 9189774 9189774 9189774 
2 4 3 1 5 0 
6445818 9169782 9169782 9169782 
0 1 5 3 2 4 
6448032 9167568 9167568 9167568 
5 1 0 2 4 3 
6454060 9161540 9161540 9161540 
0 4 5 3 1 2 
6455572 9160028 9160028 9160028 
0 4 5 3 2 1 
6466822 9148778 9148778 9148778 
5 3 4 1 0 2 
6475816 9139784 9139784 9139784 
1 2 0 4 5 3 
6477192 9138408 9138408 9138408 
3 4 5 1 0 2 
6496876 9118724 9118724 9118724 
4 3 2 1 5 0 
6517794 9097806 9097806 9097806 
5 4 0 1 3 2 
6524578 9091022 9091022 9091022 
2 3 4 0 5 1 
6527722 9087878 9087878 9087878 
3 1 2 0 4 5 
6534870 9080730 9080730 9080730 
3 4 5 0 1 2 
6539066 9076534 9076534 9076534 
5 3 4 0 2 1 
6541006 9074594 9074594 9074594 
2 0 1 4 5 3 
6542792 9072808 9072808 9072808 
0 1 4 3 5 2 
6545970 9069630 9069630 9069630 
5 0 1 3 2 4 
6549418 9066182 9066182 9066182 
5 0 2 3 1 4 
6550732 9064868 9064868 9064868 
2 1 0 5 4 3 
6552058 9063542 9063542 9063542 
5 2 0 4 1 3 
6553976 9061624 9061624 9061624 
0 1 5 3 4 2 
6566388 9049212 9049212 9049212 
1 0 2 3 5 4 
6569298 9046302 9046302 9046302 
5 2 3 1 4 0 
6569824 9045776 9045776 9045776 
4 1 0 2 5 3 
6573560 9042040 9042040 9042040 
5 2 0 1 4 3 
6573934 9041666 9041666 9041666 
5 4 0 2 1 3 
6577278 9038322 9038322 9038322 
4 5 3 1 2 0 
6586114 9029486 9029486 9029486 
4 3 5 1 0 2 
6606710 9008890 9008890 9008890 
2 0 1 3 5 4 
6607418 9008182 9008182 9008182 
0 2 1 3 4 5 
6608492 9007108 9007108 9007108 
2 3 5 0 4 1 
6611732 9003868 9003868 9003868 
3 2 1 0 5 4 
6626374 8989226 8989226 8989226 
4 3 5 1 2 0 
6626450 8989150 8989150 8989150 
4 2 0 1 5 3 
6630550 8985050 8985050 8985050 
2 1 5 4 0 3 
6652576 8963024 8963024 8963024 
0 4 5 1 3 2 
6655630 8959970 8959970 8959970 
5 3 4 2 0 1 
6658330 8957270 8957270 8957270 
2 0 5 4 1 3 
6665700 8949900 8949900 8949900 
4 2 3 1 5 0 
6668230 8947370 8947370 8947370 
5 4 2 1 3 0 
6668818 8946782 8946782 8946782 
4 5 0 1 2 3 
6674194 8941406 8941406 8941406 
5 1 3 4 2 0 
6675358 8940242 8940242 8940242 
0 5 4 3 2 1 
6676016 8939584 8939584 8939584 
4 3 5 0 2 1 
6676904 8938696 8938696 8938696 
1 2 3 4 5 0 
6683412 8932188 8932188 8932188 
0 5 4 3 1 2 
6693680 8921920 8921920 8921920 
0 1 4 3 2 5 
6702840 8912760 8912760 8912760 
5 1 2 4 0 3 
6705814 8909786 8909786 8909786 
0 3 4 1 5 2 
6714092 8901508 8901508 8901508 
2 5 0 4 1 3 
6715014 8900586 8900586 8900586 
0 1 2 4 3 5 
6728728 8886872 8886872 8886872 
3 4 0 1 5 2 
6730184 8885416 8885416 8885416 
5 4 0 2 3 1 
6742262 8873338 8873338 8873338 
5 3 2 1 0 4 
6742348 8873252 8873252 8873252 
5 0 1 2 4 3 
6745512 8870088 8870088 8870088 
5 1 3 2 4 0 
6747550 8868050 8868050 8868050 
5 0 2 1 4 3 
6750072 8865528 8865528 8865528 
5 2 1 3 0 4 
6753230 8862370 8862370 8862370 
0 3 5 1 4 2 
6755526 8860074 8860074 8860074 
2 1 0 4 3 5 
6769606 8845994 8845994 8845994 
4 0 2 1 5 3 
6772108 8843492 8843492 8843492 
3 5 4 0 2 1 
6776312 8839288 8839288 8839288 
1 0 5 3 4 2 
6779640 8835960 8835960 8835960 
1 0 4 3 5 2 
6786456 8829144 8829144 8829144 
3 2 1 0 4 5 
6789224 8826376 8826376 8826376 
0 4 3 1 5 2 
6789522 8826078 8826078 8826078 
2 4 5 0 3 1 
6793018 8822582 8822582 8822582 
2 4 0 1 5 3 
6794238 8821362 8821362 8821362 
0 4 3 2 5 1 
6795846 8819754 8819754 8819754 
5 1 0 3 2 4 
6796476 8819124 8819124 8819124 
1 0 5 4 2 3 
6805618 8809982 8809982 8809982 
2 0 4 3 5 1 
6812096 8803504 8803504 8803504 
5 2 3 4 1 0 
6829706 8785894 8785894 8785894 
2 5 3 4 1 0 
6837474 8778126 8778126 8778126 
3 5 4 1 0 2 
6839522 8776078 8776078 8776078 
5 3 4 0 1 2 
6840590 8775010 8775010 8775010 
2 4 3 5 1 0 
6841040 8774560 8774560 8774560 
0 2 5 3 1 4 
6845066 8770534 8770534 8770534 
5 3 4 2 1 0 
6847394 8768206 8768206 8768206 
2 1 3 4 0 5 
6849202 8766398 8766398 8766398 
0 2 4 3 5 1 
6849500 8766100 8766100 8766100 
1 0 2 4 5 3 
6850968 8764632 8764632 8764632 
4 0 1 2 5 3 
6851446 8764154 8764154 8764154 
0 1 2 4 5 3 
6854544 8761056 8761056 8761056 
1 5 0 4 2 3 
6860252 8755348 8755348 8755348 
2 3 4 1 5 0 
6862084 8753516 8753516 8753516 
3 1 5 0 4 2 
6865062 8750538 8750538 8750538 
2 0 5 3 4 1 
6867848 8747752 8747752 8747752 
1 4 5 3 0 2 
6868402 8747198 8747198 8747198 
5 0 2 1 3 4 
6869892 8745708 8745708 8745708 
5 0 1 4 2 3 
6871480 8744120 8744120 8744120 
5 1 2 0 3 4 
6872644 8742956 8742956 8742956 
1 0 2 3 4 5 
6876960 8738640 8738640 8738640 
3 0 5 1 4 2 
6881916 8733684 8733684 8733684 
4 1 2 3 0 5 
6883304 8732296 8732296 8732296 
1 0 5 3 2 4 
6883884 8731716 8731716 8731716 
5 2 1 4 0 3 
6883904 8731696 8731696 8731696 
0 4 2 3 1 5 
6886282 8729318 8729318 8729318 
2 1 3 5 4 0 
6887206 8728394 8728394 8728394 
5 4 2 1 0 3 
6890312 8725288 8725288 8725288 
4 5 0 1 3 2 
6891852 8723748 8723748 8723748 
4 0 5 1 3 2 
6891854 8723746 8723746 8723746 
4 1 0 5 2 3 
6893580 8722020 8722020 8722020 
4 3 5 0 1 2 
6897330 8718270 8718270 8718270 
4 5 3 1 0 2 
6898702 8716898 8716898 8716898 
2 5 3 1 4 0 
6903632 8711968 8711968 8711968 
4 1 3 2 5 0 
6908840 8706760 8706760 8706760 
5 0 4 1 3 2 
6920160 8695440 8695440 8695440 
0 3 4 2 5 1 
6922046 8693554 8693554 8693554 
5 3 2 0 1 4 
6922322 8693278 8693278 8693278 
0 4 5 2 3 1 
6922434 8693166 8693166 8693166 
3 1 4 0 5 2 
6922652 8692948 8692948 8692948 
2 0 5 3 1 4 
6923318 8692282 8692282 8692282 
2 3 5 4 1 0 
6924360 8691240 8691240 8691240 
5 0 4 3 2 1 
6929656 8685944 8685944 8685944 
1 3 4 0 5 2 
6930482 8685118 8685118 8685118 
2 1 0 5 3 4 
6930572 8685028 8685028 8685028 
4 5 0 2 1 3 
6931478 8684122 8684122 8684122 
2 3 5 4 0 1 
6932694 8682906 8682906 8682906 
0 5 1 3 2 4 
6933428 8682172 8682172 8682172 
4 3 2 1 0 5 
6935126 8680474 8680474 8680474 
3 5 4 0 1 2 
6935976 8679624 8679624 8679624 
3 4 2 0 5 1 
6936780 8678820 8678820 8678820 
1 5 3 4 2 0 
6940712 8674888 8674888 8674888 
1 4 3 2 5 0 
6944014 8671586 8671586 8671586 
0 5 2 3 1 4 
6945422 8670178 8670178 8670178 
3 0 2 1 5 4 
6945830 8669770 8669770 8669770 
3 0 4 1 5 2 
6946748 8668852 8668852 8668852 
2 4 5 3 0 1 
6947170 8668430 8668430 8668430 
4 5 3 2 1 0 
6948998 8666602 8666602 8666602 
5 3 1 0 2 4 
6949408 8666192 8666192 8666192 
1 3 5 0 4 2 
6951924 8663676 8663676 8663676 
5 4 1 2 0 3 
6956906 8658694 8658694 8658694 
5 0 4 3 1 2 
6960040 8655560 8655560 8655560 
4 5 3 2 0 1 
6960640 8654960 8654960 8654960 
2 1 0 3 5 4 
6961142 8654458 8654458 8654458 
3 1 2 4 0 5 
6964344 8651256 8651256 8651256 
1 3 5 4 2 0 
6969078 8646522 8646522 8646522 
0 2 5 3 4 1 
6974672 8640928 8640928 8640928 
5 2 0 1 3 4 
6978502 8637098 8637098 8637098 
0 4 1 3 2 5 
6979042 8636558 8636558 8636558 
5 3 1 2 4 0 
6980074 8635526 8635526 8635526 
3 1 5 0 2 4 
6981006 8634594 8634594 8634594 
4 3 5 2 0 1 
6983248 8632352 8632352 8632352 
4 1 2 0 3 5 
6988020 8627580 8627580 8627580 
5 3 2 0 4 1 
6991144 8624456 8624456 8624456 
0 2 1 4 3 5 
6992658 8622942 8622942 8622942 
2 0 1 3 4 5 
6994238 8621362 8621362 8621362 
3 2 4 0 5 1 
7002982 8612618 8612618 8612618 
5 3 0 1 4 2 
7003674 8611926 8611926 8611926 
2 3 5 1 4 0 
7006478 8609122 8609122 8609122 
1 4 3 5 2 0 
7007162 8608438 8608438 8608438 
3 5 0 1 4 2 
7007998 8607602 8607602 8607602 
3 4 5 1 2 0 
7011424 8604176 8604176 8604176 
3 4 2 0 1 5 
7011434 8604166 8604166 8604166 
2 1 5 4 3 0 
7013200 8602400 8602400 8602400 
4 3 2 0 1 5 
7014018 8601582 8601582 8601582 
2 4 0 5 1 3 
7014692 8600908 8600908 8600908 
3 4 5 2 0 1 
7018080 8597520 8597520 8597520 
2 4 3 0 5 1 
7022366 8593234 8593234 8593234 
0 1 5 4 2 3 
7023328 8592272 8592272 8592272 
0 2 4 3 1 5 
7024034 8591566 8591566 8591566 
3 4 1 0 2 5 
7025794 8589806 8589806 8589806 
0 1 3 4 2 5 
7029274 8586326 8586326 8586326 
2 4 5 1 3 0 
7031062 8584538 8584538 8584538 
2 0 5 4 3 1 
7034658 8580942 8580942 8580942 
0 2 1 4 5 3 
7037954 8577646 8577646 8577646 
5 2 1 0 3 4 
7039564 8576036 8576036 8576036 
5 0 2 4 1 3 
7039738 8575862 8575862 8575862 
4 3 2 0 5 1 
7043032 8572568 8572568 8572568 
0 4 2 3 5 1 
7046638 8568962 8568962 8568962 
5 1 0 2 3 4 
7048414 8567186 8567186 8567186 
3 2 5 0 4 1 
7050146 8565454 8565454 8565454 
0 5 4 1 3 2 
7051210 8564390 8564390 8564390 
5 0 4 2 3 1 
7053474 8562126 8562126 8562126 
4 0 5 1 2 3 
7054470 8561130 8561130 8561130 
0 3 5 2 4 1 
7057016 8558584 8558584 8558584 
2 5 0 1 4 3 
7061012 8554588 8554588 8554588 
3 4 2 1 5 0 
7065104 8550496 8550496 8550496 
2 1 5 3 0 4 
7066896 8548704 8548704 8548704 
4 0 2 3 1 5 
7068686 8546914 8546914 8546914 
0 3 5 4 2 1 
7071634 8543966 8543966 8543966 
1 2 0 5 4 3 
7074454 8541146 8541146 8541146 
2 0 1 4 3 5 
7074984 8540616 8540616 8540616 
5 4 1 2 3 0 
7077812 8537788 8537788 8537788 
3 4 1 0 5 2 
7081890 8533710 8533710 8533710 
2 3 4 5 1 0 
7083874 8531726 8531726 8531726 
1 5 4 3 0 2 
7092944 8522656 8522656 8522656 
4 3 0 1 5 2 
7093134 8522466 8522466 8522466 
1 2 3 4 0 5 
7094068 8521532 8521532 8521532 
4 0 2 1 3 5 
7094510 8521090 8521090 8521090 
2 5 3 4 0 1 
7097616 8517984 8517984 8517984 
0 3 2 1 5 4 
7099274 8516326 8516326 8516326 
4 3 1 0 2 5 
7103672 8511928 8511928 8511928 
5 0 1 2 3 4 
7106724 8508876 8508876 8508876 
1 4 5 0 3 2 
7110650 8504950 8504950 8504950 
2 3 1 0 5 4 
7111684 8503916 8503916 8503916 
5 4 3 0 2 1 
7116514 8499086 8499086 8499086 
5 1 4 3 0 2 
7118818 8496782 8496782 8496782 
1 2 0 4 3 5 
7121272 8494328 8494328 8494328 
2 5 4 3 0 1 
7121784 8493816 8493816 8493816 
0 4 1 3 5 2 
7128148 8487452 8487452 8487452 
4 0 1 3 2 5 
7129940 8485660 8485660 8485660 
4 0 5 3 1 2 
7146926 8468674 8468674 8468674 
3 0 2 1 4 5 
7148412 8467188 8467188 8467188 
5 0 4 1 2 3 
7151914 8463686 8463686 8463686 
1 2 5 4 0 3 
7154842 8460758 8460758 8460758 
1 3 5 4 0 2 
7155948 8459652 8459652 8459652 
1 0 2 4 3 5 
7162720 8452880 8452880 8452880 
2 0 1 5 4 3 
7163508 8452092 8452092 8452092 
2 4 3 5 0 1 
7169828 8445772 8445772 8445772 
3 1 4 0 2 5 
7172532 8443068 8443068 8443068 
5 2 4 1 3 0 
7173010 8442590 8442590 8442590 
0 3 2 1 4 5 
7175292 8440308 8440308 8440308 
1 2 3 5 4 0 
7175602 8439998 8439998 8439998 
5 2 0 3 1 4 
7177510 8438090 8438090 8438090 
2 5 4 0 3 1 
7179368 8436232 8436232 8436232 
2 3 4 5 0 1 
7179520 8436080 8436080 8436080 
0 2 3 4 1 5 
7180422 8435178 8435178 8435178 
4 3 1 2 5 0 
7180732 8434868 8434868 8434868 
3 4 2 1 0 5 
7180972 8434628 8434628 8434628 
3 1 0 4 2 5 
7185294 8430306 8430306 8430306 
1 3 2 4 5 0 
7188134 8427466 8427466 8427466 
4 5 2 1 3 0 
7188192 8427408 8427408 8427408 
4 5 0 2 3 1 
7190590 8425010 8425010 8425010 
3 1 2 5 0 4 
7191462 8424138 8424138 8424138 
4 0 5 3 2 1 
7195700 8419900 8419900 8419900 
5 1 2 4 3 0 
7197700 8417900 8417900 8417900 
1 0 4 3 2 5 
7198362 8417238 8417238 8417238 
3 5 1 0 2 4 
7202264 8413336 8413336 8413336 
1 3 2 0 5 4 
7204364 8411236 8411236 8411236 
4 2 1 0 3 5 
7204868 8410732 8410732 8410732 
0 5 4 2 3 1 
7205044 8410556 8410556 8410556 
4 2 0 5 1 3 
7207854 8407746 8407746 8407746 
0 1 2 5 3 4 
7208974 8406626 8406626 8406626 
1 3 4 5 2 0 
7212490 8403110 8403110 8403110 
0 5 3 2 4 1 
7213426 8402174 8402174 8402174 
1 3 2 4 0 5 
7218516 8397084 8397084 8397084 
4 0 5 2 3 1 
7219192 8396408 8396408 8396408 
5 3 1 2 0 4 
7220380 8395220 8395220 8395220 
1 4 0 5 2 3 
7222814 8392786 8392786 8392786 
4 3 5 2 1 0 
7223414 8392186 8392186 8392186 
1 0 5 4 3 2 
7225912 8389688 8389688 8389688 
0 5 3 1 4 2 
7226536 8389064 8389064 8389064 
3 4 0 2 5 1 
7227708 8387892 8387892 8387892 
0 3 2 4 1 5 
7228528 8387072 8387072 8387072 
1 4 0 2 5 3 
7228834 8386766 8386766 8386766 
2 3 1 0 4 5 
7230650 8384950 8384950 8384950 
5 3 0 1 2 4 
7234468 8381132 8381132 8381132 
2 3 1 4 5 0 
7240358 8375242 8375242 8375242 
1 3 2 0 4 5 
7244172 8371428 8371428 8371428 
2 1 3 5 0 4 
7245784 8369816 8369816 8369816 
3 5 4 2 0 1 
7247756 8367844 8367844 8367844 
0 3 5 4 1 2 
7250170 8365430 8365430 8365430 
2 0 4 3 1 5 
7254386 8361214 8361214 8361214 
5 3 0 2 4 1 
7256044 8359556 8359556 8359556 
3 1 0 5 2 4 
7258492 8357108 8357108 8357108 
2 5 1 4 0 3 
7259076 8356524 8356524 8356524 
0 1 5 4 3 2 
7261090 8354510 8354510 8354510 
3 2 1 4 0 5 
7281474 8334126 8334126 8334126 
4 5 2 1 0 3 
7283122 8332478 8332478 8332478 
0 2 3 4 5 1 
7284944 8330656 8330656 8330656 
4 2 0 1 3 5 
7285280 8330320 8330320 8330320 
2 3 1 4 0 5 
7290780 8324820 8324820 8324820 
3 5 2 0 1 4 
7292658 8322942 8322942 8322942 
3 2 0 1 5 4 
7295968 8319632 8319632 8319632 
3 2 5 0 1 4 
7296840 8318760 8318760 8318760 
4 1 3 5 2 0 
7298028 8317572 8317572 8317572 
3 5 4 1 2 0 
7306490 8309110 8309110 8309110 
1 2 0 3 5 4 
7308062 8307538 8307538 8307538 
2 0 1 5 3 4 
7308880 8306720 8306720 8306720 
4 2 1 3 0 5 
7312952 8302648 8302648 8302648 
5 0 3 2 4 1 
7314972 8300628 8300628 8300628 
5 0 4 2 1 3 
7315612 8299988 8299988 8299988 
5 2 3 1 0 4 
7316666 8298934 8298934 8298934 
5 3 1 0 4 2 
7317814 8297786 8297786 8297786 
5 1 4 2 3 0 
7330714 8284886 8284886 8284886 
2 1 4 5 0 3 
7331266 8284334 8284334 8284334 
5 0 2 3 4 1 
7332934 8282666 8282666 8282666 
4 0 5 2 1 3 
7333034 8282566 8282566 8282566 
4 5 1 2 0 3 
7338340 8277260 8277260 8277260 
0 3 1 4 2 5 
7341310 8274290 8274290 8274290 
2 5 4 1 3 0 
7344482 8271118 8271118 8271118 
5 2 3 4 0 1 
7344884 8270716 8270716 8270716 
4 1 5 3 0 2 
7346504 8269096 8269096 8269096 
5 0 3 1 4 2 
7348602 8266998 8266998 8266998 
2 1 4 3 0 5 
7349004 8266596 8266596 8266596 
2 1 4 5 3 0 
7351202 8264398 8264398 8264398 
3 5 2 0 4 1 
7351940 8263660 8263660 8263660 
4 3 1 0 5 2 
7353112 8262488 8262488 8262488 
2 0 3 4 5 1 
7359572 8256028 8256028 8256028 
3 0 4 2 5 1 
7359902 8255698 8255698 8255698 
0 2 1 5 3 4 
7359934 8255666 8255666 8255666 
3 4 0 1 2 5 
7360600 8255000 8255000 8255000 
5 0 1 3 4 2 
7362004 8253596 8253596 8253596 
1 2 0 5 3 4 
7363292 8252308 8252308 8252308 
2 1 0 3 4 5 
7366628 8248972 8248972 8248972 
0 4 2 1 3 5 
7367236 8248364 8248364 8248364 
1 5 3 2 4 0 
7369754 8245846 8245846 8245846 
4 2 5 1 3 0 
7378964 8236636 8236636 8236636 
2 3 5 0 1 4 
7380582 8235018 8235018 8235018 
0 5 2 3 4 1 
7381004 8234596 8234596 8234596 
3 5 2 1 0 4 
7381004 8234596 8234596 8234596 
4 1 5 0 3 2 
7382052 8233548 8233548 8233548 
1 4 2 3 0 5 
7383322 8232278 8232278 8232278 
2 4 5 1 0 3 
7383818 8231782 8231782 8231782 
4 0 3 1 5 2 
7385128 8230472 8230472 8230472 
0 2 5 4 1 3 
7385676 8229924 8229924 8229924 
0 5 1 3 4 2 
7386674 8228926 8228926 8228926 
3 5 0 1 2 4 
7388252 8227348 8227348 8227348 
1 2 5 4 3 0 
7388266 8227334 8227334 8227334 
3 0 5 2 4 1 
7388606 8226994 8226994 8226994 
0 1 3 4 5 2 
7392852 8222748 8222748 8222748 
3 2 1 5 0 4 
7395622 8219978 8219978 8219978 
5 1 4 2 0 3 
7403788 8211812 8211812 8211812 
2 0 4 5 1 3 
7405896 8209704 8209704 8209704 
3 0 2 4 1 5 
7408348 8207252 8207252 8207252 
4 1 0 3 2 5 
7409230 8206370 8206370 8206370 
3 2 4 0 1 5 
7412526 8203074 8203074 8203074 
5 2 4 3 0 1 
7412828 8202772 8202772 8202772 
3 0 1 4 2 5 
7414330 8201270 8201270 8201270 
5 1 3 2 0 4 
7414978 8200622 8200622 8200622 
2 3 4 0 1 5 
7415538 8200062 8200062 8200062 
5 4 2 0 3 1 
7415630 8199970 8199970 8199970 
3 0 1 2 5 4 
7416302 8199298 8199298 8199298 
1 5 2 3 0 4 
7418186 8197414 8197414 8197414 
5 2 4 0 3 1 
7419322 8196278 8196278 8196278 
4 2 3 5 1 0 
7420302 8195298 8195298 8195298 
3 5 1 0 4 2 
7421210 8194390 8194390 8194390 
1 2 5 3 0 4 
7424496 8191104 8191104 8191104 
2 5 1 3 0 4 
7440306 8175294 8175294 8175294 
4 1 2 5 0 3 
7442726 8172874 8172874 8172874 
5 1 4 0 3 2 
7443712 8171888 8171888 8171888 
0 2 5 4 3 1 
7444902 8170698 8170698 8170698 
4 3 0 2 5 1 
7445992 8169608 8169608 8169608 
5 2 1 4 3 0 
7448990 8166610 8166610 8166610 
4 0 3 2 5 1 
7451986 8163614 8163614 8163614 
0 3 4 5 2 1 
7456520 8159080 8159080 8159080 
2 5 0 4 3 1 
7456926 8158674 8158674 8158674 
1 5 3 4 0 2 
7459910 8155690 8155690 8155690 
4 1 5 2 0 3 
7462010 8153590 8153590 8153590 
5 1 3 4 0 2 
7462312 8153288 8153288 8153288 
1 5 0 2 4 3 
7463534 8152066 8152066 8152066 
4 2 3 1 0 5 
7465836 8149764 8149764 8149764 
5 4 3 0 1 2 
7467704 8147896 8147896 8147896 
3 5 2 1 4 0 
7467718 8147882 8147882 8147882 
3 0 5 1 2 4 
7468960 8146640 8146640 8146640 
1 3 4 2 5 0 
7472798 8142802 8142802 8142802 
0 4 2 1 5 3 
7472862 8142738 8142738 8142738 
2 3 1 5 0 4 
7475722 8139878 8139878 8139878 
0 5 3 4 2 1 
7478084 8137516 8137516 8137516 
5 1 0 3 4 2 
7480962 8134638 8134638 8134638 
3 5 0 2 4 1 
7486088 8129512 8129512 8129512 
5 1 0 4 3 2 
7486468 8129132 8129132 8129132 
2 5 3 0 4 1 
7492726 8122874 8122874 8122874 
3 2 0 4 1 5 
7496442 8119158 8119158 8119158 
4 2 5 0 3 1 
7500020 8115580 8115580 8115580 
1 3 5 0 2 4 
7500348 8115252 8115252 8115252 
1 4 0 3 5 2 
7501158 8114442 8114442 8114442 
1 4 3 0 5 2 
7514238 8101362 8101362 8101362 
5 2 4 1 0 3 
7515284 8100316 8100316 8100316 
1 3 4 0 2 5 
7518714 8096886 8096886 8096886 
2 0 4 5 3 1 
7521478 8094122 8094122 8094122 
4 2 5 1 0 3 
7521840 8093760 8093760 8093760 
2 0 3 4 1 5 
7522806 8092794 8092794 8092794 
0 4 5 1 2 3 
7522934 8092666 8092666 8092666 
3 1 5 4 0 2 
7524216 8091384 8091384 8091384 
4 1 0 2 3 5 
7524410 8091190 8091190 8091190 
4 3 0 1 2 5 
7530206 8085394 8085394 8085394 
3 0 5 4 2 1 
7531924 8083676 8083676 8083676 
5 3 2 4 1 0 
7534460 8081140 8081140 8081140 
3 1 0 2 5 4 
7541000 8074600 8074600 8074600 
4 0 2 3 5 1 
7543226 8072374 8072374 8072374 
2 3 1 5 4 0 
7544266 8071334 8071334 8071334 
3 2 0 1 4 5 
7546130 8069470 8069470 8069470 
1 5 4 0 3 2 
7546928 8068672 8068672 8068672 
2 4 1 3 0 5 
7547800 8067800 8067800 8067800 
3 2 0 5 1 4 
7550206 8065394 8065394 8065394 
4 0 1 2 3 5 
7550488 8065112 8065112 8065112 
0 4 3 1 2 5 
7551200 8064400 8064400 8064400 
2 4 1 5 0 3 
7551512 8064088 8064088 8064088 
0 3 5 1 2 4 
7552450 8063150 8063150 8063150 
4 0 1 3 5 2 
7555706 8059894 8059894 8059894 
2 4 0 5 3 1 
7557396 8058204 8058204 8058204 
4 2 1 5 0 3 
7557774 8057826 8057826 8057826 
3 0 1 5 2 4 
7560458 8055142 8055142 8055142 
0 4 1 2 5 3 
7560696 8054904 8054904 8054904 
2 4 0 3 5 1 
7564086 8051514 8051514 8051514 
2 4 1 0 3 5 
7568416 8047184 8047184 8047184 
5 2 3 0 4 1 
7570344 8045256 8045256 8045256 
1 2 3 5 0 4 
7571704 8043896 8043896 8043896 
3 1 2 4 5 0 
7582046 8033554 8033554 8033554 
1 5 2 4 0 3 
7583252 8032348 8032348 8032348 
3 0 5 4 1 2 
7583260 8032340 8032340 8032340 
4 5 1 2 3 0 
7585810 8029790 8029790 8029790 
1 0 2 5 4 3 
7586550 8029050 8029050 8029050 
0 3 4 1 2 5 
7587034 8028566 8028566 8028566 
4 1 5 2 3 0 
7588334 8027266 8027266 8027266 
1 0 2 5 3 4 
7590640 8024960 8024960 8024960 
0 1 3 5 2 4 
7591216 8024384 8024384 8024384 
2 0 5 1 4 3 
7591578 8024022 8024022 8024022 
4 1 2 0 5 3 
7591666 8023934 8023934 8023934 
1 3 2 5 0 4 
7597482 8018118 8018118 8018118 
4 0 1 5 2 3 
7598130 8017470 8017470 8017470 
2 4 0 1 3 5 
7598428 8017172 8017172 8017172 
0 3 1 2 5 4 
7598546 8017054 8017054 8017054 
2 4 3 1 0 5 
7602764 8012836 8012836 8012836 
5 1 2 3 4 0 
7602978 8012622 8012622 8012622 
4 2 3 0 5 1 
7603878 8011722 8011722 8011722 
1 3 2 5 4 0 
7606908 8008692 8008692 8008692 
5 4 1 0 3 2 
7606940 8008660 8008660 8008660 
0 3 2 4 5 1 
7608282 8007318 8007318 8007318 
0 1 2 5 4 3 
7610016 8005584 8005584 8005584 
5 1 2 0 4 3 
7610226 8005374 8005374 8005374 
1 2 4 3 0 5 
7614174 8001426 8001426 8001426 
1 4 5 2 3 0 
7615498 8000102 8000102 8000102 
1 5 0 3 2 4 
7616338 7999262 7999262 7999262 
1 0 3 4 2 5 
7616524 7999076 7999076 7999076 
2 3 0 4 5 1 
7616918 7998682 7998682 7998682 
4 5 3 0 2 1 
7620408 7995192 7995192 7995192 
1 3 4 5 0 2 
7621920 7993680 7993680 7993680 
1 0 4 5 2 3 
7629712 7985888 7985888 7985888 
5 3 1 4 2 0 
7631402 7984198 7984198 7984198 
3 2 4 1 5 0 
7631806 7983794 7983794 7983794 
4 3 1 2 0 5 
7632304 7983296 7983296 7983296 
5 2 0 4 3 1 
7634240 7981360 7981360 7981360 
3 1 5 4 2 0 
7647078 7968522 7968522 7968522 
3 0 2 5 1 4 
7648012 7967588 7967588 7967588 
1 3 5 2 4 0 
7648160 7967440 7967440 7967440 
2 5 0 3 1 4 
7650452 7965148 7965148 7965148 
0 4 3 5 2 1 
7653776 7961824 7961824 7961824 
2 5 0 1 3 4 
7658924 7956676 7956676 7956676 
2 3 0 4 1 5 
7659006 7956594 7956594 7956594 
1 5 0 4 3 2 
7660820 7954780 7954780 7954780 
0 5 2 1 3 4 
7661992 7953608 7953608 7953608 
5 1 3 0 2 4 
7662174 7953426 7953426 7953426 
1 2 0 3 4 5 
7663304 7952296 7952296 7952296 
3 4 5 2 1 0 
7663378 7952222 7952222 7952222 
5 1 4 3 2 0 
7663800 7951800 7951800 7951800 
0 3 2 5 1 4 
7672366 7943234 7943234 7943234 
3 1 0 4 5 2 
7680134 7935466 7935466 7935466 
5 3 0 2 1 4 
7685414 7930186 7930186 7930186 
4 1 0 3 5 2 
7688230 7927370 7927370 7927370 
0 3 1 5 2 4 
7691612 7923988 7923988 7923988 
1 4 2 0 3 5 
7694738 7920862 7920862 7920862 
1 3 0 4 2 5 
7699524 7916076 7916076 7916076 
5 0 3 1 2 4 
7700176 7915424 7915424 7915424 
1 4 3 5 0 2 
7701340 7914260 7914260 7914260 
3 4 1 2 5 0 
7707738 7907862 7907862 7907862 
0 2 1 5 4 3 
7709370 7906230 7906230 7906230 
2 0 4 1 5 3 
7711058 7904542 7904542 7904542 
1 2 4 5 3 0 
7714892 7900708 7900708 7900708 
1 5 0 3 4 2 
7718884 7896716 7896716 7896716 
4 1 3 0 2 5 
7722902 7892698 7892698 7892698 
0 2 3 5 1 4 
7722930 7892670 7892670 7892670 
1 0 3 4 5 2 
7725066 7890534 7890534 7890534 
5 2 1 0 4 3 
7725540 7890060 7890060 7890060 
4 2 1 0 5 3 
7727994 7887606 7887606 7887606 
1 4 5 3 2 0 
7728720 7886880 7886880 7886880 
4 1 3 2 0 5 
7733366 7882234 7882234 7882234 
3 0 4 1 2 5 
7736374 7879226 7879226 7879226 
2 1 4 3 5 0 
7737116 7878484 7878484 7878484 
0 5 3 4 1 2 
7737140 7878460 7878460 7878460 
3 2 5 1 4 0 
7739354 7876246 7876246 7876246 
2 5 1 4 3 0 
7740846 7874754 7874754 7874754 
0 5 1 4 2 3 
7741814 7873786 7873786 7873786 
1 4 0 3 2 5 
7753854 7861746 7861746 7861746 
3 0 1 2 4 5 
7754132 7861468 7861468 7861468 
2 1 5 0 3 4 
7756504 7859096 7859096 7859096 
5 4 2 3 0 1 
7760256 7855344 7855344 7855344 
2 4 1 5 3 0 
7765428 7850172 7850172 7850172 
2 5 4 1 0 3 
7770072 7845528 7845528 7845528 
0 3 4 5 1 2 
7770304 7845296 7845296 7845296 
4 2 0 3 1 5 
7777624 7837976 7837976 7837976 
4 1 3 0 5 2 
7777630 7837970 7837970 7837970 
2 5 1 0 3 4 
7777730 7837870 7837870 7837870 
0 4 5 2 1 3 
7778488 7837112 7837112 7837112 
5 1 3 0 4 2 
7781700 7833900 7833900 7833900 
4 2 5 3 0 1 
7782872 7832728 7832728 7832728 
2 3 0 5 1 4 
7783564 7832036 7832036 7832036 
2 3 5 1 0 4 
7783662 7831938 7831938 7831938 
4 1 2 5 3 0 
7793322 7822278 7822278 7822278 
2 5 0 3 4 1 
7794452 7821148 7821148 7821148 
2 4 5 3 1 0 
7796238 7819362 7819362 7819362 
4 0 2 5 1 3 
7797356 7818244 7818244 7818244 
5 4 0 3 2 1 
7797356 7818244 7818244 7818244 
5 0 3 4 2 1 
7799980 7815620 7815620 7815620 
5 2 3 0 1 4 
7802008 7813592 7813592 7813592 
3 2 5 4 0 1 
7803228 7812372 7812372 7812372 
5 4 0 3 1 2 
7806146 7809454 7809454 7809454 
0 3 1 2 4 5 
7809812 7805788 7805788 7805788 
3 2 5 1 0 4 
7811850 7803750 7803750 7803750 
1 2 4 5 0 3 
7822156 7793444 7793444 7793444 
2 3 0 1 5 4 
7822606 7792994 7792994 7792994 
2 4 0 3 1 5 
7825572 7790028 7790028 7790028 
1 4 5 2 0 3 
7826254 7789346 7789346 7789346 
3 5 1 2 0 4 
7827356 7788244 7788244 7788244 
0 4 1 2 3 5 
7831710 7783890 7783890 7783890 
0 5 1 2 4 3 
7836196 7779404 7779404 7779404 
4 1 2 3 5 0 
7837546 7778054 7778054 7778054 
0 1 4 5 2 3 
7840078 7775522 7775522 7775522 
0 5 2 1 4 3 
7843636 7771964 7771964 7771964 
2 3 4 1 0 5 
7845546 7770054 7770054 7770054 
5 4 1 3 0 2 
7845966 7769634 7769634 7769634 
4 2 3 0 1 5 
7850096 7765504 7765504 7765504 
2 4 3 0 1 5 
7850524 7765076 7765076 7765076 
5 2 0 3 4 1 
7853206 7762394 7762394 7762394 
1 3 0 4 5 2 
7856012 7759588 7759588 7759588 
3 4 1 2 0 5 
7857846 7757754 7757754 7757754 
2 1 5 3 4 0 
7860494 7755106 7755106 7755106 
1 5 2 4 3 0 
7864622 7750978 7750978 7750978 
1 5 4 2 3 0 
7865876 7749724 7749724 7749724 
4 0 3 1 2 5 
7870146 7745454 7745454 7745454 
3 5 4 2 1 0 
7874388 7741212 7741212 7741212 
0 2 3 5 4 1 
7878216 7737384 7737384 7737384 
4 5 2 0 3 1 
7882678 7732922 7732922 7732922 
3 2 1 4 5 0 
7891856 7723744 7723744 7723744 
0 5 1 2 3 4 
7895944 7719656 7719656 7719656 
3 1 0 2 4 5 
7897496 7718104 7718104 7718104 
0 3 1 4 5 2 
7899600 7716000 7716000 7716000 
2 0 3 5 4 1 
7902144 7713456 7713456 7713456 
1 5 4 3 2 0 
7905682 7709918 7709918 7709918 
3 1 4 5 2 0 
7911802 7703798 7703798 7703798 
0 2 4 5 3 1 
7913002 7702598 7702598 7702598 
0 5 2 4 1 3 
7920752 7694848 7694848 7694848 
4 5 3 0 1 2 
7921354 7694246 7694246 7694246 
0 4 3 2 1 5 
7922914 7692686 7692686 7692686 
5 4 1 0 2 3 
7924510 7691090 7691090 7691090 
1 3 0 5 2 4 
7924570 7691030 7691030 7691030 
3 5 0 2 1 4 
7924998 7690602 7690602 7690602 
2 5 3 1 0 4 
7927134 7688466 7688466 7688466 
1 4 2 5 0 3 
7927354 7688246 7688246 7688246 
1 4 0 5 3 2 
7930508 7685092 7685092 7685092 
4 1 5 0 2 3 
7930970 7684630 7684630 7684630 
1 0 4 5 3 2 
7931878 7683722 7683722 7683722 
2 0 3 5 1 4 
7931934 7683666 7683666 7683666 
3 2 0 4 5 1 
7932626 7682974 7682974 7682974 
2 1 4 0 3 5 
7933540 7682060 7682060 7682060 
0 5 3 1 2 4 
7937450 7678150 7678150 7678150 
5 0 3 2 1 4 
7938322 7677278 7677278 7677278 
1 4 2 5 3 0 
7940870 7674730 7674730 7674730 
5 0 2 4 3 1 
7941760 7673840 7673840 7673840 
2 4 1 0 5 3 
7942082 7673518 7673518 7673518 
3 1 2 5 4 0 
7943100 7672500 7672500 7672500 
0 5 4 1 2 3 
7943768 7671832 7671832 7671832 
5 3 2 4 0 1 
7944596 7671004 7671004 7671004 
3 0 4 5 2 1 
7945466 7670134 7670134 7670134 
2 3 0 5 4 1 
7947754 7667846 7667846 7667846 
0 2 3 1 5 4 
7949966 7665634 7665634 7665634 
2 5 4 3 1 0 
7952186 7663414 7663414 7663414 
3 2 4 1 0 5 
7954464 7661136 7661136 7661136 
0 1 4 5 3 2 
7959712 7655888 7655888 7655888 
3 1 4 2 5 0 
7964630 7650970 7650970 7650970 
2 1 3 0 5 4 
7965962 7649638 7649638 7649638 
4 2 3 5 0 1 
7971690 7643910 7643910 7643910 
1 5 3 0 4 2 
7971958 7643642 7643642 7643642 
3 2 5 4 1 0 
7977426 7638174 7638174 7638174 
4 5 1 0 3 2 
7981558 7634042 7634042 7634042 
4 2 1 5 3 0 
7981570 7634030 7634030 7634030 
5 2 4 3 1 0 
7988194 7627406 7627406 7627406 
1 4 2 3 5 0 
7990944 7624656 7624656 7624656 
1 4 3 0 2 5 
7991206 7624394 7624394 7624394 
2 4 5 0 1 3 
7994842 7620758 7620758 7620758 
3 0 2 4 5 1 
7998618 7616982 7616982 7616982 
0 2 3 1 4 5 
8000730 7614870 7614870 7614870 
5 2 1 3 4 0 
8004292 7611308 7611308 7611308 
1 0 5 2 4 3 
8010060 7605540 7605540 7605540 
3 1 4 5 0 2 
8011500 7604100 7604100 7604100 
1 2 4 3 5 0 
8015006 7600594 7600594 7600594 
3 5 1 2 4 0 
8015078 7600522 7600522 7600522 
2 0 5 1 3 4 
8016006 7599594 7599594 7599594 
0 4 3 5 1 2 
8019166 7596434 7596434 7596434 
4 1 5 3 2 0 
8021746 7593854 7593854 7593854 
3 4 0 2 1 5 
8023114 7592486 7592486 7592486 
3 0 5 2 1 4 
8026986 7588614 7588614 7588614 
2 3 0 1 4 5 
8028884 7586716 7586716 7586716 
2 1 3 0 4 5 
8030760 7584840 7584840 7584840 
0 3 5 2 1 4 
8032476 7583124 7583124 7583124 
5 0 1 4 3 2 
8045278 7570322 7570322 7570322 
1 5 2 0 3 4 
8046410 7569190 7569190 7569190 
3 1 5 2 0 4 
8054042 7561558 7561558 7561558 
3 0 1 4 5 2 
8055936 7559664 7559664 7559664 
3 2 4 5 0 1 
8059990 7555610 7555610 7555610 
3 1 5 2 4 0 
8060960 7554640 7554640 7554640 
5 1 4 0 2 3 
8061768 7553832 7553832 7553832 
0 1 3 2 5 4 
8064198 7551402 7551402 7551402 
4 3 2 5 1 0 
8069994 7545606 7545606 7545606 
5 0 3 4 1 2 
8071756 7543844 7543844 7543844 
5 4 2 0 1 3 
8084390 7531210 7531210 7531210 
0 1 5 2 4 3 
8091270 7524330 7524330 7524330 
5 3 0 4 2 1 
8092172 7523428 7523428 7523428 
4 2 0 3 5 1 
8098078 7517522 7517522 7517522 
1 0 4 2 5 3 
8098572 7517028 7517028 7517028 
0 2 4 5 1 3 
8107152 7508448 7508448 7508448 
0 3 4 2 1 5 
8108772 7506828 7506828 7506828 
3 1 0 5 4 2 
8109828 7505772 7505772 7505772 
0 1 3 5 4 2 
8111892 7503708 7503708 7503708 
1 4 3 2 0 5 
8115160 7500440 7500440 7500440 
0 5 4 2 1 3 
8115266 7500334 7500334 7500334 
4 1 0 5 3 2 
8123430 7492170 7492170 7492170 
1 0 3 5 2 4 
8126140 7489460 7489460 7489460 
0 2 5 1 3 4 
8127684 7487916 7487916 7487916 
0 3 2 5 4 1 
8128138 7487462 7487462 7487462 
3 0 4 5 1 2 
8132050 7483550 7483550 7483550 
2 4 1 3 5 0 
8135382 7480218 7480218 7480218 
4 3 1 5 2 0 
8135968 7479632 7479632 7479632 
0 4 1 5 2 3 
8137730 7477870 7477870 7477870 
4 3 0 2 1 5 
8137730 7477870 7477870 7477870 
3 2 4 5 1 0 
8146876 7468724 7468724 7468724 
1 5 4 2 0 3 
8149466 7466134 7466134 7466134 
0 1 4 2 5 3 
8152548 7463052 7463052 7463052 
1 5 0 2 3 4 
8161556 7454044 7454044 7454044 
3 2 1 5 4 0 
8168854 7446746 7446746 7446746 
0 5 2 4 3 1 
8174690 7440910 7440910 7440910 
4 1 3 5 0 2 
8177282 7438318 7438318 7438318 
1 2 5 3 4 0 
8180570 7435030 7435030 7435030 
1 4 5 0 2 3 
8181724 7433876 7433876 7433876 
4 2 0 5 3 1 
8183038 7432562 7432562 7432562 
0 5 3 2 1 4 
8183396 7432204 7432204 7432204 
1 4 0 2 3 5 
8189224 7426376 7426376 7426376 
2 1 5 0 4 3 
8189478 7426122 7426122 7426122 
1 2 5 0 3 4 
8192104 7423496 7423496 7423496 
0 2 5 1 4 3 
8198064 7417536 7417536 7417536 
5 4 2 3 1 0 
8207522 7408078 7408078 7408078 
0 1 5 2 3 4 
8210676 7404924 7404924 7404924 
0 1 3 2 4 5 
8221296 7394304 7394304 7394304 
0 2 4 1 3 5 
8228508 7387092 7387092 7387092 
3 5 0 4 2 1 
8230566 7385034 7385034 7385034 
4 5 0 3 1 2 
8231140 7384460 7384460 7384460 
3 2 0 5 4 1 
8236552 7379048 7379048 7379048 
5 3 1 4 0 2 
8240114 7375486 7375486 7375486 
0 2 4 1 5 3 
8248124 7367476 7367476 7367476 
0 5 1 4 3 2 
8254808 7360792 7360792 7360792 
4 5 1 0 2 3 
8255244 7360356 7360356 7360356 
2 5 3 0 1 4 
8256086 7359514 7359514 7359514 
4 2 1 3 5 0 
8259874 7355726 7355726 7355726 
4 0 3 2 1 5 
8264870 7350730 7350730 7350730 
2 0 4 1 3 5 
8268930 7346670 7346670 7346670 
4 2 5 0 1 3 
8269364 7346236 7346236 7346236 
2 5 1 0 4 3 
8270362 7345238 7345238 7345238 
4 5 0 3 2 1 
8272594 7343006 7343006 7343006 
3 4 0 5 2 1 
8276112 7339488 7339488 7339488 
1 2 4 0 3 5 
8276710 7338890 7338890 7338890 
1 2 3 0 5 4 
8284082 7331518 7331518 7331518 
5 4 1 3 2 0 
8284442 7331158 7331158 7331158 
1 4 2 0 5 3 
8288844 7326756 7326756 7326756 
3 5 0 4 1 2 
8289222 7326378 7326378 7326378 
5 3 0 4 1 2 
8290748 7324852 7324852 7324852 
4 5 1 3 0 2 
8298194 7317406 7317406 7317406 
1 2 3 0 4 5 
8298636 7316964 7316964 7316964 
2 1 4 0 5 3 
8301716 7313884 7313884 7313884 
4 5 2 3 0 1 
8304914 7310686 7310686 7310686 
0 4 2 5 1 3 
8305450 7310150 7310150 7310150 
3 1 4 2 0 5 
8314208 7301392 7301392 7301392 
2 0 3 1 5 4 
8323160 7292440 7292440 7292440 
1 5 2 3 4 0 
8333470 7282130 7282130 7282130 
3 0 4 2 1 5 
8336112 7279488 7279488 7279488 
5 2 4 0 1 3 
8336962 7278638 7278638 7278638 
1 3 0 5 4 2 
8343426 7272174 7272174 7272174 
1 5 3 2 0 4 
8351366 7264234 7264234 7264234 
0 4 2 5 3 1 
8360180 7255420 7255420 7255420 
1 3 5 2 0 4 
8383454 7232146 7232146 7232146 
4 2 5 3 1 0 
8409340 7206260 7206260 7206260 
1 3 0 2 5 4 
8414558 7201042 7201042 7201042 
2 5 1 3 4 0 
8414708 7200892 7200892 7200892 
1 0 3 5 4 2 
8424216 7191384 7191384 7191384 
0 1 4 2 3 5 
8429052 7186548 7186548 7186548 
1 5 3 0 2 4 
8434372 7181228 7181228 7181228 
2 5 4 0 1 3 
8435360 7180240 7180240 7180240 
3 0 2 5 4 1 
8440864 7174736 7174736 7174736 
3 4 0 5 1 2 
8441102 7174498 7174498 7174498 
2 0 3 1 4 5 
8456604 7158996 7158996 7158996 
4 5 2 0 1 3 
8457310 7158290 7158290 7158290 
0 3 1 5 4 2 
8461168 7154432 7154432 7154432 
1 3 4 2 0 5 
8470460 7145140 7145140 7145140 
4 0 3 5 2 1 
8479566 7136034 7136034 7136034 
4 3 2 5 0 1 
8516340 7099260 7099260 7099260 
1 0 5 2 3 4 
8534598 7081002 7081002 7081002 
3 0 1 5 4 2 
8539894 7075706 7075706 7075706 
3 4 1 5 2 0 
8544414 7071186 7071186 7071186 
3 4 2 5 1 0 
8553734 7061866 7061866 7061866 
0 4 1 5 3 2 
8557850 7057750 7057750 7057750 
3 5 2 4 0 1 
8567862 7047738 7047738 7047738 
3 5 1 4 2 0 
8574756 7040844 7040844 7040844 
4 0 2 5 3 1 
8594298 7021302 7021302 7021302 
3 4 2 5 0 1 
8594948 7020652 7020652 7020652 
3 5 2 4 1 0 
8595294 7020306 7020306 7020306 
3 5 1 4 0 2 
8605980 7009620 7009620 7009620 
4 3 0 5 2 1 
8612956 7002644 7002644 7002644 
1 5 4 0 2 3 
8643256 6972344 6972344 6972344 
1 3 0 2 4 5 
8676926 6938674 6938674 6938674 
1 5 2 0 4 3 
8680324 6935276 6935276 6935276 
1 2 5 0 4 3 
8714754 6900846 6900846 6900846 
4 0 1 5 3 2 
8722938 6892662 6892662 6892662 
3 4 1 5 0 2 
8750618 6864982 6864982 6864982 
1 0 3 2 5 4 
8755512 6860088 6860088 6860088 
4 5 2 3 1 0 
8784616 6830984 6830984 6830984 
1 2 4 0 5 3 
8784806 6830794 6830794 6830794 
4 0 3 5 1 2 
8807432 6808168 6808168 6808168 
1 0 4 2 3 5 
8812644 6802956 6802956 6802956 
4 5 1 3 2 0 
8819350 6796250 6796250 6796250 
4 3 1 5 0 2 
8836980 6778620 6778620 6778620 
4 3 0 5 1 2 
8867622 6747978 6747978 6747978 
1 0 3 2 4 5 
8945046 6670554 6670554 6670554 
