48 4
1 2 4 5 0 3 
7470996 5918874 9766542 5790480 
1 2 3 0 5 4 
7476962 6295402 9239100 6063224 
1 2 0 3 5 4 
7519268 6162966 9268554 6469618 
4 5 3 0 2 1 
7561220 6327586 8998304 6342374 
1 2 4 5 3 0 
7592814 6357090 9929648 5689760 
3 2 4 0 5 1 
7657972 5911264 9522592 6943592 
1 0 3 5 2 4 
7679124 5502354 9804152 6061954 
2 1 4 5 0 3 
7772132 6381918 9790966 5720682 
4 3 1 5 2 0 
7773696 6172244 9461462 5506394 
3 4 2 0 5 1 
7780668 5928158 9422062 6545468 
4 3 2 5 0 1 
7792426 6153602 9172818 6229440 
3 4 2 5 0 1 
7798880 6453968 9075732 5739778 
1 0 4 2 5 3 
7805084 5830100 9636348 5679766 
3 4 1 5 2 0 
7827932 5951788 9422674 6178240 
4 3 5 2 0 1 
7832472 5856206 9303628 6789850 
0 5 4 2 3 1 
7849366 6565120 9760304 5405192 
1 2 5 4 0 3 
7856598 5783564 10634290 6061686 
1 0 2 5 3 4 
7864516 5985440 8961748 6857602 
3 4 0 2 5 1 
7874412 5488954 10075444 5719186 
1 0 2 5 4 3 
7887272 6127810 8834276 6358318 
3 5 4 0 2 1 
7937860 6174692 8762442 7232804 
3 5 4 2 0 1 
7940390 6431804 9047726 6085064 
3 5 0 2 4 1 
7952218 5644830 10305886 5663076 
0 5 3 2 4 1 
7965758 6013540 10369656 5351380 
1 0 4 5 2 3 
7975778 5502548 9364174 6264084 
4 0 1 5 2 3 
7986590 5918108 9732122 5508938 
3 2 1 5 0 4 
7987744 6478190 9387520 5605238 
4 0 2 5 1 3 
8019376 5936800 10262576 5198056 
1 2 3 5 0 4 
8064374 6008928 8961720 6548402 
3 4 5 2 0 1 
8082126 6166300 9401102 6064892 
2 0 1 5 4 3 
8083108 6760314 8600694 6427072 
2 0 1 5 3 4 
8104908 6552802 8682482 7063408 
3 4 0 5 2 1 
8131894 5797952 9405350 6160556 
0 1 3 5 2 4 
8163760 5911310 10057516 5567332 
1 0 5 2 4 3 
8183578 5810456 9991358 5788484 
4 3 0 5 2 1 
8234360 6037518 9272148 6118066 
1 2 0 5 4 3 
8238542 6184216 8813360 6914242 
1 3 0 5 2 4 
8255824 5331208 10170178 6586474 
1 2 5 3 0 4 
8263908 5361264 10549590 6250490 
4 5 3 2 0 1 
8279510 6261050 8785668 6923350 
3 4 5 0 2 1 
8321396 5949488 9077338 7311952 
0 2 1 5 3 4 
8321902 6832462 8805340 6166168 
1 2 0 5 3 4 
8379166 6199002 8668532 6868926 
0 2 1 5 4 3 
8382570 6523382 8743780 6830648 
3 1 0 5 2 4 
8575194 5602312 10494908 5714926 
1 4 0 5 2 3 
8815964 5242938 9951248 7320304 
3 0 5 2 4 1 
8876696 5233342 11129880 6536996 
4 2 5 0 3 1 
9011690 5241554 10948680 6763068 
