42 4
5 4 1 3 2 0 
6228946 5217964 7908680 7386206 
0 1 4 2 3 5 
6460794 5970340 7841702 7720356 
2 1 5 3 4 0 
6581484 5492864 7700024 8123868 
2 0 4 1 5 3 
6631284 6029024 8627588 7130120 
2 4 0 3 5 1 
6653398 5477878 8307088 7055688 
5 3 1 4 2 0 
6660898 6007820 8263744 7095522 
2 3 4 1 5 0 
6688970 6021628 8545158 7043410 
5 1 3 0 2 4 
6733640 5378138 8137324 6930082 
2 4 1 3 5 0 
6753698 4928318 8507462 7216438 
0 1 2 4 3 5 
6781014 5802056 7891828 7826232 
0 4 3 1 2 5 
6827848 5229392 7915450 6902138 
5 0 3 1 2 4 
6843262 5475970 7708418 7874732 
5 1 4 0 2 3 
6856394 4939838 8462148 7082612 
5 4 2 0 1 3 
6858408 5436278 7727464 7994672 
5 3 0 1 2 4 
6860344 5403134 7586790 8492834 
5 3 1 4 0 2 
6870858 5153890 8272836 7273516 
0 1 3 4 5 2 
6879460 5606802 7880876 7648778 
2 3 4 1 0 5 
6900216 4894338 8328486 7068478 
5 0 4 1 2 3 
6949454 5468282 8221794 6869196 
5 4 0 1 2 3 
6960772 5226788 7850524 8388038 
5 1 4 3 2 0 
6965900 4736984 8480976 7646430 
4 3 0 1 2 5 
6986652 6060474 7463304 8585870 
3 4 0 1 2 5 
7014558 5891700 7635102 7745648 
5 1 2 3 4 0 
7086446 4507076 8306368 6693006 
5 3 2 1 0 4 
7134338 5210652 7831850 7847464 
4 0 3 1 2 5 
7144690 5847944 7680850 8230846 
5 1 2 4 3 0 
7172286 5045142 7906138 6960962 
4 2 1 3 5 0 
7216870 4936144 8953480 6655526 
0 1 3 5 4 2 
7232992 5995626 7880226 7714146 
0 3 4 1 2 5 
7250732 4718334 8393560 6628026 
5 1 0 3 4 2 
7272814 4705624 8249472 7194962 
5 2 1 3 4 0 
7317114 4563398 8460432 6392018 
4 3 0 2 1 5 
7351454 6326404 7476362 8573560 
5 4 2 1 0 3 
7381030 5648926 7625672 8098992 
5 3 0 2 1 4 
7403844 5765760 7559400 8494744 
2 1 5 4 3 0 
7466844 6072274 7505906 8286640 
0 4 3 2 1 5 
7542400 5507858 8103588 6884642 
5 2 1 4 3 0 
7597534 5105976 8195280 6675202 
5 1 0 4 3 2 
7644958 4397226 8775062 7053690 
0 1 5 3 4 2 
7689348 6042594 7552088 8803352 
0 3 4 2 1 5 
7770704 4992288 8446620 6595302 
5 1 4 2 3 0 
7774146 5680116 7774652 7812196 
