148 4
3 4 1 2 0 5 
3653782 5286244 6661816 7457924 
3 4 1 0 2 5 
3731072 4889244 6983798 7714366 
3 0 2 4 1 5 
3839994 4546686 6750064 7779576 
5 0 2 3 1 4 
3925332 5209818 6701662 6988958 
3 0 2 1 4 5 
4016298 4275860 6715298 6765956 
3 0 2 5 1 4 
4026582 5464078 6360854 7938826 
3 5 2 4 1 0 
4075348 4128476 6672422 7086540 
3 5 2 1 4 0 
4123202 4444850 6804274 6672598 
3 5 1 2 0 4 
4135624 4812588 6583176 6277100 
5 4 1 2 0 3 
4180330 5329844 6088450 6601418 
5 4 1 0 2 3 
4208082 4924854 6565062 6873558 
3 4 1 2 5 0 
4225744 5202252 6293956 7453352 
3 4 1 5 0 2 
4256830 4967558 6385376 7746880 
3 2 0 1 4 5 
4263812 3510578 6807734 6611158 
5 3 1 0 2 4 
4293784 4064762 6978562 6226230 
3 2 5 1 4 0 
4315032 3462542 6846070 6633304 
2 4 1 5 0 3 
4337056 4612872 5970282 7146956 
2 4 1 3 0 5 
4341446 5317364 5546204 7385892 
5 3 1 2 0 4 
4345482 4106552 6398892 5583172 
4 0 2 3 1 5 
4361122 5206316 5452692 6368256 
3 2 0 4 1 5 
4396850 4086168 6715624 7726148 
3 1 4 2 0 5 
4436458 3921806 6586538 7603936 
3 1 4 2 5 0 
4473334 3982412 6493194 7278606 
2 0 5 3 4 1 
4524084 4847158 6293238 6836188 
2 1 3 0 5 4 
4555422 3961708 6396844 6448568 
2 3 1 5 0 4 
4561394 3932802 6154148 6368384 
0 4 1 5 2 3 
4564768 4815134 5983058 6679590 
3 4 2 5 1 0 
4571124 4445214 5993526 6269978 
5 4 2 3 1 0 
4582388 5223632 6093710 5775736 
3 0 2 1 5 4 
4602724 4303242 6303478 6241952 
4 5 2 3 1 0 
4609808 4910470 5346538 5729208 
5 1 3 2 0 4 
4618528 3892428 6129772 5995950 
2 1 3 5 0 4 
4652386 4503034 5740668 6761112 
3 5 0 4 1 2 
4679392 3881712 6424106 7034402 
1 5 2 4 3 0 
4681304 3803430 6880448 6416308 
1 0 5 3 4 2 
4692676 4788914 5239868 6357094 
1 0 2 3 4 5 
4724260 4824376 5145642 6302206 
2 3 1 0 5 4 
4749176 3672008 6693536 6149150 
0 1 3 2 5 4 
4754928 3952502 6067072 5528376 
2 4 3 5 0 1 
4760900 4256626 5739804 6336464 
1 5 2 3 4 0 
4770362 4435312 5364650 5962630 
1 2 5 3 4 0 
4780138 4237360 5262086 5903286 
2 3 4 0 5 1 
4842814 3589442 6761528 6261070 
0 5 1 3 2 4 
4877350 4581012 5776710 5817714 
0 3 1 2 5 4 
4903282 3858402 6327764 5223958 
3 2 5 4 1 0 
4923702 3792976 6444946 7262386 
1 2 0 3 4 5 
4926374 4254694 5202078 6142408 
5 1 4 2 0 3 
4956162 3891066 6098132 6686778 
4 2 0 1 3 5 
4990582 3411478 7049768 5843080 
4 5 1 2 0 3 
5006378 5307414 6316422 5498816 
3 1 5 2 4 0 
5027012 3714822 5983998 5775038 
5 2 0 1 3 4 
5085036 3670560 6495938 6441626 
1 5 0 4 3 2 
5090148 3633666 6723532 6409770 
2 3 4 5 0 1 
5130664 3605080 5913126 5994396 
3 2 4 1 5 0 
5168534 3466462 6472606 6898892 
2 1 3 0 4 5 
5169824 4147838 5978960 5561502 
4 2 5 1 3 0 
5170634 3312622 7027780 5835130 
0 4 3 5 2 1 
5183812 4381888 5661180 5823498 
4 2 3 1 5 0 
5184534 3720418 7101080 5212930 
0 1 3 2 4 5 
5205478 4132604 6316652 4930654 
2 0 4 3 5 1 
5207818 4214330 5919464 5925864 
0 3 4 2 5 1 
5211432 3742482 6372212 5619714 
5 1 3 2 4 0 
5218682 4122444 6331416 5099298 
4 0 1 3 2 5 
5224922 4976648 5948686 5552992 
3 2 0 1 5 4 
5249730 3430004 6190962 6326630 
5 2 3 1 4 0 
5251502 3682004 6715248 5872108 
4 0 2 5 1 3 
5262598 5816958 4781956 6817324 
2 1 3 5 4 0 
5324898 4735712 5647556 5736684 
3 5 2 1 0 4 
5336786 4483424 5851354 5812046 
1 3 4 2 5 0 
5361440 4214070 5756770 6550788 
4 5 0 3 1 2 
5362764 4640552 5081878 5874106 
4 0 3 1 2 5 
5364964 4431858 6274162 5214066 
5 3 4 2 0 1 
5370016 3708042 6107902 5811576 
3 1 5 2 0 4 
5378214 3394572 6165570 6894490 
1 5 3 2 4 0 
5395584 5074386 4366496 6094610 
0 1 5 2 4 3 
5397604 4032898 6373142 5166028 
2 0 1 3 5 4 
5400032 4140524 5788724 5757670 
2 0 3 4 5 1 
5425418 4295988 5695634 5811372 
5 2 1 3 0 4 
5449026 3984064 5622872 4834100 
2 1 0 3 4 5 
5452168 4628954 5585138 5616508 
1 0 5 2 4 3 
5464904 5747520 4306650 6976816 
4 2 3 1 0 5 
5475890 3802584 6629016 4716260 
1 3 2 4 5 0 
5483074 3692672 6728074 5647818 
2 5 4 3 0 1 
5484188 4039564 5290550 5626906 
1 0 3 2 4 5 
5488766 5616312 4171140 6261176 
5 0 3 1 2 4 
5496474 4386384 5569978 5486024 
2 5 3 4 0 1 
5507616 4084394 5174960 5607850 
1 3 5 2 4 0 
5553022 4089952 4634646 5812404 
3 1 5 0 4 2 
5562922 3940438 5793736 5882634 
1 0 3 5 4 2 
5564206 5250884 4534394 6005326 
3 2 4 1 0 5 
5572618 3537936 6045950 6428622 
3 1 0 2 4 5 
5572752 3436298 5814622 5635372 
4 2 5 3 1 0 
5591184 4001862 5224542 5919704 
4 3 2 5 1 0 
5597556 4342692 4907914 5313848 
2 5 3 1 0 4 
5600422 4812340 4593460 5980504 
1 2 3 5 4 0 
5621776 4666524 4551536 5588648 
0 2 4 3 5 1 
5632704 3958508 5748352 5337640 
5 2 3 1 0 4 
5690148 3763138 5288604 4894510 
3 2 5 1 0 4 
5705034 3453442 5802642 5878506 
5 1 2 3 4 0 
5740138 4653838 6076630 4754794 
3 1 2 0 5 4 
5745488 3435674 6151166 6324046 
1 3 2 5 4 0 
5769438 3880042 4922250 5365786 
0 2 3 1 5 4 
5776628 3768092 5242544 5226696 
1 5 3 0 4 2 
5812030 5162124 4333154 6093098 
4 2 0 1 5 3 
5833856 3536854 6769244 5290854 
4 1 5 2 3 0 
5852566 3531724 6175724 5458258 
0 3 4 5 2 1 
5871376 3497894 5828146 5563150 
4 3 2 0 1 5 
5883338 4451148 4745896 5426728 
4 3 2 1 0 5 
5886632 4258716 6544362 4723274 
0 3 2 1 5 4 
5893356 4585190 5007782 5266408 
0 1 2 3 4 5 
5904324 4834380 5692194 4700468 
1 3 0 5 4 2 
5938046 3832398 4944624 5649174 
1 3 0 2 4 5 
5950670 3969754 4519450 6002032 
0 1 2 3 5 4 
5954176 4623898 5063298 5155838 
5 1 0 2 4 3 
5956548 3744214 6218530 5195006 
3 1 0 2 5 4 
5960830 3176654 5902850 6429494 
1 2 3 0 4 5 
5962782 5119690 4154940 5842986 
0 2 1 3 5 4 
5985802 3712700 5558752 4811708 
4 0 3 2 1 5 
5987324 5469484 4443630 5648698 
3 1 2 0 4 5 
5989254 3656958 5583986 5350180 
1 3 5 0 4 2 
5993532 4115368 4584384 5837400 
1 3 0 4 5 2 
6006786 3461996 6519740 5568430 
4 5 3 2 1 0 
6096726 5020776 4313824 5182660 
4 3 0 2 1 5 
6100628 4077902 4798912 5299914 
5 3 2 1 0 4 
6113476 4355980 5047710 5013062 
0 5 4 3 2 1 
6220388 3927396 5207074 5267946 
1 3 2 0 4 5 
6222572 4042814 4446814 5743640 
2 3 5 4 0 1 
6238776 3803722 4927834 5726310 
5 2 3 4 0 1 
6259418 4424580 4898504 5095100 
4 1 0 2 3 5 
6269474 3304020 6066672 5348688 
4 2 5 1 0 3 
6305264 3520164 6275192 4786234 
0 1 2 5 4 3 
6333186 4548680 5736830 4701726 
0 2 4 1 5 3 
6344754 3620986 5192352 5876882 
5 2 4 1 0 3 
6387106 3565212 5178088 5514600 
2 3 5 1 0 4 
6391998 4375200 4303854 6165516 
4 3 0 5 1 2 
6404468 4043258 4631410 5448124 
4 3 5 2 1 0 
6419364 3915510 4578670 4942934 
4 2 3 0 1 5 
6429948 4938200 4437894 5733434 
0 2 4 1 3 5 
6452836 3405376 5856092 6651908 
5 2 4 3 1 0 
6629750 3558424 5659870 6361350 
4 5 3 0 1 2 
6662284 5156910 4001224 5417242 
0 2 1 3 4 5 
6963840 3645412 5660308 4972508 
5 3 2 4 0 1 
6977658 4253646 4450250 5538516 
4 3 5 0 1 2 
7008986 3989322 4249150 5204024 
5 3 0 4 2 1 
7034920 3879126 4916686 5979352 
5 3 4 2 1 0 
7045630 3576232 5278738 5431886 
0 2 1 5 4 3 
7191998 3879504 5846064 4752678 
5 3 4 0 1 2 
7233568 3464820 5431458 5312116 
