64 3
0 2 4 5 1 3 
4176250 6339872 7976688 
0 2 4 3 1 5 
4306756 6097152 7484064 
5 2 0 4 3 1 
4371696 6049084 8402254 
1 3 4 0 2 5 
4436006 5710460 8183416 
5 2 0 3 4 1 
4471658 5969792 8105162 
4 2 0 3 5 1 
4499100 5648814 7905796 
5 2 4 0 1 3 
4506694 5840650 7598252 
4 3 1 0 5 2 
4536682 5213530 8273408 
0 3 4 2 1 5 
4557982 5158066 8006956 
4 1 0 5 2 3 
4569346 5918020 7486296 
0 2 5 3 1 4 
4592214 6177122 7463590 
1 3 4 2 0 5 
4621092 5498054 7939698 
5 0 4 2 1 3 
4666182 6202844 7150242 
4 2 0 5 3 1 
4669830 5422582 7220138 
5 3 0 1 2 4 
4752904 5159544 7891570 
4 3 1 5 0 2 
4800668 4956664 7895562 
5 1 0 4 2 3 
4867860 5231688 7071064 
0 3 1 5 4 2 
4868480 5005984 7888110 
5 3 0 4 2 1 
4888036 4948444 8234458 
0 3 5 1 2 4 
4923966 4782022 7532974 
4 3 0 5 2 1 
5000418 4756376 7400410 
0 3 4 1 2 5 
5012076 4583222 6938266 
4 2 5 0 3 1 
5098864 5152694 6698476 
4 2 1 5 3 0 
5136834 4420552 7246342 
5 3 4 1 2 0 
5238364 4682846 6749184 
4 2 1 3 5 0 
5342766 4305242 7337594 
4 3 2 0 5 1 
5347114 4379938 6943284 
5 1 2 4 0 3 
5392498 4629232 6770636 
5 1 3 4 0 2 
5426898 5297844 6674110 
0 3 4 1 5 2 
5506180 4533088 6841270 
4 0 2 5 3 1 
5533264 5398664 6584378 
5 3 2 0 4 1 
5545670 4328406 7278608 
2 3 4 1 5 0 
5612716 4600772 6670880 
5 0 3 2 1 4 
5615370 6088818 6503264 
3 0 5 2 1 4 
5626014 5981548 6438792 
5 2 1 4 3 0 
5641480 4375460 6744578 
3 2 5 0 1 4 
5641956 5170928 6507804 
1 5 0 2 3 4 
5648518 5708584 6505274 
4 5 0 2 3 1 
5698648 5058852 6420156 
4 2 1 3 0 5 
5727350 4246040 7550346 
0 1 2 4 5 3 
5746560 3974448 6818418 
4 0 5 2 3 1 
5765136 5508860 6247406 
5 1 3 4 2 0 
5768520 5377498 6094938 
0 1 3 4 5 2 
5772638 4663208 6641738 
4 5 2 0 3 1 
5895810 4678768 6235466 
0 4 5 1 3 2 
5915636 5174590 6153906 
1 2 5 0 3 4 
6002010 4367530 6279658 
2 4 5 1 3 0 
6041334 5714912 6071224 
0 1 2 5 4 3 
6128614 3810192 7684614 
0 1 2 4 3 5 
6177122 4073974 6318660 
0 4 3 1 2 5 
6208306 5111404 5932120 
0 4 3 1 5 2 
6377766 5091156 5656980 
2 4 3 1 5 0 
6396680 5641442 5585108 
0 1 3 4 2 5 
6427650 4683456 5925846 
5 4 3 1 2 0 
6460070 5070712 5714394 
5 4 3 1 0 2 
6506924 4991058 5826610 
2 1 3 4 5 0 
6603166 4558840 6225208 
3 2 1 4 0 5 
6646162 3939350 7162504 
0 1 2 3 5 4 
6646244 4008180 6698238 
1 2 3 0 4 5 
6762060 3869028 6825844 
1 2 3 0 5 4 
6769174 4008888 6321108 
2 1 3 4 0 5 
6916556 4499434 6088488 
0 1 2 5 3 4 
6919304 3873954 6787244 
1 2 3 5 4 0 
7149312 3850434 7122294 
