44 2
1 0 3 5 4 2 
4988028 10078822 
1 0 5 3 2 4 
5045554 10071522 
4 0 2 1 5 3 
5144800 9964492 
1 5 3 0 4 2 
5264548 9850874 
1 0 4 2 3 5 
5323854 9752128 
1 0 2 4 5 3 
5411744 9605568 
4 5 2 1 0 3 
5618140 9479648 
4 5 2 0 1 3 
5713356 9394454 
3 2 0 5 1 4 
5758584 9204096 
3 2 5 0 1 4 
5776958 9161994 
5 2 0 3 1 4 
5886260 9049688 
5 4 3 0 1 2 
5965830 8946918 
3 4 0 5 1 2 
6075204 8856970 
5 4 0 3 1 2 
6236144 8744450 
0 2 5 3 1 4 
6272224 8690524 
3 2 0 5 4 1 
6300072 8655328 
0 4 3 5 1 2 
6324348 8618432 
5 4 0 3 2 1 
6342710 8592742 
3 2 5 0 4 1 
6441566 8498296 
3 4 5 0 2 1 
6489720 8432050 
3 4 0 5 2 1 
6552514 8363626 
5 2 0 3 4 1 
6653292 8293084 
0 4 5 3 2 1 
6757498 8222964 
5 4 3 0 2 1 
6783756 8131170 
3 4 1 5 0 2 
7013722 8087116 
3 4 1 0 5 2 
7088848 8070446 
0 1 3 5 2 4 
7093460 8055082 
0 2 5 3 4 1 
7118816 7859130 
0 4 3 5 2 1 
7261338 7692968 
0 4 2 5 3 1 
7548272 7655338 
5 4 1 0 3 2 
7564116 7651124 
5 2 1 3 0 4 
7585200 7572444 
3 2 1 0 5 4 
7697242 7521622 
0 3 4 2 5 1 
7735696 7382246 
0 2 1 3 5 4 
8047068 7204076 
0 5 4 1 3 2 
8356662 7183834 
5 1 2 3 0 4 
8361702 7155372 
3 1 4 0 5 2 
8396768 7141780 
5 1 2 0 3 4 
8483404 6967964 
5 1 4 3 0 2 
8774954 6770334 
3 1 2 5 0 4 
8775608 6739408 
0 1 2 5 3 4 
8884696 6616134 
0 1 4 3 5 2 
9032858 6578714 
0 1 4 5 3 2 
9226716 6565752 
