482 4
0 4 5 2 3 6 1 
6176582 12746162 11008182 9574564 
0 4 5 6 1 2 3 
6191326 12682476 11205304 10083030 
0 4 5 3 6 2 1 
6299950 12545944 10896842 9442290 
0 4 5 6 3 2 1 
6365878 13203390 10972126 9068536 
0 4 2 5 3 6 1 
6387634 12240226 10853462 9507556 
4 0 1 3 2 6 5 
6457066 11797408 10846712 9516732 
0 4 5 1 6 2 3 
6475758 12039472 11017562 9257472 
2 6 3 1 4 0 5 
6515598 11543544 11188162 10101820 
4 3 1 6 2 0 5 
6537214 13533602 10594820 10376632 
5 4 3 2 6 0 1 
6599410 13097550 10737826 10290260 
0 4 5 3 2 6 1 
6634634 12020410 10547984 8780768 
4 2 1 6 3 0 5 
6665920 12258160 10162592 10429360 
4 0 1 3 5 6 2 
6690712 11554748 10879744 9570418 
4 0 1 3 6 2 5 
6713790 11805766 10415090 9026146 
4 0 3 1 2 6 5 
6722394 11576320 11135534 9470224 
0 2 5 6 3 4 1 
6792018 13179430 10333206 9971028 
4 3 1 2 6 0 5 
6832414 13276894 10090882 9662672 
4 5 1 6 3 0 2 
6854398 12257128 10228900 10319238 
4 0 1 5 6 3 2 
6862780 12227586 10703358 8429658 
0 4 5 2 6 3 1 
6886296 12598850 10395636 9306438 
0 1 5 3 2 6 4 
6893796 12409720 10255734 9124932 
4 0 1 6 3 2 5 
6941538 11972784 10315768 9104738 
0 4 2 6 3 5 1 
6945690 12991922 10529646 8746898 
0 4 2 3 5 6 1 
6959708 11826100 10174326 8656202 
4 0 1 2 3 6 5 
6961834 11706968 10251672 8914274 
6 3 4 2 1 0 5 
6966268 12955546 9969442 9567226 
4 0 1 3 5 2 6 
7013106 11340620 10815702 9543224 
4 0 3 1 5 6 2 
7027764 11545218 11077938 9332924 
5 6 3 1 4 0 2 
7035856 11197948 10927038 10142998 
1 2 4 6 3 0 5 
7039252 12353244 10041756 10700800 
0 4 5 1 3 2 6 
7043088 12377854 10809704 8375532 
4 0 3 1 6 2 5 
7047494 11071044 10627396 9061852 
6 2 1 3 4 0 5 
7062896 11690396 10381650 8991390 
0 6 5 3 2 4 1 
7077900 12077158 10058476 9160814 
0 6 2 3 5 4 1 
7083692 11973846 10018302 9437060 
2 6 3 5 4 0 1 
7114888 11660378 10403700 10089522 
0 1 2 3 5 6 4 
7140534 12278242 9989890 9113892 
4 6 1 2 3 0 5 
7146862 11964476 9626368 10244066 
4 2 1 3 6 0 5 
7158100 12120842 9936402 9047532 
2 6 3 5 0 4 1 
7158868 11509618 10386206 9384266 
2 4 3 1 5 0 6 
7168890 12627340 10611736 8554104 
0 2 5 4 3 6 1 
7178406 12709380 9935078 9776132 
6 2 3 4 1 0 5 
7186112 11428696 10390902 10122770 
4 0 1 3 6 5 2 
7196352 11676592 10339652 8633260 
4 0 1 5 2 6 3 
7201378 11387718 10433054 9073818 
0 4 3 5 2 6 1 
7203068 11648148 10369404 8585276 
4 5 1 2 3 0 6 
7205718 11848774 10101652 10083630 
1 3 4 2 6 0 5 
7229734 13126326 9761650 9622184 
4 3 6 2 1 0 5 
7233170 12655130 9635474 9491198 
6 2 3 1 4 0 5 
7237790 10801326 10431846 9303038 
0 4 6 3 5 2 1 
7264360 11665674 9999492 8484190 
2 6 5 3 4 0 1 
7279052 11167734 10341442 10067622 
0 3 5 6 2 4 1 
7279128 12623048 9608976 9506052 
4 5 1 0 6 2 3 
7279194 12761372 9762406 9231516 
4 2 3 6 1 0 5 
7280618 11526898 9802022 9925084 
4 0 6 3 2 1 5 
7280856 11643804 10317490 9105688 
4 0 1 5 3 6 2 
7291018 11101980 10272980 8474736 
0 3 5 1 2 6 4 
7312038 12145246 9774738 8999296 
4 0 6 2 1 3 5 
7325854 12070948 9836460 8321260 
6 2 4 5 3 0 1 
7340030 11196778 10237630 10155860 
0 3 2 6 5 4 1 
7344780 12379868 9477698 9646372 
4 0 1 5 6 2 3 
7354882 11450676 10092562 8610402 
6 3 5 1 4 0 2 
7359238 11091130 10288866 9557560 
4 0 3 6 1 2 5 
7360782 11297228 10159346 8845826 
2 6 0 3 5 4 1 
7369330 11840374 9795398 9284040 
4 2 1 5 3 0 6 
7373542 11250096 10055742 9731282 
2 6 5 1 4 0 3 
7375418 10631914 10543750 9859630 
4 0 6 1 3 2 5 
7385748 11369714 10036454 8872970 
4 2 6 3 1 0 5 
7389936 11893774 9738082 9259630 
0 4 5 6 2 3 1 
7410276 12530544 10010722 8138888 
0 4 2 1 3 5 6 
7438036 12489474 10480856 8065342 
4 5 6 1 3 0 2 
7443174 11796694 9930626 9690936 
0 3 2 1 5 6 4 
7444796 12280092 9682366 9247074 
0 1 5 3 2 4 6 
7456520 11939026 9963940 9051626 
0 4 5 1 2 6 3 
7456758 11172058 10098090 8425824 
3 6 5 1 4 0 2 
7466470 10860620 10365808 9815468 
4 0 6 3 1 2 5 
7471288 11428880 9667726 8578352 
0 4 3 6 5 2 1 
7480776 12314952 10115710 7999720 
4 2 3 1 6 0 5 
7492126 11322364 10032788 9191108 
4 6 1 5 3 0 2 
7503164 11364766 9646766 9781596 
1 6 4 2 3 0 5 
7505438 11895340 9392720 10248470 
0 3 5 2 6 4 1 
7536888 12723604 9640430 9258472 
4 5 1 2 6 0 3 
7542202 12355278 9602680 9200434 
0 4 5 3 2 1 6 
7542560 11655276 10216258 8151300 
4 3 1 0 6 2 5 
7544898 12596896 9311614 9739100 
0 3 2 6 5 1 4 
7553964 12641162 9579976 9135872 
0 4 6 3 2 5 1 
7560124 11671000 9915486 8326538 
0 1 5 6 2 3 4 
7567126 13033766 9816956 8478296 
4 3 6 5 1 0 2 
7603586 12257514 9575356 9000470 
4 0 3 1 6 5 2 
7625132 10978010 10435198 8506058 
2 6 0 5 3 4 1 
7628782 11877308 9631868 9553356 
6 1 4 2 3 0 5 
7630620 12177552 9287494 9950070 
4 2 1 5 6 0 3 
7634398 11733678 9619404 8771144 
4 0 1 5 3 2 6 
7636942 10962342 10209328 8416992 
1 2 4 5 3 0 6 
7637054 11166578 10011202 10207912 
6 1 4 5 3 0 2 
7638942 11726100 9493076 9739202 
4 2 1 0 6 5 3 
7640692 12554266 9580038 8818364 
2 6 3 5 1 0 4 
7652188 11078158 10173664 9865658 
6 2 1 5 4 0 3 
7657802 11326530 9852146 8837140 
6 2 1 3 4 5 0 
7665764 12018046 10619866 7860522 
4 0 6 2 3 1 5 
7669852 11489916 9765298 8391990 
5 6 2 1 4 0 3 
7676388 10699708 10449164 9999272 
0 3 5 4 2 6 1 
7682256 12357298 9238028 9223856 
4 5 3 6 1 0 2 
7682600 11354618 9574484 9505548 
4 2 6 5 3 0 1 
7683342 11250884 9903400 9570580 
6 5 3 4 1 0 2 
7684878 11239584 9947178 10053024 
4 0 6 5 1 3 2 
7690906 11672288 9776522 7835068 
1 2 3 6 4 0 5 
7692516 11049940 9898014 9706036 
4 3 2 6 1 0 5 
7695702 11982770 9610996 9453890 
0 4 2 6 5 3 1 
7706588 12221624 9638524 7989648 
2 3 5 1 4 0 6 
7708866 10800596 9941598 9797534 
3 0 2 4 1 6 5 
7715934 11312668 9967006 9482450 
1 2 6 3 4 0 5 
7739890 11381552 9816094 9106006 
0 3 2 5 6 4 1 
7759824 12200782 9608786 9078910 
0 4 5 1 2 3 6 
7760358 11878048 10137112 7531992 
0 4 3 6 2 5 1 
7764276 12412404 10045428 7827322 
4 5 3 1 6 2 0 
7769492 11294758 9948484 8633494 
3 6 2 5 4 0 1 
7771232 11268480 9800156 10042214 
0 4 6 5 2 3 1 
7774558 11416878 9702200 8442612 
2 6 4 5 3 0 1 
7776348 10924822 9908726 9598024 
6 5 3 1 4 0 2 
7779906 10556318 9959868 9145368 
0 3 2 1 5 4 6 
7784968 11860374 9422566 9014472 
0 1 2 6 5 3 4 
7785102 12787678 9552572 8442582 
0 1 2 3 5 4 6 
7787944 11574530 9475598 8855960 
4 0 2 6 1 3 5 
7788356 11404528 9822782 8273902 
4 0 5 1 6 3 2 
7793720 11115586 10437226 8200374 
6 0 1 3 4 2 5 
7797266 11415604 10069578 8022584 
4 1 6 2 3 0 5 
7797990 12086332 9199078 9989368 
4 0 2 1 3 6 5 
7800170 10951112 10035196 8552934 
4 2 1 0 6 3 5 
7806314 12406332 9321748 8936496 
4 0 6 5 3 1 2 
7814172 11208016 9900238 7963900 
0 4 6 1 5 2 3 
7831104 11532666 9647376 8100628 
4 5 6 3 1 0 2 
7841996 11711566 9396664 8803448 
1 6 4 5 3 0 2 
7842360 11264112 9426582 9822210 
0 4 6 2 5 3 1 
7847554 11706020 9498446 8345634 
0 3 2 4 5 6 1 
7851530 12527028 9101490 9453070 
0 6 5 1 2 4 3 
7855622 11220164 9610072 8843418 
5 6 0 2 3 4 1 
7857394 12075448 9270526 9951730 
4 5 6 0 1 2 3 
7859768 12812026 9285654 9193040 
4 0 3 6 1 5 2 
7861676 10961242 9965876 8389672 
4 2 6 5 1 0 3 
7870530 11510714 9415888 8981058 
2 6 1 5 3 0 4 
7873298 10495292 10147784 9431400 
0 3 5 1 4 2 6 
7878422 10900036 9903070 9268968 
5 2 3 6 4 0 1 
7880854 10726230 9559186 9984848 
0 4 2 1 5 6 3 
7881356 11072824 9604058 8250662 
3 0 5 4 1 6 2 
7897722 10972774 9877812 9294438 
0 6 5 1 2 3 4 
7903736 12112854 9686396 7997562 
0 4 6 1 2 5 3 
7906136 11654752 9758248 8001078 
4 1 6 5 3 0 2 
7906252 11797414 9335228 9591770 
0 3 5 6 1 2 4 
7908586 11455092 9314734 9240544 
6 2 5 1 4 0 3 
7916390 10013066 9878954 9143528 
5 2 0 6 3 4 1 
7917384 12412968 9110678 10109508 
0 4 2 3 5 1 6 
7935898 11273134 9663248 7877910 
4 0 5 1 2 6 3 
7939430 10655842 10397538 9007506 
5 2 3 1 4 0 6 
7947126 10283886 9867004 9547790 
4 5 6 2 1 0 3 
7952174 11726122 9134588 9015604 
0 4 1 3 2 5 6 
7959344 11433430 10108642 7806050 
0 6 2 1 5 4 3 
7960938 11211928 9449524 9069068 
2 3 5 6 4 0 1 
7964174 11071960 9465336 10021036 
2 5 3 1 4 0 6 
7968984 10384474 9656150 9348942 
4 6 1 0 3 2 5 
7969830 12632858 9026488 9744314 
6 0 3 1 4 2 5 
7971838 10590290 10235694 8226362 
2 5 3 4 1 0 6 
8000096 11097252 9414980 10099042 
0 3 5 4 6 2 1 
8009342 11450932 9038636 9095898 
1 3 4 0 2 6 5 
8011348 12141548 9000776 9812114 
0 3 5 1 6 2 4 
8017068 11038960 9241670 8771854 
4 0 6 3 1 5 2 
8022114 11111874 9412936 8036642 
4 0 5 6 1 3 2 
8033636 11100666 9966656 8087228 
0 4 1 3 5 2 6 
8035852 10982480 9855568 7917910 
1 3 4 0 6 2 5 
8037370 12355558 8899124 9426928 
6 2 3 1 4 5 0 
8045858 11206976 10418062 7820570 
5 2 3 4 1 0 6 
8048618 10947092 9548620 10176204 
2 1 3 5 0 4 6 
8068998 10868390 9686502 9101464 
4 0 6 3 2 5 1 
8072794 10867944 9903004 9065092 
6 3 4 0 1 2 5 
8076138 12739018 8983078 9142480 
4 0 6 5 3 2 1 
8076642 10816776 9740896 8437284 
6 0 1 5 4 3 2 
8097444 11969982 10173780 7469394 
0 4 3 1 2 5 6 
8109126 11769052 10175034 7220750 
4 3 6 0 1 2 5 
8116256 12654942 8847546 9713980 
4 0 6 5 1 2 3 
8116676 11077894 9340002 8160424 
6 2 4 0 1 3 5 
8120410 12655730 9273140 8676680 
2 5 6 1 4 0 3 
8124686 10673060 10070942 9043814 
4 0 3 5 6 2 1 
8125028 10887466 9864198 8429606 
4 0 5 1 3 6 2 
8131238 10671460 10108368 8136372 
3 0 6 1 4 2 5 
8147292 10718002 10104508 8059026 
4 0 5 1 6 2 3 
8150390 10287196 9992750 8613174 
1 5 3 6 4 0 2 
8156616 10818500 9600300 9266406 
0 4 3 1 5 2 6 
8162282 11493520 9948092 7304532 
0 3 5 4 2 1 6 
8163348 12386706 9259858 8629578 
0 4 1 5 2 3 6 
8183114 11171724 9887100 7914768 
6 0 1 3 4 5 2 
8184622 10967148 9911032 7860086 
0 3 5 4 1 2 6 
8187668 11203402 9241562 9010274 
3 0 5 4 6 2 1 
8190504 10687452 9281370 9685644 
4 0 2 5 3 6 1 
8192840 10919382 9922950 8135716 
5 4 3 6 0 2 1 
8193038 11971540 9570604 7908214 
0 2 5 6 1 3 4 
8195330 11340996 9236808 9350704 
2 6 0 1 4 5 3 
8197540 10980056 9521176 9189508 
6 2 1 3 5 4 0 
8205448 10788908 10094536 8568374 
0 3 2 1 4 5 6 
8205730 10895376 9689362 8977398 
0 4 2 1 5 3 6 
8208462 11714136 9581322 7305584 
1 6 4 2 5 0 3 
8216926 11472310 9007512 10320668 
4 2 5 6 1 0 3 
8218814 10924936 9569782 9251312 
0 1 2 6 5 4 3 
8225002 11332106 8961952 9119868 
6 3 1 2 0 4 5 
8225372 11020178 9536774 8938140 
2 5 3 6 4 0 1 
8231312 10647042 9176612 9570608 
0 4 1 5 2 6 3 
8248874 10606134 9394478 8175720 
0 6 5 4 2 3 1 
8256670 12321542 9150266 8236738 
0 1 5 4 2 3 6 
8270142 12589958 9407216 8110576 
4 0 2 5 3 1 6 
8276294 11170984 10018640 7604588 
2 6 1 5 0 4 3 
8277826 10605228 9666882 8675114 
3 2 5 6 4 0 1 
8293078 10397290 9044342 9772138 
0 4 1 2 5 3 6 
8298510 11283210 9637978 8031910 
1 0 5 4 6 2 3 
8302390 10541572 9645336 9664078 
4 0 6 2 1 5 3 
8302450 11159548 9145150 8104906 
1 0 6 3 4 2 5 
8315782 10933560 9413958 8027218 
6 0 5 4 1 2 3 
8315904 10517622 9483950 9453990 
3 0 2 1 4 6 5 
8323064 10732840 9718830 8124700 
4 5 3 2 1 0 6 
8325332 11224652 9094774 9121792 
3 0 5 4 1 2 6 
8330240 10411774 9324488 9289030 
6 2 0 4 1 3 5 
8336388 10950174 9209826 9317350 
1 2 6 5 4 0 3 
8337076 11021394 9285006 8947496 
0 6 2 4 5 3 1 
8337322 12516530 9106292 8577204 
6 1 4 2 5 0 3 
8341088 11753778 8898062 10014048 
2 0 5 4 1 3 6 
8350440 10854104 9387172 9173808 
0 4 2 6 5 1 3 
8355672 11027346 9150182 8156434 
3 2 5 1 4 0 6 
8357070 9951238 9353744 9339340 
6 2 3 5 4 0 1 
8367180 10628144 9370364 8943268 
5 6 0 3 1 2 4 
8369074 11649098 9128646 9077274 
1 2 5 6 4 0 3 
8376708 10259904 9349310 9543742 
1 0 6 2 4 3 5 
8376956 11954508 9498036 7613246 
4 2 3 5 1 0 6 
8379176 10892298 9222336 9028262 
1 6 4 5 2 0 3 
8385526 11150946 9005794 9610042 
0 4 1 2 5 6 3 
8390696 10801278 9145794 8258552 
2 6 0 1 5 3 4 
8398658 12288840 9340620 7849406 
2 3 0 4 5 6 1 
8400780 12587076 8961706 9318990 
0 3 2 4 5 1 6 
8400886 12368604 8943968 8709968 
6 1 4 0 5 2 3 
8402554 11733502 8732308 9924196 
1 2 4 0 6 3 5 
8407122 12283394 8970826 8699508 
1 6 4 0 3 2 5 
8423558 12472952 8709582 9477034 
2 4 3 6 0 5 1 
8427578 12065142 9518544 7557086 
6 5 2 1 4 0 3 
8442742 10042894 9470730 8991466 
4 0 3 5 1 2 6 
8447122 10660250 9580070 7959336 
5 2 0 4 3 6 1 
8450604 11802848 8584072 9495368 
6 2 5 3 4 0 1 
8450874 10203750 9346976 8938008 
0 4 1 5 3 6 2 
8452244 10403352 9705380 8493168 
6 2 4 0 3 1 5 
8453288 12282522 9124268 8866994 
6 0 3 1 4 5 2 
8454270 10177974 9960388 7900956 
0 2 5 4 6 3 1 
8457550 11329968 8850782 8828686 
1 5 6 2 4 0 3 
8463702 11174276 8964232 8944302 
4 0 5 6 1 2 3 
8464878 10508352 9523416 8403208 
2 4 1 0 5 6 3 
8466558 11052264 9087340 9224774 
0 1 2 4 5 6 3 
8468916 11771902 8838746 8914348 
2 5 0 4 1 6 3 
8477622 11648558 8763612 9138340 
6 0 2 1 4 3 5 
8481884 10821518 9802642 7819498 
6 3 4 0 1 5 2 
8484188 12301440 8836934 9012724 
6 0 5 1 4 3 2 
8492248 10552766 9752028 7806366 
0 3 2 6 1 5 4 
8493892 11065328 8949450 8962312 
1 6 4 2 0 3 5 
8494260 11313800 8936580 9674828 
6 5 0 4 1 2 3 
8498962 11366510 8788106 9038494 
6 2 0 4 1 5 3 
8506490 11195668 8943690 8766388 
4 5 6 2 1 3 0 
8509840 11486290 9123184 8582270 
3 0 5 1 4 6 2 
8515052 10350208 9618722 7988198 
4 0 3 2 1 5 6 
8519308 10834176 9485666 7993316 
2 6 3 1 0 4 5 
8522346 10354544 9437796 8879916 
4 0 2 1 6 5 3 
8525148 10320368 9611310 8458174 
5 4 6 3 0 2 1 
8533050 11639030 9615896 7804996 
4 0 6 2 3 5 1 
8533466 10940964 9352000 8258334 
0 3 2 4 1 5 6 
8543638 11214450 9017246 8746244 
0 2 5 1 6 3 4 
8553484 10935164 9050856 8430050 
0 6 5 4 2 1 3 
8553758 11534412 9034010 8526432 
6 0 1 5 4 2 3 
8556966 11083812 9534544 7728978 
2 5 0 4 3 6 1 
8563170 11837150 8446414 9579116 
6 2 4 5 1 3 0 
8567442 11723760 9461968 7659214 
0 4 3 1 2 6 5 
8584430 10496318 9651958 7818790 
1 0 2 6 4 3 5 
8585274 11143384 9410578 7834352 
4 0 5 3 6 2 1 
8586832 10458708 9552080 8396672 
5 6 0 4 3 2 1 
8595110 11908056 8694564 8788162 
4 5 3 0 6 2 1 
8606140 11717562 8902242 8808320 
4 5 6 0 1 3 2 
8611400 12318094 8746906 8770614 
1 5 2 6 4 0 3 
8627460 10366052 8967374 9208088 
5 4 2 6 0 3 1 
8630120 11494500 9433734 7556684 
5 0 2 4 3 6 1 
8632256 11177494 8914080 9525450 
0 1 6 2 5 4 3 
8643880 11016570 8651354 8839390 
0 6 1 5 2 4 3 
8646734 10853032 9267900 8256974 
2 4 3 5 0 1 6 
8650272 10464130 9357200 8036118 
5 0 3 1 4 2 6 
8653868 10070308 9692254 8443562 
0 4 6 5 3 1 2 
8660314 10535428 9336978 8284396 
2 4 5 3 0 1 6 
8668338 11171056 9712250 7614858 
2 6 0 4 5 3 1 
8669168 12338978 8842956 8292248 
0 1 2 4 5 3 6 
8676426 12523762 8915074 7979130 
2 0 3 1 4 5 6 
8676648 10009230 9630570 8138130 
0 6 2 4 5 1 3 
8679168 11606246 8872442 8769320 
3 0 6 1 4 5 2 
8679656 10329630 9790512 7618426 
5 6 0 1 2 4 3 
8681258 11081296 9002398 8626290 
0 1 6 5 2 4 3 
8683014 10889272 8827994 8759144 
0 4 6 1 2 3 5 
8685040 11088008 9274194 7705286 
2 4 5 1 0 6 3 
8685186 11202874 9827832 7454368 
2 4 6 5 0 3 1 
8686258 10722928 9517614 7795434 
6 3 4 5 1 2 0 
8693328 11840166 9166196 7981122 
3 0 2 4 1 5 6 
8699278 10421742 9099992 9012472 
5 1 0 6 3 2 4 
8700232 12228726 8806748 8715790 
3 5 2 1 4 0 6 
8703112 10114364 8994430 9146398 
5 6 0 1 2 3 4 
8703380 11961522 9098862 7840398 
2 6 0 3 1 5 4 
8703418 11323182 8896716 8553326 
4 3 6 0 1 5 2 
8704198 12303628 8562012 9169210 
4 0 5 1 3 2 6 
8711090 10620742 9757436 7677804 
6 1 4 0 2 3 5 
8711764 12204030 8624028 9322408 
5 4 6 2 0 3 1 
8717686 10948496 9278156 7969070 
4 0 2 6 1 5 3 
8720492 10476228 9186072 8133728 
0 3 2 1 6 5 4 
8721518 10714492 8832290 8608102 
1 3 4 5 6 2 0 
8728816 11471292 8949200 8342036 
6 2 0 1 4 3 5 
8730324 10510376 9124098 8826478 
5 2 0 1 3 6 4 
8738202 11521240 8633662 8886468 
4 0 5 2 1 3 6 
8747948 10874540 9451606 7687362 
1 0 3 6 4 5 2 
8749652 10439272 9713972 7817790 
5 4 3 2 0 1 6 
8749736 10677542 9211786 8119448 
0 4 6 5 2 1 3 
8752348 10487714 8872812 8067064 
1 6 4 0 2 3 5 
8754638 11946316 8550846 9029412 
1 0 6 5 4 3 2 
8759144 11559214 9407396 7144700 
6 5 3 2 4 0 1 
8764934 10704628 8857344 9065626 
6 1 4 0 3 2 5 
8770436 12326494 8349752 9369154 
2 4 5 1 0 3 6 
8773758 11187748 9679150 7080880 
6 2 0 1 4 5 3 
8774812 10358208 8855880 8438606 
0 4 6 2 5 1 3 
8775026 10617562 8668224 8035416 
2 4 1 5 0 3 6 
8777858 10243088 9307618 7905832 
1 0 5 6 4 3 2 
8793222 10811880 9507940 7722852 
0 4 1 6 5 3 2 
8805570 11209024 9346556 7667208 
2 5 0 4 3 1 6 
8806154 11555014 8528666 9517488 
0 4 1 3 2 6 5 
8808112 10302656 9126926 7764178 
2 0 5 1 4 6 3 
8809614 10157400 9494426 8421448 
6 0 5 1 4 2 3 
8816338 9615116 9279112 8298006 
5 2 0 6 3 1 4 
8825398 11811620 8523606 9238570 
6 5 0 1 4 2 3 
8829096 10531600 8672348 8598818 
2 6 0 4 3 5 1 
8842250 11770404 8637708 8329866 
1 0 6 3 4 5 2 
8848146 10554640 9143052 7530184 
0 4 6 1 5 3 2 
8856488 11124346 9149822 7296868 
0 4 3 1 5 6 2 
8860560 10443888 9473274 7445850 
0 5 2 4 6 3 1 
8861026 11244036 8461572 9297870 
3 0 5 1 4 2 6 
8861414 9516460 9063970 8094650 
4 0 2 5 1 3 6 
8867720 10779742 9247794 7387844 
3 5 2 6 4 0 1 
8887160 10249624 8569276 9514324 
4 0 5 3 1 2 6 
8905830 10222360 9271864 7934646 
2 5 0 6 3 1 4 
8908470 12012554 8469294 9177222 
2 4 3 1 0 5 6 
8917916 11450368 9387484 7100332 
3 0 5 6 4 2 1 
8926456 9987626 8750238 8418332 
1 2 4 5 6 3 0 
8928410 11366010 9026612 7758508 
2 5 0 1 3 6 4 
8929818 11512294 8454694 8918400 
6 1 4 0 3 5 2 
8942186 12313144 8441854 9197698 
5 4 3 1 0 2 6 
8948800 11164694 9269944 7289492 
5 3 0 4 6 2 1 
8951812 11295884 8556638 9231088 
5 6 0 4 2 3 1 
8956754 12008294 8631900 8265594 
4 0 2 1 3 5 6 
8981166 10742682 9430308 7487326 
2 0 6 1 4 5 3 
8988650 10121718 9665032 8050780 
0 1 6 3 5 4 2 
8997862 10550736 8657806 8248778 
0 4 1 3 5 6 2 
9012518 10038668 9038870 7582224 
0 5 2 1 6 3 4 
9016630 10774466 8633800 8883628 
6 1 4 2 0 3 5 
9048926 11150638 8354200 8934686 
2 4 1 5 0 6 3 
9058646 10398614 9002700 7646440 
2 5 3 6 1 0 4 
9068016 10155568 8698614 9651350 
2 1 0 4 5 6 3 
9069364 11820358 8580144 8485316 
5 1 0 4 2 6 3 
9072308 11646972 8637732 8606138 
5 1 0 4 3 2 6 
9076788 11562024 8650700 8728620 
1 0 6 5 4 2 3 
9077762 10605476 8877340 7729352 
6 1 4 5 0 3 2 
9085832 10684066 8534546 8716294 
2 5 0 3 4 6 1 
9095714 11167172 8509194 8798560 
4 0 2 3 1 5 6 
9097788 10301488 8973648 7669108 
1 0 5 6 4 2 3 
9117312 9860222 8971164 8298128 
2 6 0 4 5 1 3 
9121138 11481502 8523776 8230306 
2 6 0 1 3 5 4 
9122776 11428786 8648878 7741978 
6 4 1 5 0 3 2 
9123876 10194460 8894692 8206686 
5 2 0 4 3 1 6 
9130732 11131056 8369948 9311628 
3 0 5 1 6 2 4 
9142180 9759048 8991114 8742856 
5 4 2 3 0 1 6 
9143086 10944596 9239616 7362412 
0 1 6 3 2 4 5 
9144078 10556524 8560696 8434722 
2 4 6 1 0 5 3 
9149734 11658016 9512426 7005104 
2 3 0 6 4 5 1 
9155222 10804518 8489320 9667112 
4 5 3 0 1 2 6 
9157190 11559740 8428496 8570984 
2 5 0 4 6 3 1 
9165484 11124048 8265804 9044648 
2 5 0 3 1 6 4 
9172212 11433990 8403324 8531824 
5 2 0 6 1 3 4 
9189704 10961670 8307420 9231748 
5 2 0 4 6 3 1 
9191034 10946520 8250016 8818842 
2 5 0 4 1 3 6 
9196836 10557506 8229200 9302454 
3 0 2 1 4 5 6 
9201790 9510720 8850082 7790552 
5 4 2 1 0 3 6 
9206250 11001598 9243490 6949086 
0 4 6 3 5 1 2 
9217216 10168896 8671716 7370212 
3 0 2 5 4 1 6 
9224234 11272782 9140402 7355554 
3 0 6 5 4 1 2 
9234252 11659404 9610240 6764136 
5 2 0 4 1 3 6 
9258426 10406266 8362660 9367088 
2 1 4 0 5 6 3 
9266598 10914058 8428310 9209470 
5 6 0 1 3 4 2 
9268906 10418578 8616174 9101024 
4 2 3 0 1 5 6 
9283220 11401312 8461654 8511434 
6 0 2 1 4 5 3 
9288406 9471552 9054420 7985732 
6 5 0 1 4 3 2 
9291844 10232464 8649636 8679320 
6 0 5 3 4 2 1 
9302844 9796462 8748744 8133058 
0 4 6 3 2 1 5 
9316818 10175092 8602044 7655198 
3 1 4 0 2 6 5 
9334900 11166286 8070352 8997924 
3 0 5 6 1 2 4 
9346958 9954536 8720500 8669924 
3 1 4 6 5 2 0 
9357636 11393370 8476694 8684200 
1 6 4 5 2 3 0 
9370226 10989832 8536032 8054912 
5 2 0 1 6 3 4 
9386528 10713632 8380922 8234186 
1 0 2 6 4 5 3 
9391796 9793826 8664216 7998150 
1 5 0 6 4 2 3 
9417370 10697146 8336996 8790326 
2 3 0 6 1 5 4 
9435778 11050812 8277732 8778006 
2 5 0 1 6 3 4 
9440028 10847912 8355400 8408176 
1 2 0 6 4 5 3 
9441102 10524602 8411984 8826002 
3 0 2 6 4 5 1 
9451696 9658798 8422718 8102786 
5 6 0 4 2 1 3 
9459042 11319564 8356644 8081888 
5 6 0 4 3 1 2 
9469490 10566270 8383636 8819470 
2 5 0 1 4 3 6 
9507982 10032300 8343698 8881214 
3 0 6 2 4 5 1 
9512502 10114824 8847110 7905622 
2 5 0 6 1 3 4 
9535764 10889886 7960930 8899906 
1 0 5 3 4 2 6 
9538776 9570402 8754528 7809498 
3 5 0 4 6 2 1 
9545512 10851962 8281982 9025320 
2 1 4 0 3 6 5 
9564020 11499510 8034964 8691608 
6 2 0 3 4 5 1 
9570896 10091692 8163102 8216886 
2 5 0 6 4 3 1 
9572366 10640816 7985832 9115138 
3 1 4 0 5 6 2 
9581414 10844110 7943674 8934110 
3 6 0 4 2 5 1 
9581426 11614684 8599558 7793378 
6 0 5 2 4 3 1 
9609482 10626878 8615170 7655146 
2 6 4 0 3 1 5 
9620410 11332470 8287848 8134166 
5 4 3 6 0 1 2 
9628500 9986388 8672112 7750068 
5 4 3 1 0 6 2 
9628978 10054362 8779326 7474610 
3 1 4 5 2 6 0 
9640746 10494420 8293328 8196932 
0 1 4 3 2 6 5 
9642212 10547314 8601206 7986680 
6 5 0 3 4 2 1 
9666602 10273146 7978180 8342070 
2 6 4 5 3 1 0 
9668542 10610100 8856776 7191300 
2 4 3 6 0 1 5 
9673008 9952946 8534830 7862018 
2 1 4 5 3 6 0 
9678010 10789958 8601682 7693050 
3 6 4 0 2 1 5 
9716770 11010370 8104876 8178862 
2 4 6 5 0 1 3 
9722330 9989218 8739102 7278850 
2 4 6 1 0 3 5 
9728452 10419930 8853624 7193740 
1 0 2 3 4 5 6 
9749604 9615258 8486708 7513462 
5 4 6 2 0 1 3 
9753758 10224238 8542734 7396052 
1 0 2 5 4 3 6 
9761742 10537672 8661612 7048288 
2 4 1 3 0 6 5 
9803692 10131634 8402242 7426236 
2 6 4 3 0 1 5 
9808708 10391336 8399034 8174018 
5 4 6 1 0 3 2 
9817676 10384708 8766390 7014070 
3 6 4 2 5 1 0 
9818026 10525620 8197614 8109040 
3 0 2 1 6 5 4 
9859698 9433500 8581554 8566576 
3 1 2 6 5 4 0 
9886188 9922010 8420546 8915522 
6 0 2 3 4 5 1 
9896120 9441062 8449548 7813278 
3 2 0 6 4 5 1 
9898672 10095588 8062616 9020798 
6 0 2 5 4 3 1 
9900746 10369320 8631112 7350252 
3 0 2 6 1 5 4 
9945332 9563692 8355036 8379164 
6 2 0 3 1 5 4 
9952000 10385710 8069302 7714972 
3 6 4 5 2 1 0 
9956758 10325686 8330062 7433562 
3 5 0 6 4 2 1 
9967514 10276750 7915070 9078530 
6 5 0 3 1 2 4 
10001092 10567572 7911818 7939198 
3 4 1 2 5 6 0 
10056248 9843806 8334516 8492568 
6 5 0 2 4 3 1 
10092008 10703862 7660744 8611026 
5 4 1 3 0 6 2 
10101336 9831542 8437922 7272584 
3 2 0 1 4 5 6 
10155376 9312732 8253562 8576066 
3 5 0 1 4 2 6 
10161042 9481598 8108136 8687222 
2 1 6 3 5 4 0 
10190152 9366798 8628786 8333562 
3 5 0 1 6 2 4 
10190648 10307650 8134778 8162704 
3 4 6 2 0 1 5 
10210244 9831754 8371370 7817434 
4 2 0 3 6 5 1 
10212274 10469646 8463546 7244246 
5 6 4 3 2 1 0 
10230552 10209896 8717766 7272098 
3 5 0 6 1 2 4 
10251776 10560156 7939304 8693986 
3 1 6 2 5 4 0 
10313346 9592764 8124378 8638734 
4 5 0 3 1 2 6 
10326358 10133582 8231662 7778002 
4 2 0 5 1 3 6 
10337380 10059180 8347940 8172572 
3 1 6 5 2 4 0 
10342940 9463234 8318298 8570404 
1 5 0 3 6 2 4 
10348976 10441282 8095274 7664836 
2 4 6 5 3 1 0 
10354152 9439468 8613692 8213430 
5 6 4 3 0 1 2 
10373514 10011262 8289880 8191390 
5 4 6 3 0 1 2 
10387804 9813258 8202484 6928414 
5 4 6 2 3 1 0 
10401168 9677908 8389208 8324944 
3 4 2 6 5 1 0 
10422452 9655008 8290878 8361336 
3 2 0 1 6 5 4 
10425364 10136680 8138710 7540802 
6 4 2 3 5 1 0 
10435112 9311468 8935250 8391510 
6 0 2 3 1 5 4 
10439984 9356976 8291270 8071328 
1 5 0 3 4 2 6 
10448404 9643540 7835894 8142270 
5 1 4 3 0 6 2 
10451056 10176508 8023264 8108330 
2 4 6 3 0 1 5 
10472608 9713094 8135428 7058322 
1 2 0 3 4 5 6 
10493890 9475230 7910152 8159550 
1 5 0 2 4 3 6 
10615898 10274900 7747118 8484974 
2 4 6 3 5 1 0 
10617964 9004364 8479310 7665332 
5 4 6 3 2 1 0 
10632762 9110724 8476694 7820410 
1 2 0 3 6 5 4 
10634844 10270868 8028038 7171370 
3 4 6 5 2 1 0 
10817868 9099434 8045218 8287572 
3 4 6 2 5 1 0 
10850086 9231514 7823350 8244008 
