120 2
2 0 1 4 3 
3817634 3049226 
1 2 4 0 3 
3831768 3035092 
2 1 0 4 3 
3842352 3024508 
2 1 4 0 3 
3881904 2984956 
2 4 1 0 3 
3893922 2972938 
2 0 4 1 3 
3912056 2954804 
2 4 0 1 3 
3948792 2918068 
4 2 1 0 3 
3950628 2916232 
0 2 4 1 3 
3959510 2907350 
3 0 4 1 2 
3984270 2882590 
3 4 0 1 2 
3992614 2874246 
1 4 2 0 3 
4036060 2830800 
4 3 1 0 2 
4053864 2812996 
3 4 1 0 2 
4054876 2811984 
3 0 1 4 2 
4060098 2806762 
0 3 4 1 2 
4066004 2800856 
0 2 1 4 3 
4092326 2774534 
4 2 0 1 3 
4112946 2753914 
1 3 4 0 2 
4120754 2746106 
1 2 0 4 3 
4126902 2739958 
3 1 4 0 2 
4133858 2733002 
4 1 2 0 3 
4142902 2723958 
3 1 0 4 2 
4147424 2719436 
4 3 0 1 2 
4161486 2705374 
0 3 2 1 4 
4162378 2704482 
0 3 2 4 1 
4207106 2659754 
0 4 2 1 3 
4225962 2640898 
3 0 4 2 1 
4257666 2609194 
0 3 1 4 2 
4278320 2588540 
3 0 1 2 4 
4282750 2584110 
0 2 3 1 4 
4290574 2576286 
1 3 4 2 0 
4303374 2563486 
0 3 4 2 1 
4317224 2549636 
2 0 1 3 4 
4324074 2542786 
1 2 4 3 0 
4340676 2526184 
3 1 4 2 0 
4341406 2525454 
4 0 2 1 3 
4342662 2524198 
4 3 1 2 0 
4342904 2523956 
3 4 1 2 0 
4358828 2508032 
0 2 3 4 1 
4373802 2493058 
1 4 2 3 0 
4389428 2477432 
1 3 2 4 0 
4394832 2472028 
3 4 0 2 1 
4407998 2458862 
2 1 4 3 0 
4412988 2453872 
3 1 0 2 4 
4415660 2451200 
1 4 3 0 2 
4417122 2449738 
2 1 0 3 4 
4420864 2445996 
4 1 3 0 2 
4429214 2437646 
4 1 0 2 3 
4440520 2426340 
1 3 0 4 2 
4440692 2426168 
1 4 3 2 0 
4456214 2410646 
0 4 3 1 2 
4460652 2406208 
3 0 2 1 4 
4463434 2403426 
1 3 2 0 4 
4469024 2397836 
4 0 1 2 3 
4477962 2388898 
0 1 2 4 3 
4478220 2388640 
4 1 3 2 0 
4478322 2388538 
2 4 1 3 0 
4482910 2383950 
0 3 1 2 4 
4484812 2382048 
1 0 2 4 3 
4488078 2378782 
1 2 3 4 0 
4498920 2367940 
4 1 2 3 0 
4502286 2364574 
2 0 4 3 1 
4511740 2355120 
3 0 2 4 1 
4514178 2352682 
4 2 1 3 0 
4523456 2343404 
0 2 4 3 1 
4534266 2332594 
4 0 3 1 2 
4547790 2319070 
1 4 0 2 3 
4560916 2305944 
1 2 3 0 4 
4561100 2305760 
4 3 0 2 1 
4569446 2297414 
3 2 0 1 4 
4572966 2293894 
2 3 0 1 4 
4577684 2289176 
0 2 1 3 4 
4583854 2283006 
2 0 3 1 4 
4596348 2270512 
0 4 3 2 1 
4640416 2226444 
4 3 2 1 0 
4648352 2218508 
2 3 1 0 4 
4671638 2195222 
2 4 0 3 1 
4678452 2188408 
2 0 3 4 1 
4689592 2177268 
0 4 2 3 1 
4690762 2176098 
3 1 2 4 0 
4692046 2174814 
0 4 1 2 3 
4695948 2170912 
1 3 0 2 4 
4697504 2169356 
1 2 0 3 4 
4697990 2168870 
1 0 4 2 3 
4717800 2149060 
3 2 0 4 1 
4720114 2146746 
2 3 0 4 1 
4728832 2138028 
3 2 1 0 4 
4729356 2137504 
2 1 3 4 0 
4739664 2127196 
4 0 3 2 1 
4742306 2124554 
4 1 0 3 2 
4750796 2116064 
3 1 2 0 4 
4752734 2114126 
2 3 1 4 0 
4754186 2112674 
4 0 1 3 2 
4761750 2105110 
4 3 2 0 1 
4767272 2099588 
2 1 3 0 4 
4787092 2079768 
4 2 3 1 0 
4804940 2061920 
3 2 1 4 0 
4810656 2056204 
0 1 4 2 3 
4815390 2051470 
4 0 2 3 1 
4820966 2045894 
0 1 3 4 2 
4830910 2035950 
4 2 0 3 1 
4831182 2035678 
3 4 2 1 0 
4832708 2034152 
1 4 0 3 2 
4875192 1991668 
0 1 2 3 4 
4898292 1968568 
1 0 3 4 2 
4905956 1960904 
1 0 2 3 4 
4915638 1951222 
0 1 3 2 4 
4927446 1939414 
3 2 4 1 0 
4933896 1932964 
3 4 2 0 1 
4944140 1922720 
4 2 3 0 1 
4950348 1916512 
2 3 4 1 0 
4968176 1898684 
0 4 1 3 2 
4980984 1885876 
3 2 4 0 1 
4999744 1867116 
1 0 3 2 4 
5007228 1859632 
2 4 3 1 0 
5023576 1843284 
2 3 4 0 1 
5036776 1830084 
1 0 4 3 2 
5044088 1822772 
0 1 4 3 2 
5138926 1727934 
2 4 3 0 1 
5164248 1702612 
