711 4
2 3 0 4 5 1 6 
7857698 13900304 14452964 15163778 
5 2 1 6 3 0 4 
7941954 14085708 14479516 14960134 
5 3 1 6 2 0 4 
7945308 14166736 14405604 14802814 
2 0 1 4 6 5 3 
8005748 14062282 14325908 15456894 
1 3 2 5 4 0 6 
8020640 13830642 14158640 14793534 
1 3 5 2 4 6 0 
8084618 13751654 14259316 15052414 
4 3 6 2 1 5 0 
8092526 14008560 14111570 14964282 
1 3 0 5 4 2 6 
8121294 13878700 14097668 14648208 
6 3 5 4 2 1 0 
8122086 13593732 14092994 15197524 
5 3 6 1 2 4 0 
8136606 13824628 14023280 14718118 
6 4 5 3 2 1 0 
8186468 13700408 14012700 15001018 
3 1 0 6 4 2 5 
8186740 13695250 14090572 15159664 
1 4 2 5 3 0 6 
8203596 13836900 13989274 14602106 
0 1 2 3 6 4 5 
8230968 13595784 14167128 15074768 
0 3 2 4 5 1 6 
8232116 13261340 14170236 14947650 
0 4 2 3 5 1 6 
8236246 13484558 14105392 14866994 
6 3 4 5 2 0 1 
8251042 13772906 14044510 14712578 
3 4 6 0 1 5 2 
8270710 13912814 13870052 14748070 
6 3 5 4 0 1 2 
8288148 13747620 13926936 14628232 
2 1 0 4 6 3 5 
8297774 13292546 14084020 15129340 
1 3 5 0 4 6 2 
8337954 13780598 14118228 14505178 
6 3 4 5 0 2 1 
8352076 13838668 13912344 14618992 
5 4 1 6 0 2 3 
8374484 13672192 13989636 14575306 
5 0 1 6 3 2 4 
8379886 13832850 14040638 14432006 
2 3 0 1 5 4 6 
8396616 13548566 14077996 14796772 
5 0 6 1 2 4 3 
8402834 13642740 13997360 14663784 
2 4 0 3 5 1 6 
8427952 13366714 14088756 14862798 
4 3 6 0 1 5 2 
8430828 13813562 13886502 14320980 
6 1 5 3 0 4 2 
8445606 13635604 13870300 14582116 
5 4 6 1 0 3 2 
8455884 13445966 13743938 14400674 
3 4 0 6 1 2 5 
8477474 13513438 13654258 14435206 
6 4 3 5 2 0 1 
8479228 13697166 13699806 14352806 
1 5 2 3 4 0 6 
8490054 13295996 13923632 14852212 
2 3 0 1 6 4 5 
8500852 13382044 13821170 14183660 
2 1 0 4 6 5 3 
8535006 13358312 14068798 14816334 
2 5 0 4 3 1 6 
8540654 13357202 13924026 14408126 
6 0 4 3 1 5 2 
8542014 13416826 13791012 14780896 
0 3 1 2 6 5 4 
8557848 13653272 13767394 14227450 
5 3 6 1 0 4 2 
8559954 13435804 13619296 14046552 
2 4 0 1 6 3 5 
8574038 13233146 13757928 14294160 
6 2 4 3 1 5 0 
8590162 13344856 13753080 14692118 
4 3 2 6 1 0 5 
8604952 13516778 13515974 13894954 
6 1 5 3 2 4 0 
8651358 13321810 13612108 14200832 
3 1 6 0 4 5 2 
8656866 13458130 13579144 14271808 
6 1 5 4 0 3 2 
8679710 13299302 13637708 14121520 
5 6 1 4 0 2 3 
8679736 13190392 14019622 14880432 
3 0 2 6 5 1 4 
8682538 13557864 13504960 14478888 
2 3 1 4 5 0 6 
8691604 13161514 13698148 14145248 
4 3 0 6 1 2 5 
8696198 13456240 13518040 13840384 
2 1 0 3 6 4 5 
8706282 12929022 13903150 15024580 
0 3 2 1 6 4 5 
8714284 13128074 13720942 13965802 
0 2 3 4 5 1 6 
8762032 12927796 13659052 14288078 
4 5 6 2 0 3 1 
8772248 13280512 13571816 14496202 
3 2 1 6 5 0 4 
8774766 13449570 13566954 14213176 
6 4 3 5 0 2 1 
8796634 13535688 13483660 14057668 
6 3 4 5 1 2 0 
8796718 13265680 13616738 14573476 
0 1 3 2 6 5 4 
8797644 13407716 13611742 13850798 
1 0 2 5 4 3 6 
8799030 13524864 13431284 13579820 
1 2 0 5 4 3 6 
8799818 13504308 13511786 13697346 
1 5 2 4 3 0 6 
8810480 12917636 13769310 14701540 
5 4 6 1 2 3 0 
8814044 13320042 13457310 13922208 
2 0 4 1 6 3 5 
8818412 13144674 13507610 14084774 
3 1 5 0 4 6 2 
8825628 13568454 13405568 14029300 
5 6 1 0 2 4 3 
8830252 12880664 14054102 14485734 
0 3 2 5 6 4 1 
8840906 13006778 13895532 14208520 
6 2 4 5 3 0 1 
8842208 13263638 13520630 14048170 
6 0 3 4 1 5 2 
8845194 13247476 13472916 14170158 
0 1 2 4 6 3 5 
8846028 12764816 13676158 14250808 
1 0 3 2 6 5 4 
8856448 13281700 13491568 14081508 
1 2 3 5 6 0 4 
8858936 13109034 13446748 14084672 
0 4 2 5 1 3 6 
8870090 13089836 13893580 14246094 
1 0 2 3 6 5 4 
8871452 13045646 13618648 14364004 
1 2 3 5 4 0 6 
8875840 13082536 13340060 13760338 
2 0 3 4 5 1 6 
8880198 13225134 13297690 13996048 
1 4 0 5 3 2 6 
8883218 13299074 13456038 13756288 
6 3 4 2 1 5 0 
8886164 12829258 13661510 14562556 
6 5 3 4 2 1 0 
8890684 12977856 13328158 14316750 
5 4 6 0 3 1 2 
8897418 13045188 13843822 14069440 
3 4 2 6 1 0 5 
8920736 13249912 13129540 13832756 
2 0 3 1 6 4 5 
8927020 13150786 13265760 13906628 
5 1 6 4 0 3 2 
8932174 12701650 13516534 14320826 
1 3 2 5 6 0 4 
8938516 13005520 13409088 13872008 
4 3 2 6 5 0 1 
8940558 12858360 13351662 14228232 
5 0 1 6 2 3 4 
8945286 13255652 13512318 13694910 
5 4 1 0 3 6 2 
8950772 12713896 13827188 14131674 
0 5 2 4 3 1 6 
8965280 12673598 13590514 14128062 
4 1 2 5 3 0 6 
8968092 13516526 13445360 13584074 
5 1 6 3 2 4 0 
8968684 12845590 13525194 14193488 
6 2 4 5 0 3 1 
8969970 13225578 13355952 13746304 
0 2 3 1 6 4 5 
8972520 12981906 13491070 13726366 
6 5 4 3 2 1 0 
8974680 12925372 13400268 14176116 
1 0 3 5 4 2 6 
8975706 13151150 13198586 13497486 
1 2 5 3 4 0 6 
8982368 12754712 13663680 14084568 
0 3 2 1 5 4 6 
8992738 12650876 13649748 14379484 
2 1 0 4 5 3 6 
8999370 13123060 13409486 13632164 
1 0 2 5 3 4 6 
9000770 13453004 13292108 13478542 
1 2 5 6 3 0 4 
9023908 12639030 13788590 14495690 
2 0 1 4 6 3 5 
9024036 12806356 13366810 14230140 
0 5 1 3 4 2 6 
9027190 12871398 13392856 13917218 
1 0 5 3 4 2 6 
9027898 12877374 13558206 13881428 
0 4 3 2 5 6 1 
9045852 13006776 13196792 13619152 
0 1 2 3 5 4 6 
9062102 12986482 13346446 13574290 
5 1 6 0 4 3 2 
9065340 12767284 13569396 14047834 
5 6 1 4 2 3 0 
9073938 12915644 13521934 13905532 
2 3 4 1 5 0 6 
9089336 12663922 13412806 14112870 
0 1 2 5 6 3 4 
9091496 12926116 13550002 13746434 
5 2 6 1 0 4 3 
9093068 12963004 13253040 13610842 
5 6 1 0 2 3 4 
9095198 12742062 13669852 14075016 
1 6 5 3 2 4 0 
9106076 12957722 13342130 13738990 
5 1 3 6 2 0 4 
9109268 13236474 13196556 13690298 
5 4 6 1 0 2 3 
9112944 12949036 13377590 13790876 
3 0 2 4 5 1 6 
9117164 13325186 13105220 13702500 
0 5 2 3 4 1 6 
9119154 12573158 13392936 13826334 
4 1 6 2 3 5 0 
9121602 13054812 13147412 13466102 
5 1 6 3 0 4 2 
9145622 12515664 13455366 14375342 
6 1 4 3 0 5 2 
9156434 12639210 13194216 13884358 
4 0 2 6 1 3 5 
9157558 13008762 13097076 13401950 
5 0 1 4 3 2 6 
9164064 13216508 13430386 13363934 
0 4 2 3 6 1 5 
9195936 12914316 13343538 13732176 
0 4 2 5 6 3 1 
9198012 12915106 13544132 13565410 
1 5 3 2 4 6 0 
9199164 12832302 13117378 13865032 
0 5 4 2 3 6 1 
9199934 12884814 13293490 13862710 
5 4 6 0 2 1 3 
9209250 12757314 13578520 13726270 
6 4 3 0 1 5 2 
9212732 12589672 13385334 14021870 
4 2 0 6 1 3 5 
9217218 13018976 13128966 13320234 
0 4 2 5 3 1 6 
9217436 12613702 13508358 13786568 
0 1 2 5 4 3 6 
9218038 12813794 13399632 13403508 
1 3 5 2 6 0 4 
9218452 12741748 13482522 13655958 
1 3 0 2 6 5 4 
9218940 12802702 13328834 13704860 
2 1 4 6 3 0 5 
9219992 12530194 13483354 14336788 
3 0 1 6 4 2 5 
9224846 12811328 13078776 13902080 
3 0 2 1 6 4 5 
9225754 12971902 12952122 13712128 
2 4 0 6 1 3 5 
9226900 12589186 13317834 13887220 
6 0 3 5 2 4 1 
9233478 12945182 12999896 13281084 
4 3 0 6 5 2 1 
9235308 12833214 13195570 13781032 
5 6 1 3 2 4 0 
9235348 12571104 13472234 13846120 
1 3 5 6 2 0 4 
9238554 12532198 13500962 14069306 
5 3 6 4 2 1 0 
9240108 12445472 13283448 13663228 
6 0 5 3 2 4 1 
9241550 12799760 13231124 13768950 
4 1 6 2 0 5 3 
9241964 12736540 13132594 13784818 
0 4 2 1 6 3 5 
9244914 12541492 13285224 13367906 
2 1 3 4 6 0 5 
9255224 12574262 13087356 13909242 
1 2 5 4 3 0 6 
9273226 12413378 13537540 13967424 
3 0 2 6 4 1 5 
9273374 13181888 12993924 13615848 
5 3 1 0 4 6 2 
9286654 12382544 13389074 13516592 
2 3 0 4 6 1 5 
9288638 12665174 13242994 13522810 
6 0 4 3 1 2 5 
9293090 13094558 12973330 13588394 
1 4 5 3 0 6 2 
9297466 12822770 13204274 13621946 
0 6 2 3 1 4 5 
9309874 12564324 13197250 13694724 
3 0 4 2 5 6 1 
9310370 13076070 12945844 13644832 
6 0 4 5 2 3 1 
9318294 12965546 12982216 13097586 
0 2 3 4 6 1 5 
9319826 12783210 13226350 13500212 
4 0 5 2 3 6 1 
9320484 12915072 13185034 13725742 
6 3 0 5 2 4 1 
9322956 12927944 13145320 13448394 
5 6 4 1 0 3 2 
9331298 12742028 13102708 13500418 
2 6 0 4 1 3 5 
9333578 12489576 13149698 13851000 
5 1 6 4 2 3 0 
9334204 12565240 13170414 13690420 
0 1 2 5 3 4 6 
9336078 12817534 13331556 13348130 
4 5 6 2 3 1 0 
9346932 12869368 13103212 13381008 
2 0 3 4 6 1 5 
9353292 12862638 12965088 13631682 
3 1 2 6 5 0 4 
9353382 12986382 12907002 13453500 
6 3 5 1 2 4 0 
9364088 12235712 13293306 14124254 
6 1 3 4 0 5 2 
9366914 12501660 12938520 13362720 
0 3 2 5 4 1 6 
9367180 12290044 13375624 13565496 
4 0 3 2 5 6 1 
9371310 12786146 12810108 13483930 
4 1 6 0 3 5 2 
9373360 12865824 13180774 13339660 
3 5 6 1 0 4 2 
9376596 13098738 12825572 13341666 
5 3 4 1 2 6 0 
9389426 12601116 12955008 13286888 
3 4 2 6 5 0 1 
9390762 12937320 12806368 13493934 
0 6 4 3 1 2 5 
9391452 12501480 13081108 13674456 
1 6 5 2 4 3 0 
9396204 12792996 13166292 13152912 
0 2 4 1 6 3 5 
9398420 12651730 13210268 13247492 
3 2 4 6 5 0 1 
9400050 12743804 12886102 13635850 
5 0 3 1 4 6 2 
9400926 12800300 12874902 13458382 
2 3 4 1 6 0 5 
9404436 12534072 12992102 13092928 
6 3 5 1 0 4 2 
9404746 12490608 13217342 13652118 
6 4 1 3 0 5 2 
9405800 12576858 12884950 13773358 
3 4 6 0 2 5 1 
9411390 13201602 12941368 13321730 
0 1 3 5 4 2 6 
9413108 12428928 13148948 13298564 
0 3 1 5 4 2 6 
9419040 12263612 13180456 13528220 
6 3 1 4 0 5 2 
9420536 12700386 12857994 13378364 
4 2 3 6 1 0 5 
9429096 12724488 12723890 13055110 
5 4 1 2 3 6 0 
9431066 12243142 13306820 13557290 
1 5 2 3 6 0 4 
9438270 12463622 13132936 13825606 
6 3 1 4 2 5 0 
9457978 12581890 12865894 13555026 
4 0 3 6 1 2 5 
9460682 12653736 12694066 13082256 
6 2 3 5 0 4 1 
9464122 12619330 12901368 13229310 
6 1 5 4 2 3 0 
9464430 12519172 12963568 13291684 
0 1 4 3 6 2 5 
9485718 12345754 13094030 13635082 
6 2 4 3 5 0 1 
9489360 12517740 12904566 13577974 
3 0 4 6 1 2 5 
9491148 12524150 12647870 13394780 
5 3 6 0 2 1 4 
9491898 12383228 13233150 13322292 
6 3 5 2 4 1 0 
9500608 12331564 13150326 13856032 
6 4 5 1 0 3 2 
9500692 12309394 13179120 13696496 
4 5 6 0 1 3 2 
9511606 13002086 12935324 12928990 
5 6 1 0 3 4 2 
9513552 12327414 13416260 13466604 
2 3 4 6 5 0 1 
9513842 12467580 13041758 13581324 
4 6 0 2 1 3 5 
9516140 12402292 13045154 13815546 
4 2 3 6 5 0 1 
9519474 12289482 12784202 13715224 
5 4 6 0 1 3 2 
9519806 12420004 13096998 13481846 
6 1 4 3 2 5 0 
9526314 12353960 12808468 13186414 
2 5 1 0 6 4 3 
9526834 12911414 12966424 12935660 
0 4 2 6 1 3 5 
9529520 12311148 13124682 13259670 
4 1 0 5 3 2 6 
9531940 13048892 13025330 12880566 
2 4 3 1 5 0 6 
9533354 12282240 12867522 13695736 
1 2 4 5 3 0 6 
9544770 12636814 12888928 13169492 
0 1 3 4 6 2 5 
9544790 12138626 13060318 13405916 
2 3 6 0 5 4 1 
9546432 12974728 12756924 13045722 
5 4 6 3 2 1 0 
9552026 12221236 13072258 13370386 
4 3 6 5 2 0 1 
9562386 12321860 13029134 13351988 
1 4 5 3 2 6 0 
9562760 12350326 12904484 13283454 
2 1 3 6 4 0 5 
9569638 12223260 12910726 13818322 
2 5 1 3 4 0 6 
9575062 12312604 12978476 13472916 
2 4 3 0 5 6 1 
9582032 12821606 12629390 13115328 
2 1 4 3 6 0 5 
9585424 12136226 13107236 13955628 
2 4 3 1 6 0 5 
9586230 12391286 12687010 13025282 
0 5 2 3 6 1 4 
9589308 12305192 13001678 13230756 
4 3 0 2 5 6 1 
9589416 12306264 12943050 13306232 
0 3 1 4 5 2 6 
9599296 12245028 13050276 13231646 
1 6 5 0 3 4 2 
9603990 12774486 13173248 13021850 
5 2 0 4 3 1 6 
9606336 12846494 13083872 12794988 
1 6 3 2 0 5 4 
9613118 12320366 12861200 13318410 
6 3 5 0 2 4 1 
9613704 12089468 13247774 13847328 
4 1 6 3 0 5 2 
9615534 12357704 12793732 13425478 
5 6 1 3 0 4 2 
9616238 12055370 13215590 13756150 
3 1 0 4 6 2 5 
9619336 12105982 12944320 13806006 
1 4 2 3 5 0 6 
9625526 12281836 12803348 13390372 
6 5 3 1 2 4 0 
9627100 12219414 12916566 13783176 
1 3 6 0 4 5 2 
9627728 12785986 12865620 12954846 
6 5 3 0 2 4 1 
9635036 12061010 13067114 13963770 
5 1 4 2 3 6 0 
9635134 12263504 13012918 13446268 
6 4 0 5 2 3 1 
9635958 12872568 12782936 12905124 
6 2 3 4 1 0 5 
9636400 12933182 12627988 12871732 
0 2 1 4 6 3 5 
9640852 12332672 12992214 13299340 
3 6 5 0 4 1 2 
9642838 12931476 12727874 12941286 
6 4 1 3 2 5 0 
9645782 12409950 12618186 13248540 
4 0 2 5 3 1 6 
9646624 12928798 12924996 12898948 
0 5 2 4 6 1 3 
9650292 12540226 13022140 13004952 
6 3 5 2 0 4 1 
9657630 12137048 13170730 13706146 
4 2 3 0 5 6 1 
9658620 12293222 12727380 13508344 
3 5 1 0 4 6 2 
9659828 12672782 12708614 12869202 
3 2 0 6 1 4 5 
9662378 12493532 12721706 12914226 
5 6 3 1 0 4 2 
9664808 12520468 12683662 13042116 
0 1 3 6 4 2 5 
9666322 11982336 13026794 13498972 
2 1 3 4 5 0 6 
9666468 12354280 12638476 12972256 
0 4 3 6 1 2 5 
9673590 12052554 12877198 13135486 
3 0 2 6 1 4 5 
9679782 12596938 12539640 13047318 
6 0 3 4 1 2 5 
9680552 12847790 12598408 12910468 
4 3 5 0 1 6 2 
9692582 12723030 12859262 12760576 
5 3 1 2 4 6 0 
9695812 11916730 13081126 13367048 
5 3 6 0 4 1 2 
9696240 12245366 13028088 12894248 
5 3 1 4 2 6 0 
9700356 11985312 13028280 13135038 
5 2 4 1 0 6 3 
9704360 12698088 12718114 12768082 
5 6 1 2 0 4 3 
9708760 11844766 13268672 13825894 
5 0 3 6 2 1 4 
9712502 12570494 12610752 12841076 
0 6 2 3 5 4 1 
9718990 12221772 12748910 12866222 
3 1 6 4 0 5 2 
9728422 12176344 12632456 13395704 
0 4 1 3 5 2 6 
9733514 12174582 12808976 13035070 
3 5 6 0 1 4 2 
9735458 12813376 12563832 12663858 
0 3 2 6 1 4 5 
9735960 12166190 12953680 12967236 
3 0 2 6 5 4 1 
9738488 12555266 12579948 13313776 
3 5 6 0 4 1 2 
9739404 12735684 12670318 12652508 
3 4 0 1 6 2 5 
9740784 12223046 12672676 13014450 
1 5 6 3 2 4 0 
9747092 12513162 12592376 13323582 
5 6 1 0 4 3 2 
9755394 11997254 13022718 13144794 
1 3 2 4 5 0 6 
9762996 11897218 12818392 13431128 
5 2 0 6 4 1 3 
9763938 12462036 12940126 12862522 
3 6 1 2 4 5 0 
9767086 12567134 12633568 13133078 
5 6 3 1 2 4 0 
9767122 12430394 12606150 13013088 
1 4 6 2 3 5 0 
9770134 12564738 12531928 12775464 
1 6 5 0 4 3 2 
9772512 12471210 12965450 12637718 
2 5 0 3 4 1 6 
9777376 12040534 12904432 13228066 
2 6 3 4 1 0 5 
9777692 12290760 12571762 13251986 
3 5 6 4 2 1 0 
9787608 12452418 12604588 13078366 
5 3 6 4 0 1 2 
9788860 11955640 12789370 12894506 
5 3 4 1 0 6 2 
9790326 12208388 12568470 12658632 
4 0 2 3 5 6 1 
9803690 12180100 12743940 13297098 
6 2 3 4 5 0 1 
9808858 12211328 12560428 13393606 
2 4 3 6 1 0 5 
9814232 12067066 12545632 13160586 
2 1 4 3 5 0 6 
9823004 12133972 12778452 13061410 
3 0 4 6 5 2 1 
9849038 12534510 12455660 13084008 
6 0 4 3 5 2 1 
9849150 12412366 12472392 12943862 
0 6 3 2 1 4 5 
9860974 12073274 12679740 13012158 
2 6 4 3 1 0 5 
9863782 11936464 12755962 13533002 
2 6 3 1 4 0 5 
9864104 12263978 12536510 13025762 
0 4 2 1 5 3 6 
9865080 11839222 12912062 13278740 
1 3 5 4 2 6 0 
9871258 11818630 12853638 13374890 
0 3 4 1 6 2 5 
9872074 12096924 12779364 12612516 
3 1 2 4 6 0 5 
9878024 12013888 12563496 13430800 
4 6 2 0 1 3 5 
9883054 12042408 12741710 13214356 
5 0 6 4 1 3 2 
9885888 12026236 12732948 13305996 
3 1 2 4 5 0 6 
9887692 12469394 12458824 12703086 
2 3 0 6 1 4 5 
9890784 12006544 12774356 12886390 
4 5 6 3 2 1 0 
9894446 12159122 12622084 13066150 
3 1 4 6 0 2 5 
9897686 12281560 12508490 13419584 
5 4 6 3 0 1 2 
9898238 11779816 12852844 13303144 
4 1 2 3 5 0 6 
9898838 12469322 12566424 12661138 
5 3 6 0 1 4 2 
9903776 12132042 12741956 12789624 
2 4 1 0 6 3 5 
9909288 12158166 12647678 13124764 
2 3 1 6 4 0 5 
9910478 11941282 12777154 13173978 
4 3 2 0 5 6 1 
9910786 11876514 12656888 13134200 
6 3 4 1 0 5 2 
9915594 11945654 12812518 13132560 
2 3 1 4 6 0 5 
9916832 11890608 12648052 12901170 
3 2 4 6 1 0 5 
9917006 12157218 12305218 12659238 
1 6 5 0 2 3 4 
9920438 11856682 12919908 13146806 
2 3 1 5 4 0 6 
9921600 11756466 12782012 13096686 
0 3 4 6 1 2 5 
9922780 11865770 12694784 12853188 
0 1 2 4 5 3 6 
9930314 11951610 12673604 12554202 
6 2 3 5 1 4 0 
9937070 12073656 12586628 13116870 
2 6 4 0 1 3 5 
9948410 11929510 12526776 13031040 
4 0 2 1 6 3 5 
9952520 12122886 12582888 12875440 
0 6 4 2 1 3 5 
9954022 11917904 12600102 12977474 
0 5 3 2 4 1 6 
9957742 11808660 12673962 13125232 
2 6 0 3 1 4 5 
9960916 11741322 12755528 13420760 
2 3 0 5 4 1 6 
9970394 11830956 12916208 12988636 
4 0 6 5 2 3 1 
9973104 12142674 12501426 12753702 
0 4 3 1 6 2 5 
9976804 11840518 12624448 12493494 
2 3 4 6 1 0 5 
9986358 11766662 12513394 12826912 
1 0 4 5 3 2 6 
10007232 12346784 12359170 12407700 
5 4 3 1 0 6 2 
10019766 11996990 12274066 12554452 
3 4 2 1 6 0 5 
10021086 12082160 12262534 12619984 
6 3 4 1 2 5 0 
10039064 11719302 12760926 13288036 
4 1 6 3 2 5 0 
10046048 11970462 12356012 12695936 
6 3 1 2 4 5 0 
10047890 11913212 12477692 13220028 
2 5 4 0 1 6 3 
10064382 12512202 12399970 12379628 
5 0 2 4 3 1 6 
10070408 12515908 12462534 12301422 
1 6 3 2 4 5 0 
10072744 12035292 12385248 12434796 
0 6 2 5 3 4 1 
10074096 12025984 12695590 12469262 
0 3 4 1 5 2 6 
10081344 11607694 12761938 13159678 
0 2 1 5 4 3 6 
10081822 11904282 12607392 12601736 
5 4 1 3 2 6 0 
10092064 11580956 12708860 12771096 
0 6 4 3 5 2 1 
10099752 12210960 12400250 12268724 
2 5 4 0 6 1 3 
10106940 12364258 12478368 12198236 
0 6 3 2 5 4 1 
10107682 11934338 12343712 12223652 
6 4 3 1 0 5 2 
10111338 11684576 12583778 13005916 
0 6 3 1 4 2 5 
10119380 11842286 12596802 12661724 
3 2 4 1 6 0 5 
10120460 12112588 12293066 12463482 
4 0 6 3 1 2 5 
10122700 11765450 12481692 13073766 
2 4 3 0 1 6 5 
10123818 12143206 12197794 12721178 
2 4 6 0 5 3 1 
10126490 12644838 12262474 12319364 
6 1 3 4 2 5 0 
10133970 11718458 12278108 12566964 
3 5 4 1 2 6 0 
10136560 12339762 12227096 12627622 
0 4 6 2 5 3 1 
10146282 12348512 12253120 12169358 
6 0 2 3 1 4 5 
10150688 12587994 12171128 12454222 
6 0 2 5 3 4 1 
10172990 12267682 12217938 12336670 
3 6 2 0 1 4 5 
10173998 11894204 12265614 12924894 
2 6 3 1 0 4 5 
10179414 11955280 12270128 12753734 
3 4 2 0 5 6 1 
10180180 12160294 12193914 12511622 
5 3 1 4 0 6 2 
10187284 11484728 12582250 12485596 
3 6 0 2 1 4 5 
10196356 11608924 12555226 13343304 
0 1 4 5 3 2 6 
10198634 11798562 12539332 12454178 
1 3 6 5 2 4 0 
10207198 12214942 12183998 12710904 
3 4 5 6 2 1 0 
10216442 12463912 12177728 12829492 
4 3 2 1 6 0 5 
10217222 11819726 12329018 12381192 
2 0 4 6 1 3 5 
10217642 11566088 12356134 12831506 
5 4 3 1 2 6 0 
10218582 11843354 12111276 12383416 
0 2 3 5 4 1 6 
10225032 11545848 12551876 12534068 
6 4 5 1 2 3 0 
10241542 11539750 12564472 13018600 
0 1 4 3 5 2 6 
10247668 11724420 12327116 12268084 
6 2 5 1 3 4 0 
10260432 11505844 12545100 13135934 
6 4 1 2 3 5 0 
10262232 11782568 12268362 12816270 
0 2 3 6 5 4 1 
10273430 11323164 12562476 13091498 
4 1 6 2 5 3 0 
10275574 12353122 12247324 12305884 
1 6 3 5 2 4 0 
10283644 12230844 12151972 12382634 
6 1 4 2 3 5 0 
10289708 11542570 12318588 12587520 
0 6 2 1 4 3 5 
10289930 11630040 12521458 12444276 
1 2 3 4 5 0 6 
10290260 11559764 12312376 12769788 
6 1 3 2 4 5 0 
10293802 11588340 12299826 12719646 
1 4 6 5 0 3 2 
10295540 12350112 12065900 12454330 
0 3 1 4 6 2 5 
10300154 11593202 12438310 12460348 
5 1 4 3 0 6 2 
10303678 11451496 12502632 13051862 
2 6 4 0 5 3 1 
10314896 12196870 12179690 11985684 
3 5 6 2 4 1 0 
10322466 12099326 12244482 12324884 
3 5 6 4 0 1 2 
10325800 11935418 12122990 12362444 
6 2 0 4 1 3 5 
10334878 12439262 12088676 12066266 
3 0 1 4 6 2 5 
10342946 11615882 12232278 12905038 
5 1 3 4 0 6 2 
10343950 11596042 12252984 12610144 
0 4 1 3 6 2 5 
10345812 11543924 12317106 12570492 
5 3 1 2 0 6 4 
10346766 11618072 12553872 12434940 
4 1 5 3 2 6 0 
10351596 11878048 12189472 12343564 
4 5 3 0 2 6 1 
10353978 11541420 12209838 12821622 
3 2 4 0 1 6 5 
10359536 12100120 11998932 12284622 
6 2 0 3 5 4 1 
10363988 11776566 12124686 12577022 
6 0 2 4 1 3 5 
10366108 12346576 11975778 12067462 
2 6 5 0 1 4 3 
10375586 12182040 12308422 12268740 
5 4 1 3 0 6 2 
10376452 11128784 12537494 12823134 
6 3 2 4 5 0 1 
10377242 11739166 12105328 12890214 
5 6 2 1 3 4 0 
10378598 11929830 12167914 12381414 
4 2 3 0 1 6 5 
10379266 12074980 12084404 12219894 
4 3 2 0 1 6 5 
10386204 11881684 12238536 12172586 
6 1 3 0 4 5 2 
10386526 11434698 12297752 12542612 
2 3 5 0 6 1 4 
10387628 12311842 12174926 12104386 
1 6 4 3 0 5 2 
10405512 11911010 12139958 12306716 
6 0 2 3 5 4 1 
10407564 11853770 11902708 12386920 
6 5 3 0 1 4 2 
10408940 11747174 12297774 12353518 
1 0 3 4 6 2 5 
10409728 11957842 12227516 12296518 
4 1 0 3 5 2 6 
10416126 12036728 12179130 12017054 
1 6 3 0 4 5 2 
10420156 11751618 12203414 11944946 
3 4 6 2 1 0 5 
10422518 11530180 12258800 12875064 
5 2 6 4 0 1 3 
10423326 11487760 12373586 12445020 
0 6 4 2 5 3 1 
10425578 11818072 12089328 11755158 
4 0 3 6 5 2 1 
10425906 11642504 11981284 12454986 
6 5 3 2 1 4 0 
10427472 11540626 12284310 12655576 
2 4 1 3 6 0 5 
10428826 11309786 12362840 12879910 
2 3 1 5 6 0 4 
10429948 11620208 12383484 12388576 
5 2 6 0 1 4 3 
10432368 11660738 12377842 12363434 
2 3 0 4 1 6 5 
10434210 11716254 12323858 12369568 
0 3 6 5 2 4 1 
10443266 11696366 12236352 12336396 
0 4 3 1 5 2 6 
10448298 11112392 12366830 12691168 
4 3 6 1 0 2 5 
10450792 11678672 12326878 12431134 
3 6 4 0 5 2 1 
10451638 12159768 12034714 12135184 
6 1 4 0 3 5 2 
10468388 11401772 12401482 12537938 
2 4 3 1 0 6 5 
10468540 11912882 11980380 12363974 
4 3 0 1 6 2 5 
10471428 11636548 12216508 12118638 
4 5 3 2 1 6 0 
10475470 11780156 11969578 12128432 
0 4 2 6 5 3 1 
10477608 11434148 12402072 12489820 
0 3 4 5 2 6 1 
10479412 11622244 12350032 12272824 
1 6 3 4 0 5 2 
10480112 11702360 12169452 12130308 
0 1 3 4 5 2 6 
10480404 11299564 12173308 11996150 
4 0 1 5 3 2 6 
10481384 12121526 12086656 11913900 
1 4 6 3 2 5 0 
10482036 11700148 11873368 12130266 
2 6 3 0 1 4 5 
10489658 11535552 11948406 12319784 
5 3 2 6 0 1 4 
10503502 11995178 12049662 11997060 
3 5 4 1 0 6 2 
10526900 11919866 11853038 12052166 
3 0 6 4 1 2 5 
10540628 11389096 12060574 12708364 
1 3 6 4 0 5 2 
10542468 11666340 12016942 12170944 
3 5 4 0 1 6 2 
10545292 11890734 11830680 11808896 
5 3 6 2 0 1 4 
10550944 11294190 12364596 12315322 
3 4 5 1 0 6 2 
10563144 11688698 11859502 12219096 
4 5 3 0 1 6 2 
10566738 11890080 11909354 11717306 
6 5 3 2 4 1 0 
10567574 11342062 12101108 12636930 
3 2 1 4 6 0 5 
10576440 11439604 12067424 12415060 
0 2 4 6 1 3 5 
10579922 11298264 12194872 12122240 
6 0 3 2 5 4 1 
10581944 11454196 11947316 12288852 
5 1 3 4 2 6 0 
10586636 11431920 12030702 12287168 
5 4 2 1 0 6 3 
10587234 11823492 12011884 11930414 
4 5 2 0 6 1 3 
10626834 11724420 12064762 12007602 
0 6 5 2 3 4 1 
10627380 11675028 12193110 11916888 
2 6 3 0 5 4 1 
10631296 11763808 11776066 11708238 
6 0 4 2 5 3 1 
10634750 11498650 11952142 12146208 
2 3 6 1 4 0 5 
10643390 11656978 12023718 12082224 
5 3 4 6 0 1 2 
10648306 11536010 12047854 12126776 
5 6 3 0 4 1 2 
10651376 11450888 12048810 11992820 
6 4 5 1 3 2 0 
10655174 11296870 12326296 12777744 
5 2 3 6 0 1 4 
10658472 11699684 11840944 11867604 
2 0 6 4 1 3 5 
10660362 11436654 11790398 12429990 
2 1 4 6 0 3 5 
10661886 11287526 12182516 12809560 
5 2 6 3 4 1 0 
10662616 11231942 12236730 12304978 
0 4 6 3 1 2 5 
10663784 11335988 11976036 12293200 
0 4 3 5 2 6 1 
10669378 11490154 12079808 11887572 
2 3 6 0 1 4 5 
10670996 11592914 11769448 11969694 
4 3 5 1 0 6 2 
10683950 11530142 11982980 11964986 
1 5 3 4 2 6 0 
10687436 11272904 11996082 12525836 
0 3 6 2 1 4 5 
10687482 11545220 11925758 12090508 
1 6 3 0 2 5 4 
10690626 11158402 12062634 12217604 
1 0 2 4 5 3 6 
10690666 11443280 11968156 12037094 
4 0 3 5 2 6 1 
10691572 11583084 11882664 11930658 
1 4 3 2 5 0 6 
10703698 11417544 11931642 12465576 
2 5 6 0 1 4 3 
10706768 11967224 11802562 11665330 
2 0 3 6 1 4 5 
10709400 11283850 11844894 12164350 
0 5 3 4 1 6 2 
10712198 11823690 12010604 11698690 
3 4 5 1 2 6 0 
10714248 11615318 11737608 12072924 
1 6 4 2 3 5 0 
10716450 11531322 11798870 11656450 
4 3 5 1 2 6 0 
10726374 11177158 11989526 12362214 
6 0 3 4 5 2 1 
10727856 11549710 11757754 12144958 
3 4 2 0 6 1 5 
10733066 11809040 11765206 12067268 
1 6 4 3 2 5 0 
10738432 11530672 11797890 11793572 
0 1 5 4 3 2 6 
10745002 11236730 12196424 11901946 
1 3 6 4 2 5 0 
10746902 11266948 11881706 12260582 
0 1 3 6 5 2 4 
10758754 11304876 12069934 11885432 
1 4 6 5 2 3 0 
10758770 11856996 11615584 11798904 
6 1 2 3 4 5 0 
10784096 11477466 11811938 12131542 
4 2 3 5 0 6 1 
10786918 11386308 11906990 12046634 
2 5 3 0 6 1 4 
10793310 11783480 11701306 11576702 
5 3 4 0 1 6 2 
10793678 11160856 11930512 11836242 
5 2 0 3 4 1 6 
10800290 11574046 12091008 11640074 
6 2 3 0 5 4 1 
10811670 11026908 11884840 12329492 
1 4 3 5 2 6 0 
10824096 11540124 11658826 11835042 
6 5 2 3 4 1 0 
10829204 11458640 11764720 12300114 
0 6 2 4 5 3 1 
10831312 11198750 11956778 11812954 
6 4 3 1 2 5 0 
10834524 10911860 11982858 12362100 
2 6 3 1 5 4 0 
10841960 11761250 11726368 11789948 
4 0 3 1 6 2 5 
10843464 11325480 11766586 11805518 
0 4 6 3 5 2 1 
10847636 11523260 11775562 11586444 
6 0 1 5 2 3 4 
10856128 12020200 11663694 11612364 
3 5 0 2 6 1 4 
10857452 11264418 11902092 11976110 
4 5 3 1 0 6 2 
10877146 11549912 11682112 11693876 
6 1 3 0 2 5 4 
10877216 11408048 11896712 11714170 
0 2 1 6 4 3 5 
10878436 11152018 12081702 12020544 
0 5 6 4 1 3 2 
10882002 11874848 11765846 11469834 
2 1 6 4 0 3 5 
10887688 11232504 11762796 12616538 
5 4 3 0 1 6 2 
10888718 11117758 11764208 11884462 
0 6 3 4 5 2 1 
10894178 11304204 11862502 11683950 
3 2 6 4 1 0 5 
10897434 11090850 11763672 12048706 
1 3 4 5 2 6 0 
10905330 11471814 11691150 11931994 
5 2 4 0 6 1 3 
10913706 11352404 12018022 11681714 
1 6 4 5 2 3 0 
10916450 11804588 11615882 11567586 
0 4 5 1 6 2 3 
10928866 11475516 12147742 11646698 
2 5 3 1 4 6 0 
10933684 11871298 11601350 11936960 
0 2 6 3 1 4 5 
10937594 11210170 11695872 11917942 
6 2 3 0 1 4 5 
10943932 11503322 11733480 11571538 
0 4 6 5 3 2 1 
10946036 11487534 11886152 11526554 
5 2 3 1 0 6 4 
10946040 11777202 11654778 11752896 
5 2 6 3 0 1 4 
10946756 10894378 12029446 12173040 
2 5 6 0 4 1 3 
10947202 11797364 11761120 11498180 
0 1 4 2 5 3 6 
10948002 11349712 11833182 11703614 
2 5 3 0 4 1 6 
10953826 11234782 11646388 12000300 
0 6 2 1 5 3 4 
10960674 10997756 12058474 12084596 
2 0 6 3 1 4 5 
10960870 11075990 11647108 12348630 
1 0 3 6 5 2 4 
10968596 11079372 11758042 12044496 
5 4 3 0 2 6 1 
10974278 11536594 11712132 11497178 
1 6 2 0 3 5 4 
10976052 10942920 12038542 12059948 
4 5 3 1 2 6 0 
10977842 11143840 11635282 12013440 
0 4 6 5 2 3 1 
10983138 11423920 11689238 11441796 
0 6 3 1 4 5 2 
10991506 11350956 11914428 11485904 
3 2 4 6 0 1 5 
10994698 11634448 11596154 11725280 
0 2 6 4 1 3 5 
11001658 11157850 11673178 11774038 
3 2 4 0 6 1 5 
11009862 11629062 11659546 11721374 
0 1 5 6 3 2 4 
11010476 11240118 12080322 11772136 
1 0 6 5 2 3 4 
11017106 11429802 11505274 11745552 
2 5 6 1 4 3 0 
11017260 12198064 11591270 11658344 
5 2 0 3 6 1 4 
11024130 10930368 11971162 12004494 
2 6 1 3 0 4 5 
11031504 10959782 11938116 12618108 
4 1 3 2 5 0 6 
11033426 11634550 11576310 11593006 
1 0 4 3 5 2 6 
11041226 11254242 11531354 11642486 
3 5 4 2 1 6 0 
11045836 11390550 11489776 11597582 
0 3 5 4 2 6 1 
11052400 11022660 11970980 12199660 
3 5 1 4 0 6 2 
11054234 11264426 11593180 11547884 
4 5 2 3 1 6 0 
11056860 11110546 11802854 11808148 
4 6 2 0 5 3 1 
11057662 10950432 11701948 11747866 
0 3 5 1 4 2 6 
11059276 10854566 12137370 12315960 
5 0 3 4 1 6 2 
11062092 11159014 11661554 11880332 
2 6 5 3 4 1 0 
11068686 11806258 11613116 11533850 
2 6 5 1 3 4 0 
11078026 11601892 11579542 11442912 
5 0 2 1 4 3 6 
11082194 12045448 11606112 11382534 
3 4 1 0 6 2 5 
11089430 11125864 11561950 11838764 
1 2 3 6 4 5 0 
11090008 10912678 11927092 12420370 
6 2 1 5 4 3 0 
11093360 11305050 11508578 11906396 
2 1 6 3 0 4 5 
11105096 11017940 11700506 12658778 
4 5 1 0 6 2 3 
11107558 11508780 11657194 11426674 
2 3 4 5 0 6 1 
11108208 11249202 11762580 11670886 
6 1 2 3 5 4 0 
11128948 11359504 11430546 11768298 
5 6 0 3 1 4 2 
11131506 10919274 11989492 12237126 
1 0 3 4 2 5 6 
11134370 11234422 11817614 11731306 
1 4 6 2 5 3 0 
11135588 11672032 11452194 11499272 
5 0 3 4 2 6 1 
11136992 11580398 11623934 11529968 
6 2 1 5 3 4 0 
11140182 11150240 11552012 11821016 
5 2 3 6 4 1 0 
11141348 11075616 11517804 11810650 
2 4 6 3 1 0 5 
11145630 10785002 11632346 12158090 
0 6 1 5 2 3 4 
11147524 11181410 11791444 11718630 
4 1 3 6 0 5 2 
11149028 11300772 11525948 11663378 
0 3 6 4 5 2 1 
11149498 11105486 11734832 11707970 
1 6 4 0 3 5 2 
11149818 11260492 11702004 11294052 
3 5 4 6 0 1 2 
11159790 11502468 11434902 11659390 
6 4 0 2 5 3 1 
11162078 11143124 11553026 11716002 
3 2 4 5 0 6 1 
11170366 11298058 11574986 11608202 
4 0 1 3 6 2 5 
11170848 11007106 11546606 11988270 
0 1 6 2 5 3 4 
11178436 11541326 11543850 11249974 
2 6 3 5 0 4 1 
11179796 11395810 11607564 11493250 
6 3 2 0 5 4 1 
11183956 10787300 11580268 12035428 
5 6 3 0 1 4 2 
11188726 10991184 11634668 11580972 
4 5 1 3 2 6 0 
11191884 11059642 11518086 11535860 
6 0 1 5 4 3 2 
11196164 11235624 11443520 11854542 
1 4 2 6 3 5 0 
11198698 10879088 11837026 11984672 
2 5 6 0 1 3 4 
11200416 11845794 11512380 11492440 
1 3 4 5 0 6 2 
11201160 11446278 11468300 11480698 
1 6 3 4 2 5 0 
11210208 10824070 11552720 11519352 
5 6 0 2 1 4 3 
11221070 10708228 12039650 12302484 
5 3 4 2 1 6 0 
11221454 10697824 11640968 11714304 
1 0 3 4 5 2 6 
11222362 10802386 11485846 11501652 
5 3 2 1 6 0 4 
11231454 11323496 11454640 11469792 
2 3 6 4 1 0 5 
11231666 10838894 11415908 11543400 
5 4 2 0 6 1 3 
11238974 11087494 11595544 11387582 
3 5 2 0 6 1 4 
11244358 11161676 11329106 11437368 
3 1 4 0 5 2 6 
11245166 11463864 11445616 11431116 
0 6 4 1 3 5 2 
11248068 11233930 11833318 11321910 
0 1 6 3 2 5 4 
11268698 11154460 11446468 11472410 
2 5 6 4 1 3 0 
11272750 11824672 11317816 11366354 
2 5 3 0 1 6 4 
11272942 11726814 11386698 11342554 
0 4 5 1 3 2 6 
11286702 10543972 11908616 11986774 
2 5 6 3 1 4 0 
11288360 11450178 11313748 11323718 
3 5 0 4 1 6 2 
11292568 11064656 11616788 11385230 
1 4 3 0 6 2 5 
11294878 11282452 11483862 11176278 
0 4 6 1 3 2 5 
11296024 10980650 11726648 11491488 
5 6 3 2 4 1 0 
11299364 10858610 11562620 11493906 
2 5 6 4 0 1 3 
11303984 11207014 11351384 11402450 
5 2 4 3 1 6 0 
11306828 10778718 11598410 11736402 
4 6 3 0 5 2 1 
11309276 10892422 11411868 11396892 
0 6 5 1 4 3 2 
11319702 11225428 11664144 11031076 
4 6 1 2 5 3 0 
11328004 11419404 11412190 11291180 
6 4 3 1 5 2 0 
11331010 10742350 11587860 12122598 
5 2 3 4 0 1 6 
11337390 11429880 11500054 11163268 
6 0 2 4 5 3 1 
11339076 11035568 11192896 11445372 
0 5 6 3 4 1 2 
11349048 11475944 11486690 11129160 
5 3 2 0 4 1 6 
11353350 11168342 11558654 11388014 
5 4 3 2 0 6 1 
11360330 11235102 11457926 11248888 
4 1 2 0 5 3 6 
11384506 11305118 11437500 11151316 
6 1 2 4 3 5 0 
11387658 10796194 11300340 11379966 
5 2 4 3 0 1 6 
11390180 11144344 11695480 11310814 
4 0 1 5 2 3 6 
11401644 11669916 11457676 11146648 
0 2 5 6 3 4 1 
11409326 10520916 11894984 12129464 
6 4 3 0 5 2 1 
11413062 10683906 11422652 11625130 
1 3 4 0 6 2 5 
11413648 11336058 11439578 11097300 
5 4 0 3 6 1 2 
11440796 10680462 11841496 11961062 
4 0 3 1 5 2 6 
11441018 10921672 11359988 11372892 
0 6 5 1 2 3 4 
11442358 10699212 11657970 11582724 
6 2 0 1 4 3 5 
11447504 11425390 11391512 11055726 
1 6 3 2 5 4 0 
11448696 11074822 11245300 11184644 
3 5 4 0 6 1 2 
11461702 11402218 11362466 11051804 
0 1 3 6 2 5 4 
11465560 10653224 11554012 11213940 
5 4 2 0 1 6 3 
11466896 10926682 11489650 11252672 
1 6 2 4 3 5 0 
11470056 10604766 11503344 11323770 
5 4 3 2 1 6 0 
11473586 10662630 11347212 11465136 
4 1 3 5 2 6 0 
11482556 10999626 11217452 11226398 
0 1 6 4 5 3 2 
11485632 11294456 11467184 11183318 
0 5 6 4 1 2 3 
11528474 11219692 11471594 11137682 
2 6 1 5 3 4 0 
11529496 11022188 11485344 11216124 
4 5 3 0 6 1 2 
11530548 11384184 11321060 11000504 
5 2 3 0 6 1 4 
11538696 10791228 11300096 11150468 
0 3 5 6 2 4 1 
11547206 10539488 11732198 11932506 
4 1 3 6 5 2 0 
11558296 10997210 11152334 11297294 
1 4 6 0 5 3 2 
11570102 11360866 11343802 11135868 
5 4 0 2 6 1 3 
11571048 10596196 11653706 11493124 
5 3 0 2 6 1 4 
11571540 10499098 11515102 11143746 
4 5 1 3 0 6 2 
11574392 10859906 11230760 11097298 
6 0 2 1 4 3 5 
11574606 11212650 11187236 10948210 
5 3 2 1 0 6 4 
11599474 11114004 11242952 11019408 
1 2 3 6 5 4 0 
11605288 10528176 11440520 12108298 
0 1 5 6 2 3 4 
11609602 10645464 11482536 11050442 
3 4 1 2 6 0 5 
11617038 10543600 11291282 11629808 
5 4 0 3 1 6 2 
11634086 10247514 11587282 11658620 
2 5 6 3 4 1 0 
11644782 11058098 11118378 10943562 
6 1 4 0 5 3 2 
11651784 10657466 11451634 11347540 
5 3 0 4 1 6 2 
11672018 10403358 11441538 11079582 
0 6 1 5 4 3 2 
11678520 10888122 11345590 11006008 
3 4 2 5 1 6 0 
11692234 10796390 11291934 11377216 
5 2 3 4 1 0 6 
11704146 11160010 11234530 10941540 
2 1 3 6 0 5 4 
11704192 10923974 11209192 11186388 
2 3 6 4 0 1 5 
11704594 10777194 11108052 11249378 
3 4 2 5 0 6 1 
11709710 10881358 11187140 10921134 
1 6 4 3 5 2 0 
11721626 11080266 11043216 10930340 
2 4 1 3 0 6 5 
11725886 10514276 11379868 11782996 
1 3 4 0 5 2 6 
11729128 10475652 11256688 11465582 
4 6 3 1 2 5 0 
11733806 10423326 11196448 11222036 
1 0 4 2 5 3 6 
11754106 10865322 11031708 11070264 
0 3 1 5 2 6 4 
11759270 10725258 11434418 11113900 
5 6 3 2 1 4 0 
11790918 10486646 11209254 11166160 
2 4 6 3 0 1 5 
11815358 10591602 11175090 11649568 
2 1 3 6 4 5 0 
11827228 10703270 11188692 11477314 
3 2 6 5 0 1 4 
11830416 10322602 11194446 11394124 
6 0 1 2 5 3 4 
11830494 11114766 11028924 10908594 
5 3 2 4 6 1 0 
11830562 10470942 11165874 11196098 
1 6 3 0 5 2 4 
11831722 10471962 11136570 11109794 
1 4 6 3 5 2 0 
11834902 10861502 10975214 10922682 
6 4 2 1 3 5 0 
11839916 10208372 11213370 11439142 
2 5 3 6 4 1 0 
11844530 10755792 10984994 11158048 
3 2 1 4 0 6 5 
11847306 10742976 11135734 11158434 
3 4 1 5 2 6 0 
11849066 10542718 11089534 11012192 
5 3 0 2 1 6 4 
11854642 10540160 11436036 11063240 
0 1 6 5 2 3 4 
11870854 10664518 11048386 10826492 
4 3 1 0 6 2 5 
11871674 10566366 10997482 10811852 
1 4 3 0 5 2 6 
11872582 10183150 11060780 11195072 
2 5 6 3 0 1 4 
11877442 10588090 10971934 11069024 
5 2 3 0 4 1 6 
11884892 10720234 11025738 10645666 
1 6 2 0 5 3 4 
11889412 10217388 11143258 11126536 
2 5 3 4 1 6 0 
11919584 10948216 10814350 10712756 
6 4 2 1 5 3 0 
11922770 10281742 11056548 11440496 
4 1 3 6 2 5 0 
11927674 10477066 10847480 10848102 
5 3 2 0 6 1 4 
11941934 10387716 10976772 10646956 
6 1 2 4 5 3 0 
11967760 10536802 10766034 10839350 
0 3 6 5 2 1 4 
11971260 10376120 11182562 11001436 
6 4 2 0 5 3 1 
11994588 10236796 10898072 10952004 
2 6 3 1 4 5 0 
12001728 10847728 10872996 10686084 
3 5 4 2 6 1 0 
12034150 10764274 10926138 10708442 
4 3 1 2 6 0 5 
12034710 10397086 10892798 10828160 
5 3 4 2 6 1 0 
12039578 10225268 11221900 10918494 
1 6 4 2 5 3 0 
12049492 10672656 10731716 10410450 
5 4 2 3 0 6 1 
12053956 10648508 11036402 10612086 
4 3 1 5 2 6 0 
12071376 10214538 10900310 10767468 
1 4 3 6 2 5 0 
12104630 10071212 10908502 10940554 
1 0 6 3 5 2 4 
12121840 10459310 10849994 10988022 
4 1 3 0 5 2 6 
12123344 10489608 10741400 10371294 
5 2 3 4 1 6 0 
12142268 10288784 10806194 10814336 
3 4 1 5 0 6 2 
12142574 10058674 10903960 11048870 
6 1 2 0 3 5 4 
12156482 10489606 10944228 10565098 
5 4 2 3 1 6 0 
12180880 10058900 10916236 10824968 
6 0 2 1 5 3 4 
12199150 10461506 10778852 10819530 
1 6 2 4 5 3 0 
12220348 10191654 10824468 10689824 
2 6 5 1 4 3 0 
12239396 10813688 10705656 10329080 
1 6 3 4 5 2 0 
12251152 10329510 10759568 10595466 
0 1 6 4 5 2 3 
12273100 10440532 10976992 10510998 
6 0 1 2 4 3 5 
12296174 10499062 10683372 10768786 
0 4 5 6 2 3 1 
12331590 10023826 11023084 10769202 
2 3 6 5 4 1 0 
12340120 10286140 10805284 10617682 
0 2 6 5 4 1 3 
12397164 10313644 11002456 10610900 
5 2 3 6 1 4 0 
12405670 10186510 10577794 10640634 
3 4 5 1 6 2 0 
12446834 10674486 10718090 10573072 
6 0 2 1 3 5 4 
12453100 10366038 10772606 10572812 
1 0 4 6 5 3 2 
12472704 10181116 10780008 10892246 
4 3 1 5 0 6 2 
12473564 10010098 10586296 10260746 
3 5 2 4 1 6 0 
12474018 10236946 10507010 10326390 
6 2 1 0 4 3 5 
12490844 10385582 10584674 10285356 
1 6 4 0 5 3 2 
12503404 10362466 10607586 10010324 
5 3 2 0 1 6 4 
12519036 10203994 10701818 10257666 
5 3 2 4 0 6 1 
12575764 10208468 10621342 10152188 
2 3 5 6 0 4 1 
12683866 10041764 10583762 10597760 
2 3 6 5 0 1 4 
12728990 9778794 10447004 10202124 
5 3 2 4 1 6 0 
12764188 9604160 10417776 10152070 
2 5 3 6 1 4 0 
12805858 10140358 10302366 10154190 
5 4 3 0 6 2 1 
12849008 10399094 10445062 9867492 
6 1 2 0 5 3 4 
12899652 9917794 10193514 9725016 
