31 3
6 4 0 3 1 5 2 
6965116 12084770 8805252 
6 4 1 3 0 5 2 
6980918 12454114 8167654 
2 4 3 0 1 5 6 
7043998 11264836 9411758 
2 4 3 1 5 0 6 
7048096 12171336 8729696 
3 4 0 6 5 1 2 
7099358 11965824 9407158 
2 4 3 1 0 5 6 
7276572 11893838 8838710 
2 5 6 0 4 1 3 
7381844 11249454 9436890 
5 4 3 0 6 2 1 
7518408 11207048 9546678 
2 1 3 0 4 5 6 
7540842 10731764 9363378 
0 4 3 1 6 2 5 
7543812 11997316 8495904 
5 4 3 0 2 6 1 
7571160 11494298 9193520 
5 4 3 6 0 2 1 
7631706 11676264 9179080 
5 4 3 1 6 2 0 
7700344 11795158 8907190 
2 0 3 1 4 5 6 
7731272 11037832 9069704 
2 4 6 5 1 0 3 
7750336 11550590 8918210 
6 1 0 3 4 5 2 
7830302 11338002 8848688 
0 4 1 3 6 2 5 
7837582 12029138 8411022 
2 1 6 5 4 0 3 
8007848 11038360 8869456 
5 4 0 2 1 6 3 
8045736 11865216 8528810 
1 2 0 3 4 6 5 
8173350 10467866 9392384 
2 5 3 1 4 0 6 
8182850 10643632 9308184 
6 0 1 3 4 5 2 
8348008 10976820 8570088 
2 5 3 0 4 1 6 
8402922 10402612 9872248 
6 5 1 3 4 0 2 
8408970 10801436 9021928 
1 2 5 3 6 4 0 
8597352 10359262 10594214 
2 5 1 0 4 6 3 
8738192 10389934 10353966 
1 6 0 3 4 2 5 
8785556 10658754 9165040 
1 2 5 3 4 6 0 
8791448 10309110 10412274 
2 1 5 0 6 4 3 
9349936 10293686 10117550 
6 1 0 5 2 4 3 
9528426 10281334 10643168 
2 1 5 0 4 6 3 
9642938 10282602 10210674 
