392 3
1 3 0 2 6 4 5 
5844300 11150526 11213204 
1 3 0 6 2 4 5 
5963688 11424852 11083588 
1 3 0 5 6 4 2 
5997182 10963480 11006550 
6 3 0 2 1 4 5 
6103160 10867490 10950444 
1 3 0 6 5 4 2 
6155464 11302020 10914136 
6 1 0 2 3 4 5 
6191216 11043008 10715008 
6 3 0 5 1 4 2 
6242898 10727508 10820534 
1 6 0 3 2 4 5 
6245002 11261104 10689368 
6 1 0 2 5 4 3 
6250004 11020540 10758004 
1 5 0 2 6 4 3 
6268786 10653806 11057632 
6 1 0 3 5 4 2 
6284414 11310080 10646266 
1 5 4 2 6 0 3 
6304328 10970944 10704556 
1 6 0 2 3 4 5 
6337186 10926046 10633000 
6 1 0 5 3 4 2 
6346800 10886346 10557020 
1 6 0 5 2 4 3 
6365864 10814290 10642158 
1 3 0 5 2 4 6 
6388812 10677380 10584354 
1 2 0 5 6 4 3 
6407586 10516418 10781634 
1 6 0 3 5 4 2 
6424076 11170246 10528238 
3 1 0 6 2 4 5 
6447498 10926144 10443066 
1 6 0 5 3 4 2 
6481746 10747760 10441092 
2 1 0 6 3 4 5 
6512224 10794164 10302506 
1 5 4 6 2 0 3 
6519596 10587040 10515140 
6 5 0 2 1 4 3 
6523698 10375414 10798616 
5 3 0 6 1 4 2 
6563364 10707764 10425416 
5 1 0 6 3 4 2 
6563526 10678778 10209950 
5 3 0 1 2 4 6 
6599144 10922592 10165520 
6 3 0 2 5 4 1 
6613994 10509110 10435014 
1 5 4 3 6 0 2 
6638016 10406276 10348176 
2 3 0 6 5 4 1 
6701796 10656090 10200104 
3 5 4 6 2 0 1 
6707208 10501812 10155926 
2 3 0 1 5 4 6 
6715910 10897714 10149522 
5 2 4 6 3 0 1 
6725978 10604642 10153398 
5 1 0 2 6 4 3 
6737108 10362640 10315144 
5 3 0 2 6 4 1 
6741830 10273814 10332858 
6 3 0 2 4 1 5 
6760466 10356926 10181066 
1 0 4 3 6 5 2 
6762680 10733052 9908912 
6 2 0 5 1 4 3 
6788850 10121002 10467074 
1 5 0 2 3 4 6 
6789000 10269202 10426048 
1 2 4 3 6 0 5 
6792150 10247814 10211752 
5 4 0 1 6 3 2 
6797112 10657120 10036834 
3 0 4 6 2 5 1 
6813476 10576038 9790806 
5 3 0 2 1 4 6 
6814402 10223262 10256640 
3 1 0 2 5 4 6 
6830654 10327490 10117044 
5 4 0 6 1 3 2 
6837872 10562704 9996448 
1 5 4 3 2 0 6 
6841876 10237866 10050870 
3 0 4 1 2 5 6 
6859450 10507564 9712920 
5 1 0 2 3 4 6 
6860962 10145436 9958960 
2 3 0 5 1 4 6 
6892274 10134170 10203440 
1 3 4 6 2 0 5 
6913708 10086820 10337002 
3 2 4 1 0 5 6 
6918878 10444518 9876840 
3 2 4 6 0 5 1 
6922266 10461032 9867260 
5 1 0 3 2 4 6 
6923926 10441854 9945324 
5 2 4 1 3 0 6 
6930260 10284026 9931408 
5 4 0 6 3 1 2 
6932182 10511494 9700382 
3 5 4 1 2 0 6 
6935286 10157088 9893284 
2 4 0 6 3 1 5 
6963806 10554664 9695426 
5 1 3 4 2 0 6 
6964538 10077454 10601224 
2 1 0 5 3 4 6 
6965244 10104160 9893528 
6 5 0 2 3 4 1 
6975744 10039502 10240190 
3 2 4 6 5 0 1 
6983822 10219140 9863900 
3 0 4 1 6 5 2 
6985046 10397638 9820158 
1 0 4 3 2 5 6 
7006640 10538542 9547706 
1 5 2 0 6 4 3 
7007620 9915698 10398416 
2 3 0 5 6 4 1 
7012198 10026146 10147370 
1 0 4 2 3 5 6 
7014192 10462280 9814000 
5 4 0 2 3 1 6 
7033506 10275652 9648360 
1 3 4 6 5 0 2 
7051132 10003892 10203670 
6 2 4 1 5 0 3 
7051792 10022852 10084116 
3 5 0 2 6 4 1 
7077220 9981616 10292374 
5 2 0 6 3 4 1 
7084036 10121608 9842676 
3 5 4 1 6 0 2 
7100982 10021062 9936622 
1 4 0 5 6 3 2 
7111928 10494752 9547884 
1 0 4 6 2 5 3 
7113664 10236466 9576420 
1 2 4 3 5 0 6 
7120732 10028450 9789436 
1 2 5 0 6 4 3 
7139416 9834512 10156354 
5 6 0 2 1 4 3 
7142394 9965426 9971060 
2 1 0 6 4 3 5 
7145014 10194870 9782724 
6 2 4 3 5 0 1 
7161840 10001722 9854410 
3 6 0 2 5 4 1 
7167316 9976184 9845434 
1 6 4 3 2 0 5 
7174898 9921746 9945746 
2 4 0 5 3 1 6 
7178690 10225910 9528052 
6 4 0 5 1 3 2 
7187076 10443838 9493106 
3 2 4 1 5 0 6 
7187732 9899856 9644082 
5 6 0 2 3 4 1 
7193676 9798774 9691094 
6 1 0 5 4 3 2 
7196110 10218402 9597198 
6 4 0 2 1 3 5 
7203898 10346320 9464176 
1 2 4 6 0 5 3 
7210218 10046756 9634520 
6 1 0 2 4 3 5 
7218746 10114764 9557966 
5 2 6 1 0 3 4 
7241528 10336692 9488638 
2 0 4 1 3 5 6 
7255296 10233918 9527978 
6 2 0 5 3 4 1 
7265082 9724208 9892802 
2 6 0 5 1 4 3 
7272680 9796618 9878732 
3 0 4 6 5 2 1 
7299942 10035416 9435912 
3 2 0 5 6 4 1 
7323050 9706618 9964112 
3 4 2 0 5 6 1 
7339110 10010952 9621288 
5 6 3 4 0 1 2 
7343730 10296818 9412784 
3 2 4 1 6 0 5 
7354918 9710812 9725694 
1 0 4 6 5 2 3 
7384680 9957164 9503140 
5 6 0 2 3 1 4 
7393090 9872698 9641270 
5 4 0 2 3 6 1 
7408840 9809744 9635544 
6 2 4 3 0 5 1 
7419136 9977904 9343022 
6 0 4 3 2 5 1 
7423206 10297246 9214296 
3 2 5 0 1 4 6 
7431500 9668364 10010064 
3 1 2 0 5 6 4 
7434050 9781860 9691202 
5 1 3 4 6 0 2 
7437406 9670284 9961720 
2 6 4 1 5 0 3 
7441950 9602024 9847314 
2 6 0 3 5 4 1 
7442418 9917446 9583718 
5 4 2 1 0 6 3 
7444052 9879348 9522828 
2 3 4 6 0 5 1 
7444332 9865396 9368780 
2 6 0 5 3 4 1 
7450174 9525994 9512030 
1 2 6 3 4 5 0 
7488410 10050134 9294914 
3 1 4 6 2 0 5 
7507328 9483042 9841840 
3 6 5 0 2 4 1 
7532026 9520636 9548758 
5 3 4 1 0 2 6 
7535860 9790346 9416076 
1 0 6 3 4 2 5 
7538310 9886444 9350808 
3 1 4 6 5 0 2 
7542726 9443204 9779398 
1 0 2 5 4 6 3 
7559650 9670512 9457726 
1 0 2 3 4 6 5 
7562306 9644834 9440318 
1 0 6 5 4 2 3 
7565684 9831262 9347806 
1 6 0 5 4 3 2 
7567864 9811958 9143860 
3 6 2 0 5 4 1 
7585042 9515852 9484372 
6 2 4 1 0 5 3 
7590488 9588034 9261328 
2 6 4 1 3 0 5 
7590942 9475372 9667584 
1 6 0 2 4 3 5 
7601524 9729944 9138548 
1 2 0 5 4 6 3 
7641686 9515252 9617744 
1 5 0 2 4 6 3 
7642802 9446448 9724896 
3 6 4 1 5 0 2 
7658846 9297754 9457230 
3 6 4 1 2 0 5 
7660336 9244736 9495504 
5 2 1 6 0 3 4 
7670164 9970436 9032852 
4 0 3 2 1 6 5 
7677408 9567388 9442994 
6 5 4 3 0 2 1 
7687534 9707836 9201606 
2 0 4 1 6 5 3 
7697204 9897084 9119402 
5 2 1 4 3 0 6 
7705502 9581294 9407446 
5 3 4 6 0 2 1 
7714248 9542472 9230224 
2 5 1 6 0 3 4 
7720056 9940040 9018168 
2 6 0 5 3 1 4 
7727108 9535760 9379994 
1 2 0 5 4 3 6 
7739346 9605956 9116560 
5 1 3 2 0 6 4 
7742118 9493696 9288880 
6 5 4 1 0 2 3 
7744350 9491716 9236116 
3 6 2 1 4 5 0 
7753006 9854316 9111928 
2 5 4 6 0 3 1 
7754554 9807870 9027274 
3 6 0 2 4 1 5 
7776500 9581548 9221546 
5 1 6 4 3 2 0 
7784034 9374976 9421952 
5 4 6 1 0 2 3 
7785750 9321358 9451356 
5 0 4 1 6 2 3 
7792132 9794860 9050166 
5 2 4 1 0 3 6 
7805974 9733270 8965222 
3 2 0 6 4 1 5 
7814244 9603874 9198374 
5 2 4 6 0 3 1 
7814618 9742896 8951586 
3 6 2 0 5 1 4 
7822950 9442294 9198342 
5 6 2 1 0 4 3 
7839688 9863524 8917162 
3 6 5 0 2 1 4 
7849392 9397710 9212034 
3 6 0 5 4 1 2 
7864604 9503990 9132894 
6 5 4 1 0 3 2 
7866080 9640554 9101800 
4 6 0 2 1 3 5 
7871182 9667016 9076846 
2 4 0 5 3 6 1 
7876264 9493306 9173492 
2 0 1 4 3 5 6 
7879050 9721882 9068000 
5 6 1 4 0 2 3 
7879340 9281444 9380138 
2 1 4 6 0 5 3 
7880678 9278632 9200768 
2 6 4 3 0 5 1 
7887658 9533890 9089840 
1 2 6 5 0 3 4 
7887820 9847216 8946600 
1 0 6 2 4 5 3 
7891238 9669958 9022364 
5 4 2 1 3 6 0 
7907820 9692818 8977116 
6 2 5 3 4 1 0 
7907900 9484822 9195536 
3 0 6 1 2 5 4 
7910292 9831866 8916702 
2 3 1 4 6 0 5 
7912250 9228088 9677660 
2 6 1 4 0 3 5 
7912908 9460074 9186112 
5 2 3 6 0 1 4 
7914604 9764090 8821978 
3 0 6 1 4 2 5 
7916230 9496858 9119042 
5 6 3 2 0 1 4 
7923320 9534854 8806830 
1 6 2 3 4 5 0 
7931512 9703566 8776106 
3 2 0 5 4 1 6 
7933522 9374504 9198390 
0 4 5 3 2 6 1 
7935614 9445834 9141944 
4 0 2 5 1 6 3 
7937310 9372272 9183004 
2 6 1 4 5 0 3 
7952812 9150174 9674992 
0 3 4 1 2 5 6 
7959236 9528632 9115624 
5 1 6 4 3 0 2 
7965158 9132968 9643540 
1 3 0 5 4 2 6 
7970070 9465764 9111462 
2 6 1 4 0 5 3 
7977548 9202428 9248068 
4 0 6 3 1 2 5 
7985848 9495782 9071276 
3 1 0 2 4 6 5 
7994890 9345752 9200578 
5 6 1 4 3 0 2 
8011990 9102330 9280670 
6 2 5 0 3 4 1 
8027868 9098488 9545214 
1 0 5 3 4 6 2 
8028314 9320530 9070804 
4 0 6 5 1 2 3 
8034736 9363566 8942660 
2 6 4 1 0 5 3 
8037846 9102506 8943026 
1 5 0 6 4 3 2 
8039686 9246986 8898456 
5 4 3 2 0 1 6 
8041928 9416144 8818936 
5 6 2 3 0 4 1 
8068136 9443672 8795428 
1 4 2 3 6 5 0 
8084814 9724284 8770530 
1 2 0 6 4 3 5 
8098364 9208518 8747448 
2 1 6 4 5 0 3 
8099376 9082488 9799622 
5 6 4 1 0 2 3 
8103654 9036682 8964426 
6 5 1 2 0 3 4 
8108840 9625966 8674834 
1 6 3 5 4 0 2 
8110372 9529060 8743552 
6 3 1 4 2 0 5 
8121788 8987998 9568298 
1 6 3 2 4 0 5 
8135716 9469438 8743892 
4 0 1 2 6 5 3 
8176344 9386920 8742976 
5 6 2 0 3 4 1 
8184310 8932540 9137588 
5 1 4 6 0 2 3 
8185622 8929576 9030520 
2 4 3 5 0 1 6 
8193844 9351822 8688836 
2 6 5 3 0 4 1 
8195270 9321638 8738154 
6 2 4 5 0 3 1 
8206736 9569266 8613020 
0 4 5 3 2 1 6 
8224292 9244726 8729992 
1 6 5 3 4 2 0 
8227566 9347896 8643730 
5 6 4 1 0 3 2 
8240408 9172688 8812990 
5 4 6 1 3 2 0 
8244778 9138308 8908794 
1 0 6 3 2 5 4 
8248500 9630702 8577456 
2 1 3 5 0 6 4 
8252892 9106986 8789700 
2 6 3 5 0 1 4 
8264070 9183336 8535762 
4 0 6 5 3 2 1 
8293978 9139474 8740238 
3 2 1 4 5 0 6 
8322466 8942426 8999364 
2 6 5 0 3 4 1 
8323360 8811874 9083842 
4 0 2 5 3 6 1 
8325164 9053756 8895112 
6 2 0 1 4 3 5 
8325438 9093788 8600680 
2 4 1 6 0 5 3 
8329562 8943280 8969330 
2 6 1 4 3 0 5 
8330824 8770906 9085108 
5 6 1 4 3 2 0 
8334012 8897482 9010586 
1 3 0 6 4 2 5 
8335680 9058326 8735662 
6 0 1 3 2 5 4 
8347530 9741944 8512482 
1 5 2 0 6 3 4 
8365610 9043924 8896136 
2 4 1 6 0 3 5 
8391296 9078788 8720990 
0 6 5 1 2 4 3 
8411816 9371368 8498190 
3 5 6 0 2 4 1 
8413134 8924008 9002974 
3 0 5 2 4 6 1 
8425670 8922366 8895292 
5 3 2 0 6 4 1 
8428632 8793384 9028536 
3 2 6 0 5 1 4 
8430584 9075704 8597558 
2 6 1 4 3 5 0 
8430996 8822282 8892340 
4 0 6 2 1 5 3 
8432710 9128516 8571522 
6 2 1 5 0 3 4 
8432780 9346544 8356734 
1 0 3 5 2 6 4 
8435296 9162464 8546660 
1 3 2 6 4 5 0 
8438480 9272124 8493784 
4 0 5 3 1 6 2 
8440458 9050568 8885486 
1 0 2 3 4 5 6 
8442136 9196370 8512052 
0 6 4 1 5 2 3 
8451230 8951332 8883580 
1 3 0 6 4 5 2 
8462756 9098752 8511770 
1 3 6 4 5 0 2 
8464930 8739954 9378466 
5 2 4 1 0 6 3 
8468352 9000998 8634692 
4 2 5 0 6 3 1 
8468652 8995988 8847110 
3 2 6 0 5 4 1 
8469232 8903646 8856932 
5 1 3 2 0 4 6 
8469858 9076432 8520536 
1 6 0 3 4 5 2 
8474944 9344866 8435316 
2 1 6 4 3 0 5 
8480304 8701480 9203330 
6 1 2 3 4 5 0 
8481726 9309312 8474048 
0 6 1 4 5 3 2 
8488540 8979868 8710154 
2 3 5 0 6 4 1 
8495996 8773312 9060638 
5 3 1 2 0 6 4 
8499260 9020504 8611548 
2 6 4 1 0 3 5 
8500646 8881986 8658990 
1 3 6 4 2 0 5 
8501086 8631418 9200932 
4 2 0 6 1 3 5 
8509870 9014214 8623390 
6 2 1 4 3 0 5 
8513880 8750800 8905104 
0 1 5 3 2 4 6 
8519456 9005642 8481652 
5 4 1 6 0 2 3 
8528018 8670928 8863648 
2 4 3 5 0 6 1 
8537752 8838954 8559914 
6 2 3 5 0 1 4 
8547272 8976398 8388284 
4 0 5 2 1 6 3 
8556482 8837162 8720006 
0 6 5 3 2 4 1 
8592700 8902430 8368492 
1 6 3 4 2 0 5 
8599578 8668314 8966406 
4 2 1 3 6 0 5 
8603032 8826122 8663050 
4 6 3 5 1 0 2 
8617048 9021202 8329656 
4 2 0 5 3 6 1 
8623166 8794840 8856264 
1 0 3 6 4 2 5 
8624824 8877776 8474566 
3 1 6 4 5 0 2 
8627532 8442698 9194382 
0 6 2 3 5 4 1 
8638984 8912226 8313898 
1 5 0 6 4 2 3 
8647138 8709704 8699858 
4 0 3 5 1 2 6 
8652636 8873164 8503626 
3 6 1 4 5 0 2 
8671724 8413152 8832028 
5 6 3 2 0 4 1 
8672728 8871418 8251308 
3 2 1 4 6 0 5 
8680392 8542990 8739378 
3 6 1 4 2 0 5 
8706874 8323006 8810020 
2 3 4 1 0 6 5 
8713928 8800010 8640534 
1 2 5 0 6 3 4 
8718186 8766658 8632794 
1 0 2 6 4 3 5 
8721398 8750524 8499500 
3 1 6 4 2 0 5 
8765714 8291072 8945958 
3 0 2 5 6 1 4 
8767484 8805944 8430344 
4 2 1 6 3 0 5 
8770514 8800450 8469754 
6 2 3 5 0 4 1 
8772196 8758872 8424294 
1 0 3 6 4 5 2 
8772816 8899626 8248658 
4 5 1 3 2 0 6 
8774512 8740116 8603454 
5 2 4 3 0 6 1 
8775296 8764060 8347290 
6 5 3 4 1 0 2 
8776948 8656060 8663400 
5 0 4 3 2 6 1 
8792486 9067002 8177728 
0 4 6 1 5 3 2 
8799202 8600372 8552374 
1 5 2 3 4 0 6 
8802910 8712342 8482216 
1 0 2 6 4 5 3 
8813340 8824364 8138946 
6 2 3 1 4 0 5 
8813344 8765692 8305672 
6 0 1 3 5 2 4 
8815330 9201628 8125448 
1 2 0 6 4 5 3 
8832892 8711662 8324958 
5 3 4 2 0 6 1 
8841054 8708384 8370406 
4 2 3 5 6 0 1 
8842716 8665222 8403630 
2 5 4 3 0 6 1 
8856122 8719388 8278438 
3 2 6 4 1 0 5 
8857926 8534476 8607404 
4 2 6 3 1 0 5 
8857984 8649938 8418468 
5 6 3 0 2 4 1 
8864226 8591196 8597960 
4 0 3 5 6 2 1 
8882814 8699522 8205888 
4 5 6 3 1 0 2 
8887844 8604814 8524646 
0 4 1 6 5 2 3 
8892030 8511270 8747432 
3 4 6 1 2 0 5 
8898718 8376584 8694792 
1 5 3 4 6 0 2 
8915916 8427774 8537976 
0 4 6 1 2 3 5 
8929734 8467268 8295940 
3 6 2 1 4 0 5 
8931230 8695604 8224256 
2 3 1 5 0 6 4 
8931638 8698568 8200216 
5 0 1 2 3 6 4 
8934754 8847102 8093114 
2 6 3 5 0 4 1 
8935958 8584058 8062452 
1 2 3 4 6 0 5 
8972770 8327452 8417132 
6 2 3 4 1 0 5 
8973298 8391650 8410268 
4 5 3 2 1 0 6 
8974470 8541752 8278960 
5 0 6 3 2 1 4 
8980812 8942106 7994598 
4 0 3 6 1 2 5 
9012274 8529686 8215218 
5 0 1 3 2 6 4 
9040550 9000688 7907680 
1 0 5 6 4 2 3 
9054122 8487992 8019138 
6 3 2 1 4 5 0 
9063632 8715280 7961360 
5 4 1 2 0 6 3 
9102450 8451812 8280078 
1 0 2 4 6 5 3 
9102848 8692732 8009016 
1 6 5 3 4 0 2 
9103000 8581752 7977222 
2 0 4 3 5 6 1 
9106936 8750946 7913910 
1 0 5 6 4 3 2 
9110172 8436002 8153784 
3 0 6 2 5 1 4 
9118114 8684422 7961238 
4 5 6 3 2 0 1 
9132712 8426916 8396456 
3 0 6 5 2 4 1 
9139072 8434276 8268994 
6 0 3 1 4 2 5 
9145138 8623068 7962678 
0 3 2 5 6 4 1 
9158158 8244422 8287394 
4 0 2 1 6 3 5 
9188254 8472910 8150434 
0 4 3 5 2 1 6 
9191184 8471392 8054980 
6 0 2 1 4 3 5 
9192684 8434016 8079076 
4 2 6 1 3 0 5 
9197986 8377238 8186056 
3 6 5 1 4 0 2 
9202296 8571664 7991796 
5 3 6 0 2 4 1 
9206338 8339902 8234052 
2 5 6 0 3 4 1 
9207988 8213790 8537370 
2 3 4 5 0 6 1 
9208050 8465906 8018642 
3 0 1 2 5 6 4 
9210232 8530260 7849608 
6 0 5 3 4 2 1 
9213308 8510322 7922328 
3 0 6 5 2 1 4 
9214416 8518946 7826302 
4 0 2 3 1 5 6 
9226580 8493112 7999382 
4 0 3 6 1 5 2 
9235848 8466468 7925152 
1 2 5 3 4 0 6 
9255872 8377490 7949402 
2 0 6 3 5 1 4 
9269852 8728238 7810746 
6 0 2 1 4 5 3 
9275506 8515404 7728194 
4 5 3 6 1 0 2 
9278142 8297824 8006026 
4 2 3 6 1 0 5 
9285658 8320610 7893862 
1 3 2 4 6 0 5 
9295500 8075568 8479420 
5 1 6 0 2 4 3 
9351988 8224026 8231982 
2 0 1 5 3 6 4 
9370552 8531358 7680198 
6 3 5 1 4 2 0 
9372474 8420728 7740404 
4 1 2 3 6 0 5 
9384542 8256242 8123288 
4 0 2 3 6 5 1 
9385806 8373022 7753256 
6 3 2 4 1 0 5 
9386668 8102274 8454840 
2 0 1 3 5 6 4 
9410998 8635876 7607652 
4 0 5 3 1 2 6 
9414052 8283864 7930444 
6 5 3 4 1 2 0 
9426806 8229600 8145542 
2 3 6 0 5 4 1 
9430524 8201166 8109642 
0 6 4 1 5 3 2 
9434206 8134910 8013826 
0 6 4 1 2 3 5 
9436920 8078076 8038276 
4 5 3 1 6 0 2 
9437942 8118212 7948254 
0 4 1 6 2 3 5 
9447918 8092828 8013748 
0 5 6 3 2 4 1 
9455196 8321180 7843564 
0 4 1 6 5 3 2 
9457306 8071596 8019598 
4 2 3 1 6 0 5 
9458178 8073582 7854746 
0 2 6 3 5 4 1 
9514714 8307010 7695938 
4 5 0 6 1 2 3 
9530874 7982198 8171608 
5 2 1 3 0 4 6 
9560864 8443936 7672136 
6 0 5 1 4 2 3 
9566744 8242632 7514258 
0 1 4 6 5 3 2 
9574142 7977088 8130786 
2 0 6 5 3 4 1 
9593610 8039250 7952992 
4 0 2 6 1 5 3 
9601380 8108230 7605280 
1 3 5 4 6 0 2 
9632570 7916168 8249154 
4 1 5 3 6 0 2 
9665508 8060752 7917410 
4 0 5 6 3 2 1 
9721460 7981566 7956370 
5 6 1 2 0 4 3 
9738998 8179780 7541050 
0 1 3 5 6 4 2 
9739512 8020554 7819270 
4 3 2 6 1 0 5 
9749788 7989294 7881554 
4 2 0 6 1 5 3 
9758652 7938562 7764374 
0 5 3 2 6 4 1 
9777442 7880816 7979202 
0 1 3 2 5 4 6 
9777680 7954818 7702394 
4 5 2 3 6 0 1 
9785226 7770128 7839750 
4 0 2 1 6 5 3 
9794222 7965494 7355478 
4 5 2 3 1 0 6 
9803242 7774856 7803438 
4 0 5 6 1 2 3 
9822578 7808170 7513420 
0 6 3 5 2 4 1 
9906296 7758948 7500346 
4 5 2 1 6 0 3 
9946442 7737600 7692772 
4 3 2 1 6 0 5 
9947852 7683762 7729962 
0 3 6 5 2 4 1 
9954564 7750440 7465710 
4 6 5 3 1 0 2 
9969168 7819196 7442570 
4 0 5 1 6 2 3 
9984468 7879978 7285666 
0 2 3 5 6 4 1 
9993680 7629254 7668580 
4 2 5 3 6 0 1 
10157596 7487474 7528966 
4 3 5 6 1 0 2 
10191248 7622812 7494624 
4 2 5 6 1 0 3 
10197714 7697528 7345798 
4 2 5 3 1 0 6 
10278644 7430722 7266238 
0 2 1 3 5 4 6 
10396370 7692114 7029396 
0 6 1 2 5 4 3 
10572002 7516020 7073812 
0 3 1 2 5 4 6 
10575960 7382458 7034174 
0 3 1 5 2 4 6 
10617168 7327440 7020688 
