120 4
3 1 0 4 2 
4446056 5860240 5860240 5860240 
3 4 0 1 2 
4511536 5794760 5794760 5794760 
1 4 0 3 2 
4534828 5771468 5771468 5771468 
3 2 0 4 1 
4560166 5746130 5746130 5746130 
2 3 0 4 1 
4604904 5701392 5701392 5701392 
3 1 2 4 0 
4638280 5668016 5668016 5668016 
3 4 2 1 0 
4645696 5660600 5660600 5660600 
2 1 0 4 3 
4664180 5642116 5642116 5642116 
1 4 2 3 0 
4670234 5636062 5636062 5636062 
1 3 0 4 2 
4676476 5629820 5629820 5629820 
2 4 0 1 3 
4714540 5591756 5591756 5591756 
3 2 1 4 0 
4745108 5561188 5561188 5561188 
0 3 2 4 1 
4758402 5547894 5547894 5547894 
2 4 0 3 1 
4769184 5537112 5537112 5537112 
4 2 0 3 1 
4770364 5535932 5535932 5535932 
1 4 0 2 3 
4777878 5528418 5528418 5528418 
4 1 0 3 2 
4786152 5520144 5520144 5520144 
0 1 2 4 3 
4802548 5503748 5503748 5503748 
3 4 0 2 1 
4809230 5497066 5497066 5497066 
1 2 0 4 3 
4849862 5456434 5456434 5456434 
4 3 0 2 1 
4855148 5451148 5451148 5451148 
0 3 1 4 2 
4863004 5443292 5443292 5443292 
1 3 2 4 0 
4883474 5422822 5422822 5422822 
0 2 1 4 3 
4906680 5399616 5399616 5399616 
2 3 1 4 0 
4916504 5389792 5389792 5389792 
2 4 1 3 0 
4916928 5389368 5389368 5389368 
0 4 1 2 3 
4945576 5360720 5360720 5360720 
3 4 1 2 0 
4946292 5360004 5360004 5360004 
3 0 1 4 2 
4956232 5350064 5350064 5350064 
3 0 2 4 1 
4963514 5342782 5342782 5342782 
1 2 0 3 4 
4968016 5338280 5338280 5338280 
4 2 1 3 0 
4970398 5335898 5335898 5335898 
4 1 2 3 0 
4984970 5321326 5321326 5321326 
0 4 2 1 3 
4987372 5318924 5318924 5318924 
4 3 0 1 2 
4993280 5313016 5313016 5313016 
0 2 3 4 1 
5001706 5304590 5304590 5304590 
0 1 3 4 2 
5002176 5304120 5304120 5304120 
1 3 0 2 4 
5037680 5268616 5268616 5268616 
4 1 0 2 3 
5050742 5255554 5255554 5255554 
2 4 3 1 0 
5052888 5253408 5253408 5253408 
2 1 3 4 0 
5056032 5250264 5250264 5250264 
4 3 2 0 1 
5078768 5227528 5227528 5227528 
4 0 2 3 1 
5079512 5226784 5226784 5226784 
4 0 1 3 2 
5080728 5225568 5225568 5225568 
3 2 0 1 4 
5081042 5225254 5225254 5225254 
0 4 2 3 1 
5088474 5217822 5217822 5217822 
0 4 1 3 2 
5100812 5205484 5205484 5205484 
2 3 0 1 4 
5104240 5202056 5202056 5202056 
1 4 3 2 0 
5106790 5199506 5199506 5199506 
2 4 1 0 3 
5111144 5195152 5195152 5195152 
1 2 3 4 0 
5129830 5176466 5176466 5176466 
0 4 3 2 1 
5137426 5168870 5168870 5168870 
4 3 1 2 0 
5171158 5135138 5135138 5135138 
2 0 1 4 3 
5171304 5134992 5134992 5134992 
4 2 0 1 3 
5173086 5133210 5133210 5133210 
4 3 1 0 2 
5182432 5123864 5123864 5123864 
0 4 3 1 2 
5191560 5114736 5114736 5114736 
4 3 2 1 0 
5205626 5100670 5100670 5100670 
1 4 2 0 3 
5216278 5090018 5090018 5090018 
2 1 0 3 4 
5218160 5088136 5088136 5088136 
2 0 3 4 1 
5251556 5054740 5054740 5054740 
1 0 2 4 3 
5252854 5053442 5053442 5053442 
3 1 0 2 4 
5264626 5041670 5041670 5041670 
4 1 2 0 3 
5278278 5028018 5028018 5028018 
1 0 2 3 4 
5278692 5027604 5027604 5027604 
3 4 2 0 1 
5292842 5013454 5013454 5013454 
3 4 1 0 2 
5295744 5010552 5010552 5010552 
2 4 3 0 1 
5301748 5004548 5004548 5004548 
1 0 3 4 2 
5325824 4980472 4980472 4980472 
0 3 1 2 4 
5388638 4917658 4917658 4917658 
4 2 1 0 3 
5395810 4910486 4910486 4910486 
3 0 2 1 4 
5409518 4896778 4896778 4896778 
1 4 3 0 2 
5409784 4896512 4896512 4896512 
4 1 3 2 0 
5438086 4868210 4868210 4868210 
2 3 1 0 4 
5453412 4852884 4852884 4852884 
1 3 2 0 4 
5455356 4850940 4850940 4850940 
0 3 2 1 4 
5457142 4849154 4849154 4849154 
4 2 3 1 0 
5457982 4848314 4848314 4848314 
4 1 3 0 2 
5466804 4839492 4839492 4839492 
4 2 3 0 1 
5480672 4825624 4825624 4825624 
4 0 1 2 3 
5494866 4811430 4811430 4811430 
4 0 2 1 3 
5499678 4806618 4806618 4806618 
2 0 1 3 4 
5513996 4792300 4792300 4792300 
4 0 3 2 1 
5566200 4740096 4740096 4740096 
4 0 3 1 2 
5572228 4734068 4734068 4734068 
0 2 1 3 4 
5587550 4718746 4718746 4718746 
0 1 2 3 4 
5602390 4703906 4703906 4703906 
1 2 4 3 0 
5648090 4658206 4658206 4658206 
0 1 3 2 4 
5652662 4653634 4653634 4653634 
2 0 3 1 4 
5681900 4624396 4624396 4624396 
0 2 3 1 4 
5706326 4599970 4599970 4599970 
3 0 1 2 4 
5713062 4593234 4593234 4593234 
3 1 2 0 4 
5731430 4574866 4574866 4574866 
2 1 3 0 4 
5735236 4571060 4571060 4571060 
1 0 3 2 4 
5750140 4556156 4556156 4556156 
3 2 4 1 0 
5750952 4555344 4555344 4555344 
1 0 4 3 2 
5823360 4482936 4482936 4482936 
1 3 4 2 0 
5838290 4468006 4468006 4468006 
3 2 1 0 4 
5851390 4454906 4454906 4454906 
1 2 3 0 4 
5857140 4449156 4449156 4449156 
0 3 4 2 1 
5873238 4433058 4433058 4433058 
2 3 4 1 0 
5905788 4400508 4400508 4400508 
2 1 4 3 0 
5909356 4396940 4396940 4396940 
2 3 4 0 1 
5943360 4362936 4362936 4362936 
3 1 4 2 0 
5944720 4361576 4361576 4361576 
3 0 4 1 2 
5945268 4361028 4361028 4361028 
0 1 4 2 3 
5945412 4360884 4360884 4360884 
2 1 4 0 3 
6034580 4271716 4271716 4271716 
0 3 4 1 2 
6046344 4259952 4259952 4259952 
1 3 4 0 2 
6048968 4257328 4257328 4257328 
2 0 4 3 1 
6057448 4248848 4248848 4248848 
0 2 4 3 1 
6067590 4238706 4238706 4238706 
0 2 4 1 3 
6091340 4214956 4214956 4214956 
0 1 4 3 2 
6094768 4211528 4211528 4211528 
2 0 4 1 3 
6145100 4161196 4161196 4161196 
3 1 4 0 2 
6219300 4086996 4086996 4086996 
1 0 4 2 3 
6221838 4084458 4084458 4084458 
3 0 4 2 1 
6256094 4050202 4050202 4050202 
1 2 4 0 3 
6257246 4049050 4049050 4049050 
3 2 4 0 1 
6336358 3969938 3969938 3969938 
