90 2
4 7 1 3 5 0 2 6 
9756888 15278826 
4 6 2 3 5 0 1 7 
9855856 15124986 
4 7 2 3 5 0 1 6 
9857952 14973250 
4 6 2 3 5 0 7 1 
10073422 14767042 
0 6 2 3 5 4 7 1 
10230236 14722302 
0 7 2 3 5 4 1 6 
10233982 14678738 
4 7 1 3 5 6 2 0 
10257092 14378502 
1 3 5 7 2 6 4 0 
10511142 14296226 
4 6 1 3 5 7 2 0 
10571826 14130702 
5 2 1 3 4 0 7 6 
10638460 14091290 
4 7 2 3 5 6 1 0 
10713656 13619782 
0 6 4 2 5 1 3 7 
10998182 13607384 
5 1 7 3 4 0 2 6 
11025886 13466032 
5 2 7 3 4 0 1 6 
11044270 13424474 
4 6 2 3 5 7 1 0 
11070530 13305762 
6 1 7 3 4 0 2 5 
11278442 13221758 
0 7 2 3 5 6 1 4 
11306054 12985688 
0 1 2 3 5 6 7 4 
11443556 12941842 
0 6 2 3 5 7 1 4 
11504444 12866436 
0 6 4 2 5 7 3 1 
11548176 12796394 
7 1 5 3 4 0 2 6 
11651362 12784904 
0 6 2 3 5 1 7 4 
11655230 12778970 
7 2 5 3 4 0 1 6 
11694188 12722908 
7 2 6 3 4 0 1 5 
11760594 12693362 
0 7 4 2 5 6 3 1 
11793882 12640722 
1 6 4 2 5 7 3 0 
11850460 12606272 
2 6 4 1 5 7 3 0 
11900864 12509252 
4 3 0 2 5 7 6 1 
11973476 12393512 
6 3 5 7 2 0 4 1 
12014454 12379776 
7 3 5 1 2 0 4 6 
12041370 12304530 
2 7 4 3 5 1 6 0 
12072754 12269676 
5 4 7 1 2 0 3 6 
12171210 12235416 
2 7 0 3 5 1 6 4 
12192734 12145420 
2 1 4 3 5 7 6 0 
12205714 12143770 
0 3 4 2 5 7 6 1 
12250016 12081626 
0 3 4 2 5 6 7 1 
12365312 12022856 
6 3 5 1 2 0 4 7 
12375334 11980478 
7 0 5 1 2 3 4 6 
12439884 11975464 
2 7 4 0 5 1 6 3 
12451976 11954756 
2 6 4 3 5 1 7 0 
12491092 11886528 
4 7 2 0 5 6 1 3 
12530286 11867496 
0 7 4 1 5 6 3 2 
12567408 11834942 
2 1 4 0 5 7 6 3 
12597248 11792294 
3 7 2 4 5 6 1 0 
12615866 11700006 
7 2 5 6 4 0 3 1 
12765304 11685724 
6 4 7 1 2 0 3 5 
12784014 11613206 
1 0 5 7 4 2 3 6 
12788106 11611690 
2 1 0 4 5 7 6 3 
12817638 11531284 
3 6 2 4 5 7 1 0 
12821558 11509196 
3 7 2 0 5 6 1 4 
12916730 11394396 
3 1 2 4 5 6 7 0 
12945504 11385960 
7 0 5 1 4 2 3 6 
12992690 11327374 
0 6 2 4 5 7 1 3 
13056174 11312978 
3 6 2 0 5 7 1 4 
13091966 11294014 
1 3 5 7 4 2 0 6 
13132918 11261214 
7 3 5 1 0 2 4 6 
13161118 11175836 
3 1 4 0 5 6 7 2 
13210914 11136608 
2 1 3 4 5 7 6 0 
13359292 11082654 
7 3 5 1 4 2 0 6 
13375274 10948170 
3 1 2 4 5 7 6 0 
13560898 10894248 
3 1 0 4 6 5 7 2 
13670970 10859658 
0 1 2 4 6 5 7 3 
13690802 10825664 
3 7 2 0 5 1 6 4 
13757242 10774130 
4 1 2 0 5 7 6 3 
13816304 10771058 
0 1 2 4 5 7 6 3 
13836674 10655778 
2 6 3 4 5 1 7 0 
14011162 10581650 
2 6 3 4 5 7 1 0 
14044254 10506624 
1 6 7 5 4 2 0 3 
14173636 10497924 
3 1 0 4 7 5 6 2 
14196006 10444530 
1 3 7 5 4 2 0 6 
14202004 10433728 
4 6 2 0 1 5 7 3 
14207462 10414678 
0 1 3 4 5 7 6 2 
14246338 10317946 
0 1 3 4 5 6 7 2 
14251882 10269046 
4 1 3 0 6 5 7 2 
14444138 10239092 
0 7 2 4 1 5 6 3 
14524500 10198936 
0 1 3 4 6 5 7 2 
14539246 10110068 
0 7 2 4 1 6 5 3 
14727756 10096356 
7 3 1 5 0 2 4 6 
14744060 10095222 
3 1 6 5 2 4 0 7 
14803876 10090186 
3 7 0 4 1 6 5 2 
14805172 10079332 
0 6 2 4 1 7 5 3 
14836686 9982346 
0 1 3 4 6 7 5 2 
14865592 9936954 
4 1 3 0 7 5 6 2 
14881980 9921082 
0 1 3 4 7 5 6 2 
15028412 9728702 
5 7 3 6 1 4 0 2 
15257738 9702426 
0 7 3 4 1 5 6 2 
15318208 9575472 
0 1 3 4 7 6 5 2 
15360302 9506688 
5 1 3 6 7 4 0 2 
15635092 9495070 
6 1 3 5 7 0 4 2 
15672762 9475066 
0 7 3 4 1 6 5 2 
15723104 9295676 
