111 3
6 4 3 1 0 5 2 
7045246 8898168 10499752 
4 6 3 1 0 5 2 
7061844 8732200 10317680 
6 1 3 4 0 5 2 
7094928 8558376 10240654 
6 4 0 1 3 5 2 
7149268 8269260 9990860 
2 4 0 1 3 5 6 
7323554 8917302 9880398 
1 6 2 4 0 5 3 
7380444 8070330 10304104 
6 4 0 1 3 2 5 
7390042 8224020 9963138 
4 6 3 1 2 5 0 
7408192 8248090 8914104 
4 6 5 1 2 3 0 
7445694 7970412 9527298 
1 6 5 4 0 2 3 
7479610 7922980 10451376 
4 6 2 1 5 3 0 
7496580 7782742 9249870 
4 6 2 1 3 5 0 
7497862 7809472 9052088 
6 1 0 4 3 5 2 
7572876 7509258 10216526 
4 1 3 6 2 5 0 
7611956 7899114 8856968 
4 6 3 1 5 2 0 
7616414 7888608 8842256 
4 1 5 6 2 3 0 
7650850 7623188 9465650 
4 6 5 1 3 2 0 
7655198 7637660 9257668 
4 2 6 1 3 5 0 
7691834 8463610 8616014 
4 3 6 1 2 5 0 
7699446 8450962 8690292 
4 2 6 1 5 3 0 
7788702 8330280 8675606 
6 4 5 1 2 3 0 
7797242 7539478 9139150 
6 1 0 4 3 2 5 
7809774 7461876 10180848 
6 4 0 1 5 3 2 
7827402 7482600 9128294 
4 1 2 6 3 5 0 
7828110 7318356 9158928 
4 1 2 6 5 3 0 
7831904 7289238 9356974 
1 4 5 6 2 3 0 
7855270 7405202 8824400 
1 6 5 4 2 3 0 
7860302 7173590 8852838 
1 6 2 4 5 3 0 
7909760 7019274 8547054 
3 2 4 5 6 1 0 
7916424 8569384 8429926 
6 1 0 4 5 3 2 
7957448 6860704 9338692 
4 3 1 6 2 5 0 
7997162 8247314 8287972 
6 1 5 4 2 3 0 
8007430 6960642 9105940 
4 3 6 1 5 2 0 
8017898 7971760 8463246 
1 4 2 6 3 5 0 
8020776 6940996 9296094 
3 5 4 2 6 1 0 
8065702 8313366 8274202 
4 2 1 3 6 5 0 
8067830 8432340 7952712 
1 6 2 4 3 5 0 
8162964 6750360 9130716 
6 1 2 4 5 3 0 
8181120 6798694 8851036 
4 2 6 3 1 5 0 
8199888 8059750 7863178 
4 6 2 3 1 5 0 
8221626 8024252 8316346 
6 0 4 5 1 3 2 
8234208 7945626 8442502 
1 6 0 4 5 3 2 
8248988 6618840 9309232 
3 4 5 1 2 6 0 
8274880 7606972 8142142 
1 6 5 4 3 2 0 
8284702 6588646 9249800 
4 5 6 3 1 2 0 
8336266 7987258 8029406 
1 5 4 6 2 3 0 
8348518 8837462 7736932 
6 1 3 4 5 2 0 
8411566 6946892 8441150 
3 4 5 6 2 1 0 
8419694 7471594 7881110 
6 1 2 4 3 5 0 
8433604 6527056 9447946 
6 1 5 4 3 2 0 
8456550 6469222 9048054 
3 4 2 1 5 6 0 
8461780 7379466 7946230 
3 1 5 4 2 6 0 
8466276 7032196 8114732 
3 6 5 4 2 1 0 
8473002 7229552 7894648 
1 2 6 4 5 3 0 
8496050 7547296 7867118 
1 2 4 5 6 3 0 
8515848 8592208 7408772 
1 4 0 6 5 3 2 
8521814 6855482 8812774 
3 6 2 4 5 1 0 
8556932 7133060 7553836 
1 5 4 2 6 3 0 
8620090 8345920 7266948 
3 1 2 4 5 6 0 
8621862 6839880 7878224 
2 5 4 0 1 3 6 
8666056 6352292 9173804 
5 0 4 2 1 3 6 
8705328 6769754 8984520 
1 3 2 4 5 6 0 
8718770 6669702 8400912 
3 2 6 4 5 1 0 
8815994 7676548 7541380 
1 5 4 3 6 2 0 
8819972 8235640 7347516 
1 2 4 3 6 5 0 
8820020 8185380 7326800 
5 2 4 0 1 3 6 
8829934 6158816 9296746 
5 2 6 0 1 3 4 
8849218 6351430 8941792 
1 3 4 2 6 5 0 
8864566 7866044 7532840 
3 6 2 1 5 4 0 
8878634 7830382 7314704 
6 5 1 0 3 2 4 
8923950 6641136 8856746 
6 3 2 4 5 1 0 
8925200 6742302 8380506 
5 6 3 1 2 4 0 
8959646 8201290 7107686 
3 6 0 4 5 1 2 
8964746 6739710 8356264 
1 2 5 4 3 6 0 
9001794 6661310 8650598 
3 0 4 2 1 5 6 
9007864 6769910 8342860 
5 6 2 1 3 4 0 
9025012 7721904 7270366 
2 5 6 0 1 3 4 
9027240 6264022 8985592 
6 3 4 5 1 2 0 
9072486 7673868 7545526 
0 5 4 2 1 3 6 
9088804 6630148 8784222 
5 1 3 6 2 4 0 
9094398 7867224 7071850 
2 6 5 1 3 4 0 
9096880 7578438 7547814 
5 4 2 6 3 1 0 
9127868 7061590 7815296 
2 6 3 1 5 4 0 
9129520 7949194 7059826 
6 5 4 3 1 2 0 
9139202 7744108 7197326 
6 2 4 0 1 5 3 
9144240 6625608 8637816 
3 1 2 6 5 4 0 
9146890 7351368 7442508 
2 1 3 4 5 6 0 
9151624 6976884 7443874 
3 5 4 0 1 2 6 
9159730 6241866 8553574 
2 1 5 4 3 6 0 
9212728 6526254 8034398 
3 2 4 5 1 0 6 
9227512 6809550 7874850 
5 6 3 4 2 1 0 
9285642 7385648 7347054 
5 1 2 6 3 4 0 
9286248 7245698 7398506 
3 2 4 0 1 5 6 
9311642 6120262 8599786 
6 2 4 3 1 5 0 
9336834 7677736 7243602 
2 6 3 4 5 1 0 
9348314 7161296 7285934 
5 3 6 0 1 2 4 
9359476 6441922 8152300 
6 5 4 2 1 3 0 
9372332 7742324 7170318 
2 3 4 0 1 5 6 
9406886 6221100 8465084 
2 6 5 4 3 1 0 
9411446 6707954 7879410 
5 3 4 0 1 2 6 
9418852 6149228 8541814 
5 6 2 4 3 1 0 
9432704 6835814 7599718 
2 3 6 0 1 5 4 
9459548 6525366 8141320 
3 2 6 0 1 5 4 
9481304 6328408 8333082 
5 1 2 4 3 6 0 
9503226 6542178 7926002 
2 1 3 6 5 4 0 
9512312 7515912 7012118 
3 5 4 2 1 0 6 
9549226 6465334 7714258 
3 5 6 0 1 2 4 
9559254 6157556 8387862 
3 1 0 6 5 4 2 
9944642 6796462 7687760 
1 2 3 0 5 6 4 
10043718 6087100 9303930 
5 3 6 4 1 2 0 
10177842 6369044 8271500 
3 5 4 6 1 0 2 
10247508 6795348 7486032 
