56 4
2 1 3 0 4 
5010670 5976580 4240926 5636352 
2 1 0 3 4 
5037154 5453798 4133016 4977020 
1 2 0 3 4 
5177990 5159920 4205516 5582142 
2 0 1 4 3 
5243626 5062610 3945668 5181028 
2 0 4 1 3 
5269574 5788672 3919650 5665496 
1 2 3 0 4 
5321354 5355138 3949466 4916390 
0 2 1 4 3 
5414246 4710604 4134356 5384598 
0 4 2 3 1 
5435826 5617132 4112980 4690710 
4 0 2 1 3 
5531700 6023986 3612396 5465810 
0 2 4 1 3 
5536458 5251014 3902058 5118054 
1 4 0 3 2 
5539810 4945404 4329474 5066694 
1 3 2 4 0 
5555566 5143840 3846508 4822118 
3 1 0 2 4 
5573628 5700030 4071830 4731618 
4 0 1 2 3 
5610672 5614582 3668490 4871778 
4 2 0 3 1 
5611350 4886652 3660594 5645298 
3 2 0 1 4 
5624272 5101858 4275294 5176296 
4 0 2 3 1 
5659196 5158748 3574620 5749526 
0 3 1 4 2 
5683106 4638512 4364354 5400710 
4 2 0 1 3 
5698344 5598276 3668288 5355886 
4 3 2 1 0 
5745692 5615702 3586900 4579158 
4 3 0 1 2 
5746400 5159314 3513642 4383788 
4 2 3 0 1 
5763162 4812238 3567168 4891546 
4 1 0 3 2 
5790082 4445448 3714728 4923106 
3 4 1 0 2 
5791656 5473782 3771810 4339660 
4 0 3 2 1 
5823520 4881084 3374012 4661548 
1 0 3 2 4 
6015068 4272636 3854102 4561860 
4 1 2 3 0 
6028428 4636794 3750962 4915556 
2 3 0 1 4 
6049618 4247746 4095002 4230040 
1 3 0 4 2 
6060514 4603412 3879446 4292880 
3 2 1 4 0 
6097094 3940848 3750914 5392946 
1 3 0 2 4 
6139810 4552040 3964038 4390484 
3 0 1 4 2 
6162818 3672116 3821816 5087418 
2 4 1 0 3 
6187258 4474174 4098670 4174752 
3 2 4 1 0 
6227754 4211626 3681240 5038402 
0 4 1 3 2 
6270586 5019312 4089966 4068112 
2 0 3 4 1 
6297314 4188972 3828276 4414060 
1 4 2 3 0 
6299968 4083194 4100600 4522052 
3 4 1 2 0 
6328154 4656808 3665352 4464564 
0 2 3 4 1 
6346360 4082428 4078730 4742764 
3 1 4 0 2 
6381270 5166966 3482990 4597132 
0 1 4 2 3 
6423344 4017276 3899010 4606412 
2 0 3 1 4 
6447900 4320170 3896098 4409504 
0 3 2 4 1 
6478748 3428686 4134856 4639348 
2 1 4 3 0 
6507434 4588632 3787288 4298804 
4 3 2 0 1 
6510918 4572442 3518618 4797646 
4 3 0 2 1 
6523430 4369192 3411436 4463420 
2 1 0 4 3 
6531500 3979408 3855814 5026356 
0 1 4 3 2 
6587048 4528752 3847610 4321360 
4 1 0 2 3 
6654106 4366950 3620216 4713326 
1 2 3 4 0 
6669920 4082358 3633204 4867546 
4 0 3 1 2 
6670830 4507882 3248406 4538780 
1 0 3 4 2 
6711792 3768236 3660674 4443648 
2 1 4 0 3 
6727852 4234798 3816030 4434504 
2 3 0 4 1 
6747352 3508996 3908204 4212068 
4 2 1 3 0 
6775978 4295392 3627316 4920948 
2 4 1 3 0 
6815160 4220456 3950952 4016524 
