120 3
4 1 3 0 2 
3214458 3652402 3652402 
4 3 1 2 0 
3371270 3495590 3495590 
4 3 0 2 1 
3394074 3472786 3472786 
1 4 3 0 2 
3399026 3467834 3467834 
4 2 0 3 1 
3401508 3465352 3465352 
4 0 3 1 2 
3426760 3440100 3440100 
4 1 2 0 3 
3472488 3394372 3394372 
4 2 1 3 0 
3499620 3367240 3367240 
1 2 4 3 0 
3501756 3365104 3365104 
1 4 2 0 3 
3541806 3325054 3325054 
4 0 2 1 3 
3563874 3302986 3302986 
1 2 0 3 4 
3585512 3281348 3281348 
1 3 4 2 0 
3611156 3255704 3255704 
1 3 0 2 4 
3640078 3226782 3226782 
2 1 3 0 4 
3675158 3191702 3191702 
0 2 3 4 1 
3689018 3177842 3177842 
2 4 0 3 1 
3713406 3153454 3153454 
0 2 4 3 1 
3714538 3152322 3152322 
1 0 3 4 2 
3724412 3142448 3142448 
0 3 2 1 4 
3746934 3119926 3119926 
3 4 0 2 1 
3750354 3116506 3116506 
0 4 3 1 2 
3750778 3116082 3116082 
0 3 4 2 1 
3781282 3085578 3085578 
0 3 1 2 4 
3787400 3079460 3079460 
2 0 3 1 4 
3814052 3052808 3052808 
2 1 0 3 4 
3817746 3049114 3049114 
1 2 3 0 4 
3829618 3037242 3037242 
3 0 4 1 2 
3850476 3016384 3016384 
0 4 2 1 3 
3851934 3014926 3014926 
1 2 3 4 0 
3855784 3011076 3011076 
0 1 3 4 2 
3863862 3002998 3002998 
0 2 3 1 4 
3888922 2977938 2977938 
0 2 1 3 4 
3896406 2970454 2970454 
1 3 2 0 4 
3899190 2967670 2967670 
2 0 4 1 3 
3900196 2966664 2966664 
3 0 2 1 4 
3901446 2965414 2965414 
1 0 2 4 3 
3922026 2944834 2944834 
3 1 2 0 4 
3926124 2940736 2940736 
3 4 1 2 0 
3943298 2923562 2923562 
2 4 1 3 0 
3947974 2918886 2918886 
4 2 3 0 1 
3950550 2916310 2916310 
2 4 3 0 1 
3980658 2886202 2886202 
0 3 2 4 1 
3995280 2871580 2871580 
2 0 1 4 3 
4056814 2810046 2810046 
2 3 1 4 0 
4058626 2808234 2808234 
1 3 2 4 0 
4065210 2801650 2801650 
2 0 3 4 1 
4077388 2789472 2789472 
4 3 2 1 0 
4078546 2788314 2788314 
3 1 4 0 2 
4083242 2783618 2783618 
2 1 4 0 3 
4090306 2776554 2776554 
3 1 0 2 4 
4101694 2765166 2765166 
0 1 2 4 3 
4140768 2726092 2726092 
2 3 0 4 1 
4153062 2713798 2713798 
2 1 4 3 0 
4159032 2707828 2707828 
4 3 2 0 1 
4160872 2705988 2705988 
0 3 4 1 2 
4161574 2705286 2705286 
4 1 0 3 2 
4176156 2690704 2690704 
4 2 3 1 0 
4176620 2690240 2690240 
3 2 1 4 0 
4182300 2684560 2684560 
3 2 0 4 1 
4197444 2669416 2669416 
0 4 3 2 1 
4202438 2664422 2664422 
3 0 1 4 2 
4209844 2657016 2657016 
1 4 0 3 2 
4255820 2611040 2611040 
2 0 1 3 4 
4256218 2610642 2610642 
3 4 2 0 1 
4257124 2609736 2609736 
1 4 3 2 0 
4295796 2571064 2571064 
1 4 0 2 3 
4298574 2568286 2568286 
2 3 4 1 0 
4311848 2555012 2555012 
3 0 1 2 4 
4328606 2538254 2538254 
2 0 4 3 1 
4362936 2503924 2503924 
4 0 1 2 3 
4367338 2499522 2499522 
2 1 3 4 0 
4383604 2483256 2483256 
1 3 4 0 2 
4385462 2481398 2481398 
1 0 4 3 2 
4386264 2480596 2480596 
0 2 1 4 3 
4386682 2480178 2480178 
0 1 4 3 2 
4395142 2471718 2471718 
1 4 2 3 0 
4395822 2471038 2471038 
0 4 1 2 3 
4398160 2468700 2468700 
4 1 0 2 3 
4403910 2462950 2462950 
0 2 4 1 3 
4404718 2462142 2462142 
0 3 1 4 2 
4416038 2450822 2450822 
2 4 3 1 0 
4425768 2441092 2441092 
3 0 2 4 1 
4428032 2438828 2438828 
0 4 2 3 1 
4441956 2424904 2424904 
4 0 1 3 2 
4447980 2418880 2418880 
2 1 0 4 3 
4457466 2409394 2409394 
1 2 4 0 3 
4458670 2408190 2408190 
3 1 4 2 0 
4461856 2405004 2405004 
0 1 2 3 4 
4482444 2384416 2384416 
3 0 4 2 1 
4495824 2371036 2371036 
3 2 4 1 0 
4505272 2361588 2361588 
3 1 0 4 2 
4513660 2353200 2353200 
0 1 3 2 4 
4515426 2351434 2351434 
3 4 2 1 0 
4521118 2345742 2345742 
0 4 1 3 2 
4536522 2330338 2330338 
2 4 1 0 3 
4553416 2313444 2313444 
4 0 3 2 1 
4560700 2306160 2306160 
2 3 0 1 4 
4563894 2302966 2302966 
1 2 0 4 3 
4568592 2298268 2298268 
1 0 4 2 3 
4568872 2297988 2297988 
4 1 3 2 0 
4574468 2292392 2292392 
1 3 0 4 2 
4580404 2286456 2286456 
1 0 3 2 4 
4595016 2271844 2271844 
4 1 2 3 0 
4604744 2262116 2262116 
1 0 2 3 4 
4610022 2256838 2256838 
3 4 1 0 2 
4687102 2179758 2179758 
0 1 4 2 3 
4705030 2161830 2161830 
2 3 4 0 1 
4705862 2160998 2160998 
3 1 2 4 0 
4716704 2150156 2150156 
4 3 0 1 2 
4745232 2121628 2121628 
3 4 0 1 2 
4758152 2108708 2108708 
2 4 0 1 3 
4763958 2102902 2102902 
3 2 4 0 1 
4772006 2094854 2094854 
4 0 2 3 1 
4778456 2088404 2088404 
3 2 0 1 4 
4793276 2073584 2073584 
4 3 1 0 2 
4804754 2062106 2062106 
4 2 1 0 3 
4852462 2014398 2014398 
2 3 1 0 4 
4863472 2003388 2003388 
4 2 0 1 3 
4980420 1886440 1886440 
3 2 1 0 4 
5044866 1821994 1821994 
