75 4
2 1 4 5 0 3 
7194888 6885996 7548674 8614276 
4 1 2 3 0 5 
7203868 7131058 7155448 8664888 
5 1 3 2 0 4 
7385154 7497296 7013350 8613300 
3 1 5 4 0 2 
7388002 7039150 7096192 8409094 
3 1 4 5 0 2 
7511082 7028082 7537748 8790000 
2 3 4 0 5 1 
7585494 6737740 8210488 8813926 
3 2 5 4 0 1 
7602284 7015978 7955836 8435456 
1 3 4 5 0 2 
7643370 6669172 8332266 8823668 
2 1 4 0 5 3 
7700216 6641554 7582060 8298020 
4 1 2 5 0 3 
7734512 6922744 7302672 8186278 
4 1 2 3 5 0 
7737454 7748862 6848606 8467574 
2 1 4 3 0 5 
7768116 6920598 7619514 8161494 
1 2 5 4 0 3 
7863848 6802164 8061346 8155716 
2 1 4 5 3 0 
7928420 7736176 6927272 8156732 
5 1 3 4 0 2 
7931236 6991646 7093194 7970066 
1 3 4 0 5 2 
7937712 6550682 8077258 8608764 
4 1 2 0 3 5 
7939930 6675814 7450346 8315168 
2 1 0 4 5 3 
7997984 7354274 7298354 7969402 
2 1 4 0 3 5 
8019442 7043274 6974508 7766974 
4 1 3 2 5 0 
8039848 8063816 6622616 8257128 
4 1 2 0 5 3 
8058064 6895022 6983594 7853222 
0 1 2 3 5 4 
8078048 7942164 6832578 8755088 
3 1 0 4 5 2 
8122578 7162640 6954060 7886614 
0 1 3 2 5 4 
8122586 8001790 6272892 8338610 
2 1 5 4 3 0 
8142068 7961648 6741784 7904912 
5 2 3 0 4 1 
8142620 6945068 6935022 8184156 
3 2 5 0 4 1 
8146708 6731026 7582488 8110216 
3 4 5 0 2 1 
8174924 7436902 6909058 8205946 
4 2 1 5 0 3 
8182034 6714832 7254162 8882518 
3 1 5 0 4 2 
8206682 6640006 7212796 7978446 
1 2 0 4 5 3 
8248776 6936560 7730204 7679976 
2 1 0 4 3 5 
8294642 7958238 7000678 7684434 
5 1 3 2 4 0 
8306796 8643872 6513188 8311056 
1 2 4 0 5 3 
8338480 6576176 7928022 8080818 
1 2 3 0 4 5 
8353908 6741954 7627132 7893770 
5 1 0 2 3 4 
8365194 7389228 6918100 7877680 
0 1 5 4 3 2 
8394116 7800278 6153106 7936172 
5 1 2 3 4 0 
8411954 7908630 6022778 7878334 
0 3 1 4 5 2 
8437178 6638920 7231316 9213584 
1 2 0 5 4 3 
8464866 6739642 7447496 7558984 
1 2 5 0 4 3 
8466448 6448380 7688286 7784396 
2 1 5 0 4 3 
8470584 6517408 7645274 7859978 
0 2 1 3 4 5 
8471708 7461846 6671032 8991870 
5 2 1 3 4 0 
8473354 7452894 6823224 8919022 
0 2 1 5 4 3 
8483676 6675072 6590718 8619018 
0 1 3 4 5 2 
8498988 7250524 6405488 7829440 
5 1 3 0 4 2 
8515122 6872432 6754532 7517718 
4 2 1 0 5 3 
8519854 6616016 7069400 8627690 
0 1 2 3 4 5 
8531832 7881912 5736762 7933470 
0 4 1 3 2 5 
8556718 6611986 6974094 8787826 
5 1 0 4 3 2 
8560940 7664890 6698680 7554318 
0 4 1 2 3 5 
8566206 6589434 7524402 8848442 
0 2 1 4 5 3 
8609498 6464350 7536394 8771610 
4 3 1 0 5 2 
8619294 6619946 7521458 8299888 
2 1 5 3 0 4 
8658140 7342592 7667700 7365188 
4 5 1 3 2 0 
8677042 6429042 8321660 9022990 
0 5 1 3 2 4 
8684916 6580480 7462894 9253426 
5 2 1 0 4 3 
8706794 6589864 6721382 8167140 
3 1 4 5 2 0 
8721036 7998882 6027848 7648812 
4 1 3 5 0 2 
8723624 7182552 7312948 7322288 
4 1 3 0 2 5 
8828496 6705202 7564780 7903414 
2 1 5 0 3 4 
8831496 7558648 6781654 6922368 
0 1 2 5 4 3 
8843306 7356344 5952124 7628026 
5 1 2 0 4 3 
8848714 7222920 6121656 7172212 
0 1 3 5 4 2 
8870514 7025864 6729648 7779028 
0 1 4 5 2 3 
8934738 7970550 5809664 7726354 
4 1 3 0 5 2 
8935984 7287998 6650126 6920352 
3 1 4 0 2 5 
8977698 7545748 6023588 7128182 
4 1 0 3 2 5 
8979094 7060888 7113682 7516824 
2 1 3 0 4 5 
9048976 6718296 7356618 7379532 
0 1 4 3 2 5 
9104976 7421814 6005790 7591974 
3 1 2 0 4 5 
9118666 7191382 6291264 7152494 
4 1 5 0 3 2 
9177010 7443246 6657710 6873448 
4 1 5 0 2 3 
9187656 7079658 7105612 7394564 
5 1 4 0 2 3 
9207938 7531702 6180460 7151596 
