43 3
1 4 0 3 2 
2457398 4793424 4663354 
1 3 4 0 2 
2502318 4859844 4507570 
1 4 3 0 2 
2519998 4737948 4437122 
1 0 4 3 2 
2522550 4653060 4508186 
1 0 3 4 2 
2621158 4507548 4358506 
0 1 4 2 3 
2936042 4479696 4161526 
4 1 0 3 2 
3016642 4571708 4114278 
0 4 1 2 3 
3079310 4336576 4157770 
0 1 3 2 4 
3172178 4262568 3914126 
3 1 4 0 2 
3196218 4291560 3726094 
4 1 3 0 2 
3211426 4291224 3713222 
3 0 1 4 2 
3363630 4191956 3745330 
0 3 1 2 4 
3387062 4110320 3881666 
4 0 1 3 2 
3389830 4165732 3712538 
0 4 2 1 3 
3393694 3909414 3674438 
4 3 1 0 2 
3459470 4231968 3572850 
3 4 1 0 2 
3461942 4110408 3515274 
0 1 3 4 2 
3593630 4131892 3451610 
4 1 0 2 3 
3631750 3891216 3398922 
0 1 4 3 2 
3656222 4003004 3388090 
2 4 3 0 1 
3666620 3879772 3590592 
3 4 2 1 0 
3676998 3856822 3543358 
0 2 1 4 3 
3684600 3716772 3425816 
0 1 2 4 3 
3693794 3253786 3157122 
4 1 3 2 0 
3771346 3480108 3101102 
3 1 4 2 0 
3821274 3423996 3041350 
2 0 3 4 1 
3895500 3395792 3131296 
3 4 1 2 0 
3897302 3383868 3110082 
3 1 2 4 0 
3943314 3268270 3126738 
2 0 4 3 1 
3949660 3284128 3019088 
4 1 2 3 0 
3985546 3145718 3072282 
0 1 2 3 4 
3992522 2907770 2846202 
2 1 0 3 4 
4280636 3148736 2845008 
1 0 4 2 3 
4294310 2931468 2615970 
1 4 0 2 3 
4378726 2960640 2550722 
1 0 3 2 4 
4450646 2652540 2413170 
1 3 0 2 4 
4524678 2798184 2407618 
1 3 4 2 0 
4573374 2716680 2276026 
1 4 3 2 0 
4583758 2600208 2216330 
0 4 2 3 1 
4860226 2396054 2071490 
3 4 2 0 1 
5001098 2648418 2048570 
2 4 3 1 0 
5148796 2656208 1956496 
2 3 4 1 0 
5202396 2644960 1962128 
