35 4
3 4 0 1 2 
5488986 4277702 3820212 6224988 
3 4 0 2 1 
5531598 4145858 3999042 5626942 
4 3 0 1 2 
5610840 4325898 5473660 4905198 
1 3 0 4 2 
5618354 4472162 4745564 5147910 
3 4 2 0 1 
5627350 4465672 4966776 5027790 
1 4 0 3 2 
5663640 4047752 4214858 6229966 
3 1 0 4 2 
5677144 4378006 3807122 6085688 
4 3 2 1 0 
5685542 4107800 4959620 5061618 
3 1 0 2 4 
5708980 4186698 4451792 5031472 
2 4 0 3 1 
5741950 4008390 4065932 5916256 
0 4 3 2 1 
5772476 4407562 3701232 6163778 
1 3 2 4 0 
5790084 4241076 4159708 5551866 
4 3 1 2 0 
5834518 3863618 3652370 5960002 
4 1 0 3 2 
5844284 4001792 4929864 5847954 
3 1 2 4 0 
5859020 4296440 3443944 6461520 
4 0 1 2 3 
5876292 3963490 4591520 5172908 
0 4 3 1 2 
5888928 4639158 3636982 6156572 
3 2 0 1 4 
5889086 3936904 4052122 5872944 
3 2 0 4 1 
5899862 3996368 3586282 6329114 
4 1 2 3 0 
5906526 3936240 4655234 5918578 
2 1 0 3 4 
5913752 4065070 4479382 5337406 
1 2 0 3 4 
5945258 4043290 3612298 6230820 
3 1 2 0 4 
5991148 4282660 4231506 5193264 
4 2 0 1 3 
6012464 3828110 4168412 5734830 
1 2 0 4 3 
6014398 3990214 3401016 5994162 
2 0 1 4 3 
6052524 4041046 3849798 5746186 
4 0 2 1 3 
6056228 3812708 3802630 5617132 
2 3 1 4 0 
6070642 3771158 3332468 6354892 
3 0 2 4 1 
6181838 3816656 3711582 6347182 
0 1 2 3 4 
6198658 4144816 4196050 5446112 
1 0 2 4 3 
6226242 3760128 3463838 5912372 
0 1 3 4 2 
6231262 4295238 2930452 6839544 
2 1 3 4 0 
6239388 4203634 2930676 6683712 
2 0 4 1 3 
6505428 4251642 3334620 6306862 
2 0 4 3 1 
6628368 4558850 3150972 6519156 
