15 2
4 6 5 1 2 3 0 
9043446 11246760 
4 6 5 1 0 3 2 
9459588 10721104 
2 0 4 6 5 3 1 
9806610 10421834 
1 0 2 4 6 3 5 
9875570 10140906 
4 0 2 1 5 3 6 
10180334 10016406 
3 5 6 4 2 1 0 
10307646 9976550 
4 5 6 3 0 1 2 
10617180 9678290 
6 5 4 2 0 1 3 
10719172 9581952 
6 5 4 0 2 1 3 
10880134 9552574 
0 1 2 3 6 5 4 
11174462 9551190 
1 2 3 4 6 0 5 
11369564 9527772 
4 5 6 0 3 1 2 
11629218 9323218 
4 0 2 5 1 3 6 
11803320 9280376 
4 0 3 5 1 2 6 
12075850 9222110 
6 1 3 2 0 5 4 
12079378 8964244 
