47 3
2 1 4 3 0 
3467738 7036858 6050904 
3 1 4 2 0 
3694902 6441910 5954012 
2 0 3 4 1 
3711546 6525682 5953852 
0 1 4 3 2 
3778306 6970528 5380974 
3 2 4 1 0 
3809004 6366378 6263010 
1 2 4 0 3 
3856418 6775398 5741804 
0 2 4 1 3 
3880932 6558660 5711032 
2 1 4 0 3 
3916678 6425358 5974318 
1 3 2 4 0 
3989248 6306430 5744302 
2 0 1 4 3 
4051868 6176930 5688462 
4 0 3 2 1 
4074734 5629258 5727304 
0 3 4 1 2 
4082838 6867492 5459108 
3 1 4 0 2 
4083874 6298850 5294250 
1 0 3 4 2 
4098578 6286292 5263222 
1 3 0 4 2 
4143146 6079992 5595442 
0 2 4 3 1 
4169144 6634660 5106530 
4 3 2 1 0 
4204620 5890036 5622338 
3 2 4 0 1 
4236116 6504878 5000934 
2 4 1 3 0 
4275490 6269402 5583144 
4 2 3 0 1 
4281688 5509226 5885074 
4 0 1 2 3 
4288930 5770996 5596958 
2 0 3 1 4 
4324854 5908406 5425850 
1 0 3 2 4 
4342122 5734484 5317770 
2 0 4 3 1 
4348106 6503728 5217644 
1 2 3 4 0 
4368300 6169868 5172058 
4 3 0 1 2 
4434154 5369458 5392494 
4 0 3 1 2 
4444498 5563790 5144754 
1 0 2 4 3 
4525834 6199336 4971686 
4 1 0 3 2 
4555058 5314226 5709304 
4 2 3 1 0 
4578992 5754494 5042894 
2 3 0 1 4 
4628782 5517654 5245330 
2 1 0 3 4 
4682164 5587274 5030882 
0 3 2 1 4 
4719250 5954458 4879470 
0 1 2 3 4 
4720478 6043480 4616606 
1 3 0 2 4 
4751194 5320816 5299010 
4 0 2 3 1 
4766902 5260162 5575218 
4 3 2 0 1 
4771032 5153396 5632848 
4 3 0 2 1 
4827358 5000870 5240384 
4 0 2 1 3 
4865814 5499934 4859578 
0 2 1 3 4 
4923090 5963322 4491766 
3 0 1 2 4 
4945450 5588258 4520780 
2 0 1 3 4 
4994328 5546654 4632676 
1 3 2 0 4 
5027208 5315194 4864826 
4 2 0 3 1 
5030182 4987604 5340524 
3 2 1 0 4 
5059758 5562500 4311546 
4 1 0 2 3 
5147922 5128094 4744544 
4 2 0 1 3 
5229842 5170060 4527874 
