78 3
2 3 0 5 4 6 1 
9048450 10555910 14309748 
6 1 5 0 4 2 3 
9058296 10691588 14190392 
1 3 0 4 5 6 2 
9220294 10504320 15029568 
6 2 4 0 5 1 3 
9228736 10604352 14216328 
2 0 3 6 1 5 4 
9306402 10437878 14109966 
3 5 1 2 6 4 0 
9372692 10128732 14343720 
6 0 5 1 4 2 3 
9398920 11468104 14003198 
3 4 6 5 0 2 1 
9399162 11332714 13838962 
4 3 0 5 2 1 6 
9448714 9868608 13764876 
4 3 6 5 2 0 1 
9526748 10431802 13458924 
4 2 0 3 5 1 6 
9560150 11946820 13272242 
5 3 6 4 1 2 0 
9562592 11171312 13438120 
3 2 0 4 1 5 6 
9565262 10994172 13158634 
4 1 5 0 6 3 2 
9608822 9318034 13898838 
4 0 3 1 6 5 2 
9627818 9083996 14808730 
4 3 6 2 5 1 0 
9637838 10214222 13239932 
2 3 0 4 1 5 6 
9696850 10414094 12660576 
3 2 0 6 1 5 4 
9727210 9574284 13806794 
4 3 1 5 2 0 6 
9755106 9521014 13588860 
2 6 3 0 1 5 4 
9764892 9714592 13194910 
4 5 1 3 2 0 6 
9765760 9168300 13960592 
3 5 1 4 0 2 6 
9769108 9016532 14386730 
4 1 3 0 6 5 2 
9824000 9113046 14124248 
4 3 6 0 5 1 2 
9866896 10293320 13185166 
2 4 0 3 1 5 6 
9910848 11356320 12570348 
6 4 5 1 2 0 3 
10058898 12681032 12502946 
6 2 4 5 3 0 1 
10074980 9857466 13007044 
0 4 2 1 3 6 5 
10096244 11276606 12536762 
6 2 1 5 3 0 4 
10097540 10325782 12901696 
3 6 4 1 0 2 5 
10116852 8941018 14537008 
4 1 5 6 2 0 3 
10135304 10122250 12832488 
3 1 5 0 6 4 2 
10176152 8979230 13509128 
0 6 3 1 2 4 5 
10183394 9512336 13448294 
6 1 5 4 2 0 3 
10200244 11245878 12304418 
3 0 4 1 6 5 2 
10212520 8911832 14769616 
3 5 1 4 2 0 6 
10231492 8903984 13905870 
0 5 1 2 3 6 4 
10337354 10769460 12466468 
0 3 2 4 1 5 6 
10360002 10649686 12562400 
0 5 1 3 2 4 6 
10417554 9565150 13154132 
3 4 6 0 5 1 2 
10466960 9290608 13249778 
6 1 2 4 3 0 5 
10485786 9461076 13105204 
1 3 0 5 2 4 6 
10516068 9689732 12606142 
6 3 4 5 2 0 1 
10547516 10748120 12435396 
0 3 1 2 5 6 4 
10554358 11504346 12210930 
0 6 3 2 1 5 4 
10585346 9810368 12576872 
2 6 4 0 5 1 3 
10602168 9403008 13005476 
0 4 3 5 2 1 6 
10605772 8761656 14911260 
0 4 2 3 1 5 6 
10639208 10418168 12272596 
4 1 3 6 2 0 5 
10646816 8776334 13209340 
1 4 6 0 5 3 2 
10731708 8775830 14890546 
0 6 4 2 1 5 3 
10745428 10387760 12563632 
4 3 0 2 1 5 6 
10772548 11174818 11945486 
3 6 4 1 2 0 5 
10815452 8606806 13758962 
1 3 4 5 2 0 6 
10828712 8540722 13839612 
4 1 5 6 3 0 2 
10896416 10988368 12129630 
2 3 4 0 6 5 1 
10948728 10822448 12170598 
2 1 5 0 4 6 3 
11052390 9572172 12850418 
4 3 6 2 1 5 0 
11053178 9936650 12535038 
5 0 3 1 6 4 2 
11092048 8664866 13378396 
1 4 3 5 2 0 6 
11096716 8104294 14033488 
5 3 1 6 2 0 4 
11112820 11063388 12126806 
2 6 4 1 3 0 5 
11118106 8446058 13612196 
5 2 1 6 3 0 4 
11134892 10544830 11987582 
2 1 5 0 6 4 3 
11140550 9356028 13150956 
1 4 2 5 0 3 6 
11169888 9218268 13018402 
5 4 6 1 3 0 2 
11192258 10306474 12020076 
1 4 2 5 3 0 6 
11205198 8872064 13159982 
4 1 2 6 3 0 5 
11293530 9146816 12592290 
0 3 4 2 6 5 1 
11495134 10820148 11640210 
0 2 4 3 6 5 1 
11567876 10804574 11752828 
1 0 3 5 6 4 2 
11603418 10161266 12514224 
5 6 4 1 2 0 3 
11608192 9951428 12102612 
0 5 4 2 6 3 1 
11633758 9577142 12570008 
5 3 0 1 2 4 6 
11728906 10713284 11793980 
1 3 0 5 4 2 6 
11745468 9728848 12478732 
0 5 6 2 4 3 1 
11951486 8778348 13179640 
5 0 3 1 4 6 2 
12031428 8474166 13576948 
5 0 4 1 3 6 2 
12731858 8454826 13384006 
