27 3
0 2 4 5 1 3 
4176250 6106562 4469746 
4 1 5 3 0 2 
4327314 5889682 4929688 
5 2 0 4 3 1 
4371696 6397350 4044180 
0 2 5 4 3 1 
4474500 6228818 3899650 
2 0 4 5 1 3 
4595132 5651686 4714516 
0 2 5 4 1 3 
4677890 6210144 4411982 
1 3 4 5 0 2 
4822640 6749882 3836284 
4 1 3 0 5 2 
4901014 6148532 4091456 
1 3 4 0 5 2 
4938132 6901854 3812226 
2 0 5 3 1 4 
5020772 5469374 5199576 
3 1 4 5 2 0 
5055938 5625462 4591864 
1 4 0 3 2 5 
5113942 5369850 4996284 
0 2 5 1 4 3 
5162910 6602172 3894652 
1 4 0 5 2 3 
5172608 5733848 4570172 
1 4 5 3 0 2 
5220392 5612232 4814522 
5 0 2 4 3 1 
5229102 6116032 4449780 
3 1 4 5 0 2 
5234850 5718776 4243764 
4 1 3 2 5 0 
5240640 6083754 4235774 
5 2 0 1 3 4 
5274516 6379786 3845628 
2 0 5 1 3 4 
5293786 5708586 4519330 
4 2 0 1 5 3 
5324324 6708956 3567616 
2 5 0 4 3 1 
5332416 6115384 3777490 
5 1 4 0 3 2 
5337192 6232326 3695788 
5 2 0 1 4 3 
5375938 6453370 3644458 
2 0 5 4 3 1 
5395538 5494934 3821720 
2 0 5 4 1 3 
5478728 5456060 4286852 
3 1 4 0 5 2 
5482180 5870748 3624328 
