37 4
5 4 1 2 0 3 6 
5732874 10770512 8482914 8319076 
4 1 0 2 5 6 3 
5765102 10092152 8792582 8065670 
1 4 0 2 5 6 3 
5771444 10029402 8823506 7309018 
5 4 0 2 1 3 6 
5785542 10426734 8284936 8256216 
3 4 6 5 2 0 1 
5787158 9754778 9145114 7936132 
2 5 1 4 3 6 0 
5793378 9798390 8443338 8164474 
1 3 0 2 5 6 4 
5809842 10283156 8618656 7679978 
5 2 1 4 3 0 6 
5850484 10270788 8211606 8124794 
3 1 0 2 5 6 4 
5883636 9916510 8905404 8158412 
0 5 1 4 3 6 2 
5967974 9581818 8622350 7389158 
0 2 6 4 3 1 5 
6013690 9954678 9601788 7329986 
0 5 3 4 1 6 2 
6016630 10028044 7878924 7586622 
5 2 6 4 3 1 0 
6036714 9885216 9074108 7236292 
1 4 6 2 0 5 3 
6185740 10455392 8969008 7300844 
0 5 1 3 4 6 2 
6194578 9829578 8402746 8056706 
3 6 4 0 2 5 1 
6203084 9371072 9084380 8052150 
6 2 3 1 4 0 5 
6244670 9918400 7985188 8336754 
0 5 4 3 1 6 2 
6268462 9737516 8192752 7940538 
1 2 3 4 6 5 0 
6318212 9965166 8766416 7247804 
3 6 1 0 2 5 4 
6334860 9701902 8511632 8398644 
5 2 4 6 3 1 0 
6342914 10261842 8932844 7218016 
1 4 0 2 6 5 3 
6345232 10402950 8410958 7116062 
3 4 5 6 2 0 1 
6377654 10352586 8566022 7569584 
0 1 5 6 4 3 2 
6422000 9837330 8542444 7921190 
1 4 6 2 5 0 3 
6476820 10187780 8652212 7204860 
1 0 3 4 5 6 2 
6515508 10614050 8404796 7560596 
3 6 0 4 2 5 1 
6517092 9994332 8198282 7303256 
0 5 3 4 1 2 6 
6578616 9858388 8556416 7654384 
5 0 1 6 3 4 2 
6618194 10384686 8544684 7299964 
5 0 3 6 1 4 2 
6641810 10993768 7876842 7527836 
1 4 5 2 6 0 3 
6675560 10747760 8110236 7253116 
0 6 3 4 1 5 2 
6708738 10829780 7866556 8705474 
0 1 5 4 6 3 2 
6715938 9936508 8552352 7626722 
5 4 3 6 0 1 2 
6799876 12025744 7865652 8610496 
5 4 3 6 1 0 2 
6932156 11778064 7802734 8611850 
0 4 5 2 6 1 3 
6981360 10895520 7965182 7514168 
0 1 6 3 5 4 2 
7385474 10554316 7832024 8190194 
