63 3
4 3 1 2 0 
2693230 3839872 4012586 
3 0 4 1 2 
2728874 3869426 3860764 
1 3 4 2 0 
2770602 3835424 3933718 
3 1 4 0 2 
2775126 3847522 3721770 
0 3 1 2 4 
2791028 3752446 4092918 
0 3 4 2 1 
2809624 3795278 3961030 
3 2 1 4 0 
2820728 3816926 3879808 
2 0 4 1 3 
2822254 3783552 3836766 
3 4 1 0 2 
2856710 3821732 3678148 
4 2 1 3 0 
2866796 3664570 3789140 
3 2 0 4 1 
2887252 3812044 3737168 
2 4 1 0 3 
2915344 3764676 3613070 
2 1 4 0 3 
2917010 3704716 3652192 
1 3 0 2 4 
2931962 3644514 3984862 
0 2 4 3 1 
2963436 3615908 3846664 
1 2 4 3 0 
2972918 3599122 3773772 
0 2 1 3 4 
2986590 3551326 3848802 
4 2 0 3 1 
3018028 3531456 3797664 
3 4 0 1 2 
3039852 3721048 3605194 
3 1 0 4 2 
3051886 3674560 3711904 
3 4 1 2 0 
3072582 3514300 3687702 
4 0 2 1 3 
3081164 3574144 3640266 
2 4 0 1 3 
3107258 3661928 3582600 
1 2 0 3 4 
3147304 3401426 3784434 
2 1 0 4 3 
3189792 3532690 3623060 
4 1 2 0 3 
3209960 3423084 3530876 
0 2 1 4 3 
3228718 3395406 3719454 
1 0 2 4 3 
3245044 3493650 3495808 
3 1 0 2 4 
3261790 3415984 3685598 
2 4 1 3 0 
3270300 3335800 3555872 
4 2 1 0 3 
3293580 3445026 3499908 
2 4 0 3 1 
3318524 3309542 3622412 
0 4 1 3 2 
3334836 3305646 3728246 
4 0 3 1 2 
3344794 3432202 3440636 
4 2 0 1 3 
3359398 3425454 3512950 
1 4 2 0 3 
3363296 3319084 3504962 
2 1 0 3 4 
3367640 3268106 3628824 
0 1 4 3 2 
3370188 3317524 3621092 
3 1 4 2 0 
3394142 3302210 3469030 
4 1 0 3 2 
3410950 3249668 3736208 
0 2 4 1 3 
3414526 3288778 3626094 
0 4 2 3 1 
3430022 3371654 3420648 
0 1 2 4 3 
3431840 3339350 3380700 
4 1 0 2 3 
3443006 3255676 3704138 
4 1 3 0 2 
3444866 3296106 3420514 
1 2 4 0 3 
3448582 3281066 3513116 
0 1 2 3 4 
3488528 3318950 3315632 
1 4 0 3 2 
3491110 3161074 3716566 
2 1 4 3 0 
3514110 3132960 3437450 
1 4 2 3 0 
3538072 3253340 3342428 
2 0 4 3 1 
3577056 3110446 3522942 
0 4 3 2 1 
3581712 3322998 3272482 
1 0 2 3 4 
3663964 3172794 3270216 
4 1 2 3 0 
3675760 3115948 3239374 
1 4 3 0 2 
3685202 3101856 3345600 
1 4 3 2 0 
3698534 3202620 3236746 
4 0 2 3 1 
3743146 3088106 3272178 
0 1 3 2 4 
3759468 3197044 3192466 
1 2 3 0 4 
3823166 3046278 3514468 
1 0 3 2 4 
3861632 3099220 3172334 
2 1 3 4 0 
3872318 2995252 3342094 
4 0 3 2 1 
3928064 3017532 3112546 
4 1 3 2 0 
3942722 2994978 3096942 
