28 4
3 0 5 1 2 4 
8783826 7510804 7756834 9913972 
5 3 1 4 0 2 
8788182 8482264 9019366 9701628 
3 5 1 4 0 2 
8788250 8462262 8484008 9203766 
2 5 4 1 3 0 
8835192 8248808 7931022 9280914 
2 0 4 1 3 5 
8844220 7575848 7666140 9635906 
5 3 1 2 0 4 
8869524 8851564 8748628 9161440 
4 0 2 1 5 3 
8904182 7606242 7580232 9335454 
4 3 2 1 5 0 
8914530 8501734 8009996 9008130 
4 2 1 3 0 5 
8927138 8904034 8651140 8965804 
1 0 3 4 5 2 
8980702 7218768 7833532 9467070 
4 3 2 1 0 5 
9022958 8532918 7853754 9278322 
1 0 5 2 3 4 
9033034 7212480 8065036 9893670 
4 5 2 1 0 3 
9109086 8260322 7671064 9206638 
1 5 3 4 0 2 
9117060 7832108 7940970 9246790 
4 1 2 5 0 3 
9198422 9323582 8495080 8814490 
5 1 3 2 0 4 
9211064 9751316 8467348 8862720 
4 1 2 3 0 5 
9278788 9607878 8538448 8463680 
4 5 2 1 3 0 
9408612 8781074 8038476 8977168 
4 3 1 2 0 5 
9413308 8661316 8511100 8597956 
4 3 1 2 5 0 
9530462 8828408 8842740 8458390 
2 1 4 5 0 3 
9578468 9686444 8506568 8344252 
2 5 1 4 0 3 
9580474 8479218 8660888 8993072 
4 0 1 2 3 5 
9587566 7994856 8485668 8846610 
2 0 1 4 5 3 
9646656 7986664 8609374 9131188 
1 2 4 3 0 5 
9652398 8728896 8295514 9001566 
2 0 4 5 1 3 
9708780 8383482 8096086 8927214 
1 0 5 3 2 4 
9742538 7197212 8397856 10149976 
2 1 4 0 3 5 
9947020 9473870 8829746 8464530 
