34 3
3 1 0 2 4 5 
4886638 5306958 6162030 
5 1 0 2 4 3 
4992138 5835656 5664120 
1 2 5 3 0 4 
5034484 4787990 7550312 
2 1 0 3 4 5 
5034834 4939822 5484934 
2 1 5 3 4 0 
5115028 4492352 6256980 
1 3 0 2 4 5 
5118104 5682452 5231670 
5 2 4 3 0 1 
5136878 5573174 5382000 
5 3 4 2 0 1 
5205052 5854878 5034808 
4 3 0 5 1 2 
5307998 6332348 4665380 
1 2 0 3 4 5 
5344618 4954356 5003058 
1 3 5 2 4 0 
5377814 5686120 4783596 
2 1 0 5 4 3 
5382482 4943986 5048060 
2 1 5 0 4 3 
5399956 4670012 5530576 
2 1 3 0 4 5 
5407734 4246474 6855284 
1 2 5 3 4 0 
5463292 5198486 4476144 
2 1 3 5 4 0 
5470454 4072978 7144814 
2 3 4 5 0 1 
5672410 5396822 4314022 
2 5 4 3 0 1 
5679848 5853336 4127366 
1 2 0 5 4 3 
5703242 4795448 4905656 
4 5 0 3 1 2 
5738912 6385216 4074128 
1 3 5 0 4 2 
5765222 5583378 4287862 
1 2 5 0 4 3 
5773756 4996754 4539532 
1 2 0 4 5 3 
5916976 4636550 6104778 
1 0 4 3 5 2 
6031842 5933712 4030790 
0 4 5 3 2 1 
6147494 7032672 3864220 
1 0 5 2 4 3 
6161448 5547128 4048624 
3 2 0 5 4 1 
6162486 4434290 6326676 
2 1 4 5 0 3 
6176428 5102054 4386814 
1 5 0 3 4 2 
6221652 5701988 3780026 
1 0 5 3 4 2 
6238392 5646118 3489502 
3 2 5 0 4 1 
6248652 4437538 6125500 
2 1 3 4 5 0 
6498720 4367416 6570712 
2 1 5 4 0 3 
6505086 5228422 4191190 
1 0 3 5 4 2 
6641040 5597064 3686644 
