311 4
4 2 0 3 5 1 
5538246 9468128 10141692 10483694 
3 0 2 4 5 1 
5735216 9390498 10047344 9940966 
2 5 4 1 0 3 
5764054 9291540 9952374 10232460 
1 5 4 2 0 3 
5768408 9383366 9744906 10304762 
4 0 2 3 5 1 
5804624 9514298 9909970 10154416 
1 5 3 0 2 4 
5810270 9155856 9643300 10319374 
1 4 5 2 0 3 
5841404 9407080 9932358 10072384 
4 1 0 3 5 2 
5846242 9275682 10092704 10185452 
2 4 5 1 0 3 
5884292 9314622 10084526 9989338 
3 2 0 4 5 1 
5934082 9338104 9734466 10164436 
5 2 0 3 4 1 
5964564 9020306 9665146 10035208 
4 2 3 0 5 1 
5990556 9164052 9653032 10123296 
0 3 5 1 2 4 
6049318 9083204 9925732 9523648 
0 5 4 1 2 3 
6068496 8932690 9416542 10102776 
3 0 1 4 5 2 
6094116 9049448 9759010 9710212 
1 5 0 3 2 4 
6095884 8929168 9482038 10030608 
1 3 5 0 2 4 
6126188 9277984 9615484 9729288 
0 5 3 1 2 4 
6144824 8955572 9471948 10020166 
2 5 3 0 1 4 
6151210 8806454 9259018 9926896 
0 4 5 1 2 3 
6152594 8986452 9608234 9780874 
5 2 1 4 3 0 
6221220 8937036 9511808 9809660 
2 5 3 1 0 4 
6223158 8884966 9368264 9636370 
3 0 2 5 4 1 
6261586 8940878 9228996 9469982 
1 4 3 0 2 5 
6294398 8815454 9475504 9807752 
4 2 1 5 3 0 
6298918 9003944 9193728 9774342 
5 1 0 3 4 2 
6333390 8765608 9515038 9732700 
0 5 4 2 1 3 
6344418 8752946 8940694 9875660 
2 5 0 3 1 4 
6374024 8751366 9160956 9848130 
5 2 0 4 3 1 
6375068 8853376 9240906 9405344 
2 3 5 1 0 4 
6380076 8798310 9406184 9690100 
0 4 5 2 1 3 
6403236 8788696 9151504 9612376 
1 5 3 2 0 4 
6404326 8868786 9008234 9477432 
4 1 3 0 5 2 
6408152 8774806 9501244 9669454 
5 0 2 4 3 1 
6428626 8691482 9137920 9732122 
1 3 5 2 0 4 
6429684 8783890 9200154 9561082 
0 3 2 4 5 1 
6451472 8729702 9436126 9189784 
0 2 1 4 5 3 
6452270 8816470 9094972 9846538 
0 3 4 1 2 5 
6482804 8650382 9546762 9257224 
4 0 2 5 3 1 
6492538 8720364 8855658 9630844 
0 3 5 2 1 4 
6501026 8667462 9234660 9135472 
3 2 0 5 4 1 
6502052 8918124 8884658 9596992 
1 5 2 4 0 3 
6505624 8650784 9217342 9521884 
4 2 0 5 3 1 
6516720 8881218 8867644 9286386 
4 2 1 3 5 0 
6521692 8684070 9157824 9389250 
2 3 5 0 1 4 
6528288 8876662 9130442 9470130 
1 5 4 0 2 3 
6532740 8645032 8898660 9357304 
3 2 1 5 4 0 
6597654 8689226 8687128 9664528 
3 1 2 5 4 0 
6613966 8712940 8891730 9443594 
3 0 5 1 2 4 
6615684 8476836 9341218 8908386 
3 5 4 1 2 0 
6628508 8451380 8922578 9582100 
1 4 5 0 2 3 
6647336 8698386 9054652 9028466 
0 4 3 1 2 5 
6662408 8576512 9284670 9431840 
0 5 3 2 1 4 
6666932 8589990 8727636 9468750 
1 4 3 0 5 2 
6688514 8587894 9257656 9411322 
1 4 0 3 2 5 
6689064 8392950 9211956 9364164 
1 4 2 5 0 3 
6689998 8618684 9034678 9252706 
5 2 4 1 0 3 
6690038 8392864 9202552 9231546 
2 4 3 0 1 5 
6696168 8403800 8990102 9411008 
2 5 0 3 4 1 
6696926 8311966 9010768 9256610 
0 3 1 4 5 2 
6710372 8459852 9274192 9045430 
3 0 1 5 4 2 
6758420 8495706 8790246 9057528 
4 5 0 3 2 1 
6788296 8298380 8716518 9567358 
3 4 5 1 2 0 
6790614 8389324 8962234 9318704 
2 5 4 0 1 3 
6804308 8373462 8630280 9057886 
3 5 0 2 4 1 
6822758 8742144 8531558 9554958 
4 2 5 1 0 3 
6825906 8277980 9180958 8938906 
2 4 3 1 0 5 
6840842 8403466 9014586 9041024 
4 2 5 1 3 0 
6849054 8357712 9057878 9107678 
2 5 1 4 3 0 
6873466 8171420 8871918 9061414 
5 0 1 4 3 2 
6895766 8228992 8668746 9356168 
0 3 2 5 4 1 
6899038 8411024 8774192 8812330 
3 5 1 4 2 0 
6911404 8368892 8594064 9628324 
0 5 1 4 2 3 
6918492 8437862 8587708 9599920 
5 2 1 3 4 0 
6922918 8264400 8723200 8974424 
1 2 0 3 5 4 
6929146 8219588 8746988 9417064 
1 2 4 5 0 3 
6931926 8541766 8587310 9296942 
2 4 5 0 1 3 
6940866 8408172 8750090 8776922 
5 1 0 4 3 2 
6944960 8380692 8856456 8883158 
3 0 4 1 2 5 
6949670 8114858 9088016 8727930 
4 1 5 2 3 0 
6957518 8320226 8930276 8943862 
0 5 2 4 1 3 
6971734 8320664 8523730 9460282 
1 4 0 3 5 2 
6984144 8154910 9076376 8965900 
3 0 5 2 1 4 
6988192 8192694 8807346 8614210 
1 5 2 4 3 0 
6995266 8052370 8858076 8866444 
5 2 3 4 0 1 
7014524 8561396 8635976 8848154 
3 1 0 5 4 2 
7015198 8496666 8650510 8963604 
4 5 0 2 3 1 
7017394 8372662 8279248 9109376 
1 3 4 2 0 5 
7026196 8218794 8628846 9079298 
2 4 0 3 1 5 
7028034 8152896 8789754 9177420 
3 0 5 4 2 1 
7032062 8609714 8765054 8672176 
0 3 2 5 1 4 
7057114 8522260 8619952 8973356 
4 0 1 5 3 2 
7058744 8197360 8301006 9125330 
2 4 1 5 0 3 
7064862 8375104 8678438 9000826 
4 5 3 0 2 1 
7069782 8112728 8377460 9307044 
2 5 0 1 3 4 
7069844 8376182 8543202 8805916 
5 2 3 0 1 4 
7070398 8063412 8632254 8983124 
5 1 2 3 4 0 
7070790 8286354 8773802 8723570 
0 3 4 2 1 5 
7072446 8130518 8705274 8687348 
1 4 3 2 0 5 
7073834 8327404 8624378 8763270 
4 2 3 5 0 1 
7076178 8504066 8404402 8761434 
3 2 5 1 4 0 
7096608 8182848 8602786 9169014 
4 5 1 2 3 0 
7101946 8330978 8424882 9112924 
3 5 4 2 1 0 
7110430 8094036 8271530 9137384 
1 3 2 5 0 4 
7111686 8294630 8458730 8977916 
0 2 3 5 4 1 
7112172 8484554 8422680 9101332 
1 5 3 0 4 2 
7114502 8101602 8592650 9123840 
0 2 1 5 4 3 
7136164 8286996 8167944 9179882 
4 1 0 5 3 2 
7138436 8348652 8453016 8645384 
1 5 0 3 4 2 
7150636 7848514 8638628 8830454 
2 0 5 1 3 4 
7153930 8126962 8491870 9101880 
1 5 0 2 3 4 
7170612 8274402 8325572 8679378 
4 3 2 5 0 1 
7171068 8169048 8248450 9143880 
1 4 2 0 5 3 
7174130 8298798 8766662 8512178 
2 1 3 0 5 4 
7189110 8068866 8586064 9226290 
3 5 0 2 1 4 
7199348 8201270 8377976 8933040 
3 5 2 1 4 0 
7212034 8255782 8376648 9018364 
4 2 1 0 5 3 
7219558 8267636 8417394 8628366 
3 5 1 2 4 0 
7220714 8348836 8153578 9138086 
2 5 0 4 3 1 
7227814 7945004 8347584 8483866 
5 0 4 2 3 1 
7229560 8182634 8304074 9132110 
0 1 2 5 4 3 
7230876 8194310 8219746 9017748 
1 0 5 2 3 4 
7242738 8025342 8288240 8978062 
3 4 5 2 1 0 
7247256 8013968 8330304 8932606 
0 2 4 5 1 3 
7270544 8350040 8093472 9045884 
5 2 3 1 0 4 
7301142 7878066 8426314 8504128 
4 1 2 0 5 3 
7304268 8193434 8491378 8415638 
4 5 2 0 3 1 
7328724 8262366 8066492 9097272 
1 2 3 5 0 4 
7338628 8151826 7987438 8836844 
3 2 5 0 4 1 
7345560 8121564 8324756 8704174 
4 5 3 1 0 2 
7361880 7844786 8225684 8785884 
1 0 2 4 5 3 
7362740 7921612 8364916 8769286 
4 5 3 2 0 1 
7364108 8084066 7997310 8781710 
1 5 4 3 2 0 
7367370 8005774 8225234 8456772 
3 5 2 0 4 1 
7378380 7964324 8072954 8725954 
3 5 2 4 1 0 
7384646 7918494 8166086 9063886 
2 4 1 5 3 0 
7406034 7946556 8332906 8578884 
0 3 1 2 5 4 
7407190 8411690 8428676 8447746 
3 0 2 1 5 4 
7410510 8222652 8506756 8266080 
4 2 0 3 1 5 
7414608 7844354 8493906 8788588 
3 5 2 4 0 1 
7417448 7828958 8266674 8828794 
5 3 4 2 0 1 
7438766 8016402 8071338 8892092 
1 4 5 3 2 0 
7440972 7944902 8368490 8213504 
5 4 0 2 3 1 
7446764 8099046 8090548 8684196 
4 1 3 0 2 5 
7453628 7781806 8628948 8581148 
2 0 4 1 3 5 
7453968 7803072 8295386 8966964 
2 5 1 3 4 0 
7454780 7698816 8322254 8369058 
3 0 4 2 1 5 
7460112 7726594 8403728 8252054 
4 1 5 3 2 0 
7470162 8039134 8639114 8183760 
3 0 4 5 2 1 
7471320 8321236 8106766 8382728 
3 4 1 5 2 0 
7484820 8068542 8001646 9115158 
2 5 0 4 1 3 
7488466 8090436 8120236 8661430 
3 0 1 2 5 4 
7489874 8302346 8223794 8371348 
0 2 1 3 5 4 
7491102 7899878 8127292 8709412 
0 5 2 4 3 1 
7494178 7632714 8265052 8569750 
4 5 0 1 3 2 
7515566 7885782 8001222 8656350 
3 1 4 5 2 0 
7516400 8289998 8171300 8629340 
4 5 0 3 1 2 
7520146 7657126 8023296 8958724 
0 5 2 3 4 1 
7520338 7665136 8128452 8399558 
4 1 3 5 0 2 
7522294 8083900 8219374 8276432 
4 3 1 5 0 2 
7538874 7827644 7984598 8856766 
1 0 5 4 2 3 
7542386 8027140 8050866 8630464 
5 4 3 2 0 1 
7550300 8030146 7942338 8623986 
0 2 5 3 4 1 
7565856 7821328 8288554 8359962 
0 5 1 2 4 3 
7567702 8124766 7858142 8750642 
5 2 4 0 1 3 
7571496 7738644 8195644 8245442 
0 3 5 4 2 1 
7588236 8093542 8241868 8097058 
4 5 1 3 0 2 
7595878 7908218 7958760 9008566 
0 1 5 2 4 3 
7598340 7882904 8035998 8777672 
2 1 0 3 4 5 
7603934 7585728 8261190 8738822 
4 0 5 1 2 3 
7604780 7580664 8277890 8243194 
1 5 3 2 4 0 
7606870 8171158 8116362 8621054 
4 2 3 0 1 5 
7616682 7513798 8213114 8423556 
1 4 0 5 2 3 
7630918 8191404 8007388 8433940 
1 5 0 2 4 3 
7634034 8148788 8000206 8473820 
1 4 2 3 5 0 
7640004 7707492 8412192 7996682 
1 0 4 2 3 5 
7641842 7640938 8006278 8713586 
5 4 3 0 1 2 
7649106 7602434 7960062 8739290 
3 5 1 0 2 4 
7649342 7824086 8015214 8537674 
4 5 3 0 1 2 
7650432 7455474 7809838 8695610 
2 5 0 1 4 3 
7653398 8082214 8165666 8391960 
5 2 1 0 4 3 
7656206 7908860 7882076 8291150 
5 0 4 1 2 3 
7663912 7521348 8152584 8439894 
0 5 2 3 1 4 
7665364 7780362 7988222 8565054 
1 4 0 2 3 5 
7665398 7844858 8170168 8120436 
1 3 2 4 5 0 
7667056 7602734 8251358 8227438 
1 5 2 0 4 3 
7668566 7749854 8001330 8149348 
3 5 4 0 2 1 
7670554 7726622 7732684 8489590 
2 5 4 3 1 0 
7674538 7795404 7855654 8235354 
4 3 5 1 2 0 
7676434 7589904 8216404 8396286 
1 5 2 3 4 0 
7677536 7519136 8163464 8003196 
1 2 0 3 4 5 
7688818 7376974 8039158 8615174 
2 0 1 4 3 5 
7695998 7552446 7987566 8575148 
0 3 4 5 2 1 
7705512 8155702 7873722 8168596 
2 5 3 4 0 1 
7707188 7797648 7830686 8102740 
2 1 3 5 0 4 
7721302 7879680 7799134 8447988 
3 5 4 1 0 2 
7733288 7575516 8095026 8534050 
3 4 0 5 2 1 
7736418 7979640 7690276 8665422 
3 1 5 0 2 4 
7741264 7699930 8192908 8000880 
4 2 5 0 1 3 
7743880 7601830 8121622 7890990 
0 5 1 3 4 2 
7751292 7381364 7915102 8339264 
1 0 2 5 3 4 
7753916 7654506 7696418 8494980 
5 4 2 0 1 3 
7764738 7728442 8087212 8336466 
2 4 5 3 1 0 
7770102 7715888 7962728 8039960 
3 2 5 1 0 4 
7775586 7425208 8233934 8180358 
0 4 2 5 3 1 
7777120 7617040 7983630 8279112 
4 0 3 1 2 5 
7778094 7410312 8379662 8184896 
2 4 0 5 3 1 
7798836 7699230 7785622 7939728 
4 1 5 0 2 3 
7799066 7670078 8217576 7808342 
4 5 2 0 1 3 
7800564 7556918 7893380 8262978 
0 2 5 3 1 4 
7806186 7647298 7892508 8264626 
2 5 1 0 3 4 
7808628 7965662 7732420 8402884 
2 0 3 5 1 4 
7810990 7799008 7663868 8482464 
2 0 1 5 3 4 
7813552 7647060 7547566 8493066 
3 4 2 5 0 1 
7818198 7595578 7831226 8449800 
1 0 4 5 2 3 
7823284 7853806 7532290 8494344 
1 0 2 3 4 5 
7826304 7637486 8069540 8240902 
1 5 0 4 3 2 
7826754 7356344 7851928 7904302 
2 0 4 5 3 1 
7841762 7779338 7694648 8328482 
3 4 5 0 2 1 
7843166 7693840 7775604 8204264 
1 2 5 0 4 3 
7844290 7597470 7846684 8283976 
3 2 4 5 1 0 
7845034 7869290 7648056 8404810 
4 0 2 5 1 3 
7850908 7743862 7730800 8492888 
0 4 3 5 2 1 
7851538 7988270 7601198 8413302 
3 2 1 0 5 4 
7855428 7708962 7731722 8216662 
3 5 1 0 4 2 
7860134 7527352 7643204 8337660 
4 2 5 3 1 0 
7874176 7608486 8023960 7895208 
1 2 3 4 0 5 
7875788 7614254 7755196 8308508 
4 5 1 0 3 2 
7879850 7747562 7520840 8615918 
3 0 5 4 1 2 
7881764 7807026 8025782 7861384 
1 5 3 4 0 2 
7886128 7542188 7699030 7947976 
1 2 0 5 3 4 
7892170 7645998 7486080 8236076 
4 2 3 1 0 5 
7899956 7283164 7962498 7889072 
4 5 2 3 1 0 
7903874 7488380 7787334 8323526 
2 4 0 5 1 3 
7930728 7884030 7696506 8161396 
1 2 0 4 3 5 
7931432 7354788 7757706 8162654 
0 5 4 3 2 1 
7945172 7568674 7553222 8109734 
5 0 4 2 1 3 
7947754 7328444 7661016 8203378 
2 4 3 5 0 1 
7955034 7686398 7544140 7858296 
0 3 2 1 4 5 
7965660 7772934 8130452 7809268 
0 5 1 4 3 2 
7971318 7163104 7783238 8185156 
3 5 2 0 1 4 
7974966 7446730 7736624 8108110 
3 5 0 4 1 2 
7976530 7491292 7560252 8423164 
5 2 0 1 3 4 
7987746 7513906 7689284 7849738 
1 0 5 4 3 2 
8015270 7431594 7850756 7960036 
1 4 3 5 0 2 
8018476 7538378 7547416 7762150 
2 3 4 5 0 1 
8025292 7670222 7460340 8085058 
3 0 2 1 4 5 
8029266 7601730 7893466 7723494 
2 1 0 5 3 4 
8030444 7594652 7432176 8116020 
5 0 3 2 1 4 
8033268 7334232 7747526 8001236 
3 1 4 0 2 5 
8036796 7358862 7962656 7882032 
3 2 5 0 1 4 
8037450 7314714 7732610 7825498 
1 0 2 5 4 3 
8041550 7340568 7416920 8137278 
1 3 2 5 4 0 
8062092 7329344 7634100 7905472 
2 3 0 5 4 1 
8087754 7450694 7697044 7898782 
4 5 3 2 1 0 
8091002 7435984 7480796 8079334 
0 3 5 4 1 2 
8093538 7582854 7763396 7641466 
5 0 2 1 3 4 
8101250 7519046 7604922 8051386 
2 0 4 5 1 3 
8106692 7560356 7248430 8186046 
0 2 1 4 3 5 
8119304 7252174 7741948 8152382 
1 3 4 5 2 0 
8133566 7657122 7370630 8005138 
2 5 3 4 1 0 
8135882 7567466 7443672 7917664 
0 3 4 5 1 2 
8151090 7638694 7444862 7711898 
5 2 4 3 1 0 
8164268 7438044 7694808 7717136 
4 2 0 1 3 5 
8168660 7250538 7587648 7657358 
0 1 5 2 3 4 
8177796 7242502 7675760 7999806 
3 2 0 1 4 5 
8183006 7337322 7522184 8031534 
4 3 5 2 1 0 
8188912 7121770 7473648 7943918 
0 5 3 4 1 2 
8211034 7370492 7241332 8075794 
1 3 0 5 4 2 
8219824 7286442 7700664 7635866 
3 1 0 2 4 5 
8223078 7445890 7494716 7906162 
5 1 0 2 3 4 
8226788 7360780 7417750 7603144 
3 2 4 1 0 5 
8238532 6945190 7791712 7857942 
5 0 1 2 3 4 
8249694 7409980 7252440 7925654 
5 0 2 1 4 3 
8250008 7399730 7385734 7934598 
3 0 4 5 1 2 
8261298 7512228 7417106 7570830 
1 0 3 5 4 2 
8270892 7266326 7540690 7856658 
4 3 2 5 1 0 
8279550 7314998 7269580 8232462 
1 4 0 5 3 2 
8282278 7218010 7424898 7418782 
4 1 0 2 3 5 
8292204 7204852 7451046 7469382 
4 0 1 2 3 5 
8295118 7283734 7324700 7776898 
0 4 3 5 1 2 
8313190 7422476 7129192 7912612 
0 4 1 5 3 2 
8313826 7115040 7466266 7799086 
5 3 4 2 1 0 
8326100 7073458 7293398 7900396 
2 3 1 5 4 0 
8326856 7119624 7318130 7842334 
2 0 1 5 4 3 
8327914 7176048 7127350 7928940 
0 2 1 3 4 5 
8332782 7000450 7368564 7832858 
0 2 4 1 3 5 
8348112 6990058 7625490 8016324 
4 1 3 2 0 5 
8348300 7102278 7549096 7399896 
1 0 4 5 3 2 
8348332 7263780 7288848 7824882 
2 3 5 4 1 0 
8374322 7251372 7272024 7750288 
3 1 4 2 0 5 
8374420 7013874 7682588 7643716 
4 0 3 2 1 5 
8389492 6961418 7550426 7538128 
5 1 0 2 4 3 
8409524 7473146 7304936 7687074 
3 2 4 0 1 5 
8411350 6901914 7387492 7620382 
5 3 1 2 4 0 
8418054 7344818 7185526 7921258 
2 4 3 5 1 0 
8428098 7442650 7109492 7658022 
0 2 4 3 1 5 
8429632 7082064 7332072 7733150 
2 1 0 5 4 3 
8472188 7344042 7206882 7750638 
0 1 2 3 4 5 
8472814 7034044 7434446 7576124 
3 5 4 0 1 2 
8477932 6912294 7024344 7671732 
4 0 3 5 1 2 
8484182 7216428 7179708 7670408 
5 0 1 2 4 3 
8505048 7301944 6944704 7810840 
4 3 0 2 1 5 
8512750 6931648 7476044 7582186 
3 4 0 5 1 2 
8519670 7191046 7018670 7871932 
3 2 1 0 4 5 
8527560 7047140 7046624 7634230 
3 1 2 0 4 5 
8547992 7082334 7252506 7404696 
2 3 4 5 1 0 
8570974 7206072 6830770 7686040 
0 5 4 3 1 2 
8582150 6993146 6918882 7587476 
0 1 4 2 3 5 
8602400 6839942 7361566 7713298 
0 4 5 3 1 2 
8626754 6989290 7125276 7353862 
3 4 5 0 1 2 
8641538 6906846 7091438 7411054 
