152 4
5 4 1 3 2 0 
6228946 10397636 7706920 8229394 
2 1 4 0 5 3 
6264742 10091762 7400486 8143744 
2 1 4 3 5 0 
6311892 10285446 7676146 7667434 
0 1 4 2 3 5 
6460794 9645260 7773898 7895244 
2 1 3 0 5 4 
6508004 9978134 7122174 8167378 
2 1 5 3 4 0 
6581484 10122736 7915576 7491732 
5 4 0 3 2 1 
6611450 10276344 7111710 8220120 
2 0 4 1 5 3 
6631284 9586576 6988012 8485480 
0 2 4 1 3 5 
6684158 9496132 7615842 7761804 
2 1 0 3 5 4 
6685480 10017314 7101468 8023680 
0 1 5 2 3 4 
6751912 9591160 7299576 7574864 
3 4 1 5 0 2 
6773134 9265828 7360464 7962028 
0 1 5 4 3 2 
6814872 9945868 7859294 6789516 
3 1 5 2 0 4 
6824656 9541930 7371446 7792976 
3 4 2 1 0 5 
6862776 9663146 7871206 6784286 
4 5 1 3 2 0 
6886918 9780428 7232860 7777900 
2 0 3 1 5 4 
6891108 9903560 6898252 7351048 
1 2 4 0 5 3 
6894312 9641880 6985740 7667300 
3 4 1 2 0 5 
6901460 9523160 7696960 7181126 
3 5 1 4 0 2 
6912996 9291788 7211434 7894114 
3 2 5 1 0 4 
6913674 9434606 7562374 7451914 
1 2 4 3 5 0 
6930662 9605164 7464200 7440990 
2 1 3 4 5 0 
6959392 9967640 7650980 7131554 
1 4 3 0 5 2 
6965040 9569582 7196980 8664156 
0 2 5 1 3 4 
6977330 9495436 7164904 7297802 
0 1 4 5 3 2 
6980712 9668014 7668354 7096670 
4 3 0 1 2 5 
6986652 9555126 8152296 7029730 
1 2 3 0 5 4 
7016032 9435756 6777646 8081222 
3 4 5 1 0 2 
7032622 9370242 7499368 7248738 
3 1 5 4 0 2 
7044696 9919738 7189324 6787188 
3 4 2 5 0 1 
7053668 9218792 6966104 7563606 
2 3 0 1 5 4 
7092900 10114732 6841196 6806830 
4 1 2 3 5 0 
7097592 10819202 6708428 8703642 
2 0 3 4 5 1 
7143292 9733054 7653688 7082648 
0 4 2 1 3 5 
7152136 9859924 7418432 6900670 
2 4 1 0 5 3 
7157048 10676978 6792198 7818652 
2 0 3 1 4 5 
7158256 9758188 7299196 7093890 
0 4 5 1 3 2 
7164258 9427112 7306498 7420666 
1 2 5 3 4 0 
7165336 9411486 7722274 7109500 
2 3 5 1 4 0 
7174642 9205414 7205384 8119728 
3 5 2 4 0 1 
7195584 9298156 6840458 7352070 
4 3 1 0 2 5 
7203940 9292140 7843068 7340054 
4 2 1 3 5 0 
7216870 10679456 6662120 8960074 
4 5 0 3 2 1 
7225460 9625680 6663048 7909794 
1 0 3 4 5 2 
7240058 9245654 7755544 7114526 
4 1 5 3 2 0 
7246638 10426584 6773250 7574516 
1 3 4 2 5 0 
7249456 9030378 6670912 8542146 
1 2 3 0 4 5 
7253298 9095290 7185474 7884296 
2 4 0 1 5 3 
7255952 10287430 6765942 7211978 
0 2 5 4 3 1 
7264308 9649122 7605616 6644472 
0 5 4 1 3 2 
7334242 9163676 7290500 7596226 
1 0 4 3 5 2 
7347558 9236784 7564050 7299440 
4 3 0 2 1 5 
7351454 9289196 8139238 7042040 
3 4 5 2 0 1 
7351840 9183220 6930762 7247156 
1 0 4 2 5 3 
7352970 8801382 6510882 8131036 
3 1 4 5 0 2 
7355408 9840486 7050920 7142898 
4 3 1 5 2 0 
7365428 8678352 6896566 8129738 
3 5 2 1 0 4 
7366926 9396626 7527650 6692456 
4 3 2 5 0 1 
7378440 9542770 6789012 8053850 
1 2 5 0 4 3 
7382114 9301738 6983124 7054822 
3 2 1 5 0 4 
7408146 9028242 7083090 8004164 
4 3 2 0 1 5 
7416130 9236132 7931500 7169562 
0 2 4 1 5 3 
7430450 9914510 6590120 7535616 
1 0 5 2 3 4 
7435506 9500912 6803128 7641804 
3 2 5 4 0 1 
7452932 9625392 6811646 6444544 
3 5 1 2 0 4 
7470706 9230570 7324016 7075392 
5 0 3 4 2 1 
7493382 10027644 6783290 6914020 
1 0 3 2 5 4 
7494918 9121186 6533076 7130554 
0 2 4 5 3 1 
7495244 9345198 7385288 6937722 
1 4 2 0 5 3 
7497340 10297642 6438960 7484576 
3 1 2 4 5 0 
7514644 10595608 6382168 8134538 
0 1 4 2 5 3 
7522566 9579198 6527736 7657616 
1 0 3 2 4 5 
7545764 9066980 7071164 6940388 
4 3 2 5 1 0 
7552178 8637064 7011198 7987486 
1 3 5 2 4 0 
7584870 8731406 6880272 8081626 
4 0 1 5 2 3 
7611054 8714976 6775408 8401954 
0 5 2 1 3 4 
7615292 9595792 6951496 6612228 
0 5 4 2 3 1 
7625410 8989988 7165490 7570718 
3 2 1 4 5 0 
7629692 10302454 6393106 8296218 
0 1 2 4 5 3 
7630346 10176122 6505810 8007170 
3 5 0 4 1 2 
7650258 9023952 6953130 8060394 
1 0 5 2 4 3 
7650972 8659620 6600046 7761658 
1 0 3 5 4 2 
7657340 8851526 7770474 7072312 
2 1 4 0 3 5 
7689074 9109992 7070360 7611388 
3 5 0 4 2 1 
7693078 9247434 6490020 8086384 
1 3 0 2 5 4 
7702710 9549958 6394820 6720736 
3 0 2 4 5 1 
7703710 10584308 6389468 8500634 
4 3 0 5 2 1 
7721858 8988692 6530402 7010848 
3 4 0 5 2 1 
7740962 8969690 6523886 8054820 
4 3 0 5 1 2 
7749616 9086936 6969176 6876730 
3 2 4 5 0 1 
7828740 9520070 6643854 6786350 
4 0 2 5 1 3 
7835404 8515688 7010840 8168102 
1 3 0 2 4 5 
7859026 9420530 6757390 6905884 
1 3 2 0 5 4 
7861714 10024432 6279506 7171202 
4 0 5 3 2 1 
7873738 10026278 6291190 7091056 
0 3 2 1 5 4 
7873930 10622058 6273142 7837532 
1 2 5 4 3 0 
7874446 8846740 7876912 6882714 
3 4 2 0 1 5 
7896410 9033682 8121670 6764766 
4 3 5 0 2 1 
7949754 9517176 6494706 7176346 
1 4 0 2 5 3 
7979408 9566428 6264858 6897182 
1 0 2 3 5 4 
7992998 9535640 6500256 7133722 
1 2 3 5 4 0 
8013076 8817566 7411368 6994514 
0 4 2 1 5 3 
8022978 10189472 6185440 7117692 
1 2 4 0 3 5 
8031764 8429550 6817094 7310064 
4 5 1 3 0 2 
8043010 8784962 6539632 7662930 
4 3 0 1 5 2 
8046220 9042432 7188652 6786996 
3 4 2 5 1 0 
8058054 8980662 6720732 6990190 
2 1 5 3 0 4 
8093590 8900886 6737488 7287824 
4 1 3 5 2 0 
8101058 9489014 6513824 7068230 
3 5 2 4 1 0 
8126836 9172328 6646188 6781306 
0 3 1 2 5 4 
8140910 10326922 6177748 7881628 
4 0 3 5 2 1 
8161246 9315748 6287700 6705858 
4 1 5 3 0 2 
8179600 9590256 6451344 6665540 
1 4 5 0 3 2 
8187128 8749350 6684044 7585076 
1 2 4 5 3 0 
8188614 8500690 7663928 7089570 
4 5 2 3 0 1 
8207722 8794150 6280610 7254836 
3 0 1 2 5 4 
8210422 9897152 6205536 8505906 
3 1 5 4 2 0 
8241898 9858254 6160622 7036420 
1 2 5 0 3 4 
8282300 8429874 6406650 6894512 
3 2 0 5 1 4 
8285668 8406080 7000180 7914774 
3 5 2 0 1 4 
8348948 8824282 7766282 6705270 
3 0 5 4 2 1 
8355576 10163744 5925718 7586174 
3 4 1 2 5 0 
8362600 9234692 6216932 7405980 
0 3 4 5 2 1 
8379162 9932668 6063518 8601156 
1 2 0 5 4 3 
8389034 9010774 6778592 6878200 
0 4 1 2 5 3 
8406142 9847806 6037594 7136972 
4 2 5 3 0 1 
8474190 9452138 6128374 6551598 
1 4 2 0 3 5 
8510242 9174142 6477584 6684130 
0 1 4 5 2 3 
8543594 9234632 6149812 7548262 
1 2 5 4 0 3 
8563302 8558586 7231992 6792152 
3 2 5 4 1 0 
8596714 9347986 6263694 6630066 
1 3 4 5 2 0 
8639162 8790828 6374876 8697900 
4 0 3 2 5 1 
8641872 9009506 6619616 6642582 
1 5 3 2 0 4 
8642390 9930116 6021156 8284224 
1 5 0 2 4 3 
8664894 9186476 6131920 6853730 
3 1 4 5 2 0 
8670130 9541882 6006618 7140190 
4 2 3 5 0 1 
8689058 10098160 5896068 7766296 
1 5 0 2 3 4 
8700648 9848596 5916934 7627840 
1 0 5 4 2 3 
8730576 8592406 6401582 7840278 
3 0 4 5 2 1 
8741784 9864202 5790686 7698920 
1 2 5 3 0 4 
8754378 8251468 6500880 6858628 
1 2 0 5 3 4 
8860724 9003486 6258998 7636502 
1 0 4 5 2 3 
8875248 8415112 6245238 8203736 
0 5 2 3 1 4 
8888612 8849234 7409856 6603306 
3 2 5 0 4 1 
8911498 8940136 7160282 6497154 
1 5 2 0 3 4 
8932292 8966518 6030436 6478410 
1 3 0 5 2 4 
8932336 8837128 6616434 6647680 
1 2 3 5 0 4 
8993726 8885100 6270734 8047916 
0 5 1 2 4 3 
8997176 9394006 5986256 6964184 
4 5 1 0 3 2 
9024172 8528056 6353264 7694466 
4 5 2 0 3 1 
9115284 8319644 6332242 7181172 
1 5 2 3 0 4 
9223590 8792304 6250164 6456674 
