140 4
0 2 5 3 4 1 
4087238 5922578 7989304 7042196 
1 3 4 2 5 0 
4337548 5064600 7899662 7113124 
5 2 0 3 4 1 
4340628 5472400 7459712 6750040 
2 0 5 3 4 1 
4490226 5841642 8104088 6622744 
5 3 0 2 1 4 
4546426 6116792 8063726 6478424 
2 5 0 3 1 4 
4633470 5449538 8002068 6743482 
4 3 1 2 5 0 
4643782 5798756 7119046 7716252 
2 5 0 3 4 1 
4668678 5436434 7719494 6510440 
5 2 0 4 3 1 
4726186 5522704 7438958 7732046 
1 3 4 0 5 2 
4739458 5169550 7700386 7307414 
4 3 1 5 0 2 
4744228 4906956 7735254 7380738 
0 3 5 2 1 4 
4787276 6334808 7534090 6529988 
1 3 4 5 2 0 
4805710 5280120 7379710 7247160 
1 3 4 2 0 5 
4812096 4525712 7733570 6697510 
1 3 4 5 0 2 
4821480 5242892 7447844 6992046 
3 5 0 2 1 4 
4852848 5688750 8054806 6165908 
3 1 4 2 5 0 
4874500 5481924 7496764 6281814 
2 3 0 5 4 1 
4970214 5161084 7457644 6151920 
4 3 1 0 5 2 
5006452 5182998 7183332 7659406 
0 3 2 5 4 1 
5013220 5505388 7404340 6661700 
3 2 0 5 4 1 
5035670 4739036 7192482 6062956 
5 3 0 1 2 4 
5078626 6306704 6864060 7315370 
3 1 5 2 4 0 
5140356 6261312 7968124 6016818 
1 3 4 0 2 5 
5198236 4667890 7466160 7146914 
0 3 2 1 5 4 
5204566 5821618 7104404 7820572 
3 4 0 2 1 5 
5207612 6977042 8656562 6001620 
3 1 0 5 4 2 
5226588 6165744 8078294 6000246 
3 4 1 2 5 0 
5280218 5589376 7086840 6974888 
3 1 4 5 0 2 
5282226 4959806 7117334 6539246 
2 3 5 1 0 4 
5310092 5114822 6989738 6684066 
2 3 4 1 0 5 
5324378 4607684 7805036 5761454 
2 3 0 4 5 1 
5338526 5477968 6751330 6899382 
3 1 4 5 2 0 
5340256 4971634 7052200 6780760 
2 3 0 1 5 4 
5379332 5017454 6820662 7032256 
5 3 2 1 0 4 
5382236 6196010 6663276 7368818 
3 5 0 1 2 4 
5387400 6588182 6781444 6646134 
3 2 5 0 4 1 
5395808 4606654 7446348 6040038 
3 2 0 4 5 1 
5405284 5448690 6445372 6612948 
0 2 4 1 5 3 
5415064 5962784 8618494 5749380 
2 5 4 1 0 3 
5422540 5869404 8602800 5674512 
2 0 4 1 5 3 
5446636 5870920 8959510 5608792 
2 3 5 0 1 4 
5470952 5295252 7305494 6000116 
0 3 5 2 4 1 
5476602 5742104 7696734 5911550 
3 2 4 1 0 5 
5507202 5649752 7749428 5120308 
5 3 0 2 4 1 
5535958 5064604 7717708 5541430 
3 0 2 4 5 1 
5544680 5886896 7100880 6553998 
3 2 5 1 0 4 
5567998 6097432 6760964 5934420 
2 3 5 0 4 1 
5569062 5309460 7502146 5790428 
3 1 4 2 0 5 
5571186 4866582 7339702 5825264 
2 1 4 3 5 0 
5601178 5208456 6993992 6045540 
3 1 5 4 0 2 
5657356 5055908 6947386 6626692 
4 2 0 3 5 1 
5661706 5983438 6931210 6160962 
3 2 5 4 0 1 
5704198 5797480 6552164 6591212 
3 0 5 2 4 1 
5706336 4958362 7755720 5741708 
3 2 5 0 1 4 
5722786 4446142 7266976 6171390 
3 2 0 5 1 4 
5725978 4356856 7483604 6054114 
1 3 5 4 0 2 
5728530 5964610 6811368 6325044 
2 3 4 1 5 0 
5789990 4181452 7917048 5527068 
0 1 5 2 4 3 
5861670 6710152 7651712 5691556 
5 3 2 4 0 1 
5863700 5262738 6922832 6890122 
2 1 0 5 4 3 
5872180 5953986 7531344 5737544 
3 2 0 1 5 4 
5874634 5884432 6423696 6143326 
1 2 4 5 0 3 
5892664 5344182 6991508 6509580 
2 1 4 3 0 5 
5901912 4999578 6859706 5862740 
3 5 0 2 4 1 
5929464 4606590 7712328 5212866 
5 3 1 0 4 2 
5950320 5593268 6120970 6454542 
3 1 4 0 2 5 
5956726 4827760 7091092 6365668 
2 3 0 1 4 5 
6005166 4476500 7255956 6553710 
5 3 1 2 4 0 
6006870 5706510 6105456 6440696 
4 2 5 1 0 3 
6007402 7154498 7001138 5720166 
3 5 4 1 0 2 
6012332 5769766 8221630 4886190 
3 5 2 0 4 1 
6013700 4457996 7509368 5674186 
0 3 4 2 1 5 
6014334 6488584 6636226 5741940 
5 3 4 2 1 0 
6095672 6462566 6658464 5847652 
2 4 1 3 5 0 
6124400 5456452 7481476 5643062 
2 3 4 0 1 5 
6131378 5741660 6250902 5950772 
3 2 4 1 5 0 
6134436 5167894 7868010 4856138 
2 1 3 4 5 0 
6139374 4920612 6964634 6582604 
2 1 5 0 4 3 
6140530 6146308 7358524 5491034 
3 5 1 0 4 2 
6156964 5182408 6473338 6394640 
3 5 4 2 1 0 
6209372 6187142 7094030 5813636 
2 3 1 4 0 5 
6245980 4758928 7695206 5474764 
4 3 5 1 0 2 
6248148 6265814 7046212 5662394 
3 5 1 2 4 0 
6248482 5368782 6450398 6331632 
1 3 5 2 0 4 
6255750 4279910 7321532 5719442 
3 0 4 2 1 5 
6257944 5776130 7094500 5783734 
1 5 0 3 2 4 
6270832 6137066 7066276 5685916 
3 2 4 0 1 5 
6308130 4952008 6385550 6230546 
1 2 0 5 4 3 
6332166 5398432 6990740 5599576 
3 2 1 5 4 0 
6341394 5046266 6715562 5923414 
2 3 1 4 5 0 
6348262 4554364 7336724 5380572 
0 3 1 5 4 2 
6367476 5567032 6352934 5784234 
1 2 5 3 0 4 
6395626 5627272 6488638 5592304 
2 3 5 1 4 0 
6401538 4147636 7537044 5971134 
1 3 0 2 5 4 
6460190 4592302 7503976 5315712 
1 3 5 0 2 4 
6461050 4155212 7577462 5924438 
0 2 4 3 1 5 
6465140 5281400 7183462 5597718 
3 0 1 5 4 2 
6469138 5253682 6975264 5804480 
2 1 3 4 0 5 
6505448 4671870 6914960 6374592 
0 1 4 2 5 3 
6533624 6499342 7203920 5496976 
2 3 4 5 1 0 
6534452 5400210 6257012 5916858 
3 0 4 1 5 2 
6546698 5829536 8389562 4634758 
5 2 1 3 4 0 
6554204 5310778 7233900 5426954 
1 2 5 4 0 3 
6561448 6097582 6198358 5925472 
5 1 4 2 0 3 
6610318 5777916 7328558 5401386 
2 3 1 5 4 0 
6626090 5191026 6173148 5506378 
0 3 1 2 4 5 
6626502 6157514 6100834 5991472 
1 2 3 5 0 4 
6671548 4947430 7037814 6204366 
1 2 0 3 4 5 
6684198 5961116 6847402 5467906 
1 2 3 0 5 4 
6692654 4537164 7143710 6560648 
0 5 1 3 4 2 
6699322 5482348 7269982 5265190 
3 1 0 2 5 4 
6724148 5225812 7730700 4878902 
2 1 5 3 0 4 
6727962 5119244 6712968 5713704 
4 3 2 5 0 1 
6731772 4730162 7147610 6048304 
1 2 0 3 5 4 
6780522 5651460 6354846 5365964 
2 3 1 0 4 5 
6828566 5668266 5936562 5727462 
1 2 0 5 3 4 
6829270 4989514 7047926 5680922 
1 2 0 4 5 3 
6837444 6097350 6106014 5665472 
4 3 0 2 5 1 
6843582 5064824 7421396 5050870 
3 1 5 2 0 4 
6845992 4754492 7317088 5091196 
1 3 0 5 2 4 
6848492 4689968 7215134 5341816 
2 3 5 4 1 0 
6868172 4729732 7040584 6235118 
3 2 4 5 1 0 
6874140 4951322 6357058 5967558 
3 2 0 4 1 5 
6881572 4470438 7178298 6096048 
2 5 4 3 1 0 
6891642 5482282 7290684 5215754 
1 3 2 0 5 4 
6982880 4398674 7594950 5497518 
2 5 3 1 4 0 
7007732 4233550 7860674 5584414 
2 0 1 3 4 5 
7024010 5612888 7552304 4934738 
3 1 5 0 2 4 
7050692 4448794 7591818 5387192 
2 5 1 3 4 0 
7080512 5117810 7036428 4900854 
3 1 0 5 2 4 
7110044 4597668 7517246 5269916 
5 2 4 3 1 0 
7117630 5308818 6955164 5300470 
1 3 2 5 0 4 
7165882 4621038 7050178 5318626 
3 4 0 2 5 1 
7293178 5003404 7820110 4579506 
3 1 2 5 0 4 
7319034 4581538 7429090 5310326 
3 4 2 0 5 1 
7347822 4729318 7770590 5040826 
3 4 2 5 0 1 
7429194 5079216 7316904 5165938 
2 1 3 5 0 4 
7431164 4941946 6887392 5719734 
3 2 5 4 1 0 
7444390 4559038 6933178 5950336 
3 4 5 2 0 1 
7718164 5150846 7705970 4681700 
