28 2
3 7 0 6 1 4 2 5 
10182350 13482632 
5 3 4 6 1 7 0 2 
10337350 13306854 
2 5 7 3 4 1 6 0 
10395644 13212304 
5 3 4 6 7 1 0 2 
10510052 13165962 
5 7 4 6 1 0 2 3 
10536354 13047822 
2 3 4 6 1 7 0 5 
10641576 13002422 
3 4 5 6 7 1 0 2 
10661904 12813510 
3 0 5 6 1 7 4 2 
10683632 12726058 
3 0 5 6 7 1 4 2 
10730550 12601240 
5 0 4 6 1 7 3 2 
10899702 12521030 
2 6 7 3 4 1 5 0 
10915274 12401536 
3 7 5 6 1 0 2 4 
10979224 12047704 
2 0 4 6 1 7 3 5 
11181018 11985918 
2 0 4 6 7 1 3 5 
11343122 11840592 
2 0 5 6 1 7 3 4 
11388758 11760810 
6 3 7 2 4 5 0 1 
11758328 11739402 
2 7 5 6 0 1 3 4 
11758748 11670768 
7 0 4 6 1 2 3 5 
11776016 11555898 
5 7 6 3 1 4 2 0 
11904816 11438046 
7 0 5 6 1 2 3 4 
12310096 11258270 
5 1 6 3 7 4 2 0 
12433378 11216110 
2 0 6 4 7 1 3 5 
12990448 11071002 
1 3 6 2 4 5 0 7 
13049958 11044916 
4 7 6 3 1 5 2 0 
13072860 10959102 
7 4 6 0 1 2 5 3 
13204462 10830716 
7 0 6 5 1 2 3 4 
13558704 10676326 
7 0 6 4 1 2 3 5 
13560786 10495226 
1 0 6 4 7 2 3 5 
14842312 10151614 
