15 3
3 1 5 2 4 0 
4445614 7452482 6068964 
3 2 5 1 4 0 
4642318 7729986 5949902 
2 4 5 0 1 3 
4689066 9269794 5775752 
0 2 5 1 4 3 
4752208 8224366 5345596 
1 3 5 2 0 4 
4752588 8119658 5699912 
0 1 5 2 4 3 
4849104 8082062 5635858 
2 0 5 1 3 4 
4945172 8945024 5049416 
1 2 5 0 4 3 
5073334 8666456 5181402 
1 0 5 2 3 4 
5146372 8507800 5222408 
1 3 0 4 2 5 
5160606 7139194 6986808 
3 4 2 5 1 0 
5177282 7868372 5933338 
3 5 2 4 1 0 
5194424 8048120 5571936 
3 1 4 2 5 0 
5301336 7341302 6866148 
1 4 0 3 2 5 
5326876 7211934 6794280 
2 0 3 1 4 5 
5550454 7968418 5890042 
