103 2
1 5 2 4 6 0 3 7 
11178318 14067960 
1 5 2 4 0 6 3 7 
11269986 13848984 
5 1 2 0 6 4 3 7 
11464544 13777404 
5 1 2 4 0 6 3 7 
11503054 13631426 
1 3 2 4 0 6 5 7 
11539538 13610014 
5 1 2 0 4 6 3 7 
11661492 13440006 
4 0 2 1 5 3 6 7 
11737490 13427250 
1 5 2 0 4 6 3 7 
11756810 13382764 
5 3 2 4 0 6 1 7 
11856790 13307736 
4 6 2 1 5 3 0 7 
11902618 13187206 
0 4 2 5 1 3 6 7 
11919792 13143512 
4 0 2 5 1 3 6 7 
12025594 13089730 
3 1 2 0 4 6 5 7 
12160540 13007910 
0 6 2 1 5 3 4 7 
12187946 12917444 
4 6 2 5 1 3 0 7 
12291484 12783618 
6 4 2 5 1 3 0 7 
12369814 12666358 
6 0 2 1 5 3 4 7 
12491100 12646802 
2 6 4 1 5 3 7 0 
12494258 12572242 
2 5 1 4 0 6 7 3 
12570060 12509274 
2 0 4 1 5 3 7 6 
12627648 12463278 
2 6 4 1 3 5 7 0 
12705026 12422124 
2 1 5 6 0 4 7 3 
12728186 12419152 
0 4 6 5 1 3 2 7 
12797710 12223760 
4 0 6 5 1 3 2 7 
12907264 12154802 
4 6 0 5 1 3 2 7 
12978386 12152318 
2 6 0 5 1 3 7 4 
12979402 12145250 
4 0 6 1 5 3 2 7 
13001668 12100238 
5 1 3 0 4 6 2 7 
13006684 12097904 
2 5 1 4 0 7 6 3 
13011104 12002768 
0 4 6 5 3 1 2 7 
13117444 11946838 
7 4 2 1 5 3 0 6 
13173234 11920064 
2 1 5 6 0 7 4 3 
13189482 11889970 
0 7 4 1 5 3 2 6 
13214972 11825386 
2 5 1 4 6 7 0 3 
13242884 11761746 
2 4 6 5 1 3 0 7 
13261648 11689234 
2 0 7 1 5 3 4 6 
13371544 11577716 
2 4 7 1 5 3 0 6 
13445368 11460384 
2 3 1 4 6 7 0 5 
13547966 11448308 
2 4 6 1 5 3 0 7 
13644178 11433802 
4 7 0 1 3 5 2 6 
13673912 11426298 
2 1 3 0 4 6 5 7 
13678266 11426040 
0 4 7 5 1 3 2 6 
13679910 11410094 
2 0 6 1 5 3 4 7 
13707258 11387634 
2 3 1 4 7 6 0 5 
13731990 11334952 
2 4 7 5 1 3 0 6 
13733350 11193168 
2 5 0 4 6 7 1 3 
13872936 11048996 
1 5 0 4 6 7 2 3 
13959962 11017738 
2 0 5 1 3 7 4 6 
13973288 10885346 
2 1 0 4 6 7 5 3 
14063908 10861820 
2 1 4 0 6 7 5 3 
14100678 10834398 
2 4 5 1 3 7 0 6 
14127164 10710782 
2 6 5 1 3 7 4 0 
14216500 10692528 
2 4 5 1 3 7 6 0 
14221132 10682456 
0 4 3 1 5 7 2 6 
14240168 10667496 
2 4 1 5 3 6 0 7 
14252252 10655492 
2 0 3 1 5 7 4 6 
14323274 10610560 
2 4 1 5 3 7 6 0 
14341838 10581456 
0 4 5 1 3 7 2 6 
14373664 10527676 
2 4 1 5 3 7 0 6 
14406566 10503708 
2 4 1 3 5 7 0 6 
14445174 10429348 
2 0 3 1 5 6 4 7 
14553164 10429220 
2 0 1 3 5 6 4 7 
14613218 10369298 
2 4 5 3 1 7 0 6 
14639074 10240630 
2 4 3 5 1 7 6 0 
14813048 10188768 
2 6 5 1 3 7 0 4 
14819906 10187352 
2 4 5 3 1 7 6 0 
14879762 10137488 
0 4 1 5 3 7 2 6 
14919880 10129916 
2 4 3 5 1 7 0 6 
14945200 10042700 
0 1 4 6 7 3 5 2 
15039290 10029388 
2 6 1 3 5 7 0 4 
15066156 10023022 
0 1 5 6 4 7 2 3 
15088190 10004354 
2 6 3 1 5 7 0 4 
15123456 10002006 
6 0 5 1 3 7 2 4 
15143382 9953782 
6 4 1 5 3 7 2 0 
15170018 9946374 
0 6 5 1 3 7 2 4 
15184318 9857978 
2 0 3 5 1 7 6 4 
15238020 9834278 
0 1 3 4 6 7 2 5 
15258280 9741256 
2 6 5 3 1 7 0 4 
15321832 9703888 
5 4 0 1 3 7 2 6 
15410514 9676424 
0 1 5 4 6 7 2 3 
15422876 9625474 
0 5 6 4 7 3 2 1 
15564556 9590322 
2 6 3 5 1 7 0 4 
15566806 9566278 
0 6 5 3 1 7 2 4 
15583284 9563586 
0 6 1 5 3 7 2 4 
15638806 9550698 
6 5 7 4 0 3 2 1 
15657530 9536330 
6 0 5 3 1 7 2 4 
15702956 9524990 
0 1 4 6 7 3 2 5 
15717660 9408682 
4 1 0 7 6 5 2 3 
15794432 9391698 
0 1 6 4 7 3 2 5 
15830188 9328810 
4 1 0 7 6 3 2 5 
15907602 9258770 
4 1 6 7 0 3 2 5 
15990910 9203170 
4 5 0 7 6 3 2 1 
16066016 9189490 
0 5 7 4 6 3 2 1 
16084936 9134574 
6 1 7 4 0 3 2 5 
16133490 9043512 
4 5 7 6 0 3 2 1 
16299234 9031112 
0 5 6 7 4 3 2 1 
16364846 8932422 
0 1 4 7 6 5 2 3 
16368840 8823722 
0 1 7 4 6 3 2 5 
16398880 8771070 
0 1 4 7 6 3 2 5 
16490980 8685022 
0 1 6 7 4 3 2 5 
16637006 8679614 
6 1 4 7 0 3 2 5 
16721910 8588392 
0 1 4 3 6 7 2 5 
17180416 8506820 
6 1 4 3 0 7 2 5 
17432786 8401614 
