120 2
3 1 2 4 0 
2192182 5059062 
4 1 2 3 0 
2233886 5017358 
3 4 0 1 2 
2294346 4956898 
3 4 0 2 1 
2307110 4944134 
4 0 3 2 1 
2310258 4940986 
3 1 2 0 4 
2338118 4913126 
3 0 4 2 1 
2342178 4909066 
1 4 2 3 0 
2381786 4869458 
4 3 0 1 2 
2388138 4863106 
4 3 0 2 1 
2439838 4811406 
1 3 2 4 0 
2440690 4810554 
2 4 1 3 0 
2443044 4808200 
4 1 2 0 3 
2445454 4805790 
0 4 3 2 1 
2447462 4803782 
2 4 1 0 3 
2503288 4747956 
2 0 1 4 3 
2548972 4702272 
3 0 4 1 2 
2553234 4698010 
2 0 1 3 4 
2565332 4685912 
4 0 3 1 2 
2571906 4679338 
2 3 1 4 0 
2596188 4655056 
4 1 0 3 2 
2602334 4648910 
3 1 0 4 2 
2602918 4648326 
0 4 3 1 2 
2611770 4639474 
0 3 4 2 1 
2612110 4639134 
1 4 2 0 3 
2619102 4632142 
1 3 2 0 4 
2643774 4607470 
2 0 3 4 1 
2656588 4594656 
2 3 1 0 4 
2672792 4578452 
0 3 4 1 2 
2686890 4564354 
2 0 3 1 4 
2687376 4563868 
2 1 3 0 4 
2708908 4542336 
2 1 4 3 0 
2720532 4530712 
2 1 4 0 3 
2721572 4529672 
0 1 4 3 2 
2762766 4488478 
2 1 3 4 0 
2763708 4487536 
3 4 2 1 0 
2805882 4445362 
4 2 1 0 3 
2807590 4443654 
2 0 4 3 1 
2833412 4417832 
0 1 2 3 4 
2840698 4410546 
2 0 4 1 3 
2847840 4403404 
1 0 4 2 3 
2856850 4394394 
0 1 3 4 2 
2858022 4393222 
1 0 2 3 4 
2866154 4385090 
3 1 0 2 4 
2875862 4375382 
2 4 3 0 1 
2879900 4371344 
3 2 1 0 4 
2880302 4370942 
0 1 4 2 3 
2890814 4360430 
1 0 2 4 3 
2900386 4350858 
0 1 2 4 3 
2906330 4344914 
4 3 2 1 0 
2906490 4344754 
4 2 1 3 0 
2909370 4341874 
1 0 3 2 4 
2914874 4336370 
0 1 3 2 4 
2920438 4330806 
1 4 0 3 2 
2927450 4323794 
4 1 0 2 3 
2931118 4320126 
4 0 1 2 3 
2939158 4312086 
3 2 1 4 0 
2958186 4293058 
2 4 3 1 0 
2965488 4285756 
0 2 3 4 1 
2979382 4271862 
1 3 0 4 2 
3021826 4229418 
3 0 1 2 4 
3029102 4222142 
0 2 1 4 3 
3042166 4209078 
1 0 4 3 2 
3053478 4197766 
2 3 4 0 1 
3062068 4189176 
4 2 3 0 1 
3065490 4185754 
0 2 1 3 4 
3066062 4185182 
2 3 4 1 0 
3075456 4175788 
1 4 0 2 3 
3086046 4165198 
3 0 2 1 4 
3102426 4148818 
3 2 4 0 1 
3115650 4135594 
0 4 1 2 3 
3128050 4123194 
3 4 2 0 1 
3142166 4109078 
1 0 3 4 2 
3145734 4105510 
0 2 4 3 1 
3156926 4094318 
2 4 0 3 1 
3157504 4093740 
2 3 0 4 1 
3162848 4088396 
1 3 0 2 4 
3163518 4087726 
2 1 0 3 4 
3166912 4084332 
3 1 4 0 2 
3169378 4081866 
1 2 4 0 3 
3199522 4051722 
0 2 3 1 4 
3206106 4045138 
1 2 3 0 4 
3222074 4029170 
2 1 0 4 3 
3222752 4028492 
3 2 0 4 1 
3231190 4020054 
2 3 0 1 4 
3252840 3998404 
4 1 3 0 2 
3264050 3987194 
4 3 2 0 1 
3274174 3977070 
4 0 2 1 3 
3281562 3969682 
3 0 2 4 1 
3292774 3958470 
3 1 4 2 0 
3296386 3954858 
2 4 0 1 3 
3303336 3947908 
0 3 1 2 4 
3322322 3928922 
1 2 4 3 0 
3334758 3916486 
4 0 1 3 2 
3356922 3894322 
4 2 0 3 1 
3358574 3892670 
0 2 4 1 3 
3359754 3891490 
1 2 3 4 0 
3374214 3877030 
4 1 3 2 0 
3381266 3869978 
0 3 2 1 4 
3382626 3868618 
0 4 1 3 2 
3391326 3859918 
3 4 1 2 0 
3414558 3836686 
3 0 1 4 2 
3430506 3820738 
4 0 2 3 1 
3437678 3813566 
4 2 3 1 0 
3444354 3806890 
3 2 4 1 0 
3453714 3797530 
0 4 2 1 3 
3461154 3790090 
3 2 0 1 4 
3491370 3759874 
1 4 3 2 0 
3512906 3738338 
4 3 1 2 0 
3518886 3732358 
1 3 4 2 0 
3532354 3718890 
0 3 2 4 1 
3547226 3704018 
0 4 2 3 1 
3560122 3691122 
0 3 1 4 2 
3561702 3689542 
1 4 3 0 2 
3591626 3659618 
1 3 4 0 2 
3593746 3657498 
4 2 0 1 3 
3635658 3615586 
1 2 0 3 4 
3693098 3558146 
1 2 0 4 3 
3710002 3541242 
3 4 1 0 2 
3738078 3513166 
4 3 1 0 2 
3834870 3416374 
