16 2
0 4 5 1 2 3 6 
7716482 12116592 
6 4 0 3 5 1 2 
7758632 11443336 
0 4 3 5 6 2 1 
7913672 11395796 
6 4 0 3 1 5 2 
7925588 10782748 
4 2 5 1 3 0 6 
7992682 10724428 
6 2 1 0 3 5 4 
8090772 9783946 
6 2 0 1 3 5 4 
8338700 9713990 
6 2 1 5 3 0 4 
8366902 9617530 
6 2 0 5 3 1 4 
8738874 9357104 
2 6 1 0 3 5 4 
9162728 9250348 
2 4 3 1 6 0 5 
9167252 9249432 
2 6 1 5 3 0 4 
9196234 9143772 
5 1 3 6 0 2 4 
9295548 9141468 
5 0 3 6 1 2 4 
9308772 9069892 
5 0 1 2 3 6 4 
9627600 9051186 
1 0 6 3 5 2 4 
10209218 9003088 
