120 2
2 1 0 4 3 
4878524 5427772 
1 2 3 4 0 
4961694 5344602 
0 4 2 1 3 
4990290 5316006 
3 4 1 2 0 
5032070 5274226 
4 3 0 2 1 
5091894 5214402 
2 0 1 3 4 
5119568 5186728 
1 3 2 0 4 
5157298 5148998 
0 2 4 3 1 
5171498 5134798 
0 1 2 4 3 
5194040 5112256 
4 0 3 1 2 
5226974 5079322 
3 1 4 0 2 
5302918 5003378 
1 0 3 4 2 
5327008 4979288 
1 3 0 2 4 
5357916 4948380 
2 3 0 4 1 
5458388 4847908 
2 4 0 1 3 
5524342 4781954 
3 2 1 4 0 
5552640 4753656 
3 1 4 2 0 
5554480 4751816 
0 4 1 2 3 
5570004 4736292 
4 3 2 0 1 
5572000 4734296 
1 3 0 4 2 
5616890 4689406 
3 1 2 4 0 
5619222 4687074 
0 2 1 3 4 
5623150 4683146 
3 4 1 0 2 
5626256 4680040 
3 4 2 1 0 
5653424 4652872 
3 1 0 4 2 
5667602 4638694 
2 0 3 1 4 
5690626 4615670 
2 0 4 3 1 
5698552 4607744 
0 1 4 2 3 
5703102 4603194 
4 2 3 1 0 
5724216 4582080 
0 4 2 3 1 
5769856 4536440 
0 4 1 3 2 
5778306 4527990 
1 0 3 2 4 
5780942 4525354 
1 0 2 3 4 
5786616 4519680 
4 0 1 3 2 
5791050 4515246 
0 2 4 1 3 
5802250 4504046 
1 3 2 4 0 
5808632 4497664 
2 1 3 4 0 
5817860 4488436 
2 4 1 3 0 
5831240 4475056 
1 2 0 4 3 
5840810 4465486 
0 1 4 3 2 
5844984 4461312 
1 4 3 2 0 
5857812 4448484 
0 2 1 4 3 
5872902 4433394 
4 0 3 2 1 
5904232 4402064 
4 3 0 1 2 
5906872 4399424 
0 2 3 4 1 
5912532 4393764 
2 0 3 4 1 
5913950 4392346 
0 3 2 4 1 
5915592 4390704 
2 4 3 1 0 
5918782 4387514 
2 1 4 0 3 
5926966 4379330 
4 1 0 2 3 
5950376 4355920 
4 0 2 3 1 
5963366 4342930 
2 3 1 0 4 
5989226 4317070 
0 3 4 2 1 
6000412 4305884 
2 3 0 1 4 
6014392 4291904 
2 3 4 0 1 
6023314 4282982 
0 4 3 1 2 
6024446 4281850 
4 2 0 3 1 
6026612 4279684 
3 0 1 4 2 
6059642 4246654 
1 3 4 0 2 
6062422 4243874 
1 2 3 0 4 
6066062 4240234 
3 2 4 1 0 
6109252 4197044 
3 0 1 2 4 
6110992 4195304 
2 0 1 4 3 
6114442 4191854 
3 1 2 0 4 
6116420 4189876 
1 2 4 3 0 
6141656 4164640 
3 2 4 0 1 
6151324 4154972 
0 1 3 4 2 
6181756 4124540 
1 0 4 3 2 
6193284 4113012 
3 2 1 0 4 
6198176 4108120 
4 2 0 1 3 
6198532 4107764 
2 4 1 0 3 
6217124 4089172 
0 3 2 1 4 
6230172 4076124 
1 4 0 2 3 
6238472 4067824 
2 1 0 3 4 
6270342 4035954 
1 2 0 3 4 
6272354 4033942 
0 1 2 3 4 
6288186 4018110 
3 4 0 1 2 
6293140 4013156 
0 2 3 1 4 
6293532 4012764 
2 1 4 3 0 
6320410 3985886 
4 0 2 1 3 
6332332 3973964 
4 2 1 3 0 
6347566 3958730 
1 4 2 0 3 
6351540 3954756 
2 4 0 3 1 
6360156 3946140 
3 0 4 1 2 
6361842 3944454 
1 4 2 3 0 
6391624 3914672 
3 4 2 0 1 
6392906 3913390 
1 0 2 4 3 
6397866 3908430 
0 3 1 2 4 
6405624 3900672 
3 1 0 2 4 
6416362 3889934 
3 4 0 2 1 
6438436 3867860 
4 3 1 0 2 
6443036 3863260 
4 2 3 0 1 
6447584 3858712 
1 3 4 2 0 
6454782 3851514 
2 0 4 1 3 
6470102 3836194 
3 2 0 4 1 
6471386 3834910 
4 1 2 0 3 
6489756 3816540 
1 4 3 0 2 
6508246 3798050 
4 1 3 2 0 
6519412 3786884 
4 3 2 1 0 
6537914 3768382 
4 1 3 0 2 
6565522 3740774 
4 1 0 3 2 
6593434 3712862 
4 3 1 2 0 
6593972 3712324 
0 4 3 2 1 
6595710 3710586 
2 3 1 4 0 
6598216 3708080 
3 0 4 2 1 
6655476 3650820 
3 0 2 1 4 
6687724 3618572 
0 3 4 1 2 
6773046 3533250 
1 2 4 0 3 
6814480 3491816 
2 1 3 0 4 
6816234 3490062 
4 0 1 2 3 
6837274 3469022 
0 3 1 4 2 
6863678 3442618 
1 4 0 3 2 
6928990 3377306 
3 0 2 4 1 
6930008 3376288 
3 2 0 1 4 
7074850 3231446 
4 1 2 3 0 
7086704 3219592 
0 1 3 2 4 
7134020 3172276 
2 4 3 0 1 
7140480 3165816 
2 3 4 1 0 
7188308 3117988 
4 2 1 0 3 
7242854 3063442 
1 0 4 2 3 
7258468 3047828 
