720 3
3 0 1 4 5 2 
5445962 10315784 10315784 
3 5 1 4 0 2 
5648130 10113616 10113616 
4 0 1 3 2 5 
5657338 10104408 10104408 
5 0 1 2 3 4 
5662772 10098974 10098974 
3 0 1 2 5 4 
5728688 10033058 10033058 
2 0 1 5 4 3 
5811402 9950344 9950344 
3 5 1 2 0 4 
5828376 9933370 9933370 
2 0 4 1 5 3 
5835938 9925808 9925808 
5 0 1 4 3 2 
5869150 9892596 9892596 
5 3 1 4 0 2 
5871178 9890568 9890568 
5 3 1 2 0 4 
5938080 9823666 9823666 
4 0 1 5 2 3 
5967046 9794700 9794700 
2 0 1 3 4 5 
5990798 9770948 9770948 
2 4 1 5 0 3 
5992880 9768866 9768866 
4 3 1 5 2 0 
6036268 9725478 9725478 
5 0 2 1 3 4 
6036970 9724776 9724776 
2 4 1 3 0 5 
6039906 9721840 9721840 
4 2 1 3 0 5 
6043966 9717780 9717780 
0 3 1 4 5 2 
6076150 9685596 9685596 
5 0 2 4 3 1 
6084506 9677240 9677240 
0 5 1 2 3 4 
6100824 9660922 9660922 
4 3 1 0 2 5 
6103274 9658472 9658472 
4 2 1 5 0 3 
6110284 9651462 9651462 
3 0 4 1 5 2 
6113574 9648172 9648172 
2 5 4 1 0 3 
6124886 9636860 9636860 
2 4 1 0 5 3 
6127728 9634018 9634018 
4 0 2 1 3 5 
6139822 9621924 9621924 
4 5 1 3 2 0 
6152668 9609078 9609078 
5 0 3 1 2 4 
6153762 9607984 9607984 
4 2 1 0 3 5 
6172044 9589702 9589702 
1 0 4 2 3 5 
6174652 9587094 9587094 
2 4 1 3 5 0 
6176876 9584870 9584870 
2 5 1 3 4 0 
6188096 9573650 9573650 
2 0 5 1 4 3 
6190074 9571672 9571672 
4 2 1 5 3 0 
6205078 9556668 9556668 
2 5 1 0 4 3 
6209098 9552648 9552648 
3 0 4 2 5 1 
6258834 9502912 9502912 
0 5 1 4 3 2 
6276290 9485456 9485456 
0 3 1 2 5 4 
6276444 9485302 9485302 
2 0 1 4 5 3 
6298698 9463048 9463048 
5 0 1 3 2 4 
6301490 9460256 9460256 
4 0 3 1 2 5 
6304374 9457372 9457372 
1 3 4 2 0 5 
6338350 9423396 9423396 
3 5 4 1 0 2 
6341842 9419904 9419904 
2 0 5 3 4 1 
6361404 9400342 9400342 
3 0 1 5 4 2 
6378730 9383016 9383016 
1 0 4 2 5 3 
6386624 9375122 9375122 
5 3 2 4 0 1 
6395934 9365812 9365812 
1 0 2 4 3 5 
6404722 9357024 9357024 
3 5 4 2 0 1 
6412072 9349674 9349674 
1 3 4 2 5 0 
6415426 9346320 9346320 
4 2 1 3 5 0 
6416808 9344938 9344938 
3 0 5 1 4 2 
6419950 9341796 9341796 
2 0 4 3 5 1 
6421890 9339856 9339856 
3 5 1 0 4 2 
6423170 9338576 9338576 
4 5 2 1 3 0 
6436384 9325362 9325362 
4 0 1 2 3 5 
6438684 9323062 9323062 
1 0 2 4 5 3 
6441750 9319996 9319996 
4 0 2 5 1 3 
6446780 9314966 9314966 
4 2 1 0 5 3 
6450092 9311654 9311654 
5 3 2 1 0 4 
6463078 9298668 9298668 
3 4 1 2 5 0 
6464048 9297698 9297698 
2 3 4 1 5 0 
6472620 9289126 9289126 
3 0 5 2 1 4 
6487136 9274610 9274610 
5 3 1 0 2 4 
6499716 9262030 9262030 
4 0 2 3 1 5 
6505518 9256228 9256228 
1 5 4 2 3 0 
6511156 9250590 9250590 
1 0 3 5 4 2 
6517642 9244104 9244104 
4 5 1 0 2 3 
6529382 9232364 9232364 
2 5 4 3 0 1 
6535768 9225978 9225978 
0 5 1 3 2 4 
6539462 9222284 9222284 
4 5 3 1 2 0 
6551736 9210010 9210010 
2 5 1 4 0 3 
6561546 9200200 9200200 
3 0 2 4 5 1 
6562900 9198846 9198846 
5 2 1 4 3 0 
6580306 9181440 9181440 
2 4 5 1 0 3 
6580932 9180814 9180814 
4 3 2 5 1 0 
6594002 9167744 9167744 
0 5 2 1 3 4 
6595562 9166184 9166184 
1 5 2 4 3 0 
6596074 9165672 9165672 
5 3 1 4 2 0 
6602536 9159210 9159210 
1 5 2 4 0 3 
6603738 9158008 9158008 
4 3 2 1 0 5 
6608480 9153266 9153266 
2 0 4 1 3 5 
6611340 9150406 9150406 
1 5 3 4 0 2 
6612824 9148922 9148922 
3 5 2 4 0 1 
6618698 9143048 9143048 
4 1 3 5 2 0 
6628654 9133092 9133092 
1 2 4 3 0 5 
6632320 9129426 9129426 
1 4 2 5 0 3 
6634402 9127344 9127344 
4 1 2 5 3 0 
6634448 9127298 9127298 
0 5 2 4 3 1 
6634818 9126928 9126928 
3 4 1 0 5 2 
6636320 9125426 9125426 
2 0 4 3 1 5 
6644666 9117080 9117080 
4 1 2 0 3 5 
6644710 9117036 9117036 
1 0 3 4 5 2 
6645996 9115750 9115750 
1 5 4 2 0 3 
6646052 9115694 9115694 
5 0 3 2 1 4 
6649644 9112102 9112102 
2 5 4 1 3 0 
6660270 9101476 9101476 
3 5 1 2 4 0 
6666308 9095438 9095438 
3 0 5 4 1 2 
6667132 9094614 9094614 
0 5 3 1 2 4 
6672994 9088752 9088752 
2 3 1 5 4 0 
6675376 9086370 9086370 
4 0 3 5 2 1 
6678222 9083524 9083524 
2 0 4 5 1 3 
6689416 9072330 9072330 
4 0 2 5 3 1 
6689716 9072030 9072030 
0 2 1 4 5 3 
6696018 9065728 9065728 
3 1 4 2 5 0 
6700326 9061420 9061420 
3 0 2 1 5 4 
6700366 9061380 9061380 
2 3 4 1 0 5 
6712638 9049108 9049108 
2 4 1 0 3 5 
6714544 9047202 9047202 
2 4 1 5 3 0 
6716666 9045080 9045080 
2 5 0 1 4 3 
6718108 9043638 9043638 
2 1 4 3 0 5 
6722040 9039706 9039706 
1 0 5 2 3 4 
6722978 9038768 9038768 
5 0 3 4 1 2 
6726152 9035594 9035594 
3 5 2 1 0 4 
6728714 9033032 9033032 
5 4 2 1 3 0 
6735656 9026090 9026090 
1 2 4 5 0 3 
6737782 9023964 9023964 
5 0 4 2 3 1 
6741400 9020346 9020346 
1 0 5 3 4 2 
6744930 9016816 9016816 
1 4 2 3 0 5 
6745772 9015974 9015974 
1 3 5 2 0 4 
6749826 9011920 9011920 
3 4 1 2 0 5 
6749870 9011876 9011876 
4 3 2 1 5 0 
6753854 9007892 9007892 
4 3 1 2 0 5 
6756542 9005204 9005204 
4 2 3 5 1 0 
6757018 9004728 9004728 
2 1 4 5 0 3 
6757030 9004716 9004716 
1 4 2 5 3 0 
6761748 8999998 8999998 
1 3 5 4 0 2 
6763732 8998014 8998014 
5 1 2 4 3 0 
6768046 8993700 8993700 
4 1 2 5 0 3 
6771054 8990692 8990692 
4 0 2 1 5 3 
6777524 8984222 8984222 
4 3 2 0 1 5 
6779334 8982412 8982412 
1 4 2 0 3 5 
6780290 8981456 8981456 
3 5 4 2 1 0 
6780750 8980996 8980996 
5 2 1 4 0 3 
6781982 8979764 8979764 
5 4 1 2 3 0 
6783090 8978656 8978656 
1 3 4 5 0 2 
6784464 8977282 8977282 
5 0 3 4 2 1 
6791004 8970742 8970742 
2 3 5 1 4 0 
6792256 8969490 8969490 
5 3 4 2 0 1 
6792988 8968758 8968758 
5 3 4 1 0 2 
6793230 8968516 8968516 
3 4 1 5 0 2 
6794048 8967698 8967698 
4 1 3 0 2 5 
6796684 8965062 8965062 
2 5 3 1 4 0 
6797764 8963982 8963982 
5 0 1 4 2 3 
6802184 8959562 8959562 
0 4 1 3 2 5 
6808002 8953744 8953744 
1 5 3 2 0 4 
6815750 8945996 8945996 
0 4 1 2 3 5 
6818308 8943438 8943438 
2 1 4 3 5 0 
6818960 8942786 8942786 
2 4 0 1 5 3 
6820018 8941728 8941728 
1 0 4 3 5 2 
6827316 8934430 8934430 
1 3 2 4 0 5 
6828260 8933486 8933486 
5 3 2 4 1 0 
6831040 8930706 8930706 
2 1 4 0 5 3 
6835988 8925758 8925758 
4 1 2 3 0 5 
6839552 8922194 8922194 
2 4 5 3 0 1 
6840102 8921644 8921644 
2 0 3 5 4 1 
6840368 8921378 8921378 
3 2 4 1 5 0 
6840492 8921254 8921254 
4 5 1 2 3 0 
6841518 8920228 8920228 
2 0 3 1 4 5 
6848434 8913312 8913312 
3 0 1 2 4 5 
6852442 8909304 8909304 
4 2 3 1 0 5 
6852822 8908924 8908924 
1 0 2 5 4 3 
6853084 8908662 8908662 
2 1 5 3 4 0 
6853274 8908472 8908472 
2 5 4 3 1 0 
6855464 8906282 8906282 
1 3 2 4 5 0 
6857624 8904122 8904122 
1 0 3 5 2 4 
6858806 8902940 8902940 
5 2 1 0 3 4 
6863006 8898740 8898740 
3 2 1 4 5 0 
6864944 8896802 8896802 
0 3 1 5 4 2 
6868618 8893128 8893128 
2 3 1 0 4 5 
6875774 8885972 8885972 
3 5 1 0 2 4 
6876792 8884954 8884954 
2 4 5 3 1 0 
6878558 8883188 8883188 
0 3 2 4 5 1 
6890448 8871298 8871298 
0 3 1 5 2 4 
6890480 8871266 8871266 
3 5 0 1 4 2 
6897144 8864602 8864602 
5 0 4 1 3 2 
6900242 8861504 8861504 
5 3 0 1 2 4 
6900478 8861268 8861268 
1 2 4 3 5 0 
6901932 8859814 8859814 
1 0 4 3 2 5 
6902512 8859234 8859234 
1 4 3 5 2 0 
6903074 8858672 8858672 
4 3 5 1 2 0 
6903508 8858238 8858238 
1 0 2 5 3 4 
6907080 8854666 8854666 
5 3 1 0 4 2 
6910958 8850788 8850788 
1 0 5 3 2 4 
6911150 8850596 8850596 
1 3 5 0 4 2 
6914730 8847016 8847016 
3 0 5 2 4 1 
6916340 8845406 8845406 
2 0 1 3 5 4 
6919132 8842614 8842614 
5 2 4 1 3 0 
6919334 8842412 8842412 
1 3 4 0 5 2 
6920986 8840760 8840760 
3 1 5 4 0 2 
6925056 8836690 8836690 
0 3 4 1 5 2 
6928002 8833744 8833744 
4 5 2 1 0 3 
6928712 8833034 8833034 
3 0 5 1 2 4 
6934200 8827546 8827546 
3 1 5 2 0 4 
6935990 8825756 8825756 
4 3 1 2 5 0 
6936848 8824898 8824898 
3 5 1 4 2 0 
6939684 8822062 8822062 
5 2 1 3 0 4 
6940088 8821658 8821658 
1 0 3 2 5 4 
6951402 8810344 8810344 
5 0 2 4 1 3 
6952688 8809058 8809058 
3 0 4 2 1 5 
6953384 8808362 8808362 
5 2 3 1 0 4 
6954180 8807566 8807566 
0 3 5 2 1 4 
6962172 8799574 8799574 
4 5 2 3 1 0 
6963948 8797798 8797798 
1 0 4 5 3 2 
6964196 8797550 8797550 
1 2 4 0 5 3 
6966800 8794946 8794946 
3 5 0 2 1 4 
6967576 8794170 8794170 
4 3 2 5 0 1 
6973544 8788202 8788202 
0 2 1 4 3 5 
6977396 8784350 8784350 
0 5 1 4 2 3 
6979068 8782678 8782678 
2 5 1 3 0 4 
6979460 8782286 8782286 
2 1 5 0 4 3 
6980932 8780814 8780814 
2 4 3 1 0 5 
6981062 8780684 8780684 
1 5 4 3 0 2 
6986704 8775042 8775042 
2 5 0 3 4 1 
6990462 8771284 8771284 
0 3 2 1 5 4 
6993322 8768424 8768424 
4 5 2 0 3 1 
6996540 8765206 8765206 
5 1 3 4 0 2 
6997196 8764550 8764550 
0 4 2 1 3 5 
6997686 8764060 8764060 
4 2 3 0 1 5 
7000078 8761668 8761668 
4 2 5 3 1 0 
7003050 8758696 8758696 
1 0 5 4 3 2 
7010164 8751582 8751582 
3 4 2 1 5 0 
7014094 8747652 8747652 
0 2 4 1 5 3 
7018238 8743508 8743508 
0 5 3 2 1 4 
7018816 8742930 8742930 
1 2 5 3 4 0 
7023846 8737900 8737900 
0 3 4 2 5 1 
7025422 8736324 8736324 
3 1 4 2 0 5 
7026198 8735548 8735548 
3 0 1 5 2 4 
7029584 8732162 8732162 
1 5 3 0 4 2 
7033336 8728410 8728410 
2 4 3 1 5 0 
7036524 8725222 8725222 
1 5 0 2 3 4 
7036958 8724788 8724788 
0 2 1 5 4 3 
7039542 8722204 8722204 
5 4 3 1 2 0 
7042048 8719698 8719698 
3 4 5 1 0 2 
7044648 8717098 8717098 
1 4 3 5 0 2 
7051040 8710706 8710706 
1 3 0 4 5 2 
7051748 8709998 8709998 
5 0 3 1 4 2 
7052616 8709130 8709130 
2 5 4 0 1 3 
7057322 8704424 8704424 
0 3 1 4 2 5 
7060306 8701440 8701440 
4 3 1 5 0 2 
7060528 8701218 8701218 
1 3 5 2 4 0 
7064292 8697454 8697454 
0 5 3 4 1 2 
7064412 8697334 8697334 
5 4 1 3 2 0 
7065360 8696386 8696386 
1 3 0 5 4 2 
7066224 8695522 8695522 
1 0 5 2 4 3 
7069990 8691756 8691756 
1 4 2 0 5 3 
7072076 8689670 8689670 
5 3 0 2 1 4 
7073440 8688306 8688306 
2 3 4 0 5 1 
7075600 8686146 8686146 
3 5 2 4 1 0 
7076268 8685478 8685478 
0 4 1 5 2 3 
7077782 8683964 8683964 
1 4 3 0 2 5 
7079384 8682362 8682362 
5 3 1 2 4 0 
7080680 8681066 8681066 
4 0 1 5 3 2 
7086100 8675646 8675646 
1 0 3 2 4 5 
7086442 8675304 8675304 
4 3 0 1 2 5 
7086740 8675006 8675006 
3 5 0 4 1 2 
7088436 8673310 8673310 
4 5 2 0 1 3 
7090542 8671204 8671204 
2 5 3 0 4 1 
7091120 8670626 8670626 
2 3 5 0 4 1 
7091244 8670502 8670502 
0 3 5 1 2 4 
7092036 8669710 8669710 
4 5 3 0 2 1 
7093614 8668132 8668132 
4 0 5 1 2 3 
7096078 8665668 8665668 
1 0 2 3 4 5 
7096824 8664922 8664922 
4 1 5 3 2 0 
7096826 8664920 8664920 
2 3 1 4 5 0 
7097812 8663934 8663934 
0 5 2 4 1 3 
7100052 8661694 8661694 
1 4 3 2 0 5 
7101950 8659796 8659796 
5 2 3 4 0 1 
7102812 8658934 8658934 
2 1 0 5 4 3 
7111270 8650476 8650476 
5 1 3 2 0 4 
7111618 8650128 8650128 
1 5 2 0 3 4 
7116974 8644772 8644772 
0 2 1 3 5 4 
7117732 8644014 8644014 
2 4 5 0 1 3 
7120896 8640850 8640850 
1 0 3 4 2 5 
7122200 8639546 8639546 
0 1 2 4 3 5 
7127006 8634740 8634740 
0 5 4 2 3 1 
7127072 8634674 8634674 
4 1 0 3 2 5 
7133114 8628632 8628632 
5 3 4 2 1 0 
7139202 8622544 8622544 
2 0 1 4 3 5 
7140272 8621474 8621474 
1 2 3 5 4 0 
7141294 8620452 8620452 
1 4 5 3 2 0 
7142906 8618840 8618840 
4 2 3 1 5 0 
7144156 8617590 8617590 
3 1 0 4 5 2 
7144192 8617554 8617554 
0 2 1 3 4 5 
7145522 8616224 8616224 
1 5 2 3 0 4 
7147316 8614430 8614430 
2 5 1 4 3 0 
7150322 8611424 8611424 
4 2 3 5 0 1 
7153470 8608276 8608276 
5 1 4 2 3 0 
7154508 8607238 8607238 
3 1 4 0 5 2 
7154550 8607196 8607196 
2 3 4 5 0 1 
7158510 8603236 8603236 
4 0 5 3 2 1 
7160218 8601528 8601528 
1 4 2 3 5 0 
7164904 8596842 8596842 
4 2 0 1 3 5 
7166530 8595216 8595216 
4 2 5 1 0 3 
7169716 8592030 8592030 
5 0 2 3 1 4 
7171570 8590176 8590176 
5 2 4 1 0 3 
7174402 8587344 8587344 
1 5 3 0 2 4 
7177268 8584478 8584478 
4 2 5 1 3 0 
7178458 8583288 8583288 
4 0 1 2 5 3 
7185158 8576588 8576588 
4 2 0 3 1 5 
7185708 8576038 8576038 
0 1 2 4 5 3 
7186498 8575248 8575248 
1 0 2 3 5 4 
7187848 8573898 8573898 
2 4 3 5 0 1 
7193206 8568540 8568540 
5 3 2 0 1 4 
7197676 8564070 8564070 
1 2 5 0 4 3 
7199344 8562402 8562402 
1 3 0 2 5 4 
7199458 8562288 8562288 
5 1 2 4 0 3 
7201122 8560624 8560624 
0 1 4 2 3 5 
7203676 8558070 8558070 
0 3 5 1 4 2 
7206778 8554968 8554968 
1 2 0 5 4 3 
7209142 8552604 8552604 
2 4 5 1 3 0 
7218666 8543080 8543080 
3 0 1 4 2 5 
7220570 8541176 8541176 
5 1 2 0 3 4 
7222522 8539224 8539224 
1 2 4 0 3 5 
7223254 8538492 8538492 
0 3 5 4 1 2 
7224600 8537146 8537146 
2 4 0 5 1 3 
7225134 8536612 8536612 
1 4 0 3 2 5 
7231574 8530172 8530172 
0 2 4 1 3 5 
7233444 8528302 8528302 
2 4 3 5 1 0 
7236206 8525540 8525540 
5 4 2 0 3 1 
7237668 8524078 8524078 
5 0 1 3 4 2 
7238684 8523062 8523062 
0 3 1 2 4 5 
7238738 8523008 8523008 
0 5 1 3 4 2 
7240784 8520962 8520962 
2 0 4 5 3 1 
7242042 8519704 8519704 
3 4 5 2 0 1 
7243358 8518388 8518388 
1 0 4 5 2 3 
7251364 8510382 8510382 
3 1 5 0 4 2 
7251734 8510012 8510012 
2 4 0 3 1 5 
7256768 8504978 8504978 
1 5 4 0 3 2 
7260106 8501640 8501640 
5 1 0 2 3 4 
7260106 8501640 8501640 
0 4 1 2 5 3 
7260114 8501632 8501632 
1 3 2 5 0 4 
7260468 8501278 8501278 
3 5 0 1 2 4 
7261874 8499872 8499872 
0 5 4 1 3 2 
7263282 8498464 8498464 
4 1 2 0 5 3 
7263628 8498118 8498118 
1 2 4 5 3 0 
7263848 8497898 8497898 
1 5 3 4 2 0 
7264352 8497394 8497394 
1 5 0 4 3 2 
7265008 8496738 8496738 
4 2 0 5 1 3 
7267418 8494328 8494328 
5 4 1 0 3 2 
7272168 8489578 8489578 
2 5 4 0 3 1 
7273010 8488736 8488736 
5 2 0 1 3 4 
7274788 8486958 8486958 
3 1 2 4 5 0 
7274824 8486922 8486922 
2 1 0 3 4 5 
7285034 8476712 8476712 
3 4 1 5 2 0 
7286108 8475638 8475638 
1 4 0 2 3 5 
7288658 8473088 8473088 
0 2 1 5 3 4 
7293130 8468616 8468616 
3 0 4 5 1 2 
7293524 8468222 8468222 
3 4 0 1 5 2 
7293574 8468172 8468172 
0 3 4 2 1 5 
7294560 8467186 8467186 
0 3 2 4 1 5 
7296190 8465556 8465556 
5 3 4 1 2 0 
7297104 8464642 8464642 
0 5 3 4 2 1 
7301956 8459790 8459790 
4 3 2 0 5 1 
7304250 8457496 8457496 
5 3 0 4 1 2 
7307644 8454102 8454102 
4 3 1 0 5 2 
7307840 8453906 8453906 
3 5 4 0 1 2 
7308174 8453572 8453572 
0 4 1 5 3 2 
7309508 8452238 8452238 
3 2 4 1 0 5 
7310766 8450980 8450980 
1 4 5 2 3 0 
7311182 8450564 8450564 
1 2 0 3 4 5 
7312434 8449312 8449312 
0 4 3 1 2 5 
7313918 8447828 8447828 
3 1 0 2 5 4 
7316742 8445004 8445004 
3 2 1 0 5 4 
7319942 8441804 8441804 
4 1 2 3 5 0 
7321864 8439882 8439882 
1 5 3 2 4 0 
7323346 8438400 8438400 
5 1 3 0 2 4 
7326736 8435010 8435010 
4 2 5 0 1 3 
7327820 8433926 8433926 
0 4 2 1 5 3 
7330720 8431026 8431026 
3 4 5 2 1 0 
7330796 8430950 8430950 
1 5 4 3 2 0 
7331512 8430234 8430234 
1 3 2 5 4 0 
7333818 8427928 8427928 
3 4 2 1 0 5 
7334848 8426898 8426898 
0 5 3 1 4 2 
7335976 8425770 8425770 
5 2 1 3 4 0 
7340720 8421026 8421026 
1 4 5 2 0 3 
7343728 8418018 8418018 
2 1 3 5 4 0 
7346062 8415684 8415684 
3 2 1 4 0 5 
7347998 8413748 8413748 
2 3 1 4 0 5 
7350610 8411136 8411136 
3 2 5 1 4 0 
7351168 8410578 8410578 
2 4 0 3 5 1 
7355282 8406464 8406464 
4 5 2 3 0 1 
7362274 8399472 8399472 
3 1 4 5 0 2 
7368168 8393578 8393578 
0 1 3 4 5 2 
7368628 8393118 8393118 
2 3 0 1 4 5 
7370960 8390786 8390786 
0 5 2 3 1 4 
7380022 8381724 8381724 
0 1 5 2 3 4 
7384178 8377568 8377568 
4 0 2 3 5 1 
7386156 8375590 8375590 
5 4 2 1 0 3 
7389444 8372302 8372302 
3 0 2 4 1 5 
7394054 8367692 8367692 
5 2 3 1 4 0 
7395708 8366038 8366038 
5 3 0 1 4 2 
7400612 8361134 8361134 
2 4 0 1 3 5 
7402290 8359456 8359456 
4 2 5 3 0 1 
7404046 8357700 8357700 
1 4 5 3 0 2 
7404188 8357558 8357558 
1 2 5 4 0 3 
7404794 8356952 8356952 
3 5 4 1 2 0 
7405912 8355834 8355834 
3 2 5 1 0 4 
7407438 8354308 8354308 
4 5 1 2 0 3 
7407686 8354060 8354060 
1 5 0 3 4 2 
7412118 8349628 8349628 
3 2 1 5 4 0 
7413628 8348118 8348118 
3 4 1 0 2 5 
7414202 8347544 8347544 
1 2 3 0 4 5 
7420084 8341662 8341662 
3 5 2 1 4 0 
7428054 8333692 8333692 
1 5 0 3 2 4 
7428818 8332928 8332928 
3 5 0 2 4 1 
7436830 8324916 8324916 
1 3 0 2 4 5 
7436848 8324898 8324898 
0 1 4 2 5 3 
7438112 8323634 8323634 
3 2 4 0 5 1 
7439976 8321770 8321770 
0 4 2 5 1 3 
7440396 8321350 8321350 
4 1 0 5 2 3 
7448454 8313292 8313292 
4 2 0 1 5 3 
7449122 8312624 8312624 
4 3 5 0 2 1 
7451018 8310728 8310728 
1 2 5 3 0 4 
7451348 8310398 8310398 
4 0 3 2 1 5 
7451416 8310330 8310330 
3 1 5 2 4 0 
7452632 8309114 8309114 
1 5 2 0 4 3 
7452746 8309000 8309000 
4 5 1 0 3 2 
7455900 8305846 8305846 
5 4 1 0 2 3 
7463234 8298512 8298512 
5 2 1 0 4 3 
7465314 8296432 8296432 
5 3 2 1 4 0 
7467086 8294660 8294660 
2 3 0 5 4 1 
7469550 8292196 8292196 
1 4 3 2 5 0 
7474506 8287240 8287240 
1 5 2 3 4 0 
7475424 8286322 8286322 
0 3 2 5 1 4 
7477494 8284252 8284252 
1 2 3 4 0 5 
7478408 8283338 8283338 
5 1 3 4 2 0 
7480244 8281502 8281502 
5 2 4 3 0 1 
7481140 8280606 8280606 
0 4 2 5 3 1 
7481156 8280590 8280590 
0 4 1 3 5 2 
7481534 8280212 8280212 
3 5 2 0 1 4 
7482832 8278914 8278914 
2 3 4 5 1 0 
7496990 8264756 8264756 
5 4 3 1 0 2 
7499374 8262372 8262372 
3 4 5 1 2 0 
7502628 8259118 8259118 
3 4 2 0 5 1 
7503402 8258344 8258344 
1 4 0 5 2 3 
7504042 8257704 8257704 
0 5 1 2 4 3 
7504924 8256822 8256822 
2 4 3 0 1 5 
7510178 8251568 8251568 
5 4 1 2 0 3 
7510718 8251028 8251028 
1 3 2 0 5 4 
7510894 8250852 8250852 
2 0 5 3 1 4 
7512514 8249232 8249232 
5 2 3 4 1 0 
7521008 8240738 8240738 
2 4 3 0 5 1 
7522640 8239106 8239106 
4 0 1 3 5 2 
7522866 8238880 8238880 
1 0 5 4 2 3 
7523396 8238350 8238350 
5 4 3 0 2 1 
7525782 8235964 8235964 
4 5 0 1 2 3 
7526672 8235074 8235074 
0 1 3 5 2 4 
7527506 8234240 8234240 
2 0 5 4 1 3 
7530848 8230898 8230898 
5 2 4 0 3 1 
7531522 8230224 8230224 
5 0 1 2 4 3 
7533000 8228746 8228746 
0 2 5 1 4 3 
7535814 8225932 8225932 
0 4 2 3 1 5 
7539062 8222684 8222684 
2 5 3 4 0 1 
7541200 8220546 8220546 
2 5 3 1 0 4 
7548232 8213514 8213514 
0 2 4 3 5 1 
7552854 8208892 8208892 
3 0 2 5 1 4 
7554198 8207548 8207548 
4 0 3 5 1 2 
7554340 8207406 8207406 
1 3 2 0 4 5 
7554880 8206866 8206866 
4 3 0 5 2 1 
7567244 8194502 8194502 
0 1 2 5 3 4 
7571220 8190526 8190526 
3 2 1 5 0 4 
7572422 8189324 8189324 
5 1 0 4 3 2 
7576660 8185086 8185086 
3 4 2 5 0 1 
7577736 8184010 8184010 
0 2 3 1 5 4 
7579544 8182202 8182202 
4 1 5 0 2 3 
7580196 8181550 8181550 
2 0 1 5 3 4 
7581310 8180436 8180436 
2 5 1 0 3 4 
7589238 8172508 8172508 
1 4 5 0 2 3 
7591684 8170062 8170062 
3 2 5 4 0 1 
7595214 8166532 8166532 
0 1 5 3 2 4 
7595530 8166216 8166216 
1 3 4 5 2 0 
7597698 8164048 8164048 
1 4 3 0 5 2 
7599906 8161840 8161840 
0 2 5 1 3 4 
7600826 8160920 8160920 
5 4 1 3 0 2 
7601922 8159824 8159824 
5 3 0 4 2 1 
7603896 8157850 8157850 
5 2 0 4 3 1 
7604276 8157470 8157470 
1 3 5 0 2 4 
7606902 8154844 8154844 
0 2 4 3 1 5 
7607150 8154596 8154596 
3 0 5 4 2 1 
7610586 8151160 8151160 
3 4 0 2 5 1 
7610610 8151136 8151136 
5 0 3 2 4 1 
7613350 8148396 8148396 
0 1 3 2 5 4 
7616442 8145304 8145304 
3 4 5 0 1 2 
7618508 8143238 8143238 
2 0 3 4 5 1 
7619882 8141864 8141864 
0 4 3 5 2 1 
7621342 8140404 8140404 
5 1 2 3 0 4 
7622524 8139222 8139222 
0 1 3 5 4 2 
7625794 8135952 8135952 
2 1 4 0 3 5 
7630174 8131572 8131572 
1 2 3 5 0 4 
7630424 8131322 8131322 
0 5 4 2 1 3 
7630646 8131100 8131100 
1 2 0 4 5 3 
7643610 8118136 8118136 
3 2 1 0 4 5 
7644202 8117544 8117544 
4 3 5 2 1 0 
7644236 8117510 8117510 
4 5 1 3 0 2 
7645354 8116392 8116392 
3 2 5 0 4 1 
7646660 8115086 8115086 
2 1 3 0 4 5 
7647484 8114262 8114262 
3 0 4 1 2 5 
7647918 8113828 8113828 
5 0 4 2 1 3 
7647922 8113824 8113824 
2 1 4 5 3 0 
7648136 8113610 8113610 
3 1 2 4 0 5 
7648408 8113338 8113338 
1 2 3 4 5 0 
7653732 8108014 8108014 
2 3 4 0 1 5 
7654098 8107648 8107648 
2 0 3 1 5 4 
7654364 8107382 8107382 
0 3 5 2 4 1 
7655328 8106418 8106418 
0 2 5 3 4 1 
7655808 8105938 8105938 
1 3 4 0 2 5 
7657144 8104602 8104602 
5 0 4 1 2 3 
7659184 8102562 8102562 
3 4 2 5 1 0 
7664322 8097424 8097424 
5 2 3 0 1 4 
7665180 8096566 8096566 
2 3 1 0 5 4 
7669098 8092648 8092648 
0 3 4 1 2 5 
7671894 8089852 8089852 
1 5 0 2 4 3 
7679450 8082296 8082296 
0 2 5 3 1 4 
7682314 8079432 8079432 
3 1 0 5 4 2 
7684488 8077258 8077258 
4 2 3 0 5 1 
7687864 8073882 8073882 
5 2 3 0 4 1 
7688512 8073234 8073234 
4 5 0 3 2 1 
7691836 8069910 8069910 
0 2 3 4 5 1 
7692446 8069300 8069300 
1 4 0 2 5 3 
7693760 8067986 8067986 
5 0 2 1 4 3 
7694766 8066980 8066980 
3 2 0 1 5 4 
7706764 8054982 8054982 
5 1 4 2 0 3 
7714816 8046930 8046930 
2 4 5 0 3 1 
7720174 8041572 8041572 
3 0 2 1 4 5 
7720460 8041286 8041286 
2 3 1 5 0 4 
7721498 8040248 8040248 
3 2 4 5 0 1 
7722966 8038780 8038780 
3 5 2 0 4 1 
7724602 8037144 8037144 
0 2 4 5 1 3 
7725316 8036430 8036430 
0 1 5 4 3 2 
7728956 8032790 8032790 
0 2 3 1 4 5 
7729738 8032008 8032008 
2 3 5 1 0 4 
7735854 8025892 8025892 
4 2 5 0 3 1 
7737558 8024188 8024188 
0 3 4 5 1 2 
7738292 8023454 8023454 
1 5 4 0 2 3 
7739810 8021936 8021936 
5 3 4 0 1 2 
7740042 8021704 8021704 
3 0 2 5 4 1 
7743138 8018608 8018608 
5 4 2 3 0 1 
7743702 8018044 8018044 
0 2 3 5 4 1 
7743752 8017994 8017994 
4 2 0 5 3 1 
7758664 8003082 8003082 
5 4 3 2 0 1 
7762428 7999318 7999318 
5 3 2 0 4 1 
7766578 7995168 7995168 
4 5 3 2 1 0 
7768150 7993596 7993596 
1 3 5 4 2 0 
7770370 7991376 7991376 
2 0 5 1 3 4 
7771406 7990340 7990340 
1 4 0 5 3 2 
7779354 7982392 7982392 
2 1 5 4 0 3 
7781742 7980004 7980004 
0 5 2 1 4 3 
7787230 7974516 7974516 
5 4 2 3 1 0 
7789040 7972706 7972706 
0 5 4 1 2 3 
7791968 7969778 7969778 
5 0 4 3 2 1 
7795732 7966014 7966014 
4 1 3 2 0 5 
7796470 7965276 7965276 
0 3 5 4 2 1 
7803014 7958732 7958732 
5 2 4 3 1 0 
7805048 7956698 7956698 
1 3 0 5 2 4 
7806108 7955638 7955638 
2 3 5 4 0 1 
7810838 7950908 7950908 
0 4 3 5 1 2 
7812308 7949438 7949438 
5 4 3 2 1 0 
7813162 7948584 7948584 
1 4 5 0 3 2 
7820420 7941326 7941326 
0 4 3 1 5 2 
7826706 7935040 7935040 
0 2 3 5 1 4 
7836430 7925316 7925316 
0 1 3 4 2 5 
7849044 7912702 7912702 
3 2 0 4 5 1 
7851250 7910496 7910496 
0 3 2 1 4 5 
7851956 7909790 7909790 
0 4 5 1 2 3 
7853034 7908712 7908712 
5 1 3 0 4 2 
7858128 7903618 7903618 
0 4 3 2 1 5 
7865600 7896146 7896146 
0 1 5 3 4 2 
7868762 7892984 7892984 
5 3 0 2 4 1 
7869826 7891920 7891920 
0 1 2 3 5 4 
7871508 7890238 7890238 
5 1 0 3 2 4 
7875226 7886520 7886520 
0 1 4 3 5 2 
7875308 7886438 7886438 
0 2 4 5 3 1 
7886226 7875520 7875520 
0 4 5 3 2 1 
7890678 7871068 7871068 
5 3 4 0 2 1 
7897702 7864044 7864044 
1 2 5 4 3 0 
7898200 7863546 7863546 
0 2 5 4 1 3 
7899368 7862378 7862378 
4 1 3 5 0 2 
7901224 7860522 7860522 
3 1 2 0 5 4 
7901598 7860148 7860148 
2 4 0 5 3 1 
7905920 7855826 7855826 
3 4 2 0 1 5 
7910742 7851004 7851004 
4 3 0 2 1 5 
7910862 7850884 7850884 
1 4 0 3 5 2 
7911988 7849758 7849758 
0 4 2 3 5 1 
7912856 7848890 7848890 
0 5 3 2 4 1 
7919342 7842404 7842404 
3 5 0 4 2 1 
7922420 7839326 7839326 
1 5 0 4 2 3 
7924200 7837546 7837546 
5 1 4 0 3 2 
7925538 7836208 7836208 
0 3 2 5 4 1 
7930386 7831360 7831360 
0 2 3 4 1 5 
7935318 7826428 7826428 
5 4 2 0 1 3 
7936794 7824952 7824952 
0 2 5 4 3 1 
7937874 7823872 7823872 
4 1 0 2 3 5 
7938058 7823688 7823688 
5 0 4 3 1 2 
7943312 7818434 7818434 
5 4 0 1 3 2 
7954382 7807364 7807364 
0 1 4 3 2 5 
7954716 7807030 7807030 
2 5 3 4 1 0 
7955184 7806562 7806562 
0 5 4 3 1 2 
7956212 7805534 7805534 
4 2 0 3 5 1 
7959546 7802200 7802200 
2 0 5 4 3 1 
7961070 7800676 7800676 
5 0 2 3 4 1 
7961184 7800562 7800562 
1 2 0 4 3 5 
7961692 7800054 7800054 
4 3 5 1 0 2 
7961848 7799898 7799898 
4 5 3 1 0 2 
7965186 7796560 7796560 
2 1 5 3 0 4 
7965928 7795818 7795818 
5 4 0 2 3 1 
7967316 7794430 7794430 
5 2 0 1 4 3 
7971384 7790362 7790362 
0 5 4 3 2 1 
7981324 7780422 7780422 
0 1 2 5 4 3 
7983352 7778394 7778394 
4 0 5 2 1 3 
7983446 7778300 7778300 
3 4 0 2 1 5 
7983870 7777876 7777876 
3 4 5 0 2 1 
7989050 7772696 7772696 
2 1 0 4 5 3 
7991038 7770708 7770708 
0 1 4 5 3 2 
7992668 7769078 7769078 
3 1 2 5 0 4 
8001312 7760434 7760434 
2 5 0 4 1 3 
8002992 7758754 7758754 
3 5 4 0 2 1 
8003566 7758180 7758180 
2 5 0 1 3 4 
8003960 7757786 7757786 
4 0 3 1 5 2 
8009158 7752588 7752588 
1 2 0 3 5 4 
8009548 7752198 7752198 
4 1 5 2 3 0 
8012962 7748784 7748784 
5 1 4 3 0 2 
8021796 7739950 7739950 
4 3 5 2 0 1 
8022926 7738820 7738820 
0 4 5 2 3 1 
8025058 7736688 7736688 
3 4 0 5 1 2 
8025162 7736584 7736584 
1 3 0 4 2 5 
8029022 7732724 7732724 
2 0 3 4 1 5 
8031234 7730512 7730512 
0 4 5 1 3 2 
8032788 7728958 7728958 
5 4 3 0 1 2 
8033842 7727904 7727904 
3 2 5 4 1 0 
8050114 7711632 7711632 
2 0 3 5 1 4 
8057650 7704096 7704096 
5 2 0 3 1 4 
8062870 7698876 7698876 
4 0 5 2 3 1 
8065638 7696108 7696108 
3 4 0 1 2 5 
8072308 7689438 7689438 
2 3 0 1 5 4 
8074540 7687206 7687206 
1 2 3 0 5 4 
8084538 7677208 7677208 
3 2 4 5 1 0 
8088122 7673624 7673624 
2 5 0 3 1 4 
8101522 7660224 7660224 
2 3 0 4 5 1 
8106234 7655512 7655512 
0 5 2 3 4 1 
8106456 7655290 7655290 
5 2 4 0 1 3 
8110498 7651248 7651248 
4 5 3 0 1 2 
8114134 7647612 7647612 
1 2 5 0 3 4 
8120252 7641494 7641494 
3 2 0 1 4 5 
8120768 7640978 7640978 
5 1 3 2 4 0 
8126058 7635688 7635688 
4 3 5 0 1 2 
8130668 7631078 7631078 
3 0 4 5 2 1 
8133318 7628428 7628428 
3 1 5 0 2 4 
8133446 7628300 7628300 
5 2 0 3 4 1 
8139594 7622152 7622152 
0 4 5 2 1 3 
8145042 7616704 7616704 
4 0 5 3 1 2 
8145108 7616638 7616638 
5 4 0 1 2 3 
8150844 7610902 7610902 
3 2 5 0 1 4 
8157830 7603916 7603916 
3 1 0 2 4 5 
8159256 7602490 7602490 
4 5 3 2 0 1 
8161080 7600666 7600666 
4 0 5 1 3 2 
8163160 7598586 7598586 
2 5 0 4 3 1 
8177784 7583962 7583962 
3 2 0 5 4 1 
8185686 7576060 7576060 
0 4 3 2 5 1 
8187422 7574324 7574324 
0 4 5 3 1 2 
8190416 7571330 7571330 
0 1 3 2 4 5 
8195146 7566600 7566600 
0 1 5 2 4 3 
8197318 7564428 7564428 
5 1 4 3 2 0 
8198124 7563622 7563622 
4 3 0 5 1 2 
8211962 7549784 7549784 
0 3 4 5 2 1 
8213046 7548700 7548700 
0 1 2 3 4 5 
8224148 7537598 7537598 
5 2 0 4 1 3 
8224148 7537598 7537598 
1 2 0 5 3 4 
8224338 7537408 7537408 
4 1 3 2 5 0 
8232206 7529540 7529540 
5 4 0 3 2 1 
8236704 7525042 7525042 
2 3 5 4 1 0 
8239062 7522684 7522684 
2 5 3 0 1 4 
8255572 7506174 7506174 
0 1 5 4 2 3 
8268864 7492882 7492882 
3 2 4 0 1 5 
8275406 7486340 7486340 
3 1 2 5 4 0 
8276838 7484908 7484908 
4 0 3 2 5 1 
8280082 7481664 7481664 
4 3 0 1 5 2 
8290454 7471292 7471292 
2 1 3 4 0 5 
8301168 7460578 7460578 
2 1 3 4 5 0 
8303800 7457946 7457946 
0 1 4 5 2 3 
8306512 7455234 7455234 
4 1 5 2 0 3 
8309460 7452286 7452286 
3 1 5 4 2 0 
8323410 7438336 7438336 
4 5 0 2 3 1 
8393568 7368178 7368178 
3 4 0 5 2 1 
8430636 7331110 7331110 
4 5 0 1 3 2 
8447794 7313952 7313952 
5 1 2 3 4 0 
8457476 7304270 7304270 
2 3 5 0 1 4 
8463066 7298680 7298680 
4 3 0 2 5 1 
8469858 7291888 7291888 
4 1 5 3 0 2 
8482712 7279034 7279034 
5 1 2 0 4 3 
8490550 7271196 7271196 
5 1 0 4 2 3 
8492784 7268962 7268962 
2 1 0 3 5 4 
8494608 7267138 7267138 
4 1 3 0 5 2 
8504990 7256756 7256756 
2 1 3 5 0 4 
8520344 7241402 7241402 
5 1 0 3 4 2 
8533850 7227896 7227896 
3 1 2 0 4 5 
8550708 7211038 7211038 
4 5 0 2 1 3 
8566806 7194940 7194940 
3 1 4 5 2 0 
8573118 7188628 7188628 
4 1 0 5 3 2 
8584418 7177328 7177328 
3 1 0 5 2 4 
8613912 7147834 7147834 
2 1 5 4 3 0 
8640188 7121558 7121558 
5 1 4 0 2 3 
8662174 7099572 7099572 
4 1 5 0 3 2 
8669584 7092162 7092162 
4 1 0 2 5 3 
8670292 7091454 7091454 
3 1 4 0 2 5 
8685372 7076374 7076374 
3 2 0 5 1 4 
8709636 7052110 7052110 
5 4 0 2 1 3 
8745678 7016068 7016068 
4 5 0 3 1 2 
8786196 6975550 6975550 
2 3 0 4 1 5 
8787256 6974490 6974490 
3 2 0 4 1 5 
8789204 6972542 6972542 
5 4 0 3 1 2 
8818604 6943142 6943142 
2 1 3 0 5 4 
8824398 6937348 6937348 
5 1 0 2 4 3 
8834854 6926892 6926892 
2 1 0 4 3 5 
8846852 6914894 6914894 
2 3 0 5 1 4 
8854152 6907594 6907594 
3 1 0 4 2 5 
8916130 6845616 6845616 
2 1 5 0 3 4 
8952032 6809714 6809714 
4 1 0 3 5 2 
9001312 6760434 6760434 
2 1 0 5 3 4 
9176658 6585088 6585088 
