235 3
4 0 1 2 5 6 3 
11655706 10519076 11036476 
2 0 6 4 5 1 3 
11761284 10270666 10683840 
6 0 2 3 1 5 4 
11821126 10418874 10625264 
4 0 3 2 1 5 6 
11879960 10341182 10509906 
6 1 2 5 0 3 4 
12007944 10325168 10404590 
0 4 6 2 5 1 3 
12008228 10181092 10676204 
1 0 4 5 6 3 2 
12095514 10266632 9931042 
6 5 2 4 0 3 1 
12097646 10075116 10313462 
4 2 3 0 1 5 6 
12104994 9841358 10202108 
4 0 1 2 3 6 5 
12148174 9780394 10189190 
5 0 2 1 3 6 4 
12148572 9733672 10194010 
0 2 6 4 5 1 3 
12153996 10010304 10180804 
1 0 6 5 4 2 3 
12179010 9862046 10029124 
5 2 3 1 0 4 6 
12252804 9815938 9912040 
6 0 1 3 2 4 5 
12271880 9705796 9947538 
2 0 5 4 6 3 1 
12293056 9980466 9788658 
5 0 3 1 2 4 6 
12317312 9576598 9857148 
5 3 2 1 0 4 6 
12348034 9885182 9840526 
4 2 1 0 3 6 5 
12351470 9773250 9836624 
6 0 2 5 1 3 4 
12359238 10027488 9716382 
0 1 4 5 6 3 2 
12388938 10135280 9580398 
6 0 1 5 2 4 3 
12414208 9466838 9972506 
0 2 5 4 6 3 1 
12420832 9964758 9650966 
6 3 2 0 1 5 4 
12435406 9482678 9850260 
1 2 4 5 6 3 0 
12436826 9830768 9644786 
4 5 3 6 1 2 0 
12443996 9448944 10046346 
4 3 2 0 1 5 6 
12454746 9822778 9818946 
6 1 0 3 2 4 5 
12457046 9762296 9768830 
1 4 6 5 0 2 3 
12465396 9460310 9974140 
5 3 0 1 2 4 6 
12481750 10134476 9640966 
1 3 4 2 0 5 6 
12502888 9709838 9653840 
2 3 6 1 5 0 4 
12516152 10152558 9513102 
2 3 5 0 6 4 1 
12517212 9547874 9775508 
4 1 0 2 5 6 3 
12525044 9421292 10050290 
5 4 3 0 2 1 6 
12526860 9455304 9466086 
5 3 4 0 2 1 6 
12541616 9866822 9339918 
2 4 5 0 6 3 1 
12545138 9376838 9786708 
5 3 2 0 4 6 1 
12546430 9500790 9463940 
6 4 1 5 0 3 2 
12609012 9329244 9812390 
6 2 1 4 0 3 5 
12616048 9349692 9681184 
2 4 3 6 5 1 0 
12616178 9432304 9576062 
5 2 3 0 4 6 1 
12657342 9328406 9576230 
3 1 2 0 5 6 4 
12664600 8991036 9813472 
2 4 3 0 6 5 1 
12667644 9295862 9799802 
6 4 1 2 0 3 5 
12672482 9335528 9339430 
2 6 3 4 5 1 0 
12679718 9228632 9787674 
2 3 5 1 6 4 0 
12682006 9264302 9505698 
1 3 6 5 0 2 4 
12683942 9070492 9793734 
5 1 3 0 2 4 6 
12685542 9204598 9356298 
6 3 1 0 2 4 5 
12700176 9483440 9257910 
5 1 2 0 3 6 4 
12704876 9110336 9543880 
0 5 6 3 1 2 4 
12738128 9023990 9689594 
6 2 1 3 0 4 5 
12745114 9238404 9297458 
4 5 3 0 1 2 6 
12771828 9142774 9509840 
0 4 6 5 1 2 3 
12782474 9357476 9291466 
3 0 5 6 4 2 1 
12785994 9227644 9304862 
6 2 1 5 0 3 4 
12787260 9017260 9522978 
6 3 0 2 1 5 4 
12805666 9155678 9483874 
2 3 4 6 5 1 0 
12816944 9613928 9246538 
1 6 4 2 0 3 5 
12822264 9533718 9191192 
1 4 0 5 6 3 2 
12834342 9336990 9186972 
1 4 6 3 0 2 5 
12849968 9132000 9327286 
6 2 0 5 1 3 4 
12863500 9325340 9129722 
6 5 2 4 1 3 0 
12865768 8945390 9697682 
2 4 5 1 6 3 0 
12869232 8944766 9366298 
6 0 1 4 2 3 5 
12877886 9275660 9225692 
6 2 1 5 0 4 3 
12901458 8983894 9345850 
0 3 6 5 1 2 4 
12915220 8980258 9103260 
2 6 3 0 5 1 4 
12920398 8936770 9580184 
2 1 3 0 5 6 4 
12925708 8836208 9594560 
6 3 1 5 0 2 4 
12936552 8912166 9430112 
4 3 1 0 2 6 5 
12937760 9456002 9029646 
5 4 2 0 3 6 1 
12951874 9005662 9095610 
1 3 4 5 6 2 0 
12986472 9298404 8982100 
0 4 1 5 6 3 2 
12991804 8914108 8906024 
3 0 5 1 2 4 6 
13001142 8794570 9190896 
4 2 5 1 0 3 6 
13035474 8874632 9186452 
0 5 6 4 1 2 3 
13038336 8705392 9625690 
1 5 4 2 6 3 0 
13051468 8749228 9540702 
0 3 5 4 6 2 1 
13100628 9261062 8861758 
4 1 3 0 5 6 2 
13103110 8732048 9476008 
3 4 5 1 2 0 6 
13105592 8851988 9077230 
6 5 2 0 1 3 4 
13108840 8659852 9168790 
4 3 1 2 0 6 5 
13109854 9057242 8834978 
1 2 6 5 0 3 4 
13141862 8612006 9359380 
2 3 5 4 6 0 1 
13158586 9243424 8734954 
1 3 0 5 6 4 2 
13176626 9007426 8868688 
1 3 4 5 6 0 2 
13182224 9226046 8711662 
0 3 1 5 6 4 2 
13183788 8724044 8718240 
5 0 3 6 2 4 1 
13254092 8638000 9256346 
6 4 1 0 2 3 5 
13263462 8870724 8689420 
3 6 2 0 5 1 4 
13266502 8528018 9271876 
4 2 1 5 0 3 6 
13308148 8474696 9170640 
5 3 4 2 0 1 6 
13308810 9017410 8672492 
1 0 6 3 2 4 5 
13330386 8641940 9067660 
5 1 4 0 2 3 6 
13330544 8910952 8613688 
1 3 6 4 0 2 5 
13331222 8459584 8978276 
0 2 6 5 1 3 4 
13365456 8530986 8681452 
2 6 3 1 5 4 0 
13367612 8678096 8601650 
3 1 2 4 5 6 0 
13398824 8336218 9057328 
1 2 6 4 0 3 5 
13400450 8363438 8911386 
5 6 2 0 3 1 4 
13444638 8482008 8777194 
2 5 3 4 6 1 0 
13450732 8874536 8587428 
6 5 0 2 1 3 4 
13461340 8356276 8819492 
1 5 2 4 6 3 0 
13503906 8477630 8801808 
3 1 4 0 2 5 6 
13511580 8964110 8451778 
5 6 3 0 4 2 1 
13514366 8365428 8786708 
4 3 6 5 1 2 0 
13524238 8786970 8601160 
2 3 5 4 6 1 0 
13526170 8901622 8469844 
0 2 1 5 6 4 3 
13529866 8649216 8652690 
2 1 3 6 5 4 0 
13532180 8410112 8581612 
5 4 3 0 2 6 1 
13537356 8567942 8483114 
4 1 3 6 5 2 0 
13552686 8567800 8516328 
5 4 2 0 6 3 1 
13555708 8255306 8910290 
2 0 5 6 4 3 1 
13557184 8538786 8574942 
1 3 4 0 2 6 5 
13558982 8927114 8414684 
1 3 4 2 0 6 5 
13561160 8732510 8371742 
1 5 0 3 6 4 2 
13584188 8387070 8738174 
1 2 6 5 0 4 3 
13621830 8311620 8827542 
0 2 1 5 4 6 3 
13624284 8343408 8794504 
5 6 2 1 4 3 0 
13627698 8339116 8787424 
0 5 6 4 1 3 2 
13632658 8193872 9131720 
4 5 0 2 1 6 3 
13645888 8504080 8567954 
0 6 1 5 4 3 2 
13647602 8458476 8526286 
1 5 0 4 6 3 2 
13650092 8326370 8740760 
1 2 6 3 0 4 5 
13652756 8312980 8515020 
0 2 5 6 4 3 1 
13658242 8508194 8442984 
3 1 4 6 5 2 0 
13661406 8524400 8322278 
5 6 2 0 4 3 1 
13678190 8240002 8363664 
2 4 1 5 6 3 0 
13707004 8331038 8331216 
2 3 6 5 1 0 4 
13735566 8462770 8313240 
4 5 1 2 6 3 0 
13738104 8141602 9051068 
1 6 0 2 4 3 5 
13738542 8546692 8205544 
2 3 1 5 6 4 0 
13745848 8352406 8253100 
3 0 5 6 2 4 1 
13750652 8109122 8854224 
0 3 4 5 6 1 2 
13762858 8702892 8140062 
1 2 4 6 0 3 5 
13765926 8057526 8883394 
2 6 3 0 5 4 1 
13800766 8213592 8645692 
1 0 6 4 2 3 5 
13813152 8150974 8358454 
0 1 4 6 5 3 2 
13844770 8361204 8135280 
4 0 5 1 2 3 6 
13849254 8176892 8326516 
6 5 0 2 1 4 3 
13850944 8149258 8418492 
0 2 6 4 1 3 5 
13851544 8064018 8868638 
2 6 5 1 4 3 0 
13852118 8120282 8501440 
3 6 2 1 5 4 0 
13855142 8172590 8160792 
2 6 4 1 5 3 0 
13910878 8563512 8110088 
3 2 1 5 4 6 0 
13952398 8098954 8482248 
0 3 6 5 1 4 2 
13953522 8314548 8126808 
1 5 2 0 6 3 4 
13955228 7992172 8854350 
4 3 0 5 1 6 2 
13965760 8591730 7999686 
1 4 3 0 2 6 5 
13973208 8455544 8094018 
4 3 1 5 6 0 2 
13980120 8254660 8005760 
2 0 5 6 3 4 1 
13987388 8030206 8281682 
2 6 5 1 3 4 0 
13996902 8020482 8218450 
0 2 6 5 1 4 3 
13999024 8136700 8046714 
1 5 0 2 6 4 3 
14005236 7942544 8700606 
1 5 0 2 6 3 4 
14020112 7902292 8830636 
4 6 3 1 5 2 0 
14046776 8127076 8163994 
4 0 1 5 3 2 6 
14058776 8009302 8624630 
4 3 2 5 1 6 0 
14060518 8637924 7974414 
2 4 5 1 3 6 0 
14078452 8008514 8271952 
2 1 4 6 5 3 0 
14088086 8147008 7905980 
5 6 2 0 3 4 1 
14088774 7885220 7955424 
6 1 2 0 5 3 4 
14200950 7769652 8227528 
2 3 4 5 6 1 0 
14204864 8379404 7765444 
3 5 2 4 6 1 0 
14249886 8010878 7917498 
1 0 4 6 3 2 5 
14264804 7871904 8058108 
5 3 2 4 6 0 1 
14275230 8127238 7822338 
1 5 2 0 6 4 3 
14280224 7766652 8600820 
3 6 2 0 5 4 1 
14298734 7693976 8190112 
3 4 1 5 6 2 0 
14299460 7992206 7786522 
0 6 2 1 5 3 4 
14302934 8159196 7751676 
2 3 6 5 1 4 0 
14349598 8015822 7777252 
2 6 1 5 4 3 0 
14352066 7900538 7955382 
4 6 5 1 3 2 0 
14355720 7758506 8079162 
3 4 5 1 2 6 0 
14394612 7763198 7885642 
5 6 0 2 4 3 1 
14418272 7785628 7760338 
5 3 0 2 6 4 1 
14436008 7755838 8160242 
4 6 0 1 5 3 2 
14441952 7938334 7660740 
1 6 3 0 5 4 2 
14448554 7757524 8159048 
2 3 6 5 0 4 1 
14456648 7672844 8287476 
0 3 6 5 2 4 1 
14538134 7647548 8488268 
4 3 0 5 6 1 2 
14553592 8014888 7584608 
4 6 2 1 5 3 0 
14562238 7673226 7532270 
3 5 2 0 6 1 4 
14567624 7655374 8116934 
1 6 2 0 3 4 5 
14590282 7870050 7523256 
5 6 0 2 3 4 1 
14625328 7640302 7735442 
0 4 2 1 6 3 5 
14634794 7609484 8344712 
3 5 4 2 1 6 0 
14639580 7530968 7771330 
0 4 5 1 2 6 3 
14703214 7664130 7724494 
4 5 0 3 6 1 2 
14711772 7662864 7595082 
3 0 6 5 2 4 1 
14724596 7439156 8320096 
2 3 0 5 1 6 4 
14726714 8095692 7417902 
0 5 4 3 1 6 2 
14755496 7616112 7760612 
2 3 1 5 6 0 4 
14756166 7714788 7469616 
0 3 4 5 1 6 2 
14757726 7818652 7347290 
0 1 5 6 2 3 4 
14790262 7411152 8043242 
1 3 0 4 6 2 5 
14795836 7624134 7528252 
1 6 2 0 5 3 4 
14816298 7506032 7736564 
4 6 0 2 5 3 1 
14816760 7468650 8004712 
0 2 4 6 1 3 5 
14817932 7311634 8160408 
5 1 6 4 2 3 0 
14820770 7601560 7732700 
5 4 0 3 6 2 1 
14833508 7598742 7526996 
4 6 2 0 5 3 1 
14840230 7355712 7743690 
0 2 5 6 3 1 4 
14846784 7597980 7701208 
3 2 6 5 1 4 0 
14854888 7690810 7321092 
6 1 3 0 5 2 4 
14874090 7497134 7708632 
4 6 0 1 3 5 2 
14900924 7668194 7489176 
3 6 1 2 4 5 0 
14922002 7413548 7581848 
0 1 4 6 3 5 2 
14925162 7686310 7327696 
6 3 4 2 1 0 5 
14943500 7681990 7475964 
2 5 0 3 6 1 4 
14946984 7637054 7433860 
3 2 6 5 0 4 1 
14955206 7342256 7829344 
5 3 4 2 1 6 0 
14974056 7568768 7551268 
0 6 4 1 3 5 2 
15048002 7610142 7482990 
5 3 0 2 6 1 4 
15058596 7340932 7691012 
2 6 4 1 3 5 0 
15087318 7625866 7393658 
4 5 2 0 6 1 3 
15087652 7309318 7781158 
4 6 2 1 3 5 0 
15105978 7319662 7298690 
0 3 2 5 6 1 4 
15129852 7612564 7293272 
2 0 4 6 1 3 5 
15155294 7254226 8038962 
2 1 4 6 3 5 0 
15162046 7472882 7105980 
1 3 2 4 6 0 5 
15185466 7438992 7176258 
2 3 4 5 1 6 0 
15222244 7492476 6946128 
5 6 1 2 3 4 0 
15226058 7287554 7452780 
1 0 5 6 2 3 4 
15242068 7172884 7708848 
2 5 4 3 1 6 0 
15276462 7224464 7321626 
5 6 1 2 4 3 0 
15283902 7172180 7283876 
3 1 6 4 2 5 0 
15407926 7228800 7104408 
3 5 0 2 6 1 4 
15413808 7055846 7394858 
4 3 2 1 6 0 5 
15712012 6958274 7326292 
3 4 0 1 6 2 5 
15752014 6899402 7374648 
1 4 5 3 2 6 0 
15820798 7124290 7169798 
5 3 1 2 6 0 4 
15886874 6981616 7071908 
1 3 5 4 2 6 0 
15904182 7099890 6776552 
