720 2
5 3 0 2 4 1 
6417124 9344622 
4 2 0 3 5 1 
6532948 9228798 
3 5 0 4 2 1 
6536498 9225248 
2 4 0 5 3 1 
6667002 9094744 
4 3 0 2 5 1 
6674664 9087082 
3 5 0 2 4 1 
6678944 9082802 
5 3 0 1 4 2 
6680964 9080782 
3 5 0 1 2 4 
6705958 9055788 
5 3 0 4 2 1 
6712038 9049708 
0 3 5 2 4 1 
6728928 9032818 
4 2 0 5 3 1 
6769286 8992460 
2 5 0 1 3 4 
6797192 8964554 
4 3 0 1 5 2 
6806374 8955372 
5 3 0 1 2 4 
6825112 8936634 
2 5 0 4 3 1 
6849638 8912108 
3 5 0 1 4 2 
6850098 8911648 
4 2 5 3 0 1 
6861224 8900522 
2 4 0 3 5 1 
6868024 8893722 
0 5 3 1 4 2 
6891482 8870264 
5 2 0 3 4 1 
6899472 8862274 
4 2 0 1 5 3 
6934228 8827518 
0 3 5 4 2 1 
6946226 8815520 
4 3 5 2 0 1 
6946524 8815222 
3 4 0 5 2 1 
6977926 8783820 
0 5 3 2 4 1 
6987608 8774138 
4 1 0 3 5 2 
6999858 8761888 
4 5 0 1 3 2 
7009406 8752340 
0 3 5 1 2 4 
7013040 8748706 
3 0 5 4 2 1 
7027458 8734288 
4 2 0 1 3 5 
7045204 8716542 
2 0 5 1 3 4 
7046338 8715408 
5 3 0 2 1 4 
7051934 8709812 
0 5 3 4 2 1 
7052138 8709608 
4 0 3 1 5 2 
7054660 8707086 
5 2 0 1 3 4 
7055370 8706376 
5 0 3 1 4 2 
7058740 8703006 
2 4 0 1 3 5 
7059322 8702424 
0 2 5 1 3 4 
7095370 8666376 
2 4 3 5 0 1 
7100840 8660906 
2 1 0 5 3 4 
7104878 8656868 
4 5 0 2 3 1 
7109028 8652718 
0 3 5 1 4 2 
7119212 8642534 
5 0 3 2 4 1 
7125100 8636646 
3 0 5 2 4 1 
7128240 8633506 
5 2 0 3 1 4 
7128476 8633270 
0 2 5 3 4 1 
7139116 8622630 
3 0 5 1 2 4 
7139768 8621978 
2 3 0 1 5 4 
7142400 8619346 
5 2 0 1 4 3 
7144730 8617016 
2 0 5 4 3 1 
7155934 8605812 
3 1 0 5 2 4 
7157116 8604630 
4 3 5 1 0 2 
7160152 8601594 
4 5 3 1 0 2 
7176764 8584982 
4 0 5 2 3 1 
7184492 8577254 
0 4 3 1 5 2 
7185458 8576288 
5 1 0 2 4 3 
7193770 8567976 
4 2 5 0 3 1 
7202672 8559074 
5 3 0 4 1 2 
7202700 8559046 
3 5 0 2 1 4 
7204710 8557036 
3 5 0 4 1 2 
7206404 8555342 
5 3 4 2 0 1 
7209864 8551882 
5 1 0 3 4 2 
7212352 8549394 
2 4 5 3 0 1 
7233932 8527814 
2 4 0 1 5 3 
7236634 8525112 
4 0 5 1 3 2 
7241080 8520666 
2 5 3 4 0 1 
7243916 8517830 
3 4 0 1 5 2 
7247804 8513942 
0 3 4 2 5 1 
7249808 8511938 
4 0 3 2 5 1 
7253150 8508596 
2 4 5 0 3 1 
7257300 8504446 
3 5 2 4 0 1 
7257650 8504096 
4 1 0 5 3 2 
7258410 8503336 
4 1 0 2 5 3 
7269428 8492318 
2 5 0 3 1 4 
7272158 8489588 
3 2 0 1 5 4 
7281424 8480322 
5 4 0 1 3 2 
7281702 8480044 
0 5 2 1 4 3 
7290970 8470776 
0 3 5 2 1 4 
7296688 8465058 
3 4 0 2 5 1 
7297110 8464636 
2 0 3 4 5 1 
7298512 8463234 
0 2 5 3 1 4 
7301070 8460676 
4 2 3 5 0 1 
7303476 8458270 
3 4 0 1 2 5 
7304000 8457746 
5 0 3 4 2 1 
7308910 8452836 
5 2 0 4 3 1 
7312548 8449198 
3 1 0 4 2 5 
7313730 8448016 
2 5 3 1 0 4 
7316678 8445068 
2 1 0 3 5 4 
7319414 8442332 
2 4 3 0 5 1 
7325230 8436516 
0 5 3 4 1 2 
7334644 8427102 
0 3 4 1 2 5 
7335184 8426562 
2 3 0 4 5 1 
7335578 8426168 
2 0 3 1 5 4 
7344094 8417652 
5 0 2 1 4 3 
7344740 8417006 
5 4 0 3 1 2 
7346978 8414768 
5 4 0 3 2 1 
7351492 8410254 
4 3 0 5 2 1 
7358000 8403746 
2 3 5 1 0 4 
7364130 8397616 
0 5 2 4 3 1 
7379012 8382734 
4 5 0 3 1 2 
7380692 8381054 
1 2 0 3 5 4 
7382190 8379556 
3 0 4 1 2 5 
7382332 8379414 
0 2 4 3 5 1 
7386172 8375574 
1 4 0 3 5 2 
7397710 8364036 
0 2 5 4 3 1 
7398808 8362938 
2 3 0 5 1 4 
7402830 8358916 
3 4 0 5 1 2 
7406202 8355544 
4 2 3 0 5 1 
7408586 8353160 
3 2 0 5 1 4 
7411924 8349822 
0 5 3 1 2 4 
7414862 8346884 
0 4 5 1 3 2 
7420486 8341260 
0 2 4 1 3 5 
7427066 8334680 
2 5 0 4 1 3 
7432890 8328856 
4 3 0 5 1 2 
7436212 8325534 
2 5 0 3 4 1 
7439082 8322664 
1 2 0 5 3 4 
7439584 8322162 
0 4 5 3 2 1 
7439600 8322146 
0 4 3 5 2 1 
7442966 8318780 
5 1 0 3 2 4 
7445870 8315876 
3 2 0 5 4 1 
7446210 8315536 
1 3 0 2 5 4 
7449120 8312626 
4 2 0 3 1 5 
7449318 8312428 
4 5 3 2 0 1 
7449546 8312200 
2 0 5 3 1 4 
7450128 8311618 
3 0 2 5 4 1 
7452324 8309422 
4 1 5 3 0 2 
7452364 8309382 
4 2 5 1 0 3 
7453646 8308100 
5 0 2 3 4 1 
7453812 8307934 
3 0 5 1 4 2 
7455604 8306142 
3 0 2 4 5 1 
7460174 8301572 
3 4 2 5 0 1 
7464814 8296932 
0 5 2 3 4 1 
7469496 8292250 
5 4 0 2 3 1 
7469654 8292092 
4 3 0 2 1 5 
7469888 8291858 
5 2 4 3 0 1 
7474804 8286942 
5 4 3 1 0 2 
7474820 8286926 
3 2 0 1 4 5 
7481760 8279986 
0 4 5 2 3 1 
7481994 8279752 
0 2 3 1 5 4 
7482502 8279244 
1 3 0 5 2 4 
7482728 8279018 
0 4 3 5 1 2 
7483842 8277904 
3 1 0 2 4 5 
7484074 8277672 
0 5 4 2 3 1 
7488438 8273308 
1 4 0 5 3 2 
7490832 8270914 
0 4 2 5 3 1 
7496016 8265730 
5 1 0 4 2 3 
7496514 8265232 
0 4 3 2 5 1 
7502044 8259702 
0 3 2 4 5 1 
7505054 8256692 
0 3 4 2 1 5 
7507142 8254604 
0 2 3 5 4 1 
7507154 8254592 
0 1 5 3 2 4 
7507518 8254228 
0 4 2 3 5 1 
7512700 8249046 
3 0 4 5 2 1 
7514728 8247018 
5 4 0 1 2 3 
7515210 8246536 
3 5 4 2 0 1 
7520292 8241454 
0 2 4 5 3 1 
7522256 8239490 
5 3 2 4 0 1 
7522566 8239180 
4 3 0 1 2 5 
7523386 8238360 
0 1 5 3 4 2 
7524320 8237426 
3 1 0 2 5 4 
7525368 8236378 
0 1 3 5 4 2 
7527742 8234004 
2 0 3 5 1 4 
7529380 8232366 
4 1 3 5 0 2 
7530000 8231746 
5 0 3 4 1 2 
7533852 8227894 
1 3 0 4 2 5 
7535040 8226706 
2 4 0 5 1 3 
7535576 8226170 
4 5 0 2 1 3 
7539730 8222016 
3 2 5 1 0 4 
7539890 8221856 
0 3 4 5 2 1 
7540906 8220840 
4 0 5 3 1 2 
7541190 8220556 
1 5 0 4 2 3 
7542284 8219462 
0 5 2 4 1 3 
7546554 8215192 
2 5 0 1 4 3 
7547368 8214378 
2 1 0 4 3 5 
7549644 8212102 
3 5 2 0 4 1 
7549958 8211788 
5 0 4 2 3 1 
7551562 8210184 
0 5 4 1 2 3 
7554836 8206910 
4 5 0 3 2 1 
7556026 8205720 
2 4 0 3 1 5 
7559286 8202460 
5 0 4 1 2 3 
7570974 8190772 
4 2 0 5 1 3 
7574680 8187066 
0 3 2 5 4 1 
7578854 8182892 
1 5 0 2 4 3 
7581050 8180696 
0 1 5 2 3 4 
7585466 8176280 
2 3 0 4 1 5 
7587272 8174474 
2 3 5 4 0 1 
7587278 8174468 
5 0 4 3 2 1 
7590136 8171610 
4 0 5 3 2 1 
7590818 8170928 
0 4 2 1 5 3 
7594498 8167248 
4 2 5 1 3 0 
7598650 8163096 
5 0 2 4 3 1 
7599048 8162698 
5 1 0 2 3 4 
7599586 8162160 
3 0 5 2 1 4 
7608016 8153730 
4 0 3 5 1 2 
7609354 8152392 
1 3 0 2 4 5 
7609534 8152212 
4 5 0 1 2 3 
7615442 8146304 
0 4 5 3 1 2 
7618356 8143390 
3 1 0 5 4 2 
7619678 8142068 
0 3 5 4 1 2 
7620158 8141588 
3 2 0 4 5 1 
7622948 8138798 
3 0 4 2 5 1 
7623360 8138386 
5 2 4 1 0 3 
7624158 8137588 
3 4 5 0 2 1 
7624312 8137434 
4 1 3 0 5 2 
7627976 8133770 
1 5 0 4 3 2 
7628938 8132808 
0 2 3 4 5 1 
7630762 8130984 
5 2 0 4 1 3 
7630912 8130834 
5 0 2 4 1 3 
7632274 8129472 
5 0 4 2 1 3 
7633388 8128358 
4 1 0 2 3 5 
7633950 8127796 
0 2 4 1 5 3 
7639420 8122326 
2 1 5 3 0 4 
7639872 8121874 
3 0 2 1 4 5 
7640274 8121472 
5 3 4 0 2 1 
7643016 8118730 
3 4 5 2 0 1 
7643338 8118408 
0 5 4 3 2 1 
7643452 8118294 
1 5 0 3 4 2 
7643918 8117828 
1 5 0 3 2 4 
7652328 8109418 
2 1 5 0 3 4 
7652336 8109410 
2 0 3 5 4 1 
7658414 8103332 
5 0 3 1 2 4 
7660744 8101002 
5 3 2 0 4 1 
7660804 8100942 
2 0 5 3 4 1 
7663042 8098704 
5 1 0 4 3 2 
7668812 8092934 
3 5 4 0 2 1 
7670154 8091592 
0 1 3 4 5 2 
7672520 8089226 
0 1 5 2 4 3 
7674330 8087416 
1 2 5 3 0 4 
7675096 8086650 
3 4 5 1 0 2 
7675950 8085796 
1 5 0 2 3 4 
7676114 8085632 
0 2 5 1 4 3 
7679410 8082336 
1 3 5 2 0 4 
7685610 8076136 
1 0 5 3 2 4 
7691800 8069946 
0 3 2 1 4 5 
7693478 8068268 
4 3 5 0 2 1 
7694298 8067448 
2 4 3 1 0 5 
7694958 8066788 
5 4 0 2 1 3 
7698648 8063098 
5 2 3 1 0 4 
7700968 8060778 
5 3 4 1 2 0 
7702670 8059076 
0 5 4 2 1 3 
7704580 8057166 
2 3 0 1 4 5 
7715264 8046482 
1 4 3 5 0 2 
7720310 8041436 
2 3 0 5 4 1 
7724000 8037746 
2 1 3 5 0 4 
7728596 8033150 
2 5 3 0 1 4 
7728964 8032782 
2 4 5 1 3 0 
7729024 8032722 
0 1 3 5 2 4 
7732700 8029046 
3 5 4 1 2 0 
7733680 8028066 
3 0 4 2 1 5 
7738890 8022856 
3 0 2 4 1 5 
7748864 8012882 
0 2 3 5 1 4 
7752988 8008758 
1 0 5 2 3 4 
7756258 8005488 
0 1 4 2 5 3 
7759900 8001846 
3 1 5 0 2 4 
7760662 8001084 
1 0 3 4 5 2 
7763982 7997764 
0 2 4 3 1 5 
7764652 7997094 
3 4 2 0 5 1 
7764972 7996774 
5 4 2 1 0 3 
7768404 7993342 
1 3 0 4 5 2 
7774008 7987738 
5 3 4 2 1 0 
7780164 7981582 
2 3 5 0 1 4 
7780384 7981362 
4 2 3 1 0 5 
7781192 7980554 
3 4 0 2 1 5 
7781582 7980164 
3 2 0 4 1 5 
7788998 7972748 
5 4 2 3 0 1 
7790500 7971246 
3 2 4 1 0 5 
7790626 7971120 
0 5 3 2 1 4 
7793494 7968252 
2 4 5 1 0 3 
7793684 7968062 
4 0 3 5 2 1 
7796862 7964884 
5 3 4 1 0 2 
7798712 7963034 
0 1 4 2 3 5 
7801092 7960654 
2 4 3 1 5 0 
7807610 7954136 
4 1 5 0 3 2 
7808892 7952854 
5 2 3 0 4 1 
7814440 7947306 
4 2 3 1 5 0 
7815220 7946526 
1 4 0 2 5 3 
7815626 7946120 
4 3 5 0 1 2 
7816790 7944956 
3 1 0 4 5 2 
7817586 7944160 
1 3 5 0 2 4 
7818216 7943530 
1 5 3 4 0 2 
7818856 7942890 
3 5 2 1 4 0 
7821942 7939804 
3 0 5 4 1 2 
7823070 7938676 
3 1 5 2 0 4 
7826146 7935600 
0 1 5 4 3 2 
7827396 7934350 
2 5 3 0 4 1 
7828208 7933538 
4 5 3 0 1 2 
7829434 7932312 
4 1 5 2 0 3 
7831158 7930588 
5 2 3 4 0 1 
7832938 7928808 
5 4 3 2 0 1 
7835932 7925814 
0 1 3 2 5 4 
7840846 7920900 
5 1 4 2 0 3 
7841070 7920676 
1 0 3 5 4 2 
7843564 7918182 
2 0 4 1 3 5 
7849286 7912460 
1 4 3 0 5 2 
7850236 7911510 
4 0 2 3 5 1 
7854094 7907652 
0 2 3 1 4 5 
7854188 7907558 
1 0 5 3 4 2 
7855086 7906660 
2 0 3 4 1 5 
7859872 7901874 
1 4 5 3 0 2 
7860296 7901450 
5 2 4 0 3 1 
7869382 7892364 
3 4 2 1 0 5 
7870808 7890938 
1 2 5 0 3 4 
7872160 7889586 
5 1 3 0 4 2 
7879800 7881946 
2 1 0 4 5 3 
7881202 7880544 
1 3 0 5 4 2 
7882110 7879636 
0 3 4 1 5 2 
7883182 7878564 
0 1 2 4 5 3 
7886626 7875120 
0 5 4 1 3 2 
7890480 7871266 
0 4 5 1 2 3 
7898354 7863392 
0 1 5 4 2 3 
7899458 7862288 
4 0 2 1 5 3 
7901044 7860702 
1 0 3 5 2 4 
7902038 7859708 
5 4 3 0 1 2 
7903130 7858616 
4 0 5 2 1 3 
7908508 7853238 
3 2 5 4 0 1 
7911384 7850362 
4 2 5 3 1 0 
7914942 7846804 
2 0 4 5 3 1 
7915436 7846310 
1 0 5 4 3 2 
7922442 7839304 
5 1 3 4 0 2 
7926602 7835144 
5 3 2 1 4 0 
7928916 7832830 
1 4 0 5 2 3 
7931130 7830616 
3 5 2 4 1 0 
7933142 7828604 
0 3 2 4 1 5 
7935548 7826198 
5 2 4 1 3 0 
7940512 7821234 
3 2 5 0 1 4 
7942654 7819092 
2 5 3 4 1 0 
7947718 7814028 
0 4 2 5 1 3 
7948880 7812866 
5 0 3 2 1 4 
7952046 7809700 
2 1 3 0 5 4 
7955596 7806150 
3 5 2 1 0 4 
7960576 7801170 
3 1 4 2 0 5 
7960812 7800934 
0 1 4 3 2 5 
7966720 7795026 
0 1 3 2 4 5 
7970902 7790844 
1 2 0 4 3 5 
7972680 7789066 
5 0 4 1 3 2 
7983370 7778376 
0 1 2 5 4 3 
7985424 7776322 
4 1 0 5 2 3 
7985592 7776154 
4 3 5 2 1 0 
7987664 7774082 
1 0 2 4 5 3 
7991236 7770510 
4 0 2 5 3 1 
7991480 7770266 
3 2 5 0 4 1 
7993140 7768606 
3 2 4 5 0 1 
7995502 7766244 
1 0 5 2 4 3 
8000498 7761248 
5 4 3 0 2 1 
8001244 7760502 
1 0 5 4 2 3 
8003396 7758350 
0 1 3 4 2 5 
8007534 7754212 
1 0 3 2 5 4 
8008054 7753692 
0 4 2 1 3 5 
8011696 7750050 
2 4 3 5 1 0 
8013834 7747912 
4 0 5 1 2 3 
8014724 7747022 
3 5 4 1 0 2 
8016454 7745292 
4 5 2 1 0 3 
8021180 7740566 
5 1 2 4 0 3 
8025252 7736494 
1 5 3 0 4 2 
8028364 7733382 
2 0 5 4 1 3 
8032500 7729246 
2 0 3 1 4 5 
8034488 7727258 
1 5 2 4 0 3 
8044142 7717604 
5 2 4 3 1 0 
8057682 7704064 
2 0 4 3 5 1 
8062642 7699104 
1 2 0 3 4 5 
8069556 7692190 
1 4 0 2 3 5 
8071104 7690642 
5 4 2 0 3 1 
8073974 7687772 
4 3 5 1 2 0 
8078800 7682946 
0 4 3 1 2 5 
8080524 7681222 
3 5 4 2 1 0 
8083104 7678642 
1 4 5 0 3 2 
8083344 7678402 
0 1 4 5 2 3 
8083826 7677920 
5 0 4 3 1 2 
8084358 7677388 
4 3 2 5 0 1 
8086808 7674938 
3 4 5 1 2 0 
8089158 7672588 
4 1 0 3 2 5 
8091562 7670184 
1 4 0 3 2 5 
8093486 7668260 
3 4 5 0 1 2 
8096868 7664878 
4 5 3 0 2 1 
8098368 7663378 
1 0 3 4 2 5 
8100400 7661346 
3 1 4 0 2 5 
8103714 7658032 
5 2 3 1 4 0 
8106682 7655064 
5 2 3 0 1 4 
8111124 7650622 
4 2 5 0 1 3 
8111386 7650360 
0 2 4 5 1 3 
8113090 7648656 
3 1 5 4 2 0 
8113198 7648548 
2 3 5 0 4 1 
8117754 7643992 
1 3 4 2 0 5 
8118528 7643218 
2 5 3 1 4 0 
8119724 7642022 
1 2 3 5 0 4 
8121542 7640204 
1 3 5 4 0 2 
8122386 7639360 
1 2 0 4 5 3 
8124994 7636752 
2 4 3 0 1 5 
8125572 7636174 
0 3 2 1 5 4 
8135304 7626442 
2 0 5 1 4 3 
8135818 7625928 
1 3 5 4 2 0 
8135904 7625842 
5 2 4 0 1 3 
8135906 7625840 
3 0 2 1 5 4 
8135920 7625826 
0 4 5 2 1 3 
8138618 7623128 
0 1 4 3 5 2 
8140026 7621720 
2 4 5 3 1 0 
8141166 7620580 
0 2 5 4 1 3 
8144802 7616944 
4 5 2 3 0 1 
8147578 7614168 
4 1 5 2 3 0 
8148282 7613464 
5 0 1 2 4 3 
8148988 7612758 
0 1 2 4 3 5 
8149578 7612168 
0 5 2 1 3 4 
8149994 7611752 
4 3 2 0 5 1 
8151246 7610500 
5 1 3 2 0 4 
8155744 7606002 
3 1 2 4 0 5 
8156082 7605664 
1 0 4 2 5 3 
8156852 7604894 
1 3 5 2 4 0 
8158990 7602756 
1 5 3 2 0 4 
8164400 7597346 
2 3 4 1 0 5 
8165698 7596048 
5 3 2 1 0 4 
8169106 7592640 
5 1 2 0 4 3 
8171842 7589904 
2 1 0 3 4 5 
8177600 7584146 
3 0 1 4 2 5 
8189660 7572086 
1 0 4 2 3 5 
8190556 7571190 
5 0 1 3 4 2 
8191700 7570046 
3 0 4 1 5 2 
8193814 7567932 
0 5 4 3 1 2 
8195238 7566508 
1 5 3 0 2 4 
8198054 7563692 
1 4 2 5 0 3 
8198724 7563022 
2 5 4 0 3 1 
8199438 7562308 
5 4 2 0 1 3 
8202528 7559218 
2 5 4 3 0 1 
8204590 7557156 
5 3 2 4 1 0 
8205546 7556200 
0 5 1 2 4 3 
8210100 7551646 
2 5 4 1 0 3 
8216972 7544774 
3 4 2 1 5 0 
8227820 7533926 
2 4 5 0 1 3 
8229194 7532552 
3 1 5 4 0 2 
8230252 7531494 
3 1 5 2 4 0 
8232134 7529612 
4 1 3 2 5 0 
8233100 7528646 
2 1 5 4 3 0 
8233656 7528090 
3 0 2 5 1 4 
8236660 7525086 
5 1 3 2 4 0 
8238402 7523344 
1 5 3 4 2 0 
8240152 7521594 
1 0 2 4 3 5 
8246700 7515046 
0 3 1 2 4 5 
8247992 7513754 
0 2 3 4 1 5 
8248282 7513464 
2 0 4 1 5 3 
8248372 7513374 
2 1 3 4 0 5 
8249952 7511794 
3 2 4 0 5 1 
8253996 7507750 
1 2 3 0 5 4 
8261212 7500534 
3 2 5 1 4 0 
8268934 7492812 
2 5 4 1 3 0 
8269842 7491904 
5 1 3 0 2 4 
8274598 7487148 
2 3 5 4 1 0 
8274728 7487018 
1 3 5 0 4 2 
8278078 7483668 
1 4 2 0 5 3 
8278466 7483280 
0 1 2 3 4 5 
8278574 7483172 
1 2 0 5 4 3 
8279264 7482482 
4 1 3 2 0 5 
8280498 7481248 
5 1 4 3 0 2 
8280564 7481182 
3 1 5 0 4 2 
8283704 7478042 
1 0 3 2 4 5 
8285998 7475748 
3 2 4 0 1 5 
8290086 7471660 
5 1 4 0 2 3 
8290404 7471342 
0 5 1 3 4 2 
8292500 7469246 
3 4 2 0 1 5 
8292644 7469102 
2 1 0 5 4 3 
8294622 7467124 
0 1 4 5 3 2 
8298324 7463422 
3 1 4 5 2 0 
8299636 7462110 
1 5 4 2 0 3 
8309214 7452532 
5 3 4 0 1 2 
8309358 7452388 
1 0 2 5 4 3 
8314394 7447352 
0 5 1 4 2 3 
8315940 7445806 
0 3 1 4 2 5 
8318104 7443642 
3 2 4 1 5 0 
8319334 7442412 
5 1 4 2 3 0 
8329544 7432202 
0 4 1 3 5 2 
8331324 7430422 
4 3 2 1 0 5 
8332114 7429632 
4 0 1 3 5 2 
8335022 7426724 
0 3 4 5 1 2 
8346238 7415508 
4 0 3 1 2 5 
8347058 7414688 
4 5 2 0 3 1 
8349402 7412344 
3 4 2 5 1 0 
8349498 7412248 
4 0 3 2 1 5 
8358040 7403706 
5 0 2 1 3 4 
8359140 7402606 
1 2 4 3 0 5 
8361142 7400604 
4 2 3 5 1 0 
8362954 7398792 
3 5 2 0 1 4 
8364084 7397662 
5 1 4 3 2 0 
8369220 7392526 
1 0 4 3 2 5 
8369674 7392072 
5 0 1 4 2 3 
8374108 7387638 
0 4 2 3 1 5 
8382762 7378984 
2 0 4 3 1 5 
8384962 7376784 
1 4 5 2 0 3 
8387436 7374310 
2 3 5 1 4 0 
8388950 7372796 
2 1 3 4 5 0 
8392394 7369352 
2 0 1 5 3 4 
8403522 7358224 
5 1 3 4 2 0 
8404058 7357688 
0 1 2 5 3 4 
8404880 7356866 
3 1 4 2 5 0 
8408094 7353652 
2 3 4 5 0 1 
8414860 7346886 
1 5 3 2 4 0 
8416006 7345740 
4 0 2 1 3 5 
8419798 7341948 
2 1 5 4 0 3 
8422772 7338974 
0 5 1 4 3 2 
8430904 7330842 
1 3 4 2 5 0 
8431494 7330252 
0 4 1 5 3 2 
8431838 7329908 
4 1 2 5 0 3 
8432610 7329136 
4 2 3 0 1 5 
8434036 7327710 
3 0 1 5 2 4 
8434366 7327380 
0 1 2 3 5 4 
8435078 7326668 
3 0 1 2 4 5 
8437628 7324118 
0 4 3 2 1 5 
8437986 7323760 
1 3 2 4 0 5 
8439888 7321858 
3 0 4 5 1 2 
8441740 7320006 
2 0 1 4 3 5 
8446968 7314778 
1 5 2 0 4 3 
8447042 7314704 
0 3 2 5 1 4 
8451174 7310572 
3 1 2 5 0 4 
8453014 7308732 
1 3 4 0 2 5 
8459520 7302226 
3 1 2 0 4 5 
8469328 7292418 
4 1 2 0 5 3 
8480402 7281344 
5 3 1 0 4 2 
8481372 7280374 
5 4 3 1 2 0 
8482538 7279208 
1 0 4 5 2 3 
8482908 7278838 
5 3 1 2 4 0 
8485644 7276102 
5 3 1 4 0 2 
8492462 7269284 
3 5 1 4 0 2 
8492582 7269164 
0 5 2 3 1 4 
8496062 7265684 
3 5 1 4 2 0 
8498168 7263578 
0 2 1 3 5 4 
8499848 7261898 
5 0 2 3 1 4 
8501438 7260308 
4 5 3 1 2 0 
8503190 7258556 
4 5 3 2 1 0 
8507038 7254708 
4 0 2 5 1 3 
8511736 7250010 
3 5 4 0 1 2 
8515740 7246006 
5 4 1 3 0 2 
8522532 7239214 
1 2 4 0 3 5 
8523016 7238730 
0 3 1 5 4 2 
8523652 7238094 
3 4 5 2 1 0 
8529102 7232644 
4 3 2 1 5 0 
8533750 7227996 
5 2 3 4 1 0 
8535336 7226410 
1 0 4 3 5 2 
8541576 7220170 
5 4 2 1 3 0 
8542614 7219132 
3 1 2 4 5 0 
8542884 7218862 
5 1 2 3 4 0 
8549026 7212720 
5 3 1 2 0 4 
8550154 7211592 
1 5 2 4 3 0 
8552092 7209654 
3 1 2 5 4 0 
8553362 7208384 
4 1 5 3 2 0 
8555710 7206036 
2 1 4 0 3 5 
8555772 7205974 
2 3 4 0 5 1 
8556914 7204832 
0 3 1 2 5 4 
8558418 7203328 
3 2 4 5 1 0 
8560300 7201446 
0 3 1 4 5 2 
8561542 7200204 
0 2 1 5 3 4 
8564634 7197112 
1 2 4 3 5 0 
8565540 7196206 
5 0 1 4 3 2 
8565824 7195922 
1 2 5 3 4 0 
8566860 7194886 
1 2 5 4 3 0 
8571576 7190170 
3 0 1 5 4 2 
8577042 7184704 
1 0 2 5 3 4 
8578474 7183272 
2 1 4 3 0 5 
8578498 7183248 
4 0 1 2 5 3 
8580462 7181284 
1 4 5 0 2 3 
8582682 7179064 
3 4 1 5 0 2 
8583676 7178070 
5 3 2 0 1 4 
8583974 7177772 
1 4 5 3 2 0 
8588774 7172972 
4 0 1 5 3 2 
8589606 7172140 
3 2 5 4 1 0 
8589942 7171804 
0 3 1 5 2 4 
8590640 7171106 
1 4 3 5 2 0 
8592428 7169318 
4 1 5 0 2 3 
8595114 7166632 
3 5 1 0 2 4 
8604102 7157644 
1 0 2 3 4 5 
8611416 7150330 
1 4 5 2 3 0 
8616576 7145170 
2 3 4 1 5 0 
8617654 7144092 
1 0 2 3 5 4 
8620032 7141714 
5 2 1 3 0 4 
8620160 7141586 
2 0 1 3 5 4 
8622026 7139720 
1 4 2 3 0 5 
8626814 7134932 
4 5 1 3 0 2 
8627030 7134716 
1 4 2 5 3 0 
8630544 7131202 
3 5 1 0 4 2 
8635562 7126184 
2 0 4 5 1 3 
8636842 7124904 
1 2 5 4 0 3 
8639012 7122734 
1 4 3 2 5 0 
8649202 7112544 
1 5 4 2 3 0 
8655884 7105862 
1 4 2 3 5 0 
8659516 7102230 
3 1 4 5 0 2 
8661850 7099896 
2 4 1 0 3 5 
8663132 7098614 
1 5 4 0 2 3 
8673348 7088398 
5 1 2 4 3 0 
8675006 7086740 
1 4 3 2 0 5 
8675540 7086206 
1 4 2 0 3 5 
8677584 7084162 
2 3 4 0 1 5 
8678648 7083098 
4 5 2 0 1 3 
8679664 7082082 
5 3 1 4 2 0 
8684780 7076966 
4 3 1 5 0 2 
8688054 7073692 
1 0 4 5 3 2 
8688514 7073232 
1 2 4 5 3 0 
8689336 7072410 
5 1 4 0 3 2 
8690222 7071524 
2 1 4 5 3 0 
8692326 7069420 
1 3 2 4 5 0 
8692374 7069372 
4 2 1 3 0 5 
8692626 7069120 
5 4 2 3 1 0 
8693264 7068482 
5 1 2 3 0 4 
8693888 7067858 
3 0 1 4 5 2 
8696582 7065164 
2 4 1 5 0 3 
8698116 7063630 
3 5 1 2 0 4 
8699346 7062400 
2 5 1 0 3 4 
8701834 7059912 
2 5 1 4 0 3 
8704134 7057612 
4 3 1 0 5 2 
8714854 7046892 
1 2 4 5 0 3 
8715372 7046374 
0 2 1 3 4 5 
8716374 7045372 
4 3 1 2 0 5 
8719732 7042014 
1 3 4 5 2 0 
8724896 7036850 
0 4 1 2 5 3 
8729708 7032038 
2 5 4 0 1 3 
8730850 7030896 
1 2 3 4 0 5 
8731228 7030518 
2 4 1 3 0 5 
8732482 7029264 
3 5 1 2 4 0 
8736392 7025354 
5 3 1 0 2 4 
8738200 7023546 
4 5 2 1 3 0 
8741570 7020176 
2 4 1 5 3 0 
8742536 7019210 
5 0 1 3 2 4 
8745104 7016642 
5 4 3 2 1 0 
8745536 7016210 
1 4 3 0 2 5 
8748692 7013054 
1 2 4 0 5 3 
8753450 7008296 
3 1 2 0 5 4 
8755782 7005964 
2 1 5 3 4 0 
8760020 7001726 
2 0 1 4 5 3 
8762174 6999572 
2 5 1 3 0 4 
8764514 6997232 
0 5 1 3 2 4 
8767280 6994466 
2 1 3 5 4 0 
8770624 6991122 
0 2 1 4 3 5 
8772882 6988864 
4 5 1 2 0 3 
8773414 6988332 
4 1 3 5 2 0 
8776986 6984760 
2 5 4 3 1 0 
8788872 6972874 
1 5 4 3 0 2 
8792994 6968752 
0 5 1 2 3 4 
8799844 6961902 
3 0 1 2 5 4 
8801874 6959872 
4 1 2 3 0 5 
8804314 6957432 
4 2 1 5 0 3 
8807332 6954414 
4 1 2 3 5 0 
8815956 6945790 
1 2 3 4 5 0 
8816106 6945640 
4 2 1 0 5 3 
8824620 6937126 
2 5 1 4 3 0 
8824684 6937062 
1 5 4 3 2 0 
8825490 6936256 
4 2 1 3 5 0 
8829974 6931772 
1 2 5 0 4 3 
8831360 6930386 
2 4 1 0 5 3 
8834684 6927062 
2 1 4 5 0 3 
8840042 6921704 
2 1 4 3 5 0 
8840460 6921286 
1 3 2 5 0 4 
8841122 6920624 
0 4 1 5 2 3 
8843826 6917920 
3 4 1 0 5 2 
8846196 6915550 
2 1 3 0 4 5 
8855182 6906564 
1 3 2 0 4 5 
8855374 6906372 
5 4 1 2 0 3 
8861548 6900198 
1 5 2 3 0 4 
8873466 6888280 
2 3 1 4 0 5 
8874676 6887070 
5 4 1 0 3 2 
8885566 6876180 
4 0 2 3 1 5 
8893104 6868642 
5 0 1 2 3 4 
8894108 6867638 
1 5 2 3 4 0 
8897552 6864194 
2 3 1 5 0 4 
8900690 6861056 
3 4 1 0 2 5 
8901312 6860434 
0 2 1 4 5 3 
8901356 6860390 
5 2 1 4 0 3 
8901484 6860262 
3 2 1 5 0 4 
8905528 6856218 
4 5 1 0 3 2 
8908414 6853332 
0 2 1 5 4 3 
8909634 6852112 
3 1 4 0 5 2 
8913210 6848536 
4 1 3 0 2 5 
8922360 6839386 
5 2 1 0 4 3 
8927050 6834696 
1 5 2 0 3 4 
8930906 6830840 
1 2 3 5 4 0 
8935186 6826560 
1 3 2 0 5 4 
8940120 6821626 
4 2 1 0 3 5 
8941356 6820390 
2 4 1 3 5 0 
8948454 6813292 
4 1 2 5 3 0 
8952414 6809332 
1 3 4 5 0 2 
8956538 6805208 
3 4 1 2 0 5 
8957058 6804688 
5 2 1 0 3 4 
8957210 6804536 
4 0 1 2 3 5 
8961336 6800410 
2 1 5 0 4 3 
8961600 6800146 
2 1 4 0 5 3 
8965450 6796296 
4 3 1 2 5 0 
8965648 6796098 
5 1 2 0 3 4 
8966458 6795288 
5 2 1 3 4 0 
8974034 6787712 
1 5 4 0 3 2 
8987522 6774224 
2 3 4 5 1 0 
8988550 6773196 
4 1 2 0 3 5 
8988564 6773182 
4 3 2 0 1 5 
8989670 6772076 
1 2 3 0 4 5 
8989978 6771768 
1 3 4 0 5 2 
9004128 6757618 
1 3 2 5 4 0 
9008862 6752884 
0 4 1 2 3 5 
9009026 6752720 
0 4 1 3 2 5 
9022630 6739116 
3 4 1 5 2 0 
9040084 6721662 
2 3 1 0 5 4 
9056514 6705232 
4 2 1 5 3 0 
9061416 6700330 
3 2 1 4 0 5 
9072146 6689600 
5 4 1 0 2 3 
9112234 6649512 
4 3 2 5 1 0 
9126868 6634878 
2 0 1 3 4 5 
9157260 6604486 
3 2 1 0 5 4 
9177792 6583954 
4 5 2 3 1 0 
9198230 6563516 
2 0 1 5 4 3 
9253962 6507784 
3 2 1 0 4 5 
9264368 6497378 
5 2 1 4 3 0 
9285518 6476228 
4 0 1 5 2 3 
9297370 6464376 
2 3 1 4 5 0 
9310432 6451314 
2 5 1 0 4 3 
9332490 6429256 
3 4 1 2 5 0 
9358350 6403396 
4 5 1 2 3 0 
9400204 6361542 
4 0 1 3 2 5 
9423660 6338086 
5 4 1 3 2 0 
9429810 6331936 
4 3 1 0 2 5 
9430786 6330960 
3 2 1 5 4 0 
9504612 6257134 
4 5 1 0 2 3 
9507610 6254136 
2 3 1 0 4 5 
9515618 6246128 
2 5 1 3 4 0 
9515720 6246026 
5 4 1 2 3 0 
9542158 6219588 
3 2 1 4 5 0 
9584654 6177092 
4 3 1 5 2 0 
9649902 6111844 
2 3 1 5 4 0 
9795550 5966196 
4 5 1 3 2 0 
9853016 5908730 
