31 4
0 2 5 3 4 1 
4087238 6523856 4457130 5404238 
1 3 4 2 5 0 
4337548 7381834 4546772 5333310 
0 5 2 3 1 4 
4367348 6291974 3926290 4926068 
4 3 1 5 2 0 
4460972 7092846 4326092 4526746 
0 2 5 4 3 1 
4534704 6410720 4622556 4428832 
4 1 3 2 5 0 
4616250 6064514 4314416 5219028 
0 5 3 1 2 4 
4624610 5520856 3914210 4906316 
0 5 2 1 3 4 
4656146 6056954 4436930 4166988 
0 2 3 4 5 1 
4681318 6126344 4395592 4826702 
5 0 3 1 2 4 
4734804 4998602 3936594 5270706 
4 1 3 5 2 0 
4807172 6853740 4116724 4690782 
0 5 2 4 3 1 
4844432 6349952 4240340 4704870 
1 4 3 5 2 0 
4910820 6224304 3876504 5232376 
1 4 5 2 3 0 
4987370 5796072 3413176 5555216 
5 0 2 1 3 4 
5003736 5650332 4627506 4670662 
4 1 5 2 3 0 
5015798 5231672 3874492 5720210 
4 1 2 5 3 0 
5018036 5841362 3473424 5001880 
2 0 4 3 5 1 
5089444 5562590 3868150 6166176 
4 0 1 3 2 5 
5134088 5390884 3629112 5438862 
5 0 1 3 2 4 
5140804 5150780 3309986 5635718 
4 1 2 0 3 5 
5281076 5920802 3350196 5477974 
0 4 5 2 1 3 
5648108 4876704 4346376 6368648 
0 4 3 2 1 5 
5676384 4836278 4876824 5844322 
4 0 1 2 3 5 
5682150 5578688 4763128 4836654 
5 0 1 2 3 4 
5749192 5343358 4505196 5248774 
5 0 1 4 2 3 
5750104 6079200 3107290 6063966 
5 4 3 2 1 0 
5785442 4921168 4914646 5732802 
4 0 3 1 2 5 
5795832 4684338 4369912 6014714 
5 0 4 3 2 1 
6006180 4930708 4068696 6327268 
0 5 4 3 2 1 
6097094 4966522 4041202 6244724 
4 0 5 1 2 3 
6218998 4495574 5032670 6467876 
