720 4
4 0 3 2 5 1 
4910548 10851198 10851198 10851198 
2 0 5 4 3 1 
4963762 10797984 10797984 10797984 
2 0 3 4 5 1 
5022912 10738834 10738834 10738834 
4 0 5 2 3 1 
5037430 10724316 10724316 10724316 
4 3 5 2 0 1 
5070372 10691374 10691374 10691374 
4 3 0 2 5 1 
5098858 10662888 10662888 10662888 
2 5 3 4 0 1 
5134882 10626864 10626864 10626864 
3 0 4 5 2 1 
5141776 10619970 10619970 10619970 
2 5 0 4 3 1 
5154954 10606792 10606792 10606792 
4 5 3 2 0 1 
5179766 10581980 10581980 10581980 
5 0 2 3 4 1 
5211730 10550016 10550016 10550016 
3 0 2 5 4 1 
5252798 10508948 10508948 10508948 
5 0 4 3 2 1 
5286740 10475006 10475006 10475006 
4 0 5 1 3 2 
5308214 10453532 10453532 10453532 
4 5 0 2 3 1 
5335134 10426612 10426612 10426612 
4 0 3 1 5 2 
5377428 10384318 10384318 10384318 
2 3 5 4 0 1 
5416032 10345714 10345714 10345714 
2 0 3 1 5 4 
5433200 10328546 10328546 10328546 
4 3 5 1 0 2 
5442556 10319190 10319190 10319190 
2 0 5 1 3 4 
5493346 10268400 10268400 10268400 
2 3 0 4 5 1 
5495254 10266492 10266492 10266492 
4 3 0 1 5 2 
5534018 10227728 10227728 10227728 
3 5 4 0 2 1 
5552586 10209160 10209160 10209160 
3 4 2 5 0 1 
5552778 10208968 10208968 10208968 
5 2 4 3 0 1 
5555990 10205756 10205756 10205756 
2 5 3 1 0 4 
5562720 10199026 10199026 10199026 
4 5 3 1 0 2 
5598676 10163070 10163070 10163070 
3 5 2 0 4 1 
5598760 10162986 10162986 10162986 
1 0 5 4 3 2 
5604892 10156854 10156854 10156854 
3 0 2 1 4 5 
5607746 10154000 10154000 10154000 
2 0 1 5 3 4 
5614260 10147486 10147486 10147486 
0 5 2 3 4 1 
5614672 10147074 10147074 10147074 
4 5 0 1 3 2 
5620924 10140822 10140822 10140822 
3 0 5 4 2 1 
5621720 10140026 10140026 10140026 
2 0 3 4 1 5 
5654818 10106928 10106928 10106928 
3 4 0 5 2 1 
5666070 10095676 10095676 10095676 
2 0 1 4 3 5 
5671256 10090490 10090490 10090490 
3 5 0 4 2 1 
5672856 10088890 10088890 10088890 
2 5 0 1 3 4 
5679048 10082698 10082698 10082698 
1 0 3 2 5 4 
5687880 10073866 10073866 10073866 
5 0 2 1 4 3 
5689412 10072334 10072334 10072334 
5 0 4 1 2 3 
5695302 10066444 10066444 10066444 
0 5 4 3 2 1 
5703794 10057952 10057952 10057952 
5 3 4 0 2 1 
5711936 10049810 10049810 10049810 
5 2 0 3 4 1 
5714770 10046976 10046976 10046976 
5 4 2 3 0 1 
5714822 10046924 10046924 10046924 
0 3 4 5 2 1 
5718180 10043566 10043566 10043566 
5 0 3 2 4 1 
5737976 10023770 10023770 10023770 
4 2 0 3 5 1 
5738568 10023178 10023178 10023178 
3 0 4 1 2 5 
5742996 10018750 10018750 10018750 
1 0 3 4 5 2 
5744472 10017274 10017274 10017274 
4 2 5 3 0 1 
5773386 9988360 9988360 9988360 
5 0 4 3 1 2 
5778864 9982882 9982882 9982882 
4 0 1 2 5 3 
5782432 9979314 9979314 9979314 
3 2 4 5 0 1 
5784490 9977256 9977256 9977256 
0 2 4 3 5 1 
5805962 9955784 9955784 9955784 
4 0 1 3 5 2 
5806110 9955636 9955636 9955636 
5 3 2 0 4 1 
5809854 9951892 9951892 9951892 
4 0 2 3 5 1 
5817102 9944644 9944644 9944644 
0 5 3 2 4 1 
5818494 9943252 9943252 9943252 
2 0 3 5 1 4 
5818494 9943252 9943252 9943252 
0 4 2 3 5 1 
5821322 9940424 9940424 9940424 
3 5 2 4 0 1 
5822430 9939316 9939316 9939316 
5 3 0 2 4 1 
5828076 9933670 9933670 9933670 
5 0 1 3 4 2 
5828538 9933208 9933208 9933208 
2 5 1 0 3 4 
5830596 9931150 9931150 9931150 
3 0 2 4 5 1 
5836740 9925006 9925006 9925006 
1 0 2 3 5 4 
5850252 9911494 9911494 9911494 
4 0 5 2 1 3 
5852106 9909640 9909640 9909640 
1 0 5 2 3 4 
5863692 9898054 9898054 9898054 
0 3 2 5 4 1 
5866834 9894912 9894912 9894912 
5 0 1 2 4 3 
5868540 9893206 9893206 9893206 
2 3 5 1 0 4 
5872296 9889450 9889450 9889450 
3 0 2 1 5 4 
5884132 9877614 9877614 9877614 
3 0 2 5 1 4 
5884760 9876986 9876986 9876986 
3 5 2 1 0 4 
5887372 9874374 9874374 9874374 
1 5 0 4 3 2 
5889072 9872674 9872674 9872674 
0 2 4 5 3 1 
5889534 9872212 9872212 9872212 
3 0 1 5 2 4 
5893778 9867968 9867968 9867968 
0 3 5 2 4 1 
5894418 9867328 9867328 9867328 
2 4 0 5 3 1 
5901184 9860562 9860562 9860562 
2 0 5 4 1 3 
5903178 9858568 9858568 9858568 
1 0 5 4 2 3 
5912182 9849564 9849564 9849564 
3 4 2 0 5 1 
5913050 9848696 9848696 9848696 
5 3 4 2 0 1 
5913248 9848498 9848498 9848498 
1 3 5 4 0 2 
5915202 9846544 9846544 9846544 
2 0 4 5 3 1 
5916618 9845128 9845128 9845128 
1 5 3 4 0 2 
5923600 9838146 9838146 9838146 
2 5 3 0 1 4 
5924048 9837698 9837698 9837698 
2 4 3 5 0 1 
5925502 9836244 9836244 9836244 
2 3 0 1 5 4 
5928478 9833268 9833268 9833268 
1 5 3 2 0 4 
5932528 9829218 9829218 9829218 
2 4 3 0 5 1 
5941046 9820700 9820700 9820700 
2 5 1 4 3 0 
5944448 9817298 9817298 9817298 
5 4 0 3 2 1 
5948612 9813134 9813134 9813134 
1 0 4 5 2 3 
5955472 9806274 9806274 9806274 
0 5 2 1 4 3 
5957464 9804282 9804282 9804282 
2 5 3 4 1 0 
5964172 9797574 9797574 9797574 
2 4 5 0 3 1 
5965658 9796088 9796088 9796088 
5 0 4 2 3 1 
5968856 9792890 9792890 9792890 
4 0 5 3 1 2 
5969480 9792266 9792266 9792266 
0 3 5 4 2 1 
5972034 9789712 9789712 9789712 
1 0 2 3 4 5 
5972110 9789636 9789636 9789636 
0 5 4 1 2 3 
5977466 9784280 9784280 9784280 
2 0 1 4 5 3 
5978766 9782980 9782980 9782980 
4 0 3 2 1 5 
5986898 9774848 9774848 9774848 
4 5 1 2 0 3 
5987362 9774384 9774384 9774384 
3 0 4 5 1 2 
5987792 9773954 9773954 9773954 
1 3 5 2 0 4 
5999282 9762464 9762464 9762464 
0 2 5 3 4 1 
5999560 9762186 9762186 9762186 
0 3 4 2 5 1 
6008076 9753670 9753670 9753670 
3 2 0 5 4 1 
6008804 9752942 9752942 9752942 
4 3 1 2 0 5 
6009176 9752570 9752570 9752570 
4 2 5 0 3 1 
6012460 9749286 9749286 9749286 
4 0 1 5 3 2 
6013062 9748684 9748684 9748684 
3 0 1 4 2 5 
6014454 9747292 9747292 9747292 
1 3 0 2 5 4 
6018318 9743428 9743428 9743428 
1 3 0 4 5 2 
6020254 9741492 9741492 9741492 
5 0 4 1 3 2 
6023560 9738186 9738186 9738186 
3 4 5 0 2 1 
6025744 9736002 9736002 9736002 
2 0 1 3 5 4 
6025772 9735974 9735974 9735974 
2 5 1 4 0 3 
6026448 9735298 9735298 9735298 
4 0 5 3 2 1 
6028506 9733240 9733240 9733240 
0 5 3 4 2 1 
6031630 9730116 9730116 9730116 
4 2 5 1 0 3 
6035606 9726140 9726140 9726140 
5 2 4 0 3 1 
6036794 9724952 9724952 9724952 
4 2 3 0 5 1 
6039592 9722154 9722154 9722154 
0 4 2 5 3 1 
6040414 9721332 9721332 9721332 
2 3 1 5 0 4 
6043508 9718238 9718238 9718238 
4 0 1 2 3 5 
6044106 9717640 9717640 9717640 
3 4 2 1 0 5 
6048516 9713230 9713230 9713230 
2 3 1 4 0 5 
6055654 9706092 9706092 9706092 
5 0 2 3 1 4 
6058984 9702762 9702762 9702762 
5 2 4 0 1 3 
6064508 9697238 9697238 9697238 
2 5 0 4 1 3 
6066244 9695502 9695502 9695502 
4 3 1 0 5 2 
6068204 9693542 9693542 9693542 
5 3 4 1 0 2 
6069352 9692394 9692394 9692394 
5 2 4 1 0 3 
6073362 9688384 9688384 9688384 
0 5 4 1 3 2 
6074156 9687590 9687590 9687590 
4 5 1 3 0 2 
6075000 9686746 9686746 9686746 
5 3 4 0 1 2 
6077180 9684566 9684566 9684566 
0 5 4 2 3 1 
6077262 9684484 9684484 9684484 
3 5 2 1 4 0 
6077970 9683776 9683776 9683776 
0 3 2 1 4 5 
6079372 9682374 9682374 9682374 
4 3 1 2 5 0 
6079454 9682292 9682292 9682292 
2 3 1 0 5 4 
6082682 9679064 9679064 9679064 
3 4 2 0 1 5 
6092458 9669288 9669288 9669288 
1 0 2 5 4 3 
6094844 9666902 9666902 9666902 
5 3 1 2 0 4 
6094990 9666756 9666756 9666756 
2 3 0 4 1 5 
6097466 9664280 9664280 9664280 
3 0 5 1 2 4 
6102264 9659482 9659482 9659482 
3 4 1 0 2 5 
6102964 9658782 9658782 9658782 
0 4 5 3 2 1 
6104042 9657704 9657704 9657704 
3 0 1 5 4 2 
6107832 9653914 9653914 9653914 
5 2 1 0 4 3 
6109512 9652234 9652234 9652234 
2 0 3 5 4 1 
6112162 9649584 9649584 9649584 
0 3 1 2 5 4 
6112418 9649328 9649328 9649328 
4 5 2 3 0 1 
6113544 9648202 9648202 9648202 
4 3 5 0 1 2 
6114616 9647130 9647130 9647130 
1 0 4 5 3 2 
6114638 9647108 9647108 9647108 
4 5 0 2 1 3 
6121684 9640062 9640062 9640062 
1 5 2 3 0 4 
6122124 9639622 9639622 9639622 
1 5 0 2 3 4 
6127376 9634370 9634370 9634370 
5 0 4 2 1 3 
6132722 9629024 9629024 9629024 
5 2 1 3 4 0 
6135240 9626506 9626506 9626506 
4 1 5 2 0 3 
6144374 9617372 9617372 9617372 
4 3 0 2 1 5 
6145514 9616232 9616232 9616232 
3 4 1 5 2 0 
6146700 9615046 9615046 9615046 
4 2 0 1 5 3 
6147732 9614014 9614014 9614014 
3 5 0 1 2 4 
6147910 9613836 9613836 9613836 
1 0 4 3 2 5 
6148130 9613616 9613616 9613616 
4 5 1 0 3 2 
6152454 9609292 9609292 9609292 
0 3 4 1 5 2 
6154340 9607406 9607406 9607406 
0 4 3 2 5 1 
6157280 9604466 9604466 9604466 
0 2 1 3 4 5 
6157502 9604244 9604244 9604244 
5 2 0 1 4 3 
6158414 9603332 9603332 9603332 
2 5 4 0 3 1 
6172284 9589462 9589462 9589462 
5 0 3 1 4 2 
6175656 9586090 9586090 9586090 
0 2 3 5 4 1 
6175798 9585948 9585948 9585948 
0 3 4 1 2 5 
6176990 9584756 9584756 9584756 
0 4 3 5 2 1 
6178024 9583722 9583722 9583722 
1 5 0 4 2 3 
6180290 9581456 9581456 9581456 
0 5 1 4 3 2 
6180788 9580958 9580958 9580958 
3 2 4 0 5 1 
6181722 9580024 9580024 9580024 
4 0 5 1 2 3 
6181916 9579830 9579830 9579830 
0 2 4 5 1 3 
6182436 9579310 9579310 9579310 
5 0 1 3 2 4 
6183668 9578078 9578078 9578078 
5 2 4 3 1 0 
6186492 9575254 9575254 9575254 
4 3 5 2 1 0 
6187306 9574440 9574440 9574440 
3 5 4 1 2 0 
6192052 9569694 9569694 9569694 
3 0 2 4 1 5 
6192316 9569430 9569430 9569430 
5 0 1 2 3 4 
6192710 9569036 9569036 9569036 
0 3 2 1 5 4 
6193378 9568368 9568368 9568368 
0 3 4 5 1 2 
6197076 9564670 9564670 9564670 
4 3 1 5 0 2 
6197702 9564044 9564044 9564044 
0 5 3 1 4 2 
6198364 9563382 9563382 9563382 
3 4 2 5 1 0 
6199170 9562576 9562576 9562576 
5 3 1 0 4 2 
6199422 9562324 9562324 9562324 
0 5 2 4 3 1 
6201276 9560470 9560470 9560470 
2 5 1 3 0 4 
6202934 9558812 9558812 9558812 
3 5 2 0 1 4 
6208762 9552984 9552984 9552984 
4 1 0 2 5 3 
6209022 9552724 9552724 9552724 
0 3 1 2 4 5 
6212302 9549444 9549444 9549444 
0 4 1 5 2 3 
6213016 9548730 9548730 9548730 
0 2 4 3 1 5 
6218204 9543542 9543542 9543542 
5 0 1 4 3 2 
6218662 9543084 9543084 9543084 
4 5 0 3 1 2 
6219050 9542696 9542696 9542696 
5 1 4 0 2 3 
6222036 9539710 9539710 9539710 
5 4 1 3 0 2 
6222318 9539428 9539428 9539428 
5 2 3 0 4 1 
6222794 9538952 9538952 9538952 
3 4 0 1 2 5 
6223248 9538498 9538498 9538498 
0 1 4 5 2 3 
6224836 9536910 9536910 9536910 
5 0 3 2 1 4 
6226012 9535734 9535734 9535734 
0 3 5 1 4 2 
6227562 9534184 9534184 9534184 
2 3 5 0 1 4 
6230104 9531642 9531642 9531642 
0 5 1 2 3 4 
6233796 9527950 9527950 9527950 
5 3 0 1 4 2 
6234036 9527710 9527710 9527710 
0 3 2 4 5 1 
6234346 9527400 9527400 9527400 
1 5 4 0 2 3 
6234836 9526910 9526910 9526910 
4 1 0 3 5 2 
6235018 9526728 9526728 9526728 
2 1 3 4 0 5 
6236470 9525276 9525276 9525276 
0 3 5 4 1 2 
6237040 9524706 9524706 9524706 
5 4 1 0 2 3 
6238746 9523000 9523000 9523000 
1 0 5 3 2 4 
6239316 9522430 9522430 9522430 
2 5 3 0 4 1 
6239676 9522070 9522070 9522070 
0 2 1 5 4 3 
6241030 9520716 9520716 9520716 
0 5 3 2 1 4 
6242990 9518756 9518756 9518756 
2 3 5 4 1 0 
6243754 9517992 9517992 9517992 
1 0 2 5 3 4 
6243806 9517940 9517940 9517940 
4 0 3 5 1 2 
6245646 9516100 9516100 9516100 
1 0 2 4 5 3 
6246062 9515684 9515684 9515684 
2 3 0 5 1 4 
6247112 9514634 9514634 9514634 
3 1 2 0 4 5 
6247970 9513776 9513776 9513776 
5 4 2 1 0 3 
6248664 9513082 9513082 9513082 
3 5 1 4 0 2 
6249142 9512604 9512604 9512604 
5 0 1 4 2 3 
6249622 9512124 9512124 9512124 
0 5 2 1 3 4 
6251178 9510568 9510568 9510568 
3 0 1 2 4 5 
6251836 9509910 9509910 9509910 
2 1 3 0 5 4 
6252940 9508806 9508806 9508806 
1 3 2 0 5 4 
6253482 9508264 9508264 9508264 
3 0 5 4 1 2 
6253846 9507900 9507900 9507900 
4 1 5 3 0 2 
6254338 9507408 9507408 9507408 
5 3 0 4 2 1 
6258828 9502918 9502918 9502918 
0 5 3 4 1 2 
6259102 9502644 9502644 9502644 
0 1 2 3 4 5 
6260246 9501500 9501500 9501500 
4 0 2 1 5 3 
6260304 9501442 9501442 9501442 
3 1 4 0 2 5 
6262402 9499344 9499344 9499344 
4 1 5 0 3 2 
6265132 9496614 9496614 9496614 
5 3 1 2 4 0 
6265152 9496594 9496594 9496594 
3 5 1 0 2 4 
6265258 9496488 9496488 9496488 
5 0 3 4 2 1 
6267288 9494458 9494458 9494458 
0 2 5 1 4 3 
6273300 9488446 9488446 9488446 
5 2 1 3 0 4 
6273494 9488252 9488252 9488252 
4 5 3 0 1 2 
6274256 9487490 9487490 9487490 
0 2 5 4 3 1 
6275524 9486222 9486222 9486222 
4 1 3 2 0 5 
6275582 9486164 9486164 9486164 
1 0 3 2 4 5 
6276194 9485552 9485552 9485552 
2 1 0 5 3 4 
6276276 9485470 9485470 9485470 
2 1 3 5 0 4 
6276906 9484840 9484840 9484840 
1 4 2 3 0 5 
6278096 9483650 9483650 9483650 
4 2 0 5 3 1 
6278274 9483472 9483472 9483472 
0 4 2 3 1 5 
6280702 9481044 9481044 9481044 
2 3 1 4 5 0 
6281164 9480582 9480582 9480582 
5 3 2 1 4 0 
6281544 9480202 9480202 9480202 
4 5 0 3 2 1 
6290130 9471616 9471616 9471616 
2 0 5 3 1 4 
6290152 9471594 9471594 9471594 
3 0 1 4 5 2 
6291004 9470742 9470742 9470742 
3 5 0 4 1 2 
6292928 9468818 9468818 9468818 
5 4 2 0 3 1 
6294186 9467560 9467560 9467560 
2 1 0 4 3 5 
6294720 9467026 9467026 9467026 
5 3 1 4 0 2 
6295662 9466084 9466084 9466084 
0 3 5 2 1 4 
6296080 9465666 9465666 9465666 
1 5 2 0 3 4 
6296306 9465440 9465440 9465440 
5 3 0 2 1 4 
6297688 9464058 9464058 9464058 
4 5 3 2 1 0 
6298268 9463478 9463478 9463478 
3 4 1 5 0 2 
6298500 9463246 9463246 9463246 
0 3 1 4 5 2 
6299650 9462096 9462096 9462096 
0 2 4 1 5 3 
6300374 9461372 9461372 9461372 
4 3 5 0 2 1 
6300522 9461224 9461224 9461224 
3 1 4 5 2 0 
6300648 9461098 9461098 9461098 
0 4 5 2 3 1 
6302390 9459356 9459356 9459356 
4 3 2 0 5 1 
6306436 9455310 9455310 9455310 
2 1 5 0 3 4 
6306910 9454836 9454836 9454836 
5 1 4 3 0 2 
6307042 9454704 9454704 9454704 
5 4 2 0 1 3 
6308670 9453076 9453076 9453076 
1 5 2 0 4 3 
6309360 9452386 9452386 9452386 
3 2 1 0 4 5 
6310066 9451680 9451680 9451680 
2 4 3 1 0 5 
6312904 9448842 9448842 9448842 
1 5 4 0 3 2 
6313970 9447776 9447776 9447776 
3 2 4 0 1 5 
6313992 9447754 9447754 9447754 
3 0 1 2 5 4 
6314332 9447414 9447414 9447414 
1 4 2 5 0 3 
6316200 9445546 9445546 9445546 
4 1 3 2 5 0 
6317734 9444012 9444012 9444012 
4 5 1 2 3 0 
6319314 9442432 9442432 9442432 
0 4 2 5 1 3 
6320086 9441660 9441660 9441660 
5 0 3 4 1 2 
6321084 9440662 9440662 9440662 
1 0 3 4 2 5 
6322582 9439164 9439164 9439164 
0 4 5 1 2 3 
6325132 9436614 9436614 9436614 
5 1 2 3 4 0 
6330972 9430774 9430774 9430774 
0 4 2 1 5 3 
6332204 9429542 9429542 9429542 
0 3 1 5 4 2 
6332908 9428838 9428838 9428838 
4 3 0 5 1 2 
6335576 9426170 9426170 9426170 
5 1 2 0 4 3 
6336964 9424782 9424782 9424782 
3 5 1 2 0 4 
6337990 9423756 9423756 9423756 
5 3 0 4 1 2 
6338104 9423642 9423642 9423642 
3 2 4 1 0 5 
6338910 9422836 9422836 9422836 
0 4 1 5 3 2 
6338936 9422810 9422810 9422810 
5 4 0 1 2 3 
6339606 9422140 9422140 9422140 
4 2 3 5 0 1 
6340224 9421522 9421522 9421522 
4 1 3 0 5 2 
6340522 9421224 9421224 9421224 
3 2 5 0 4 1 
6340590 9421156 9421156 9421156 
0 4 5 1 3 2 
6343814 9417932 9417932 9417932 
5 3 4 1 2 0 
6343882 9417864 9417864 9417864 
5 4 3 2 0 1 
6345980 9415766 9415766 9415766 
3 2 1 5 0 4 
6357068 9404678 9404678 9404678 
2 4 1 0 3 5 
6357638 9404108 9404108 9404108 
3 1 2 5 0 4 
6357802 9403944 9403944 9403944 
2 0 3 1 4 5 
6358774 9402972 9402972 9402972 
0 3 5 1 2 4 
6364218 9397528 9397528 9397528 
0 2 3 1 4 5 
6366010 9395736 9395736 9395736 
0 2 3 4 5 1 
6368190 9393556 9393556 9393556 
0 5 4 3 1 2 
6369594 9392152 9392152 9392152 
0 4 1 3 2 5 
6369728 9392018 9392018 9392018 
1 4 0 5 2 3 
6370902 9390844 9390844 9390844 
3 1 2 5 4 0 
6372232 9389514 9389514 9389514 
5 4 2 3 1 0 
6375998 9385748 9385748 9385748 
2 1 5 4 3 0 
6376720 9385026 9385026 9385026 
1 2 0 3 5 4 
6377274 9384472 9384472 9384472 
3 2 5 4 0 1 
6377480 9384266 9384266 9384266 
3 2 0 1 4 5 
6378392 9383354 9383354 9383354 
0 5 1 2 4 3 
6378410 9383336 9383336 9383336 
1 4 5 0 2 3 
6382158 9379588 9379588 9379588 
5 4 3 0 2 1 
6382268 9379478 9379478 9379478 
1 4 5 0 3 2 
6383284 9378462 9378462 9378462 
3 0 5 2 4 1 
6387240 9374506 9374506 9374506 
2 3 4 5 0 1 
6387978 9373768 9373768 9373768 
1 4 2 0 5 3 
6388324 9373422 9373422 9373422 
1 5 2 4 0 3 
6388454 9373292 9373292 9373292 
0 1 2 5 4 3 
6390500 9371246 9371246 9371246 
5 4 0 3 1 2 
6392912 9368834 9368834 9368834 
0 4 3 1 5 2 
6394800 9366946 9366946 9366946 
0 5 3 1 2 4 
6395388 9366358 9366358 9366358 
2 4 3 0 1 5 
6396784 9364962 9364962 9364962 
5 3 2 1 0 4 
6397350 9364396 9364396 9364396 
1 0 4 3 5 2 
6397452 9364294 9364294 9364294 
0 5 2 3 1 4 
6398386 9363360 9363360 9363360 
3 2 4 5 1 0 
6400208 9361538 9361538 9361538 
3 5 0 2 4 1 
6401416 9360330 9360330 9360330 
0 2 3 1 5 4 
6402008 9359738 9359738 9359738 
1 3 4 0 5 2 
6409130 9352616 9352616 9352616 
0 1 4 3 2 5 
6409974 9351772 9351772 9351772 
0 1 4 5 3 2 
6410830 9350916 9350916 9350916 
2 5 0 3 1 4 
6412714 9349032 9349032 9349032 
2 4 1 5 3 0 
6414494 9347252 9347252 9347252 
0 5 1 3 4 2 
6415488 9346258 9346258 9346258 
3 2 1 5 4 0 
6419322 9342424 9342424 9342424 
0 2 4 1 3 5 
6419714 9342032 9342032 9342032 
1 2 5 3 0 4 
6421542 9340204 9340204 9340204 
5 0 2 4 3 1 
6423158 9338588 9338588 9338588 
1 3 5 0 2 4 
6425228 9336518 9336518 9336518 
0 2 5 1 3 4 
6428638 9333108 9333108 9333108 
3 5 1 4 2 0 
6429670 9332076 9332076 9332076 
1 3 2 0 4 5 
6431460 9330286 9330286 9330286 
2 1 3 4 5 0 
6433854 9327892 9327892 9327892 
1 3 4 0 2 5 
6434552 9327194 9327194 9327194 
4 1 0 5 3 2 
6438450 9323296 9323296 9323296 
1 4 3 0 5 2 
6439102 9322644 9322644 9322644 
5 4 1 3 2 0 
6439194 9322552 9322552 9322552 
2 4 1 5 0 3 
6440374 9321372 9321372 9321372 
5 3 2 4 0 1 
6441918 9319828 9319828 9319828 
3 2 0 4 5 1 
6442926 9318820 9318820 9318820 
0 5 1 4 2 3 
6443316 9318430 9318430 9318430 
2 4 0 1 3 5 
6443722 9318024 9318024 9318024 
1 3 4 5 0 2 
6444038 9317708 9317708 9317708 
4 0 2 5 3 1 
6444588 9317158 9317158 9317158 
4 5 2 1 0 3 
6444816 9316930 9316930 9316930 
5 1 4 3 2 0 
6445420 9316326 9316326 9316326 
1 5 2 3 4 0 
6445778 9315968 9315968 9315968 
1 2 4 5 0 3 
6445852 9315894 9315894 9315894 
0 2 1 3 5 4 
6446066 9315680 9315680 9315680 
1 5 3 0 2 4 
6446254 9315492 9315492 9315492 
4 1 5 2 3 0 
6446632 9315114 9315114 9315114 
1 2 3 0 5 4 
6450066 9311680 9311680 9311680 
5 0 2 1 3 4 
6451910 9309836 9309836 9309836 
1 0 3 5 2 4 
6457058 9304688 9304688 9304688 
3 5 4 0 1 2 
6458626 9303120 9303120 9303120 
0 1 3 2 5 4 
6459562 9302184 9302184 9302184 
3 4 0 5 1 2 
6464262 9297484 9297484 9297484 
4 2 5 1 3 0 
6464744 9297002 9297002 9297002 
1 5 0 3 2 4 
6466920 9294826 9294826 9294826 
1 0 3 5 4 2 
6467262 9294484 9294484 9294484 
1 4 0 5 3 2 
6468132 9293614 9293614 9293614 
4 1 0 2 3 5 
6469128 9292618 9292618 9292618 
1 2 5 0 3 4 
6471864 9289882 9289882 9289882 
1 3 2 5 0 4 
6472854 9288892 9288892 9288892 
4 5 2 0 3 1 
6476478 9285268 9285268 9285268 
2 3 4 0 5 1 
6476562 9285184 9285184 9285184 
1 3 5 4 2 0 
6477918 9283828 9283828 9283828 
4 5 0 1 2 3 
6478554 9283192 9283192 9283192 
1 4 2 3 5 0 
6479892 9281854 9281854 9281854 
3 5 4 1 0 2 
6480910 9280836 9280836 9280836 
1 2 4 3 0 5 
6482900 9278846 9278846 9278846 
5 2 0 3 1 4 
6483526 9278220 9278220 9278220 
4 2 3 1 5 0 
6483684 9278062 9278062 9278062 
2 1 5 4 0 3 
6488414 9273332 9273332 9273332 
3 0 4 2 5 1 
6491238 9270508 9270508 9270508 
5 4 0 2 3 1 
6491688 9270058 9270058 9270058 
4 5 3 0 2 1 
6497696 9264050 9264050 9264050 
4 2 3 1 0 5 
6501556 9260190 9260190 9260190 
2 0 4 1 3 5 
6503198 9258548 9258548 9258548 
3 5 4 2 0 1 
6504816 9256930 9256930 9256930 
5 0 2 4 1 3 
6507914 9253832 9253832 9253832 
5 4 1 2 0 3 
6508800 9252946 9252946 9252946 
0 3 4 2 1 5 
6509622 9252124 9252124 9252124 
0 4 2 1 3 5 
6511912 9249834 9249834 9249834 
3 0 4 1 5 2 
6515302 9246444 9246444 9246444 
3 4 2 1 5 0 
6515500 9246246 9246246 9246246 
1 2 5 4 0 3 
6515608 9246138 9246138 9246138 
5 4 1 0 3 2 
6516202 9245544 9245544 9245544 
1 0 2 4 3 5 
6516882 9244864 9244864 9244864 
5 1 2 3 0 4 
6517050 9244696 9244696 9244696 
2 4 0 3 5 1 
6520790 9240956 9240956 9240956 
0 1 5 4 3 2 
6522340 9239406 9239406 9239406 
3 0 5 2 1 4 
6523446 9238300 9238300 9238300 
1 5 3 4 2 0 
6525418 9236328 9236328 9236328 
5 1 0 3 4 2 
6527310 9234436 9234436 9234436 
4 0 3 5 2 1 
6529110 9232636 9232636 9232636 
3 1 4 5 0 2 
6530946 9230800 9230800 9230800 
2 4 3 1 5 0 
6532248 9229498 9229498 9229498 
4 1 3 5 0 2 
6533160 9228586 9228586 9228586 
0 5 1 3 2 4 
6533402 9228344 9228344 9228344 
1 4 0 3 2 5 
6537086 9224660 9224660 9224660 
1 5 3 0 4 2 
6538442 9223304 9223304 9223304 
0 4 1 3 5 2 
6540378 9221368 9221368 9221368 
3 5 0 2 1 4 
6542032 9219714 9219714 9219714 
1 0 5 2 4 3 
6542162 9219584 9219584 9219584 
1 3 0 4 2 5 
6543190 9218556 9218556 9218556 
3 2 5 1 0 4 
6545634 9216112 9216112 9216112 
1 4 3 5 0 2 
6547050 9214696 9214696 9214696 
4 2 1 3 0 5 
6552248 9209498 9209498 9209498 
5 3 4 2 1 0 
6553022 9208724 9208724 9208724 
1 4 2 0 3 5 
6553248 9208498 9208498 9208498 
1 2 4 0 5 3 
6554936 9206810 9206810 9206810 
0 4 3 1 2 5 
6555826 9205920 9205920 9205920 
2 3 0 5 4 1 
6559204 9202542 9202542 9202542 
5 1 4 0 3 2 
6559566 9202180 9202180 9202180 
3 5 1 0 4 2 
6561296 9200450 9200450 9200450 
3 2 0 5 1 4 
6562268 9199478 9199478 9199478 
3 0 4 2 1 5 
6564948 9196798 9196798 9196798 
5 1 0 2 4 3 
6564994 9196752 9196752 9196752 
2 4 5 1 3 0 
6565052 9196694 9196694 9196694 
1 2 0 3 4 5 
6565870 9195876 9195876 9195876 
2 3 5 0 4 1 
6568566 9193180 9193180 9193180 
2 4 5 3 0 1 
6569720 9192026 9192026 9192026 
4 3 2 5 0 1 
6570988 9190758 9190758 9190758 
3 1 0 5 2 4 
6572020 9189726 9189726 9189726 
1 3 5 0 4 2 
6577784 9183962 9183962 9183962 
0 4 3 5 1 2 
6583616 9178130 9178130 9178130 
2 0 4 3 5 1 
6583964 9177782 9177782 9177782 
0 1 2 3 5 4 
6584580 9177166 9177166 9177166 
3 2 0 1 5 4 
6588040 9173706 9173706 9173706 
5 4 3 1 0 2 
6593340 9168406 9168406 9168406 
4 3 0 5 2 1 
6593560 9168186 9168186 9168186 
4 2 0 1 3 5 
6594742 9167004 9167004 9167004 
2 0 1 5 4 3 
6594778 9166968 9166968 9166968 
1 3 0 2 4 5 
6595362 9166384 9166384 9166384 
3 0 5 1 4 2 
6598184 9163562 9163562 9163562 
2 4 3 5 1 0 
6600584 9161162 9161162 9161162 
1 5 4 3 2 0 
6600630 9161116 9161116 9161116 
0 1 3 2 4 5 
6601684 9160062 9160062 9160062 
2 4 0 5 1 3 
6602146 9159600 9159600 9159600 
1 4 3 0 2 5 
6602900 9158846 9158846 9158846 
2 0 4 5 1 3 
6603468 9158278 9158278 9158278 
2 1 0 4 5 3 
6603798 9157948 9157948 9157948 
5 4 0 1 3 2 
6605928 9155818 9155818 9155818 
1 3 4 5 2 0 
6607688 9154058 9154058 9154058 
5 0 3 1 2 4 
6609896 9151850 9151850 9151850 
1 0 5 3 4 2 
6610496 9151250 9151250 9151250 
3 5 2 4 1 0 
6623030 9138716 9138716 9138716 
1 2 5 0 4 3 
6623294 9138452 9138452 9138452 
5 3 0 1 2 4 
6624372 9137374 9137374 9137374 
1 5 3 2 4 0 
6626534 9135212 9135212 9135212 
3 4 5 1 2 0 
6626658 9135088 9135088 9135088 
3 5 0 1 4 2 
6627366 9134380 9134380 9134380 
2 4 1 3 0 5 
6629006 9132740 9132740 9132740 
1 5 4 3 0 2 
6631692 9130054 9130054 9130054 
0 1 5 2 3 4 
6634030 9127716 9127716 9127716 
1 2 0 5 4 3 
6639926 9121820 9121820 9121820 
1 2 0 4 5 3 
6641324 9120422 9120422 9120422 
0 5 4 2 1 3 
6646372 9115374 9115374 9115374 
1 0 4 2 3 5 
6646514 9115232 9115232 9115232 
4 2 1 5 0 3 
6653136 9108610 9108610 9108610 
3 1 0 4 2 5 
6654144 9107602 9107602 9107602 
1 2 4 0 3 5 
6659492 9102254 9102254 9102254 
0 1 3 4 5 2 
6663264 9098482 9098482 9098482 
0 1 4 3 5 2 
6663532 9098214 9098214 9098214 
1 3 0 5 2 4 
6663636 9098110 9098110 9098110 
4 2 1 0 5 3 
6667630 9094116 9094116 9094116 
5 1 4 2 0 3 
6668310 9093436 9093436 9093436 
5 4 0 2 1 3 
6669666 9092080 9092080 9092080 
5 4 3 0 1 2 
6674208 9087538 9087538 9087538 
5 2 4 1 3 0 
6676150 9085596 9085596 9085596 
3 1 2 0 5 4 
6678564 9083182 9083182 9083182 
1 4 2 5 3 0 
6682920 9078826 9078826 9078826 
1 2 0 5 3 4 
6683048 9078698 9078698 9078698 
1 4 3 2 0 5 
6687092 9074654 9074654 9074654 
5 1 3 2 0 4 
6687232 9074514 9074514 9074514 
5 2 0 4 3 1 
6688598 9073148 9073148 9073148 
1 3 2 5 4 0 
6690612 9071134 9071134 9071134 
4 2 5 0 1 3 
6690984 9070762 9070762 9070762 
0 5 2 4 1 3 
6691276 9070470 9070470 9070470 
2 1 0 3 5 4 
6691308 9070438 9070438 9070438 
5 2 3 1 4 0 
6692166 9069580 9069580 9069580 
4 2 0 3 1 5 
6695920 9065826 9065826 9065826 
2 0 1 3 4 5 
6698780 9062966 9062966 9062966 
1 5 2 4 3 0 
6699054 9062692 9062692 9062692 
0 2 5 3 1 4 
6700366 9061380 9061380 9061380 
1 3 2 4 0 5 
6701080 9060666 9060666 9060666 
1 2 4 3 5 0 
6701160 9060586 9060586 9060586 
4 2 1 3 5 0 
6702558 9059188 9059188 9059188 
1 4 0 3 5 2 
6703206 9058540 9058540 9058540 
3 2 1 0 5 4 
6704890 9056856 9056856 9056856 
1 2 3 5 0 4 
6705518 9056228 9056228 9056228 
1 2 3 0 4 5 
6706052 9055694 9055694 9055694 
2 5 3 1 4 0 
6707638 9054108 9054108 9054108 
1 3 5 2 4 0 
6714554 9047192 9047192 9047192 
5 2 3 4 0 1 
6715818 9045928 9045928 9045928 
1 3 0 5 4 2 
6717744 9044002 9044002 9044002 
2 0 5 3 4 1 
6720358 9041388 9041388 9041388 
0 4 3 2 1 5 
6723898 9037848 9037848 9037848 
1 4 5 3 0 2 
6726306 9035440 9035440 9035440 
0 4 5 3 1 2 
6734072 9027674 9027674 9027674 
1 0 4 2 5 3 
6736670 9025076 9025076 9025076 
4 0 3 1 2 5 
6737242 9024504 9024504 9024504 
1 3 2 4 5 0 
6740860 9020886 9020886 9020886 
3 2 1 4 0 5 
6743334 9018412 9018412 9018412 
4 3 5 1 2 0 
6745396 9016350 9016350 9016350 
2 1 5 3 0 4 
6745908 9015838 9015838 9015838 
5 2 3 1 0 4 
6746036 9015710 9015710 9015710 
4 0 2 1 3 5 
6746416 9015330 9015330 9015330 
5 3 2 0 1 4 
6748852 9012894 9012894 9012894 
2 5 4 3 0 1 
6751046 9010700 9010700 9010700 
0 3 1 5 2 4 
6751430 9010316 9010316 9010316 
4 3 2 1 5 0 
6752846 9008900 9008900 9008900 
4 3 2 1 0 5 
6754646 9007100 9007100 9007100 
1 3 4 2 0 5 
6756344 9005402 9005402 9005402 
5 2 1 4 0 3 
6760648 9001098 9001098 9001098 
1 4 5 3 2 0 
6761982 8999764 8999764 8999764 
0 3 2 5 1 4 
6764252 8997494 8997494 8997494 
2 4 5 1 0 3 
6768490 8993256 8993256 8993256 
1 2 4 5 3 0 
6768668 8993078 8993078 8993078 
0 4 1 2 3 5 
6769010 8992736 8992736 8992736 
1 2 5 4 3 0 
6771034 8990712 8990712 8990712 
2 4 1 0 5 3 
6771044 8990702 8990702 8990702 
5 3 1 0 2 4 
6773176 8988570 8988570 8988570 
1 5 0 2 4 3 
6773310 8988436 8988436 8988436 
3 4 1 2 0 5 
6773614 8988132 8988132 8988132 
4 0 1 5 2 3 
6779526 8982220 8982220 8982220 
0 2 1 5 3 4 
6785472 8976274 8976274 8976274 
4 0 2 3 1 5 
6786214 8975532 8975532 8975532 
3 2 0 4 1 5 
6786742 8975004 8975004 8975004 
3 1 2 4 0 5 
6788598 8973148 8973148 8973148 
4 2 0 5 1 3 
6788616 8973130 8973130 8973130 
0 1 3 5 4 2 
6791342 8970404 8970404 8970404 
1 4 3 2 5 0 
6792784 8968962 8968962 8968962 
3 4 1 0 5 2 
6793826 8967920 8967920 8967920 
2 4 0 3 1 5 
6798970 8962776 8962776 8962776 
5 2 0 4 1 3 
6800696 8961050 8961050 8961050 
0 1 5 4 2 3 
6802802 8958944 8958944 8958944 
2 5 4 1 3 0 
6810230 8951516 8951516 8951516 
2 3 1 0 4 5 
6811810 8949936 8949936 8949936 
0 4 1 2 5 3 
6813740 8948006 8948006 8948006 
3 5 1 2 4 0 
6814556 8947190 8947190 8947190 
5 2 0 1 3 4 
6815072 8946674 8946674 8946674 
1 4 3 5 2 0 
6816540 8945206 8945206 8945206 
3 1 0 5 4 2 
6816748 8944998 8944998 8944998 
0 3 1 4 2 5 
6818056 8943690 8943690 8943690 
3 2 5 1 4 0 
6819434 8942312 8942312 8942312 
0 2 5 4 1 3 
6820992 8940754 8940754 8940754 
1 5 0 3 4 2 
6821636 8940110 8940110 8940110 
3 2 4 1 5 0 
6822358 8939388 8939388 8939388 
2 0 4 3 1 5 
6826766 8934980 8934980 8934980 
3 4 5 2 0 1 
6828154 8933592 8933592 8933592 
1 2 5 3 4 0 
6828398 8933348 8933348 8933348 
3 4 0 2 5 1 
6828752 8932994 8932994 8932994 
4 0 1 3 2 5 
6834248 8927498 8927498 8927498 
2 4 5 0 1 3 
6834802 8926944 8926944 8926944 
1 2 3 4 0 5 
6836632 8925114 8925114 8925114 
2 5 0 3 4 1 
6838510 8923236 8923236 8923236 
4 3 0 1 2 5 
6838658 8923088 8923088 8923088 
5 1 3 0 4 2 
6839814 8921932 8921932 8921932 
2 3 0 1 4 5 
6842782 8918964 8918964 8918964 
0 1 5 2 4 3 
6843716 8918030 8918030 8918030 
5 1 0 4 3 2 
6844394 8917352 8917352 8917352 
3 4 5 1 0 2 
6848778 8912968 8912968 8912968 
3 1 5 4 0 2 
6849456 8912290 8912290 8912290 
5 1 0 3 2 4 
6851766 8909980 8909980 8909980 
2 3 4 1 0 5 
6856388 8905358 8905358 8905358 
5 1 0 2 3 4 
6856628 8905118 8905118 8905118 
1 2 3 4 5 0 
6860340 8901406 8901406 8901406 
2 0 5 1 4 3 
6862968 8898778 8898778 8898778 
2 4 0 1 5 3 
6866504 8895242 8895242 8895242 
2 3 4 0 1 5 
6867228 8894518 8894518 8894518 
3 2 5 0 1 4 
6867684 8894062 8894062 8894062 
5 1 3 2 4 0 
6871506 8890240 8890240 8890240 
1 2 0 4 3 5 
6873042 8888704 8888704 8888704 
5 1 0 4 2 3 
6877216 8884530 8884530 8884530 
4 2 5 3 1 0 
6881048 8880698 8880698 8880698 
1 3 4 2 5 0 
6894572 8867174 8867174 8867174 
5 4 2 1 3 0 
6895356 8866390 8866390 8866390 
3 4 5 0 1 2 
6896014 8865732 8865732 8865732 
1 4 0 2 3 5 
6896430 8865316 8865316 8865316 
3 1 5 0 2 4 
6897854 8863892 8863892 8863892 
0 1 5 3 4 2 
6903120 8858626 8858626 8858626 
5 1 3 4 0 2 
6904374 8857372 8857372 8857372 
1 4 5 2 0 3 
6904452 8857294 8857294 8857294 
0 2 1 4 5 3 
6906660 8855086 8855086 8855086 
1 5 4 2 0 3 
6906950 8854796 8854796 8854796 
3 4 0 1 5 2 
6912352 8849394 8849394 8849394 
0 4 5 2 1 3 
6913738 8848008 8848008 8848008 
4 0 2 5 1 3 
6927588 8834158 8834158 8834158 
4 5 2 1 3 0 
6929128 8832618 8832618 8832618 
3 1 0 4 5 2 
6930400 8831346 8831346 8831346 
3 4 0 2 1 5 
6937840 8823906 8823906 8823906 
4 5 3 1 2 0 
6940618 8821128 8821128 8821128 
1 4 5 2 3 0 
6941254 8820492 8820492 8820492 
0 1 4 2 3 5 
6944116 8817630 8817630 8817630 
2 0 4 1 5 3 
6947246 8814500 8814500 8814500 
1 5 4 2 3 0 
6955022 8806724 8806724 8806724 
3 1 0 2 4 5 
6960386 8801360 8801360 8801360 
5 2 1 0 3 4 
6960722 8801024 8801024 8801024 
1 4 0 2 5 3 
6965320 8796426 8796426 8796426 
2 5 1 0 4 3 
6973130 8788616 8788616 8788616 
5 4 3 1 2 0 
6973710 8788036 8788036 8788036 
0 1 5 3 2 4 
6973896 8787850 8787850 8787850 
1 2 3 5 4 0 
6985212 8776534 8776534 8776534 
3 1 0 2 5 4 
6991914 8769832 8769832 8769832 
3 1 5 2 0 4 
6996986 8764760 8764760 8764760 
2 3 1 5 4 0 
6998146 8763600 8763600 8763600 
4 5 1 0 2 3 
6998950 8762796 8762796 8762796 
2 5 4 0 1 3 
6999190 8762556 8762556 8762556 
2 5 4 1 0 3 
7002398 8759348 8759348 8759348 
5 4 1 2 3 0 
7003132 8758614 8758614 8758614 
0 1 2 5 3 4 
7008246 8753500 8753500 8753500 
0 1 4 2 5 3 
7011680 8750066 8750066 8750066 
0 2 3 5 1 4 
7013142 8748604 8748604 8748604 
2 5 0 1 4 3 
7016134 8745612 8745612 8745612 
2 4 1 3 5 0 
7016532 8745214 8745214 8745214 
0 3 2 4 1 5 
7017758 8743988 8743988 8743988 
3 1 5 4 2 0 
7018224 8743522 8743522 8743522 
5 4 3 2 1 0 
7018290 8743456 8743456 8743456 
2 1 3 0 4 5 
7024306 8737440 8737440 8737440 
2 3 4 5 1 0 
7030524 8731222 8731222 8731222 
3 1 4 0 5 2 
7036172 8725574 8725574 8725574 
2 3 5 1 4 0 
7038480 8723266 8723266 8723266 
5 3 1 4 2 0 
7039578 8722168 8722168 8722168 
2 1 4 0 3 5 
7040578 8721168 8721168 8721168 
4 1 2 3 0 5 
7071744 8690002 8690002 8690002 
2 1 4 5 3 0 
7091944 8669802 8669802 8669802 
5 1 2 4 0 3 
7095460 8666286 8666286 8666286 
4 5 2 0 1 3 
7099534 8662212 8662212 8662212 
5 2 3 0 1 4 
7101718 8660028 8660028 8660028 
2 3 4 1 5 0 
7108268 8653478 8653478 8653478 
3 1 4 2 0 5 
7109272 8652474 8652474 8652474 
3 5 4 2 1 0 
7121998 8639748 8639748 8639748 
4 2 1 0 3 5 
7124016 8637730 8637730 8637730 
4 1 5 0 2 3 
7129562 8632184 8632184 8632184 
2 1 4 5 0 3 
7136248 8625498 8625498 8625498 
0 1 2 4 5 3 
7136430 8625316 8625316 8625316 
5 1 4 2 3 0 
7144218 8617528 8617528 8617528 
0 2 1 4 3 5 
7162538 8599208 8599208 8599208 
0 2 3 4 1 5 
7169536 8592210 8592210 8592210 
4 2 3 0 1 5 
7174502 8587244 8587244 8587244 
3 2 5 4 1 0 
7178374 8583372 8583372 8583372 
3 2 1 4 5 0 
7200412 8561334 8561334 8561334 
4 1 0 5 2 3 
7206776 8554970 8554970 8554970 
4 1 2 0 5 3 
7206792 8554954 8554954 8554954 
4 1 2 3 5 0 
7210000 8551746 8551746 8551746 
4 1 2 5 0 3 
7219358 8542388 8542388 8542388 
4 5 2 3 1 0 
7220912 8540834 8540834 8540834 
0 1 3 5 2 4 
7223094 8538652 8538652 8538652 
3 1 2 4 5 0 
7233622 8528124 8528124 8528124 
2 4 5 3 1 0 
7235426 8526320 8526320 8526320 
0 1 3 4 2 5 
7237138 8524608 8524608 8524608 
3 1 5 0 4 2 
7241030 8520716 8520716 8520716 
2 1 3 5 4 0 
7245656 8516090 8516090 8516090 
4 5 1 3 2 0 
7253448 8508298 8508298 8508298 
4 2 1 5 3 0 
7259832 8501914 8501914 8501914 
5 1 2 0 3 4 
7261478 8500268 8500268 8500268 
4 1 0 3 2 5 
7263450 8498296 8498296 8498296 
2 5 1 3 4 0 
7263468 8498278 8498278 8498278 
5 3 2 4 1 0 
7265110 8496636 8496636 8496636 
2 1 0 5 4 3 
7289330 8472416 8472416 8472416 
3 4 1 2 5 0 
7312676 8449070 8449070 8449070 
2 1 4 3 0 5 
7353306 8408440 8408440 8408440 
4 3 1 0 2 5 
7371086 8390660 8390660 8390660 
2 5 4 3 1 0 
7385784 8375962 8375962 8375962 
2 1 0 3 4 5 
7395284 8366462 8366462 8366462 
4 1 5 3 2 0 
7421026 8340720 8340720 8340720 
4 3 2 0 1 5 
7423412 8338334 8338334 8338334 
5 1 3 0 2 4 
7426798 8334948 8334948 8334948 
0 1 2 4 3 5 
7429842 8331904 8331904 8331904 
4 2 3 5 1 0 
7457262 8304484 8304484 8304484 
5 2 1 4 3 0 
7473604 8288142 8288142 8288142 
3 4 5 2 1 0 
7476304 8285442 8285442 8285442 
2 1 4 0 5 3 
7476818 8284928 8284928 8284928 
3 1 5 2 4 0 
7508930 8252816 8252816 8252816 
2 1 5 0 4 3 
7514516 8247230 8247230 8247230 
5 2 3 4 1 0 
7540872 8220874 8220874 8220874 
4 3 1 5 2 0 
7570862 8190884 8190884 8190884 
3 1 4 2 5 0 
7652744 8109002 8109002 8109002 
5 1 3 4 2 0 
7675632 8086114 8086114 8086114 
4 3 2 5 1 0 
7686164 8075582 8075582 8075582 
4 1 3 0 2 5 
7698872 8062874 8062874 8062874 
4 1 2 0 3 5 
7700712 8061034 8061034 8061034 
2 1 4 3 5 0 
7745242 8016504 8016504 8016504 
5 1 2 4 3 0 
7833896 7927850 7927850 7927850 
2 1 5 3 4 0 
7841820 7919926 7919926 7919926 
4 1 2 5 3 0 
7851534 7910212 7910212 7910212 
4 1 3 5 2 0 
7933662 7828084 7828084 7828084 
