274 4
0 3 5 2 1 6 4 
8445634 10279584 8467054 9074778 
0 3 5 2 1 4 6 
8549758 10737190 8225472 9415062 
0 6 1 2 5 3 4 
8674628 10118546 8320260 9099142 
0 3 1 2 5 6 4 
8687418 10528318 7755248 9527212 
3 0 6 1 2 5 4 
8723424 10786236 7749692 10029462 
6 0 3 5 2 1 4 
8726666 10673308 7642548 9733178 
0 4 1 2 5 3 6 
8734098 10150162 7941778 8987702 
6 5 3 1 2 0 4 
8741046 11271746 7122972 10017478 
0 3 1 2 5 4 6 
8765750 10034116 8190914 9500584 
6 1 0 5 4 3 2 
8770258 11753698 7394760 8976078 
0 4 5 2 1 3 6 
8770886 11186446 7293064 9261434 
5 6 0 2 1 3 4 
8800224 10692106 7521066 9253176 
1 2 6 3 0 5 4 
8814948 10088564 8423076 9108206 
3 4 6 1 2 5 0 
8822832 10566954 6541288 9755522 
6 3 2 5 4 1 0 
8844380 12284318 7138038 8936714 
6 5 1 3 0 2 4 
8864922 11137558 7129256 9372680 
5 2 3 6 0 1 4 
8866262 10117032 8159684 9013342 
0 6 1 2 4 3 5 
8867888 11063444 7406284 8596012 
0 3 5 2 4 6 1 
8870926 10714982 8177030 8502320 
6 1 3 5 2 4 0 
8876164 9706504 8051012 9994454 
0 4 1 2 6 3 5 
8881458 10659942 7545034 8678266 
5 4 0 6 1 2 3 
8901296 9891524 7607830 9629532 
6 4 3 5 2 1 0 
8911738 10347918 7196552 9716110 
5 2 3 6 1 0 4 
8944420 10419178 8489428 8568722 
0 6 5 2 1 3 4 
8960184 10564942 7606650 9396170 
0 2 6 3 4 5 1 
8963698 10816772 7261930 9440836 
5 6 1 2 0 3 4 
8974254 10211406 7738002 9433634 
4 0 1 3 5 2 6 
8987850 11613434 7275148 8834580 
2 1 5 0 3 6 4 
9006834 9987858 8013718 9199350 
5 6 1 2 4 3 0 
9011134 11240832 6839694 9167276 
4 5 1 3 0 2 6 
9035748 11361556 7397622 8766668 
6 5 0 3 1 2 4 
9037164 10349546 7498430 9506394 
1 2 6 3 4 5 0 
9043156 10657924 7289968 8691150 
3 4 6 1 2 0 5 
9048758 10999708 6180050 9818232 
2 1 6 0 4 3 5 
9071478 12059716 6636506 9550062 
5 4 1 6 0 2 3 
9074842 10505238 6949638 9901072 
1 4 0 3 5 2 6 
9078586 10436398 6852480 9805746 
5 2 3 6 0 4 1 
9079674 9760434 7836082 9282470 
5 6 0 2 4 3 1 
9109060 11332414 6670574 8777428 
0 6 3 2 5 4 1 
9119196 9529212 8042038 10170620 
6 4 0 5 1 3 2 
9124932 11184484 7205382 9234312 
1 2 0 3 6 5 4 
9135594 10439184 7280206 9663996 
1 2 0 3 5 6 4 
9143422 9685372 7555562 10457480 
0 2 1 3 5 6 4 
9148526 10075750 7144002 10616154 
0 4 5 2 3 6 1 
9151604 9900304 7565384 9271754 
1 2 6 3 4 0 5 
9171072 11010552 7266538 8635438 
0 4 5 2 1 6 3 
9186864 9761120 7608758 9231888 
6 4 1 5 0 3 2 
9198992 10377014 7650914 9177370 
0 4 1 2 5 6 3 
9199614 10552948 6956700 9662874 
5 4 3 6 2 1 0 
9214218 10365058 6606068 9510994 
5 2 1 6 4 0 3 
9220704 10978682 7113226 9101550 
5 2 3 6 4 0 1 
9222216 11076324 7485360 8107676 
3 4 2 1 6 5 0 
9223180 11338080 5737422 9922900 
2 5 3 0 6 1 4 
9230426 10450934 7572166 9046746 
0 4 3 2 5 6 1 
9231030 10040150 7178042 10190960 
3 4 0 1 5 6 2 
9238916 10312940 6563410 9970800 
0 6 3 2 5 1 4 
9239006 9357894 8517818 9719350 
1 2 5 3 0 6 4 
9247328 9145868 8051532 10430686 
0 3 1 2 4 6 5 
9254190 10534696 8151408 8938762 
5 2 1 6 0 4 3 
9276514 9704504 7507244 10158776 
3 4 0 1 5 2 6 
9290042 9753018 6852416 10128190 
5 1 0 6 3 2 4 
9302310 9947168 9124418 8918882 
0 2 1 3 5 4 6 
9306236 9513264 7564790 10595718 
5 4 3 6 2 0 1 
9318886 10831268 6125204 9681510 
6 1 0 5 4 2 3 
9321114 10407154 7924808 9142190 
5 2 3 6 1 4 0 
9321574 9707624 8052298 8940412 
1 2 6 3 5 0 4 
9323438 10443022 8685820 8550328 
0 6 5 2 4 3 1 
9326770 11147850 7110708 8837122 
0 1 5 2 4 3 6 
9327926 12592356 6913426 8471462 
5 6 0 2 3 4 1 
9328860 10130210 7396716 9518700 
1 2 0 3 5 4 6 
9329962 9187614 7934686 10410260 
3 6 2 1 4 5 0 
9339748 11858618 6465956 9066908 
1 4 5 3 0 2 6 
9348378 10828188 6428342 10271136 
2 4 3 0 6 1 5 
9350680 10285402 7778588 9166354 
5 4 2 6 3 0 1 
9352876 9809752 7581080 9798202 
5 2 0 6 1 4 3 
9359708 9429220 7471460 10252118 
5 2 3 6 4 1 0 
9385958 10721368 7371832 8210238 
1 2 0 3 4 5 6 
9391084 10345008 7313612 9433548 
1 2 4 3 6 5 0 
9391218 11132018 6832268 8904462 
5 6 0 2 1 4 3 
9393176 9887946 7489898 9496234 
2 4 1 0 6 3 5 
9394742 10485694 7728302 8891090 
0 6 5 2 3 4 1 
9396170 9859166 7466020 9757934 
3 1 5 4 0 6 2 
9396346 10395366 7390024 9343386 
0 2 5 3 1 6 4 
9402642 9050106 7744506 10916386 
3 4 2 1 6 0 5 
9415378 10526162 6261816 9505802 
2 5 1 0 3 6 4 
9421314 10312876 8073466 8514516 
5 4 0 2 3 6 1 
9426028 10296026 7853318 9151384 
2 5 1 0 4 6 3 
9426728 10950062 7228322 8463980 
5 4 0 2 1 6 3 
9441488 10176522 7775132 9140078 
5 0 1 6 3 2 4 
9452280 10308676 9075312 8573534 
1 2 5 3 0 4 6 
9453894 9387134 7904812 10668352 
5 2 1 6 3 0 4 
9463168 10045536 8107856 8928430 
0 4 5 2 3 1 6 
9475668 10759736 7227530 9455086 
5 2 0 6 3 1 4 
9477380 9806730 7501384 9596928 
2 1 6 0 4 5 3 
9479998 10739832 6853756 9128770 
0 6 5 2 1 4 3 
9480286 9597222 7680762 9706908 
2 1 5 0 4 3 6 
9485778 11746936 6908078 8534030 
3 4 5 1 0 6 2 
9498620 9528818 6942944 9904542 
1 2 4 3 6 0 5 
9499108 10745622 7334682 8563864 
0 4 3 2 5 1 6 
9507044 9126382 8101888 9690742 
2 1 3 0 5 4 6 
9512622 9937672 7040254 9345560 
2 4 5 0 3 6 1 
9512988 9660200 7889568 9512678 
2 0 6 5 4 3 1 
9513288 11819786 6256288 9304316 
5 2 1 6 0 3 4 
9514316 9447500 7621926 9850702 
2 1 3 0 5 6 4 
9514410 10631054 6592536 9500996 
5 4 0 6 3 2 1 
9518644 9046516 8428984 9124310 
0 5 1 2 4 6 3 
9522412 11812914 7257174 8462752 
2 5 1 0 6 3 4 
9523424 10337170 7477184 8870346 
2 5 1 0 6 4 3 
9529696 10208590 7550632 9059890 
5 6 3 2 0 4 1 
9538662 9297512 7773920 10228362 
5 4 1 2 6 3 0 
9547318 11035006 7114750 8909734 
5 2 0 6 4 1 3 
9559332 10471404 6820514 9441784 
2 0 1 5 4 3 6 
9562598 11098840 6786332 9105722 
4 1 0 3 5 2 6 
9567354 11327738 6773872 9047594 
5 6 1 2 0 4 3 
9576382 9745870 7465890 9807228 
2 0 1 5 6 3 4 
9579346 10458784 7444180 9212126 
3 4 5 1 0 2 6 
9583474 10213568 6346318 10541740 
5 6 3 2 1 4 0 
9591122 9418158 8039864 10109488 
5 2 0 6 1 3 4 
9606686 9510840 7345198 10074580 
5 4 3 6 0 1 2 
9608562 9413802 8078508 9198970 
4 1 5 3 0 2 6 
9610696 11765728 6624134 9425134 
5 6 3 2 0 1 4 
9615072 9404794 8043200 9981842 
3 6 0 1 4 5 2 
9620624 11193502 6774924 8942948 
0 3 5 2 6 4 1 
9628262 10517446 8588320 8162210 
6 1 3 5 0 4 2 
9641320 9173568 8321000 9156814 
1 4 6 3 2 5 0 
9647768 11099422 5892824 9263686 
2 5 3 0 1 6 4 
9654798 10613366 7476102 8434576 
4 2 1 3 6 0 5 
9655630 10651186 8161168 8341944 
4 0 1 3 6 2 5 
9659798 10947486 8144808 8194960 
2 4 3 0 5 1 6 
9665728 9875138 7427812 8970466 
3 6 4 1 2 0 5 
9667376 11205590 6652568 9224548 
6 0 1 5 2 3 4 
9672992 10235472 8668294 8686538 
3 4 1 6 0 2 5 
9673168 9915930 6936978 9991414 
2 0 6 5 4 1 3 
9675074 11353932 6399144 8987438 
2 1 6 0 3 5 4 
9680286 9678126 8281206 9089386 
5 2 0 6 3 4 1 
9687072 9312852 7275462 9813136 
2 4 1 0 6 5 3 
9689162 10871800 7042932 8988378 
2 5 3 0 4 1 6 
9692206 10676776 7122934 8421768 
2 1 5 0 4 6 3 
9700882 10309452 7451228 8333790 
2 0 3 1 5 4 6 
9704676 10189776 6884870 9563724 
0 4 3 2 6 1 5 
9707012 9592626 7756024 9328074 
6 4 1 5 2 3 0 
9710048 10096818 8248874 8610686 
0 5 1 2 4 3 6 
9711016 11681256 6793708 8453076 
3 4 0 1 6 5 2 
9712856 10776320 6201946 9418924 
2 5 1 0 4 3 6 
9713396 10787948 6765072 8520400 
2 5 1 0 3 4 6 
9714254 10022182 7683664 8760480 
6 1 0 5 3 2 4 
9746406 9353500 8742978 8892250 
3 6 2 1 4 0 5 
9754816 11139078 6496806 8876556 
4 5 1 3 2 6 0 
9754848 10963876 8263268 8181186 
5 4 0 2 6 3 1 
9756844 11181830 7028772 8316774 
6 3 2 5 1 0 4 
9760762 10642094 8105418 8305354 
2 4 1 0 5 3 6 
9762398 10031894 7428406 8641970 
3 4 5 6 1 2 0 
9768606 10126932 6742080 9879534 
6 5 3 1 0 4 2 
9769770 9565794 8066370 9104266 
3 4 6 1 0 5 2 
9781340 9577870 7197828 8867142 
5 6 0 2 4 1 3 
9782142 10772816 6811006 8826886 
3 4 0 6 1 2 5 
9784286 9774202 7017662 9902288 
3 4 1 6 5 0 2 
9795152 9539722 7566082 9645518 
6 4 3 5 0 1 2 
9821098 9452642 7972352 8845530 
1 6 4 3 2 5 0 
9828438 11879534 6297826 8735334 
6 1 0 5 2 3 4 
9832784 10408438 9012294 7995554 
0 4 5 2 6 3 1 
9839540 10991452 7621362 8010832 
5 2 1 6 4 3 0 
9841116 10211468 6647514 9242782 
0 6 1 2 3 5 4 
9841382 10073524 8640654 8521560 
2 5 6 0 4 1 3 
9844592 10727968 6381712 9449236 
5 2 1 6 3 4 0 
9845778 9535326 7527462 9377736 
0 3 5 2 6 1 4 
9865452 10926422 8453848 8022808 
1 6 3 2 0 4 5 
9879704 9042194 8637814 9850156 
3 4 5 1 2 6 0 
9903536 9389594 7605044 9413326 
1 4 6 3 2 0 5 
9928174 11515256 5531706 9363116 
3 4 0 1 2 5 6 
9938784 10588460 7134326 9127328 
2 5 3 0 1 4 6 
9940050 10038960 7288172 8571172 
1 2 5 3 4 6 0 
9949008 9323404 7376344 9534542 
4 6 1 3 2 5 0 
9973584 11904072 7120016 8285290 
6 0 3 5 4 1 2 
9976874 10362928 7872416 8253462 
1 6 0 3 4 2 5 
9978920 10063222 7051294 8876508 
3 0 6 1 4 5 2 
9983004 10374432 7174564 8645002 
1 4 0 3 6 2 5 
10012182 9718418 7103564 8889262 
6 2 3 5 4 1 0 
10013218 11406608 7523024 8041022 
5 2 0 6 4 3 1 
10016002 10059146 6468330 9480454 
6 3 2 5 0 1 4 
10019246 11004790 8306104 7751946 
0 2 5 3 4 6 1 
10023774 9306188 7403074 10113204 
2 0 6 5 1 3 4 
10028182 11055952 6655102 8849494 
0 1 5 2 6 3 4 
10029994 11814454 7737666 7779908 
2 1 5 0 6 3 4 
10043774 10953374 7927198 7998728 
5 4 1 6 2 3 0 
10044736 10081846 7664342 8419442 
1 4 2 3 6 0 5 
10053666 10340358 6449464 9579454 
3 4 5 6 1 0 2 
10054390 10042176 7030080 9389886 
1 4 3 2 5 0 6 
10058610 9224686 8100206 10291528 
5 6 3 0 2 4 1 
10061122 10019932 6731416 10372442 
0 4 3 2 1 6 5 
10061144 9295538 8146880 9359944 
5 6 1 2 4 0 3 
10066890 10566142 6991238 9156796 
5 1 0 2 6 3 4 
10078198 11950582 7417026 8200650 
5 4 1 6 3 2 0 
10087356 9222310 8524606 9018782 
3 4 5 0 1 2 6 
10098872 9978276 6718176 10850678 
1 2 0 3 6 4 5 
10103594 8871574 7624678 9530316 
5 4 3 6 1 0 2 
10108396 9442092 8351458 8992418 
1 6 2 3 4 0 5 
10109144 10738754 6818622 9064536 
2 4 1 0 5 6 3 
10129850 10465136 6443112 9251046 
0 2 1 3 6 4 5 
10135308 9142120 7595150 9635806 
2 1 6 5 0 3 4 
10153140 10978378 7365606 8414856 
1 2 0 3 4 6 5 
10172544 9275156 7278960 9347088 
6 0 3 5 1 4 2 
10182370 9533120 8177006 8649820 
5 4 1 6 2 0 3 
10200574 11170810 6411054 9067960 
6 0 1 5 3 2 4 
10214904 9813120 8741584 8537158 
6 1 3 5 4 0 2 
10227306 9999410 8101536 8505856 
3 4 0 1 6 2 5 
10243510 9037198 7076620 9190154 
2 4 1 0 3 5 6 
10247232 9746872 8486100 8603648 
6 4 0 5 2 3 1 
10278822 10352970 8376128 8004494 
0 3 6 2 5 1 4 
10280012 9777054 8972608 8532488 
2 1 5 0 6 4 3 
10290570 10058028 8038946 8119332 
0 6 4 3 2 5 1 
10292636 12326856 6263384 9215106 
1 6 4 3 2 0 5 
10311688 11648722 5969008 8776624 
1 6 4 3 0 2 5 
10318708 11075014 6576664 9149456 
2 0 4 5 1 3 6 
10328668 11092160 6535350 9141652 
1 6 5 3 4 2 0 
10328760 10046190 6929990 9525274 
2 5 4 0 1 6 3 
10359536 11037544 6699418 8870378 
3 4 6 1 0 2 5 
10384286 10506556 6174254 9666784 
3 6 0 1 2 4 5 
10384796 9588810 8017906 8832778 
4 6 1 3 2 0 5 
10402584 11551460 6869598 8376980 
0 2 5 1 3 6 4 
10404794 9566324 6935734 10894908 
2 1 4 0 5 3 6 
10404868 10551194 7158448 8464430 
3 4 0 1 2 6 5 
10418312 9409260 7719994 8741168 
2 5 6 0 1 3 4 
10420460 10232158 6587510 9187982 
3 4 6 1 5 0 2 
10425234 9788264 7495386 8461676 
2 5 6 0 1 4 3 
10428282 10160778 6620258 9399576 
2 0 6 5 1 4 3 
10469814 10611392 6606540 9094928 
3 1 6 4 0 5 2 
10487770 9518210 7498988 9175362 
3 6 0 1 4 2 5 
10494208 9596522 6890182 9063072 
5 4 0 2 6 1 3 
10515486 10657696 6979732 8453280 
6 4 0 5 3 2 1 
10524148 9082608 8062136 9088462 
0 1 5 2 6 4 3 
10532846 10839584 7849978 8073096 
2 4 5 0 6 1 3 
10540070 10347454 7801346 7978078 
0 4 5 2 6 1 3 
10579582 10425558 7599202 8164618 
6 4 3 5 1 0 2 
10612580 9448676 8057478 8590930 
3 4 5 1 6 0 2 
10616454 10202592 6879038 8947200 
2 5 4 0 1 3 6 
10636966 10534518 6478740 8795380 
2 1 4 0 5 6 3 
10678748 11282734 6158254 9100326 
5 4 0 6 2 3 1 
10686422 10160590 7832924 7807538 
2 1 6 0 5 3 4 
10687562 10495938 7639122 7948488 
2 1 6 5 0 4 3 
10696892 10576146 7090900 8764186 
4 0 6 3 1 5 2 
10720078 10113506 7868870 8370278 
2 4 6 5 0 1 3 
10720252 10952542 7038906 8251190 
5 4 0 6 2 1 3 
10737592 10783344 7060500 8285540 
1 4 0 3 2 5 6 
10748096 11158944 6477006 8636716 
1 4 5 3 6 2 0 
10749622 9893248 7271022 8832596 
1 4 5 3 2 6 0 
10760680 9889950 6962532 8935362 
4 1 6 3 0 5 2 
10772692 10372100 7175128 8685156 
3 0 6 4 1 5 2 
10774076 9515656 8032594 8724028 
5 3 0 6 2 1 4 
10796202 11453418 7519576 8013970 
5 1 0 6 2 3 4 
10801792 10845818 8483682 7789382 
2 4 6 0 5 3 1 
10802568 10817688 7596630 8149124 
3 6 5 1 4 2 0 
10818008 9642850 6754118 9713878 
5 4 2 6 0 1 3 
10866508 9705536 8124940 8355280 
0 2 3 1 4 6 5 
10886286 10447882 7128082 8833420 
3 4 1 0 6 2 5 
10893070 8904994 7512274 9577466 
2 3 6 0 5 1 4 
10897852 10874242 8335816 7801772 
0 2 5 1 4 3 6 
10921232 11028246 6097204 10791204 
3 4 2 1 0 6 5 
10925708 10405072 6899394 8905368 
3 4 5 1 6 2 0 
10954910 9275388 7229318 9135528 
2 4 6 0 5 1 3 
10955714 10489442 7534102 7927502 
2 1 6 0 5 4 3 
10959654 10534096 7086646 8428948 
0 2 4 5 6 3 1 
11021274 10957666 6108676 9996782 
0 4 1 3 2 5 6 
11054012 11587644 6335360 9063118 
4 1 6 3 5 2 0 
11058824 11869388 6704842 8566974 
5 2 6 0 4 3 1 
11126924 11453636 5834706 9493174 
1 6 0 3 2 4 5 
11147204 9914198 7356170 8435718 
6 4 1 5 3 2 0 
11165772 9080994 8199086 8977222 
1 4 0 3 2 6 5 
11249416 9972976 7062722 8265244 
5 2 1 0 6 3 4 
11405766 10686568 6163018 10003574 
0 4 1 3 2 6 5 
11503252 10284748 6996340 8740030 
4 1 6 3 5 0 2 
11613496 10712724 7241106 8055330 
6 1 4 3 5 0 2 
11780902 11026372 6662354 8599282 
5 2 4 0 6 3 1 
11796576 11174010 5658752 9700012 
