83 4
1 2 0 3 4 
4312076 5787072 5854834 6424320 
1 0 2 3 4 
4359768 5588544 5857622 6362632 
3 2 0 1 4 
4373408 5895804 5851042 6132262 
3 0 2 1 4 
4431068 5748896 5906874 6058648 
0 1 3 2 4 
4541518 5757844 5678242 5813562 
0 3 1 2 4 
4547648 5490616 5745764 5759188 
2 3 1 0 4 
4617718 5271914 5611772 5991542 
2 1 3 0 4 
4621556 5590762 5597294 6033990 
1 3 0 2 4 
5025898 4773142 5058172 5792182 
0 2 1 4 3 
5028800 5202520 4970542 5497552 
0 1 2 4 3 
5049064 4949712 5030126 5436468 
2 0 3 1 4 
5082988 4869782 5103482 5610382 
0 2 3 1 4 
5132356 4951488 5044270 5266256 
3 2 0 4 1 
5147422 5182472 4903508 5029252 
0 3 2 1 4 
5158750 4992320 5295204 5198144 
2 0 1 3 4 
5172366 4599948 5068490 5427686 
3 1 0 2 4 
5180446 4930888 5004910 5359876 
0 1 3 4 2 
5186752 5045022 4778048 4887632 
0 3 1 4 2 
5192882 5366382 4975518 4882944 
1 3 2 0 4 
5202996 4489238 4920800 5606796 
3 4 0 1 2 
5214172 4917716 4566110 5334534 
3 0 1 2 4 
5293330 4866840 5279034 5209684 
3 1 0 4 2 
5298888 4815054 4533620 5204170 
1 0 4 3 2 
5327608 4891546 4673668 5041220 
0 2 3 4 1 
5330498 4890764 4565600 5005230 
0 3 2 4 1 
5356892 4959316 4822654 4939458 
0 4 3 2 1 
5384992 4874726 4459070 4993684 
4 1 2 0 3 
5388540 4829072 4820034 5200980 
2 4 0 1 3 
5396670 4527074 4681228 5078702 
0 4 1 2 3 
5414534 4549482 4466524 5226110 
0 2 1 3 4 
5416288 4499382 4866878 4897372 
1 4 0 2 3 
5420620 4666380 4710324 4791252 
4 3 1 0 2 
5474836 4731088 4453266 5244330 
2 4 3 0 1 
5496354 4974280 4547730 4922264 
2 0 4 1 3 
5511700 4858882 4624006 5050830 
0 3 4 2 1 
5521508 4671382 4657754 4824116 
2 4 1 0 3 
5523226 4659538 4541656 5098620 
2 1 0 4 3 
5528006 4375572 4601578 4901838 
4 0 1 3 2 
5529096 4583338 4416168 5179574 
1 0 4 2 3 
5543154 5037048 4693034 4754402 
0 1 4 2 3 
5544920 4613366 4597686 5110916 
3 1 2 4 0 
5578720 4646930 4245272 4988522 
2 3 4 0 1 
5580118 4497756 4465698 4815810 
2 1 4 0 3 
5610828 4501862 4445146 5034614 
3 2 1 4 0 
5633944 4667882 4449896 4906718 
4 3 2 0 1 
5636836 4331928 4290218 5258634 
1 4 2 3 0 
5680876 4713988 4312486 4712350 
1 2 0 4 3 
5688196 4491598 4522602 4445924 
3 4 2 1 0 
5692644 4367592 4039394 4963030 
0 4 2 1 3 
5709996 4097318 4270904 4865376 
1 0 2 4 3 
5735888 4728274 4621474 4420974 
1 2 4 3 0 
5755718 4550452 4130636 4675334 
4 2 1 3 0 
5789890 4537912 4203184 4647900 
4 1 0 2 3 
5801574 4366436 4544026 4742652 
0 2 4 1 3 
5820118 4414010 4342482 4811266 
0 4 3 1 2 
5832084 4222628 4037546 4328780 
2 3 1 4 0 
5941688 4654734 4223734 4151534 
2 1 3 4 0 
5945526 4302758 4061152 4137354 
2 0 4 3 1 
5951726 4177790 4142064 4395570 
2 4 3 1 0 
5997230 4102260 3921154 4170602 
1 3 4 2 0 
6057180 4329522 3828806 4366740 
2 3 4 1 0 
6080994 4621808 4059034 4148232 
4 3 0 2 1 
6096150 3862528 3976830 4770936 
4 3 1 2 0 
6153572 4238142 3835474 4280566 
1 3 0 4 2 
6186472 4064898 3868346 4162458 
1 0 3 4 2 
6293226 3970550 4009260 4041524 
0 4 2 3 1 
6295626 3922044 3818518 4053856 
0 2 4 3 1 
6405748 3650148 3760148 3950060 
1 3 2 4 0 
6417354 3996276 3622006 3927052 
3 4 2 0 1 
6440036 3825010 3649654 3889596 
0 4 1 3 2 
6447256 3722110 3592614 3749686 
2 4 1 3 0 
6464128 3777250 3581242 3748326 
1 2 3 4 0 
6476416 3665252 3664048 3831068 
4 0 3 1 2 
6500960 3597008 3699500 4239876 
3 4 1 2 0 
6520066 3490628 3439694 4136176 
2 1 4 3 0 
6551730 3944822 3556540 3711776 
0 1 4 3 2 
6577642 3758274 3717656 3632152 
3 2 4 0 1 
6586222 3739874 3783196 3742652 
3 1 4 2 0 
6611028 3675600 3432872 4095606 
3 4 1 0 2 
6611886 3545544 3526198 4010046 
4 3 2 1 0 
6653052 3871970 3463974 3837576 
3 1 4 0 2 
6702848 3377548 3441448 3939680 
4 2 3 1 0 
6715474 3558346 3523896 3737572 
