92 4
0 3 4 2 1 
1828906 4859524 4695498 5260354 
0 4 3 2 1 
2074578 4637668 4530226 5069562 
4 3 0 2 1 
2144370 4363340 4453734 4684182 
1 2 4 3 0 
2208828 4657442 4357238 4936642 
0 3 1 2 4 
2260950 4594036 4288090 4779802 
1 2 0 3 4 
2368056 4448782 4268482 4741826 
3 4 0 2 1 
2390602 4044012 4359286 4367206 
0 4 1 2 3 
2515510 4383772 4155714 4534962 
4 0 3 2 1 
2594254 4025972 4212890 4364386 
3 0 4 2 1 
2594814 3928500 4283714 4238202 
1 2 3 4 0 
2638516 4281642 4015598 4567362 
4 2 1 3 0 
2669496 4021982 3859402 4249666 
4 3 1 2 0 
2744858 3953256 3813314 4099310 
4 2 0 3 1 
2757652 3689654 3823586 4205866 
1 3 0 2 4 
2816010 3829256 3881838 3857554 
4 0 1 2 3 
2944186 3714564 3988710 3911322 
1 4 0 2 3 
2969170 3711792 3897862 3700914 
1 3 4 2 0 
2984454 3684660 3648826 3753234 
3 0 1 2 4 
2985858 3637100 3944038 3794386 
3 2 0 4 1 
3012492 3370614 3703898 3964146 
3 2 1 4 0 
3040936 3662742 3591714 3902346 
3 4 1 2 0 
3041090 3665528 3636266 3737534 
0 2 4 3 1 
3077852 3365182 3464126 3844286 
3 1 0 2 4 
3142478 3631048 3781742 3592698 
2 4 1 3 0 
3145788 3138582 3892486 3608626 
0 2 1 3 4 
3148924 3488850 3411186 3693270 
1 4 3 2 0 
3178726 3587204 3549354 3605842 
2 3 1 4 0 
3220996 3067070 3801846 3623082 
1 0 4 2 3 
3266930 3369872 3702534 3492922 
4 1 3 2 0 
3299962 3734236 3475974 3621226 
1 0 3 2 4 
3308042 3389880 3587038 3502170 
1 3 2 4 0 
3331064 3353504 3410272 4001884 
0 2 3 4 1 
3363140 3103582 3244286 3683006 
0 4 1 3 2 
3378936 3400962 3805828 3405424 
3 1 4 2 0 
3401922 3543964 3398398 3406842 
2 1 4 3 0 
3410144 3205634 3846486 3424274 
4 0 2 3 1 
3456184 3539228 3483620 3636508 
2 3 1 0 4 
3461856 3132598 3537970 3605410 
0 4 2 3 1 
3484596 3501484 3373900 3536772 
0 3 1 4 2 
3501136 3272186 3670164 3359544 
4 0 1 3 2 
3505524 3536666 3659488 3366280 
0 3 2 4 1 
3524212 3461740 3319332 3566284 
0 2 1 4 3 
3525684 3149810 3143146 3402550 
3 2 1 0 4 
3583884 2923358 3307174 3300178 
4 2 1 0 3 
3589204 2943558 3306822 3356778 
3 2 4 1 0 
3593504 3369010 3130746 3598286 
3 2 4 0 1 
3608424 2766726 3238754 3364602 
4 2 3 0 1 
3638872 2824166 3138602 3445042 
4 2 3 1 0 
3651752 3352450 3056794 3576326 
4 2 0 1 3 
3690240 3139514 3189198 3444262 
2 4 0 3 1 
3700944 3101398 3085186 3146394 
2 1 3 4 0 
3701696 2993514 3612478 3257858 
2 3 0 4 1 
3709552 3101686 3059946 3221650 
2 1 0 3 4 
3724372 3094934 3501670 3090578 
2 4 1 0 3 
3748672 2904334 3361578 3328746 
2 0 1 3 4 
3751804 2741154 3297930 3013086 
2 3 4 0 1 
3757396 3147238 3021858 3427018 
1 3 0 4 2 
3796544 3198566 3019204 3393712 
4 1 2 3 0 
3820672 3063440 3108604 3352444 
0 2 3 1 4 
3868372 3027162 2830254 3398490 
4 3 2 0 1 
3887520 3011108 3039480 3195480 
3 0 1 4 2 
3909220 3159426 3347784 2987136 
4 1 0 3 2 
3958168 2728550 3248656 3038416 
0 2 4 1 3 
3959844 2949722 2782054 3269050 
0 1 4 3 2 
3964028 2691758 3349236 2950256 
4 3 0 1 2 
3985720 2708838 3175788 3207960 
2 0 4 3 1 
3992732 2814670 2835446 2884550 
2 1 0 4 3 
4052796 2884758 3265038 2844770 
3 4 2 0 1 
4107016 2723460 2965864 2917768 
2 0 1 4 3 
4113828 2441378 3030898 2750878 
0 3 2 1 4 
4211556 2899688 2740532 3192880 
3 1 2 4 0 
4214184 2661048 2797020 2971644 
4 3 1 0 2 
4225904 2696934 2931512 2661380 
4 3 2 1 0 
4247824 2612928 2643336 3157188 
2 0 3 4 1 
4251284 2584750 2636438 2762534 
0 1 3 4 2 
4290236 2452230 3085996 2733920 
1 3 4 0 2 
4292028 2890098 2603536 2954280 
2 3 4 1 0 
4377352 2057898 2870422 2432310 
3 4 2 1 0 
4405920 2488880 2573920 2998276 
3 0 2 1 4 
4452988 2515632 2773192 2917488 
0 1 2 4 3 
4475856 2688012 2634024 2660204 
1 4 3 0 2 
4478236 2814146 2511360 2810824 
0 4 2 1 3 
4507036 2711496 2564756 2892984 
3 4 1 0 2 
4507400 2448470 2755472 2328116 
2 3 0 1 4 
4570368 2077874 2644634 2209270 
2 4 3 1 0 
4593696 1917290 2727054 2251438 
3 1 2 0 4 
4652972 2199424 2606720 2420316 
2 4 0 1 3 
4890184 1867410 2433242 1888206 
4 1 3 0 2 
4982608 1940314 2411772 2084896 
3 1 4 0 2 
5077896 1767802 2327908 1895088 
2 0 3 1 4 
5139652 1487466 2196198 1736706 
2 0 4 1 3 
5243124 1417610 2128174 1596514 
