59 3
4 1 5 3 2 0 
6182364 8591584 9645766 
1 3 2 5 4 0 
6256786 8933884 9419550 
2 1 3 5 4 0 
6279074 8670532 9475682 
1 3 2 4 5 0 
6379036 8670244 9325022 
1 3 2 4 0 5 
6383606 8480186 8927824 
1 3 2 0 4 5 
6415898 8753098 8802604 
3 1 2 4 5 0 
6420180 8218622 9459310 
1 5 2 0 4 3 
6469386 9167830 8637952 
1 4 5 3 0 2 
6487030 8269156 8877116 
1 2 5 0 3 4 
6548144 8819410 8743432 
1 2 3 0 5 4 
6608278 8461970 8776470 
1 4 3 0 5 2 
6612614 8808068 8536612 
4 1 5 0 2 3 
6689418 8257800 9218004 
1 4 5 0 3 2 
6695392 8423844 8660038 
1 5 4 2 0 3 
6736162 8174084 8989194 
3 1 2 4 0 5 
6742172 8169194 9315246 
1 4 3 5 0 2 
6742208 8705516 8575272 
2 5 3 0 4 1 
6867162 8754928 8571254 
4 1 3 0 2 5 
6873602 8047464 9179480 
4 1 3 5 2 0 
6878326 7876564 9434910 
2 5 1 0 4 3 
6904314 8145368 8024012 
4 2 3 5 1 0 
6920628 7485566 9625738 
4 2 5 3 1 0 
6927854 7963126 9291968 
3 1 2 0 5 4 
6987054 7936292 8620712 
4 2 3 0 1 5 
7065472 7456222 9170064 
5 1 2 4 3 0 
7167294 7449130 9477432 
4 3 1 0 2 5 
7215760 7781102 8118238 
5 3 4 2 1 0 
7240618 7581044 9130016 
2 4 5 0 1 3 
7262394 7632134 9128154 
2 4 1 0 5 3 
7266294 8183798 8003912 
3 5 4 2 1 0 
7273988 7234258 9579046 
2 5 1 4 0 3 
7278168 8428140 7934122 
5 2 1 4 3 0 
7280808 7542220 9081568 
2 4 5 3 0 1 
7291322 7751962 9003302 
4 3 1 5 2 0 
7311750 7755998 8651484 
3 5 2 4 1 0 
7335464 7406068 8967982 
5 0 4 2 1 3 
7345858 7329766 9130838 
5 2 1 0 3 4 
7372206 7340524 7782738 
0 5 4 2 1 3 
7449048 6716542 9170154 
3 4 1 0 5 2 
7453398 7732422 7619620 
0 2 3 5 1 4 
7489224 6652926 9104080 
5 2 3 0 1 4 
7493992 7008348 8900194 
3 0 2 4 1 5 
7540718 7307702 8881222 
3 5 4 0 1 2 
7572578 7318300 8686342 
5 3 2 0 1 4 
7591636 7052822 8785642 
3 4 1 5 0 2 
7672536 7939830 7606046 
0 5 4 3 1 2 
7709794 6820580 9097508 
0 3 2 4 1 5 
7769130 6328048 9096020 
5 2 1 3 0 4 
7782540 7572212 7683934 
3 0 4 2 5 1 
7816384 7201606 8712340 
0 3 1 5 2 4 
7933082 7146286 8464450 
0 1 2 5 3 4 
8006396 6797074 8697924 
0 2 1 5 3 4 
8085512 6660218 7926354 
0 4 1 3 5 2 
8235790 6874916 7876766 
0 2 1 3 5 4 
8473268 6706674 7743348 
0 3 1 4 2 5 
8514206 6344190 8201138 
0 4 1 5 3 2 
8568754 6909772 7701260 
0 5 1 2 4 3 
8620590 6471458 8182544 
0 5 1 4 2 3 
8923272 6328674 8011474 
