40 2
4 6 5 1 3 7 0 2 
11116338 11496620 
4 0 6 5 3 7 1 2 
11439582 11409022 
5 0 4 6 3 1 7 2 
11487674 11122536 
4 7 5 6 3 1 0 2 
11531522 11044876 
0 6 5 1 3 7 4 2 
11620184 10989836 
4 6 5 7 3 1 0 2 
11744268 10947094 
6 0 4 5 3 1 7 2 
11760092 10780226 
0 7 5 6 3 1 4 2 
11802048 10599132 
7 0 4 6 3 1 5 2 
12049906 10454592 
0 4 1 5 3 6 7 2 
12063530 10375690 
0 4 1 6 3 5 7 2 
12192088 10207714 
4 0 1 6 3 5 7 2 
12216632 10203836 
4 0 1 5 3 6 7 2 
12351486 10198372 
5 0 6 4 3 1 7 2 
12587344 10144008 
5 0 1 4 3 6 7 2 
12633040 10101418 
1 0 4 6 3 7 5 2 
12766132 10056148 
1 6 5 0 3 2 4 7 
12825966 9936316 
1 6 5 0 3 7 4 2 
12832780 9787440 
6 4 2 5 3 0 7 1 
13092496 9783588 
1 7 5 0 3 6 4 2 
13118330 9767710 
6 7 5 4 3 1 0 2 
13123718 9422150 
7 6 5 4 3 1 0 2 
13223280 9232246 
6 7 5 0 3 1 4 2 
13330852 9183612 
7 6 5 0 3 1 4 2 
13507870 9041648 
5 7 6 4 3 1 0 2 
13872420 9031372 
1 7 5 2 3 6 4 0 
13958442 8928426 
5 6 7 4 3 1 0 2 
14038068 8906274 
1 6 5 2 3 7 4 0 
14347598 8860586 
5 6 7 0 3 1 4 2 
14514880 8816212 
4 1 0 5 3 2 6 7 
14637678 8807936 
1 5 7 2 3 6 4 0 
14717032 8759494 
1 7 6 2 3 5 0 4 
14748394 8702266 
0 4 2 5 3 1 6 7 
14803266 8644226 
4 0 2 5 3 1 6 7 
15036336 8394684 
6 7 5 2 3 1 4 0 
15085848 8259592 
7 6 5 2 3 1 4 0 
15361278 8083434 
5 7 6 2 3 1 4 0 
16049112 8042500 
5 7 6 2 3 1 0 4 
16298896 7988090 
5 6 7 2 3 1 4 0 
16662176 7785182 
5 6 7 2 3 1 0 4 
16830180 7764800 
