26 3
3 2 0 1 4 
3211748 4768214 2855186 
0 1 3 2 4 
3258412 4663858 2374532 
0 1 2 3 4 
3272804 4300370 2483586 
0 4 3 2 1 
3332110 4687446 2303180 
0 4 2 3 1 
3382252 4280458 2418734 
3 1 4 0 2 
3512080 4509460 2192382 
2 3 4 0 1 
3792632 4209380 2629398 
1 0 2 4 3 
3798576 4504970 2194290 
3 0 4 1 2 
3811496 4554664 2122184 
1 0 3 4 2 
3815526 4600130 2106072 
2 1 4 0 3 
3815652 4498970 2159230 
3 0 1 4 2 
3858406 4411570 2185330 
0 1 4 3 2 
3862194 3869850 2252092 
4 0 3 1 2 
3864708 4716184 1995984 
1 0 4 2 3 
3909100 4105554 2230668 
3 1 2 0 4 
3926630 4386500 2091586 
3 4 2 0 1 
3976294 4303796 2148558 
4 2 3 1 0 
4027020 4542050 2051724 
2 0 4 1 3 
4045236 4401930 1967256 
1 3 4 2 0 
4046816 4113236 2217712 
0 2 4 3 1 
4050402 3896616 2114836 
4 1 3 0 2 
4067456 4728544 1950118 
1 2 3 4 0 
4077372 4530538 1958988 
2 1 3 0 4 
4113376 4487082 1888034 
0 4 1 3 2 
4140422 3826010 2378748 
4 1 0 3 2 
4242088 3903188 2082296 
