424 4
6 0 2 3 4 5 1 
9791876 11713312 11351608 12267662 
0 6 2 3 4 5 1 
9859510 11746002 11108066 12468764 
3 4 0 6 2 1 5 
9992144 11695686 10761000 12383922 
1 4 0 5 2 6 3 
9993924 10800750 10723450 12738346 
3 5 4 1 6 0 2 
10010102 11603000 10451790 12499958 
1 4 5 2 6 3 0 
10018466 11267932 10827998 12515878 
6 0 1 3 5 4 2 
10026826 11375404 11183838 12401336 
5 3 4 1 6 0 2 
10048432 12014690 11137028 12005950 
4 0 6 2 3 1 5 
10053212 11229230 10727496 12174412 
6 0 4 3 2 1 5 
10066940 10544928 10302714 12541248 
1 4 5 3 6 2 0 
10092794 11204172 10622518 12148138 
5 2 0 1 4 6 3 
10119468 11039718 10671210 12109402 
3 4 5 0 6 2 1 
10122564 10887694 10743760 12416936 
0 6 1 3 5 4 2 
10140296 10780466 10354372 12382930 
6 0 2 4 3 5 1 
10147938 10497140 10786962 12180804 
0 4 5 2 6 3 1 
10154852 11308054 10449118 11520770 
1 0 4 5 2 3 6 
10161002 10989186 10844392 11862004 
1 6 0 5 3 4 2 
10162270 10917540 10226122 12760302 
6 0 4 3 2 5 1 
10171624 10737414 10004792 12505546 
0 6 5 3 4 2 1 
10177090 11332812 10846524 11484366 
2 3 4 0 6 1 5 
10216596 10541106 10616242 13016996 
6 1 4 5 2 3 0 
10218844 10534420 10529626 13267546 
2 5 0 4 1 6 3 
10230506 10448730 10389708 12568472 
4 1 6 2 5 0 3 
10244096 11192986 10070476 12119226 
1 0 4 3 2 5 6 
10251934 11314340 10419160 11442928 
0 4 5 3 6 2 1 
10255768 11236440 10239660 11124538 
5 2 0 1 3 6 4 
10264190 10729702 10610762 12187824 
3 5 0 6 1 4 2 
10288184 10745614 9826862 12402576 
4 0 1 3 2 6 5 
10310018 10454098 10539680 11485768 
3 5 4 1 6 2 0 
10315002 10726234 10519424 12381708 
4 0 1 2 3 6 5 
10318286 10393684 10405976 11749498 
0 4 1 3 2 6 5 
10318938 10961044 11348746 11424680 
2 6 0 4 3 5 1 
10321096 10671344 10250124 12949552 
1 4 0 3 2 6 5 
10341092 10086860 10865124 12387382 
6 0 1 3 2 4 5 
10350854 10296926 9774140 11903576 
2 5 4 1 6 0 3 
10351956 10945192 9720202 12556622 
4 1 0 3 2 6 5 
10355298 10209608 10690440 12171330 
5 4 0 1 2 6 3 
10367700 10832626 10073874 11524388 
4 1 0 2 3 6 5 
10383082 10100030 10530760 12406092 
4 3 5 6 1 2 0 
10387534 10103134 10465968 12710990 
3 5 2 0 1 6 4 
10418174 10077552 10131380 12457438 
5 3 2 1 0 6 4 
10429548 10229648 10340940 12264582 
0 1 6 3 5 2 4 
10447948 10116214 10073498 11726826 
5 4 0 6 2 1 3 
10462062 11325016 9941658 11409728 
4 1 6 3 5 2 0 
10471346 10076678 10564074 12529872 
6 0 1 5 3 4 2 
10474652 9881252 10424792 12180742 
5 4 3 1 6 2 0 
10476144 10639566 11340434 11371752 
0 6 5 2 4 3 1 
10482734 11108746 10848082 11052078 
2 0 6 4 3 1 5 
10512628 10606684 10592008 11304636 
3 4 5 1 6 2 0 
10537858 9679232 10812354 12268454 
3 5 2 6 1 4 0 
10570674 10350088 9762844 12088644 
4 1 0 2 5 6 3 
10571028 9981134 9914458 11969356 
0 2 5 4 1 3 6 
10593080 11100090 10783340 11244486 
1 0 2 5 3 6 4 
10594804 10792326 11001308 11291888 
5 4 0 6 3 1 2 
10594932 11347958 10210520 11155516 
0 5 2 3 1 6 4 
10598112 10501336 10340742 11236200 
1 0 4 2 3 5 6 
10609002 10433966 10167648 11713530 
3 0 4 6 2 1 5 
10616752 10336142 10573198 11261848 
6 1 0 3 5 4 2 
10619102 10333334 10022560 11394532 
2 0 1 4 3 6 5 
10627552 11020386 10797014 10887730 
3 0 1 4 2 6 5 
10635862 10757788 10271640 11019592 
0 6 4 2 3 1 5 
10637278 10126508 11087742 11350880 
4 5 3 6 1 2 0 
10639070 9762422 9856690 11819584 
5 0 4 1 2 3 6 
10648682 10243832 9840852 11323986 
2 5 3 0 1 4 6 
10692444 10023030 10024764 11736256 
0 2 5 3 1 4 6 
10692942 11529952 10474018 10592780 
3 5 4 6 1 0 2 
10698930 10044452 9720562 12110078 
2 6 1 4 5 0 3 
10699206 10949862 9367394 11721876 
0 5 4 3 6 1 2 
10701824 10344114 9999910 11091872 
6 1 0 3 2 5 4 
10703948 10044700 9616936 12243724 
3 5 2 6 1 0 4 
10721856 11144322 9644144 11572864 
6 1 0 5 2 4 3 
10723442 10295272 9437532 12197374 
0 2 6 3 4 1 5 
10735156 10320018 10853812 11034352 
6 4 0 3 2 5 1 
10735816 10230674 9957730 11462460 
4 0 2 6 3 5 1 
10739412 10529844 10507180 10861600 
5 2 0 6 4 1 3 
10742358 11147724 10268724 10917666 
5 0 1 6 3 4 2 
10771754 10728372 10189890 10849688 
3 0 1 6 2 4 5 
10787716 11027884 10440702 10630200 
3 5 0 2 1 6 4 
10795372 9850010 10133538 11757490 
0 6 1 2 5 4 3 
10800314 10071440 10013294 11643654 
0 3 4 2 6 1 5 
10805056 9748672 10392842 11690694 
1 4 5 3 6 0 2 
10815254 10643828 9832076 11582692 
6 2 5 4 0 3 1 
10823890 10266040 9699470 11785036 
5 0 2 1 4 6 3 
10836144 10218000 10733126 11170132 
6 2 4 3 0 1 5 
10836782 9962908 10097314 11794482 
1 4 2 5 6 3 0 
10853774 10617808 10370744 11069308 
2 5 6 4 1 0 3 
10854486 9912998 10161126 11439502 
6 0 4 5 2 1 3 
10862276 9774998 9810532 12003076 
0 1 6 2 5 3 4 
10867056 10409452 9925436 11193466 
0 3 5 2 1 4 6 
10873996 11248126 10337896 10577234 
4 0 3 6 2 5 1 
10878858 9754958 10609272 11110284 
5 0 1 4 2 6 3 
10883494 10387570 9830216 11104988 
3 1 6 2 5 0 4 
10885580 10712508 9769490 11574776 
5 0 2 1 3 6 4 
10893922 9694576 10094698 10888922 
0 1 5 3 2 4 6 
10898806 11297760 11221774 10324208 
0 4 6 3 2 1 5 
10901162 10300550 11343256 10507550 
5 0 1 6 2 4 3 
10919612 10691854 10016594 10839620 
6 0 1 4 2 3 5 
10929402 10251648 9600122 11159896 
0 4 2 3 6 5 1 
10939172 10839390 10588978 10557664 
6 5 2 4 1 3 0 
10948270 9745924 9830182 10991948 
2 5 4 0 6 3 1 
10950112 9556036 9985516 11912430 
5 0 4 6 2 1 3 
10951034 9922038 9814054 10936878 
5 4 3 1 6 0 2 
10959132 10802616 10797660 10777046 
4 5 0 2 1 6 3 
10961706 9475942 9465192 11305164 
3 5 4 6 1 2 0 
10970902 9393814 9901428 11904132 
1 0 3 4 2 5 6 
10973204 10824840 10736272 10761300 
4 2 5 6 1 3 0 
10981266 9324490 10177878 11633906 
5 4 2 1 6 3 0 
10987868 10033040 11253042 10663116 
0 5 3 2 1 4 6 
10998628 10338950 9972780 10439318 
6 0 1 5 2 4 3 
11000654 9132078 9417640 11896762 
4 5 2 6 1 0 3 
11013830 10756980 9354228 11399754 
4 1 5 6 3 2 0 
11017408 9384366 10690468 11580260 
1 6 0 5 4 3 2 
11018476 9967084 9362768 12031152 
0 3 5 4 6 2 1 
11029974 10338220 9937250 10611808 
4 0 1 6 2 3 5 
11040420 10678916 10534724 10352696 
6 4 0 3 2 1 5 
11045052 9666388 9998252 11106602 
2 6 5 1 4 3 0 
11050288 8997012 10860682 11864264 
5 0 4 6 3 1 2 
11058032 9881476 9910926 10575650 
2 5 3 1 6 0 4 
11068988 9790724 9310690 12086044 
5 0 4 1 2 6 3 
11079916 10287638 9419814 10610048 
4 0 5 6 2 3 1 
11080744 9450872 10369520 11018178 
5 6 2 1 4 3 0 
11095258 9844328 10674526 10841114 
3 2 5 6 1 4 0 
11106638 9391102 10028936 11835016 
6 2 4 3 0 5 1 
11108472 10248298 9752940 11101816 
4 0 1 5 2 6 3 
11114626 9156642 10131232 11353450 
2 4 5 1 6 3 0 
11131954 9027052 10240718 11335162 
0 5 2 3 1 4 6 
11135690 10463440 9959774 10509840 
0 1 5 4 2 3 6 
11138976 10620602 11357216 10282970 
1 0 4 5 2 6 3 
11142940 9645802 9935230 11127206 
4 1 5 6 2 3 0 
11156394 8968210 10929634 11632874 
2 3 5 4 6 0 1 
11157184 10411176 9367402 10891298 
4 5 0 6 1 3 2 
11163592 9839158 9231192 11186016 
5 0 3 1 2 4 6 
11168332 9702262 9742536 10673308 
4 5 3 6 1 0 2 
11168366 9631552 9330024 11600690 
0 5 4 2 6 3 1 
11173148 9551796 10020440 10725444 
2 5 1 4 6 0 3 
11184460 10226522 9605388 10996328 
3 0 4 1 2 5 6 
11200668 10213160 9682582 10691708 
4 1 3 6 5 2 0 
11216036 9393606 10035794 10916006 
2 1 6 4 5 0 3 
11218690 9836994 9249006 10668300 
3 0 4 1 2 6 5 
11222654 10560832 10107588 10423838 
6 2 1 3 0 4 5 
11247598 9612186 9579868 10960144 
6 0 1 5 2 3 4 
11249566 8684332 9545696 12072026 
1 2 4 5 0 3 6 
11258650 10297414 10398524 10330834 
4 1 0 3 5 6 2 
11260110 9585142 9712360 10994418 
0 1 6 2 5 4 3 
11260802 10210690 9455138 10598828 
2 3 5 1 6 4 0 
11263392 9370686 9854686 11596174 
4 5 0 6 1 2 3 
11267108 10400104 9162416 10811200 
3 0 4 6 2 5 1 
11272140 9141438 9787152 11205286 
1 3 4 5 6 2 0 
11274578 10044486 9886916 10623788 
2 4 6 1 3 0 5 
11274674 11443368 11064596 10043826 
2 1 6 3 5 0 4 
11276468 9652274 9354218 10971612 
5 4 6 1 2 0 3 
11278240 10942686 10326112 10276270 
5 0 2 6 4 3 1 
11292038 9969598 10576602 10425402 
4 2 1 3 0 6 5 
11292772 9699330 10265132 10404842 
0 5 3 4 6 2 1 
11297530 9903794 9718528 10519442 
0 3 5 2 6 4 1 
11298310 10896576 9960626 10105114 
0 5 3 2 1 6 4 
11303430 10182806 10175108 10518878 
0 3 5 1 6 2 4 
11306358 9091278 9943568 11501624 
0 5 4 2 1 3 6 
11308984 9585936 9856790 10081244 
2 4 5 3 6 0 1 
11313674 10657316 9538408 10101844 
3 1 6 4 5 2 0 
11315884 9123900 9926684 11672230 
3 5 2 0 1 4 6 
11330104 9096686 9418600 11716898 
6 4 0 5 2 1 3 
11335944 9833718 9642468 10940286 
3 5 6 4 1 2 0 
11342502 9026976 10543488 11571136 
4 2 5 6 0 3 1 
11346022 9486160 10107918 10762610 
2 1 4 0 5 3 6 
11352990 9320420 9459238 11335760 
5 0 4 6 2 3 1 
11358214 8625550 9731312 11320284 
0 5 6 3 1 2 4 
11370604 9425398 10041576 9868262 
0 5 4 3 6 2 1 
11372152 9857162 9579670 10135232 
1 2 4 3 0 5 6 
11374926 10604136 9960332 9860110 
5 1 0 3 2 6 4 
11374970 9457280 9987638 10792518 
1 6 0 5 4 2 3 
11377632 10054742 9021544 11298384 
2 1 0 3 5 6 4 
11379120 9268396 9742478 11172176 
1 2 0 3 4 6 5 
11392064 9120364 10290924 11019018 
0 1 6 3 5 4 2 
11403128 9428956 9579268 10746648 
0 5 1 3 6 4 2 
11404456 9600074 9993450 10077224 
6 2 5 3 0 4 1 
11409232 10604312 9379618 10627310 
2 4 5 1 6 0 3 
11415140 9302134 9513764 11148028 
2 1 0 4 5 6 3 
11415422 9708406 9549556 10525374 
0 1 6 4 5 2 3 
11423618 9415686 9621498 10585690 
6 0 1 3 2 5 4 
11423640 9449806 8968224 11314412 
5 1 0 6 3 4 2 
11430670 10572808 9901448 9639804 
6 5 2 3 1 4 0 
11440156 10096586 9442674 9912132 
6 5 0 3 1 4 2 
11451240 9375838 9076290 10213940 
5 1 0 4 2 6 3 
11451334 9877820 9783496 10093510 
3 1 0 6 5 4 2 
11477380 10105234 9118934 10109978 
4 2 0 3 1 6 5 
11478386 8976560 10126084 11058230 
4 5 0 3 1 6 2 
11483128 9123582 9334602 10787554 
2 6 0 4 5 3 1 
11507192 9208268 9284580 12021364 
5 6 4 1 3 0 2 
11512268 10739078 10200308 9575996 
0 6 5 1 3 2 4 
11517436 9052906 10630348 10723678 
5 2 4 6 0 3 1 
11523588 8744686 10103030 11250252 
5 0 2 1 3 4 6 
11525158 9055796 9699508 10855256 
5 0 3 1 2 6 4 
11530396 9110582 9440106 10462114 
1 5 4 3 6 2 0 
11533138 9928634 9818748 9608192 
3 6 5 1 4 2 0 
11541892 8765232 10418998 11061976 
1 5 4 3 6 0 2 
11545566 10006070 9469846 9714422 
2 5 6 4 1 3 0 
11560154 8755300 10349180 11139232 
4 0 5 1 2 3 6 
11566812 9085354 10238260 10816080 
5 1 4 6 2 3 0 
11579464 9018308 10169486 10691920 
3 1 4 6 5 0 2 
11579766 9653672 8985594 10295360 
5 1 0 6 2 4 3 
11581520 10543634 9748042 9642112 
0 4 5 1 6 2 3 
11614526 8804266 9793114 11151426 
6 2 0 3 1 4 5 
11622050 8830448 9499788 11277976 
3 5 0 2 1 4 6 
11640568 8884516 9434910 11068190 
3 1 2 0 5 6 4 
11652326 9035436 9736096 10858862 
4 5 2 0 1 3 6 
11652988 8634462 9433436 11206198 
1 5 6 2 3 0 4 
11658052 11000848 11338964 9564422 
4 5 1 3 6 2 0 
11671154 9633812 10577380 9767672 
4 5 6 3 1 2 0 
11682082 9043702 10211832 10394148 
3 1 4 6 5 2 0 
11684732 8910130 9212912 10746378 
6 5 0 4 1 3 2 
11689486 9415436 9172338 10186208 
1 6 0 2 4 5 3 
11691652 9612728 9070898 10772980 
0 2 4 3 1 5 6 
11694182 10789498 10608920 9303146 
0 3 1 2 6 4 5 
11710136 9361230 10111640 10284664 
5 0 6 1 2 4 3 
11714560 10420938 9401036 9982122 
6 5 4 3 1 0 2 
11718886 9865268 9471794 9929074 
0 5 1 2 6 4 3 
11729154 8978312 9795388 10252604 
2 1 6 0 5 4 3 
11732758 10163848 9060466 10066400 
0 4 5 1 6 3 2 
11736472 8768170 10010894 10785134 
2 5 0 4 6 3 1 
11736568 9248032 9351206 10721834 
4 5 6 3 1 0 2 
11737676 9021948 9785622 10538974 
1 5 6 2 4 0 3 
11739080 10342204 10265414 9596722 
0 4 5 3 6 1 2 
11744192 9784312 9317460 10039042 
0 2 5 3 6 4 1 
11752344 11068110 10334300 9575260 
6 0 1 4 2 5 3 
11753276 9852274 8666150 10395468 
6 5 4 3 1 2 0 
11762234 9790520 9855304 9731788 
0 5 2 4 6 3 1 
11764020 9350834 9674824 10193608 
5 6 0 1 3 2 4 
11794616 9664570 9438092 9925962 
3 1 0 2 5 4 6 
11796414 8513056 9167712 11594272 
2 6 5 1 3 4 0 
11796892 8674958 10051774 10975598 
3 0 5 1 2 4 6 
11805084 9049694 9453704 10376534 
4 5 0 2 6 3 1 
11805920 9348078 10248926 10126784 
2 6 4 1 5 0 3 
11806950 10147124 9294296 9983522 
3 1 0 4 5 6 2 
11807066 9595144 9435032 10148616 
5 0 4 6 3 2 1 
11813732 8880092 9720018 10599294 
2 1 6 4 5 3 0 
11818356 8620328 9466544 10785018 
1 4 0 5 6 2 3 
11820994 9521078 8968120 10636236 
4 6 5 2 3 0 1 
11821362 10554516 10176680 9407398 
0 5 4 2 1 6 3 
11823010 9128382 9640144 10292034 
5 1 0 4 3 6 2 
11825624 10017874 10177142 9601482 
5 0 2 6 3 1 4 
11831226 10032502 9709276 9356926 
0 6 5 1 4 2 3 
11832988 8823310 10273246 10700742 
4 0 1 5 3 6 2 
11834484 8658416 9789344 10625650 
0 5 6 4 1 2 3 
11839144 8856846 9805870 10110430 
2 1 3 0 5 4 6 
11841380 8870362 9378928 10566864 
1 5 4 2 6 0 3 
11842852 9182956 9318562 10090898 
6 2 1 5 0 4 3 
11857558 8457706 9240360 11062002 
4 2 0 5 1 6 3 
11867714 9394912 9737668 10055704 
4 6 1 2 3 0 5 
11871736 9730794 9719770 9674698 
5 6 2 1 3 4 0 
11893276 9508018 9884956 9892718 
4 1 2 0 5 3 6 
11895166 8221198 9878516 11498032 
0 5 6 2 1 3 4 
11896368 9641068 9838974 9117550 
1 5 4 0 6 3 2 
11900980 9411616 9920324 10046886 
4 0 1 6 2 5 3 
11903366 10181122 9566120 9586788 
6 0 5 1 2 3 4 
11907284 8350314 9551462 11332526 
4 1 3 6 5 0 2 
11912338 9355640 9462676 10040148 
3 6 4 1 5 0 2 
11912728 10273268 9528156 9496194 
6 3 0 5 1 4 2 
11917242 9659726 9531234 10014298 
0 5 4 3 1 2 6 
11921280 9978566 9605092 9105616 
0 1 4 3 5 6 2 
11928578 9605300 9568680 9916346 
2 0 5 6 4 3 1 
11933656 9306284 10514762 9887510 
6 3 1 5 0 4 2 
11936250 8724192 9631360 10676672 
4 1 2 6 5 0 3 
11936370 10253212 9524856 9707912 
2 5 1 3 6 0 4 
11944498 9023446 9492726 10425096 
6 5 2 4 1 0 3 
11955434 9233030 8902928 10384058 
0 6 5 2 4 1 3 
11957328 9752858 9678030 9907570 
3 2 1 5 0 6 4 
11958268 8576496 10364686 10994232 
1 4 0 3 6 5 2 
11960776 9554112 9187208 9978246 
5 0 2 4 3 6 1 
11967092 8690084 9747924 10216588 
4 5 6 2 1 3 0 
11977938 9327286 10043628 9889808 
0 5 1 4 6 3 2 
11978192 9588102 9820428 9553792 
0 1 6 4 5 3 2 
11985052 8927190 9597566 10200150 
5 0 3 6 2 1 4 
11985324 9057032 9601296 9903354 
0 5 1 3 6 2 4 
11986092 8824318 9512482 9773240 
4 5 0 2 1 3 6 
11995068 8424268 9014038 10273934 
2 0 6 1 3 5 4 
11996650 9951522 9502076 9701338 
4 5 0 3 6 2 1 
12017566 9469400 9860488 9619774 
5 6 2 1 4 0 3 
12025636 9816128 9701116 9582068 
2 4 1 3 6 0 5 
12029348 9695974 9493034 9903368 
0 5 1 2 6 3 4 
12029480 8648512 9856492 9995764 
5 0 3 6 2 4 1 
12029544 8495570 9491586 10115816 
1 3 0 5 6 2 4 
12051288 9506360 9472406 9995788 
0 5 2 3 6 1 4 
12053424 9582762 9407158 9925848 
0 2 5 6 4 3 1 
12055916 9301058 10230188 9558372 
4 2 1 5 0 6 3 
12057540 8412242 9873676 10381196 
6 2 0 5 1 3 4 
12061170 9256354 9385780 10037046 
2 1 4 3 5 0 6 
12077516 9827214 9095574 10066636 
2 4 5 3 6 1 0 
12079638 9765532 9406650 9581794 
0 5 6 3 1 4 2 
12080258 8601556 9615638 9853928 
5 6 0 1 4 2 3 
12080664 9965124 9673836 9465076 
5 0 2 6 3 4 1 
12087006 9208968 9450982 9517236 
6 5 2 3 1 0 4 
12095050 9622000 8877502 9377272 
2 6 0 1 5 3 4 
12101560 9123280 9003948 10519766 
0 5 6 2 1 4 3 
12105592 9339658 9420000 9248780 
6 5 4 2 1 3 0 
12124310 9110064 9961220 9663268 
1 4 0 2 6 3 5 
12127498 8208724 9297150 11097612 
1 5 0 3 6 4 2 
12127580 9296728 9422536 9287906 
2 1 4 6 5 3 0 
12137924 8403478 9431912 10301146 
1 6 0 3 4 2 5 
12143566 8835654 8989688 10733486 
3 0 5 6 2 4 1 
12145356 8707372 9307674 9908712 
6 5 0 3 1 2 4 
12149482 8826504 8894628 9481794 
4 5 3 0 1 2 6 
12150272 8719146 9117422 10158872 
3 1 5 6 2 4 0 
12189806 8295510 9933188 10382408 
5 1 3 6 2 4 0 
12195594 8814828 10015260 9551352 
6 5 0 4 1 2 3 
12199562 8952282 8743202 9795992 
3 1 4 0 5 2 6 
12203114 8710656 8802892 10724384 
3 1 4 2 5 0 6 
12208688 8902388 8745466 10648240 
1 5 4 2 0 3 6 
12210626 9609386 10310030 9198618 
0 4 5 3 2 1 6 
12223772 10608388 10334142 8854290 
1 5 2 3 6 4 0 
12232080 9970436 9824536 8933682 
5 1 2 6 3 4 0 
12235036 9540058 9951570 8951446 
0 1 4 6 5 3 2 
12241790 8725956 9523284 9732504 
3 1 2 6 5 4 0 
12248722 9085924 9158880 9436596 
0 2 5 3 4 6 1 
12254264 10312062 10023748 8879290 
6 2 1 5 0 3 4 
12255658 8092952 9326920 10650394 
3 0 5 1 2 6 4 
12287176 8340946 9099474 10101700 
2 1 0 6 5 4 3 
12290016 9862756 9053278 9196216 
0 4 6 1 2 3 5 
12314270 10228656 10979914 8764394 
5 6 0 2 4 1 3 
12319384 9229512 9552100 9424684 
3 1 2 6 5 0 4 
12321384 9836478 9062020 9229696 
6 5 2 0 1 3 4 
12323914 8487988 9293562 10032190 
2 0 5 1 3 6 4 
12338986 8563344 9526264 9773414 
0 5 6 4 1 3 2 
12339574 8334414 9798906 9964866 
1 3 0 2 6 4 5 
12340696 8278586 9636718 10528508 
4 0 1 6 3 5 2 
12347696 9624720 9098184 9115932 
5 1 2 6 4 0 3 
12366522 10757552 10553984 8840074 
4 6 3 1 5 2 0 
12370522 9075858 10262202 9349252 
6 2 1 4 0 5 3 
12374692 9349166 8609290 10040604 
4 2 5 3 0 6 1 
12385798 9919040 9380594 9091368 
4 5 3 2 1 0 6 
12405346 9317014 8734822 9208096 
4 0 5 6 3 1 2 
12409766 8719718 9385458 9769844 
1 4 2 0 6 3 5 
12417656 7962794 9928346 11154354 
3 1 2 0 5 4 6 
12433792 7981994 9059604 10631538 
5 1 2 6 3 0 4 
12434190 10296708 9933196 8538044 
6 2 1 3 0 5 4 
12455076 8839994 8736488 9841132 
1 2 0 6 4 5 3 
12460206 9887540 9456352 8984142 
1 0 4 6 3 5 2 
12462866 8885216 9516078 9374600 
3 6 0 1 5 2 4 
12473140 9092848 8856600 9701272 
1 5 0 2 6 4 3 
12481314 8626788 9218626 9458288 
2 0 5 4 3 6 1 
12484712 9097714 9366282 9260722 
3 1 2 4 5 6 0 
12488250 8527644 9510968 9611996 
1 5 0 3 6 2 4 
12493490 8731378 9034668 9098302 
1 5 6 3 0 2 4 
12498740 9360870 10578510 8893804 
5 6 2 1 3 0 4 
12507264 9283394 9235168 8924538 
5 0 3 4 2 6 1 
12522550 8474106 9093988 9578548 
1 4 0 3 6 2 5 
12525508 8317974 8962460 10238874 
1 5 0 2 6 3 4 
12538340 8534288 9384730 9330448 
5 1 2 4 3 6 0 
12539832 8936934 10263254 9049886 
6 5 0 2 1 4 3 
12540658 8348358 8666340 9425630 
0 1 3 6 5 4 2 
12560464 8632952 9791960 9316658 
0 3 6 2 1 5 4 
12601804 10291212 10261950 8538154 
6 4 0 1 5 3 2 
12609332 9946510 10443042 8920004 
1 5 2 3 6 0 4 
12610418 9482522 9087766 8850308 
4 5 0 3 1 2 6 
12620006 8632854 8814672 9381508 
5 1 2 3 6 4 0 
12621996 10497570 11527642 8523446 
3 0 5 4 2 6 1 
12631998 8778556 8883732 9329560 
5 6 3 2 4 1 0 
12648878 9464262 10355642 8708542 
5 6 3 0 4 2 1 
12670870 8690460 10387710 9264868 
2 0 5 6 3 4 1 
12677210 8559910 9369804 9039074 
0 2 1 6 4 3 5 
12683324 9832518 10554476 8452320 
2 1 5 6 3 4 0 
12700920 8143526 9974510 9534666 
1 5 0 4 6 3 2 
12714216 9096956 9302914 8849374 
2 6 3 1 5 0 4 
12714926 8749008 8925392 9372544 
3 0 5 6 2 1 4 
12715874 8669256 9152084 9370310 
1 3 6 5 0 4 2 
12718652 8217524 9745584 10033642 
1 2 6 3 0 5 4 
12719978 9159328 9154588 8882636 
2 1 3 6 5 4 0 
12720394 8208710 9263892 9188760 
3 0 5 4 2 1 6 
12720424 9449188 9082372 9065992 
6 5 0 2 1 3 4 
12728824 8262178 8913814 9083700 
2 1 3 4 5 0 6 
12737324 9297168 9004608 9029896 
6 3 0 2 1 4 5 
12772140 8081286 9457752 10103010 
0 2 6 3 1 5 4 
12797746 9442970 9728764 8435184 
1 5 4 3 0 2 6 
12807928 10012318 10067614 8240670 
3 2 1 5 4 6 0 
12825822 8021820 10049656 10063588 
0 1 3 4 5 6 2 
12829176 9010530 9855654 8954002 
1 6 3 0 4 2 5 
12853612 8110206 9740618 9982922 
3 4 5 1 2 6 0 
12856118 8058942 9370334 10088092 
0 4 1 3 6 5 2 
12859272 9293258 8999182 8741904 
2 1 3 4 5 6 0 
12893702 8614470 9341860 8928340 
4 6 0 1 5 2 3 
12899392 9351728 9077080 8704798 
0 1 2 6 5 4 3 
12901428 9267688 9621292 8650732 
4 2 3 5 1 6 0 
12929138 9129560 9549912 8779306 
0 3 1 5 6 2 4 
12963570 8176580 9586940 9409126 
5 1 2 0 3 4 6 
12972476 8167678 9697594 9426578 
2 0 5 6 4 1 3 
12972896 9028912 9805624 8912864 
4 6 3 1 5 0 2 
12983160 9235796 9816428 8585282 
1 5 0 4 6 2 3 
13023100 8624106 8748942 8787610 
3 6 2 0 5 4 1 
13025980 8184256 9117784 9841950 
0 3 4 5 1 2 6 
13035720 9930988 10166740 8349512 
1 5 6 2 0 3 4 
13039498 9566238 10366626 8125412 
5 1 3 4 0 6 2 
13071508 9216662 10221504 8720752 
5 1 6 0 2 4 3 
13074618 9906866 9617246 8470564 
3 0 1 6 4 5 2 
13078166 9455986 9304030 8682156 
5 1 3 4 2 6 0 
13113310 8709124 9632404 8413172 
3 6 2 1 5 0 4 
13136828 8724344 8633612 8740840 
0 2 4 5 1 6 3 
13166130 8609304 9800768 8654134 
5 4 2 0 3 1 6 
13169714 8158772 9494634 9589370 
6 4 0 2 1 3 5 
13171982 8122814 9683034 9949264 
5 6 2 0 3 1 4 
13176820 8544548 9275392 8548508 
5 6 2 0 3 4 1 
13192564 8288810 9382454 9029830 
1 5 3 2 4 0 6 
13207004 9424904 9466694 8386744 
5 6 3 2 4 0 1 
13230612 9190084 9917960 8157664 
0 2 6 5 1 3 4 
13242418 8617228 9795656 8281416 
1 5 6 3 0 4 2 
13252550 8539156 10179970 8807384 
1 3 0 4 6 2 5 
13285412 8195984 9181020 9287734 
4 6 2 1 5 0 3 
13299284 9084988 9290788 8440906 
2 0 5 6 3 1 4 
13302176 8524418 9247998 8411784 
1 2 6 4 0 5 3 
13314254 8549070 8891510 8965978 
5 1 3 4 2 0 6 
13314828 9409070 9517220 7930452 
0 3 1 4 6 5 2 
13322542 9490942 9314456 8061742 
3 1 2 4 5 0 6 
13342378 8224756 8737616 9177772 
2 4 3 1 5 0 6 
13346010 9039416 9146772 8665362 
6 5 1 2 0 3 4 
13363094 8301572 9913228 8756878 
0 3 6 5 1 4 2 
13396200 8033684 9853092 8898986 
6 3 1 2 0 5 4 
13432520 8548296 8995034 8889352 
0 2 6 5 1 4 3 
13435208 8354692 9401696 8434624 
2 0 3 6 5 4 1 
13502284 8096134 9691266 8752448 
5 1 2 4 3 0 6 
13545020 8641326 9583632 8369052 
0 2 1 5 6 3 4 
13545896 8090620 10223136 8795420 
2 0 3 6 5 1 4 
13638340 8666284 9912834 8245680 
0 2 1 6 4 5 3 
13658266 9332756 9668390 7536934 
5 6 3 0 2 1 4 
13683536 8533482 10015938 8341106 
1 3 6 4 0 5 2 
13738846 8144744 9379086 8781852 
