82 3
2 3 4 1 0 5 
5737536 9118000 8465368 
5 3 4 1 0 2 
5900238 9109752 8276770 
0 4 3 1 2 5 
6016830 8740362 8006428 
4 1 0 3 5 2 
6057066 8554284 7959190 
1 3 4 2 0 5 
6081700 8551150 8107256 
1 4 3 0 2 5 
6081766 8401590 7932010 
3 1 0 4 5 2 
6231442 8395800 7749982 
1 3 4 0 2 5 
6241132 8315554 7792458 
3 4 0 1 2 5 
6307482 8615008 7697822 
0 1 4 3 5 2 
6339222 8684668 7690830 
1 4 0 3 2 5 
6361936 8304244 7696740 
4 3 5 1 0 2 
6380554 8581464 7675594 
0 4 1 3 2 5 
6428368 8563652 7661588 
3 4 1 0 2 5 
6438850 8535644 7588252 
3 1 2 5 4 0 
6442696 8292184 7765862 
3 2 1 5 4 0 
6477270 8290252 7904262 
3 1 4 0 5 2 
6504018 8387152 7559060 
4 3 1 0 5 2 
6511774 8322656 7657896 
4 1 2 3 5 0 
6517578 8291642 7769478 
1 4 3 2 0 5 
6519838 8255966 7836024 
1 0 4 3 2 5 
6538120 8222258 7581952 
2 4 0 3 1 5 
6594616 8261670 7543738 
0 1 2 3 4 5 
6595142 8476512 7495824 
5 1 2 4 3 0 
6604346 8342920 7407124 
3 1 0 5 4 2 
6629608 8069662 7435482 
4 3 1 0 2 5 
6669858 8350018 7313166 
4 0 5 1 3 2 
6728892 8072542 7377458 
1 3 5 2 0 4 
6730904 8028608 7475822 
0 1 2 3 5 4 
6759030 8150926 7375860 
0 1 3 5 4 2 
6764568 8258488 7335024 
1 3 4 5 0 2 
6764846 7924590 7401864 
4 0 1 3 2 5 
6773926 8065922 7204420 
4 2 3 1 5 0 
6820690 7907104 7389608 
4 1 2 5 3 0 
6830088 7781302 7115320 
4 3 2 0 1 5 
6896858 8191414 7041406 
0 3 4 1 5 2 
6928626 7626034 7032416 
1 3 4 0 5 2 
6950816 7739776 6963444 
0 4 3 1 5 2 
7039944 7497464 6868816 
0 1 3 4 2 5 
7132590 7626764 6817172 
3 1 0 2 4 5 
7154938 7470100 6953460 
0 3 2 4 1 5 
7171078 7590256 6846674 
3 4 0 1 5 2 
7194618 7458046 6744134 
1 4 3 5 2 0 
7227146 7241348 6846008 
3 1 0 4 2 5 
7230322 7310610 6610326 
4 1 0 2 5 3 
7345094 7257066 6718022 
4 1 2 0 3 5 
7418772 7069542 6542238 
4 0 2 3 1 5 
7448126 7528918 6535860 
3 0 5 1 4 2 
7516084 7187184 6526180 
4 1 2 3 0 5 
7568778 7000332 6351596 
0 4 3 2 5 1 
7628582 6924708 6365892 
2 4 5 1 3 0 
7650758 7216934 6312322 
4 1 2 5 0 3 
7658724 7065820 6281370 
0 3 4 2 5 1 
7663340 6911150 6411334 
0 3 5 1 4 2 
7758582 7084170 6238748 
0 1 3 5 2 4 
7760170 7015344 6337850 
1 3 5 0 4 2 
7790054 7137936 6145908 
3 5 0 1 4 2 
7812896 6943596 6356250 
0 5 3 1 4 2 
7827372 7013262 6319344 
3 0 1 5 2 4 
7838154 6754160 6285888 
5 1 2 3 0 4 
7855170 6891246 6157976 
1 3 4 5 2 0 
7877576 6677520 6309244 
1 4 5 2 3 0 
7881686 6951542 6087306 
1 3 4 2 5 0 
7904114 6728302 6185622 
3 1 0 5 2 4 
7967750 6610038 5974988 
1 4 5 3 0 2 
8029174 6556144 6004946 
2 3 5 0 4 1 
8140658 6989560 5899580 
1 5 4 3 0 2 
8161714 6497018 6135094 
0 5 3 2 4 1 
8268122 6602140 5941556 
1 2 5 3 0 4 
8302364 6577368 5953498 
2 3 5 1 4 0 
8316606 6745908 5780886 
4 0 1 5 2 3 
8335728 6495402 5880282 
2 4 5 3 0 1 
8376964 6464740 5845558 
2 0 5 4 1 3 
8396746 6596600 5835294 
4 2 0 5 1 3 
8416942 6619226 5798972 
3 0 2 5 1 4 
8420648 6464974 5742250 
0 3 5 2 4 1 
8427252 6451288 5676600 
1 5 4 0 3 2 
8473192 6274672 5771016 
3 2 0 5 1 4 
8478382 6407302 5650344 
1 4 5 0 3 2 
8493484 6236288 5535796 
1 3 5 2 4 0 
8634672 6261402 5465066 
2 4 5 0 3 1 
8667274 6157284 5422008 
4 0 2 5 1 3 
8826008 6186758 5375842 
