177 4
1 5 4 3 0 2 6 
10455318 11742786 10536262 9641934 
1 5 4 2 0 3 6 
10487974 11525134 9598328 10455982 
6 4 0 3 5 1 2 
10503256 11006032 9086986 9485898 
2 1 5 3 0 4 6 
10624704 11991790 10354872 9154802 
4 2 0 3 6 5 1 
10798774 12113990 9054780 10406852 
1 2 0 3 5 6 4 
10898994 11395320 9021614 10440280 
0 1 5 3 2 4 6 
10941540 12235476 10176552 9089856 
2 4 5 1 0 3 6 
10975396 11155362 8508688 10325206 
6 4 2 3 5 1 0 
11008340 11314826 9653340 9137564 
5 1 2 3 6 4 0 
11021320 11306506 9838370 9424150 
6 3 0 4 5 1 2 
11037422 10864888 8897280 10047414 
2 4 5 3 0 1 6 
11054048 11930770 10552618 8067502 
2 1 6 3 0 4 5 
11189248 12600654 9678678 8849504 
0 4 5 3 2 1 6 
11238846 11924290 10286772 8084946 
6 1 0 3 5 4 2 
11274474 12472296 9552004 8880234 
0 1 6 3 2 4 5 
11338994 12062790 9503438 8690618 
5 1 2 4 6 3 0 
11359484 10573776 8679110 10510360 
5 1 0 4 6 3 2 
11368322 10919326 9002620 9707208 
1 0 4 3 5 6 2 
11372158 11233454 10106148 8226890 
4 2 1 3 6 5 0 
11380996 11555616 9558034 9419272 
1 2 4 3 5 6 0 
11455128 11041144 9708250 9323202 
0 3 5 1 2 4 6 
11465914 12009598 8551462 10159430 
0 2 5 3 4 6 1 
11476282 10970030 10266466 8671108 
1 0 4 2 5 6 3 
11489140 11377060 9295386 9206804 
5 1 0 6 4 2 3 
11515900 10940996 10207514 9639486 
5 6 0 3 1 2 4 
11530366 11221468 8870744 9269424 
4 3 0 2 6 5 1 
11538112 12062004 8477636 10680114 
2 0 5 3 4 6 1 
11538466 10676516 10646852 8347864 
2 3 5 1 0 4 6 
11544536 12128916 8704540 9753192 
6 3 2 4 5 1 0 
11589930 11318918 8758202 9803808 
5 1 2 6 4 3 0 
11591530 10790028 10220116 10334960 
5 4 0 1 6 3 2 
11596722 11211792 9180582 9150290 
5 4 2 1 6 3 0 
11598156 10897700 8704276 9976126 
6 4 0 2 5 1 3 
11620540 10447518 9079036 9921540 
4 5 0 2 6 3 1 
11666556 11635952 8570754 9988730 
6 3 0 5 4 2 1 
11680962 10807352 8857826 10353450 
6 4 0 5 3 1 2 
11702992 10753062 9818810 9892366 
5 0 2 6 1 3 4 
11718322 10919368 9972796 9530336 
5 1 2 6 0 3 4 
11742170 10386870 10402130 10759832 
1 3 0 6 5 4 2 
11743172 11373822 9897730 8633634 
5 6 0 1 4 2 3 
11755374 10806580 9748004 9629518 
2 0 6 3 1 5 4 
11764388 11038432 9643244 9013102 
1 3 0 2 5 6 4 
11795004 11281142 8291454 11145110 
1 6 4 3 5 0 2 
11797836 11933586 10096026 8578906 
1 2 0 6 5 4 3 
11800210 11022690 10017160 9138346 
5 6 3 0 1 2 4 
11802724 10502658 8706574 10963124 
0 1 4 3 2 6 5 
11804464 11974710 9588502 8793114 
6 2 0 4 5 1 3 
11834396 10988980 9412238 9642482 
2 4 1 3 0 5 6 
11836002 12055618 9148726 9162346 
0 3 5 4 2 1 6 
11845586 11643924 9399016 9035490 
5 6 0 4 1 2 3 
11845950 11158894 9514802 9146866 
4 6 3 0 2 1 5 
11870450 11146570 8538826 11185016 
4 2 1 5 6 3 0 
11889048 10989250 8054196 11119938 
4 2 1 6 0 3 5 
11906068 10910990 10303118 9611948 
5 2 0 6 1 3 4 
11913872 11349482 9670634 8857876 
1 4 0 3 5 6 2 
11958366 11217196 9151882 9421434 
1 2 4 0 5 6 3 
11965734 10851986 8965868 10102576 
6 3 1 5 4 2 0 
11978766 11161638 8030568 11087380 
5 3 0 6 1 2 4 
11979436 11528180 9473498 8806066 
3 4 5 2 0 1 6 
11982722 11733088 10765480 7788282 
2 3 1 4 0 5 6 
11984492 12055298 9440226 8967954 
2 3 5 4 0 1 6 
11985840 11948780 9644114 8630750 
6 1 0 4 5 3 2 
12013694 11983694 9438064 8927128 
0 3 5 2 4 6 1 
12020052 11030768 9938712 9136938 
2 0 6 4 1 5 3 
12030714 10930670 9789502 9426404 
6 1 4 3 5 0 2 
12036716 12578118 9763148 8454348 
5 2 4 6 1 3 0 
12048606 11774962 8695230 9817178 
6 2 0 3 5 1 4 
12052490 10877850 9475236 9900140 
5 1 2 4 0 3 6 
12072102 10045820 9288464 11652870 
1 4 0 2 5 6 3 
12072114 11412546 8622772 10087356 
2 0 5 1 3 6 4 
12097804 10536830 8993006 10468840 
6 4 1 3 2 0 5 
12110990 10601006 10246666 9722548 
0 1 4 3 5 6 2 
12151118 11207784 10203450 8871210 
1 5 6 0 2 4 3 
12153162 10451384 10288872 9854676 
1 6 2 3 5 0 4 
12160290 12983796 10120560 7968650 
1 4 0 6 5 3 2 
12167056 12128414 10268166 7979182 
1 3 2 6 5 4 0 
12173936 12172948 9738792 8529782 
5 1 3 4 0 2 6 
12185900 10060726 10133918 10606554 
0 2 1 5 4 6 3 
12187358 10373580 8809518 11442072 
2 1 5 3 4 6 0 
12189256 10562242 10475502 9540756 
0 2 5 4 3 6 1 
12203316 10961164 9866452 9026720 
5 3 4 6 1 2 0 
12210602 11958070 8543958 9486362 
0 2 5 1 3 6 4 
12223084 11018662 8477826 10295830 
6 3 0 5 1 2 4 
12226100 10418536 9445684 10479466 
1 6 0 3 5 2 4 
12227630 12833754 9404212 8804150 
5 6 0 2 1 3 4 
12227896 10806584 8346204 10184432 
5 1 4 3 0 2 6 
12242642 10640134 10131486 9690720 
6 1 3 4 5 0 2 
12243348 12355810 9387662 8995230 
6 4 2 0 5 1 3 
12251908 10458652 8622786 10491690 
0 2 1 5 3 6 4 
12254444 10506680 8519680 12055226 
2 4 6 0 1 5 3 
12261048 10841314 10300280 9527754 
6 4 2 1 5 0 3 
12265038 10862942 9208572 9525460 
2 0 5 4 3 6 1 
12265500 10409782 10427642 9193524 
2 4 1 5 0 3 6 
12265876 11769268 8062702 11075432 
5 1 0 4 6 2 3 
12297532 10914620 9623666 9503890 
6 3 0 4 2 1 5 
12297626 10395466 9296682 11328788 
6 5 1 2 3 0 4 
12300880 10292256 9752336 10998376 
6 4 1 3 0 2 5 
12304350 10745252 10251492 9622758 
0 1 5 4 2 6 3 
12309176 11036440 9514952 9411360 
2 0 5 6 1 3 4 
12309542 10392778 9328682 11298206 
6 5 0 1 4 2 3 
12314466 10523768 10189732 9151026 
2 3 6 0 1 5 4 
12315232 10975186 9846062 9074000 
2 3 6 4 0 5 1 
12330220 11352758 8841654 9628652 
6 4 0 5 2 1 3 
12343560 10190788 10339212 10464700 
6 5 1 0 4 2 3 
12350070 10237686 9881266 10074108 
5 6 2 0 1 3 4 
12365132 10317654 8440602 10886920 
6 3 0 2 5 1 4 
12372800 10195244 8952328 10740714 
5 4 0 2 1 3 6 
12386190 11113184 8612158 9966796 
1 0 4 3 2 6 5 
12386808 11089736 10109692 8874512 
1 0 4 5 3 6 2 
12403356 10743488 10131352 9323402 
6 5 0 4 1 2 3 
12405042 10285178 10370842 9791318 
6 1 2 4 5 0 3 
12449816 11294290 9281118 8893618 
6 4 0 1 5 2 3 
12452080 10536046 9677168 8975724 
4 2 1 5 0 3 6 
12452366 10499230 8379666 11604116 
2 4 5 3 0 6 1 
12452896 10852140 10371372 8258726 
5 2 0 4 6 3 1 
12474686 11179302 9162064 9402904 
6 3 0 1 5 2 4 
12502380 10836324 9618724 9340234 
4 0 5 3 2 1 6 
12519976 11136004 10565922 8049636 
5 4 0 3 1 2 6 
12527960 10867408 9055078 9595408 
4 3 1 5 6 2 0 
12542560 11817250 8238944 10665926 
4 3 5 2 0 1 6 
12555638 11325172 10331726 8095146 
3 5 0 4 6 2 1 
12560820 12211702 9473270 8791278 
1 0 6 3 2 4 5 
12579814 11064794 9639932 8691988 
1 3 2 0 5 6 4 
12585232 11763608 8094756 10969428 
1 6 0 3 5 4 2 
12598302 11559538 8971914 8814868 
3 2 5 1 0 4 6 
12616374 11317996 8748082 9767678 
6 5 1 0 3 2 4 
12627486 10394682 9806102 10676938 
1 6 2 4 5 0 3 
12630704 12575188 9345408 8694966 
4 2 5 3 0 1 6 
12633858 11015662 10340838 8367532 
1 6 0 2 5 4 3 
12638130 11297508 8773904 9232850 
1 6 0 4 5 2 3 
12639752 12305598 9787984 8316214 
1 0 6 5 2 4 3 
12642446 11001922 9334644 9485580 
6 1 2 3 5 0 4 
12671442 11446148 10226120 8144392 
5 0 4 3 1 2 6 
12676708 11175092 9942074 8653744 
5 6 3 0 4 2 1 
12681430 9895476 9126034 11196704 
5 1 2 0 6 3 4 
12708128 10145112 8954186 11370652 
5 0 6 2 1 3 4 
12757936 12211452 9736808 8608458 
1 3 4 0 5 6 2 
12758874 10637420 8836554 9858656 
6 1 0 4 5 2 3 
12774032 10970604 9539566 8476562 
1 2 6 3 0 4 5 
12791096 10778846 9648450 9393948 
5 3 0 4 1 2 6 
12793600 10790534 9108264 9510408 
6 5 0 2 4 1 3 
12800958 10275232 9282432 10292106 
5 2 0 4 1 3 6 
12801956 11069216 8974300 9810158 
2 1 5 4 3 6 0 
12811290 10189008 10092492 10375616 
4 3 0 5 6 1 2 
12820458 11106238 9383382 9464648 
1 4 2 0 5 6 3 
12825786 11575888 8185002 10862130 
6 3 1 2 4 0 5 
12839484 10594794 9585956 9688572 
2 1 6 3 0 5 4 
12844638 11234040 9489414 8972958 
2 3 5 0 4 6 1 
12858534 10798998 9364030 9260294 
6 3 2 1 5 0 4 
12890354 11058492 9338836 9288278 
2 3 5 4 0 6 1 
12916218 10974430 9674588 8415914 
5 3 0 4 6 2 1 
12936586 10986672 9079080 9046190 
5 4 2 0 6 3 1 
12949784 10160848 8638732 10525302 
5 4 0 2 6 3 1 
12953814 10624672 8563686 10028010 
1 6 2 3 5 4 0 
12987498 12231362 9431300 8619220 
6 2 0 5 3 1 4 
13019126 10388450 9843424 10282632 
5 4 0 3 6 2 1 
13024076 10827336 8932674 9316050 
6 5 0 2 3 1 4 
13032266 10013268 9295136 10968864 
6 3 2 0 5 1 4 
13040724 10525502 8737150 10360408 
5 3 4 0 1 2 6 
13041966 11069846 9223754 8924758 
6 3 0 1 4 2 5 
13080218 10167966 9642664 10150032 
5 2 6 4 1 3 0 
13087634 12390532 8420804 9951766 
5 2 6 0 1 3 4 
13090722 12152636 9529044 8638486 
4 3 5 0 2 1 6 
13092250 11164530 9532442 8783850 
1 5 4 0 3 6 2 
13113664 10085478 9496084 10765910 
2 4 5 0 3 6 1 
13122246 10409974 9841604 9948766 
6 1 0 4 3 2 5 
13168360 10743484 9587086 9423818 
6 3 1 0 4 2 5 
13172062 10372844 9705078 9610874 
2 3 5 1 0 6 4 
13180496 11131830 8471928 9837570 
1 6 0 4 5 3 2 
13181102 11802476 9287734 8810412 
6 4 0 1 3 2 5 
13185234 10082284 9635244 10100352 
0 4 5 1 3 6 2 
13263608 10564272 8556898 10783510 
5 6 2 0 4 3 1 
13357982 9768856 8829886 11343212 
6 4 1 0 3 2 5 
13410278 10326462 9761558 9560594 
1 6 2 0 5 4 3 
13437674 11498914 8328936 9911488 
3 4 1 5 6 2 0 
13558188 11680168 8162158 10452874 
5 4 3 0 6 2 1 
13705432 10398348 9087340 10486594 
