720 4
0 2 1 4 3 5 
4510534 7935900 7935900 7935900 
5 2 1 4 3 0 
4572508 7873926 7873926 7873926 
5 2 4 1 3 0 
4574610 7871824 7871824 7871824 
2 5 1 4 3 0 
4613850 7832584 7832584 7832584 
0 2 4 1 3 5 
4627140 7819294 7819294 7819294 
2 0 1 4 3 5 
4649570 7796864 7796864 7796864 
0 5 1 4 3 2 
4665108 7781326 7781326 7781326 
5 0 1 4 3 2 
4762802 7683632 7683632 7683632 
5 1 2 0 3 4 
4852400 7594034 7594034 7594034 
4 1 5 0 2 3 
4859494 7586940 7586940 7586940 
3 1 5 0 2 4 
4863234 7583200 7583200 7583200 
4 1 2 0 3 5 
4909288 7537146 7537146 7537146 
4 1 0 2 3 5 
5086184 7360250 7360250 7360250 
5 3 1 4 2 0 
5090648 7355786 7355786 7355786 
3 1 0 5 2 4 
5090998 7355436 7355436 7355436 
4 1 2 0 5 3 
5102890 7343544 7343544 7343544 
4 1 0 5 2 3 
5107850 7338584 7338584 7338584 
5 0 4 1 3 2 
5113486 7332948 7332948 7332948 
5 1 0 2 3 4 
5114784 7331650 7331650 7331650 
3 5 1 4 2 0 
5149048 7297386 7297386 7297386 
0 3 1 4 2 5 
5157446 7288988 7288988 7288988 
2 3 1 4 5 0 
5160518 7285916 7285916 7285916 
3 2 1 4 5 0 
5177576 7268858 7268858 7268858 
2 0 4 1 3 5 
5216782 7229652 7229652 7229652 
3 1 2 0 5 4 
5226760 7219674 7219674 7219674 
1 3 0 5 2 4 
5235534 7210900 7210900 7210900 
0 3 1 4 5 2 
5239412 7207022 7207022 7207022 
4 1 0 2 5 3 
5243220 7203214 7203214 7203214 
4 1 3 0 2 5 
5249866 7196568 7196568 7196568 
5 3 4 1 2 0 
5258638 7187796 7187796 7187796 
0 2 1 4 5 3 
5267222 7179212 7179212 7179212 
5 1 3 0 2 4 
5281948 7164486 7164486 7164486 
3 2 4 1 5 0 
5308298 7138136 7138136 7138136 
4 2 5 1 3 0 
5314592 7131842 7131842 7131842 
0 5 1 4 2 3 
5339830 7106604 7106604 7106604 
5 3 2 0 1 4 
5350344 7096090 7096090 7096090 
5 4 2 0 3 1 
5352822 7093612 7093612 7093612 
4 2 3 1 5 0 
5362992 7083442 7083442 7083442 
0 2 3 4 1 5 
5388862 7057572 7057572 7057572 
5 3 2 0 4 1 
5393918 7052516 7052516 7052516 
0 2 3 5 1 4 
5396736 7049698 7049698 7049698 
4 3 2 0 5 1 
5409580 7036854 7036854 7036854 
2 1 5 0 3 4 
5410932 7035502 7035502 7035502 
2 3 5 0 1 4 
5419656 7026778 7026778 7026778 
1 3 5 0 2 4 
5422548 7023886 7023886 7023886 
3 1 0 2 5 4 
5437914 7008520 7008520 7008520 
0 3 4 1 2 5 
5439940 7006494 7006494 7006494 
4 1 5 0 3 2 
5441306 7005128 7005128 7005128 
3 0 1 4 5 2 
5445796 7000638 7000638 7000638 
2 0 1 4 5 3 
5456548 6989886 6989886 6989886 
2 3 1 4 0 5 
5458362 6988072 6988072 6988072 
1 4 2 0 3 5 
5461784 6984650 6984650 6984650 
1 4 0 5 2 3 
5469744 6976690 6976690 6976690 
5 3 1 4 0 2 
5470458 6975976 6975976 6975976 
0 2 4 1 5 3 
5475632 6970802 6970802 6970802 
3 5 4 1 2 0 
5479642 6966792 6966792 6966792 
2 4 5 0 3 1 
5486626 6959808 6959808 6959808 
3 0 4 1 2 5 
5487242 6959192 6959192 6959192 
0 2 5 1 3 4 
5490192 6956242 6956242 6956242 
1 5 3 4 2 0 
5508368 6938066 6938066 6938066 
4 1 5 2 0 3 
5512632 6933802 6933802 6933802 
4 3 0 5 2 1 
5513120 6933314 6933314 6933314 
1 5 2 4 3 0 
5513616 6932818 6932818 6932818 
0 5 4 1 3 2 
5521518 6924916 6924916 6924916 
1 4 2 0 5 3 
5529126 6917308 6917308 6917308 
1 3 2 0 5 4 
5531038 6915396 6915396 6915396 
3 4 2 0 5 1 
5531538 6914896 6914896 6914896 
4 1 5 2 3 0 
5536820 6909614 6909614 6909614 
3 0 1 4 2 5 
5547870 6898564 6898564 6898564 
0 1 5 2 3 4 
5548270 6898164 6898164 6898164 
3 2 4 1 0 5 
5554946 6891488 6891488 6891488 
2 4 0 5 3 1 
5561878 6884556 6884556 6884556 
1 3 2 4 0 5 
5563728 6882706 6882706 6882706 
0 2 1 5 3 4 
5569560 6876874 6876874 6876874 
2 5 4 1 3 0 
5572284 6874150 6874150 6874150 
5 2 3 4 1 0 
5574246 6872188 6872188 6872188 
5 0 4 1 2 3 
5574410 6872024 6872024 6872024 
3 5 1 4 0 2 
5579148 6867286 6867286 6867286 
1 3 2 4 5 0 
5582044 6864390 6864390 6864390 
0 2 4 3 1 5 
5585114 6861320 6861320 6861320 
4 3 5 0 2 1 
5585630 6860804 6860804 6860804 
2 0 3 4 1 5 
5591498 6854936 6854936 6854936 
1 4 0 5 3 2 
5605618 6840816 6840816 6840816 
1 3 0 4 2 5 
5611646 6834788 6834788 6834788 
0 5 2 4 3 1 
5615604 6830830 6830830 6830830 
4 1 2 5 0 3 
5620658 6825776 6825776 6825776 
0 4 2 5 3 1 
5636956 6809478 6809478 6809478 
5 3 0 2 1 4 
5641528 6804906 6804906 6804906 
4 1 3 5 2 0 
5647514 6798920 6798920 6798920 
4 2 3 1 0 5 
5649768 6796666 6796666 6796666 
4 3 0 2 5 1 
5656510 6789924 6789924 6789924 
5 2 3 0 1 4 
5662872 6783562 6783562 6783562 
1 4 2 5 3 0 
5666154 6780280 6780280 6780280 
5 2 4 1 0 3 
5669750 6776684 6776684 6776684 
5 0 1 4 2 3 
5671854 6774580 6774580 6774580 
3 1 5 2 0 4 
5680266 6766168 6766168 6766168 
1 4 5 0 3 2 
5692606 6753828 6753828 6753828 
4 3 2 0 1 5 
5694176 6752258 6752258 6752258 
3 1 2 5 0 4 
5696876 6749558 6749558 6749558 
0 3 5 2 1 4 
5707794 6738640 6738640 6738640 
3 2 1 4 0 5 
5709750 6736684 6736684 6736684 
2 5 1 4 0 3 
5718672 6727762 6727762 6727762 
3 2 5 0 1 4 
5722398 6724036 6724036 6724036 
1 4 5 0 2 3 
5727114 6719320 6719320 6719320 
3 4 0 5 2 1 
5730478 6715956 6715956 6715956 
4 3 5 1 2 0 
5733880 6712554 6712554 6712554 
1 3 5 4 2 0 
5734188 6712246 6712246 6712246 
0 5 4 1 2 3 
5748112 6698322 6698322 6698322 
5 2 4 3 1 0 
5749906 6696528 6696528 6696528 
0 1 2 5 3 4 
5752360 6694074 6694074 6694074 
0 2 3 1 5 4 
5766962 6679472 6679472 6679472 
1 4 2 5 0 3 
5774580 6671854 6671854 6671854 
0 2 5 3 1 4 
5776678 6669756 6669756 6669756 
0 3 2 5 4 1 
5777580 6668854 6668854 6668854 
1 3 2 5 0 4 
5777812 6668622 6668622 6668622 
4 1 2 5 3 0 
5778662 6667772 6667772 6667772 
0 3 2 5 1 4 
5796396 6650038 6650038 6650038 
2 3 0 5 1 4 
5799442 6646992 6646992 6646992 
0 1 3 5 2 4 
5799972 6646462 6646462 6646462 
3 2 0 5 1 4 
5800402 6646032 6646032 6646032 
4 2 1 5 3 0 
5813912 6632522 6632522 6632522 
4 1 0 3 2 5 
5817276 6629158 6629158 6629158 
5 2 3 1 4 0 
5817846 6628588 6628588 6628588 
4 1 3 2 0 5 
5838332 6608102 6608102 6608102 
4 0 3 1 2 5 
5859004 6587430 6587430 6587430 
1 3 2 0 4 5 
5859208 6587226 6587226 6587226 
4 1 0 5 3 2 
5860044 6586390 6586390 6586390 
5 2 1 4 0 3 
5861370 6585064 6585064 6585064 
1 0 2 4 3 5 
5867576 6578858 6578858 6578858 
5 0 3 4 1 2 
5869140 6577294 6577294 6577294 
2 5 3 4 1 0 
5870624 6575810 6575810 6575810 
2 1 0 5 3 4 
5877406 6569028 6569028 6569028 
1 3 0 2 5 4 
5879992 6566442 6566442 6566442 
2 3 5 0 4 1 
5885182 6561252 6561252 6561252 
3 1 4 0 2 5 
5890064 6556370 6556370 6556370 
4 5 3 1 2 0 
5891796 6554638 6554638 6554638 
5 3 4 1 0 2 
5892854 6553580 6553580 6553580 
3 4 5 0 2 1 
5893936 6552498 6552498 6552498 
5 1 2 0 4 3 
5896332 6550102 6550102 6550102 
0 2 3 1 4 5 
5897436 6548998 6548998 6548998 
4 3 0 2 1 5 
5899872 6546562 6546562 6546562 
1 4 3 5 2 0 
5901342 6545092 6545092 6545092 
4 2 5 0 1 3 
5902702 6543732 6543732 6543732 
4 2 0 1 3 5 
5908116 6538318 6538318 6538318 
5 1 4 0 2 3 
5918406 6528028 6528028 6528028 
4 3 2 5 0 1 
5921328 6525106 6525106 6525106 
4 5 2 0 3 1 
5922976 6523458 6523458 6523458 
3 0 4 1 5 2 
5925100 6521334 6521334 6521334 
5 0 2 4 3 1 
5938978 6507456 6507456 6507456 
0 2 4 5 1 3 
5939262 6507172 6507172 6507172 
5 3 0 2 4 1 
5939508 6506926 6506926 6506926 
0 3 2 4 5 1 
5942164 6504270 6504270 6504270 
0 3 4 2 1 5 
5951966 6494468 6494468 6494468 
4 2 0 5 3 1 
5961800 6484634 6484634 6484634 
0 5 3 4 1 2 
5962882 6483552 6483552 6483552 
5 4 0 2 3 1 
5963788 6482646 6482646 6482646 
4 2 3 5 1 0 
5964578 6481856 6481856 6481856 
4 1 5 3 2 0 
5966568 6479866 6479866 6479866 
4 3 5 0 1 2 
5972762 6473672 6473672 6473672 
5 2 3 1 0 4 
5974148 6472286 6472286 6472286 
1 5 2 0 3 4 
5975050 6471384 6471384 6471384 
0 2 1 3 4 5 
5977082 6469352 6469352 6469352 
2 3 0 5 4 1 
5979442 6466992 6466992 6466992 
5 2 1 3 4 0 
5991404 6455030 6455030 6455030 
3 4 2 5 0 1 
5994314 6452120 6452120 6452120 
1 5 3 4 0 2 
5999268 6447166 6447166 6447166 
4 2 0 5 1 3 
6001298 6445136 6445136 6445136 
5 1 0 3 2 4 
6002550 6443884 6443884 6443884 
1 5 0 4 3 2 
6003272 6443162 6443162 6443162 
4 3 1 5 2 0 
6004816 6441618 6441618 6441618 
0 3 1 5 2 4 
6016832 6429602 6429602 6429602 
4 1 3 2 5 0 
6019556 6426878 6426878 6426878 
4 0 5 1 3 2 
6021156 6425278 6425278 6425278 
5 0 3 1 2 4 
6022272 6424162 6424162 6424162 
1 2 0 5 3 4 
6022902 6423532 6423532 6423532 
0 5 3 4 2 1 
6025276 6421158 6421158 6421158 
4 1 3 0 5 2 
6025280 6421154 6421154 6421154 
1 2 3 4 5 0 
6026116 6420318 6420318 6420318 
5 2 0 1 3 4 
6031186 6415248 6415248 6415248 
1 3 0 4 5 2 
6041996 6404438 6404438 6404438 
0 3 1 5 4 2 
6044908 6401526 6401526 6401526 
4 2 3 0 1 5 
6045330 6401104 6401104 6401104 
2 5 0 4 3 1 
6054002 6392432 6392432 6392432 
0 3 4 1 5 2 
6061838 6384596 6384596 6384596 
1 5 0 4 2 3 
6062698 6383736 6383736 6383736 
1 5 2 4 0 3 
6063942 6382492 6382492 6382492 
5 1 3 2 0 4 
6068242 6378192 6378192 6378192 
4 2 1 3 5 0 
6068470 6377964 6377964 6377964 
5 3 2 4 0 1 
6070250 6376184 6376184 6376184 
0 2 1 5 4 3 
6077058 6369376 6369376 6369376 
3 1 2 0 4 5 
6077090 6369344 6369344 6369344 
2 3 4 1 5 0 
6084968 6361466 6361466 6361466 
3 5 2 0 4 1 
6086030 6360404 6360404 6360404 
2 4 1 5 3 0 
6087558 6358876 6358876 6358876 
1 4 0 2 3 5 
6089286 6357148 6357148 6357148 
3 4 0 2 5 1 
6091274 6355160 6355160 6355160 
1 0 3 4 2 5 
6091402 6355032 6355032 6355032 
2 3 4 0 1 5 
6095104 6351330 6351330 6351330 
2 0 3 5 1 4 
6095860 6350574 6350574 6350574 
2 3 4 1 0 5 
6097286 6349148 6349148 6349148 
4 2 5 0 3 1 
6097382 6349052 6349052 6349052 
2 0 4 3 1 5 
6100556 6345878 6345878 6345878 
0 1 4 2 3 5 
6100858 6345576 6345576 6345576 
5 2 4 0 1 3 
6101514 6344920 6344920 6344920 
0 4 1 5 3 2 
6102100 6344334 6344334 6344334 
4 2 5 1 0 3 
6111204 6335230 6335230 6335230 
2 0 4 1 5 3 
6115564 6330870 6330870 6330870 
5 1 4 2 3 0 
6118008 6328426 6328426 6328426 
4 0 3 1 5 2 
6118718 6327716 6327716 6327716 
5 0 3 1 4 2 
6119280 6327154 6327154 6327154 
1 4 0 2 5 3 
6120062 6326372 6326372 6326372 
5 2 0 3 1 4 
6120818 6325616 6325616 6325616 
0 2 5 4 1 3 
6122952 6323482 6323482 6323482 
1 3 2 5 4 0 
6124298 6322136 6322136 6322136 
0 5 1 3 4 2 
6137516 6308918 6308918 6308918 
5 3 0 4 2 1 
6139898 6306536 6306536 6306536 
1 4 3 5 0 2 
6145642 6300792 6300792 6300792 
5 3 4 2 1 0 
6146104 6300330 6300330 6300330 
1 3 5 4 0 2 
6146222 6300212 6300212 6300212 
2 4 3 0 5 1 
6156272 6290162 6290162 6290162 
4 5 0 2 3 1 
6156370 6290064 6290064 6290064 
4 3 5 2 1 0 
6160276 6286158 6286158 6286158 
2 3 1 5 4 0 
6163842 6282592 6282592 6282592 
3 5 4 1 0 2 
6164148 6282286 6282286 6282286 
0 3 5 1 2 4 
6165848 6280586 6280586 6280586 
1 4 3 0 2 5 
6168698 6277736 6277736 6277736 
3 5 2 0 1 4 
6168716 6277718 6277718 6277718 
4 2 5 3 1 0 
6170736 6275698 6275698 6275698 
0 4 5 2 3 1 
6172670 6273764 6273764 6273764 
1 3 4 5 2 0 
6173114 6273320 6273320 6273320 
2 5 3 0 1 4 
6178502 6267932 6267932 6267932 
0 2 5 4 3 1 
6183502 6262932 6262932 6262932 
1 2 5 4 3 0 
6183508 6262926 6262926 6262926 
5 0 1 3 4 2 
6186238 6260196 6260196 6260196 
4 3 0 1 2 5 
6188996 6257438 6257438 6257438 
2 0 5 1 3 4 
6198750 6247684 6247684 6247684 
1 2 0 4 3 5 
6199374 6247060 6247060 6247060 
4 3 5 1 0 2 
6201504 6244930 6244930 6244930 
1 4 3 0 5 2 
6201532 6244902 6244902 6244902 
2 1 3 0 5 4 
6204006 6242428 6242428 6242428 
2 0 1 5 3 4 
6205084 6241350 6241350 6241350 
0 2 3 4 5 1 
6206100 6240334 6240334 6240334 
1 3 0 5 4 2 
6207226 6239208 6239208 6239208 
0 5 3 1 2 4 
6224618 6221816 6221816 6221816 
0 2 1 3 5 4 
6226272 6220162 6220162 6220162 
0 5 2 4 1 3 
6227932 6218502 6218502 6218502 
4 1 2 3 0 5 
6228846 6217588 6217588 6217588 
0 3 5 2 4 1 
6228910 6217524 6217524 6217524 
5 0 2 4 1 3 
6229236 6217198 6217198 6217198 
1 0 3 4 5 2 
6233136 6213298 6213298 6213298 
1 3 4 0 2 5 
6237586 6208848 6208848 6208848 
4 3 5 2 0 1 
6240768 6205666 6205666 6205666 
4 1 3 5 0 2 
6241704 6204730 6204730 6204730 
2 4 5 0 1 3 
6243176 6203258 6203258 6203258 
2 5 1 3 4 0 
6250152 6196282 6196282 6196282 
0 1 3 2 5 4 
6259376 6187058 6187058 6187058 
5 2 0 4 3 1 
6261342 6185092 6185092 6185092 
3 0 2 4 1 5 
6265972 6180462 6180462 6180462 
0 5 4 2 1 3 
6267978 6178456 6178456 6178456 
1 2 5 0 3 4 
6272988 6173446 6173446 6173446 
1 3 5 0 4 2 
6275206 6171228 6171228 6171228 
2 0 1 3 4 5 
6284552 6161882 6161882 6161882 
4 3 2 5 1 0 
6286630 6159804 6159804 6159804 
5 0 4 3 1 2 
6286782 6159652 6159652 6159652 
0 4 3 5 2 1 
6287064 6159370 6159370 6159370 
0 1 5 3 2 4 
6292810 6153624 6153624 6153624 
2 0 5 4 3 1 
6299536 6146898 6146898 6146898 
3 2 4 0 1 5 
6303668 6142766 6142766 6142766 
5 3 4 0 1 2 
6304378 6142056 6142056 6142056 
4 3 0 5 1 2 
6304812 6141622 6141622 6141622 
3 2 4 5 1 0 
6306208 6140226 6140226 6140226 
1 5 0 2 3 4 
6310468 6135966 6135966 6135966 
1 3 5 2 0 4 
6313780 6132654 6132654 6132654 
0 5 3 2 1 4 
6313796 6132638 6132638 6132638 
5 1 3 4 2 0 
6320322 6126112 6126112 6126112 
3 2 5 1 0 4 
6320780 6125654 6125654 6125654 
2 3 0 4 5 1 
6323222 6123212 6123212 6123212 
0 3 5 4 2 1 
6329238 6117196 6117196 6117196 
3 1 4 2 0 5 
6330072 6116362 6116362 6116362 
5 1 0 2 4 3 
6335322 6111112 6111112 6111112 
3 2 5 4 1 0 
6336706 6109728 6109728 6109728 
1 0 5 4 3 2 
6341366 6105068 6105068 6105068 
3 2 1 5 4 0 
6341914 6104520 6104520 6104520 
2 0 3 1 4 5 
6342706 6103728 6103728 6103728 
0 2 3 5 4 1 
6344448 6101986 6101986 6101986 
5 3 4 0 2 1 
6345886 6100548 6100548 6100548 
2 0 5 4 1 3 
6345986 6100448 6100448 6100448 
0 5 4 2 3 1 
6347292 6099142 6099142 6099142 
3 5 2 4 0 1 
6349068 6097366 6097366 6097366 
4 2 0 3 1 5 
6350084 6096350 6096350 6096350 
4 0 5 1 2 3 
6350144 6096290 6096290 6096290 
3 1 0 4 2 5 
6351366 6095068 6095068 6095068 
2 0 3 4 5 1 
6352026 6094408 6094408 6094408 
5 4 2 0 1 3 
6353180 6093254 6093254 6093254 
5 2 1 0 3 4 
6360640 6085794 6085794 6085794 
3 1 2 4 0 5 
6367048 6079386 6079386 6079386 
5 1 4 0 3 2 
6368282 6078152 6078152 6078152 
1 5 2 0 4 3 
6370562 6075872 6075872 6075872 
3 1 4 5 2 0 
6371004 6075430 6075430 6075430 
1 2 3 4 0 5 
6375282 6071152 6071152 6071152 
0 2 4 5 3 1 
6379476 6066958 6066958 6066958 
1 4 5 2 3 0 
6380644 6065790 6065790 6065790 
1 4 5 3 2 0 
6383000 6063434 6063434 6063434 
5 2 0 4 1 3 
6383800 6062634 6062634 6062634 
5 4 3 0 2 1 
6384866 6061568 6061568 6061568 
3 5 0 4 2 1 
6388824 6057610 6057610 6057610 
5 1 4 2 0 3 
6392348 6054086 6054086 6054086 
1 4 0 3 2 5 
6392986 6053448 6053448 6053448 
2 1 4 0 3 5 
6394796 6051638 6051638 6051638 
3 5 0 2 1 4 
6395134 6051300 6051300 6051300 
4 5 2 0 1 3 
6401174 6045260 6045260 6045260 
5 1 4 3 2 0 
6405838 6040596 6040596 6040596 
2 0 5 3 1 4 
6411036 6035398 6035398 6035398 
3 5 2 4 1 0 
6411070 6035364 6035364 6035364 
3 2 0 4 1 5 
6412170 6034264 6034264 6034264 
4 2 0 1 5 3 
6417952 6028482 6028482 6028482 
1 3 0 2 4 5 
6421334 6025100 6025100 6025100 
2 5 3 4 0 1 
6423918 6022516 6022516 6022516 
3 0 5 1 2 4 
6426244 6020190 6020190 6020190 
1 5 4 3 2 0 
6428952 6017482 6017482 6017482 
4 3 1 5 0 2 
6431206 6015228 6015228 6015228 
1 0 2 4 5 3 
6436218 6010216 6010216 6010216 
4 5 3 1 0 2 
6438286 6008148 6008148 6008148 
5 3 0 1 2 4 
6439662 6006772 6006772 6006772 
0 1 3 4 2 5 
6440698 6005736 6005736 6005736 
2 5 3 0 4 1 
6446024 6000410 6000410 6000410 
2 5 4 3 1 0 
6450038 5996396 5996396 5996396 
0 3 2 4 1 5 
6455580 5990854 5990854 5990854 
3 4 1 5 2 0 
6456534 5989900 5989900 5989900 
0 3 4 5 2 1 
6462716 5983718 5983718 5983718 
4 0 1 5 3 2 
6463978 5982456 5982456 5982456 
3 4 2 0 1 5 
6464554 5981880 5981880 5981880 
0 2 5 1 4 3 
6469158 5977276 5977276 5977276 
2 0 1 5 4 3 
6469692 5976742 5976742 5976742 
0 5 4 3 1 2 
6471472 5974962 5974962 5974962 
2 4 3 5 0 1 
6475822 5970612 5970612 5970612 
5 3 1 0 2 4 
6477660 5968774 5968774 5968774 
5 3 1 0 4 2 
6479726 5966708 5966708 5966708 
5 0 4 2 1 3 
6480116 5966318 5966318 5966318 
4 5 1 3 2 0 
6481786 5964648 5964648 5964648 
2 5 4 1 0 3 
6483384 5963050 5963050 5963050 
0 5 3 1 4 2 
6485336 5961098 5961098 5961098 
5 0 3 4 2 1 
6487934 5958500 5958500 5958500 
2 5 4 0 1 3 
6489982 5956452 5956452 5956452 
2 3 4 5 1 0 
6494472 5951962 5951962 5951962 
3 0 2 5 1 4 
6496480 5949954 5949954 5949954 
5 0 3 2 1 4 
6497290 5949144 5949144 5949144 
3 1 0 2 4 5 
6501416 5945018 5945018 5945018 
3 2 5 1 4 0 
6503134 5943300 5943300 5943300 
2 0 3 1 5 4 
6505412 5941022 5941022 5941022 
0 3 4 5 1 2 
6509608 5936826 5936826 5936826 
4 1 5 3 0 2 
6524192 5922242 5922242 5922242 
5 1 2 3 0 4 
6526460 5919974 5919974 5919974 
0 3 4 2 5 1 
6526972 5919462 5919462 5919462 
4 0 2 5 3 1 
6530484 5915950 5915950 5915950 
2 1 3 5 0 4 
6530896 5915538 5915538 5915538 
4 3 1 0 2 5 
6532442 5913992 5913992 5913992 
1 0 2 5 3 4 
6533380 5913054 5913054 5913054 
2 4 1 0 3 5 
6539428 5907006 5907006 5907006 
2 0 4 5 1 3 
6539868 5906566 5906566 5906566 
0 1 4 5 2 3 
6540314 5906120 5906120 5906120 
4 2 1 0 3 5 
6543018 5903416 5903416 5903416 
3 0 2 4 5 1 
6544356 5902078 5902078 5902078 
0 1 4 3 2 5 
6546806 5899628 5899628 5899628 
3 1 4 2 5 0 
6551424 5895010 5895010 5895010 
2 5 4 0 3 1 
6552296 5894138 5894138 5894138 
2 4 0 5 1 3 
6552606 5893828 5893828 5893828 
5 1 0 4 2 3 
6553492 5892942 5892942 5892942 
2 3 1 0 4 5 
6554992 5891442 5891442 5891442 
1 4 2 3 5 0 
6555500 5890934 5890934 5890934 
4 5 0 2 1 3 
6556768 5889666 5889666 5889666 
1 4 0 3 5 2 
6559636 5886798 5886798 5886798 
2 3 1 5 0 4 
6562156 5884278 5884278 5884278 
3 5 0 2 4 1 
6566854 5879580 5879580 5879580 
0 5 1 3 2 4 
6568440 5877994 5877994 5877994 
4 1 2 3 5 0 
6580452 5865982 5865982 5865982 
0 4 1 5 2 3 
6581522 5864912 5864912 5864912 
5 1 2 4 0 3 
6588444 5857990 5857990 5857990 
4 2 1 3 0 5 
6589424 5857010 5857010 5857010 
1 4 5 3 0 2 
6590734 5855700 5855700 5855700 
5 2 4 0 3 1 
6592898 5853536 5853536 5853536 
0 1 4 2 5 3 
6596550 5849884 5849884 5849884 
1 4 2 3 0 5 
6596584 5849850 5849850 5849850 
3 2 0 5 4 1 
6596722 5849712 5849712 5849712 
5 3 2 4 1 0 
6601982 5844452 5844452 5844452 
3 1 5 4 2 0 
6604542 5841892 5841892 5841892 
2 5 0 4 1 3 
6605530 5840904 5840904 5840904 
2 4 3 0 1 5 
6607144 5839290 5839290 5839290 
1 5 0 3 2 4 
6609828 5836606 5836606 5836606 
3 0 1 5 4 2 
6615614 5830820 5830820 5830820 
3 4 5 0 1 2 
6615978 5830456 5830456 5830456 
2 5 1 0 3 4 
6621234 5825200 5825200 5825200 
1 4 5 2 0 3 
6622886 5823548 5823548 5823548 
2 5 3 1 4 0 
6629172 5817262 5817262 5817262 
2 1 5 0 4 3 
6633008 5813426 5813426 5813426 
4 3 1 0 5 2 
6634978 5811456 5811456 5811456 
5 4 1 0 3 2 
6636446 5809988 5809988 5809988 
0 5 3 2 4 1 
6636908 5809526 5809526 5809526 
4 0 2 1 3 5 
6639722 5806712 5806712 5806712 
3 4 1 5 0 2 
6640034 5806400 5806400 5806400 
2 3 5 4 0 1 
6640648 5805786 5805786 5805786 
3 0 5 2 1 4 
6644894 5801540 5801540 5801540 
1 3 4 2 5 0 
6651076 5795358 5795358 5795358 
3 2 0 1 5 4 
6654588 5791846 5791846 5791846 
2 3 1 0 5 4 
6655462 5790972 5790972 5790972 
0 5 2 3 4 1 
6657324 5789110 5789110 5789110 
3 5 4 2 1 0 
6657972 5788462 5788462 5788462 
3 0 5 4 1 2 
6660364 5786070 5786070 5786070 
2 3 4 0 5 1 
6661100 5785334 5785334 5785334 
5 0 2 3 1 4 
6664052 5782382 5782382 5782382 
3 1 5 0 4 2 
6667122 5779312 5779312 5779312 
5 2 3 0 4 1 
6672974 5773460 5773460 5773460 
3 0 4 2 1 5 
6675972 5770462 5770462 5770462 
1 2 4 5 3 0 
6684930 5761504 5761504 5761504 
0 4 2 5 1 3 
6688484 5757950 5757950 5757950 
1 2 0 4 5 3 
6689150 5757284 5757284 5757284 
2 0 3 5 4 1 
6693682 5752752 5752752 5752752 
3 1 2 4 5 0 
6707434 5739000 5739000 5739000 
4 3 2 1 0 5 
6711366 5735068 5735068 5735068 
5 0 2 1 3 4 
6714020 5732414 5732414 5732414 
3 4 5 2 0 1 
6717508 5728926 5728926 5728926 
4 0 1 3 5 2 
6717596 5728838 5728838 5728838 
4 0 3 5 1 2 
6719244 5727190 5727190 5727190 
2 4 1 3 5 0 
6720536 5725898 5725898 5725898 
4 1 0 3 5 2 
6726506 5719928 5719928 5719928 
1 5 4 2 3 0 
6729528 5716906 5716906 5716906 
4 3 0 1 5 2 
6737326 5709108 5709108 5709108 
4 0 2 5 1 3 
6737782 5708652 5708652 5708652 
5 2 3 4 0 1 
6740650 5705784 5705784 5705784 
3 0 2 5 4 1 
6744094 5702340 5702340 5702340 
2 4 1 5 0 3 
6750480 5695954 5695954 5695954 
1 3 4 2 0 5 
6751794 5694640 5694640 5694640 
1 3 5 2 4 0 
6754404 5692030 5692030 5692030 
0 4 3 2 5 1 
6760348 5686086 5686086 5686086 
5 2 1 3 0 4 
6761548 5684886 5684886 5684886 
1 3 4 0 5 2 
6762074 5684360 5684360 5684360 
1 0 5 4 2 3 
6768274 5678160 5678160 5678160 
2 3 5 1 0 4 
6768942 5677492 5677492 5677492 
0 4 1 3 5 2 
6769012 5677422 5677422 5677422 
4 0 1 3 2 5 
6769860 5676574 5676574 5676574 
5 1 3 0 4 2 
6775756 5670678 5670678 5670678 
0 5 4 3 2 1 
6777380 5669054 5669054 5669054 
3 2 0 4 5 1 
6779488 5666946 5666946 5666946 
5 0 1 3 2 4 
6780872 5665562 5665562 5665562 
0 5 2 3 1 4 
6782340 5664094 5664094 5664094 
0 1 2 5 4 3 
6785072 5661362 5661362 5661362 
1 4 3 2 5 0 
6788332 5658102 5658102 5658102 
4 3 2 1 5 0 
6792072 5654362 5654362 5654362 
4 0 5 2 1 3 
6794780 5651654 5651654 5651654 
1 3 4 5 0 2 
6798320 5648114 5648114 5648114 
2 4 0 3 5 1 
6798920 5647514 5647514 5647514 
2 4 3 5 1 0 
6803628 5642806 5642806 5642806 
3 2 5 0 4 1 
6804244 5642190 5642190 5642190 
2 3 0 4 1 5 
6804414 5642020 5642020 5642020 
0 1 5 2 4 3 
6808936 5637498 5637498 5637498 
0 2 5 3 4 1 
6816194 5630240 5630240 5630240 
4 2 0 3 5 1 
6820422 5626012 5626012 5626012 
5 3 4 2 0 1 
6821828 5624606 5624606 5624606 
4 5 3 0 1 2 
6822388 5624046 5624046 5624046 
2 3 5 4 1 0 
6823996 5622438 5622438 5622438 
2 5 1 0 4 3 
6826442 5619992 5619992 5619992 
2 0 1 3 5 4 
6826922 5619512 5619512 5619512 
5 1 2 4 3 0 
6829918 5616516 5616516 5616516 
3 0 5 1 4 2 
6833332 5613102 5613102 5613102 
4 5 0 1 2 3 
6838052 5608382 5608382 5608382 
5 4 0 3 2 1 
6840034 5606400 5606400 5606400 
4 0 3 2 1 5 
6843032 5603402 5603402 5603402 
0 4 2 3 5 1 
6843260 5603174 5603174 5603174 
3 1 4 0 5 2 
6843622 5602812 5602812 5602812 
2 4 1 0 5 3 
6845106 5601328 5601328 5601328 
3 4 0 5 1 2 
6857080 5589354 5589354 5589354 
1 2 0 5 4 3 
6858720 5587714 5587714 5587714 
0 4 3 5 1 2 
6859170 5587264 5587264 5587264 
0 1 2 4 3 5 
6860504 5585930 5585930 5585930 
1 2 4 3 5 0 
6862316 5584118 5584118 5584118 
4 5 3 2 1 0 
6865424 5581010 5581010 5581010 
5 1 3 4 0 2 
6867932 5578502 5578502 5578502 
5 4 3 0 1 2 
6868572 5577862 5577862 5577862 
1 2 3 5 4 0 
6871302 5575132 5575132 5575132 
4 5 0 3 2 1 
6871602 5574832 5574832 5574832 
2 0 4 5 3 1 
6873082 5573352 5573352 5573352 
2 5 0 3 1 4 
6873464 5572970 5572970 5572970 
0 2 4 3 5 1 
6873820 5572614 5572614 5572614 
5 4 1 3 2 0 
6875104 5571330 5571330 5571330 
4 0 5 3 1 2 
6875300 5571134 5571134 5571134 
4 5 0 1 3 2 
6876546 5569888 5569888 5569888 
5 2 1 0 4 3 
6879358 5567076 5567076 5567076 
3 5 0 4 1 2 
6880926 5565508 5565508 5565508 
5 0 4 2 3 1 
6881500 5564934 5564934 5564934 
1 5 0 2 4 3 
6882586 5563848 5563848 5563848 
1 5 4 0 3 2 
6883766 5562668 5562668 5562668 
5 4 0 2 1 3 
6886346 5560088 5560088 5560088 
3 1 2 5 4 0 
6887592 5558842 5558842 5558842 
3 4 1 0 5 2 
6892778 5553656 5553656 5553656 
2 1 4 0 5 3 
6898478 5547956 5547956 5547956 
4 0 5 2 3 1 
6899460 5546974 5546974 5546974 
4 5 1 0 3 2 
6900630 5545804 5545804 5545804 
3 5 4 0 1 2 
6901410 5545024 5545024 5545024 
4 5 2 1 3 0 
6901588 5544846 5544846 5544846 
3 5 0 1 2 4 
6902404 5544030 5544030 5544030 
0 4 5 3 2 1 
6905690 5540744 5540744 5540744 
1 5 3 0 4 2 
6905824 5540610 5540610 5540610 
1 5 3 0 2 4 
6908946 5537488 5537488 5537488 
0 4 5 2 1 3 
6912220 5534214 5534214 5534214 
2 5 3 1 0 4 
6914944 5531490 5531490 5531490 
3 0 4 5 1 2 
6921950 5524484 5524484 5524484 
2 1 3 0 4 5 
6922400 5524034 5524034 5524034 
0 3 5 4 1 2 
6924620 5521814 5521814 5521814 
0 1 5 4 2 3 
6927044 5519390 5519390 5519390 
2 1 3 4 0 5 
6927214 5519220 5519220 5519220 
0 5 1 2 3 4 
6930928 5515506 5515506 5515506 
5 0 2 3 4 1 
6931726 5514708 5514708 5514708 
2 0 5 1 4 3 
6934826 5511608 5511608 5511608 
4 3 1 2 5 0 
6936654 5509780 5509780 5509780 
5 2 0 3 4 1 
6937198 5509236 5509236 5509236 
3 4 2 5 1 0 
6937416 5509018 5509018 5509018 
1 0 4 3 2 5 
6941630 5504804 5504804 5504804 
4 0 2 3 1 5 
6942090 5504344 5504344 5504344 
1 5 2 3 4 0 
6945216 5501218 5501218 5501218 
2 5 0 3 4 1 
6947264 5499170 5499170 5499170 
4 5 1 3 0 2 
6950476 5495958 5495958 5495958 
0 4 1 3 2 5 
6950746 5495688 5495688 5495688 
1 2 4 0 3 5 
6950882 5495552 5495552 5495552 
0 1 2 3 5 4 
6956304 5490130 5490130 5490130 
5 4 3 1 2 0 
6957578 5488856 5488856 5488856 
0 1 2 4 5 3 
6959416 5487018 5487018 5487018 
3 1 5 2 4 0 
6965120 5481314 5481314 5481314 
1 2 0 3 5 4 
6966720 5479714 5479714 5479714 
5 2 0 1 4 3 
6970024 5476410 5476410 5476410 
2 1 5 3 0 4 
6972504 5473930 5473930 5473930 
0 3 1 2 4 5 
6982142 5464292 5464292 5464292 
3 4 0 2 1 5 
6983056 5463378 5463378 5463378 
1 0 2 5 4 3 
6988292 5458142 5458142 5458142 
1 4 3 2 0 5 
6999798 5446636 5446636 5446636 
3 5 1 0 4 2 
7001710 5444724 5444724 5444724 
3 1 0 5 4 2 
7013920 5432514 5432514 5432514 
5 1 3 2 4 0 
7014440 5431994 5431994 5431994 
3 4 5 1 2 0 
7020666 5425768 5425768 5425768 
5 4 2 3 0 1 
7021902 5424532 5424532 5424532 
1 2 5 4 0 3 
7022450 5423984 5423984 5423984 
0 1 3 2 4 5 
7024350 5422084 5422084 5422084 
5 3 1 2 4 0 
7025810 5420624 5420624 5420624 
0 1 4 5 3 2 
7027420 5419014 5419014 5419014 
0 3 1 2 5 4 
7036032 5410402 5410402 5410402 
3 0 5 4 2 1 
7040822 5405612 5405612 5405612 
2 4 5 3 0 1 
7043218 5403216 5403216 5403216 
2 1 0 5 4 3 
7048134 5398300 5398300 5398300 
5 4 1 3 0 2 
7050614 5395820 5395820 5395820 
5 3 0 4 1 2 
7051440 5394994 5394994 5394994 
0 5 2 1 3 4 
7055650 5390784 5390784 5390784 
2 1 4 5 3 0 
7071084 5375350 5375350 5375350 
2 3 4 5 0 1 
7072786 5373648 5373648 5373648 
5 3 2 1 0 4 
7074372 5372062 5372062 5372062 
2 4 1 3 0 5 
7077780 5368654 5368654 5368654 
2 5 0 1 3 4 
7081374 5365060 5365060 5365060 
3 2 0 1 4 5 
7083590 5362844 5362844 5362844 
1 0 3 5 4 2 
7083802 5362632 5362632 5362632 
4 2 3 0 5 1 
7091388 5355046 5355046 5355046 
4 5 3 0 2 1 
7093032 5353402 5353402 5353402 
1 5 4 3 0 2 
7096458 5349976 5349976 5349976 
1 5 2 3 0 4 
7100030 5346404 5346404 5346404 
2 0 5 3 4 1 
7100662 5345772 5345772 5345772 
3 1 4 5 0 2 
7103210 5343224 5343224 5343224 
3 4 1 0 2 5 
7103752 5342682 5342682 5342682 
2 1 0 3 5 4 
7112088 5334346 5334346 5334346 
1 0 5 3 2 4 
7112520 5333914 5333914 5333914 
1 0 5 2 3 4 
7118884 5327550 5327550 5327550 
1 5 0 3 4 2 
7122520 5323914 5323914 5323914 
3 1 5 4 0 2 
7123576 5322858 5322858 5322858 
0 4 3 1 2 5 
7127132 5319302 5319302 5319302 
3 2 1 0 4 5 
7129892 5316542 5316542 5316542 
5 1 4 3 0 2 
7130054 5316380 5316380 5316380 
2 1 3 4 5 0 
7134448 5311986 5311986 5311986 
1 0 4 5 3 2 
7134872 5311562 5311562 5311562 
5 0 4 3 2 1 
7149090 5297344 5297344 5297344 
2 5 1 3 0 4 
7149766 5296668 5296668 5296668 
5 4 1 0 2 3 
7153098 5293336 5293336 5293336 
1 2 5 3 0 4 
7157856 5288578 5288578 5288578 
4 5 1 2 3 0 
7159066 5287368 5287368 5287368 
1 2 4 3 0 5 
7160134 5286300 5286300 5286300 
1 2 5 0 4 3 
7160154 5286280 5286280 5286280 
4 2 5 3 0 1 
7162028 5284406 5284406 5284406 
0 5 1 2 4 3 
7174726 5271708 5271708 5271708 
5 4 3 2 0 1 
7177700 5268734 5268734 5268734 
4 2 1 5 0 3 
7186244 5260190 5260190 5260190 
0 1 3 4 5 2 
7195542 5250892 5250892 5250892 
4 5 2 3 1 0 
7197936 5248498 5248498 5248498 
0 4 3 2 1 5 
7202210 5244224 5244224 5244224 
1 2 5 3 4 0 
7206080 5240354 5240354 5240354 
3 2 1 5 0 4 
7206748 5239686 5239686 5239686 
3 1 0 4 5 2 
7210786 5235648 5235648 5235648 
5 4 3 1 0 2 
7210888 5235546 5235546 5235546 
5 0 3 2 4 1 
7213092 5233342 5233342 5233342 
3 4 5 2 1 0 
7214816 5231618 5231618 5231618 
1 0 3 5 2 4 
7224624 5221810 5221810 5221810 
4 5 2 3 0 1 
7227734 5218700 5218700 5218700 
4 0 2 1 5 3 
7228424 5218010 5218010 5218010 
3 2 5 4 0 1 
7236198 5210236 5210236 5210236 
2 4 3 1 5 0 
7240100 5206334 5206334 5206334 
1 5 3 2 4 0 
7240544 5205890 5205890 5205890 
2 3 0 1 5 4 
7242034 5204400 5204400 5204400 
3 4 5 1 0 2 
7245400 5201034 5201034 5201034 
1 0 4 2 3 5 
7246586 5199848 5199848 5199848 
1 2 3 5 0 4 
7256424 5190010 5190010 5190010 
0 4 3 1 5 2 
7257376 5189058 5189058 5189058 
4 3 1 2 0 5 
7260508 5185926 5185926 5185926 
5 0 2 1 4 3 
7271952 5174482 5174482 5174482 
0 3 2 1 5 4 
7273650 5172784 5172784 5172784 
1 2 3 0 4 5 
7279418 5167016 5167016 5167016 
2 1 4 3 0 5 
7280752 5165682 5165682 5165682 
0 3 5 1 4 2 
7282346 5164088 5164088 5164088 
1 5 4 0 2 3 
7282400 5164034 5164034 5164034 
3 0 1 5 2 4 
7296948 5149486 5149486 5149486 
4 2 3 5 0 1 
7297412 5149022 5149022 5149022 
1 0 2 3 4 5 
7297856 5148578 5148578 5148578 
5 0 1 2 3 4 
7305858 5140576 5140576 5140576 
0 4 1 2 3 5 
7308894 5137540 5137540 5137540 
4 0 5 3 2 1 
7308968 5137466 5137466 5137466 
4 5 0 3 1 2 
7310494 5135940 5135940 5135940 
1 0 4 3 5 2 
7311318 5135116 5135116 5135116 
1 2 0 3 4 5 
7312762 5133672 5133672 5133672 
1 2 3 0 5 4 
7315374 5131060 5131060 5131060 
2 1 4 5 0 3 
7316184 5130250 5130250 5130250 
0 1 3 5 4 2 
7319790 5126644 5126644 5126644 
4 0 2 3 5 1 
7323494 5122940 5122940 5122940 
2 1 0 4 3 5 
7331338 5115096 5115096 5115096 
2 0 4 3 5 1 
7332552 5113882 5113882 5113882 
5 2 4 3 0 1 
7336430 5110004 5110004 5110004 
5 1 0 4 3 2 
7342576 5103858 5103858 5103858 
3 5 4 0 2 1 
7362358 5084076 5084076 5084076 
2 4 3 1 0 5 
7363166 5083268 5083268 5083268 
1 0 5 3 4 2 
7368478 5077956 5077956 5077956 
0 4 5 1 2 3 
7376534 5069900 5069900 5069900 
5 4 1 2 3 0 
7391370 5055064 5055064 5055064 
3 0 2 1 4 5 
7393884 5052550 5052550 5052550 
4 2 1 0 5 3 
7394396 5052038 5052038 5052038 
2 1 0 4 5 3 
7401674 5044760 5044760 5044760 
5 3 1 2 0 4 
7403554 5042880 5042880 5042880 
2 1 5 4 0 3 
7404254 5042180 5042180 5042180 
5 4 3 2 1 0 
7408096 5038338 5038338 5038338 
4 5 2 1 0 3 
7409584 5036850 5036850 5036850 
4 0 1 5 2 3 
7409920 5036514 5036514 5036514 
1 0 2 3 5 4 
7411586 5034848 5034848 5034848 
2 3 5 1 4 0 
7417816 5028618 5028618 5028618 
2 5 4 3 0 1 
7423452 5022982 5022982 5022982 
3 0 2 1 5 4 
7424654 5021780 5021780 5021780 
3 0 5 2 4 1 
7432440 5013994 5013994 5013994 
4 0 1 2 3 5 
7451520 4994914 4994914 4994914 
2 1 3 5 4 0 
7456524 4989910 4989910 4989910 
4 0 3 5 2 1 
7457888 4988546 4988546 4988546 
3 2 1 0 5 4 
7462552 4983882 4983882 4983882 
3 5 1 2 4 0 
7462630 4983804 4983804 4983804 
3 4 0 1 2 5 
7504426 4942008 4942008 4942008 
0 4 5 1 3 2 
7514066 4932368 4932368 4932368 
2 4 5 1 3 0 
7516060 4930374 4930374 4930374 
0 1 4 3 5 2 
7529604 4916830 4916830 4916830 
2 1 4 3 5 0 
7539334 4907100 4907100 4907100 
2 1 5 4 3 0 
7541152 4905282 4905282 4905282 
0 5 2 1 4 3 
7542962 4903472 4903472 4903472 
3 5 1 0 2 4 
7545344 4901090 4901090 4901090 
3 5 2 1 4 0 
7546322 4900112 4900112 4900112 
3 5 0 1 4 2 
7566226 4880208 4880208 4880208 
3 5 2 1 0 4 
7567006 4879428 4879428 4879428 
0 1 5 4 3 2 
7582976 4863458 4863458 4863458 
2 4 5 1 0 3 
7603262 4843172 4843172 4843172 
3 4 1 2 5 0 
7605778 4840656 4840656 4840656 
0 4 1 2 5 3 
7606582 4839852 4839852 4839852 
5 0 1 2 4 3 
7620276 4826158 4826158 4826158 
5 3 0 1 4 2 
7649184 4797250 4797250 4797250 
4 5 1 0 2 3 
7649472 4796962 4796962 4796962 
5 3 2 1 4 0 
7649678 4796756 4796756 4796756 
4 5 3 2 0 1 
7682558 4763876 4763876 4763876 
5 4 0 1 2 3 
7690740 4755694 4755694 4755694 
2 5 0 1 4 3 
7706702 4739732 4739732 4739732 
2 4 5 3 1 0 
7712566 4733868 4733868 4733868 
3 2 4 0 5 1 
7718174 4728260 4728260 4728260 
1 0 4 5 2 3 
7730606 4715828 4715828 4715828 
1 5 3 2 0 4 
7734566 4711868 4711868 4711868 
3 4 0 1 5 2 
7739246 4707188 4707188 4707188 
0 3 2 1 4 5 
7768250 4678184 4678184 4678184 
0 4 5 3 1 2 
7782772 4663662 4663662 4663662 
1 5 4 2 0 3 
7795668 4650766 4650766 4650766 
1 0 5 2 4 3 
7801750 4644684 4644684 4644684 
3 5 4 2 0 1 
7803426 4643008 4643008 4643008 
5 1 2 3 4 0 
7811866 4634568 4634568 4634568 
2 4 0 3 1 5 
7825512 4620922 4620922 4620922 
1 0 3 2 4 5 
7826638 4619796 4619796 4619796 
4 0 3 2 5 1 
7841390 4605044 4605044 4605044 
3 0 4 5 2 1 
7850898 4595536 4595536 4595536 
3 0 1 2 4 5 
7864512 4581922 4581922 4581922 
1 2 4 0 5 3 
7874004 4572430 4572430 4572430 
3 4 2 1 0 5 
7882424 4564010 4564010 4564010 
0 1 2 3 4 5 
7890104 4556330 4556330 4556330 
3 4 2 1 5 0 
7892510 4553924 4553924 4553924 
0 4 2 3 1 5 
7902076 4544358 4544358 4544358 
2 3 0 1 4 5 
7903226 4543208 4543208 4543208 
1 2 4 5 0 3 
7905870 4540564 4540564 4540564 
5 4 0 1 3 2 
7961424 4485010 4485010 4485010 
3 2 4 5 0 1 
7967362 4479072 4479072 4479072 
3 4 1 2 0 5 
8000252 4446182 4446182 4446182 
2 4 0 1 5 3 
8007318 4439116 4439116 4439116 
5 1 0 3 4 2 
8012172 4434262 4434262 4434262 
5 4 0 3 1 2 
8033276 4413158 4413158 4413158 
5 4 2 3 1 0 
8039634 4406800 4406800 4406800 
3 0 4 2 5 1 
8042778 4403656 4403656 4403656 
2 4 0 1 3 5 
8043182 4403252 4403252 4403252 
5 4 1 2 0 3 
8083532 4362902 4362902 4362902 
5 4 2 1 0 3 
8088008 4358426 4358426 4358426 
5 4 2 1 3 0 
8105382 4341052 4341052 4341052 
1 0 3 2 5 4 
8109194 4337240 4337240 4337240 
0 4 2 1 5 3 
8177858 4268576 4268576 4268576 
0 4 2 1 3 5 
8185146 4261288 4261288 4261288 
0 1 5 3 4 2 
8209408 4237026 4237026 4237026 
1 0 4 2 5 3 
8212008 4234426 4234426 4234426 
2 1 0 3 4 5 
8212480 4233954 4233954 4233954 
2 1 5 3 4 0 
8331478 4114956 4114956 4114956 
4 0 1 2 5 3 
8345198 4101236 4101236 4101236 
4 5 1 2 0 3 
8376598 4069836 4069836 4069836 
3 5 1 2 0 4 
8436364 4010070 4010070 4010070 
3 0 1 2 5 4 
8443772 4002662 4002662 4002662 
