48 4
2 4 1 3 0 
2722744 4570240 1542784 2676232 
2 0 1 3 4 
2796084 4594240 2075232 2290316 
3 4 0 2 1 
2801000 4059812 1793520 3288028 
2 3 1 4 0 
2814088 4540184 1405352 2702632 
2 4 3 1 0 
2869772 5288320 2045000 1511968 
4 3 0 2 1 
2894856 3757060 1787424 3561316 
3 4 2 0 1 
2914700 4644476 1950612 1422004 
0 2 4 3 1 
2921696 3993800 2400844 2878516 
0 2 3 4 1 
2931072 4167112 2558972 2603596 
3 1 0 2 4 
2942168 3938508 1976728 2473796 
2 0 3 1 4 
2947844 5444816 2830064 1369568 
2 3 4 1 0 
2962020 5190392 1929232 1963072 
1 3 2 0 4 
2974492 4002964 2452492 1731344 
4 3 2 0 1 
3016236 4374364 1985508 1711276 
1 3 0 2 4 
3036568 3780028 2454088 3162056 
1 4 2 0 3 
3058708 4022996 2489852 1544232 
1 3 2 4 0 
3113620 3904748 2774420 2268580 
4 1 0 2 3 
3120864 3673260 2041304 2592084 
2 3 1 0 4 
3144300 4248420 1428764 2719676 
3 2 0 4 1 
3152748 4023908 1654168 3087044 
0 2 3 1 4 
3163928 3955748 2353544 2211668 
1 4 2 3 0 
3213484 3712348 2748916 2410324 
4 2 0 3 1 
3223460 3710812 1817504 3300732 
2 4 1 0 3 
3225044 4334916 1767196 2586132 
3 2 0 1 4 
3261456 3915700 1357392 2548500 
1 0 2 4 3 
3279856 3782620 2591548 1561632 
3 0 2 4 1 
3292368 4151120 1754920 1746620 
1 0 2 3 4 
3295504 3570188 2528684 1890488 
0 2 4 1 3 
3307296 3876844 2410672 2360676 
3 1 4 2 0 
3309464 3826496 2307220 2564492 
2 1 3 4 0 
3312428 4554972 1613116 2178400 
4 2 0 1 3 
3333512 3822812 1624584 2457476 
0 3 4 2 1 
3351756 3157400 1724276 3806252 
0 4 3 2 1 
3374996 3277312 2020300 3504276 
4 0 2 3 1 
3407768 3827608 1927712 2008836 
4 1 3 2 0 
3429360 3590056 2354348 2492604 
0 1 3 2 4 
3513868 3199960 2402604 2725468 
0 3 1 4 2 
3532138 3813248 1944152 2790070 
0 1 4 2 3 
3572668 3171152 2420052 2915644 
1 2 4 3 0 
3658112 3107560 1568844 3806872 
4 0 1 3 2 
3663358 3678116 1961780 2830986 
1 2 3 4 0 
3696888 3344072 1758972 3464752 
1 2 0 3 4 
3831292 2980400 1598540 3816368 
1 2 0 4 3 
3832636 3200608 1702396 3511656 
1 2 4 0 3 
3868664 3585392 2191108 3459876 
1 2 3 0 4 
3906096 3601696 2277380 3422468 
0 3 1 2 4 
4003872 2865804 2120384 4279808 
0 4 1 2 3 
4085912 2956908 2433856 4168008 
