46 2
0 2 5 4 1 3 
4188388 8168348 
5 2 0 4 1 3 
4347732 7993138 
4 3 1 5 0 2 
4452986 7935420 
4 1 5 0 2 3 
4537224 7722748 
4 1 3 5 0 2 
4545546 7669456 
4 3 2 0 5 1 
4553460 7549956 
0 2 3 4 1 5 
4588958 7426810 
4 2 0 5 1 3 
4603004 7359004 
4 3 5 1 0 2 
4669628 7250892 
4 2 5 0 1 3 
4727422 7084566 
4 2 5 0 3 1 
4727568 7058510 
0 3 1 4 2 5 
4778110 6923160 
0 2 3 5 1 4 
4861256 6900288 
5 3 4 1 0 2 
4974220 6852634 
5 1 3 4 0 2 
5010998 6839366 
0 2 1 4 3 5 
5050902 6753144 
5 1 3 4 2 0 
5175338 6466824 
5 2 3 0 1 4 
5183694 6461728 
0 1 3 4 2 5 
5251458 6388212 
5 3 4 1 2 0 
5440078 6368476 
0 2 1 5 3 4 
5523280 6221742 
5 0 3 2 4 1 
5686580 6203166 
3 1 5 4 2 0 
5687656 6199150 
0 1 2 4 3 5 
5710962 6080294 
5 1 2 4 3 0 
5819678 5932898 
2 1 3 4 0 5 
5863418 5927276 
3 1 2 4 0 5 
5910010 5904518 
4 5 3 1 2 0 
6002066 5878358 
0 4 3 1 5 2 
6014000 5801128 
5 4 3 1 0 2 
6124380 5650652 
3 0 2 5 1 4 
6270724 5594296 
1 5 2 0 3 4 
6286108 5585250 
3 5 2 0 1 4 
6322090 5478196 
5 0 3 2 1 4 
6434770 5453742 
1 0 2 5 3 4 
6539956 5422624 
3 4 5 1 0 2 
6618516 5376760 
0 5 1 3 2 4 
6641432 5370840 
5 4 3 1 2 0 
6655614 5067522 
2 4 3 1 5 0 
6825616 5059864 
3 0 1 5 2 4 
7018214 5026330 
2 4 3 1 0 5 
7051752 4934270 
2 4 5 1 3 0 
7131442 4926950 
3 4 5 1 2 0 
7158492 4763268 
3 0 1 2 5 4 
7680354 4716160 
3 4 0 2 1 5 
7749388 4668384 
3 4 5 2 1 0 
8183328 4447022 
