20 2
1 2 5 0 4 3 6 
8430550 8940888 
3 6 5 0 4 1 2 
8593618 8500830 
1 3 2 0 4 5 6 
8809786 8381896 
3 1 2 0 4 5 6 
8918924 8092080 
5 1 2 0 4 3 6 
9051404 7959656 
2 1 5 0 4 3 6 
9167246 7871298 
6 1 5 0 4 3 2 
9390832 7867822 
1 3 6 4 2 5 0 
9575226 7850170 
6 3 5 0 4 1 2 
9604494 7840578 
1 5 4 6 2 3 0 
9634718 7679868 
1 2 4 6 5 3 0 
9949596 7644772 
4 5 1 6 2 3 0 
10111454 7538310 
3 1 5 2 4 6 0 
10116510 7520206 
3 6 5 2 4 1 0 
10215868 7381336 
1 5 6 4 2 3 0 
10283712 7174890 
4 2 1 6 3 5 0 
10936944 7158786 
4 5 1 6 3 2 0 
10981842 7071858 
4 5 2 6 1 3 0 
11341318 7061718 
4 2 6 1 3 5 0 
11448836 6983074 
4 5 6 1 3 2 0 
11772302 6740114 
