120 4
4 0 2 1 3 
2021676 5229568 5229568 5229568 
3 0 2 1 4 
2181836 5069408 5069408 5069408 
0 4 2 1 3 
2268936 4982308 4982308 4982308 
1 0 2 4 3 
2294428 4956816 4956816 4956816 
4 1 3 0 2 
2384212 4867032 4867032 4867032 
3 4 2 1 0 
2430760 4820484 4820484 4820484 
0 3 2 1 4 
2484368 4766876 4766876 4766876 
4 3 2 1 0 
2486032 4765212 4765212 4765212 
1 0 2 3 4 
2491660 4759584 4759584 4759584 
1 4 3 0 2 
2582816 4668428 4668428 4668428 
1 4 2 0 3 
2604648 4646596 4646596 4646596 
0 1 3 4 2 
2703044 4548200 4548200 4548200 
3 1 4 0 2 
2705476 4545768 4545768 4545768 
1 3 2 0 4 
2727680 4523564 4523564 4523564 
3 0 2 4 1 
2747444 4503800 4503800 4503800 
4 0 2 3 1 
2784516 4466728 4466728 4466728 
0 1 2 4 3 
2808120 4443124 4443124 4443124 
1 3 2 4 0 
2834552 4416692 4416692 4416692 
1 3 4 0 2 
2864160 4387084 4387084 4387084 
3 4 2 0 1 
2869112 4382132 4382132 4382132 
4 1 2 0 3 
2871080 4380164 4380164 4380164 
1 4 2 3 0 
2908752 4342492 4342492 4342492 
3 1 2 0 4 
2927640 4323604 4323604 4323604 
4 3 2 0 1 
2935584 4315660 4315660 4315660 
0 1 2 3 4 
2994152 4257092 4257092 4257092 
0 4 2 3 1 
3011392 4239852 4239852 4239852 
0 3 2 4 1 
3040792 4210452 4210452 4210452 
0 2 3 1 4 
3041062 4210182 4210182 4210182 
0 4 3 1 2 
3049488 4201756 4201756 4201756 
3 1 2 4 0 
3054896 4196348 4196348 4196348 
2 0 3 1 4 
3073912 4177332 4177332 4177332 
1 0 3 4 2 
3076524 4174720 4174720 4174720 
0 2 4 1 3 
3121774 4129470 4129470 4129470 
0 1 4 3 2 
3172404 4078840 4078840 4078840 
2 0 4 1 3 
3175216 4076028 4076028 4076028 
4 1 2 3 0 
3184368 4066876 4066876 4066876 
2 4 3 1 0 
3199836 4051408 4051408 4051408 
2 1 3 0 4 
3201384 4049860 4049860 4049860 
4 0 3 1 2 
3224364 4026880 4026880 4026880 
3 1 0 4 2 
3269324 3981920 3981920 3981920 
2 4 3 0 1 
3278356 3972888 3972888 3972888 
4 2 3 0 1 
3315774 3935470 3935470 3935470 
4 2 3 1 0 
3341862 3909382 3909382 3909382 
0 3 4 1 2 
3345632 3905612 3905612 3905612 
0 2 3 4 1 
3348166 3903078 3903078 3903078 
4 1 3 2 0 
3352540 3898704 3898704 3898704 
4 2 0 1 3 
3352626 3898618 3898618 3898618 
0 1 3 2 4 
3372900 3878344 3878344 3878344 
4 1 0 3 2 
3417420 3833824 3833824 3833824 
1 2 3 0 4 
3437406 3813838 3813838 3813838 
2 0 3 4 1 
3450904 3800340 3800340 3800340 
2 1 4 0 3 
3466088 3785156 3785156 3785156 
4 3 1 0 2 
3468720 3782524 3782524 3782524 
1 0 4 3 2 
3471284 3779960 3779960 3779960 
1 4 3 2 0 
3481256 3769988 3769988 3769988 
3 0 4 1 2 
3485828 3765416 3765416 3765416 
2 1 3 4 0 
3499856 3751388 3751388 3751388 
3 4 1 0 2 
3508640 3742604 3742604 3742604 
2 3 4 1 0 
3510572 3740672 3740672 3740672 
3 2 0 1 4 
3527378 3723866 3723866 3723866 
1 3 0 4 2 
3563780 3687464 3687464 3687464 
1 2 4 0 3 
3595718 3655526 3655526 3655526 
3 2 4 1 0 
3597326 3653918 3653918 3653918 
3 2 4 0 1 
3606038 3645206 3645206 3645206 
2 3 4 0 1 
3635092 3616152 3616152 3616152 
1 0 3 2 4 
3641772 3609472 3609472 3609472 
2 4 0 1 3 
3653328 3597916 3597916 3597916 
0 1 4 2 3 
3656228 3595016 3595016 3595016 
3 4 0 1 2 
3664804 3586440 3586440 3586440 
0 2 4 3 1 
3671950 3579294 3579294 3579294 
1 4 0 3 2 
3677196 3574048 3574048 3574048 
3 1 4 2 0 
3682156 3569088 3569088 3569088 
4 3 0 1 2 
3699484 3551760 3551760 3551760 
1 2 0 4 3 
3717730 3533514 3533514 3533514 
1 2 3 4 0 
3770598 3480646 3480646 3480646 
1 3 4 2 0 
3773640 3477604 3477604 3477604 
2 0 4 3 1 
3792592 3458652 3458652 3458652 
3 2 0 4 1 
3805946 3445298 3445298 3445298 
0 3 1 4 2 
3814488 3436756 3436756 3436756 
2 0 1 4 3 
3814876 3436368 3436368 3436368 
2 1 0 4 3 
3819360 3431884 3431884 3431884 
1 0 4 2 3 
3839300 3411944 3411944 3411944 
4 2 0 3 1 
3839466 3411778 3411778 3411778 
2 3 0 1 4 
3862760 3388484 3388484 3388484 
3 0 1 4 2 
3893512 3357732 3357732 3357732 
1 2 0 3 4 
3926002 3325242 3325242 3325242 
2 4 1 0 3 
3939716 3311528 3311528 3311528 
2 1 4 3 0 
3958944 3292300 3292300 3292300 
0 4 1 3 2 
3987704 3263540 3263540 3263540 
2 1 0 3 4 
4013744 3237500 3237500 3237500 
0 4 3 2 1 
4026448 3224796 3224796 3224796 
4 0 1 3 2 
4026808 3224436 3224436 3224436 
2 3 1 0 4 
4031748 3219496 3219496 3219496 
2 0 1 3 4 
4055260 3195984 3195984 3195984 
4 1 0 2 3 
4072460 3178784 3178784 3178784 
3 1 0 2 4 
4118748 3132496 3132496 3132496 
1 2 4 3 0 
4137182 3114062 3114062 3114062 
4 3 1 2 0 
4161048 3090196 3090196 3090196 
4 0 3 2 1 
4166604 3084640 3084640 3084640 
2 4 0 3 1 
4186984 3064260 3064260 3064260 
3 4 1 2 0 
4198280 3052964 3052964 3052964 
2 3 0 4 1 
4202032 3049212 3049212 3049212 
4 0 1 2 3 
4206208 3045036 3045036 3045036 
0 4 1 2 3 
4222208 3029036 3029036 3029036 
0 2 1 4 3 
4226938 3024306 3024306 3024306 
2 3 1 4 0 
4246500 3004744 3004744 3004744 
1 4 0 2 3 
4271532 2979712 2979712 2979712 
0 3 1 2 4 
4292064 2959180 2959180 2959180 
3 0 1 2 4 
4313296 2937948 2937948 2937948 
4 2 1 0 3 
4335778 2915466 2915466 2915466 
1 3 0 2 4 
4366388 2884856 2884856 2884856 
0 3 4 2 1 
4379632 2871612 2871612 2871612 
2 4 1 3 0 
4394852 2856392 2856392 2856392 
3 2 1 0 4 
4467730 2783514 2783514 2783514 
0 2 1 3 4 
4470010 2781234 2781234 2781234 
3 0 4 2 1 
4471220 2780024 2780024 2780024 
3 2 1 4 0 
4737586 2513658 2513658 2513658 
3 4 0 2 1 
4792796 2458448 2458448 2458448 
4 3 0 2 1 
4841364 2409880 2409880 2409880 
4 2 1 3 0 
4848706 2402538 2402538 2402538 
