1300 4
0 6 5 3 2 1 4 
8486666 13351666 13044388 13322830 
5 2 0 1 6 3 4 
8500152 13454910 13069646 13302906 
0 3 1 6 2 5 4 
8601612 13152200 12909154 13266052 
0 3 1 4 2 5 6 
8700860 12878492 12830862 13090462 
1 6 5 3 2 0 4 
8736972 12847650 12876476 13275592 
5 2 1 0 6 3 4 
8814658 13131170 12642452 13097780 
5 6 1 3 2 0 4 
8833396 12873182 12698246 13091680 
5 3 1 6 2 0 4 
8884854 12553908 12649522 13096516 
5 6 0 3 2 1 4 
8910154 13011386 12719182 12998602 
0 4 1 3 2 5 6 
8925366 12846474 12539398 12912868 
0 3 4 1 2 5 6 
8936842 12455700 12785080 12601756 
1 2 0 5 3 6 4 
8962644 13291236 12422226 12833844 
5 2 0 4 6 3 1 
8977836 12728422 12801034 12564060 
5 0 2 1 6 3 4 
9001108 12739742 12671710 12607794 
0 6 1 3 2 5 4 
9008830 12645634 12344078 12798076 
4 2 0 5 3 1 6 
9039408 12713224 12416920 12478432 
5 3 1 4 2 0 6 
9060976 12499840 12311538 12973252 
5 3 6 1 2 0 4 
9065658 12531068 12304078 12677780 
2 5 6 0 1 3 4 
9070624 12374642 12905306 12674654 
0 6 5 4 2 1 3 
9072568 12446896 12646316 12487416 
5 4 1 3 2 0 6 
9092312 12815622 12278574 12990708 
2 6 5 1 0 3 4 
9092412 12846948 12415086 12559230 
0 3 6 1 2 5 4 
9134004 12350488 12313714 12554492 
6 2 0 5 3 1 4 
9147290 12608416 12307916 12625288 
6 0 2 1 5 3 4 
9148832 12606310 12859010 12364518 
0 4 5 3 2 1 6 
9150338 13011706 12180572 12719606 
0 4 3 1 2 5 6 
9154514 12552600 12168406 12538536 
4 5 6 0 3 1 2 
9160124 12250240 12876472 12255690 
6 3 4 1 5 2 0 
9162126 12490376 12751980 12401290 
1 3 4 6 2 0 5 
9167096 12299824 12551830 12366356 
1 2 0 5 3 4 6 
9168214 12811792 12225536 12455690 
0 6 5 1 2 3 4 
9186112 12834164 12439834 12412422 
0 1 3 6 2 5 4 
9189610 12677816 12156834 12735722 
5 6 3 1 2 0 4 
9207328 12487204 12112374 12631972 
6 2 5 0 3 1 4 
9207544 12836466 12073918 12503468 
0 3 4 6 2 5 1 
9211376 12503652 12390988 12315264 
3 6 5 0 4 1 2 
9221440 12388186 12467658 12319600 
6 3 1 0 5 2 4 
9226060 12615398 12316862 12504586 
0 3 5 6 2 1 4 
9228410 12420032 12252762 12582718 
4 5 6 2 3 1 0 
9230204 12604980 12463632 12291338 
3 2 0 1 6 5 4 
9236138 12413714 12055112 12806198 
6 1 3 0 5 2 4 
9240554 12700382 12111598 12451976 
1 6 3 5 2 0 4 
9247150 12697366 11821482 12717258 
2 1 0 3 5 6 4 
9251714 12678906 12113940 12459660 
5 0 2 3 6 1 4 
9263150 12556132 12334600 12350506 
5 1 6 3 2 0 4 
9272764 12437622 12173510 12621678 
6 3 4 1 5 0 2 
9273690 12368004 12613744 12117038 
1 3 5 6 2 0 4 
9280614 12272696 12349950 12735510 
0 6 3 5 2 1 4 
9285598 12561706 11784076 12524004 
4 2 5 0 3 1 6 
9287002 12750058 11991706 12269402 
3 4 1 0 6 5 2 
9290586 12448314 12344802 12380882 
2 5 6 3 0 1 4 
9294930 12553326 12624832 12091450 
2 6 5 3 0 1 4 
9296278 12869378 12188904 12164566 
6 0 2 5 1 3 4 
9302658 12071874 12795906 12393656 
5 3 0 6 2 1 4 
9308170 12258312 12261240 12639046 
3 6 1 5 4 0 2 
9313476 12596928 12178990 12334196 
1 3 4 5 2 0 6 
9317500 11992428 12530382 12190784 
4 2 1 0 3 6 5 
9322712 12630084 12366314 12279866 
0 1 3 4 2 5 6 
9328042 12278372 12123182 12487220 
5 3 4 6 2 0 1 
9329418 12060060 12359906 12220278 
2 6 5 0 1 3 4 
9332948 12359686 12258946 12453962 
0 6 3 1 2 5 4 
9340402 12353496 11788326 12373648 
5 2 0 4 6 1 3 
9343604 12360104 12251140 12113154 
1 4 3 6 2 0 5 
9344726 12317930 12107666 12329986 
1 6 5 4 2 0 3 
9358098 12043520 12359412 12464154 
0 3 4 6 2 1 5 
9361276 12216436 12113776 12102378 
5 0 2 4 6 3 1 
9363136 12384378 12271338 12084156 
3 5 6 0 4 1 2 
9367752 12014614 12544186 12100452 
3 2 0 5 4 1 6 
9370754 12397710 11933244 12365408 
6 1 3 4 5 0 2 
9375974 12304120 12280338 12098558 
6 3 1 4 5 2 0 
9378384 12186444 12198714 12239880 
0 1 6 3 2 5 4 
9390430 12168242 12117146 12448590 
5 3 6 4 2 0 1 
9397790 12186312 11972394 12187348 
1 3 6 5 2 0 4 
9401110 12001356 12252886 12325214 
1 0 2 5 4 3 6 
9408412 11962506 12462190 12185786 
4 0 2 5 1 3 6 
9411804 11977850 12716454 12026560 
0 6 5 3 2 4 1 
9414516 12487030 12294390 12082080 
6 1 3 4 5 2 0 
9420686 12182196 12025130 12135526 
1 2 0 3 6 5 4 
9428462 11994120 12265848 12396216 
0 4 3 6 2 5 1 
9436948 12575202 11783314 12237344 
1 2 0 6 4 3 5 
9437792 12078958 12460674 12189026 
2 3 0 1 5 6 4 
9439720 12298544 11908148 12352634 
6 3 1 4 5 0 2 
9443832 12419824 12027538 12072016 
1 5 6 3 2 0 4 
9448020 11970982 12272720 12485084 
5 6 4 3 2 0 1 
9448118 12230334 12240260 12067634 
2 1 3 0 5 6 4 
9454952 12058538 12104762 12336044 
5 4 6 3 2 0 1 
9457676 12477094 11911180 12180004 
5 1 3 6 2 0 4 
9465892 12074484 11933082 12580706 
6 1 3 2 5 0 4 
9466966 12749498 11845990 12168048 
0 3 6 5 2 1 4 
9467514 11885940 12071362 12073638 
4 5 2 0 1 3 6 
9467820 12075838 12694932 12001772 
4 6 5 0 3 1 2 
9468324 12246820 12183864 12030934 
0 3 4 5 2 1 6 
9471696 11794800 12227400 11899590 
0 3 5 4 2 1 6 
9476586 12354324 11821702 12318104 
1 3 6 4 2 0 5 
9476748 12179804 11918046 12221106 
3 2 0 1 4 5 6 
9483114 12161830 11917702 12335974 
1 2 0 4 3 6 5 
9500068 12104938 12318210 11897240 
0 4 3 5 2 1 6 
9503230 12214186 11724860 12138940 
5 2 4 0 6 3 1 
9503332 12412394 12178450 12023700 
1 3 5 4 2 0 6 
9506656 12143748 11993662 12455830 
0 3 6 4 2 5 1 
9507786 12124732 11841330 12092410 
2 3 1 0 5 6 4 
9511450 12024962 11944050 12240550 
0 4 3 6 2 1 5 
9521738 12222110 11758116 12101824 
0 6 5 4 2 3 1 
9522848 12339822 12220370 11913018 
4 2 0 6 3 1 5 
9524964 12133448 12097904 11862152 
5 4 3 6 2 0 1 
9527730 12111870 11892762 12199228 
4 2 1 5 3 0 6 
9532040 12456376 11889668 11969800 
3 2 5 0 4 1 6 
9535158 12436424 11704020 12325108 
1 2 5 0 3 4 6 
9539358 12574926 11712472 12143760 
2 6 5 4 0 3 1 
9549196 12321862 11983342 12007854 
0 3 1 4 2 6 5 
9549308 12149256 12009550 11966570 
3 6 1 0 4 5 2 
9553694 12162928 11960674 12029668 
3 5 6 4 1 0 2 
9554026 12076668 12274578 11897186 
4 5 6 1 3 0 2 
9560786 11867960 12577558 11772136 
3 5 6 1 4 0 2 
9562102 11745406 12435008 11914970 
1 2 0 6 3 4 5 
9562378 11970896 12215256 11777202 
5 2 0 1 6 4 3 
9563862 12400648 12069594 11790124 
1 0 2 6 4 3 5 
9569304 12064030 12136598 11997066 
4 2 1 0 3 5 6 
9572168 12557652 11944546 11911150 
5 0 1 2 6 3 4 
9575838 12034090 11828012 12419360 
6 1 4 3 5 2 0 
9577680 11876978 12185132 11913060 
2 3 1 6 0 5 4 
9578584 12508992 11943926 11961556 
3 6 5 2 4 1 0 
9580568 12088530 12115178 11949468 
5 6 3 4 2 0 1 
9586544 11991362 11834330 12053928 
5 2 1 3 6 0 4 
9592364 12152360 11941888 11989192 
4 3 1 5 2 0 6 
9596556 11750572 12386282 12014828 
1 0 2 3 6 5 4 
9604978 11817680 12110052 12232868 
0 3 6 4 2 1 5 
9605270 12241868 11526678 12011812 
5 3 6 0 2 1 4 
9606016 11960866 11844946 12016322 
1 5 6 2 3 4 0 
9606416 12087624 11950102 11908600 
4 0 2 5 3 1 6 
9606452 11752588 12278448 11770736 
1 3 6 0 2 5 4 
9607958 11895702 12036106 12144610 
5 0 2 4 6 1 3 
9618744 11904604 12147828 11764146 
2 3 1 4 0 5 6 
9620760 12249900 11966554 11810674 
1 6 3 4 2 0 5 
9622356 11914542 11827922 12055726 
1 5 6 0 3 4 2 
9623444 11981764 12068678 11932244 
3 0 2 5 4 1 6 
9623650 11697642 12220592 11964528 
5 6 3 0 2 1 4 
9630560 12119924 11725060 12160904 
2 4 3 1 0 5 6 
9630702 12187504 12035162 11828352 
2 4 1 3 0 5 6 
9630946 12476194 11865722 11737420 
2 1 4 3 0 5 6 
9632732 12117358 12327376 11595606 
0 5 6 4 2 1 3 
9635200 11969828 11996144 11977468 
5 4 3 2 6 0 1 
9644938 12388554 11873478 11982388 
2 1 5 6 0 3 4 
9645670 12270908 11832684 11949304 
3 0 2 1 6 5 4 
9652414 11637226 12093716 12287746 
2 5 6 4 0 1 3 
9659408 12085956 12243440 11535984 
2 1 3 5 0 6 4 
9662318 12169904 11941322 11999062 
0 6 5 1 2 4 3 
9663682 12076602 12115782 11746070 
4 5 2 0 3 1 6 
9666188 11816736 12231486 11718348 
4 6 0 5 3 1 2 
9670074 12217602 11798518 12020188 
6 0 3 1 5 2 4 
9671376 12169098 11622888 12031136 
5 1 2 3 6 0 4 
9671968 12169498 11787592 11982092 
5 4 3 2 6 1 0 
9678336 12135314 11812740 11979886 
6 1 0 3 5 2 4 
9678364 11900638 11664960 12041688 
6 4 1 3 5 0 2 
9678778 12469258 11784286 11965812 
4 2 5 0 3 6 1 
9679058 12319212 11805406 11884844 
1 5 6 0 4 3 2 
9680922 11827270 12052512 12110798 
5 1 3 4 2 0 6 
9681198 11894680 11639738 12384530 
2 1 6 3 0 5 4 
9683762 12122922 12040326 11771574 
4 5 6 2 1 3 0 
9683796 11874514 12117510 11764546 
4 2 0 1 3 5 6 
9685670 12184732 11910372 11677636 
2 4 5 1 0 3 6 
9687052 12518052 11638870 11881166 
2 1 6 5 0 3 4 
9687434 11718800 12136432 11869492 
1 5 6 2 4 3 0 
9689274 11717682 11997104 12001426 
2 4 1 3 0 6 5 
9695574 12496318 11712798 11990072 
3 0 2 1 4 5 6 
9696158 11530806 12229486 11999874 
6 4 1 3 5 2 0 
9696802 12010278 11795286 11987036 
0 3 1 5 2 6 4 
9697952 12193328 11875834 11857196 
5 3 4 6 2 1 0 
9698184 11830500 11890392 11858728 
5 2 3 0 6 1 4 
9699464 12391734 11487198 12226272 
0 6 4 3 2 1 5 
9702148 12200070 11834162 11902074 
3 5 6 0 1 4 2 
9705546 11933714 12069078 11592098 
2 1 3 4 0 6 5 
9707386 11938128 11868478 11957796 
3 2 1 5 4 0 6 
9709466 12252750 11472296 12048584 
2 5 4 0 1 3 6 
9710828 11729446 12387542 11842444 
1 2 3 0 6 5 4 
9719690 12393686 11449052 12364562 
3 5 6 4 1 2 0 
9720610 11856468 11858450 11848066 
4 0 6 5 3 1 2 
9721636 11642092 12308714 11768430 
3 2 0 6 4 1 5 
9722486 11852206 11850868 11807064 
0 6 3 4 2 1 5 
9722922 11956362 11580672 11904754 
0 3 1 6 2 4 5 
9723466 11881148 11797312 11734936 
6 0 2 5 3 1 4 
9723730 11663092 12159004 11924552 
1 6 3 0 2 5 4 
9725186 12121876 11438418 12095834 
2 3 4 1 0 5 6 
9727178 11830036 12226016 11584756 
6 0 2 1 5 4 3 
9729674 11780984 12330930 11672476 
5 1 0 2 6 3 4 
9730396 11768626 11718522 12171222 
0 6 1 4 2 5 3 
9731846 11932364 11621222 11880700 
4 6 5 2 3 1 0 
9734956 11970852 11994944 11700846 
5 6 4 1 2 0 3 
9735988 11853106 11984388 11690232 
1 3 6 4 2 5 0 
9736312 11923504 11754814 11969728 
0 3 4 1 2 6 5 
9736906 12099712 11929208 11599976 
6 3 1 5 2 0 4 
9737294 11625924 12206574 12115876 
1 6 5 2 4 3 0 
9742298 11462562 12130144 11849030 
2 1 3 4 5 6 0 
9742898 11848392 11654082 12092980 
0 4 6 3 2 1 5 
9744958 12491250 11424508 12008578 
3 0 6 5 4 1 2 
9750664 11621726 12135288 11700142 
0 5 6 2 4 3 1 
9751640 11616522 12039544 12059022 
5 3 6 4 2 1 0 
9754838 12047148 11494510 11855372 
6 3 4 0 5 1 2 
9756404 11853474 12113830 11486888 
5 3 4 0 2 1 6 
9758778 11736650 11823980 11876512 
6 3 0 4 5 2 1 
9760698 11824576 11790364 11894660 
0 6 3 4 2 5 1 
9761268 11976654 11369582 11823954 
3 1 6 5 4 0 2 
9761610 11642686 12260414 11688918 
1 2 0 4 3 5 6 
9763780 12128026 11777162 11766940 
6 3 1 2 5 0 4 
9767400 12118898 11858150 11708738 
4 1 3 6 0 2 5 
9769258 11739816 11989210 11821022 
3 2 0 4 6 5 1 
9769752 11847026 11597560 12105422 
2 4 5 3 0 1 6 
9770638 12703418 11543632 11650430 
2 3 1 4 5 6 0 
9771588 11904048 11461690 12049230 
4 2 5 6 3 1 0 
9772928 11918528 11870634 11569482 
1 2 4 5 3 0 6 
9773184 12248412 11744292 11737552 
5 2 0 3 6 4 1 
9775064 12039740 12089274 11471822 
5 3 4 0 6 1 2 
9777500 11761842 11869094 11844644 
1 0 2 5 3 4 6 
9777714 11881900 11868196 11659422 
3 0 2 6 4 1 5 
9778830 11782846 11914296 11771920 
2 4 1 5 0 3 6 
9781768 12015062 11622538 11733708 
4 5 2 6 3 1 0 
9783658 12167530 11690654 11704036 
5 4 6 1 2 0 3 
9784730 11974130 11699948 11729690 
3 1 2 0 6 5 4 
9785280 11653342 12006932 12173952 
1 2 0 4 6 5 3 
9786098 11888980 11669624 12037718 
0 6 4 3 2 5 1 
9788752 11848086 11657542 11699480 
2 6 5 4 0 1 3 
9789684 11988296 11954392 11369196 
2 0 4 5 1 3 6 
9790948 11560738 12276906 11716510 
0 6 5 2 4 3 1 
9795592 11346618 12182664 11899906 
6 1 3 0 5 4 2 
9797702 11795522 11794254 11583742 
6 4 3 0 5 1 2 
9797960 12058638 11780060 11630394 
6 1 3 4 0 2 5 
9798614 11836732 11748838 12083030 
2 3 1 4 0 6 5 
9806156 11943624 11581886 11851166 
5 4 0 1 6 3 2 
9808402 12455820 11280386 12081196 
5 0 3 4 6 1 2 
9833182 11781626 11782098 12088508 
2 1 0 4 5 6 3 
9833550 11748634 11744988 11562610 
2 6 5 3 0 4 1 
9833972 12253622 11695838 11608968 
3 0 6 2 4 1 5 
9835790 12224272 11497244 11812756 
3 0 2 4 1 6 5 
9837442 11716396 12054394 11616958 
6 2 5 1 3 0 4 
9837486 12207256 11470270 11705708 
1 5 3 6 2 0 4 
9837702 12092038 11314790 12337046 
2 3 4 0 5 6 1 
9840792 11588646 11950270 11787116 
5 4 0 2 6 3 1 
9841160 11646314 11766906 11710242 
4 3 1 6 0 2 5 
9842916 11579080 12105794 11794544 
5 0 4 2 6 3 1 
9846540 11681314 11777590 11708352 
3 0 4 1 6 5 2 
9850292 11421870 12165500 11700422 
0 6 4 5 2 1 3 
9850726 11900644 11639494 11685910 
3 1 2 0 4 5 6 
9850786 11524974 12129310 11880500 
5 2 4 0 6 1 3 
9858012 12129612 11620636 11600778 
3 6 0 1 4 5 2 
9859300 11795336 11608892 11782834 
3 5 2 0 4 1 6 
9861986 11546530 12014770 11825190 
1 6 0 5 4 3 2 
9864694 12077920 11350176 12109382 
2 4 3 5 0 1 6 
9865110 11911738 11696740 11593904 
6 0 2 4 5 1 3 
9866836 11755236 12129256 11511270 
2 4 5 6 0 3 1 
9869156 12107794 11597778 11669144 
3 2 1 4 6 5 0 
9870136 11767218 11568880 11903256 
2 6 5 1 0 4 3 
9870594 11897626 11893070 11364974 
5 4 3 6 2 1 0 
9871336 11856854 11520632 11867574 
2 1 4 0 5 6 3 
9872552 11534668 12124222 11484068 
2 3 0 4 5 6 1 
9874478 11803844 11439916 11830106 
6 2 0 4 3 1 5 
9875114 11966118 11560700 11818284 
5 0 6 2 4 3 1 
9876380 11621254 11735904 11881644 
5 4 3 0 2 1 6 
9877262 11938426 11391940 11987082 
2 3 4 1 5 0 6 
9881234 11803536 11991484 11464496 
5 1 2 4 6 3 0 
9881250 12071996 11458974 11688350 
2 5 1 4 0 3 6 
9882104 12069394 11677354 11685402 
3 5 4 6 1 2 0 
9882656 11839728 11661196 11673276 
5 4 2 0 6 3 1 
9883252 12033350 11638070 11545686 
5 4 1 2 6 3 0 
9883402 11593950 11643642 11719730 
1 0 2 3 4 5 6 
9884074 11516580 12031302 11788260 
0 4 3 1 2 6 5 
9885218 12126436 11580998 11619172 
1 6 5 0 3 4 2 
9887100 11946088 11605702 11800416 
2 4 0 5 1 3 6 
9890774 11892760 11591382 11768516 
2 0 4 1 5 6 3 
9891046 11589464 12128352 11455724 
4 2 5 1 3 0 6 
9893136 12120290 11430280 11527256 
4 0 2 6 3 1 5 
9895456 11803520 11735512 11520192 
2 1 4 5 0 3 6 
9897764 11458356 12014162 11406244 
2 5 6 3 0 4 1 
9897904 12003618 11879094 11458284 
6 2 0 1 3 5 4 
9900048 12082420 11612504 11575724 
5 2 3 1 6 0 4 
9900200 12142150 11316848 11886892 
1 5 2 0 3 6 4 
9900918 11938020 11527468 11636830 
3 5 6 2 1 4 0 
9901062 11985142 11574662 11476438 
5 6 3 4 2 1 0 
9902622 11810746 11515024 11770634 
2 6 1 3 0 5 4 
9903722 12101354 11451858 11533540 
4 2 5 1 3 6 0 
9904042 11970484 11712266 11542170 
6 3 1 0 5 4 2 
9908328 11837130 11515230 11487680 
6 4 0 3 5 2 1 
9910100 11796410 11554176 11788632 
1 2 0 3 4 5 6 
9910790 11547556 11913918 11769256 
3 2 1 5 6 0 4 
9916926 12200124 11209644 11969556 
2 3 6 1 0 5 4 
9919816 11711600 11798846 11637716 
2 5 4 3 0 1 6 
9920316 11935410 12126474 11281498 
2 5 4 6 0 1 3 
9923050 12066692 11880822 11283458 
2 5 6 1 0 4 3 
9926942 11671958 12067686 11228402 
4 1 3 2 5 6 0 
9928500 11664034 11620818 11607980 
6 0 3 2 5 1 4 
9931244 12339446 11312254 11748236 
5 1 6 4 2 0 3 
9931950 11589902 11630594 11680932 
5 4 2 1 6 3 0 
9932302 12310172 11362390 11603144 
3 2 5 1 4 0 6 
9934980 11919728 11332330 11881034 
2 4 5 3 0 6 1 
9938562 12244246 11430252 11631016 
1 5 6 4 2 0 3 
9940218 11580564 11608776 11913550 
3 6 5 0 1 4 2 
9942466 11920214 11642342 11486382 
3 0 6 1 4 5 2 
9943204 11337834 11956198 11603552 
1 6 4 5 2 0 3 
9951990 11905472 11483612 11816116 
2 6 5 3 1 0 4 
9955412 12143626 11607308 11475842 
2 4 1 3 5 0 6 
9955932 12307134 11497030 11496710 
3 0 4 2 1 6 5 
9956070 11889756 11711606 11408454 
3 6 5 4 1 2 0 
9956766 11554112 11776622 11697354 
4 2 1 6 3 0 5 
9957452 11792600 11713116 11389472 
3 1 4 6 0 2 5 
9957954 11500740 11871630 11571488 
5 3 0 4 6 1 2 
9959410 12004136 11243528 12016448 
3 6 0 2 4 1 5 
9959962 11777310 11668038 11567130 
2 3 1 4 5 0 6 
9960316 11948300 11498222 11461864 
3 2 5 6 4 1 0 
9964340 11619426 11683288 11649754 
1 6 0 5 3 4 2 
9965300 12190570 11308206 11892570 
5 1 4 6 2 0 3 
9966002 11465386 11833346 11663766 
3 0 2 1 4 6 5 
9966202 11596078 11940442 11532594 
6 1 0 2 5 3 4 
9970628 11784106 11500642 11543510 
0 3 1 5 2 4 6 
9971358 11651512 11585304 11449972 
6 0 1 3 5 2 4 
9971940 11558716 11360744 11682812 
6 2 5 4 3 1 0 
9974498 11884274 11510434 11491376 
1 0 2 6 3 4 5 
9975326 11671712 11633996 11346670 
1 2 5 6 3 4 0 
9975542 11601276 11759436 11409982 
1 6 3 4 2 5 0 
9976780 11754218 11297526 11691632 
1 5 4 3 2 0 6 
9981090 11422054 11940016 11814974 
0 1 2 5 4 3 6 
9983274 11382802 11882642 11657106 
3 0 2 6 1 4 5 
9988044 11634126 11844324 11384644 
6 0 4 5 3 1 2 
9989972 11330592 12229936 11534700 
0 3 5 1 2 6 4 
9991240 11925708 11461794 11654716 
6 3 0 1 5 4 2 
9996560 12025876 11295726 11549418 
1 0 2 4 3 6 5 
9997580 11659246 11685098 11329248 
1 3 4 2 6 5 0 
9997638 11427150 12076782 11583144 
2 1 0 3 5 4 6 
10000686 12206428 11423528 11461586 
3 2 1 6 4 0 5 
10001054 11623246 11532384 11526192 
6 0 1 2 5 3 4 
10003222 11894338 11356452 11608864 
4 1 3 6 5 2 0 
10004384 11578170 11706712 11465246 
0 6 1 5 4 3 2 
10005878 11870900 11254560 12169328 
2 6 3 1 0 5 4 
10005902 11814400 11436538 11574376 
6 5 4 1 3 0 2 
10006886 11497554 12333898 11311982 
2 1 4 6 0 3 5 
10007536 11815408 11528066 11501460 
4 3 1 6 5 2 0 
10007962 11467594 11917496 11501648 
6 1 3 5 4 0 2 
10008946 11319190 12239238 11685498 
5 3 0 2 6 1 4 
10010548 11542814 11639492 11794068 
6 2 5 1 3 4 0 
10011590 11954644 11493946 11515862 
2 4 1 6 0 3 5 
10012884 11982738 11274682 11603132 
6 1 2 4 5 0 3 
10013534 11574770 11838968 11424672 
3 2 0 4 6 1 5 
10014066 11766608 11528830 11574188 
5 6 0 2 4 3 1 
10014196 11200308 11908426 11657930 
6 3 0 4 5 1 2 
10014778 12094040 11308120 11503604 
5 0 2 1 6 4 3 
10016878 11636976 11857214 11151976 
3 6 5 4 0 2 1 
10019608 11430766 11742988 11881518 
4 6 5 3 0 2 1 
10021966 11404570 11887844 11649508 
5 0 2 3 6 4 1 
10023312 11933140 11643614 11214698 
6 5 4 2 1 3 0 
10024076 11574302 11858690 11464986 
1 5 6 3 0 2 4 
10024660 11381102 11760376 11709692 
6 1 2 0 5 4 3 
10027250 11464068 11991878 11358332 
0 2 1 6 3 4 5 
10027946 11546660 11930488 11480884 
1 5 0 2 4 3 6 
10040340 11463574 11584104 11930040 
3 6 0 5 1 4 2 
10041906 12164216 11294806 11535456 
5 1 4 2 6 3 0 
10043340 11363486 11544836 11469702 
3 1 4 0 5 6 2 
10044124 11554866 11938630 11432672 
3 0 6 2 4 5 1 
10044752 12047034 11204618 11819098 
2 0 1 4 5 6 3 
10046022 11531920 11564500 11362390 
4 0 2 1 3 6 5 
10047978 11635852 11793708 11331216 
1 5 2 6 3 4 0 
10049028 11895722 11255938 11413614 
4 2 6 5 3 1 0 
10049400 11756360 11509266 11477458 
6 0 3 4 5 2 1 
10049808 11628478 11259284 11518454 
4 1 6 5 3 0 2 
10051374 11414412 12144056 11404374 
2 4 1 5 0 6 3 
10052802 12098152 11478730 11394198 
1 2 5 4 3 0 6 
10054896 11873534 11262420 11502110 
2 0 3 4 5 6 1 
10058260 11531474 11451820 11673636 
1 0 6 2 4 3 5 
10058336 11548288 11412322 11678046 
2 4 5 1 0 6 3 
10058760 11824514 11566972 11287574 
2 1 3 6 0 4 5 
10063836 11641492 11470124 11473686 
0 4 6 5 2 1 3 
10064176 11644264 11424240 11474894 
3 1 4 5 6 0 2 
10064636 11440504 12075920 11254420 
1 2 6 0 3 5 4 
10064946 12151062 11237744 11675492 
2 4 0 3 5 1 6 
10066598 12421206 11338532 11409002 
1 6 5 2 3 4 0 
10066624 11421240 11711046 11411036 
1 5 0 2 3 6 4 
10066834 11775576 11181616 11783582 
6 1 3 2 5 4 0 
10068826 11722714 11273438 11336782 
1 2 5 4 3 6 0 
10069564 11582862 11617556 11358184 
3 0 2 4 6 5 1 
10070372 11441662 11504404 11802178 
2 4 5 6 0 1 3 
10072940 11873428 11639260 11094966 
2 5 6 0 1 4 3 
10073270 11494608 11959130 11233406 
5 6 0 1 2 4 3 
10075470 11777672 11833436 11321932 
5 1 4 0 6 3 2 
10077188 11525046 11465756 11567990 
3 0 6 5 1 4 2 
10077608 11639526 11734380 11272288 
5 1 3 6 0 2 4 
10080080 11516620 11486634 11818114 
5 3 4 1 6 2 0 
10080466 11847432 11855224 11256310 
6 0 4 3 5 2 1 
10084554 11321188 11639806 11355780 
5 6 4 0 2 1 3 
10087588 11555682 11709258 11297900 
1 6 4 3 2 5 0 
10090104 11538034 11497870 11527198 
0 6 4 1 2 5 3 
10090902 11511658 11353430 11331798 
3 5 4 0 1 6 2 
10092592 11661822 11593254 11185380 
6 1 0 3 5 4 2 
10093762 12089278 11246366 11531204 
3 4 0 5 1 2 6 
10098236 12060800 11246530 11734078 
0 1 3 4 5 6 2 
10098686 11575228 11309694 11921080 
2 1 3 5 0 4 6 
10100128 11488440 11610236 11291158 
0 4 6 1 2 5 3 
10102176 11605550 11262144 11449422 
4 2 1 0 6 5 3 
10102382 11940076 11235572 11755484 
6 4 3 2 5 0 1 
10103282 12165186 11259310 11406900 
4 6 0 5 1 3 2 
10104994 11912080 11248972 11632332 
0 1 6 4 2 5 3 
10105546 11480322 11385290 11545914 
5 0 1 2 4 3 6 
10105636 11447070 11361196 12133540 
3 5 0 6 1 2 4 
10106324 11759812 10955512 11888136 
6 1 4 0 5 3 2 
10107788 11576358 11663500 11153018 
5 4 2 3 6 1 0 
10108984 12242194 11118208 11462192 
5 4 2 0 6 1 3 
10112812 11623976 11564544 11271436 
1 0 6 5 4 3 2 
10113154 11345582 11577614 11660688 
3 1 2 5 4 0 6 
10115892 11282890 11786870 11502200 
2 0 1 5 4 3 6 
10117252 11255658 11824422 11662820 
5 6 1 2 4 3 0 
10117446 11086192 11754658 11618872 
5 3 4 2 6 0 1 
10121846 11494994 11790072 11259058 
0 3 4 5 2 6 1 
10121860 11726028 11648740 11110696 
4 2 0 6 3 5 1 
10124896 11950930 11460136 11213818 
6 3 4 2 5 0 1 
10125678 11648618 11791984 11127474 
5 1 2 4 6 0 3 
10127314 11441898 11528596 11277036 
2 3 5 1 0 6 4 
10130172 11757052 11225582 11544052 
5 2 4 1 6 0 3 
10130380 11810172 11338102 11182662 
4 5 6 3 0 2 1 
10132994 11188670 11828312 11400572 
2 5 6 4 1 0 3 
10137558 11642620 11781908 11034380 
1 0 6 3 2 5 4 
10138814 11331484 11549218 11841110 
2 3 6 5 0 1 4 
10139018 11309700 11661618 11322010 
4 6 3 5 2 0 1 
10139364 11790342 11186274 11699808 
3 0 4 6 1 2 5 
10140590 11388418 11551948 11255606 
4 5 2 6 3 0 1 
10143048 11864474 11306592 11330420 
5 4 2 3 6 0 1 
10143248 11973470 11227276 11293928 
5 0 1 4 6 3 2 
10143688 11722662 11212920 11822736 
5 3 1 6 0 2 4 
10145746 11342860 11612098 11785716 
2 3 4 5 0 1 6 
10147724 11231784 11773460 11047738 
0 4 3 5 2 6 1 
10149144 12141114 11162650 11355096 
4 2 5 6 3 0 1 
10154078 11637488 11402348 11170010 
4 5 6 3 1 2 0 
10154832 11220104 11869666 11205400 
3 1 2 4 6 5 0 
10154946 11456480 11470776 11679584 
0 3 6 1 2 4 5 
10155058 11857036 11129872 11277776 
3 1 0 2 4 6 5 
10156290 11506670 11502654 11402084 
0 5 3 4 2 1 6 
10156870 11591750 11225524 11701098 
4 1 3 5 2 0 6 
10162018 11282460 11670082 11507210 
0 3 1 4 5 6 2 
10162368 11687908 11078422 11903250 
4 6 5 2 1 3 0 
10164596 11264578 11670710 11194358 
4 2 0 3 6 5 1 
10166768 11250208 11683736 11417800 
2 6 1 4 0 3 5 
10167996 11780806 11190166 11529170 
1 3 4 0 2 6 5 
10171104 11570010 11761364 11052556 
3 2 4 0 6 5 1 
10172404 11803134 11062324 11667374 
0 1 3 4 2 6 5 
10172410 11545008 11317662 11368176 
5 0 3 6 2 1 4 
10173914 11496752 11296130 11887118 
2 1 4 6 0 5 3 
10173992 11837954 11691812 10956768 
4 5 1 2 3 6 0 
10174814 11607550 11333796 11334078 
5 1 0 4 6 3 2 
10175322 11851644 10963390 11803330 
4 2 1 6 3 5 0 
10176234 11891122 11543634 11140610 
1 0 3 4 2 5 6 
10176260 11476618 11368224 11757794 
5 1 3 4 6 2 0 
10176354 11564500 11484870 11292370 
2 5 0 3 1 6 4 
10177326 11799478 11332438 11291134 
4 3 0 5 2 1 6 
10177924 11218030 11867458 11366762 
1 6 0 2 4 3 5 
10178332 11098302 11604644 11441132 
1 0 5 2 3 6 4 
10179482 11678006 11120548 11734536 
5 3 4 2 6 1 0 
10180404 11267210 11631950 11226660 
5 4 6 0 2 1 3 
10181528 11598400 11397104 11263888 
0 6 3 5 2 4 1 
10183838 11925490 11012928 11357984 
6 1 5 3 0 2 4 
10186160 11479002 11278610 11610658 
3 2 5 6 4 0 1 
10187722 11439026 11318898 11527338 
4 5 0 2 3 6 1 
10188340 11618654 11233002 11369686 
0 1 5 2 6 3 4 
10189692 11352626 11574852 11797166 
5 1 3 0 6 4 2 
10191422 11435762 11413726 11469946 
2 1 4 5 0 6 3 
10194128 11567074 11772312 11036636 
5 4 2 1 6 0 3 
10196126 11632074 11397932 11160630 
2 4 0 6 1 3 5 
10197154 11816084 11138694 11550916 
5 1 6 0 4 3 2 
10198708 11371422 11356132 11685404 
6 3 0 2 5 1 4 
10199084 11598614 11468604 11223572 
0 6 3 1 2 4 5 
10200296 11696988 11228268 11288428 
0 3 5 6 2 4 1 
10200364 11436196 11418132 11264488 
0 1 2 4 6 5 3 
10200814 11378014 11503068 11456450 
5 3 4 1 2 6 0 
10201302 11716764 11479732 11058522 
6 4 0 1 5 2 3 
10202834 11776998 11161408 11513254 
2 5 3 1 0 6 4 
10203246 11564008 11306354 11426556 
4 0 3 6 1 2 5 
10203494 11409934 11529520 11307708 
5 3 1 6 2 4 0 
10206674 11392662 11390878 11339386 
2 5 0 6 1 4 3 
10208618 11782702 11347030 11130656 
5 2 4 3 6 1 0 
10209684 11607080 11579300 11130034 
1 5 0 6 3 4 2 
10210048 11796546 11013002 11639342 
4 5 2 1 3 0 6 
10210114 11294744 11708204 11077322 
3 0 6 2 1 4 5 
10211424 11828748 11217520 11220438 
6 0 3 1 4 5 2 
10211772 11203942 11960536 11398942 
0 3 5 1 2 4 6 
10212230 11788244 11133824 11379780 
4 0 2 1 3 5 6 
10212862 11293140 11796336 11034720 
5 3 0 1 2 4 6 
10213330 11768314 11209714 11546006 
5 3 0 4 2 6 1 
10214766 11552776 11467212 11232470 
1 4 5 2 6 3 0 
10215454 11358800 11625592 11394944 
2 4 1 6 0 5 3 
10219290 12045704 11283798 11010970 
2 3 1 6 0 4 5 
10222870 11542580 11146580 11269096 
2 5 4 3 0 6 1 
10224240 11613838 11486694 11100484 
3 5 4 2 1 6 0 
10225816 11626250 11246390 11106956 
0 3 5 4 2 6 1 
10227550 11507952 11315042 11274810 
3 5 4 6 0 2 1 
10228584 11520134 11231184 11589492 
2 1 5 3 0 4 6 
10229376 12054990 11128128 11178014 
4 3 1 2 5 6 0 
10229510 11038154 11649226 11160902 
3 5 0 2 1 6 4 
10230232 11760150 10884080 11562812 
2 1 3 0 5 4 6 
10231266 11375136 11433880 11268964 
0 1 3 6 5 2 4 
10232304 11511100 11259686 11475368 
2 6 1 5 4 3 0 
10234002 11494104 11229116 11910716 
1 5 3 4 2 0 6 
10234384 11415530 11152902 11739846 
4 5 2 0 3 6 1 
10234704 11564426 11362182 11124114 
2 4 5 6 1 3 0 
10236196 11779592 11133646 11561024 
2 3 0 6 5 1 4 
10237406 11761792 11217008 11222972 
3 2 1 4 6 0 5 
10240368 11506958 11233596 11353022 
4 1 6 3 0 2 5 
10240450 11371962 11524134 11464986 
2 3 4 6 0 1 5 
10241320 11601172 11299076 11162202 
5 1 6 2 4 3 0 
10242812 11163926 11326636 11496984 
4 0 6 2 1 3 5 
10243258 11530120 11312928 11351566 
1 2 4 6 3 0 5 
10244676 11515516 11550844 11012840 
3 0 6 4 1 2 5 
10245342 11409680 11267932 11299904 
0 5 6 3 1 2 4 
10246336 11314598 11600372 11250990 
3 4 0 2 1 6 5 
10246522 11550516 11472962 11179588 
3 2 4 1 6 5 0 
10247036 11407390 11255520 11429842 
5 1 3 2 6 4 0 
10258530 11415202 11253670 11311310 
6 4 1 0 5 3 2 
10259970 11823130 11050706 11200462 
3 2 5 0 1 4 6 
10260580 11937052 10980440 11516382 
2 6 1 5 0 4 3 
10260668 11772736 11222428 11171246 
0 2 5 4 3 6 1 
10261218 11449716 11547934 11190646 
5 3 0 6 2 4 1 
10261224 11326626 11472110 11243466 
6 5 2 0 3 4 1 
10262466 11443598 11515840 11203014 
3 4 5 6 1 2 0 
10263142 11381736 11424966 11388754 
6 0 4 2 5 3 1 
10263940 11512378 11403566 11119040 
3 6 4 0 1 5 2 
10265836 11604914 11510458 11067816 
2 6 5 0 1 4 3 
10266234 11409476 11581234 11095130 
2 3 1 5 0 4 6 
10266746 11365192 11295332 11072456 
2 0 6 4 5 1 3 
10267684 11491732 11842754 10972750 
5 3 4 0 6 2 1 
10270430 11689038 11728808 10996910 
3 6 0 4 1 2 5 
10273374 11279980 11434964 11372794 
0 1 3 5 2 6 4 
10274286 11739152 11130666 11345826 
6 0 1 2 4 3 5 
10274316 11369510 11234180 11754052 
1 6 0 2 3 4 5 
10274708 11246860 11552146 11238608 
3 0 5 2 1 6 4 
10276040 11718020 10913612 11579046 
6 1 4 2 5 3 0 
10277956 11362550 11381820 10966406 
4 0 3 2 5 6 1 
10278872 11547062 11088684 11443042 
5 1 3 4 0 2 6 
10279726 11469752 11154314 11674834 
2 1 6 0 5 4 3 
10281558 11220238 11834656 11032046 
6 1 0 4 5 3 2 
10282386 11901228 10980990 11233270 
2 3 0 4 5 1 6 
10283806 11795972 11088420 11150380 
1 6 2 5 3 0 4 
10285270 11836038 11036420 11492002 
0 1 3 6 2 4 5 
10286304 11381308 11142376 11234502 
2 3 4 0 5 1 6 
10288172 11287230 11625954 11011354 
3 5 2 4 1 6 0 
10289734 11455984 11259888 11226176 
1 0 5 2 3 4 6 
10292850 11651718 10993620 11549576 
4 6 1 3 0 2 5 
10296802 11192802 11604390 11446148 
3 2 0 6 1 4 5 
10296968 11334558 11447104 11110152 
2 5 4 1 0 6 3 
10297670 11344178 11570134 10844066 
4 5 1 0 3 6 2 
10298054 11522810 11288716 11182870 
3 5 1 6 0 2 4 
10299310 11580074 10813070 11840968 
1 5 3 6 0 2 4 
10299862 11671934 10946734 11702702 
1 2 3 5 4 0 6 
10300482 11767826 11032176 11541318 
4 3 6 5 2 0 1 
10301370 11107444 11608738 11313724 
5 0 2 1 4 6 3 
10302520 11327544 11733702 10973030 
2 5 4 6 1 0 3 
10302620 11769552 11543538 10903312 
3 5 0 6 1 4 2 
10304894 11748208 10983378 11273348 
6 3 4 5 1 0 2 
10305442 11177136 12000636 11156754 
2 1 6 4 0 5 3 
10306382 11458690 11472030 10908942 
5 3 2 1 6 0 4 
10306974 11506512 11138472 11394370 
4 3 6 1 2 5 0 
10307590 11256398 11503600 11315670 
3 2 6 0 4 1 5 
10307794 11725488 10920004 11381796 
2 3 1 0 5 4 6 
10308844 11362888 11191576 11148422 
5 2 4 3 6 0 1 
10310078 11405264 11432406 10883192 
5 0 6 4 2 1 3 
10310788 11319120 11403266 11280042 
2 3 5 4 0 1 6 
10311206 11787724 10994130 11144588 
6 4 3 2 5 1 0 
10315768 11797706 11080636 11089902 
0 3 4 6 5 2 1 
10316124 11181360 11801544 11099544 
0 1 2 4 6 3 5 
10317162 11739940 11128430 11326822 
0 6 4 5 2 3 1 
10319654 11649714 11226868 11064448 
0 5 1 2 4 3 6 
10320532 11149514 11375000 11764114 
6 0 3 2 5 4 1 
10320618 11680142 10918376 11233968 
6 0 2 5 3 4 1 
10320828 11299810 11490366 11246272 
2 5 4 3 1 0 6 
10321576 11454146 11843174 10828088 
4 5 3 6 0 2 1 
10321776 11567710 11102878 11433812 
0 1 3 4 5 2 6 
10326006 11491364 11114706 11377954 
2 5 1 6 0 4 3 
10326660 11702600 11130016 10984742 
5 0 3 2 6 4 1 
10327538 11540630 11109616 11294512 
5 3 1 0 6 4 2 
10328784 11455194 11098462 11347772 
3 0 4 5 6 1 2 
10332504 11189090 11684814 10986644 
2 1 0 5 4 3 6 
10333074 11030974 11530522 11387362 
3 6 5 2 1 4 0 
10334534 11340934 11371846 11004986 
0 6 1 2 4 3 5 
10334876 10868242 11503396 11452950 
4 2 1 3 6 5 0 
10335232 11109424 11573952 11231322 
6 1 3 4 2 0 5 
10335858 11341100 11236574 11722886 
2 1 5 4 0 6 3 
10336162 11343342 11285502 10938878 
0 3 1 2 5 6 4 
10336710 10960622 11413142 11438398 
1 6 0 3 4 5 2 
10342056 11495630 11086132 11616364 
0 4 2 3 6 5 1 
10346318 11609786 11057488 11318372 
2 6 1 0 4 3 5 
10348256 11246502 11313048 11700278 
1 2 5 6 4 0 3 
10348588 11331876 11311122 11372586 
5 3 6 1 2 4 0 
10349426 11663366 11018254 11016686 
6 0 4 1 5 2 3 
10349480 11391008 11215358 11132146 
5 0 1 6 4 3 2 
10351106 11301248 11189984 11834214 
3 0 1 6 4 2 5 
10351166 11159010 11215456 11223960 
3 0 5 2 4 6 1 
10352024 11433362 11067830 11426886 
2 6 5 1 4 0 3 
10354138 11300038 11612814 11028140 
6 2 5 4 3 0 1 
10357322 11540552 11074698 11021224 
6 3 4 5 2 0 1 
10358498 10973868 11706526 11280342 
1 4 2 3 6 5 0 
10359652 11572542 11057404 11402002 
3 0 1 2 5 6 4 
10361378 11621770 10891292 11681552 
4 0 2 3 6 5 1 
10363048 11105976 11505980 11269092 
6 3 4 2 5 1 0 
10363324 11306594 11515926 10780580 
5 3 2 0 6 1 4 
10367220 11303942 11148796 11309520 
6 1 0 4 5 2 3 
10368490 11279766 10930188 11218348 
5 1 0 2 4 3 6 
10368818 11103858 11105696 11787938 
6 5 4 3 0 2 1 
10373818 10999222 11610836 11123842 
2 1 4 6 5 0 3 
10374548 11418982 11607712 10694476 
6 5 1 3 0 2 4 
10376004 11120550 11274374 11359524 
2 5 1 3 0 4 6 
10377268 11645818 11249316 10950896 
0 1 3 6 4 2 5 
10378484 11199816 11533752 11218904 
6 0 2 5 4 1 3 
10382304 10879074 11781902 11289978 
0 1 4 3 5 2 6 
10382660 11288562 11377124 11202198 
6 3 1 2 5 4 0 
10384220 11107250 11227694 10859696 
1 5 2 4 3 6 0 
10384592 11458834 10965952 10969186 
1 2 3 5 6 0 4 
10388406 11835480 10807220 11496514 
0 6 5 2 3 4 1 
10390166 11086256 11526174 11207352 
0 3 6 5 2 4 1 
10391084 11275352 11202172 10877520 
4 0 2 1 6 5 3 
10391838 10910452 11600588 11230346 
4 0 6 3 5 2 1 
10392830 11035826 11551724 11201628 
5 2 3 4 6 0 1 
10399364 11445662 10997356 11135206 
1 0 3 2 5 6 4 
10399466 11509294 10895668 11663718 
3 1 5 6 0 2 4 
10405096 11198652 11057006 11654250 
0 4 2 1 6 5 3 
10413476 11309190 11179904 11194794 
2 3 6 4 0 5 1 
10413646 11455100 11114182 11123662 
3 0 5 6 1 2 4 
10416516 11259634 10822932 11474610 
4 1 2 5 3 0 6 
10417486 11089196 11554942 10955576 
5 3 4 0 2 6 1 
10417906 11332226 11419620 10709138 
4 5 2 1 3 6 0 
10419240 11345490 11222962 10856704 
3 5 0 2 1 4 6 
10420874 11593986 10882638 11210970 
2 6 3 4 0 1 5 
10421058 11442282 11074168 11207014 
2 1 6 5 0 4 3 
10421608 11146054 11563496 10791980 
2 3 6 4 0 1 5 
10423718 11627996 10857094 11196568 
2 1 5 6 0 4 3 
10431252 11301586 11296468 10742048 
4 3 0 6 5 2 1 
10433056 11067410 11458182 11166286 
2 5 1 4 0 6 3 
10433746 11394084 10995082 10852932 
2 6 5 4 1 0 3 
10435498 11375616 11339644 10725464 
3 5 4 1 6 0 2 
10437544 11029048 11720530 11042840 
0 4 1 2 6 3 5 
10438044 11115662 11192766 11291532 
2 5 3 6 0 4 1 
10438274 11603786 10903664 11198700 
1 4 0 2 6 3 5 
10439600 11209012 11206036 11155652 
1 0 4 2 6 3 5 
10440336 11236444 11221880 11150322 
5 1 2 0 6 4 3 
10442134 11166172 11404594 10775672 
4 0 6 1 3 5 2 
10448078 11065588 11638618 10900478 
6 1 5 2 4 3 0 
10450172 11112518 11204264 11276264 
3 1 0 6 4 2 5 
10451608 11059570 11182202 11177240 
1 5 6 4 3 2 0 
10451948 11396646 11290338 10797924 
6 2 0 1 4 5 3 
10452144 11357560 11109786 11187942 
2 1 0 6 5 4 3 
10452546 11305712 11243676 10736576 
6 0 1 5 4 3 2 
10453694 10979964 11353800 11346406 
6 4 1 2 5 0 3 
10455636 11842480 10964462 11092382 
6 1 5 2 0 3 4 
10455716 11379858 11136496 11139752 
3 5 2 0 4 6 1 
10457152 11277220 11127916 11184156 
4 6 3 5 2 1 0 
10460140 11433812 10958318 11218154 
0 4 2 1 6 3 5 
10460264 11859116 10938746 11187366 
5 1 3 6 4 2 0 
10461386 11043690 11478202 11205874 
3 0 6 1 4 2 5 
10462336 11341172 11114730 11114746 
2 3 6 1 0 4 5 
10463302 11522788 10929500 11199656 
1 6 3 5 2 4 0 
10466166 11704620 10822378 11069584 
2 5 0 4 1 6 3 
10466550 11358680 11064598 10817682 
2 1 3 6 5 4 0 
10466922 11303046 10988284 11151502 
1 6 4 3 0 2 5 
10468906 11071906 11626388 11113314 
6 3 4 5 0 1 2 
10470036 10989644 11635736 10912904 
6 4 5 2 1 3 0 
10470304 11272564 11082674 11022938 
6 1 0 2 5 4 3 
10472130 11351284 11031246 11018104 
3 2 6 5 1 0 4 
10476304 11704642 10769748 11409442 
5 3 0 1 6 4 2 
10476488 11642596 10738846 11288886 
5 1 4 3 6 2 0 
10477780 11256018 11304600 10776960 
3 0 1 5 4 2 6 
10478806 11468806 10851832 11247508 
1 2 4 3 6 5 0 
10479840 10951540 11418032 11029188 
2 0 5 6 1 4 3 
10480484 11243280 11360708 10761212 
4 1 0 3 5 2 6 
10481624 11148412 11073098 11215404 
6 5 4 3 1 2 0 
10485308 10940446 11623918 10903002 
2 5 3 4 0 6 1 
10485344 11353798 10862722 11132858 
0 1 6 5 4 3 2 
10486144 10939926 11170338 11457016 
2 3 5 4 0 6 1 
10486530 11308552 10866550 11112174 
0 1 6 2 4 3 5 
10487134 10989800 11045494 11350982 
4 5 6 1 2 0 3 
10487196 10910618 11495592 11238802 
0 2 4 3 6 5 1 
10487512 11023016 11394776 10961118 
3 6 2 0 4 1 5 
10488310 11209166 11154226 11101026 
0 4 1 5 6 3 2 
10488754 11483154 10812722 11458228 
1 5 6 4 0 2 3 
10491478 11206132 11033264 11223886 
4 2 3 0 6 5 1 
10492796 11614254 10831420 11369946 
4 6 3 1 2 5 0 
10492928 11225086 11001612 11119226 
6 1 4 0 3 5 2 
10493354 11137296 11876174 10822216 
4 5 0 1 3 6 2 
10496116 11314978 11048702 10951068 
0 3 4 2 5 6 1 
10497692 10675098 11619930 10946168 
6 4 0 2 5 3 1 
10499184 11277794 11066722 10885922 
3 5 1 2 4 6 0 
10500938 11329336 10826750 11106396 
1 4 0 5 6 3 2 
10505670 11553464 10820360 11274220 
2 6 0 3 1 5 4 
10506494 11610574 10948542 10917626 
2 3 4 0 1 5 6 
10510018 11063142 11750602 10866344 
3 5 0 2 4 6 1 
10510616 11329192 10763548 11227252 
4 3 0 2 5 6 1 
10511340 10777682 11414280 10983012 
5 1 3 2 4 6 0 
10512356 11060030 11275646 11165334 
1 3 4 2 5 6 0 
10514326 10720142 11659398 10891748 
1 6 2 5 3 4 0 
10514604 11667746 10848282 11049818 
3 1 2 4 6 0 5 
10517358 11188308 11165760 11138642 
2 5 3 1 0 4 6 
10517920 11215344 11211556 10934972 
3 6 0 4 1 5 2 
10519430 11473948 10940072 11024476 
5 2 1 6 4 0 3 
10520316 11174628 11205880 11104266 
6 1 3 5 0 4 2 
10520644 11100442 11345010 10995568 
5 1 0 6 4 3 2 
10520752 11258180 10827924 11662660 
3 0 5 2 1 4 6 
10521592 11607412 10699636 11161958 
0 3 4 5 6 1 2 
10522930 10965912 11331394 11180106 
2 3 4 5 1 0 6 
10523626 10981196 11663576 10782468 
0 1 3 5 2 4 6 
10526612 11176008 10921728 10963650 
6 5 0 3 1 2 4 
10529576 11021210 11131954 11076522 
6 0 1 2 5 4 3 
10529884 11486972 10789672 11053562 
5 6 3 0 2 4 1 
10531950 11365758 11015162 10861884 
5 4 3 0 2 6 1 
10532140 11529702 11004030 10824758 
5 3 6 0 2 4 1 
10532736 11232328 11037006 10687204 
3 0 5 1 4 6 2 
10533296 11119162 11149490 11042280 
2 6 1 4 0 5 3 
10534242 11411772 10892562 10656208 
2 3 5 1 0 4 6 
10536646 11501268 10775464 10943388 
4 1 0 2 5 6 3 
10536652 11100776 11095224 11196860 
3 2 6 0 4 5 1 
10541028 11482650 10580802 11345498 
6 2 3 1 5 0 4 
10541152 11579142 10650944 11215712 
4 3 0 6 1 2 5 
10542466 11013006 11389370 11073486 
5 0 2 4 1 6 3 
10542710 11098652 11577404 10793724 
3 5 0 4 1 2 6 
10543890 11169368 10691160 11249034 
3 6 0 2 1 4 5 
10544178 11171114 11197706 10797998 
6 4 1 2 5 3 0 
10545794 11238198 10900786 10798642 
6 1 0 2 4 3 5 
10546570 11041082 10968600 11415170 
2 6 3 4 0 5 1 
10546816 11406814 10805514 10972710 
5 3 0 4 6 2 1 
10547470 11197472 11171192 10928624 
0 3 6 5 4 1 2 
10551728 10879050 11248916 11368030 
3 5 0 4 1 6 2 
10551818 11323928 10720468 10986088 
4 3 6 0 2 5 1 
10553018 11002840 11312508 11028470 
5 0 2 6 1 4 3 
10555072 11013142 11612494 10884330 
2 3 1 6 5 4 0 
10555876 11254294 10758940 11009792 
4 6 5 2 0 3 1 
10557640 10960102 11448480 10805202 
1 4 5 2 3 6 0 
10561262 11116866 11133686 11004758 
2 0 4 6 5 1 3 
10566210 11274146 11500808 10531592 
0 5 2 4 3 6 1 
10569334 11314424 10904010 10796528 
4 2 6 1 3 0 5 
10573852 11457642 10877240 10908328 
6 2 3 0 5 1 4 
10574608 11700374 10605918 11216740 
0 4 6 1 2 3 5 
10576300 11799484 10670818 10921474 
3 0 5 6 1 4 2 
10577516 11210018 10996216 10904464 
6 3 0 2 5 4 1 
10578258 10928990 11114206 10721424 
2 4 6 1 0 5 3 
10581172 11248662 11101468 10677030 
2 0 5 4 1 6 3 
10581438 11091224 11174530 10703408 
3 1 5 2 4 6 0 
10586644 11084834 11009570 11025470 
1 5 6 3 4 2 0 
10586874 10829488 11356968 10825996 
5 4 6 1 2 3 0 
10586898 11764204 10790910 10873764 
3 2 6 5 4 0 1 
10587458 11436890 10602138 11195794 
1 4 6 0 2 5 3 
10589450 11226836 10859032 11136332 
3 1 5 0 4 6 2 
10591476 11106930 11098530 10962522 
6 1 2 5 4 3 0 
10592984 10803880 11336416 11115520 
3 5 2 1 4 6 0 
10593144 11070716 11074536 10937762 
4 1 2 6 3 0 5 
10593258 11226480 11093990 10839768 
2 4 1 6 5 0 3 
10594496 11450332 11040098 10600628 
4 6 0 2 1 3 5 
10596080 10887018 11189660 10887260 
5 3 1 2 6 4 0 
10600660 10777562 11171686 10808112 
4 0 1 2 5 6 3 
10605194 11244276 10798036 11209812 
0 1 4 2 6 3 5 
10607432 10900598 11083460 11048504 
2 3 0 6 5 4 1 
10613754 11197986 10807660 10840144 
4 0 5 1 3 6 2 
10613850 11155364 11014694 10867974 
6 0 1 4 5 2 3 
10615298 11087916 10572692 10946496 
0 1 4 5 2 3 6 
10617528 10932732 11199318 10713264 
3 1 5 6 4 2 0 
10618666 10894502 11101470 11090034 
2 4 0 6 5 1 3 
10618884 11443904 11085968 10564494 
2 0 1 6 5 4 3 
10619820 11167304 11090902 10609826 
6 0 4 1 3 5 2 
10621566 10952936 11686304 10639292 
5 0 3 4 6 2 1 
10622692 11178782 10930032 10761314 
2 5 6 1 4 0 3 
10626054 10856642 11590438 10708832 
1 0 3 4 5 6 2 
10627304 11025810 10948832 11320806 
3 2 5 4 1 6 0 
10629738 11036700 11023612 10975430 
6 0 5 3 1 2 4 
10633308 11037740 10831974 10968780 
1 3 6 0 2 4 5 
10633710 11226336 10943614 10669534 
1 3 0 2 5 6 4 
10635174 10745194 11217664 11206088 
5 1 6 4 0 2 3 
10635238 11077710 10976690 10863020 
4 0 3 6 5 2 1 
10641876 11072254 10862002 10908996 
4 1 6 2 5 3 0 
10644876 11051242 11247104 10711022 
0 1 6 4 2 3 5 
10649230 11486256 10660484 10895766 
3 2 4 5 6 1 0 
10649708 11282358 10861426 10824468 
4 3 6 0 2 1 5 
10652050 11062012 11027956 10882512 
3 2 6 1 4 5 0 
10657324 11062354 10715966 11059792 
6 0 2 1 4 5 3 
10659356 10717032 11428050 10847522 
3 6 2 1 4 0 5 
10662964 11020998 10998088 10980168 
4 3 6 5 2 1 0 
10663116 10792366 11222204 10783388 
3 0 6 4 5 2 1 
10664392 10950090 11077198 11206492 
0 5 6 4 1 2 3 
10664610 11152060 10959100 10786200 
6 4 5 2 0 3 1 
10665072 11136046 11034726 10756914 
5 1 0 2 6 4 3 
10666826 11058364 10962710 10882040 
0 1 6 4 5 2 3 
10667010 11056914 11078814 10887548 
1 4 2 5 6 3 0 
10667290 11374032 10857428 10804860 
3 0 5 4 1 6 2 
10667462 11057704 10829560 10872374 
6 3 2 0 5 4 1 
10668626 11050846 11109318 10799860 
3 1 5 4 0 2 6 
10669542 11054584 10700926 11307930 
4 1 5 3 0 2 6 
10669650 11015538 10866982 11059570 
5 4 6 0 2 3 1 
10670456 11409238 10881886 10662978 
3 0 5 6 4 2 1 
10671166 10854086 10847154 11100138 
5 4 0 1 6 2 3 
10671654 11525638 10831964 10701586 
2 3 6 5 0 4 1 
10672432 10947992 11049360 10811044 
2 6 4 3 0 5 1 
10674128 11275990 10858286 10645760 
3 5 0 1 4 6 2 
10677352 11061636 10828648 10869694 
3 0 1 4 5 6 2 
10677536 11005806 10912072 11061904 
6 2 1 4 5 0 3 
10678110 11263692 10645564 10825092 
0 5 4 3 2 6 1 
10678652 11140974 11068074 10671356 
5 0 1 3 6 2 4 
10679272 11076572 10788756 10853912 
4 3 1 2 0 6 5 
10683536 10730760 11387092 10683494 
2 0 6 5 4 1 3 
10684508 10720220 11527068 10810790 
6 1 0 5 4 3 2 
10685500 10781328 11042140 11082788 
1 3 6 5 2 4 0 
10686426 11075690 10997162 10598760 
4 1 5 2 3 6 0 
10687182 11009156 10938286 10836448 
4 2 6 0 3 5 1 
10690542 11504836 10703254 10807824 
4 1 6 5 0 3 2 
10694568 10895190 11258350 10736350 
3 5 1 4 0 2 6 
10695212 11014182 10606750 11250040 
5 2 6 1 4 0 3 
10696066 11298270 10807954 10814422 
6 1 4 5 0 3 2 
10698660 10803728 11273006 10715714 
6 0 2 4 1 5 3 
10699098 11056460 11309384 10672056 
3 1 0 6 5 2 4 
10699704 10974124 10783800 11320820 
4 0 6 3 1 2 5 
10700714 10894106 11079868 10810928 
2 3 5 6 0 4 1 
10701900 11103860 10746572 10751416 
3 2 5 6 1 4 0 
10708572 10960378 11006524 10777492 
5 3 2 4 6 0 1 
10709442 11120308 10708820 10822612 
4 5 3 1 2 0 6 
10712822 10806972 11121370 11049304 
2 4 5 6 1 0 3 
10712988 11313200 11063944 10494014 
1 6 5 4 3 2 0 
10714840 11072114 11172270 10621100 
1 0 4 5 6 3 2 
10717810 10902530 11077044 10875518 
5 3 2 4 6 1 0 
10718986 11270632 10515688 10913916 
6 3 1 5 0 4 2 
10720310 11031050 10993386 10801346 
6 3 0 5 4 1 2 
10720700 10749180 11153190 11015978 
3 4 6 2 1 5 0 
10721076 11512472 10853762 10749368 
5 1 2 0 4 6 3 
10722010 10909192 11320514 10639506 
4 1 0 2 6 3 5 
10722416 10953882 10970042 10946456 
1 5 3 2 4 6 0 
10725858 11043300 10747614 10984234 
6 5 2 1 4 0 3 
10726442 10699928 11429976 10836548 
1 5 4 3 0 2 6 
10726510 10691582 11156232 10865234 
6 3 4 5 2 1 0 
10730288 10631076 11295812 10791112 
4 6 2 0 3 1 5 
10736416 11071372 10858494 10785288 
3 5 4 1 0 6 2 
10737088 11010500 11107510 10637568 
6 1 0 5 3 4 2 
10739756 10935978 11024070 10905076 
5 1 0 6 2 4 3 
10739760 10846352 11169598 10838842 
5 1 3 4 2 6 0 
10741546 11063740 10760986 10781872 
4 6 0 3 5 2 1 
10742292 10790444 11148756 11023482 
5 6 1 4 0 2 3 
10742690 10943600 11017946 10861482 
3 2 4 5 6 0 1 
10742740 11356208 10571382 10888466 
2 1 6 5 4 3 0 
10743428 10610650 11112494 11220004 
2 0 4 6 1 5 3 
10745224 11395978 11247624 10413738 
5 1 6 3 4 2 0 
10746998 11003052 11018202 10720478 
0 5 3 6 2 4 1 
10749958 11261602 10472924 10917532 
0 1 2 6 3 4 5 
10751332 11043960 10859872 10748470 
5 3 6 2 4 1 0 
10751628 10760378 11059110 10881942 
5 1 6 4 2 3 0 
10751878 11331976 10687476 10793806 
3 0 5 4 1 2 6 
10752014 10996712 10442300 11025432 
6 4 3 5 2 1 0 
10752480 11035238 10803652 11023542 
1 0 2 5 6 4 3 
10752712 11003182 11145274 10701016 
0 4 5 2 1 3 6 
10755070 10992760 10809466 11079996 
6 3 2 4 5 1 0 
10758182 11313264 10738268 10759344 
0 3 1 2 4 6 5 
10759312 10455540 11379500 10897974 
6 2 4 1 5 0 3 
10760724 11216156 10775830 10746490 
3 6 2 0 4 5 1 
10763704 11008984 10651840 11014632 
2 6 4 1 0 5 3 
10763734 10993994 10930014 10370094 
5 2 3 6 4 1 0 
10768376 10859692 11032642 11063970 
4 0 1 3 5 2 6 
10770178 10798306 10774462 10852808 
6 1 5 4 0 2 3 
10771006 10920170 10690478 10909048 
5 1 3 6 2 4 0 
10772752 10898102 10732342 10841352 
1 5 2 3 4 6 0 
10775228 11041826 10918832 10705148 
4 6 0 2 3 5 1 
10781580 11260854 10828862 10676574 
0 1 5 4 2 6 3 
10782206 10894742 10920106 10769738 
3 0 5 1 4 2 6 
10782384 11057228 10597066 11020754 
6 1 5 0 3 4 2 
10784064 10993284 10874362 10746190 
4 1 5 0 3 6 2 
10784510 11007564 10863686 10733456 
4 1 0 2 5 3 6 
10784896 11032138 10889258 10691512 
1 6 2 0 3 5 4 
10786014 11243160 10631152 10843306 
3 6 2 1 4 5 0 
10786464 10888832 10680444 10902974 
0 5 6 3 4 2 1 
10786712 10731550 11155610 10562466 
6 0 4 3 1 5 2 
10786776 10949148 11426592 10553524 
1 0 6 4 2 5 3 
10789402 10820276 10770594 11081106 
4 3 0 5 6 1 2 
10792466 10828552 11109164 10772306 
6 0 4 3 1 2 5 
10793462 10775948 11041486 10850264 
1 2 4 5 6 0 3 
10794766 11345706 10618590 10832882 
1 5 0 6 3 2 4 
10796054 11307670 10468464 10876338 
5 3 0 2 6 4 1 
10799066 10612070 11015526 10573072 
1 3 4 2 0 6 5 
10799652 10582498 11450464 10462640 
5 0 4 3 6 2 1 
10801870 10868228 10970282 10305696 
1 3 0 2 4 6 5 
10806172 10493282 11263366 10737700 
1 5 4 6 0 2 3 
10812306 11060184 10629984 10923732 
1 0 5 4 3 6 2 
10812312 10955866 10609616 10923352 
5 1 4 6 2 3 0 
10813272 10996536 10909758 10707634 
4 6 3 2 1 5 0 
10813540 11261744 10916456 10575378 
5 0 3 6 4 2 1 
10814910 10798774 10961308 10783256 
3 6 4 2 1 5 0 
10818288 11249634 10860058 10490548 
5 3 0 2 4 1 6 
10819098 10753302 10906138 11227760 
3 1 0 4 5 2 6 
10819446 10915328 10629272 11141814 
2 3 0 5 1 4 6 
10819456 10876146 10840896 10663264 
1 4 2 6 3 0 5 
10825950 11177206 10733054 10615568 
0 1 4 5 6 3 2 
10829098 10719516 10898176 10897092 
3 5 0 1 4 2 6 
10833960 10906134 10634176 10958056 
5 4 1 6 0 2 3 
10836272 10841972 10862482 10803734 
4 5 1 3 0 2 6 
10837030 10620478 10887706 10791796 
1 2 6 4 3 5 0 
10837352 11101510 10733900 10568252 
3 1 6 2 0 4 5 
10838756 11187496 10798374 10525550 
6 5 1 4 0 2 3 
10839822 10950080 10548362 10883118 
2 6 0 3 4 5 1 
10840818 11085500 10671878 10762066 
1 0 4 5 3 2 6 
10841048 11282776 10901804 10489644 
0 1 6 5 2 4 3 
10845284 10825414 10902420 10526680 
6 3 5 1 0 4 2 
10846370 11313942 10620334 10739238 
1 6 2 3 4 0 5 
10846560 11028708 10809432 10790610 
2 3 0 5 4 1 6 
10846858 10586338 11038140 10764856 
1 0 3 5 6 2 4 
10849562 11393596 10602124 10837782 
2 3 0 6 1 4 5 
10850844 11009182 10587312 10772880 
1 0 3 4 6 2 5 
10853292 10957342 10851212 10636192 
2 1 4 0 6 5 3 
10853712 10602068 11398222 10623832 
5 1 4 6 0 2 3 
10853730 10679666 10946978 10618610 
4 2 6 1 3 5 0 
10855382 11072108 10752578 10501102 
6 2 3 0 5 4 1 
10855646 11333870 10419928 10892792 
3 0 1 5 6 4 2 
10857738 11029652 10858832 10552742 
3 5 4 1 2 0 6 
10858022 10574392 11238368 11011908 
4 5 0 6 1 2 3 
10858480 11063326 10427872 10827390 
6 1 4 2 0 3 5 
10859442 10886866 10782010 10701554 
2 6 1 0 5 4 3 
10859650 10925620 10891008 10596584 
1 0 5 2 4 6 3 
10862954 10885788 10698974 11049726 
2 3 5 0 1 6 4 
10863794 10903470 10717582 10889786 
4 5 0 2 1 6 3 
10865908 11060934 10563010 10774156 
4 6 2 5 3 0 1 
10874544 11202578 10571960 10735264 
4 5 0 6 3 2 1 
10877368 11149806 10591128 10556328 
0 5 3 1 2 6 4 
10877534 11058144 10440266 10742980 
0 1 4 2 5 3 6 
10878136 10769334 10937012 10733944 
2 0 4 1 6 5 3 
10882622 10562112 11331120 10518208 
3 4 2 5 6 1 0 
10883488 11080368 10671534 10661234 
2 4 0 6 1 5 3 
10883726 11479048 10754352 10373884 
0 5 6 4 3 2 1 
10884146 11078780 10918780 10368338 
4 2 1 3 5 0 6 
10886990 10946410 10881282 10663232 
3 2 4 6 1 0 5 
10887746 10945706 10822116 10459838 
2 6 1 4 5 0 3 
10889422 10998572 10785814 10394446 
0 6 5 4 1 2 3 
10890398 10832808 10888792 10627808 
2 6 0 1 4 5 3 
10891000 10826736 10798518 10531984 
1 0 4 6 3 2 5 
10893312 10869588 11011892 10263776 
5 1 4 2 0 3 6 
10895530 10756538 10798578 10890290 
4 0 1 5 6 3 2 
10896158 10765084 10926552 10705934 
4 5 0 3 1 6 2 
10898270 11065510 10667238 10670884 
4 5 0 3 1 2 6 
10898532 10604280 10797180 10588030 
3 5 2 4 6 0 1 
10899020 10813478 10727586 10948142 
4 0 5 2 1 6 3 
10899026 10998124 10606642 10780990 
5 0 6 3 4 2 1 
10901456 10754762 10860398 10395224 
0 3 1 6 5 4 2 
10902112 11037110 10454668 10967864 
4 5 1 0 3 2 6 
10902396 11345620 10748194 10513600 
4 3 0 2 1 6 5 
10902974 10532318 11140124 10539044 
3 5 1 2 0 6 4 
10903330 11212780 10272182 10939036 
6 0 2 4 3 5 1 
10903466 10998060 10812296 10433042 
3 0 1 6 5 2 4 
10904110 10855368 10407284 11094012 
0 4 2 6 3 1 5 
10904154 11126494 10600452 10697792 
5 4 0 2 1 3 6 
10904646 10838200 10689394 11131454 
4 5 1 6 0 2 3 
10904946 11015900 10368014 10906318 
3 5 4 2 0 6 1 
10908592 11078736 10571290 10604036 
4 0 1 5 3 2 6 
10908808 11198672 10717048 10496436 
3 1 0 4 6 2 5 
10908914 10850852 10741904 10759846 
4 1 6 2 0 3 5 
10914990 10888868 10745486 10535318 
4 0 1 6 3 2 5 
10914992 10854604 10844032 10414952 
6 2 3 5 4 1 0 
10915472 10884180 10673754 10998646 
5 1 3 0 2 4 6 
10919544 10872248 10501658 10793242 
1 6 2 0 4 5 3 
10920802 10834130 10639336 10793040 
6 2 5 4 1 0 3 
10922058 11047024 10590306 10555454 
1 4 2 5 6 0 3 
10922672 11012040 10728820 10718786 
6 4 1 2 0 3 5 
10922880 10908814 10575726 10717190 
5 1 4 0 6 2 3 
10924798 11169460 10767656 10297334 
4 0 5 3 1 6 2 
10926964 11016896 10705830 10685950 
6 5 0 4 1 2 3 
10927090 10889812 10498294 10676780 
2 0 5 1 4 6 3 
10927692 10697966 11142560 10529982 
5 2 6 3 4 0 1 
10931316 10860626 10824882 10450720 
2 6 4 1 5 0 3 
10933414 10855894 11057066 10336882 
1 6 4 0 2 3 5 
10933452 11044450 10829562 10339964 
4 1 2 5 6 3 0 
10936370 10688156 11005402 10476008 
1 0 3 4 5 2 6 
10936912 10904650 10482116 10848720 
1 0 6 3 4 2 5 
10942356 10678490 10786970 10521124 
0 5 4 3 1 2 6 
10945768 10618010 11019850 10460100 
3 0 1 4 6 2 5 
10946484 10778242 10662628 10654418 
3 0 4 6 5 2 1 
10948184 10679228 10767998 10751186 
5 4 6 2 0 3 1 
10948560 10785934 10844906 10511746 
4 1 5 2 0 3 6 
10950214 10916652 10705346 10562950 
5 6 4 2 1 3 0 
10950316 10451294 11170998 10603262 
0 5 4 6 1 2 3 
10952516 11006856 10633382 10552820 
4 2 5 6 1 0 3 
10954166 10949280 10703436 10547504 
3 5 1 6 0 4 2 
10954566 11188028 10466718 10669910 
2 6 3 4 5 0 1 
10960196 10945134 10605166 10650828 
1 3 2 5 4 0 6 
10961350 10586014 10951590 10701784 
0 5 6 1 4 2 3 
10962054 10907762 10803498 10464312 
6 5 0 1 3 2 4 
10963478 11082742 10726994 10537034 
5 0 6 1 2 4 3 
10963576 10856498 10863650 10362036 
2 3 5 4 1 0 6 
10963768 11126844 10535550 10538452 
0 5 4 1 2 6 3 
10964626 10816882 10775674 10322922 
1 4 6 5 2 3 0 
10965262 11115248 10579084 10415240 
6 3 4 2 0 5 1 
10969106 10834854 11164244 10298070 
0 5 1 4 2 6 3 
10971138 10869716 10505866 10594576 
1 6 2 3 4 5 0 
10971140 10856102 10512788 10667816 
0 1 5 2 3 6 4 
10971394 10783812 10599830 10969216 
0 3 1 2 6 4 5 
10971532 10457664 10952520 10593294 
0 3 4 2 1 6 5 
10972230 10346314 11319630 10478464 
2 6 3 0 5 4 1 
10973016 10830646 10643656 10806150 
1 0 3 4 2 6 5 
10973924 10764422 10716928 10598430 
0 4 6 2 1 3 5 
10977366 10726416 10668790 10727500 
5 3 1 2 4 6 0 
10978238 10297398 11080574 10557232 
5 4 1 2 0 3 6 
10979704 10812278 10569254 10921286 
6 3 0 5 1 4 2 
10979980 10806628 10704118 10644346 
0 5 1 4 3 6 2 
10979984 10961748 10416804 10935314 
5 1 6 0 2 4 3 
10981536 10751550 10788134 10297124 
2 3 0 5 6 1 4 
10981614 10595560 10911684 10702956 
0 1 6 3 4 2 5 
10987736 10828842 10743416 10582848 
0 5 3 2 4 6 1 
10989700 10800914 10537968 10832642 
4 1 5 6 0 2 3 
10990050 10600774 10634930 10704280 
0 3 1 5 6 4 2 
10990564 10849314 10595412 10797684 
2 5 4 1 3 0 6 
10994446 10639702 11486686 10363872 
0 6 4 2 1 3 5 
10994496 10389794 11017386 10586440 
0 1 4 6 5 2 3 
10999844 10656286 10779720 10411224 
0 4 5 3 1 2 6 
11004600 11085298 10466880 10716642 
0 5 3 1 2 4 6 
11006724 10827800 10467616 10577124 
5 3 1 2 0 6 4 
11009662 10495086 10852082 10620248 
0 3 2 5 6 1 4 
11010990 10599064 10732204 10621556 
4 0 6 1 3 2 5 
11017312 11036966 10764156 10323688 
6 3 5 0 1 4 2 
11017808 10900774 10550570 10520500 
2 0 6 1 4 5 3 
11018104 10439634 11097824 10384702 
4 0 5 3 1 2 6 
11019706 10649234 10477820 10493208 
5 1 0 3 4 6 2 
11023636 11164622 10398798 10903070 
1 5 0 2 4 6 3 
11024786 10786898 10391092 10852492 
6 3 4 2 1 5 0 
11030638 10778114 11224414 10233938 
6 2 0 4 1 5 3 
11035030 11019888 10548260 10413700 
6 0 3 5 2 1 4 
11035618 10564112 10762318 10901822 
0 5 3 4 2 6 1 
11039584 10878678 10208914 10501254 
1 0 6 4 3 2 5 
11041960 10889858 10624460 10219042 
0 3 2 5 4 1 6 
11043970 10421062 10805764 10635432 
1 6 2 4 3 0 5 
11044412 10826966 10508092 10386544 
0 3 6 2 5 4 1 
11046230 10388432 11049112 10393918 
5 0 1 6 2 4 3 
11049626 10589672 10823544 10572828 
4 1 0 6 5 2 3 
11052008 10586336 10492854 10571070 
5 3 1 6 0 4 2 
11052314 10836910 10435874 10831618 
3 0 1 4 5 2 6 
11053240 10702270 10286236 10860322 
0 6 2 3 4 5 1 
11054898 10818388 10455398 10508670 
6 3 1 5 2 4 0 
11055226 10610262 10872330 10522906 
5 3 2 1 6 4 0 
11058920 11081844 10288434 10381066 
5 0 4 1 6 2 3 
11058924 10940064 10559754 10085470 
1 4 0 6 3 2 5 
11061638 10830462 10775362 10297036 
5 3 0 6 4 2 1 
11061716 10416014 10939898 10595554 
6 5 1 4 3 2 0 
11067320 10871904 10721228 10380704 
2 0 5 1 6 4 3 
11067482 10673414 11244204 10352082 
1 2 6 3 4 5 0 
11068440 10462912 10731910 10489258 
2 6 0 4 1 5 3 
11070710 10960064 10481598 10116958 
1 4 6 0 2 3 5 
11070936 11145104 10410856 10297544 
2 5 0 1 4 6 3 
11072504 10641672 10820878 10357956 
5 1 3 2 0 4 6 
11075428 10837664 10403958 10805942 
3 6 0 4 5 2 1 
11077864 10544510 10726130 10933542 
6 3 1 2 0 4 5 
11083726 10541456 10674214 10431384 
0 1 2 5 6 4 3 
11088154 10610084 10875872 10259948 
5 1 4 0 2 6 3 
11089410 10690248 10855044 10105034 
5 6 4 2 0 3 1 
11091756 10399988 11028112 10286142 
1 3 0 2 6 4 5 
11098000 10432910 10832294 10366246 
4 6 1 2 0 3 5 
11099160 10488262 10747368 10308710 
1 5 3 4 0 6 2 
11102412 10811058 10331306 10742676 
5 0 6 1 4 2 3 
11102958 10859334 10527246 10239230 
6 0 5 4 1 2 3 
11105082 10668052 10282914 10430858 
3 6 4 2 0 1 5 
11106470 10907498 10775288 10172934 
2 6 4 0 5 1 3 
11106582 10656262 10946032 10202342 
5 3 2 0 6 4 1 
11109622 10728950 10491890 10204912 
1 5 4 3 2 6 0 
11111380 10717690 10742754 10346530 
2 1 6 5 4 0 3 
11115388 10379242 11122712 10311970 
2 1 6 0 4 5 3 
11117162 10364642 11046444 10392490 
1 5 3 6 2 4 0 
11120654 10926492 10192998 10577052 
4 6 3 2 0 5 1 
11123148 11026798 10449644 10361274 
5 1 0 4 6 2 3 
11129150 10676662 10341160 10264600 
0 3 1 2 5 4 6 
11130972 10415824 10599768 10478510 
5 0 3 6 2 4 1 
11137168 10575386 10467520 10479418 
1 0 4 5 2 3 6 
11137312 10581170 10823482 10299786 
4 5 0 1 3 2 6 
11137754 10850076 10534820 10187670 
0 6 5 4 3 2 1 
11137966 10739464 10810792 10184794 
1 3 6 2 5 4 0 
11140612 10378978 10991302 10258774 
4 3 6 2 1 5 0 
11146118 10647406 10996154 10200858 
3 1 2 5 6 4 0 
11146990 10691004 10657894 10238500 
4 5 2 1 6 0 3 
11154666 10350708 10970080 10449340 
1 6 3 2 0 4 5 
11155842 10559162 10745990 10287318 
4 0 5 6 1 2 3 
11155982 10542468 10309392 10404464 
3 2 6 4 1 0 5 
11158146 10800276 10294500 10378508 
4 1 6 0 2 5 3 
11158698 10403662 10781844 10539526 
2 3 5 4 1 6 0 
11162460 10759852 10181558 10653918 
6 2 3 4 5 0 1 
11166268 10850398 10108732 10409498 
0 2 6 3 4 5 1 
11168182 10451246 10656760 10341952 
5 0 1 4 2 6 3 
11168646 10574580 10659988 10324434 
0 2 6 4 3 5 1 
11169454 10869916 10488550 10254890 
6 0 5 3 4 2 1 
11170760 10398262 10598426 10405972 
2 3 5 0 1 4 6 
11172804 10648244 10365300 10392538 
1 0 5 6 3 2 4 
11173086 10752052 10245284 10397532 
4 3 6 2 0 5 1 
11174238 10613936 10907712 10239322 
4 1 2 5 6 0 3 
11175072 10333724 10931874 10375534 
5 3 4 2 0 6 1 
11175194 10222862 11014420 10027218 
3 2 1 6 0 4 5 
11180112 10582378 10687500 10305754 
4 1 0 6 3 2 5 
11180306 10618412 10587298 10207208 
6 5 0 4 3 2 1 
11181330 10781612 10447030 10248982 
4 3 6 2 0 1 5 
11187334 10673600 10709424 10184548 
5 0 1 4 6 2 3 
11188806 10640044 10237344 10175532 
0 3 5 6 4 2 1 
11190032 10377072 10876196 10457898 
5 0 3 4 2 6 1 
11196172 10618822 10397956 10296992 
5 1 4 2 0 6 3 
11199994 10561956 10714228 10178682 
5 0 4 1 2 6 3 
11205184 10627796 10772646 10029330 
5 0 4 3 1 2 6 
11213326 10515096 10584674 10415812 
6 0 1 3 4 2 5 
11218300 10373998 10528876 10614488 
5 6 3 2 0 4 1 
11226754 10513614 10697142 10244944 
6 5 1 3 4 2 0 
11229346 10275996 10779158 10392476 
6 1 0 3 4 2 5 
11229572 10497724 10423322 10699836 
2 3 6 0 4 1 5 
11232194 10401232 10486076 10673140 
6 1 4 0 2 5 3 
11233446 10362480 10898216 10353634 
0 4 1 6 5 3 2 
11235070 11050790 10076298 10698984 
1 5 0 6 4 2 3 
11236216 10669342 10054680 10589528 
0 1 5 6 3 4 2 
11238220 10650428 10235612 10747522 
2 5 1 0 4 6 3 
11238294 10530416 10619556 10338504 
4 0 5 6 3 2 1 
11244950 10578788 10378448 10070522 
0 2 1 6 5 4 3 
11246680 10577480 10641302 10312186 
4 1 0 5 2 3 6 
11249484 10426186 10918752 10234644 
1 0 5 3 4 2 6 
11251364 10404434 10282458 10424588 
5 1 2 6 3 4 0 
11251640 10548238 10442026 10343392 
1 0 4 3 6 2 5 
11254610 10420052 10664726 10077164 
5 0 6 4 1 2 3 
11254914 10578632 10410198 10160718 
4 0 6 5 2 1 3 
11255876 10274564 10784128 10475544 
1 3 5 2 6 4 0 
11255964 10236778 10808170 10247398 
2 1 4 5 6 3 0 
11258642 10234684 10743240 10511832 
3 1 5 2 0 4 6 
11259132 10854608 10225386 10379374 
5 1 0 3 4 2 6 
11260204 10565384 10190862 10585832 
6 2 3 4 5 1 0 
11263610 10794118 10151010 10294780 
4 0 1 6 5 2 3 
11264406 10480604 10107458 10350182 
5 3 0 2 4 6 1 
11266854 10056762 10779334 10229006 
6 3 5 0 2 4 1 
11267848 10541556 10642354 10275500 
6 5 0 3 4 2 1 
11271428 10235432 10623656 10330314 
1 5 0 4 3 2 6 
11274292 10706810 10132192 10219628 
1 3 5 2 4 6 0 
11277446 10036166 10735362 10295206 
0 5 4 1 3 2 6 
11280382 10762606 10726866 10002364 
1 5 3 0 2 6 4 
11280462 10799644 10006694 10447358 
3 2 5 6 0 4 1 
11283360 10467646 10608174 10393072 
6 3 0 2 1 4 5 
11286052 10350826 10464818 10340688 
6 0 1 4 3 2 5 
11290804 10614116 10375066 10328706 
0 1 4 6 3 2 5 
11295878 10519582 10821268 9999338 
4 6 0 2 5 3 1 
11300674 10328588 10687188 10151904 
3 5 2 1 6 4 0 
11302586 10516348 10541192 10238296 
5 6 0 4 1 2 3 
11302710 10481140 10555270 10248248 
2 6 4 0 1 5 3 
11306056 10591974 10552928 9932688 
0 4 5 6 1 2 3 
11310916 10512872 10421692 10251938 
2 3 6 0 4 5 1 
11312250 10227820 10652692 10504602 
2 3 6 5 4 1 0 
11315748 10113022 10552144 10542634 
5 3 2 6 4 0 1 
11321476 10396270 10434026 10377834 
1 4 6 2 5 3 0 
11323286 10489976 10641844 10182320 
1 5 0 3 4 2 6 
11325140 10197780 10337568 10329010 
0 3 5 2 6 4 1 
11327902 10096040 10772236 10239406 
0 3 2 5 1 4 6 
11329864 10464918 10592416 10271052 
3 5 1 4 6 2 0 
11330104 10478030 10307942 10420720 
1 5 4 2 0 6 3 
11335642 10615114 10247938 10304252 
4 6 2 3 0 5 1 
11337564 10570160 10502228 10244744 
1 0 5 6 4 2 3 
11338768 10310184 10200450 10357002 
4 6 2 1 0 5 3 
11338850 10420644 10606340 10245814 
1 6 4 2 0 3 5 
11341032 10221098 10676342 9996072 
1 0 6 5 2 4 3 
11342786 10509888 10444846 10250836 
4 1 0 3 6 2 5 
11345476 10443376 10479890 10317724 
4 0 5 1 3 2 6 
11347968 10784030 10142860 9994688 
4 1 5 6 3 2 0 
11353474 10471204 10446876 9984642 
4 0 6 1 2 5 3 
11355280 10122330 10570260 10387808 
1 5 3 2 0 4 6 
11356634 10718034 10096650 10411138 
4 1 5 2 0 6 3 
11357062 10439566 10374516 10270358 
1 3 6 2 0 4 5 
11360046 10296244 10589214 9967910 
5 3 4 2 1 6 0 
11364406 10031722 10923054 9988622 
2 3 6 5 4 0 1 
11368676 10163580 10665600 10344762 
6 0 5 1 4 2 3 
11369382 10507154 10266330 10259002 
3 2 6 4 1 5 0 
11372566 10573492 10150708 10216602 
2 1 4 5 6 0 3 
11375844 10215502 10962212 9914108 
0 4 5 2 1 6 3 
11377402 10370568 10446236 10300492 
4 3 5 2 1 6 0 
11378798 10088502 10567670 9995750 
0 1 6 5 4 2 3 
11383984 10551722 10425972 10135510 
1 5 3 4 2 6 0 
11386472 10543010 9971210 10216388 
5 3 6 2 0 4 1 
11387812 10180384 10588306 9893576 
1 3 5 2 0 6 4 
11391774 10150434 10480726 10334486 
5 3 2 0 4 6 1 
11392970 10447170 10488162 10088090 
0 3 2 1 6 4 5 
11403112 10789178 10096500 10178668 
4 6 1 2 5 3 0 
11410710 10234308 10467126 9962510 
0 1 5 3 4 2 6 
11411320 10456002 10141128 10301848 
1 5 3 0 2 4 6 
11411326 10506618 10066594 10210822 
3 0 6 4 2 5 1 
11413928 10288218 10318154 10653306 
1 6 2 4 3 5 0 
11415272 10652950 9964228 10002430 
1 3 0 2 5 4 6 
11419392 10228110 10428470 10205094 
4 6 2 0 3 5 1 
11420088 10610750 10087242 9981918 
6 0 5 4 3 2 1 
11429402 10509692 10137450 9940180 
1 4 0 6 5 2 3 
11434360 10373976 10240528 10349758 
0 1 5 4 3 6 2 
11434620 10526138 9965974 10533028 
1 5 4 0 2 6 3 
11435634 10497406 10260998 10042988 
0 3 2 6 1 4 5 
11435892 10485994 10311464 10146796 
0 3 6 2 1 4 5 
11435904 10130368 10500044 10104262 
4 0 1 3 6 2 5 
11437806 10233718 10445014 10131192 
3 5 0 4 6 2 1 
11437848 10369422 10094958 10427814 
4 3 5 2 0 6 1 
11441190 10026472 10579692 9962310 
5 0 1 6 4 2 3 
11441288 10218372 10169172 10139194 
6 3 5 2 0 4 1 
11448676 10204912 10410110 9887416 
1 3 2 0 6 4 5 
11456116 10501246 10260114 9975946 
6 3 5 2 1 4 0 
11456964 10192542 10314202 9934992 
2 5 4 1 6 0 3 
11458926 10178726 10899954 9873338 
2 3 4 5 6 1 0 
11459210 10044328 10537530 10206462 
5 3 1 2 0 4 6 
11459606 10169928 10265454 10265016 
1 0 4 6 5 2 3 
11469266 10267638 10203878 10134146 
0 3 5 4 1 6 2 
11472060 10617020 9844046 10577802 
6 0 4 5 2 1 3 
11482760 10004774 10718422 10253682 
0 5 1 3 4 2 6 
11482896 10140406 10291712 10127642 
5 3 0 2 1 6 4 
11487490 10063310 10459476 10253426 
1 5 4 3 6 2 0 
11488280 10086550 10621670 9874926 
4 6 2 1 3 5 0 
11491392 10478166 10030006 9849244 
4 3 2 0 6 1 5 
11503344 10323734 10281028 10098178 
0 5 1 2 6 4 3 
11506290 10438780 10167588 10359604 
0 3 5 2 4 6 1 
11519202 9757788 10550256 10127254 
5 1 0 6 4 2 3 
11519644 10082940 10160458 10076114 
6 1 0 4 3 2 5 
11521708 10464042 10090432 10171926 
6 0 1 5 4 2 3 
11529224 10445724 10048088 10270026 
0 3 5 6 1 4 2 
11537052 10482894 9880068 10452784 
1 0 5 4 6 2 3 
11537230 10253456 10123854 10122108 
3 2 1 6 5 4 0 
11542966 10268808 10273624 10027914 
1 3 2 6 5 4 0 
11543912 10410572 10273842 9976364 
6 1 5 4 3 2 0 
11546296 10449910 10127014 9915122 
1 0 5 4 3 2 6 
11549256 10478714 9792732 9930746 
5 3 0 6 1 4 2 
11553568 10417944 9948030 10444458 
5 6 2 4 3 0 1 
11554090 10411192 10207042 9915294 
5 3 6 2 1 4 0 
11558052 10005054 10441326 9894784 
0 1 5 4 6 2 3 
11563438 10296270 10203574 9979828 
0 3 5 2 1 6 4 
11571138 9934086 10283598 10199974 
2 1 0 5 6 4 3 
11575234 10173512 10544176 9817536 
4 2 6 3 1 0 5 
11583062 10329822 10246872 9919424 
6 3 2 5 1 4 0 
11586092 10171052 10345930 10056258 
0 4 5 6 3 2 1 
11587500 10390264 10325836 9801484 
1 6 3 2 5 4 0 
11588152 10175408 10272018 9993398 
0 5 1 3 6 2 4 
11592800 10177198 10188830 10046698 
0 5 4 3 6 2 1 
11596048 10071754 10472206 9690632 
5 2 6 4 1 0 3 
11596858 10461248 10156546 9902162 
6 2 4 1 0 5 3 
11599620 10440336 10128714 9928886 
5 0 6 4 3 2 1 
11602370 10396992 10257438 9663416 
0 6 2 4 1 5 3 
11603774 10388692 10166262 9868578 
0 1 5 6 4 2 3 
11603800 10073998 10135276 10001938 
6 4 2 1 3 5 0 
11607710 10525770 10020164 9851670 
5 6 0 4 3 2 1 
11608118 10329596 10459030 9788674 
0 6 4 2 5 3 1 
11616186 9914784 10541058 9874820 
5 2 4 6 1 0 3 
11639658 10286998 10364482 9837692 
5 0 1 6 3 2 4 
11644818 10288730 10097574 10074016 
2 1 5 6 3 4 0 
11649676 10272016 10093664 10193410 
5 3 2 4 1 6 0 
11650708 10409280 10124760 9986706 
3 2 6 4 0 1 5 
11664142 10423252 9977628 9976440 
4 2 3 6 0 1 5 
11666546 10318422 10110716 9920966 
6 1 0 5 4 2 3 
11669740 10154724 10089774 10114882 
4 1 6 5 2 3 0 
11676140 10053514 10341466 9706134 
0 1 4 5 6 2 3 
11676456 10373366 10195176 9637076 
6 3 2 5 4 1 0 
11681832 9817876 10224042 10061158 
3 2 6 4 5 0 1 
11689700 10258194 10024062 10164064 
0 6 1 2 5 4 3 
11691498 10034068 10207616 9997304 
1 2 3 6 0 4 5 
11692920 10160910 10252308 9870696 
5 0 4 6 3 2 1 
11695002 10130450 10398598 9595830 
6 2 3 4 0 1 5 
11704650 10402378 9830006 10174388 
4 1 6 0 2 3 5 
11705514 10292320 10117938 9757138 
6 2 4 3 1 5 0 
11712720 10061596 10387876 9582672 
1 0 4 5 6 2 3 
11714454 10488718 9881078 9744382 
2 6 1 4 3 5 0 
11715244 10414044 10059788 10008418 
1 6 4 2 0 5 3 
11716386 10391330 10001238 9914020 
0 6 2 4 3 5 1 
11731390 10395308 9736638 9677228 
4 1 5 0 2 6 3 
11732110 10052658 10359428 9904614 
4 2 3 6 5 0 1 
11739544 10322014 9798102 9818484 
4 3 2 5 6 0 1 
11743880 9936062 10237602 9824318 
0 3 2 5 6 4 1 
11750242 10142022 10014048 9649948 
1 3 2 5 6 4 0 
11752544 10206984 9974206 9623380 
0 1 5 6 3 2 4 
11753654 10248578 9902758 9846516 
0 2 6 4 1 5 3 
11756654 10351668 9957334 9804864 
4 3 2 5 6 1 0 
11758122 9910472 10135820 9717262 
2 3 0 5 6 4 1 
11760394 10029450 10098368 9893120 
0 2 3 6 5 4 1 
11760870 10137482 10057494 9845960 
6 3 2 5 4 0 1 
11766728 9780226 10260538 9994118 
6 2 4 3 0 5 1 
11776846 9991604 10250378 9614584 
3 5 0 4 2 6 1 
11780000 10113206 10042994 10162364 
1 3 5 2 0 4 6 
11796790 9949244 10002258 9795382 
4 5 1 3 6 2 0 
11800276 9812716 10289608 9743804 
2 1 5 4 3 6 0 
11801532 10146682 9903022 10082968 
4 2 6 3 1 5 0 
11801712 9944648 10185330 9578918 
3 2 6 4 0 5 1 
11807248 10180930 9728898 10035774 
3 2 4 6 5 0 1 
11807844 10154024 9958462 9834386 
1 6 4 2 5 3 0 
11821282 9797394 10342900 9601572 
2 6 0 4 3 5 1 
11822998 10338120 9854982 9746760 
0 5 4 1 6 2 3 
11826942 10215230 10042718 9528246 
5 3 0 2 1 4 6 
11828252 9829106 9962314 10031184 
4 2 3 6 5 1 0 
11838560 10203052 9872930 9633086 
4 5 0 3 6 2 1 
11839940 9765084 10157728 9735210 
6 1 4 5 2 3 0 
11847968 9793272 10303226 9637474 
5 4 0 6 3 2 1 
11858684 10083756 10167228 9625650 
1 2 6 4 0 5 3 
11859234 10190700 9780874 9937398 
4 5 3 1 2 6 0 
11861148 10075318 9866528 9684686 
6 0 3 1 2 4 5 
11864538 10067080 9910368 10034526 
5 3 2 6 1 4 0 
11873560 10038632 9930698 9790438 
0 3 5 2 1 4 6 
11877016 9796136 9870416 9834966 
3 2 4 6 5 1 0 
11890876 10079166 10071770 9583572 
5 2 3 6 0 4 1 
11894280 9946722 10071524 9751442 
5 1 0 6 3 2 4 
11896038 10029570 9856500 9855832 
1 5 0 4 6 2 3 
11914010 10015064 9587254 9826206 
4 5 3 0 2 6 1 
11917188 10152486 9670660 9673930 
6 5 3 1 2 4 0 
11918956 10014118 9928042 9753798 
4 0 1 5 6 2 3 
11925850 10260084 9651026 9710050 
6 5 3 0 2 4 1 
11952862 10028046 9806946 9727976 
4 2 6 3 0 5 1 
11955490 9784446 10019560 9585162 
3 5 1 4 2 6 0 
11959376 9982646 9794218 9858678 
3 5 1 0 2 4 6 
11960278 9999046 9925714 9831392 
6 0 4 5 2 3 1 
11961696 9749308 10272748 9640860 
4 1 0 5 6 2 3 
11962764 10055016 9833142 9656090 
5 0 1 4 3 2 6 
11971068 10090272 9663326 9763646 
3 0 6 1 2 4 5 
11973658 10000416 10001118 9682672 
3 5 4 1 2 6 0 
11987664 9894292 10028506 9570824 
6 0 3 5 2 4 1 
11991960 9901562 9799308 9785962 
1 2 3 6 5 4 0 
11997934 9905540 9856672 9609416 
0 5 1 4 6 2 3 
11999874 10021260 9563158 9594858 
3 5 4 0 2 6 1 
12025944 9998100 9839150 9615716 
4 5 0 1 6 2 3 
12060274 9924400 9732112 9605912 
0 1 5 4 3 2 6 
12089276 10086282 9420818 9469382 
5 1 0 4 3 2 6 
12192900 9925414 9388772 9600146 
