98 4
0 3 1 2 4 
3992468 2849516 2926538 3060722 
2 3 4 1 0 
4026244 2876838 2835760 2636046 
1 3 0 2 4 
4034676 2782020 2914388 2974828 
3 4 2 0 1 
4053762 2835734 2798420 2889318 
3 1 2 0 4 
4096050 2686360 2917328 2945156 
4 3 2 1 0 
4128898 2847726 2689360 2649132 
0 4 1 2 3 
4144820 2640220 2769706 2706246 
3 2 4 1 0 
4154116 2772224 2776464 2463256 
3 2 4 0 1 
4157332 2834584 2703056 2496006 
2 3 4 0 1 
4160180 2841674 2617184 2482520 
3 2 1 4 0 
4164166 2693392 2916036 2518536 
2 4 3 0 1 
4178564 2710758 2680380 2760576 
2 3 1 4 0 
4191794 2716006 2845582 2423576 
0 4 1 3 2 
4192762 2728308 2658898 2668604 
1 4 0 2 3 
4198260 2622332 2691100 2709272 
0 1 4 3 2 
4217170 2706334 2737434 2535886 
2 1 3 0 4 
4226852 2587884 2763788 2863914 
2 0 4 1 3 
4229524 2502250 2917152 2771492 
3 0 1 4 2 
4249030 2645816 2824680 2643706 
3 4 2 1 0 
4252714 2652902 2575828 2606744 
3 0 4 1 2 
4254004 2541856 2933004 2734284 
4 1 0 3 2 
4256428 2723138 2687618 2582312 
4 2 1 3 0 
4263874 2600680 2961752 2669160 
3 0 2 1 4 
4268266 2516038 2773728 2796654 
4 3 2 0 1 
4285626 2765202 2516960 2424862 
3 1 4 0 2 
4291060 2505274 2897820 2701930 
4 0 1 3 2 
4304002 2726456 2633668 2400094 
1 2 4 3 0 
4306324 2604824 2870902 2703592 
4 0 2 1 3 
4307938 2366078 2914172 2592678 
1 3 2 4 0 
4311648 2704538 2604832 2483344 
4 0 1 2 3 
4315340 2594142 2678644 2353262 
1 0 4 2 3 
4323516 2571930 2637686 2328504 
1 0 4 3 2 
4331428 2664244 2631710 2315586 
2 3 1 0 4 
4339456 2671000 2538398 2289804 
0 1 4 2 3 
4339978 2516496 2598242 2362528 
2 4 3 1 0 
4364272 2555446 2430956 2519110 
4 2 3 1 0 
4368328 2645656 2485192 2388708 
3 2 1 0 4 
4371108 2604160 2543020 2300290 
2 0 3 1 4 
4381696 2426850 2617780 2723840 
2 3 0 4 1 
4385048 2555858 2673180 2259506 
4 1 0 2 3 
4385242 2520820 2560594 2390312 
2 0 1 4 3 
4386050 2451210 2778078 2471414 
2 3 0 1 4 
4398774 2546016 2584572 2279260 
2 1 4 0 3 
4405556 2336152 2780488 2625618 
4 2 3 0 1 
4407580 2633136 2484792 2309606 
1 2 3 4 0 
4420828 2570968 2533914 2478420 
0 3 1 4 2 
4433686 2466240 2417650 2442192 
3 1 0 4 2 
4445284 2514266 2629186 2347628 
4 0 3 1 2 
4445848 2316496 2774076 2482656 
1 3 0 4 2 
4453102 2446104 2359324 2427042 
3 4 1 0 2 
4462548 2424224 2618876 2450376 
1 0 3 4 2 
4468300 2358244 2663794 2307570 
1 0 2 4 3 
4472640 2292826 2734140 2267842 
0 3 2 4 1 
4485486 2564526 2490756 2334424 
3 0 2 4 1 
4492098 2412848 2447336 2519306 
4 1 2 0 3 
4513866 2183996 2781652 2432300 
3 1 2 4 0 
4518834 2400338 2368344 2385234 
4 1 3 0 2 
4530172 2254642 2745444 2427370 
1 3 2 0 4 
4530304 2512012 2441480 2129214 
2 4 1 0 3 
4536544 2288352 2618294 2329564 
3 2 0 1 4 
4537410 2422760 2499926 2105534 
3 4 0 2 1 
4542234 2411926 2710622 2212172 
0 2 1 4 3 
4543078 2249020 2441502 2364860 
0 3 2 1 4 
4547414 2454524 2499804 2204564 
1 2 0 4 3 
4566622 2247116 2358752 2382390 
0 4 2 3 1 
4572610 2502258 2451748 2277332 
3 0 1 2 4 
4575412 2456422 2481128 2168406 
3 4 1 2 0 
4581988 2324062 2648340 2193322 
2 4 0 1 3 
4584630 2300024 2479140 2209976 
0 1 2 3 4 
4596850 2422820 2475152 2174122 
2 1 0 4 3 
4610168 2296784 2502260 2205952 
3 4 0 1 2 
4621746 2329256 2458566 2186652 
2 0 3 4 1 
4624778 2283660 2330388 2386742 
4 3 0 1 2 
4626546 2301332 2269198 2217856 
0 1 3 4 2 
4645138 2246830 2526626 2026642 
2 1 3 4 0 
4655642 2289382 2226972 2285350 
0 3 4 1 2 
4672532 2238952 2330830 2130074 
0 1 2 4 3 
4673214 2140304 2541072 1984850 
0 1 3 2 4 
4691582 2339508 2321514 2042556 
1 2 3 0 4 
4692758 2346696 2292562 2058458 
0 4 2 1 3 
4710902 2109740 2526716 1958200 
1 4 2 0 3 
4716256 2080180 2587264 2080814 
4 2 0 1 3 
4728066 2148844 2205126 2067454 
1 0 3 2 4 
4739704 2283090 2208858 2002916 
1 0 2 3 4 
4751956 2309986 2273228 1950270 
4 3 1 0 2 
4758444 2242796 2186616 1980352 
1 4 3 0 2 
4767062 2091076 2469806 2072884 
0 2 4 1 3 
4775924 2094732 2255682 1994492 
0 2 3 1 4 
4799480 2242080 2259210 1958024 
4 0 2 3 1 
4811086 2280048 2126868 1997758 
1 3 4 0 2 
4823846 2160280 2189922 1877420 
3 1 4 2 0 
4838058 2150330 2301284 1916532 
0 4 3 1 2 
4859576 2041516 2361270 1847242 
4 1 2 3 0 
4860286 2180490 2166748 2061650 
4 2 1 0 3 
4864092 2040084 2190656 1870026 
1 2 4 0 3 
4935494 1984068 2158462 1814594 
4 0 3 2 1 
4960334 2098152 2031748 1840904 
4 1 3 2 0 
5005406 2048818 2003516 1864720 
