720 3
0 5 4 2 3 1 
6081406 9534194 9534194 
4 5 0 2 1 3 
6286990 9328610 9328610 
3 5 4 2 0 1 
6290442 9325158 9325158 
0 2 1 5 3 4 
6331828 9283772 9283772 
0 4 5 2 3 1 
6426072 9189528 9189528 
4 5 3 2 1 0 
6426416 9189184 9189184 
4 0 5 2 1 3 
6427390 9188210 9188210 
2 0 1 5 4 3 
6430292 9185308 9185308 
2 5 3 0 4 1 
6445152 9170448 9170448 
5 0 4 2 1 3 
6459460 9156140 9156140 
3 2 1 5 0 4 
6466726 9148874 9148874 
3 5 4 0 1 2 
6511180 9104420 9104420 
0 5 2 4 3 1 
6517144 9098456 9098456 
5 3 4 2 1 0 
6536214 9079386 9079386 
3 5 4 1 0 2 
6538004 9077596 9077596 
2 5 0 3 4 1 
6547898 9067702 9067702 
0 5 4 1 3 2 
6553368 9062232 9062232 
5 4 3 2 1 0 
6607138 9008462 9008462 
0 1 2 5 3 4 
6614650 9000950 9000950 
1 0 2 5 4 3 
6620486 8995114 8995114 
3 4 5 2 0 1 
6621576 8994024 8994024 
4 0 2 5 1 3 
6621576 8994024 8994024 
1 2 0 5 4 3 
6647264 8968336 8968336 
3 5 2 0 1 4 
6665526 8950074 8950074 
4 2 0 5 1 3 
6668142 8947458 8947458 
4 3 5 2 1 0 
6674488 8941112 8941112 
5 0 2 4 1 3 
6677108 8938492 8938492 
5 2 0 3 1 4 
6683700 8931900 8931900 
4 5 3 0 1 2 
6690074 8925526 8925526 
0 2 4 5 3 1 
6691136 8924464 8924464 
0 5 3 2 4 1 
6691380 8924220 8924220 
5 4 0 2 1 3 
6698950 8916650 8916650 
4 5 3 2 0 1 
6699438 8916162 8916162 
2 1 0 5 4 3 
6706334 8909266 8909266 
0 2 1 4 3 5 
6710816 8904784 8904784 
5 2 3 0 1 4 
6715668 8899932 8899932 
4 5 3 0 2 1 
6728446 8887154 8887154 
0 5 2 3 4 1 
6730346 8885254 8885254 
5 0 2 3 1 4 
6733554 8882046 8882046 
5 2 0 4 1 3 
6743954 8871646 8871646 
3 5 4 0 2 1 
6755130 8860470 8860470 
3 2 5 0 1 4 
6759468 8856132 8856132 
2 3 5 0 4 1 
6761084 8854516 8854516 
0 2 5 4 3 1 
6762866 8852734 8852734 
3 1 2 5 0 4 
6763148 8852452 8852452 
1 5 0 3 4 2 
6764912 8850688 8850688 
1 2 3 5 4 0 
6767834 8847766 8847766 
2 5 0 4 3 1 
6770376 8845224 8845224 
0 5 1 2 3 4 
6778802 8836798 8836798 
3 2 0 5 1 4 
6779200 8836400 8836400 
0 5 1 4 3 2 
6787854 8827746 8827746 
4 5 0 1 2 3 
6789542 8826058 8826058 
0 4 2 5 3 1 
6790080 8825520 8825520 
3 5 0 2 1 4 
6795072 8820528 8820528 
2 0 5 3 4 1 
6800968 8814632 8814632 
3 5 1 2 0 4 
6803398 8812202 8812202 
1 2 0 5 3 4 
6813312 8802288 8802288 
4 5 3 1 2 0 
6838968 8776632 8776632 
2 3 1 5 4 0 
6846124 8769476 8769476 
3 4 5 0 1 2 
6849676 8765924 8765924 
3 5 2 1 0 4 
6849850 8765750 8765750 
1 5 3 0 4 2 
6862166 8753434 8753434 
1 3 2 5 4 0 
6865118 8750482 8750482 
2 5 4 0 3 1 
6873030 8742570 8742570 
3 4 5 1 0 2 
6880988 8734612 8734612 
5 3 4 1 2 0 
6885166 8730434 8730434 
0 5 4 3 2 1 
6886944 8728656 8728656 
0 5 4 3 1 2 
6889394 8726206 8726206 
2 0 1 4 5 3 
6890374 8725226 8725226 
4 5 0 2 3 1 
6901554 8714046 8714046 
5 0 1 4 2 3 
6902822 8712778 8712778 
0 4 5 1 3 2 
6909884 8705716 8705716 
5 4 3 0 2 1 
6911424 8704176 8704176 
5 0 4 1 2 3 
6916012 8699588 8699588 
5 3 4 0 2 1 
6923642 8691958 8691958 
1 5 3 2 4 0 
6925010 8690590 8690590 
5 0 1 3 2 4 
6927684 8687916 8687916 
4 0 5 1 2 3 
6928182 8687418 8687418 
5 3 2 0 1 4 
6934088 8681512 8681512 
4 5 2 0 1 3 
6935444 8680156 8680156 
0 5 1 3 4 2 
6937606 8677994 8677994 
3 5 4 2 1 0 
6946166 8669434 8669434 
2 5 3 1 4 0 
6948374 8667226 8667226 
4 0 1 5 2 3 
6952676 8662924 8662924 
2 0 3 5 4 1 
6959570 8656030 8656030 
5 4 3 2 0 1 
6966656 8648944 8648944 
5 4 3 1 2 0 
6968498 8647102 8647102 
1 5 0 2 4 3 
6970024 8645576 8645576 
3 0 2 5 1 4 
6970702 8644898 8644898 
1 0 2 5 3 4 
6971698 8643902 8643902 
1 5 0 4 3 2 
6971880 8643720 8643720 
4 2 3 5 1 0 
6973152 8642448 8642448 
3 2 5 1 0 4 
6979080 8636520 8636520 
0 5 2 1 3 4 
6980054 8635546 8635546 
3 5 2 4 0 1 
6981600 8634000 8634000 
5 0 1 2 4 3 
6982606 8632994 8632994 
2 0 1 5 3 4 
6987082 8628518 8628518 
2 5 0 4 1 3 
6993572 8622028 8622028 
5 0 3 2 1 4 
6998580 8617020 8617020 
4 5 1 2 0 3 
7002386 8613214 8613214 
0 2 5 3 4 1 
7002820 8612780 8612780 
4 5 0 3 1 2 
7003040 8612560 8612560 
0 1 2 4 3 5 
7005488 8610112 8610112 
5 4 3 0 1 2 
7007036 8608564 8608564 
2 0 4 5 3 1 
7008248 8607352 8607352 
2 5 3 4 0 1 
7008480 8607120 8607120 
0 5 2 3 1 4 
7010080 8605520 8605520 
3 2 4 5 0 1 
7010474 8605126 8605126 
2 5 0 1 4 3 
7013788 8601812 8601812 
4 3 2 5 1 0 
7014608 8600992 8600992 
1 5 4 2 3 0 
7022106 8593494 8593494 
2 0 4 5 1 3 
7022370 8593230 8593230 
2 3 0 5 4 1 
7022432 8593168 8593168 
1 0 5 3 4 2 
7024102 8591498 8591498 
0 2 1 3 4 5 
7024120 8591480 8591480 
4 2 3 0 1 5 
7031698 8583902 8583902 
2 4 0 5 3 1 
7037852 8577748 8577748 
3 5 2 0 4 1 
7038752 8576848 8576848 
2 0 5 4 1 3 
7045832 8569768 8569768 
5 3 4 2 0 1 
7047338 8568262 8568262 
5 3 4 0 1 2 
7052812 8562788 8562788 
0 2 3 5 4 1 
7057910 8557690 8557690 
2 1 3 5 4 0 
7059304 8556296 8556296 
4 3 5 0 2 1 
7060358 8555242 8555242 
5 4 0 2 3 1 
7062506 8553094 8553094 
4 2 1 5 0 3 
7062738 8552862 8552862 
2 0 5 4 3 1 
7065158 8550442 8550442 
4 3 5 1 2 0 
7067680 8547920 8547920 
3 2 1 4 0 5 
7068992 8546608 8546608 
5 2 3 4 1 0 
7069262 8546338 8546338 
2 3 4 0 5 1 
7071656 8543944 8543944 
1 0 5 2 4 3 
7073364 8542236 8542236 
4 5 3 1 0 2 
7073618 8541982 8541982 
4 3 5 0 1 2 
7074346 8541254 8541254 
3 4 5 0 2 1 
7074824 8540776 8540776 
2 4 3 0 5 1 
7080110 8535490 8535490 
3 0 5 2 1 4 
7080516 8535084 8535084 
0 2 5 3 1 4 
7083586 8532014 8532014 
4 5 0 3 2 1 
7086612 8528988 8528988 
3 4 2 5 0 1 
7086978 8528622 8528622 
0 2 1 5 4 3 
7094526 8521074 8521074 
0 2 5 1 3 4 
7100376 8515224 8515224 
5 0 4 2 3 1 
7100762 8514838 8514838 
3 5 0 2 4 1 
7102532 8513068 8513068 
1 5 2 4 3 0 
7107844 8507756 8507756 
1 2 4 5 3 0 
7108130 8507470 8507470 
4 3 5 2 0 1 
7111254 8504346 8504346 
2 1 0 5 3 4 
7111518 8504082 8504082 
3 2 4 0 1 5 
7113028 8502572 8502572 
2 0 5 1 4 3 
7114008 8501592 8501592 
2 4 3 5 0 1 
7116756 8498844 8498844 
5 3 2 4 1 0 
7121482 8494118 8494118 
4 2 5 0 1 3 
7122410 8493190 8493190 
1 0 2 4 5 3 
7124808 8490792 8490792 
0 5 3 1 4 2 
7131758 8483842 8483842 
2 3 4 5 1 0 
7132922 8482678 8482678 
1 5 4 0 3 2 
7133534 8482066 8482066 
0 2 3 5 1 4 
7135286 8480314 8480314 
3 5 1 0 2 4 
7137136 8478464 8478464 
5 1 0 3 2 4 
7139932 8475668 8475668 
0 3 5 2 4 1 
7148960 8466640 8466640 
2 3 4 5 0 1 
7150014 8465586 8465586 
5 4 0 1 2 3 
7150310 8465290 8465290 
0 5 3 2 1 4 
7156660 8458940 8458940 
5 2 4 0 1 3 
7159940 8455660 8455660 
0 4 1 5 3 2 
7160646 8454954 8454954 
2 3 5 1 4 0 
7161106 8454494 8454494 
1 2 0 4 5 3 
7163026 8452574 8452574 
5 0 1 2 3 4 
7164868 8450732 8450732 
2 5 3 4 1 0 
7166658 8448942 8448942 
5 3 0 2 1 4 
7167146 8448454 8448454 
0 5 4 2 1 3 
7168328 8447272 8447272 
2 1 0 4 5 3 
7170904 8444696 8444696 
1 3 5 2 4 0 
7172062 8443538 8443538 
2 5 1 4 3 0 
7177050 8438550 8438550 
0 1 5 2 3 4 
7181946 8433654 8433654 
3 5 1 4 0 2 
7182710 8432890 8432890 
0 2 1 3 5 4 
7189454 8426146 8426146 
4 5 2 1 0 3 
7189838 8425762 8425762 
1 2 0 3 4 5 
7194682 8420918 8420918 
2 4 5 0 3 1 
7197416 8418184 8418184 
4 2 0 3 1 5 
7198730 8416870 8416870 
2 5 1 0 4 3 
7203890 8411710 8411710 
5 2 1 4 0 3 
7206584 8409016 8409016 
5 1 0 4 2 3 
7210620 8404980 8404980 
5 0 2 1 4 3 
7213444 8402156 8402156 
2 5 4 3 0 1 
7213880 8401720 8401720 
0 5 1 3 2 4 
7214890 8400710 8400710 
4 3 2 0 1 5 
7229004 8386596 8386596 
3 1 5 2 0 4 
7229050 8386550 8386550 
1 2 5 4 3 0 
7230860 8384740 8384740 
5 0 4 3 2 1 
7233028 8382572 8382572 
2 5 4 1 3 0 
7233564 8382036 8382036 
3 2 5 4 0 1 
7236230 8379370 8379370 
0 4 5 3 2 1 
7237682 8377918 8377918 
1 2 0 4 3 5 
7238098 8377502 8377502 
2 5 1 3 4 0 
7241222 8374378 8374378 
2 5 1 4 0 3 
7242068 8373532 8373532 
0 3 2 5 4 1 
7243016 8372584 8372584 
1 3 5 0 4 2 
7245418 8370182 8370182 
4 5 1 0 2 3 
7250544 8365056 8365056 
1 5 2 3 4 0 
7250976 8364624 8364624 
2 4 3 5 1 0 
7251270 8364330 8364330 
2 5 0 3 1 4 
7251910 8363690 8363690 
4 1 0 5 2 3 
7252518 8363082 8363082 
3 5 0 4 1 2 
7252784 8362816 8362816 
2 0 1 3 5 4 
7256324 8359276 8359276 
0 4 5 3 1 2 
7258934 8356666 8356666 
3 4 5 2 1 0 
7265162 8350438 8350438 
3 5 1 0 4 2 
7266412 8349188 8349188 
2 5 3 0 1 4 
7268944 8346656 8346656 
5 0 4 3 1 2 
7269398 8346202 8346202 
2 0 4 3 5 1 
7270740 8344860 8344860 
5 2 0 1 3 4 
7271130 8344470 8344470 
5 2 1 0 3 4 
7271556 8344044 8344044 
1 0 5 4 3 2 
7272782 8342818 8342818 
1 5 0 2 3 4 
7277128 8338472 8338472 
0 5 3 4 2 1 
7283716 8331884 8331884 
4 0 5 2 3 1 
7284476 8331124 8331124 
1 2 0 3 5 4 
7285658 8329942 8329942 
5 3 1 0 2 4 
7288218 8327382 8327382 
4 0 2 3 1 5 
7288364 8327236 8327236 
5 2 1 3 0 4 
7289018 8326582 8326582 
5 4 0 3 2 1 
7292276 8323324 8323324 
1 0 4 5 3 2 
7294872 8320728 8320728 
4 0 5 3 1 2 
7299290 8316310 8316310 
1 0 2 3 4 5 
7304104 8311496 8311496 
1 2 3 5 0 4 
7304296 8311304 8311304 
5 2 0 1 4 3 
7305898 8309702 8309702 
0 1 2 3 4 5 
7306384 8309216 8309216 
3 2 1 0 5 4 
7306890 8308710 8308710 
5 2 3 0 4 1 
7309732 8305868 8305868 
2 0 1 3 4 5 
7311470 8304130 8304130 
3 5 0 1 2 4 
7313134 8302466 8302466 
1 4 2 5 3 0 
7314174 8301426 8301426 
4 1 2 5 0 3 
7316014 8299586 8299586 
0 5 3 4 1 2 
7318032 8297568 8297568 
4 5 0 1 3 2 
7320534 8295066 8295066 
5 2 3 1 0 4 
7320560 8295040 8295040 
5 1 0 2 4 3 
7321204 8294396 8294396 
0 1 5 4 3 2 
7328248 8287352 8287352 
2 4 0 5 1 3 
7329720 8285880 8285880 
3 2 5 0 4 1 
7331662 8283938 8283938 
5 4 2 0 1 3 
7332584 8283016 8283016 
5 3 2 0 4 1 
7332754 8282846 8282846 
1 4 0 5 3 2 
7342530 8273070 8273070 
5 4 0 3 1 2 
7342688 8272912 8272912 
0 1 2 5 4 3 
7343790 8271810 8271810 
4 5 1 2 3 0 
7343928 8271672 8271672 
0 1 4 5 3 2 
7344524 8271076 8271076 
5 1 3 0 2 4 
7349500 8266100 8266100 
1 4 5 2 3 0 
7351166 8264434 8264434 
5 1 0 2 3 4 
7351860 8263740 8263740 
3 2 4 1 0 5 
7355590 8260010 8260010 
3 4 2 0 1 5 
7357582 8258018 8258018 
2 4 0 3 5 1 
7359568 8256032 8256032 
2 5 4 0 1 3 
7359968 8255632 8255632 
3 5 0 1 4 2 
7363310 8252290 8252290 
5 2 1 4 3 0 
7363742 8251858 8251858 
5 0 2 1 3 4 
7363840 8251760 8251760 
1 0 2 3 5 4 
7364140 8251460 8251460 
5 3 1 2 4 0 
7364640 8250960 8250960 
3 2 0 4 1 5 
7370042 8245558 8245558 
5 3 2 1 4 0 
7372678 8242922 8242922 
1 2 3 4 5 0 
7373146 8242454 8242454 
2 0 5 3 1 4 
7375270 8240330 8240330 
3 1 2 4 0 5 
7377264 8238336 8238336 
2 3 5 4 1 0 
7378070 8237530 8237530 
4 0 5 3 2 1 
7378102 8237498 8237498 
5 0 2 3 4 1 
7378140 8237460 8237460 
2 4 1 5 3 0 
7380062 8235538 8235538 
2 3 5 4 0 1 
7383636 8231964 8231964 
3 2 1 0 4 5 
7386724 8228876 8228876 
4 5 2 3 1 0 
7387836 8227764 8227764 
3 4 1 5 0 2 
7387944 8227656 8227656 
5 0 3 1 2 4 
7391682 8223918 8223918 
5 2 3 1 4 0 
7392706 8222894 8222894 
1 5 2 0 4 3 
7393244 8222356 8222356 
5 2 0 3 4 1 
7397544 8218056 8218056 
0 5 1 2 4 3 
7400444 8215156 8215156 
1 2 5 3 4 0 
7400744 8214856 8214856 
1 0 3 5 4 2 
7402704 8212896 8212896 
0 2 4 1 3 5 
7407634 8207966 8207966 
4 2 5 1 0 3 
7412092 8203508 8203508 
2 3 1 4 5 0 
7413268 8202332 8202332 
1 0 2 4 3 5 
7415984 8199616 8199616 
2 5 4 1 0 3 
7418362 8197238 8197238 
5 2 0 4 3 1 
7423030 8192570 8192570 
5 4 3 1 0 2 
7423628 8191972 8191972 
1 5 3 4 0 2 
7431984 8183616 8183616 
4 2 3 5 0 1 
7432238 8183362 8183362 
3 5 4 1 2 0 
7437678 8177922 8177922 
1 2 3 0 4 5 
7437870 8177730 8177730 
4 5 2 0 3 1 
7439946 8175654 8175654 
2 1 0 3 5 4 
7441304 8174296 8174296 
5 4 1 2 0 3 
7441580 8174020 8174020 
5 4 1 2 3 0 
7445618 8169982 8169982 
5 1 2 4 0 3 
7447536 8168064 8168064 
5 2 1 0 4 3 
7450286 8165314 8165314 
0 5 2 4 1 3 
7450386 8165214 8165214 
1 5 0 4 2 3 
7452360 8163240 8163240 
0 1 2 3 5 4 
7452916 8162684 8162684 
5 2 4 3 1 0 
7453280 8162320 8162320 
1 5 4 2 0 3 
7453304 8162296 8162296 
0 2 4 3 1 5 
7457444 8158156 8158156 
5 0 3 2 4 1 
7457620 8157980 8157980 
3 0 1 5 2 4 
7458312 8157288 8157288 
4 3 1 5 2 0 
7460908 8154692 8154692 
5 3 1 4 2 0 
7462396 8153204 8153204 
1 5 2 4 0 3 
7464462 8151138 8151138 
4 2 1 5 3 0 
7465064 8150536 8150536 
5 0 2 4 3 1 
7472090 8143510 8143510 
3 2 0 5 4 1 
7474564 8141036 8141036 
2 1 4 5 3 0 
7474894 8140706 8140706 
1 3 2 4 5 0 
7476502 8139098 8139098 
4 1 5 2 0 3 
7477916 8137684 8137684 
5 2 4 1 0 3 
7478182 8137418 8137418 
1 2 4 5 0 3 
7478544 8137056 8137056 
3 2 4 5 1 0 
7480134 8135466 8135466 
1 4 5 0 3 2 
7482094 8133506 8133506 
2 3 4 1 5 0 
7483102 8132498 8132498 
2 1 0 3 4 5 
7484312 8131288 8131288 
4 0 3 2 1 5 
7484390 8131210 8131210 
4 5 2 1 3 0 
7486180 8129420 8129420 
2 0 3 4 5 1 
7486252 8129348 8129348 
0 1 5 3 4 2 
7492344 8123256 8123256 
4 0 1 2 5 3 
7492542 8123058 8123058 
1 0 5 2 3 4 
7493280 8122320 8122320 
2 5 0 1 3 4 
7494604 8120996 8120996 
2 1 3 5 0 4 
7495702 8119898 8119898 
1 5 4 3 0 2 
7496384 8119216 8119216 
3 4 0 5 1 2 
7498818 8116782 8116782 
5 3 0 2 4 1 
7500046 8115554 8115554 
0 4 3 5 2 1 
7501452 8114148 8114148 
2 0 1 4 3 5 
7502310 8113290 8113290 
1 0 5 4 2 3 
7505980 8109620 8109620 
2 1 4 5 0 3 
7506108 8109492 8109492 
3 5 0 4 2 1 
7510068 8105532 8105532 
5 2 4 1 3 0 
7515560 8100040 8100040 
0 3 2 5 1 4 
7515790 8099810 8099810 
2 5 4 3 1 0 
7516020 8099580 8099580 
3 0 5 2 4 1 
7517686 8097914 8097914 
4 3 5 1 0 2 
7518434 8097166 8097166 
0 4 3 2 5 1 
7520038 8095562 8095562 
1 2 5 0 4 3 
7523362 8092238 8092238 
1 5 2 0 3 4 
7524520 8091080 8091080 
5 3 4 1 0 2 
7525460 8090140 8090140 
3 1 5 0 2 4 
7525740 8089860 8089860 
1 3 0 5 4 2 
7526766 8088834 8088834 
4 2 0 5 3 1 
7529554 8086046 8086046 
2 0 3 5 1 4 
7530482 8085118 8085118 
3 0 4 5 1 2 
7530516 8085084 8085084 
0 4 1 2 3 5 
7530582 8085018 8085018 
0 2 4 5 1 3 
7531210 8084390 8084390 
2 4 1 5 0 3 
7537416 8078184 8078184 
5 1 4 2 0 3 
7540688 8074912 8074912 
2 5 1 0 3 4 
7540744 8074856 8074856 
4 3 2 5 0 1 
7542000 8073600 8073600 
0 2 4 3 5 1 
7542012 8073588 8073588 
5 3 0 1 2 4 
7542648 8072952 8072952 
5 3 1 2 0 4 
7542864 8072736 8072736 
1 0 4 5 2 3 
7543664 8071936 8071936 
0 2 3 4 1 5 
7547426 8068174 8068174 
0 4 5 2 1 3 
7548218 8067382 8067382 
2 4 5 1 3 0 
7550300 8065300 8065300 
2 0 4 1 5 3 
7550628 8064972 8064972 
5 1 2 3 0 4 
7551120 8064480 8064480 
5 1 2 0 3 4 
7551258 8064342 8064342 
0 1 5 3 2 4 
7551858 8063742 8063742 
1 5 0 3 2 4 
7552496 8063104 8063104 
2 4 5 3 0 1 
7555778 8059822 8059822 
1 5 3 4 2 0 
7555846 8059754 8059754 
1 2 5 4 0 3 
7556300 8059300 8059300 
3 5 2 4 1 0 
7558224 8057376 8057376 
2 3 1 5 0 4 
7560268 8055332 8055332 
5 1 3 2 0 4 
7561290 8054310 8054310 
0 5 3 1 2 4 
7562722 8052878 8052878 
3 1 0 5 2 4 
7563232 8052368 8052368 
5 3 2 1 0 4 
7564236 8051364 8051364 
5 4 0 1 3 2 
7564278 8051322 8051322 
2 3 0 4 5 1 
7566626 8048974 8048974 
3 4 2 1 0 5 
7569344 8046256 8046256 
0 2 5 4 1 3 
7569492 8046108 8046108 
4 0 1 3 2 5 
7570184 8045416 8045416 
0 4 3 5 1 2 
7572424 8043176 8043176 
1 2 3 0 5 4 
7573820 8041780 8041780 
2 1 5 4 0 3 
7574858 8040742 8040742 
5 2 4 0 3 1 
7575274 8040326 8040326 
5 4 2 3 1 0 
7576424 8039176 8039176 
5 4 2 1 3 0 
7578864 8036736 8036736 
2 1 5 0 4 3 
7580152 8035448 8035448 
3 0 2 4 1 5 
7581044 8034556 8034556 
2 3 5 0 1 4 
7581306 8034294 8034294 
1 0 4 3 5 2 
7581564 8034036 8034036 
1 2 5 0 3 4 
7582286 8033314 8033314 
5 4 2 0 3 1 
7586078 8029522 8029522 
2 4 3 1 5 0 
7587106 8028494 8028494 
0 3 4 5 2 1 
7587614 8027986 8027986 
2 1 5 4 3 0 
7588618 8026982 8026982 
0 1 4 2 3 5 
7589060 8026540 8026540 
5 2 3 4 0 1 
7591180 8024420 8024420 
4 3 0 2 1 5 
7592062 8023538 8023538 
5 0 4 1 3 2 
7593684 8021916 8021916 
4 2 5 3 1 0 
7594452 8021148 8021148 
4 5 2 3 0 1 
7595996 8019604 8019604 
3 0 2 5 4 1 
7596808 8018792 8018792 
3 0 5 1 2 4 
7596818 8018782 8018782 
1 3 4 5 2 0 
7598216 8017384 8017384 
3 0 4 2 1 5 
7598396 8017204 8017204 
4 0 2 5 3 1 
7598894 8016706 8016706 
1 3 4 2 5 0 
7599444 8016156 8016156 
3 1 2 0 5 4 
7601552 8014048 8014048 
3 2 4 0 5 1 
7605388 8010212 8010212 
5 4 1 0 2 3 
7605498 8010102 8010102 
3 1 4 5 0 2 
7607862 8007738 8007738 
5 0 1 3 4 2 
7608640 8006960 8006960 
1 4 3 0 5 2 
7608988 8006612 8006612 
0 3 5 2 1 4 
7610670 8004930 8004930 
3 4 1 2 0 5 
7610898 8004702 8004702 
2 1 3 4 5 0 
7613424 8002176 8002176 
2 5 3 1 0 4 
7613988 8001612 8001612 
1 0 4 2 5 3 
7615370 8000230 8000230 
2 1 0 4 3 5 
7619096 7996504 7996504 
5 4 2 1 0 3 
7620026 7995574 7995574 
0 4 2 3 5 1 
7620276 7995324 7995324 
0 3 5 1 4 2 
7622338 7993262 7993262 
3 0 5 4 1 2 
7622978 7992622 7992622 
5 2 1 3 4 0 
7624906 7990694 7990694 
4 2 3 1 0 5 
7630980 7984620 7984620 
3 2 1 5 4 0 
7631750 7983850 7983850 
3 4 0 2 1 5 
7631948 7983652 7983652 
3 4 2 0 5 1 
7632172 7983428 7983428 
0 3 4 2 5 1 
7632952 7982648 7982648 
0 5 2 1 4 3 
7633562 7982038 7982038 
0 5 4 1 2 3 
7637840 7977760 7977760 
0 2 1 4 5 3 
7638848 7976752 7976752 
3 4 2 5 1 0 
7639938 7975662 7975662 
2 5 1 3 0 4 
7643094 7972506 7972506 
1 4 3 5 0 2 
7643434 7972166 7972166 
1 3 4 0 5 2 
7643680 7971920 7971920 
0 4 2 1 3 5 
7643828 7971772 7971772 
5 1 2 4 3 0 
7652294 7963306 7963306 
4 5 1 3 2 0 
7658136 7957464 7957464 
5 1 3 2 4 0 
7660812 7954788 7954788 
4 0 2 1 5 3 
7662234 7953366 7953366 
1 5 3 2 0 4 
7663312 7952288 7952288 
1 3 2 5 0 4 
7665284 7950316 7950316 
2 1 5 3 4 0 
7667134 7948466 7948466 
0 2 3 4 5 1 
7668832 7946768 7946768 
4 3 1 0 2 5 
7670824 7944776 7944776 
5 1 4 2 3 0 
7670866 7944734 7944734 
1 0 5 3 2 4 
7677216 7938384 7938384 
5 1 4 0 2 3 
7678998 7936602 7936602 
1 4 3 2 5 0 
7681452 7934148 7934148 
5 0 3 4 2 1 
7683836 7931764 7931764 
0 5 1 4 2 3 
7686780 7928820 7928820 
1 4 0 3 5 2 
7688446 7927154 7927154 
4 1 5 0 2 3 
7689026 7926574 7926574 
4 0 3 5 1 2 
7689502 7926098 7926098 
2 3 1 0 4 5 
7689970 7925630 7925630 
1 3 2 0 4 5 
7691004 7924596 7924596 
0 3 4 5 1 2 
7692144 7923456 7923456 
5 1 2 0 4 3 
7696430 7919170 7919170 
5 1 3 4 2 0 
7698728 7916872 7916872 
3 1 2 0 4 5 
7700188 7915412 7915412 
3 1 4 2 0 5 
7705416 7910184 7910184 
4 0 5 1 3 2 
7706456 7909144 7909144 
1 4 3 5 2 0 
7706976 7908624 7908624 
2 0 5 1 3 4 
7707636 7907964 7907964 
5 3 2 4 0 1 
7711706 7903894 7903894 
4 5 1 0 3 2 
7716674 7898926 7898926 
3 2 5 4 1 0 
7717416 7898184 7898184 
4 0 3 5 2 1 
7718594 7897006 7897006 
3 4 0 5 2 1 
7719446 7896154 7896154 
2 3 0 5 1 4 
7719484 7896116 7896116 
2 4 5 0 1 3 
7719578 7896022 7896022 
1 3 4 5 0 2 
7719838 7895762 7895762 
4 1 3 5 2 0 
7720328 7895272 7895272 
0 3 5 4 2 1 
7720616 7894984 7894984 
1 5 3 0 2 4 
7724330 7891270 7891270 
2 3 1 0 5 4 
7727160 7888440 7888440 
0 3 1 5 4 2 
7728356 7887244 7887244 
1 5 2 3 0 4 
7738870 7876730 7876730 
4 2 5 1 3 0 
7739612 7875988 7875988 
3 1 5 4 0 2 
7745612 7869988 7869988 
4 2 0 1 5 3 
7745848 7869752 7869752 
4 2 1 3 0 5 
7747438 7868162 7868162 
3 4 5 1 2 0 
7749722 7865878 7865878 
2 1 3 0 4 5 
7750300 7865300 7865300 
4 2 1 0 3 5 
7751866 7863734 7863734 
5 0 3 4 1 2 
7752072 7863528 7863528 
2 1 3 0 5 4 
7752266 7863334 7863334 
0 4 2 3 1 5 
7753478 7862122 7862122 
4 2 5 0 3 1 
7753528 7862072 7862072 
5 3 0 4 2 1 
7755302 7860298 7860298 
4 3 0 5 2 1 
7759016 7856584 7856584 
4 2 3 0 5 1 
7761712 7853888 7853888 
1 4 2 5 0 3 
7763128 7852472 7852472 
3 0 4 5 2 1 
7765186 7850414 7850414 
4 1 2 5 3 0 
7765940 7849660 7849660 
5 0 1 4 3 2 
7766040 7849560 7849560 
3 5 1 2 4 0 
7766582 7849018 7849018 
4 1 0 3 2 5 
7766826 7848774 7848774 
1 2 3 4 0 5 
7773658 7841942 7841942 
4 1 3 0 2 5 
7777394 7838206 7838206 
4 3 0 5 1 2 
7777524 7838076 7838076 
4 3 2 0 5 1 
7780042 7835558 7835558 
3 0 5 1 4 2 
7781464 7834136 7834136 
1 3 5 4 2 0 
7782218 7833382 7833382 
2 4 5 1 0 3 
7782460 7833140 7833140 
4 5 1 3 0 2 
7782724 7832876 7832876 
1 2 5 3 0 4 
7785108 7830492 7830492 
0 4 2 5 1 3 
7791994 7823606 7823606 
0 1 3 5 4 2 
7792514 7823086 7823086 
1 5 4 3 2 0 
7796074 7819526 7819526 
0 1 3 5 2 4 
7798918 7816682 7816682 
3 5 2 1 4 0 
7799700 7815900 7815900 
4 2 0 1 3 5 
7802440 7813160 7813160 
5 4 1 3 2 0 
7804538 7811062 7811062 
0 3 5 4 1 2 
7807292 7808308 7808308 
0 2 3 1 4 5 
7810920 7804680 7804680 
3 4 0 2 5 1 
7811392 7804208 7804208 
2 4 0 1 5 3 
7814506 7801094 7801094 
4 0 1 2 3 5 
7814958 7800642 7800642 
5 3 1 0 4 2 
7816054 7799546 7799546 
0 4 3 2 1 5 
7823192 7792408 7792408 
0 2 5 1 4 3 
7826236 7789364 7789364 
4 1 0 2 5 3 
7827672 7787928 7787928 
1 4 5 2 0 3 
7829726 7785874 7785874 
5 2 4 3 0 1 
7831236 7784364 7784364 
3 2 0 1 5 4 
7838976 7776624 7776624 
0 1 5 2 4 3 
7842382 7773218 7773218 
1 3 2 0 5 4 
7843376 7772224 7772224 
2 4 5 3 1 0 
7845780 7769820 7769820 
3 0 1 5 4 2 
7849748 7765852 7765852 
4 2 1 0 5 3 
7850762 7764838 7764838 
4 3 2 1 0 5 
7853542 7762058 7762058 
2 3 4 0 1 5 
7854688 7760912 7760912 
1 4 0 5 2 3 
7855026 7760574 7760574 
0 3 2 4 5 1 
7860010 7755590 7755590 
1 4 5 3 0 2 
7862456 7753144 7753144 
1 5 4 0 2 3 
7864422 7751178 7751178 
5 4 2 3 0 1 
7871080 7744520 7744520 
5 3 0 4 1 2 
7871138 7744462 7744462 
3 1 5 0 4 2 
7872786 7742814 7742814 
1 3 5 4 0 2 
7874460 7741140 7741140 
3 4 1 0 2 5 
7874696 7740904 7740904 
3 0 5 4 2 1 
7875502 7740098 7740098 
4 3 2 1 5 0 
7877188 7738412 7738412 
2 1 5 0 3 4 
7878212 7737388 7737388 
0 1 2 4 5 3 
7881160 7734440 7734440 
1 2 4 3 5 0 
7883326 7732274 7732274 
1 2 4 0 3 5 
7884342 7731258 7731258 
4 0 3 1 2 5 
7886182 7729418 7729418 
1 4 0 2 5 3 
7888452 7727148 7727148 
0 4 1 3 5 2 
7891842 7723758 7723758 
3 0 4 2 5 1 
7895412 7720188 7720188 
0 3 1 5 2 4 
7896600 7719000 7719000 
0 3 4 2 1 5 
7897312 7718288 7718288 
4 2 5 3 0 1 
7898050 7717550 7717550 
4 1 5 2 3 0 
7898236 7717364 7717364 
2 0 4 3 1 5 
7900188 7715412 7715412 
4 0 1 5 3 2 
7900902 7714698 7714698 
5 1 2 3 4 0 
7901050 7714550 7714550 
4 2 3 1 5 0 
7901908 7713692 7713692 
2 4 3 0 1 5 
7901936 7713664 7713664 
5 1 0 3 4 2 
7904188 7711412 7711412 
4 3 1 2 0 5 
7911170 7704430 7704430 
0 3 2 4 1 5 
7917580 7698020 7698020 
5 0 3 1 4 2 
7918958 7696642 7696642 
3 4 1 0 5 2 
7924138 7691462 7691462 
4 3 1 2 5 0 
7930296 7685304 7685304 
3 2 0 1 4 5 
7930336 7685264 7685264 
4 0 2 1 3 5 
7934930 7680670 7680670 
1 0 3 4 5 2 
7938076 7677524 7677524 
3 1 2 5 4 0 
7942214 7673386 7673386 
3 1 4 0 2 5 
7943606 7671994 7671994 
2 1 5 3 0 4 
7951434 7664166 7664166 
0 4 3 1 5 2 
7954570 7661030 7661030 
5 4 1 0 3 2 
7954604 7660996 7660996 
5 1 4 3 2 0 
7957538 7658062 7658062 
2 4 1 0 5 3 
7959320 7656280 7656280 
1 0 4 2 3 5 
7959656 7655944 7655944 
1 2 4 0 5 3 
7961368 7654232 7654232 
3 0 1 2 5 4 
7964738 7650862 7650862 
3 2 0 4 5 1 
7974046 7641554 7641554 
4 1 3 2 0 5 
7974884 7640716 7640716 
2 1 4 0 5 3 
7975972 7639628 7639628 
4 3 0 1 2 5 
7976254 7639346 7639346 
4 1 0 2 3 5 
7986344 7629256 7629256 
2 3 5 1 0 4 
7986894 7628706 7628706 
0 1 4 3 2 5 
7990022 7625578 7625578 
5 3 0 1 4 2 
7991384 7624216 7624216 
4 0 2 3 5 1 
7992986 7622614 7622614 
3 0 2 1 5 4 
7993430 7622170 7622170 
0 3 5 1 2 4 
7997372 7618228 7618228 
1 0 3 5 2 4 
8002708 7612892 7612892 
4 2 0 3 5 1 
8003550 7612050 7612050 
0 4 1 3 2 5 
8003792 7611808 7611808 
5 1 0 4 3 2 
8005532 7610068 7610068 
4 3 1 5 0 2 
8006808 7608792 7608792 
0 2 3 1 5 4 
8009702 7605898 7605898 
0 4 5 1 2 3 
8010778 7604822 7604822 
2 4 1 3 5 0 
8011378 7604222 7604222 
3 5 1 4 2 0 
8016618 7598982 7598982 
4 0 3 2 5 1 
8019060 7596540 7596540 
3 2 5 1 4 0 
8032460 7583140 7583140 
4 1 2 3 0 5 
8033714 7581886 7581886 
3 1 0 5 4 2 
8037968 7577632 7577632 
5 1 3 0 4 2 
8039176 7576424 7576424 
2 1 3 4 0 5 
8047856 7567744 7567744 
4 3 0 2 5 1 
8047954 7567646 7567646 
0 1 5 4 2 3 
8048198 7567402 7567402 
3 0 1 4 2 5 
8050958 7564642 7564642 
1 3 5 0 2 4 
8051652 7563948 7563948 
4 1 2 0 3 5 
8055742 7559858 7559858 
3 4 0 1 5 2 
8066324 7549276 7549276 
1 4 2 3 5 0 
8068690 7546910 7546910 
1 3 5 2 0 4 
8070538 7545062 7545062 
1 4 0 2 3 5 
8072564 7543036 7543036 
0 1 4 3 5 2 
8077040 7538560 7538560 
2 0 3 4 1 5 
8078862 7536738 7536738 
3 0 4 1 2 5 
8079148 7536452 7536452 
1 3 0 4 5 2 
8079650 7535950 7535950 
0 1 4 5 2 3 
8080068 7535532 7535532 
3 0 2 4 5 1 
8084850 7530750 7530750 
0 3 4 1 5 2 
8088634 7526966 7526966 
2 3 1 4 0 5 
8090222 7525378 7525378 
0 4 1 5 2 3 
8091588 7524012 7524012 
4 1 2 0 5 3 
8102278 7513322 7513322 
3 0 1 2 4 5 
8104892 7510708 7510708 
3 1 0 2 5 4 
8104946 7510654 7510654 
0 1 3 2 4 5 
8105146 7510454 7510454 
2 4 0 3 1 5 
8106588 7509012 7509012 
3 4 0 1 2 5 
8107508 7508092 7508092 
2 1 4 3 5 0 
8107530 7508070 7508070 
0 3 2 1 4 5 
8108826 7506774 7506774 
3 0 2 1 4 5 
8115730 7499870 7499870 
0 3 1 2 4 5 
8120788 7494812 7494812 
1 3 2 4 0 5 
8124296 7491304 7491304 
1 4 5 3 2 0 
8131206 7484394 7484394 
2 0 3 1 5 4 
8132090 7483510 7483510 
4 1 0 5 3 2 
8132438 7483162 7483162 
1 0 3 2 4 5 
8135584 7480016 7480016 
3 0 4 1 5 2 
8141494 7474106 7474106 
4 1 5 3 2 0 
8146268 7469332 7469332 
3 1 0 4 2 5 
8148228 7467372 7467372 
5 4 1 3 0 2 
8149606 7465994 7465994 
4 1 3 5 0 2 
8150322 7465278 7465278 
2 0 3 1 4 5 
8153788 7461812 7461812 
3 2 1 4 5 0 
8154182 7461418 7461418 
3 4 1 5 2 0 
8161532 7454068 7454068 
2 0 4 1 3 5 
8165954 7449646 7449646 
5 3 1 4 0 2 
8168456 7447144 7447144 
1 0 4 3 2 5 
8174642 7440958 7440958 
1 4 2 0 3 5 
8175136 7440464 7440464 
1 2 4 3 0 5 
8176714 7438886 7438886 
0 4 3 1 2 5 
8186752 7428848 7428848 
3 1 4 0 5 2 
8192016 7423584 7423584 
4 0 1 3 5 2 
8195994 7419606 7419606 
1 4 2 0 5 3 
8196232 7419368 7419368 
0 1 3 4 2 5 
8205212 7410388 7410388 
1 3 0 5 2 4 
8205310 7410290 7410290 
1 0 3 2 5 4 
8211214 7404386 7404386 
5 1 4 0 3 2 
8223502 7392098 7392098 
1 4 5 0 2 3 
8229404 7386196 7386196 
3 1 0 2 4 5 
8232962 7382638 7382638 
4 3 1 0 5 2 
8235850 7379750 7379750 
4 1 3 2 5 0 
8236532 7379068 7379068 
2 3 0 4 1 5 
8238014 7377586 7377586 
0 3 4 1 2 5 
8248464 7367136 7367136 
4 2 1 3 5 0 
8248660 7366940 7366940 
2 4 1 0 3 5 
8258984 7356616 7356616 
2 3 0 1 4 5 
8266300 7349300 7349300 
0 1 3 2 5 4 
8267272 7348328 7348328 
2 4 0 1 3 5 
8269658 7345942 7345942 
2 1 4 0 3 5 
8272066 7343534 7343534 
2 4 3 1 0 5 
8274418 7341182 7341182 
1 3 0 2 4 5 
8279296 7336304 7336304 
0 3 1 4 2 5 
8280694 7334906 7334906 
2 3 4 1 0 5 
8283226 7332374 7332374 
5 1 3 4 0 2 
8288882 7326718 7326718 
2 3 0 1 5 4 
8291964 7323636 7323636 
1 3 4 0 2 5 
8297542 7318058 7318058 
3 0 1 4 5 2 
8302240 7313360 7313360 
0 3 1 4 5 2 
8309800 7305800 7305800 
3 1 5 2 4 0 
8309806 7305794 7305794 
3 1 4 5 2 0 
8312192 7303408 7303408 
3 2 4 1 5 0 
8317610 7297990 7297990 
0 3 1 2 5 4 
8318138 7297462 7297462 
0 3 2 1 5 4 
8324030 7291570 7291570 
0 2 4 1 5 3 
8332276 7283324 7283324 
4 1 5 0 3 2 
8334132 7281468 7281468 
1 4 3 0 2 5 
8335202 7280398 7280398 
1 4 3 2 0 5 
8344124 7271476 7271476 
0 4 1 2 5 3 
8349574 7266026 7266026 
0 1 3 4 5 2 
8360934 7254666 7254666 
4 1 5 3 0 2 
8371054 7244546 7244546 
5 1 4 3 0 2 
8371864 7243736 7243736 
1 3 4 2 0 5 
8374928 7240672 7240672 
1 4 0 3 2 5 
8385054 7230546 7230546 
4 0 3 1 5 2 
8391760 7223840 7223840 
3 4 2 1 5 0 
8396894 7218706 7218706 
1 3 0 2 5 4 
8402288 7213312 7213312 
0 1 4 2 5 3 
8411622 7203978 7203978 
3 4 1 2 5 0 
8433928 7181672 7181672 
2 1 4 3 0 5 
8434838 7180762 7180762 
4 3 0 1 5 2 
8450654 7164946 7164946 
3 1 2 4 5 0 
8457694 7157906 7157906 
1 0 3 4 2 5 
8462450 7153150 7153150 
2 4 1 3 0 5 
8468396 7147204 7147204 
4 1 3 0 5 2 
8469036 7146564 7146564 
3 1 5 4 2 0 
8479322 7136278 7136278 
4 1 0 3 5 2 
8488074 7127526 7127526 
3 1 0 4 5 2 
8494948 7120652 7120652 
1 4 2 3 0 5 
8496548 7119052 7119052 
0 4 2 1 5 3 
8512540 7103060 7103060 
4 1 2 3 5 0 
8530176 7085424 7085424 
1 3 0 4 2 5 
8635202 6980398 6980398 
3 1 4 2 5 0 
8658156 6957444 6957444 
