21 3
0 3 4 2 1 
2991610 4520274 1963266 
0 4 3 2 1 
3013234 4290154 2101474 
4 2 3 1 0 
3083200 4350590 1845276 
1 2 4 3 0 
3099144 5028222 1668124 
4 3 2 0 1 
3110598 3439024 1512688 
0 3 2 4 1 
3123098 3972852 1411104 
0 4 2 3 1 
3162138 3719884 1429744 
4 1 3 2 0 
3217322 3205954 1955138 
3 0 2 4 1 
3221718 3316252 1849984 
3 4 2 0 1 
3237950 3019008 1614384 
2 0 4 3 1 
3294474 3002378 2159864 
3 1 4 2 0 
3310914 2979498 1965170 
1 3 4 2 0 
3400346 3583358 1390242 
1 4 3 2 0 
3402570 3437438 1436050 
3 1 0 2 4 
3520566 2682678 2057614 
1 3 0 2 4 
3527006 3405566 1440462 
3 1 2 0 4 
3604266 2531376 2214604 
1 4 0 2 3 
3743622 3157166 1605718 
2 4 3 1 0 
3801606 2650246 1854828 
2 3 4 1 0 
3850718 2991342 1804060 
2 0 3 1 4 
3920834 2292254 2216740 
