36 3
1 0 4 3 2 
2295242 2941022 3908126 
1 0 4 2 3 
2310018 2851126 3845850 
2 3 1 4 0 
2378780 2721900 4038124 
0 4 1 2 3 
2399174 2954734 3712028 
2 3 4 1 0 
2420492 2458128 4003248 
4 0 1 3 2 
2471656 2942502 3809010 
0 4 1 3 2 
2479432 2926692 3604036 
2 3 4 0 1 
2496630 2407346 3869140 
2 3 0 4 1 
2546240 2703962 3804954 
1 4 0 2 3 
2563912 2916356 3504586 
2 3 1 0 4 
2585010 2480550 3663776 
1 0 3 4 2 
2630958 2793266 3650022 
1 0 2 3 4 
2643162 2923312 3402992 
2 3 0 1 4 
2676332 2513394 3564714 
0 2 1 4 3 
2682774 3143988 3301010 
4 2 1 0 3 
2685846 3101944 3257922 
1 3 4 0 2 
2689010 3033288 3328420 
4 3 1 2 0 
2712404 2895852 3395212 
1 3 0 2 4 
2717600 2711676 3227634 
1 3 0 4 2 
2735854 2724150 3127778 
4 3 2 1 0 
2760730 2413734 3612836 
1 2 0 4 3 
2795416 2962642 3038216 
1 0 3 2 4 
2807634 2654542 3335778 
0 3 1 2 4 
2852850 2681726 3146320 
0 1 3 2 4 
2877122 2636254 3435246 
0 2 1 3 4 
2882418 2917288 3054890 
4 3 0 1 2 
2889682 2691532 3016122 
1 3 4 2 0 
2893256 2682226 3061336 
1 3 2 4 0 
2899870 2463880 3313836 
4 1 2 3 0 
3045966 3043920 2955204 
0 3 4 2 1 
3057438 2626050 2941028 
1 4 2 3 0 
3059998 2932884 2929672 
0 3 2 4 1 
3064940 2602176 3237336 
1 2 3 4 0 
3109128 2523498 3219336 
0 4 3 2 1 
3153794 2616830 3086988 
1 4 3 2 0 
3237184 2690322 2828216 
