64 2
6 0 7 3 2 5 4 1 
11928788 19220788 
5 0 1 3 2 6 4 7 
12038176 18884602 
5 0 7 3 2 6 4 1 
12115996 18733202 
2 5 7 1 3 6 4 0 
12192808 18631432 
3 7 0 4 6 2 1 5 
12213146 18631064 
2 3 7 0 4 6 1 5 
12347906 18521872 
6 0 5 4 7 3 1 2 
12372720 18485426 
3 0 7 1 2 6 4 5 
12389590 18465464 
6 4 2 0 3 5 7 1 
12398488 18209814 
6 3 5 0 4 2 1 7 
12480492 18139076 
6 4 5 0 3 2 7 1 
12514210 18039986 
6 4 5 7 2 3 0 1 
12544750 18022458 
2 4 7 0 3 6 5 1 
12560606 17735128 
5 4 1 0 3 6 2 7 
12740736 17734254 
5 4 7 0 3 6 2 1 
12757284 17615710 
2 4 6 0 3 7 5 1 
12847604 17572520 
6 5 4 1 3 2 7 0 
12906674 17478212 
6 3 0 1 5 2 7 4 
13001130 17341244 
6 1 5 2 7 3 0 4 
13012160 17299208 
5 4 6 0 3 7 2 1 
13062588 17232752 
6 7 4 2 1 3 0 5 
13182994 17155052 
2 3 1 0 4 6 5 7 
13206838 17152560 
6 2 7 1 5 3 0 4 
13221248 17038018 
2 3 7 0 4 6 5 1 
13313062 16923902 
6 7 5 2 1 3 0 4 
13356344 16871588 
6 5 7 1 2 3 0 4 
13416840 16809292 
0 2 6 1 5 3 7 4 
13424880 16699150 
3 5 6 1 2 0 4 7 
13452516 16640488 
5 3 6 0 4 1 2 7 
13599838 16622960 
0 2 7 1 5 3 6 4 
13635874 16586340 
5 4 6 0 3 1 2 7 
13652748 16550912 
2 3 6 0 4 1 5 7 
13714114 16526206 
5 3 6 7 2 4 0 1 
13769040 16506334 
6 5 0 1 2 3 7 4 
13799880 16449362 
0 4 6 1 2 3 7 5 
13840360 16428152 
0 5 7 1 2 3 6 4 
13871442 16308214 
2 5 1 4 0 7 3 6 
13964780 16301502 
6 1 5 4 7 0 3 2 
13976304 16288946 
3 2 6 1 5 0 4 7 
14009446 16099018 
0 5 6 1 2 3 7 4 
14147930 15856250 
2 6 5 4 0 1 3 7 
14460238 15808668 
0 2 7 1 5 4 6 3 
14506404 15785224 
4 2 6 1 5 0 3 7 
14564710 15650742 
3 4 6 1 5 2 7 0 
14658168 15596746 
4 3 7 1 2 5 6 0 
14660938 15496088 
4 3 6 1 2 5 7 0 
14762768 15455694 
4 6 5 2 1 7 3 0 
14892580 15444880 
3 4 7 1 5 2 6 0 
14897236 15433500 
6 1 5 0 3 4 7 2 
14936028 15402050 
0 7 4 1 2 5 6 3 
15000342 15359872 
1 6 5 0 3 4 7 2 
15115372 15249224 
1 7 3 4 0 5 6 2 
15186666 15189860 
3 4 0 2 7 1 5 6 
15209322 15177798 
4 5 6 2 1 0 3 7 
15256802 15150624 
5 0 6 1 3 2 7 4 
15349766 15055936 
3 4 6 5 7 1 2 0 
15403738 15054976 
5 2 6 4 7 0 3 1 
15427854 14947138 
3 4 6 2 7 1 5 0 
15516882 14929460 
4 3 6 5 1 7 2 0 
15567858 14914332 
4 2 6 5 1 0 3 7 
15647476 14707672 
1 7 5 0 3 4 6 2 
15844270 14684926 
1 0 6 5 4 2 7 3 
16123354 14637662 
1 7 3 4 5 0 6 2 
16183988 14394616 
1 7 3 5 4 0 6 2 
16417516 14355768 
