720 3
0 1 3 2 5 4 
5207170 7239264 7239264 
0 1 4 2 5 3 
5268786 7177648 7177648 
0 1 3 2 4 5 
5298852 7147582 7147582 
5 2 3 1 4 0 
5362492 7083942 7083942 
0 1 4 2 3 5 
5367770 7078664 7078664 
0 1 5 2 4 3 
5376988 7069446 7069446 
0 1 5 2 3 4 
5384290 7062144 7062144 
5 1 3 2 0 4 
5387878 7058556 7058556 
0 2 3 1 4 5 
5396832 7049602 7049602 
5 2 0 1 4 3 
5410164 7036270 7036270 
5 1 4 2 0 3 
5443818 7002616 7002616 
0 2 5 1 4 3 
5453016 6993418 6993418 
4 5 2 3 0 1 
5522424 6924010 6924010 
4 0 2 1 3 5 
5561694 6884740 6884740 
5 4 3 0 2 1 
5569456 6876978 6876978 
0 5 3 4 1 2 
5579600 6866834 6866834 
4 5 2 3 1 0 
5583520 6862914 6862914 
5 4 1 0 2 3 
5589128 6857306 6857306 
4 0 5 1 3 2 
5599908 6846526 6846526 
4 5 1 3 0 2 
5600076 6846358 6846358 
4 5 0 3 1 2 
5611298 6835136 6835136 
0 4 3 5 2 1 
5611312 6835122 6835122 
0 4 1 5 3 2 
5618548 6827886 6827886 
4 5 0 3 2 1 
5619974 6826460 6826460 
4 0 2 1 5 3 
5622638 6823796 6823796 
0 5 2 4 1 3 
5627500 6818934 6818934 
0 4 1 5 2 3 
5627974 6818460 6818460 
0 4 3 5 1 2 
5633192 6813242 6813242 
4 0 2 3 1 5 
5639446 6806988 6806988 
4 3 2 5 0 1 
5639908 6806526 6806526 
4 0 2 3 5 1 
5640680 6805754 6805754 
4 0 5 3 1 2 
5647184 6799250 6799250 
4 0 3 1 5 2 
5651630 6794804 6794804 
4 2 0 1 3 5 
5655304 6791130 6791130 
4 2 5 1 3 0 
5658140 6788294 6788294 
5 1 3 2 4 0 
5659712 6786722 6786722 
0 4 2 5 3 1 
5661938 6784496 6784496 
4 5 1 3 2 0 
5669848 6776586 6776586 
5 0 2 1 4 3 
5681780 6764654 6764654 
4 3 5 2 0 1 
5682930 6763504 6763504 
5 2 0 1 3 4 
5687534 6758900 6758900 
5 0 3 1 4 2 
5692110 6754324 6754324 
0 4 2 5 1 3 
5693244 6753190 6753190 
4 3 1 5 0 2 
5695608 6750826 6750826 
4 5 3 2 0 1 
5696784 6749650 6749650 
4 3 1 2 0 5 
5696976 6749458 6749458 
4 2 3 1 5 0 
5698488 6747946 6747946 
4 2 0 1 5 3 
5703934 6742500 6742500 
4 0 1 3 5 2 
5707932 6738502 6738502 
3 2 0 1 4 5 
5707954 6738480 6738480 
0 2 5 1 3 4 
5710718 6735716 6735716 
5 2 4 1 3 0 
5713330 6733104 6733104 
3 2 5 1 4 0 
5716466 6729968 6729968 
4 3 2 0 5 1 
5733388 6713046 6713046 
0 2 4 1 3 5 
5733678 6712756 6712756 
4 3 5 0 2 1 
5737576 6708858 6708858 
2 1 3 0 5 4 
5739198 6707236 6707236 
4 5 1 2 0 3 
5741064 6705370 6705370 
5 1 4 2 3 0 
5742622 6703812 6703812 
4 3 1 0 5 2 
5749568 6696866 6696866 
4 3 1 0 2 5 
5755650 6690784 6690784 
5 1 0 2 4 3 
5758456 6687978 6687978 
5 4 3 2 0 1 
5760438 6685996 6685996 
5 4 1 0 3 2 
5762786 6683648 6683648 
5 0 3 4 1 2 
5768704 6677730 6677730 
5 4 1 2 0 3 
5772510 6673924 6673924 
5 1 3 0 2 4 
5773724 6672710 6672710 
4 3 0 5 2 1 
5777690 6668744 6668744 
5 1 0 2 3 4 
5785426 6661008 6661008 
4 1 3 2 0 5 
5787356 6659078 6659078 
4 0 5 3 2 1 
5792100 6654334 6654334 
4 3 1 2 5 0 
5798266 6648168 6648168 
5 4 2 0 3 1 
5800976 6645458 6645458 
5 0 2 4 1 3 
5802150 6644284 6644284 
4 3 1 5 2 0 
5802980 6643454 6643454 
2 1 4 0 5 3 
5803084 6643350 6643350 
0 3 5 4 1 2 
5811914 6634520 6634520 
5 1 4 0 2 3 
5812412 6634022 6634022 
0 3 2 4 1 5 
5812598 6633836 6633836 
4 3 0 2 5 1 
5816524 6629910 6629910 
4 1 5 2 0 3 
5817590 6628844 6628844 
4 5 3 0 2 1 
5830766 6615668 6615668 
0 4 2 3 1 5 
5832978 6613456 6613456 
0 4 5 3 1 2 
5848702 6597732 6597732 
5 4 2 3 0 1 
5849950 6596484 6596484 
4 0 1 3 2 5 
5851614 6594820 6594820 
0 4 1 3 5 2 
5869070 6577364 6577364 
0 2 3 1 5 4 
5869150 6577284 6577284 
5 4 2 3 1 0 
5875802 6570632 6570632 
5 4 1 3 0 2 
5881072 6565362 6565362 
4 2 5 3 1 0 
5881816 6564618 6564618 
4 5 1 0 2 3 
5882646 6563788 6563788 
0 4 2 3 5 1 
5882668 6563766 6563766 
1 2 5 3 0 4 
5895644 6550790 6550790 
3 1 5 2 0 4 
5895738 6550696 6550696 
4 2 0 3 1 5 
5901856 6544578 6544578 
5 3 2 4 1 0 
5905582 6540852 6540852 
3 0 2 1 4 5 
5906720 6539714 6539714 
4 2 0 3 5 1 
5916976 6529458 6529458 
0 3 2 1 4 5 
5919338 6527096 6527096 
1 2 0 3 5 4 
5919578 6526856 6526856 
3 1 4 2 0 5 
5921444 6524990 6524990 
5 4 0 3 1 2 
5921664 6524770 6524770 
4 2 3 1 0 5 
5934336 6512098 6512098 
0 5 3 1 4 2 
5938268 6508166 6508166 
5 3 0 4 1 2 
5938732 6507702 6507702 
5 4 1 3 2 0 
5940980 6505454 6505454 
2 1 4 0 3 5 
5941360 6505074 6505074 
0 5 2 1 4 3 
5942392 6504042 6504042 
4 2 5 1 0 3 
5942618 6503816 6503816 
0 2 4 1 5 3 
5948294 6498140 6498140 
2 1 5 0 3 4 
5955140 6491294 6491294 
4 2 1 3 5 0 
5955390 6491044 6491044 
5 4 0 3 2 1 
5955720 6490714 6490714 
0 1 3 5 2 4 
5958710 6487724 6487724 
1 2 4 3 0 5 
5965710 6480724 6480724 
4 1 3 2 5 0 
5967508 6478926 6478926 
3 0 5 1 4 2 
5970132 6476302 6476302 
4 2 5 3 0 1 
5970846 6475588 6475588 
0 3 5 1 4 2 
5971398 6475036 6475036 
0 5 1 4 3 2 
5982684 6463750 6463750 
0 5 2 4 3 1 
5986594 6459840 6459840 
4 5 1 2 3 0 
5992306 6454128 6454128 
2 0 3 1 4 5 
5994084 6452350 6452350 
0 1 4 5 2 3 
5998058 6448376 6448376 
1 2 4 3 5 0 
6001166 6445268 6445268 
1 2 0 3 4 5 
6001546 6444888 6444888 
5 4 1 2 3 0 
6006076 6440358 6440358 
0 4 1 3 2 5 
6008396 6438038 6438038 
4 0 3 1 2 5 
6011050 6435384 6435384 
1 2 5 3 4 0 
6013068 6433366 6433366 
3 5 2 4 1 0 
6013628 6432806 6432806 
4 1 3 0 2 5 
6014830 6431604 6431604 
5 2 3 4 1 0 
6015914 6430520 6430520 
5 0 2 1 3 4 
6018624 6427810 6427810 
4 5 0 2 3 1 
6019344 6427090 6427090 
4 0 5 1 2 3 
6020272 6426162 6426162 
4 1 0 2 5 3 
6024026 6422408 6422408 
5 4 3 0 1 2 
6026056 6420378 6420378 
4 2 1 3 0 5 
6029300 6417134 6417134 
3 2 0 1 5 4 
6033954 6412480 6412480 
2 5 3 4 1 0 
6036240 6410194 6410194 
4 5 2 1 3 0 
6036732 6409702 6409702 
0 4 5 3 2 1 
6037718 6408716 6408716 
4 0 3 5 2 1 
6043006 6403428 6403428 
3 5 0 4 1 2 
6043676 6402758 6402758 
1 3 5 2 0 4 
6045488 6400946 6400946 
2 0 5 1 4 3 
6047166 6399268 6399268 
4 1 5 0 2 3 
6048636 6397798 6397798 
4 3 2 5 1 0 
6052204 6394230 6394230 
5 3 1 2 0 4 
6053898 6392536 6392536 
4 5 2 0 3 1 
6055776 6390658 6390658 
3 4 2 5 0 1 
6059676 6386758 6386758 
2 1 3 0 4 5 
6059944 6386490 6386490 
4 5 1 0 3 2 
6064116 6382318 6382318 
0 4 1 2 5 3 
6070174 6376260 6376260 
5 2 3 1 0 4 
6070658 6375776 6375776 
4 5 0 1 3 2 
6072110 6374324 6374324 
4 0 2 5 3 1 
6080552 6365882 6365882 
5 2 0 4 1 3 
6082510 6363924 6363924 
4 3 0 5 1 2 
6082614 6363820 6363820 
5 4 2 0 1 3 
6083918 6362516 6362516 
0 4 3 2 5 1 
6083988 6362446 6362446 
3 4 1 5 0 2 
6094718 6351716 6351716 
3 0 2 4 1 5 
6095294 6351140 6351140 
5 4 0 2 3 1 
6097728 6348706 6348706 
5 3 4 2 0 1 
6097766 6348668 6348668 
5 0 4 1 3 2 
6097882 6348552 6348552 
4 2 3 5 0 1 
6102184 6344250 6344250 
1 3 4 2 0 5 
6103402 6343032 6343032 
2 1 3 5 0 4 
6104892 6341542 6341542 
3 0 5 4 1 2 
6105962 6340472 6340472 
3 2 4 1 5 0 
6107652 6338782 6338782 
4 0 3 5 1 2 
6108986 6337448 6337448 
4 0 1 5 2 3 
6111742 6334692 6334692 
4 1 3 0 5 2 
6113810 6332624 6332624 
2 5 0 4 1 3 
6114188 6332246 6332246 
3 1 0 2 5 4 
6116166 6330268 6330268 
4 0 1 5 3 2 
6118012 6328422 6328422 
5 3 1 2 4 0 
6119014 6327420 6327420 
1 2 3 5 0 4 
6120202 6326232 6326232 
3 1 4 2 5 0 
6121264 6325170 6325170 
0 5 3 4 2 1 
6121720 6324714 6324714 
0 1 2 3 4 5 
6136242 6310192 6310192 
5 1 4 0 3 2 
6136982 6309452 6309452 
2 1 5 0 4 3 
6137610 6308824 6308824 
0 1 4 5 3 2 
6139544 6306890 6306890 
4 0 2 5 1 3 
6140262 6306172 6306172 
4 1 2 0 5 3 
6141490 6304944 6304944 
5 2 4 1 0 3 
6144126 6302308 6302308 
5 1 2 0 3 4 
6144636 6301798 6301798 
0 1 4 3 2 5 
6148380 6298054 6298054 
0 1 5 3 2 4 
6148408 6298026 6298026 
0 1 2 5 3 4 
6148728 6297706 6297706 
1 0 2 3 5 4 
6150132 6296302 6296302 
5 0 2 4 3 1 
6150408 6296026 6296026 
1 0 5 3 2 4 
6154424 6292010 6292010 
1 0 2 3 4 5 
6160312 6286122 6286122 
0 1 2 3 5 4 
6161306 6285128 6285128 
2 1 4 5 0 3 
6163762 6282672 6282672 
0 5 1 4 2 3 
6165710 6280724 6280724 
0 1 5 3 4 2 
6165846 6280588 6280588 
4 2 1 5 0 3 
6168920 6277514 6277514 
5 0 1 4 3 2 
6180818 6265616 6265616 
5 2 4 3 1 0 
6181982 6264452 6264452 
0 1 4 3 5 2 
6190882 6255552 6255552 
5 1 3 0 4 2 
6193450 6252984 6252984 
3 4 1 5 2 0 
6193918 6252516 6252516 
1 2 4 5 0 3 
6199730 6246704 6246704 
0 4 1 2 3 5 
6200074 6246360 6246360 
3 4 0 5 2 1 
6204268 6242166 6242166 
2 5 3 1 4 0 
6205902 6240532 6240532 
2 4 3 5 0 1 
6206792 6239642 6239642 
2 4 1 5 0 3 
6214854 6231580 6231580 
5 2 0 3 1 4 
6216150 6230284 6230284 
1 0 4 3 2 5 
6219010 6227424 6227424 
5 3 0 2 4 1 
6221466 6224968 6224968 
3 4 1 0 2 5 
6222488 6223946 6223946 
5 3 0 4 2 1 
6223188 6223246 6223246 
5 3 2 1 4 0 
6224448 6221986 6221986 
0 3 1 2 4 5 
6224704 6221730 6221730 
3 4 1 0 5 2 
6226954 6219480 6219480 
1 0 5 3 4 2 
6227734 6218700 6218700 
3 4 2 0 5 1 
6231432 6215002 6215002 
5 3 1 4 2 0 
6238688 6207746 6207746 
5 1 2 0 4 3 
6239792 6206642 6206642 
1 5 3 2 0 4 
6242242 6204192 6204192 
3 4 5 0 2 1 
6244410 6202024 6202024 
1 0 3 4 2 5 
6244714 6201720 6201720 
4 2 3 5 1 0 
6249336 6197098 6197098 
0 1 3 5 4 2 
6250528 6195906 6195906 
0 3 5 4 2 1 
6251330 6195104 6195104 
1 0 5 4 2 3 
6255116 6191318 6191318 
0 3 1 4 2 5 
6255944 6190490 6190490 
1 3 0 2 5 4 
6256886 6189548 6189548 
3 1 5 0 2 4 
6257990 6188444 6188444 
3 2 5 1 0 4 
6258646 6187788 6187788 
0 3 1 2 5 4 
6260878 6185556 6185556 
0 2 3 4 1 5 
6262380 6184054 6184054 
4 1 5 2 3 0 
6262712 6183722 6183722 
3 1 4 0 2 5 
6262872 6183562 6183562 
2 5 0 1 4 3 
6264926 6181508 6181508 
5 2 1 3 4 0 
6267458 6178976 6178976 
5 3 1 0 2 4 
6270944 6175490 6175490 
1 0 2 4 3 5 
6271134 6175300 6175300 
4 5 2 1 0 3 
6276146 6170288 6170288 
0 5 1 3 4 2 
6276618 6169816 6169816 
0 5 2 1 3 4 
6276860 6169574 6169574 
4 2 0 5 3 1 
6277512 6168922 6168922 
0 5 2 3 1 4 
6279690 6166744 6166744 
0 5 4 3 1 2 
6281286 6165148 6165148 
1 0 4 3 5 2 
6282140 6164294 6164294 
5 3 0 1 4 2 
6282450 6163984 6163984 
4 2 1 5 3 0 
6282562 6163872 6163872 
4 1 0 2 3 5 
6288996 6157438 6157438 
1 3 5 0 2 4 
6289140 6157294 6157294 
0 4 5 2 3 1 
6289664 6156770 6156770 
5 3 4 0 2 1 
6289960 6156474 6156474 
5 0 3 4 2 1 
6292104 6154330 6154330 
2 0 5 1 3 4 
6296696 6149738 6149738 
2 4 3 5 1 0 
6298072 6148362 6148362 
0 3 4 5 1 2 
6298090 6148344 6148344 
0 1 2 5 4 3 
6299060 6147374 6147374 
4 5 3 2 1 0 
6302336 6144098 6144098 
0 5 2 3 4 1 
6304316 6142118 6142118 
3 0 2 1 5 4 
6304508 6141926 6141926 
2 4 1 5 3 0 
6304628 6141806 6141806 
4 5 3 1 0 2 
6309518 6136916 6136916 
0 2 5 4 1 3 
6309596 6136838 6136838 
4 2 0 5 1 3 
6311022 6135412 6135412 
5 3 2 4 0 1 
6311730 6134704 6134704 
2 3 5 1 4 0 
6311882 6134552 6134552 
4 5 3 0 1 2 
6312746 6133688 6133688 
5 2 0 3 4 1 
6313238 6133196 6133196 
3 5 0 4 2 1 
6314020 6132414 6132414 
1 3 4 2 5 0 
6314058 6132376 6132376 
1 0 5 4 3 2 
6316288 6130146 6130146 
2 3 0 1 4 5 
6317824 6128610 6128610 
2 1 4 5 3 0 
6318774 6127660 6127660 
4 3 5 0 1 2 
6322260 6124174 6124174 
3 2 4 1 0 5 
6323832 6122602 6122602 
4 3 2 0 1 5 
6324154 6122280 6122280 
0 3 2 5 1 4 
6325054 6121380 6121380 
1 3 4 0 2 5 
6326230 6120204 6120204 
0 3 5 2 4 1 
6326414 6120020 6120020 
5 4 3 2 1 0 
6330746 6115688 6115688 
3 1 5 2 4 0 
6333558 6112876 6112876 
0 3 2 1 5 4 
6334802 6111632 6111632 
0 3 1 5 2 4 
6335530 6110904 6110904 
0 3 4 2 5 1 
6336308 6110126 6110126 
2 0 4 1 3 5 
6337740 6108694 6108694 
1 5 4 2 0 3 
6338178 6108256 6108256 
2 3 5 4 1 0 
6341404 6105030 6105030 
0 5 4 1 3 2 
6346020 6100414 6100414 
0 3 2 4 5 1 
6347088 6099346 6099346 
1 2 0 5 3 4 
6348318 6098116 6098116 
0 3 1 4 5 2 
6351018 6095416 6095416 
3 1 0 2 4 5 
6354166 6092268 6092268 
5 0 1 4 2 3 
6355960 6090474 6090474 
4 5 2 0 1 3 
6356286 6090148 6090148 
2 1 5 3 0 4 
6357006 6089428 6089428 
0 3 4 5 2 1 
6358216 6088218 6088218 
3 5 1 4 2 0 
6358494 6087940 6087940 
2 1 0 5 3 4 
6360368 6086066 6086066 
5 3 1 4 0 2 
6360380 6086054 6086054 
1 2 3 0 5 4 
6371228 6075206 6075206 
4 0 3 2 5 1 
6372176 6074258 6074258 
4 5 0 2 1 3 
6373654 6072780 6072780 
2 3 0 4 1 5 
6375238 6071196 6071196 
0 2 4 3 1 5 
6376308 6070126 6070126 
5 0 2 3 1 4 
6378440 6067994 6067994 
2 1 4 3 0 5 
6380542 6065892 6065892 
1 2 4 5 3 0 
6387574 6058860 6058860 
5 0 2 3 4 1 
6389854 6056580 6056580 
5 0 4 3 1 2 
6390134 6056300 6056300 
0 2 5 3 1 4 
6390436 6055998 6055998 
0 3 1 5 4 2 
6394430 6052004 6052004 
5 0 1 3 4 2 
6396476 6049958 6049958 
2 1 0 3 5 4 
6396540 6049894 6049894 
2 1 4 3 5 0 
6397278 6049156 6049156 
2 4 0 5 3 1 
6402010 6044424 6044424 
4 3 5 2 1 0 
6403500 6042934 6042934 
2 4 0 5 1 3 
6403516 6042918 6042918 
3 5 2 4 0 1 
6403972 6042462 6042462 
4 0 1 2 5 3 
6410436 6035998 6035998 
3 1 2 0 5 4 
6412960 6033474 6033474 
0 3 4 1 5 2 
6414162 6032272 6032272 
1 0 3 2 5 4 
6426588 6019846 6019846 
3 0 4 1 5 2 
6427626 6018808 6018808 
3 2 5 4 1 0 
6429124 6017310 6017310 
2 1 5 3 4 0 
6430330 6016104 6016104 
1 0 2 4 5 3 
6430726 6015708 6015708 
4 1 2 0 3 5 
6431746 6014688 6014688 
1 3 2 0 5 4 
6432080 6014354 6014354 
3 4 1 2 0 5 
6433036 6013398 6013398 
4 5 3 1 2 0 
6433090 6013344 6013344 
5 4 0 2 1 3 
6434470 6011964 6011964 
4 5 0 1 2 3 
6435096 6011338 6011338 
4 3 0 2 1 5 
6435804 6010630 6010630 
4 1 5 0 3 2 
6437872 6008562 6008562 
0 3 2 5 4 1 
6444080 6002354 6002354 
3 2 0 4 1 5 
6448504 5997930 5997930 
3 1 4 0 5 2 
6449166 5997268 5997268 
5 2 1 4 3 0 
6452228 5994206 5994206 
3 4 2 5 1 0 
6452532 5993902 5993902 
2 1 0 3 4 5 
6453128 5993306 5993306 
1 2 4 0 5 3 
6455772 5990662 5990662 
2 0 3 1 5 4 
6456538 5989896 5989896 
5 2 0 4 3 1 
6456968 5989466 5989466 
5 3 1 0 4 2 
6457752 5988682 5988682 
3 4 5 2 0 1 
6458986 5987448 5987448 
2 5 1 4 3 0 
6460524 5985910 5985910 
0 4 3 2 1 5 
6460932 5985502 5985502 
1 0 3 4 5 2 
6465478 5980956 5980956 
2 0 3 4 1 5 
6471810 5974624 5974624 
3 5 2 1 4 0 
6472442 5973992 5973992 
2 4 1 0 5 3 
6473672 5972762 5972762 
2 1 3 5 4 0 
6477882 5968552 5968552 
3 5 1 4 0 2 
6478494 5967940 5967940 
2 4 3 0 5 1 
6488486 5957948 5957948 
1 2 0 4 3 5 
6495544 5950890 5950890 
3 4 0 5 1 2 
6497924 5948510 5948510 
1 0 3 5 2 4 
6498550 5947884 5947884 
1 2 5 4 3 0 
6502050 5944384 5944384 
5 3 2 0 4 1 
6502202 5944232 5944232 
2 5 0 4 3 1 
6503082 5943352 5943352 
1 3 5 2 4 0 
6511712 5934722 5934722 
1 3 0 2 4 5 
6512454 5933980 5933980 
3 0 5 4 2 1 
6512546 5933888 5933888 
5 0 3 1 2 4 
6513984 5932450 5932450 
2 0 5 4 1 3 
6515924 5930510 5930510 
1 5 2 3 0 4 
6522922 5923512 5923512 
1 5 0 4 2 3 
6523140 5923294 5923294 
1 5 3 4 2 0 
6523624 5922810 5922810 
1 0 4 2 5 3 
6523844 5922590 5922590 
5 3 4 2 1 0 
6526594 5919840 5919840 
1 3 4 0 5 2 
6526960 5919474 5919474 
3 5 0 1 4 2 
6527342 5919092 5919092 
2 5 0 1 3 4 
6531748 5914686 5914686 
3 4 1 2 5 0 
6536702 5909732 5909732 
0 4 5 2 1 3 
6536708 5909726 5909726 
1 2 3 5 4 0 
6537292 5909142 5909142 
0 2 1 3 4 5 
6539588 5906846 5906846 
1 4 3 0 2 5 
6545026 5901408 5901408 
2 0 4 1 5 3 
6550664 5895770 5895770 
2 4 5 3 1 0 
6550712 5895722 5895722 
1 3 2 5 0 4 
6550726 5895708 5895708 
5 2 1 3 0 4 
6551142 5895292 5895292 
1 5 0 3 2 4 
6551148 5895286 5895286 
1 0 3 2 4 5 
6553514 5892920 5892920 
0 3 4 2 1 5 
6554480 5891954 5891954 
2 5 4 3 1 0 
6558596 5887838 5887838 
4 0 1 2 3 5 
6560388 5886046 5886046 
4 0 5 2 3 1 
6561142 5885292 5885292 
1 5 3 2 4 0 
6562532 5883902 5883902 
5 2 4 3 0 1 
6562754 5883680 5883680 
1 5 3 0 2 4 
6565230 5881204 5881204 
4 2 3 0 5 1 
6565336 5881098 5881098 
2 5 4 1 3 0 
6565530 5880904 5880904 
3 0 1 4 2 5 
6566000 5880434 5880434 
4 1 3 5 0 2 
6567938 5878496 5878496 
1 2 3 4 0 5 
6568902 5877532 5877532 
1 0 4 5 2 3 
6573538 5872896 5872896 
1 2 5 0 3 4 
6575410 5871024 5871024 
1 2 0 5 4 3 
6577564 5868870 5868870 
2 1 0 5 4 3 
6578346 5868088 5868088 
1 2 5 4 0 3 
6578364 5868070 5868070 
4 1 2 5 0 3 
6578974 5867460 5867460 
0 3 5 2 1 4 
6580760 5865674 5865674 
2 4 0 3 1 5 
6580850 5865584 5865584 
2 4 1 3 5 0 
6582316 5864118 5864118 
5 0 4 1 2 3 
6582912 5863522 5863522 
2 5 0 3 1 4 
6584778 5861656 5861656 
5 3 0 2 1 4 
6585178 5861256 5861256 
1 4 5 0 2 3 
6586620 5859814 5859814 
1 0 5 2 3 4 
6590538 5855896 5855896 
3 4 0 2 5 1 
6590600 5855834 5855834 
0 2 5 3 4 1 
6596890 5849544 5849544 
1 0 5 2 4 3 
6602676 5843758 5843758 
1 5 2 4 3 0 
6603042 5843392 5843392 
3 0 2 4 5 1 
6603144 5843290 5843290 
1 2 4 0 3 5 
6608160 5838274 5838274 
1 5 2 3 4 0 
6608644 5837790 5837790 
4 2 1 0 5 3 
6609196 5837238 5837238 
2 3 1 5 0 4 
6610512 5835922 5835922 
2 3 4 5 1 0 
6611120 5835314 5835314 
1 5 0 2 4 3 
6612436 5833998 5833998 
1 5 0 2 3 4 
6617590 5828844 5828844 
1 3 0 5 2 4 
6619184 5827250 5827250 
2 5 1 3 4 0 
6623252 5823182 5823182 
0 5 1 3 2 4 
6625718 5820716 5820716 
1 5 4 3 2 0 
6630316 5816118 5816118 
5 1 2 3 0 4 
6632846 5813588 5813588 
1 5 2 4 0 3 
6634292 5812142 5812142 
1 0 4 2 3 5 
6638632 5807802 5807802 
1 2 3 4 5 0 
6639866 5806568 5806568 
3 0 5 1 2 4 
6640026 5806408 5806408 
1 5 0 4 3 2 
6641690 5804744 5804744 
1 2 0 4 5 3 
6642822 5803612 5803612 
2 4 1 0 3 5 
6642864 5803570 5803570 
1 5 4 0 2 3 
6643914 5802520 5802520 
2 4 0 3 5 1 
6646334 5800100 5800100 
4 1 3 5 2 0 
6649110 5797324 5797324 
5 1 4 3 2 0 
6649814 5796620 5796620 
2 3 0 1 5 4 
6651636 5794798 5794798 
0 5 4 3 2 1 
6655012 5791422 5791422 
1 3 4 5 0 2 
6657234 5789200 5789200 
1 5 4 3 0 2 
6657990 5788444 5788444 
1 0 2 5 3 4 
6658208 5788226 5788226 
1 4 2 0 5 3 
6658654 5787780 5787780 
5 1 0 3 2 4 
6659482 5786952 5786952 
1 4 2 5 0 3 
6660876 5785558 5785558 
2 3 4 5 0 1 
6661320 5785114 5785114 
2 4 1 3 0 5 
6661734 5784700 5784700 
1 5 4 2 3 0 
6663622 5782812 5782812 
1 5 0 3 4 2 
6664544 5781890 5781890 
5 3 4 0 1 2 
6664554 5781880 5781880 
0 3 5 1 2 4 
6665160 5781274 5781274 
1 3 4 5 2 0 
6667160 5779274 5779274 
3 0 1 4 5 2 
6667266 5779168 5779168 
2 3 0 5 1 4 
6668494 5777940 5777940 
1 4 3 0 5 2 
6668990 5777444 5777444 
5 1 2 3 4 0 
6670112 5776322 5776322 
1 5 3 4 0 2 
6673424 5773010 5773010 
5 1 4 3 0 2 
6675580 5770854 5770854 
5 2 3 4 0 1 
6687206 5759228 5759228 
1 4 3 5 0 2 
6687856 5758578 5758578 
5 3 2 0 1 4 
6689988 5756446 5756446 
0 4 2 1 3 5 
6690980 5755454 5755454 
0 3 4 1 2 5 
6692460 5753974 5753974 
4 1 0 5 2 3 
6692556 5753878 5753878 
2 4 5 3 0 1 
6695614 5750820 5750820 
2 3 4 1 5 0 
6696558 5749876 5749876 
3 0 4 1 2 5 
6699732 5746702 5746702 
1 4 3 2 0 5 
6705374 5741060 5741060 
2 5 0 3 4 1 
6706850 5739584 5739584 
1 2 3 0 4 5 
6717354 5729080 5729080 
5 1 0 3 4 2 
6722514 5723920 5723920 
2 5 3 4 0 1 
6728160 5718274 5718274 
2 4 5 0 3 1 
6732984 5713450 5713450 
0 4 5 1 3 2 
6737180 5709254 5709254 
5 0 1 3 2 4 
6740068 5706366 5706366 
1 4 5 2 0 3 
6743396 5703038 5703038 
5 0 4 3 2 1 
6745140 5701294 5701294 
5 2 1 4 0 3 
6749062 5697372 5697372 
0 2 1 3 5 4 
6749362 5697072 5697072 
1 0 4 5 3 2 
6751456 5694978 5694978 
2 3 1 0 5 4 
6752906 5693528 5693528 
1 4 3 5 2 0 
6757256 5689178 5689178 
3 5 1 2 0 4 
6758512 5687922 5687922 
0 2 1 4 3 5 
6762506 5683928 5683928 
2 5 1 4 0 3 
6763550 5682884 5682884 
0 5 3 1 2 4 
6765650 5680784 5680784 
1 2 5 0 4 3 
6769148 5677286 5677286 
0 4 2 1 5 3 
6771976 5674458 5674458 
0 4 3 1 5 2 
6772192 5674242 5674242 
0 2 5 4 3 1 
6773752 5672682 5672682 
2 3 1 5 4 0 
6776784 5669650 5669650 
1 4 0 5 2 3 
6784268 5662166 5662166 
0 2 4 3 5 1 
6792536 5653898 5653898 
4 2 5 0 3 1 
6794534 5651900 5651900 
4 2 1 0 3 5 
6796748 5649686 5649686 
4 0 3 2 1 5 
6797576 5648858 5648858 
3 1 2 0 4 5 
6798372 5648062 5648062 
3 4 2 0 1 5 
6800382 5646052 5646052 
3 5 4 2 0 1 
6810168 5636266 5636266 
3 4 5 0 1 2 
6817826 5628608 5628608 
5 3 2 1 0 4 
6818382 5628052 5628052 
2 4 3 0 1 5 
6821122 5625312 5625312 
1 0 2 5 4 3 
6827980 5618454 5618454 
3 1 5 0 4 2 
6829696 5616738 5616738 
0 1 3 4 2 5 
6830724 5615710 5615710 
2 3 4 0 5 1 
6831606 5614828 5614828 
1 3 2 0 4 5 
6835060 5611374 5611374 
4 0 5 2 1 3 
6836590 5609844 5609844 
0 5 4 1 2 3 
6838934 5607500 5607500 
4 3 2 1 5 0 
6839940 5606494 5606494 
3 5 1 2 4 0 
6843680 5602754 5602754 
1 0 3 5 4 2 
6846240 5600194 5600194 
2 0 5 3 1 4 
6857814 5588620 5588620 
2 0 4 3 1 5 
6861770 5584664 5584664 
2 3 5 1 0 4 
6869758 5576676 5576676 
0 1 5 4 2 3 
6870100 5576334 5576334 
4 3 0 1 5 2 
6874378 5572056 5572056 
2 3 0 5 4 1 
6884966 5561468 5561468 
0 1 2 4 3 5 
6887504 5558930 5558930 
3 1 2 5 0 4 
6888592 5557842 5557842 
2 3 1 4 5 0 
6891744 5554690 5554690 
1 3 5 0 4 2 
6892850 5553584 5553584 
0 1 5 4 3 2 
6894840 5551594 5551594 
2 4 5 0 1 3 
6896428 5550006 5550006 
1 4 3 2 5 0 
6898738 5547696 5547696 
2 5 1 3 0 4 
6902580 5543854 5543854 
5 4 2 1 3 0 
6907782 5538652 5538652 
2 5 3 1 0 4 
6909712 5536722 5536722 
5 3 4 1 0 2 
6910900 5535534 5535534 
1 5 2 0 3 4 
6912352 5534082 5534082 
3 5 0 2 4 1 
6917158 5529276 5529276 
2 3 5 4 0 1 
6918306 5528128 5528128 
2 3 1 4 0 5 
6918362 5528072 5528072 
2 3 4 1 0 5 
6920622 5525812 5525812 
2 3 0 4 5 1 
6925522 5520912 5520912 
5 3 0 1 2 4 
6930618 5515816 5515816 
4 1 2 5 3 0 
6931560 5514874 5514874 
3 1 4 5 0 2 
6936426 5510008 5510008 
1 4 0 2 5 3 
6938822 5507612 5507612 
1 4 2 0 3 5 
6944662 5501772 5501772 
2 3 1 0 4 5 
6945796 5500638 5500638 
4 2 3 0 1 5 
6948336 5498098 5498098 
3 1 4 5 2 0 
6949952 5496482 5496482 
3 1 0 5 2 4 
6954050 5492384 5492384 
2 5 4 3 0 1 
6959996 5486438 5486438 
5 4 0 1 3 2 
6961244 5485190 5485190 
3 2 4 5 1 0 
6962712 5483722 5483722 
3 2 1 5 0 4 
6963688 5482746 5482746 
4 1 0 5 3 2 
6963970 5482464 5482464 
5 3 4 1 2 0 
6965134 5481300 5481300 
2 0 1 4 3 5 
6968936 5477498 5477498 
3 2 5 4 0 1 
6969594 5476840 5476840 
3 2 0 4 5 1 
6970240 5476194 5476194 
3 2 4 5 0 1 
6976480 5469954 5469954 
2 0 5 4 3 1 
6983680 5462754 5462754 
4 2 5 0 1 3 
6989982 5456452 5456452 
3 2 0 5 1 4 
6991310 5455124 5455124 
1 4 5 0 3 2 
6996592 5449842 5449842 
1 5 4 0 3 2 
6997032 5449402 5449402 
2 5 4 1 0 3 
7002518 5443916 5443916 
3 2 1 4 5 0 
7003254 5443180 5443180 
0 2 3 4 5 1 
7004636 5441798 5441798 
2 3 4 0 1 5 
7005470 5440964 5440964 
2 0 1 3 4 5 
7015240 5431194 5431194 
4 3 2 1 0 5 
7018410 5428024 5428024 
3 2 1 4 0 5 
7021988 5424446 5424446 
1 4 2 5 3 0 
7022426 5424008 5424008 
2 3 5 0 1 4 
7029010 5417424 5417424 
1 5 2 0 4 3 
7029324 5417110 5417110 
0 1 3 4 5 2 
7030860 5415574 5415574 
3 5 1 0 2 4 
7031300 5415134 5415134 
0 5 1 2 4 3 
7034110 5412324 5412324 
1 5 3 0 4 2 
7035320 5411114 5411114 
0 2 1 4 5 3 
7040606 5405828 5405828 
3 5 2 1 0 4 
7046324 5400110 5400110 
2 3 5 0 4 1 
7048036 5398398 5398398 
0 5 3 2 4 1 
7057684 5388750 5388750 
3 5 4 0 2 1 
7058104 5388330 5388330 
4 3 5 1 0 2 
7060064 5386370 5386370 
0 1 2 4 5 3 
7062900 5383534 5383534 
2 0 5 3 4 1 
7076040 5370394 5370394 
1 4 0 5 3 2 
7076418 5370016 5370016 
1 3 2 5 4 0 
7082048 5364386 5364386 
0 4 3 1 2 5 
7127256 5319178 5319178 
1 3 0 5 4 2 
7140580 5305854 5305854 
3 2 1 5 4 0 
7145656 5300778 5300778 
3 5 0 1 2 4 
7157150 5289284 5289284 
3 4 5 2 1 0 
7160116 5286318 5286318 
5 4 2 1 0 3 
7164872 5281562 5281562 
3 0 2 5 1 4 
7172400 5274034 5274034 
3 5 4 1 0 2 
7172502 5273932 5273932 
0 4 5 1 2 3 
7173240 5273194 5273194 
5 4 3 1 0 2 
7183922 5262512 5262512 
3 2 0 5 4 1 
7187046 5259388 5259388 
3 4 0 2 1 5 
7188064 5258370 5258370 
4 3 0 1 2 5 
7188734 5257700 5257700 
3 0 4 5 1 2 
7189194 5257240 5257240 
4 3 5 1 2 0 
7195950 5250484 5250484 
1 4 5 2 3 0 
7197482 5248952 5248952 
0 2 3 5 1 4 
7197986 5248448 5248448 
1 4 0 2 3 5 
7199544 5246890 5246890 
0 5 1 2 3 4 
7200184 5246250 5246250 
4 1 2 3 0 5 
7203754 5242680 5242680 
3 0 1 5 2 4 
7210236 5236198 5236198 
2 0 1 3 5 4 
7215150 5231284 5231284 
2 0 3 4 5 1 
7215974 5230460 5230460 
3 0 4 5 2 1 
7216488 5229946 5229946 
4 1 5 3 0 2 
7222952 5223482 5223482 
3 5 4 1 2 0 
7228428 5218006 5218006 
0 2 4 5 1 3 
7231074 5215360 5215360 
3 5 1 0 4 2 
7236468 5209966 5209966 
2 0 1 4 5 3 
7245344 5201090 5201090 
3 5 4 2 1 0 
7254800 5191634 5191634 
3 5 2 0 4 1 
7255046 5191388 5191388 
4 1 2 3 5 0 
7266084 5180350 5180350 
0 5 4 2 3 1 
7273254 5173180 5173180 
3 5 0 2 1 4 
7276622 5169812 5169812 
4 1 5 3 2 0 
7278838 5167596 5167596 
2 0 4 3 5 1 
7279906 5166528 5166528 
5 1 3 4 2 0 
7280018 5166416 5166416 
3 0 2 5 4 1 
7282462 5163972 5163972 
4 1 0 3 2 5 
7288478 5157956 5157956 
2 1 5 4 3 0 
7290530 5155904 5155904 
3 0 1 5 4 2 
7293004 5153430 5153430 
4 1 0 3 5 2 
7294922 5151512 5151512 
5 4 3 1 2 0 
7297630 5148804 5148804 
2 1 0 4 3 5 
7318344 5128090 5128090 
3 0 1 2 4 5 
7321078 5125356 5125356 
1 3 0 4 2 5 
7322798 5123636 5123636 
5 1 0 4 2 3 
7328374 5118060 5118060 
5 4 0 1 2 3 
7332042 5114392 5114392 
1 3 5 4 2 0 
7333684 5112750 5112750 
3 0 1 2 5 4 
7339576 5106858 5106858 
0 5 3 2 1 4 
7342946 5103488 5103488 
2 1 3 4 0 5 
7364342 5082092 5082092 
3 2 1 0 5 4 
7365816 5080618 5080618 
3 0 5 2 4 1 
7373948 5072486 5072486 
2 4 5 1 3 0 
7381390 5065044 5065044 
5 1 2 4 3 0 
7383226 5063208 5063208 
2 4 0 1 3 5 
7388652 5057782 5057782 
3 1 2 5 4 0 
7391510 5054924 5054924 
0 5 4 2 1 3 
7392442 5053992 5053992 
0 2 1 5 3 4 
7398480 5047954 5047954 
3 0 4 2 5 1 
7398572 5047862 5047862 
2 1 5 4 0 3 
7399676 5046758 5046758 
5 0 1 2 4 3 
7405818 5040616 5040616 
2 4 3 1 5 0 
7406438 5039996 5039996 
3 2 4 0 5 1 
7406500 5039934 5039934 
5 0 3 2 4 1 
7409526 5036908 5036908 
2 1 3 4 5 0 
7416586 5029848 5029848 
5 1 0 4 3 2 
7418376 5028058 5028058 
1 4 2 3 0 5 
7421356 5025078 5025078 
1 3 2 4 0 5 
7422576 5023858 5023858 
5 1 3 4 0 2 
7427910 5018524 5018524 
0 2 4 5 3 1 
7432686 5013748 5013748 
3 5 2 0 1 4 
7438584 5007850 5007850 
5 1 2 4 0 3 
7441116 5005318 5005318 
3 1 0 5 4 2 
7443442 5002992 5002992 
3 5 4 0 1 2 
7446810 4999624 4999624 
2 4 0 1 5 3 
7455642 4990792 4990792 
0 2 1 5 4 3 
7466806 4979628 4979628 
0 2 3 5 4 1 
7467924 4978510 4978510 
1 3 5 4 0 2 
7471170 4975264 4975264 
2 1 0 4 5 3 
7479734 4966700 4966700 
1 4 5 3 0 2 
7486358 4960076 4960076 
1 4 2 3 5 0 
7496898 4949536 4949536 
1 4 0 3 2 5 
7515890 4930544 4930544 
1 4 5 3 2 0 
7530472 4915962 4915962 
1 4 0 3 5 2 
7547318 4899116 4899116 
1 3 2 4 5 0 
7550918 4895516 4895516 
3 2 1 0 4 5 
7566518 4879916 4879916 
5 0 1 2 3 4 
7574268 4872166 4872166 
1 3 0 4 5 2 
7588626 4857808 4857808 
5 2 1 0 3 4 
7602388 4844046 4844046 
3 2 4 0 1 5 
7608912 4837522 4837522 
5 2 3 0 4 1 
7613646 4832788 4832788 
5 2 1 0 4 3 
7615538 4830896 4830896 
3 2 5 0 4 1 
7616420 4830014 4830014 
3 2 5 0 1 4 
7618130 4828304 4828304 
5 0 4 2 3 1 
7623116 4823318 4823318 
5 2 4 0 3 1 
7632924 4813510 4813510 
3 0 5 2 1 4 
7637258 4809176 4809176 
3 0 4 2 1 5 
7643384 4803050 4803050 
2 4 3 1 0 5 
7647794 4798640 4798640 
5 2 3 0 1 4 
7650520 4795914 4795914 
5 2 4 0 1 3 
7682948 4763486 4763486 
2 4 5 1 0 3 
7689736 4756698 4756698 
5 0 3 2 1 4 
7708000 4738434 4738434 
2 0 3 5 1 4 
7722516 4723918 4723918 
2 5 1 0 3 4 
7749834 4696600 4696600 
5 0 4 2 1 3 
7753140 4693294 4693294 
2 0 4 5 1 3 
7770586 4675848 4675848 
2 5 1 0 4 3 
7773532 4672902 4672902 
2 5 3 0 4 1 
7798106 4648328 4648328 
2 5 3 0 1 4 
7809996 4636438 4636438 
2 5 4 0 3 1 
7826174 4620260 4620260 
2 5 4 0 1 3 
7861762 4584672 4584672 
2 0 1 5 3 4 
7920010 4526424 4526424 
3 4 2 1 5 0 
7958984 4487450 4487450 
2 0 4 5 3 1 
7975798 4470636 4470636 
2 0 1 5 4 3 
7996508 4449926 4449926 
2 0 3 5 4 1 
8004226 4442208 4442208 
3 4 0 1 5 2 
8008404 4438030 4438030 
3 4 2 1 0 5 
8135078 4311356 4311356 
3 4 5 1 0 2 
8196070 4250364 4250364 
3 1 5 4 2 0 
8209884 4236550 4236550 
3 1 0 4 2 5 
8218864 4227570 4227570 
3 4 0 1 2 5 
8312212 4134222 4134222 
3 1 2 4 0 5 
8321642 4124792 4124792 
3 4 5 1 2 0 
8323784 4122650 4122650 
3 1 5 4 0 2 
8343770 4102664 4102664 
3 1 2 4 5 0 
8439148 4007286 4007286 
3 1 0 4 5 2 
8470256 3976178 3976178 
