117 3
2 5 4 1 3 0 6 
9675874 12752150 12729946 
6 2 4 0 1 5 3 
9886164 12329988 12539720 
6 0 4 2 1 5 3 
9969890 12347850 12462742 
6 0 4 3 1 5 2 
9995404 12393564 12247454 
4 1 2 5 3 6 0 
10021666 12450576 12196460 
4 1 0 5 3 6 2 
10084254 13016062 12025544 
6 1 4 5 0 3 2 
10085004 13003064 12196458 
4 5 6 1 0 2 3 
10086824 12033122 12106700 
1 2 4 0 6 5 3 
10200122 11777534 12699372 
5 2 4 0 3 1 6 
10235160 12607400 12045436 
0 5 3 1 4 2 6 
10238710 12185706 11715452 
1 4 2 6 0 5 3 
10247576 12029292 12522304 
3 0 4 2 5 1 6 
10297360 11796940 12190084 
4 0 2 3 5 6 1 
10297438 11910978 12117368 
2 5 0 1 6 4 3 
10333878 12515418 11182566 
4 1 2 5 3 0 6 
10338364 11759538 12399884 
1 0 3 2 6 5 4 
10390930 11592582 12206414 
6 3 4 0 1 5 2 
10394720 11588394 12257516 
3 5 0 1 4 6 2 
10404806 12330092 11557952 
3 1 2 5 4 0 6 
10427686 11438718 13217960 
5 0 1 3 4 6 2 
10430776 12107850 11637056 
3 0 6 2 5 1 4 
10438244 11315348 11974316 
4 2 6 0 1 5 3 
10453998 11523336 11765928 
4 0 6 2 1 5 3 
10467086 11647338 11733602 
0 4 2 6 1 5 3 
10494372 11314668 12154016 
0 4 3 2 5 1 6 
10517274 12000544 11694692 
2 1 4 5 3 0 6 
10524828 11231952 11741996 
1 4 0 2 6 5 3 
10535328 12478548 11390940 
2 0 4 3 5 1 6 
10548314 11060770 11690324 
6 0 5 3 2 4 1 
10553902 12219406 11114654 
5 0 4 2 3 1 6 
10560364 11763368 11338780 
0 1 3 5 4 2 6 
10619754 11430750 11470984 
5 0 6 2 3 1 4 
10630060 11328840 11160604 
0 5 2 1 6 3 4 
10647130 11965490 10883224 
1 0 5 3 4 2 6 
10709506 11626424 11108046 
5 0 6 3 2 1 4 
10743856 11508964 10936504 
3 1 4 5 2 0 6 
10747422 11269702 11640422 
2 0 3 4 5 1 6 
10897742 11046544 11638078 
4 5 0 6 1 2 3 
10955358 11749514 10843382 
0 5 2 1 6 4 3 
10956170 11393586 10756168 
0 5 4 1 6 3 2 
11001508 11347034 10606804 
5 0 4 3 2 1 6 
11029900 11087252 10726600 
6 5 3 1 2 4 0 
11055692 10994946 11964508 
6 5 3 1 2 0 4 
11071418 10964676 12417812 
2 0 6 3 5 1 4 
11074198 10945698 11471476 
0 4 3 6 1 2 5 
11089402 10924884 11911720 
6 5 4 1 2 0 3 
11140226 10899176 12139672 
4 6 3 5 2 0 1 
11149506 10913850 12035928 
0 2 4 1 6 3 5 
11176572 10769380 11722330 
5 0 6 4 2 1 3 
11184140 11857502 10531654 
0 2 3 4 5 1 6 
11188874 10758722 11368358 
6 4 3 2 1 5 0 
11210910 10682380 11799070 
0 3 4 1 6 5 2 
11248146 10998692 11341010 
0 5 3 4 1 2 6 
11259156 11557698 10544618 
5 6 4 3 2 0 1 
11280758 10612420 12328982 
0 5 4 6 1 2 3 
11289832 11292806 10604998 
4 6 2 5 3 0 1 
11308696 10822412 11289136 
5 4 1 6 2 0 3 
11318114 11252796 10702014 
1 5 0 6 4 2 3 
11320320 10816900 11350178 
0 5 2 6 1 3 4 
11341454 11204866 10380926 
5 0 6 3 2 4 1 
11348028 11025100 11165160 
5 0 3 4 2 1 6 
11369560 11069462 10684122 
0 3 2 6 1 5 4 
11376004 10775750 11110858 
5 1 3 2 4 0 6 
11389826 10680444 12090302 
0 3 2 6 5 1 4 
11399398 10703178 11428746 
1 5 2 6 0 4 3 
11411478 10618186 11722558 
0 5 3 1 4 6 2 
11442254 10963310 10901420 
0 3 4 6 1 2 5 
11502772 10775688 11317570 
2 4 1 6 3 0 5 
11520490 10693858 11101386 
0 6 5 3 4 2 1 
11575988 11872314 10244782 
5 1 2 3 4 6 0 
11596318 10565724 11524284 
5 1 6 2 3 0 4 
11609528 10309228 10990110 
0 5 3 1 6 4 2 
11609718 10835406 10255956 
0 4 5 2 6 3 1 
11664676 11379482 10032382 
5 1 6 3 2 0 4 
11698436 10487040 10781140 
5 1 3 2 4 6 0 
11704514 10276598 11509018 
4 2 6 1 0 3 5 
11727794 10803774 10726410 
5 1 4 3 2 0 6 
11737376 10106746 10861864 
5 6 1 4 3 0 2 
11750886 10741984 10672814 
0 5 3 6 1 2 4 
11771492 10913842 10182126 
5 6 2 4 3 1 0 
11889584 10697544 10685362 
0 4 1 6 3 2 5 
11935504 10711492 10614344 
0 1 4 2 5 3 6 
11936228 11927020 10003984 
5 1 6 2 0 3 4 
11968350 10453866 10859492 
4 6 2 3 5 1 0 
11968908 10558132 10556114 
1 0 5 3 2 4 6 
11971292 11372982 9944854 
0 2 3 4 1 5 6 
11985724 10558406 10191286 
0 1 4 5 2 3 6 
12029264 11381924 9907178 
0 1 3 2 5 6 4 
12063054 11185202 10159300 
0 1 6 2 5 3 4 
12139876 11184220 10036428 
0 2 6 1 4 3 5 
12172654 10357376 10427234 
0 4 3 2 6 5 1 
12202892 10738516 9939402 
0 2 5 4 1 3 6 
12289956 10917658 9857318 
5 6 2 3 4 1 0 
12327282 10279004 10608758 
5 6 2 3 4 0 1 
12335668 10196820 10808610 
5 1 4 3 0 2 6 
12344400 10105264 10596544 
0 4 2 3 6 5 1 
12395256 10909936 9907914 
1 5 3 0 6 4 2 
12449682 10454094 10425790 
0 6 2 3 4 5 1 
12478146 11187892 9751834 
0 2 4 3 1 5 6 
12516994 10581446 9953658 
2 0 6 1 3 4 5 
12567150 10410280 10295258 
0 1 6 3 5 2 4 
12586130 11156168 9721404 
5 6 1 3 4 2 0 
12724094 10276152 10319814 
1 2 3 6 4 0 5 
12752366 10094098 11085584 
2 0 6 4 3 1 5 
12756510 10848750 9907842 
1 5 3 2 6 4 0 
12798780 10172790 10166718 
0 2 3 1 4 6 5 
12799024 10143642 10265674 
1 5 0 3 6 4 2 
12859522 10767712 9900304 
0 2 6 1 3 4 5 
12863280 9978638 10153298 
1 5 2 3 6 4 0 
12928088 10121764 9935412 
0 5 2 3 1 6 4 
12983872 11215384 9595244 
0 2 5 3 1 4 6 
13054156 10508824 9702550 
0 1 4 3 2 5 6 
13130886 10813386 9490338 
0 2 6 4 3 1 5 
13234326 10410260 9663590 
0 2 6 3 4 1 5 
13472060 10549940 9617734 
5 1 4 3 6 2 0 
13640284 9942220 10439844 
0 2 3 6 4 1 5 
13710436 9913670 10054292 
