720 2
0 3 5 2 1 4 
5362464 10253136 
5 1 2 4 3 0 
5384334 10231266 
0 3 2 5 1 4 
5411980 10203620 
2 3 5 4 0 1 
5447026 10168574 
2 4 5 0 1 3 
5461942 10153658 
4 1 2 5 3 0 
5463484 10152116 
0 3 2 4 1 5 
5480070 10135530 
5 1 2 0 4 3 
5482080 10133520 
1 3 5 4 0 2 
5503458 10112142 
2 4 5 3 1 0 
5504634 10110966 
0 3 5 2 4 1 
5508736 10106864 
4 1 5 2 3 0 
5524552 10091048 
4 1 2 5 0 3 
5540294 10075306 
5 1 2 3 4 0 
5541048 10074552 
0 3 4 2 1 5 
5555194 10060406 
2 0 5 4 3 1 
5566684 10048916 
5 1 2 4 0 3 
5585718 10029882 
5 1 0 2 4 3 
5587248 10028352 
2 4 5 1 0 3 
5587808 10027792 
5 1 2 0 3 4 
5588984 10026616 
3 0 5 2 1 4 
5602764 10012836 
5 1 4 2 3 0 
5603178 10012422 
3 0 2 5 1 4 
5603548 10012052 
2 3 4 5 0 1 
5611902 10003698 
4 1 5 2 0 3 
5616558 9999042 
3 0 5 2 4 1 
5618656 9996944 
0 3 5 4 1 2 
5620210 9995390 
3 0 5 1 4 2 
5633428 9982172 
2 4 5 3 0 1 
5637638 9977962 
1 3 4 5 0 2 
5647478 9968122 
4 1 2 0 5 3 
5650674 9964926 
2 4 0 5 1 3 
5651786 9963814 
0 3 2 5 4 1 
5655228 9960372 
3 1 0 5 4 2 
5665932 9949668 
1 3 5 2 0 4 
5681812 9933788 
1 4 5 3 2 0 
5687694 9927906 
5 1 0 3 4 2 
5695872 9919728 
3 1 0 2 4 5 
5700324 9915276 
4 1 0 2 5 3 
5706442 9909158 
3 0 5 1 2 4 
5707936 9907664 
5 1 3 2 4 0 
5713716 9901884 
3 0 2 5 4 1 
5716416 9899184 
3 1 0 2 5 4 
5718734 9896866 
0 3 4 2 5 1 
5721310 9894290 
4 1 2 0 3 5 
5724088 9891512 
5 2 0 3 4 1 
5727288 9888312 
2 0 4 5 3 1 
5729968 9885632 
2 4 3 5 1 0 
5731634 9883966 
1 4 5 2 0 3 
5744286 9871314 
0 3 4 5 1 2 
5744850 9870750 
3 1 5 0 4 2 
5746024 9869576 
0 3 5 1 2 4 
5749636 9865964 
4 0 2 5 3 1 
5750130 9865470 
2 4 5 1 3 0 
5751382 9864218 
0 3 2 4 5 1 
5752326 9863274 
0 3 5 1 4 2 
5756308 9859292 
2 4 5 0 3 1 
5758520 9857080 
0 3 5 4 2 1 
5759810 9855790 
5 1 3 0 4 2 
5763372 9852228 
4 0 5 2 3 1 
5767890 9847710 
5 0 2 4 3 1 
5770124 9845476 
5 2 3 0 4 1 
5773188 9842412 
3 0 1 5 2 4 
5782116 9833484 
1 4 5 2 3 0 
5782660 9832940 
5 1 0 2 3 4 
5784400 9831200 
5 0 2 1 3 4 
5784780 9830820 
5 3 2 1 0 4 
5793272 9822328 
2 4 0 3 1 5 
5793572 9822028 
2 3 5 1 0 4 
5799438 9816162 
1 4 5 3 0 2 
5804050 9811550 
3 0 1 5 4 2 
5813748 9801852 
5 3 2 4 0 1 
5822076 9793524 
5 2 1 3 4 0 
5828196 9787404 
2 4 3 0 1 5 
5830728 9784872 
1 4 3 5 2 0 
5831094 9784506 
3 1 2 0 4 5 
5834868 9780732 
5 2 3 1 4 0 
5838624 9776976 
0 4 3 5 2 1 
5840614 9774986 
5 1 4 2 0 3 
5842842 9772758 
5 1 2 3 0 4 
5849336 9766264 
0 4 3 5 1 2 
5849486 9766114 
0 4 5 3 1 2 
5862198 9753402 
5 1 0 3 2 4 
5862930 9752670 
3 1 2 0 5 4 
5868358 9747242 
2 3 5 4 1 0 
5869486 9746114 
0 3 4 1 2 5 
5870792 9744808 
0 4 3 2 1 5 
5875062 9740538 
0 3 4 5 2 1 
5875286 9740314 
5 2 0 1 4 3 
5875356 9740244 
0 4 5 3 2 1 
5878846 9736754 
4 0 2 1 3 5 
5880104 9735496 
1 3 2 5 0 4 
5883708 9731892 
4 1 0 2 3 5 
5885184 9730416 
3 1 0 4 5 2 
5885550 9730050 
5 2 0 3 1 4 
5892538 9723062 
1 4 5 0 2 3 
5894202 9721398 
2 4 3 0 5 1 
5894342 9721258 
2 4 0 3 5 1 
5895582 9720018 
4 1 0 3 5 2 
5901040 9714560 
1 0 5 4 3 2 
5903116 9712484 
3 0 2 4 1 5 
5903274 9712326 
1 4 3 0 2 5 
5905268 9710332 
0 3 4 1 5 2 
5906472 9709128 
5 2 1 4 3 0 
5910618 9704982 
5 2 1 0 4 3 
5910828 9704772 
5 2 1 4 0 3 
5914402 9701198 
4 2 5 1 0 3 
5931158 9684442 
5 0 1 2 3 4 
5941776 9673824 
1 4 0 3 2 5 
5944112 9671488 
2 4 3 5 0 1 
5944446 9671154 
0 3 1 5 2 4 
5946948 9668652 
5 3 2 4 1 0 
5946994 9668606 
5 3 1 2 0 4 
5948668 9666932 
2 5 4 0 1 3 
5949370 9666230 
5 0 4 2 3 1 
5951168 9664432 
0 4 3 1 2 5 
5951524 9664076 
0 3 1 4 2 5 
5952628 9662972 
1 3 4 2 0 5 
5957468 9658132 
4 1 2 3 5 0 
5957596 9658004 
4 0 5 1 3 2 
5958348 9657252 
2 5 0 4 1 3 
5958762 9656838 
2 0 5 1 3 4 
5962556 9653044 
2 4 1 5 0 3 
5962704 9652896 
5 4 2 0 1 3 
5964898 9650702 
4 2 1 5 0 3 
5965674 9649926 
5 2 4 1 3 0 
5966094 9649506 
5 1 3 0 2 4 
5968710 9646890 
0 4 2 3 1 5 
5970122 9645478 
2 5 0 3 1 4 
5973178 9642422 
1 4 2 5 0 3 
5979014 9636586 
3 1 0 5 2 4 
5980100 9635500 
4 0 2 5 1 3 
5983784 9631816 
4 2 0 1 5 3 
5987282 9628318 
1 4 3 0 5 2 
5990274 9625326 
5 2 3 0 1 4 
5999918 9615682 
2 1 5 4 3 0 
6003746 9611854 
5 3 4 2 0 1 
6005760 9609840 
4 1 0 3 2 5 
6006494 9609106 
2 5 3 0 4 1 
6010752 9604848 
0 1 3 5 4 2 
6011088 9604512 
4 2 5 1 3 0 
6013552 9602048 
2 5 0 3 4 1 
6013584 9602016 
1 3 2 4 0 5 
6015344 9600256 
4 0 1 2 3 5 
6016244 9599356 
3 0 1 4 2 5 
6019432 9596168 
4 2 0 3 5 1 
6023622 9591978 
0 1 5 3 4 2 
6023680 9591920 
2 3 4 5 1 0 
6028446 9587154 
5 2 4 1 0 3 
6031358 9584242 
1 3 5 2 4 0 
6031444 9584156 
2 5 3 0 1 4 
6031826 9583774 
1 4 2 5 3 0 
6032584 9583016 
4 2 1 0 5 3 
6042134 9573466 
4 1 3 0 5 2 
6044160 9571440 
1 4 0 3 5 2 
6044314 9571286 
1 0 4 5 3 2 
6045544 9570056 
3 1 5 2 0 4 
6047866 9567734 
1 4 5 0 3 2 
6048932 9566668 
3 0 2 1 4 5 
6049488 9566112 
3 1 2 5 0 4 
6051858 9563742 
1 4 3 5 0 2 
6052778 9562822 
5 3 2 0 1 4 
6055950 9559650 
0 3 1 5 4 2 
6059760 9555840 
0 2 3 5 4 1 
6059784 9555816 
4 0 5 2 1 3 
6063256 9552344 
4 3 2 5 0 1 
6064364 9551236 
1 3 5 4 2 0 
6065518 9550082 
2 4 0 5 3 1 
6066568 9549032 
5 4 2 3 1 0 
6067326 9548274 
5 4 0 2 1 3 
6072394 9543206 
2 1 5 3 4 0 
6073516 9542084 
2 1 5 0 4 3 
6074284 9541316 
1 4 0 5 2 3 
6076446 9539154 
4 0 1 5 3 2 
6076728 9538872 
5 2 1 3 0 4 
6078192 9537408 
4 3 5 2 0 1 
6083172 9532428 
0 3 1 4 5 2 
6085284 9530316 
4 2 1 5 3 0 
6086464 9529136 
3 0 2 4 5 1 
6094104 9521496 
0 2 5 3 4 1 
6096136 9519464 
5 0 2 4 1 3 
6096426 9519174 
2 5 4 0 3 1 
6099724 9515876 
3 0 4 2 1 5 
6101158 9514442 
0 1 3 2 4 5 
6105216 9510384 
4 1 2 3 0 5 
6107820 9507780 
1 0 5 2 3 4 
6108530 9507070 
3 2 0 1 5 4 
6109554 9506046 
3 1 5 2 4 0 
6110416 9505184 
3 0 1 4 5 2 
6119862 9495738 
3 2 0 5 4 1 
6125028 9490572 
3 1 5 0 2 4 
6125732 9489868 
3 0 2 1 5 4 
6127450 9488150 
2 5 4 1 3 0 
6128694 9486906 
4 1 5 0 3 2 
6129548 9486052 
2 3 4 1 0 5 
6131974 9483626 
3 0 1 2 4 5 
6132048 9483552 
2 5 4 3 1 0 
6132954 9482646 
3 0 4 1 2 5 
6134756 9480844 
3 0 4 1 5 2 
6138210 9477390 
2 0 5 3 4 1 
6139684 9475916 
2 3 5 0 4 1 
6140908 9474692 
4 2 3 0 5 1 
6145142 9470458 
4 2 0 3 1 5 
6146702 9468898 
5 1 3 2 0 4 
6150532 9465068 
0 4 5 2 3 1 
6151752 9463848 
5 0 1 4 3 2 
6153602 9461998 
4 1 0 5 2 3 
6156288 9459312 
4 1 3 2 5 0 
6156484 9459116 
2 3 1 5 0 4 
6156730 9458870 
5 2 1 0 3 4 
6157040 9458560 
3 2 0 1 4 5 
6160032 9455568 
0 4 5 2 1 3 
6160036 9455564 
2 1 4 5 3 0 
6161522 9454078 
2 5 4 1 0 3 
6161732 9453868 
3 4 0 2 1 5 
6164470 9451130 
2 4 1 5 3 0 
6164674 9450926 
3 1 4 0 5 2 
6164718 9450882 
4 1 3 0 2 5 
6164810 9450790 
3 1 2 5 4 0 
6164868 9450732 
4 3 2 1 0 5 
6167196 9448404 
5 3 4 2 1 0 
6171278 9444322 
4 1 5 0 2 3 
6176784 9438816 
2 3 5 0 1 4 
6176802 9438798 
5 0 4 1 3 2 
6177650 9437950 
3 1 0 4 2 5 
6181308 9434292 
2 0 5 1 4 3 
6185548 9430052 
3 0 4 2 5 1 
6185848 9429752 
2 3 5 1 4 0 
6186004 9429596 
5 3 1 4 0 2 
6187554 9428046 
1 3 4 5 2 0 
6194458 9421142 
5 2 0 1 3 4 
6195460 9420140 
1 5 3 0 2 4 
6197532 9418068 
3 4 0 5 1 2 
6198630 9416970 
3 0 1 2 5 4 
6200846 9414754 
2 5 3 4 1 0 
6200994 9414606 
0 4 3 2 5 1 
6202222 9413378 
0 4 1 3 2 5 
6204672 9410928 
5 4 2 1 0 3 
6205450 9410150 
0 1 2 3 4 5 
6206844 9408756 
3 2 5 0 4 1 
6207280 9408320 
4 2 1 3 5 0 
6207456 9408144 
3 5 0 2 1 4 
6209940 9405660 
5 1 0 4 2 3 
6213932 9401668 
1 5 0 3 2 4 
6214884 9400716 
5 3 4 1 0 2 
6215842 9399758 
1 5 3 0 4 2 
6217284 9398316 
4 3 2 5 1 0 
6221208 9394392 
5 2 3 1 0 4 
6223992 9391608 
4 1 0 5 3 2 
6229576 9386024 
5 2 0 4 1 3 
6231978 9383622 
5 0 2 1 4 3 
6233340 9382260 
1 3 5 0 4 2 
6233920 9381680 
0 1 5 2 3 4 
6234284 9381316 
0 4 2 5 1 3 
6242384 9373216 
5 1 0 4 3 2 
6244026 9371574 
2 5 0 4 3 1 
6244488 9371112 
3 0 5 4 1 2 
6244630 9370970 
0 2 3 1 4 5 
6245724 9369876 
5 4 3 2 1 0 
6246562 9369038 
5 3 0 2 1 4 
6247470 9368130 
5 4 0 3 1 2 
6248340 9367260 
5 4 0 3 2 1 
6250148 9365452 
4 0 5 1 2 3 
6255848 9359752 
1 5 4 2 3 0 
6256668 9358932 
4 3 5 1 0 2 
6257230 9358370 
5 1 4 0 3 2 
6267454 9348146 
2 1 0 5 4 3 
6268488 9347112 
0 1 3 2 5 4 
6271284 9344316 
1 5 0 3 4 2 
6272916 9342684 
0 2 3 4 5 1 
6273906 9341694 
4 2 3 1 5 0 
6274124 9341476 
2 0 4 1 3 5 
6277182 9338418 
4 2 0 5 1 3 
6278456 9337144 
1 5 4 3 2 0 
6278726 9336874 
3 5 0 1 2 4 
6281192 9334408 
3 2 0 4 5 1 
6282236 9333364 
3 4 5 0 1 2 
6283082 9332518 
1 3 2 5 4 0 
6283800 9331800 
4 3 5 2 1 0 
6286532 9329068 
4 0 1 5 2 3 
6286996 9328604 
0 4 3 1 5 2 
6287556 9328044 
0 1 3 4 5 2 
6287620 9327980 
2 0 5 4 1 3 
6287730 9327870 
0 1 2 5 3 4 
6288056 9327544 
1 3 4 2 5 0 
6289102 9326498 
1 5 3 4 2 0 
6293186 9322414 
0 4 2 5 3 1 
6295812 9319788 
3 4 2 0 1 5 
6296686 9318914 
3 4 0 1 2 5 
6298132 9317468 
5 4 3 0 2 1 
6298688 9316912 
4 2 5 0 1 3 
6298792 9316808 
3 2 0 5 1 4 
6299668 9315932 
2 1 3 5 4 0 
6300636 9314964 
4 3 1 2 0 5 
6301736 9313864 
2 1 5 4 0 3 
6302332 9313268 
4 2 3 0 1 5 
6306618 9308982 
5 0 2 3 1 4 
6307810 9307790 
1 0 2 5 3 4 
6311474 9304126 
2 5 4 3 0 1 
6316346 9299254 
5 4 1 3 2 0 
6319556 9296044 
5 4 3 0 1 2 
6320080 9295520 
2 0 1 5 3 4 
6322496 9293104 
2 3 1 4 0 5 
6324390 9291210 
0 5 3 2 1 4 
6328880 9286720 
3 2 1 0 5 4 
6332574 9283026 
4 2 1 0 3 5 
6332908 9282692 
3 0 5 4 2 1 
6335030 9280570 
5 4 3 1 2 0 
6335424 9280176 
3 4 0 5 2 1 
6338158 9277442 
5 4 0 1 2 3 
6342456 9273144 
0 5 3 4 2 1 
6342486 9273114 
0 2 3 1 5 4 
6342904 9272696 
0 5 3 1 2 4 
6342932 9272668 
0 1 2 4 3 5 
6344010 9271590 
1 5 4 0 2 3 
6344342 9271258 
5 4 1 2 0 3 
6345618 9269982 
1 4 0 5 3 2 
6351700 9263900 
3 1 2 4 0 5 
6355766 9259834 
2 5 1 4 0 3 
6355768 9259832 
3 5 2 0 1 4 
6356196 9259404 
5 0 4 2 1 3 
6356350 9259250 
4 2 0 1 3 5 
6357864 9257736 
0 1 2 3 5 4 
6364908 9250692 
2 3 4 0 5 1 
6365702 9249898 
5 1 4 0 2 3 
6365888 9249712 
1 0 4 2 3 5 
6366276 9249324 
4 5 2 0 1 3 
6366712 9248888 
4 3 1 5 0 2 
6372962 9242638 
0 3 2 1 4 5 
6373584 9242016 
5 0 1 2 4 3 
6373980 9241620 
5 4 1 0 2 3 
6375128 9240472 
1 5 0 4 2 3 
6376154 9239446 
3 2 1 0 4 5 
6377136 9238464 
4 2 1 3 0 5 
6377440 9238160 
1 5 2 4 3 0 
6378204 9237396 
2 5 1 4 3 0 
6384210 9231390 
5 2 4 0 1 3 
6384406 9231194 
0 4 2 3 5 1 
6384514 9231086 
5 2 0 4 3 1 
6386832 9228768 
1 0 5 3 4 2 
6388696 9226904 
0 1 5 2 4 3 
6388840 9226760 
1 3 4 0 5 2 
6388878 9226722 
1 2 5 3 4 0 
6394984 9220616 
4 3 2 0 1 5 
6398254 9217346 
0 3 2 1 5 4 
6402592 9213008 
5 2 4 0 3 1 
6403888 9211712 
4 0 2 1 5 3 
6406626 9208974 
2 1 5 0 3 4 
6406756 9208844 
5 0 1 4 2 3 
6407064 9208536 
0 4 5 1 3 2 
6410886 9204714 
2 1 0 3 4 5 
6411504 9204096 
1 3 2 4 5 0 
6412518 9203082 
0 1 4 2 3 5 
6413694 9201906 
1 5 4 2 0 3 
6414906 9200694 
0 5 2 3 1 4 
6416488 9199112 
2 3 0 5 1 4 
6417838 9197762 
1 0 5 2 4 3 
6419788 9195812 
0 5 3 4 1 2 
6420246 9195354 
0 1 4 3 5 2 
6423668 9191932 
3 4 5 0 2 1 
6424930 9190670 
0 2 4 3 5 1 
6425182 9190418 
4 5 0 2 1 3 
6425848 9189752 
1 0 2 4 3 5 
6426792 9188808 
4 1 3 2 0 5 
6427232 9188368 
4 2 5 0 3 1 
6428090 9187510 
5 0 2 3 4 1 
6430068 9185532 
2 4 3 1 5 0 
6430724 9184876 
1 5 4 0 3 2 
6430900 9184700 
2 1 4 0 5 3 
6431982 9183618 
0 4 5 1 2 3 
6435818 9179782 
0 1 5 4 3 2 
6436270 9179330 
5 3 1 4 2 0 
6437232 9178368 
2 0 3 5 4 1 
6441108 9174492 
1 4 3 2 5 0 
6441322 9174278 
3 0 4 5 1 2 
6443298 9172302 
2 1 3 0 4 5 
6444420 9171180 
3 2 5 0 1 4 
6445140 9170460 
2 3 0 5 4 1 
6445164 9170436 
2 1 0 4 5 3 
6445326 9170274 
1 3 5 0 2 4 
6446348 9169252 
2 3 4 1 5 0 
6451088 9164512 
3 5 0 4 1 2 
6451786 9163814 
2 5 3 4 0 1 
6458278 9157322 
2 3 4 0 1 5 
6463132 9152468 
5 4 2 1 3 0 
6466226 9149374 
2 0 4 5 1 3 
6468182 9147418 
3 2 5 1 0 4 
6472446 9143154 
2 1 0 3 5 4 
6473108 9142492 
2 0 1 4 3 5 
6473838 9141762 
0 1 2 5 4 3 
6477876 9137724 
2 1 4 5 0 3 
6483192 9132408 
0 5 3 2 4 1 
6489972 9125628 
4 0 2 3 1 5 
6494894 9120706 
0 5 4 3 2 1 
6496194 9119406 
5 4 2 3 0 1 
6497872 9117728 
1 5 2 4 0 3 
6498162 9117438 
5 3 4 1 2 0 
6499276 9116324 
3 5 1 0 2 4 
6501004 9114596 
3 1 2 4 5 0 
6502266 9113334 
5 3 2 1 4 0 
6502608 9112992 
0 2 1 3 4 5 
6504312 9111288 
2 3 0 4 5 1 
6505082 9110518 
5 0 1 3 2 4 
6507058 9108542 
3 2 0 4 1 5 
6507354 9108246 
3 1 4 0 2 5 
6510936 9104664 
3 4 1 0 2 5 
6512436 9103164 
4 0 1 2 5 3 
6517246 9098354 
3 5 0 4 2 1 
6522426 9093174 
1 5 4 3 0 2 
6523522 9092078 
1 2 5 4 3 0 
6524024 9091576 
3 0 4 5 2 1 
6524534 9091066 
4 2 0 5 3 1 
6525958 9089642 
5 0 4 1 2 3 
6526348 9089252 
2 1 3 0 5 4 
6529108 9086492 
0 3 1 2 4 5 
6530544 9085056 
1 3 0 5 4 2 
6532896 9082704 
1 2 3 5 4 0 
6540264 9075336 
2 5 3 1 4 0 
6542952 9072648 
1 3 0 4 5 2 
6543834 9071766 
2 3 0 4 1 5 
6545208 9070392 
1 4 2 3 5 0 
6547846 9067754 
3 2 1 5 0 4 
6549994 9065606 
0 3 1 2 5 4 
6550388 9065212 
3 1 4 2 0 5 
6550850 9064750 
3 2 4 0 5 1 
6555032 9060568 
4 3 0 2 1 5 
6555454 9060146 
0 5 4 3 1 2 
6557598 9058002 
0 1 4 5 3 2 
6559726 9055874 
4 2 3 1 0 5 
6562312 9053288 
1 4 2 3 0 5 
6564000 9051600 
2 0 1 5 4 3 
6564396 9051204 
0 1 3 5 2 4 
6570116 9045484 
3 4 5 2 0 1 
6576954 9038646 
1 4 3 2 0 5 
6578000 9037600 
2 4 3 1 0 5 
6579922 9035678 
0 5 1 3 2 4 
6580096 9035504 
0 5 3 1 4 2 
6581784 9033816 
0 2 1 3 5 4 
6584324 9031276 
4 5 0 1 2 3 
6584520 9031080 
3 2 5 1 4 0 
6586444 9029156 
3 4 5 1 0 2 
6586888 9028712 
4 1 5 3 2 0 
6587196 9028404 
2 1 4 3 5 0 
6588424 9027176 
1 5 0 4 3 2 
6591240 9024360 
5 3 1 0 2 4 
6592798 9022802 
2 3 1 5 4 0 
6600600 9015000 
0 4 1 3 5 2 
6602416 9013184 
1 3 4 0 2 5 
6604224 9011376 
5 0 3 2 1 4 
6606710 9008890 
0 1 5 3 2 4 
6609968 9005632 
2 4 1 3 5 0 
6617016 8998584 
0 2 5 4 3 1 
6620116 8995484 
3 4 5 2 1 0 
6623612 8991988 
4 0 1 3 2 5 
6624306 8991294 
0 2 3 5 1 4 
6627684 8987916 
1 5 3 4 0 2 
6628230 8987370 
1 2 5 0 4 3 
6628552 8987048 
5 3 0 1 2 4 
6628922 8986678 
2 0 4 1 5 3 
6629334 8986266 
5 4 1 2 3 0 
6629594 8986006 
3 1 4 2 5 0 
6631810 8983790 
4 1 5 3 0 2 
6631966 8983634 
1 0 3 5 4 2 
6632040 8983560 
5 0 3 2 4 1 
6633732 8981868 
4 5 1 0 2 3 
6636164 8979436 
4 3 5 1 2 0 
6637124 8978476 
2 0 5 3 1 4 
6637738 8977862 
5 1 3 4 2 0 
6639380 8976220 
5 3 2 0 4 1 
6640368 8975232 
2 4 1 3 0 5 
6648010 8967590 
5 0 3 1 2 4 
6648962 8966638 
0 4 1 5 2 3 
6650734 8964866 
2 4 0 1 5 3 
6650762 8964838 
0 5 4 2 3 1 
6652076 8963524 
1 2 4 5 3 0 
6652412 8963188 
2 1 0 5 3 4 
6655944 8959656 
5 4 2 0 3 1 
6656220 8959380 
1 5 3 2 4 0 
6657672 8957928 
2 1 3 4 5 0 
6657768 8957832 
1 0 2 5 4 3 
6657996 8957604 
1 2 3 0 4 5 
6660768 8954832 
3 1 5 4 0 2 
6661032 8954568 
4 5 0 3 2 1 
6664484 8951116 
5 3 1 2 4 0 
6664848 8950752 
0 2 5 3 1 4 
6665776 8949824 
3 4 2 5 0 1 
6671234 8944366 
3 4 2 5 1 0 
6671376 8944224 
0 5 2 3 4 1 
6672816 8942784 
5 2 3 4 1 0 
6675426 8940174 
0 2 5 1 3 4 
6677264 8938336 
4 5 2 1 0 3 
6679174 8936426 
2 1 4 0 3 5 
6679766 8935834 
1 3 0 5 2 4 
6679784 8935816 
0 1 3 4 2 5 
6680580 8935020 
0 5 2 4 3 1 
6681212 8934388 
4 5 0 3 1 2 
6682110 8933490 
5 1 4 3 2 0 
6685556 8930044 
5 0 1 3 4 2 
6685800 8929800 
0 1 2 4 5 3 
6691894 8923706 
2 0 4 3 5 1 
6700390 8915210 
4 5 2 3 1 0 
6700776 8914824 
1 2 0 3 4 5 
6702252 8913348 
4 3 1 5 2 0 
6704020 8911580 
2 1 5 3 0 4 
6704574 8911026 
2 3 1 4 5 0 
6706724 8908876 
1 3 0 4 2 5 
6708720 8906880 
0 2 5 1 4 3 
6708868 8906732 
5 4 3 2 0 1 
6710400 8905200 
0 4 1 5 3 2 
6713034 8902566 
1 0 5 4 2 3 
6714562 8901038 
5 2 4 3 1 0 
6720474 8895126 
3 2 1 5 4 0 
6721296 8894304 
4 1 3 5 2 0 
6725016 8890584 
4 2 5 3 1 0 
6725604 8889996 
1 2 3 0 5 4 
6726022 8889578 
2 5 1 3 4 0 
6730428 8885172 
3 4 0 1 5 2 
6731366 8884234 
0 1 4 2 5 3 
6734318 8881282 
3 5 4 0 1 2 
6734906 8880694 
0 2 4 5 3 1 
6735040 8880560 
3 4 0 2 5 1 
6737232 8878368 
1 2 0 3 5 4 
6744422 8871178 
0 2 3 4 1 5 
6744626 8870974 
5 4 1 3 0 2 
6748294 8867306 
5 0 3 1 4 2 
6748824 8866776 
0 5 2 4 1 3 
6756840 8858760 
5 3 0 4 1 2 
6762856 8852744 
3 4 1 5 0 2 
6763256 8852344 
3 5 0 2 4 1 
6764292 8851308 
1 5 2 3 4 0 
6764748 8850852 
3 5 0 1 4 2 
6764904 8850696 
1 2 4 3 5 0 
6769114 8846486 
2 1 0 4 3 5 
6771178 8844422 
4 2 5 3 0 1 
6772508 8843092 
1 2 5 4 0 3 
6773410 8842190 
3 4 5 1 2 0 
6775394 8840206 
2 5 0 1 4 3 
6780900 8834700 
1 2 3 4 5 0 
6786006 8829594 
4 5 3 0 2 1 
6787052 8828548 
4 0 2 3 5 1 
6787762 8827838 
4 5 1 2 0 3 
6789954 8825646 
0 2 4 1 3 5 
6792210 8823390 
5 3 4 0 1 2 
6795620 8819980 
3 2 1 4 0 5 
6797970 8817630 
5 3 0 2 4 1 
6798132 8817468 
3 5 4 0 2 1 
6798702 8816898 
5 2 4 3 0 1 
6805220 8810380 
4 0 3 1 2 5 
6805282 8810318 
1 4 0 2 5 3 
6805360 8810240 
0 5 4 2 1 3 
6806584 8809016 
4 0 3 2 1 5 
6812010 8803590 
4 5 1 3 2 0 
6812228 8803372 
1 2 0 5 4 3 
6815316 8800284 
5 4 0 2 3 1 
6820208 8795392 
5 4 3 1 0 2 
6820654 8794946 
2 5 3 1 0 4 
6821310 8794290 
5 1 4 3 0 2 
6826786 8788814 
2 0 1 4 5 3 
6827730 8787870 
4 5 3 0 1 2 
6827878 8787722 
5 2 3 4 0 1 
6834064 8781536 
2 4 1 0 5 3 
6835814 8779786 
3 2 4 0 1 5 
6837454 8778146 
2 0 3 4 5 1 
6838530 8777070 
1 2 4 0 5 3 
6845472 8770128 
4 3 5 0 1 2 
6851594 8764006 
0 1 4 3 2 5 
6851892 8763708 
0 5 4 1 3 2 
6855278 8760322 
1 0 4 2 5 3 
6856148 8759452 
1 4 2 0 5 3 
6857844 8757756 
3 1 4 5 0 2 
6860108 8755492 
1 0 4 5 2 3 
6864994 8750606 
4 2 3 5 1 0 
6865184 8750416 
4 3 1 0 2 5 
6865266 8750334 
5 1 3 4 0 2 
6870858 8744742 
2 5 1 3 0 4 
6873414 8742186 
4 1 3 5 0 2 
6875114 8740486 
1 0 4 3 5 2 
6879566 8736034 
0 2 1 5 3 4 
6880592 8735008 
0 2 1 4 3 5 
6880614 8734986 
1 2 0 4 5 3 
6880764 8734836 
4 5 3 1 2 0 
6883152 8732448 
5 3 0 4 2 1 
6887616 8727984 
4 3 0 1 2 5 
6887926 8727674 
1 0 5 3 2 4 
6888884 8726716 
4 5 2 1 3 0 
6890996 8724604 
0 5 1 3 4 2 
6897828 8717772 
3 4 1 5 2 0 
6902926 8712674 
4 3 2 1 5 0 
6905540 8710060 
4 5 3 2 1 0 
6905680 8709920 
3 2 4 1 0 5 
6910966 8704634 
5 3 4 0 2 1 
6913536 8702064 
0 2 4 3 1 5 
6914810 8700790 
4 0 1 3 5 2 
6915040 8700560 
3 4 2 0 5 1 
6918284 8697316 
0 2 4 1 5 3 
6920994 8694606 
3 2 1 4 5 0 
6924710 8690890 
1 2 4 5 0 3 
6924882 8690718 
1 4 2 0 3 5 
6927568 8688032 
0 2 1 5 4 3 
6931104 8684496 
2 0 3 5 1 4 
6937422 8678178 
4 3 0 5 1 2 
6943470 8672130 
1 0 2 4 5 3 
6943924 8671676 
3 5 2 0 4 1 
6944304 8671296 
0 5 4 1 2 3 
6948382 8667218 
1 5 2 3 0 4 
6951512 8664088 
2 4 0 1 3 5 
6963534 8652066 
3 4 2 1 0 5 
6963798 8651802 
2 5 1 0 4 3 
6965544 8650056 
1 5 3 2 0 4 
6972964 8642636 
3 2 4 1 5 0 
6974486 8641114 
4 3 2 0 5 1 
6979754 8635846 
1 4 0 2 3 5 
6980412 8635188 
1 0 3 4 5 2 
6980482 8635118 
4 2 3 5 0 1 
6991896 8623704 
3 4 1 0 5 2 
6992186 8623414 
1 2 5 0 3 4 
6995710 8619890 
0 4 2 1 3 5 
7000802 8614798 
2 1 3 5 0 4 
7009762 8605838 
0 2 1 4 5 3 
7011138 8604462 
1 2 5 3 0 4 
7011528 8604072 
4 0 3 2 5 1 
7017646 8597954 
4 5 2 0 3 1 
7021626 8593974 
4 5 1 2 3 0 
7024976 8590624 
3 5 1 0 4 2 
7025316 8590284 
2 5 0 1 3 4 
7026220 8589380 
4 3 5 0 2 1 
7028128 8587472 
3 5 2 4 1 0 
7030612 8584988 
0 5 1 4 2 3 
7031838 8583762 
0 5 1 4 3 2 
7033970 8581630 
4 0 3 1 5 2 
7034304 8581296 
4 3 1 2 5 0 
7037760 8577840 
1 5 0 2 4 3 
7039620 8575980 
3 4 1 2 0 5 
7045886 8569714 
5 3 0 1 4 2 
7054824 8560776 
4 0 5 3 1 2 
7055130 8560470 
4 0 5 3 2 1 
7057264 8558336 
5 3 1 0 4 2 
7059300 8556300 
3 5 2 1 0 4 
7063598 8552002 
2 4 1 0 3 5 
7068778 8546822 
3 5 2 4 0 1 
7074942 8540658 
3 2 5 4 0 1 
7075678 8539922 
2 0 4 3 1 5 
7086452 8529148 
5 4 1 0 3 2 
7087842 8527758 
4 3 0 2 5 1 
7088118 8527482 
5 4 0 1 3 2 
7088462 8527138 
1 5 2 0 4 3 
7091064 8524536 
3 5 1 4 0 2 
7102500 8513100 
3 1 5 4 2 0 
7103290 8512310 
1 0 3 5 2 4 
7104968 8510632 
2 0 3 1 4 5 
7117092 8498508 
4 3 0 5 2 1 
7117684 8497916 
3 5 4 1 0 2 
7125208 8490392 
3 5 1 4 2 0 
7128810 8486790 
2 5 1 0 3 4 
7136972 8478628 
1 3 2 0 5 4 
7136998 8478602 
3 5 1 2 0 4 
7137154 8478446 
4 5 0 2 3 1 
7137254 8478346 
1 3 2 0 4 5 
7139916 8475684 
4 5 2 3 0 1 
7143868 8471732 
1 2 4 0 3 5 
7147376 8468224 
1 5 2 0 3 4 
7157870 8457730 
2 1 4 3 0 5 
7157878 8457722 
0 4 1 2 3 5 
7158890 8456710 
3 5 4 2 1 0 
7167476 8448124 
1 3 0 2 5 4 
7168538 8447062 
3 5 4 2 0 1 
7171206 8444394 
0 1 5 4 2 3 
7177114 8438486 
3 5 4 1 2 0 
7185274 8430326 
1 3 0 2 4 5 
7186536 8429064 
1 0 2 3 4 5 
7187796 8427804 
1 0 3 2 4 5 
7192932 8422668 
2 0 1 3 4 5 
7194516 8421084 
1 5 0 2 3 4 
7196674 8418926 
2 0 3 4 1 5 
7205684 8409916 
1 0 4 3 2 5 
7209144 8406456 
0 2 5 4 1 3 
7221360 8394240 
1 2 3 5 0 4 
7234876 8380724 
1 2 0 5 3 4 
7237458 8378142 
2 0 3 1 5 4 
7246252 8369348 
4 3 0 1 5 2 
7246376 8369224 
5 0 4 3 2 1 
7260276 8355324 
1 2 0 4 3 5 
7260736 8354864 
3 2 4 5 0 1 
7266222 8349378 
4 0 3 5 2 1 
7269388 8346212 
4 3 1 0 5 2 
7270232 8345368 
4 5 1 3 0 2 
7272946 8342654 
1 0 3 4 2 5 
7274796 8340804 
2 1 3 4 0 5 
7282206 8333394 
5 0 3 4 2 1 
7282896 8332704 
3 1 4 5 2 0 
7287286 8328314 
2 3 0 1 5 4 
7288044 8327556 
4 0 3 5 1 2 
7292774 8322826 
2 0 1 3 5 4 
7306508 8309092 
0 1 4 5 2 3 
7308574 8307026 
4 5 0 1 3 2 
7313552 8302048 
5 0 4 3 1 2 
7316760 8298840 
0 5 2 1 3 4 
7330248 8285352 
4 5 1 0 3 2 
7331904 8283696 
1 2 4 3 0 5 
7343488 8272112 
0 2 4 5 1 3 
7353452 8262148 
2 3 0 1 4 5 
7355496 8260104 
5 0 3 4 1 2 
7355736 8259864 
1 0 2 3 5 4 
7358406 8257194 
0 4 2 1 5 3 
7361766 8253834 
1 0 3 2 5 4 
7371546 8244054 
4 5 3 2 0 1 
7382064 8233536 
4 5 3 1 0 2 
7400362 8215238 
2 3 1 0 5 4 
7404300 8211300 
1 2 3 4 0 5 
7415364 8200236 
3 2 5 4 1 0 
7427536 8188064 
2 3 1 0 4 5 
7465836 8149764 
0 5 1 2 3 4 
7479804 8135796 
0 4 1 2 5 3 
7494334 8121266 
3 4 2 1 5 0 
7585538 8030062 
3 5 2 1 4 0 
7607376 8008224 
3 2 4 5 1 0 
7612164 8003436 
0 5 2 1 4 3 
7662204 7953396 
3 4 1 2 5 0 
7665306 7950294 
3 5 1 2 4 0 
7687776 7927824 
0 5 1 2 4 3 
7795404 7820196 
