28 4
4 1 2 3 0 
2608514 2728940 3544960 2176150 
4 1 3 2 0 
2657148 2925238 3434410 2310288 
1 4 2 3 0 
2703652 2880584 3439542 2084828 
2 0 4 3 1 
2773646 3036614 3111638 2497530 
4 0 2 3 1 
2795168 2571456 3174846 2046140 
4 3 1 0 2 
2848864 3057740 3509462 1963380 
2 0 1 3 4 
2850406 3141980 2988202 2530588 
4 3 0 1 2 
2981780 2987586 3695378 1987698 
0 4 2 3 1 
3006216 2698890 3137246 2069100 
3 0 1 2 4 
3059690 3236972 2962034 2815006 
1 0 2 3 4 
3068784 2431480 3025308 2083996 
0 1 2 3 4 
3184694 2407270 3093126 2198278 
1 2 3 0 4 
3235612 3391102 2906158 2638346 
0 1 3 2 4 
3254388 2560668 2949582 2298096 
3 1 0 2 4 
3256566 3163394 2847978 2984338 
4 1 0 3 2 
3304594 2780432 2814522 2547068 
4 0 1 3 2 
3330478 2664258 2615378 2337916 
0 4 1 3 2 
3370956 2398920 2996366 2332294 
1 3 2 4 0 
3411440 3282804 3011534 2120916 
3 2 1 0 4 
3446374 2510990 2930652 2256970 
2 3 1 0 4 
3506052 2665852 2879356 1937892 
0 1 4 2 3 
3506528 2304516 2950738 2516912 
1 0 4 3 2 
3527334 2418916 2589276 2342714 
4 3 2 0 1 
3554024 3206102 2603928 2278672 
0 1 4 3 2 
3588484 2268610 2791478 2447820 
4 2 3 0 1 
3599372 3129592 2539828 2575274 
3 2 4 0 1 
3752384 2577548 2543156 2396350 
2 3 4 0 1 
3765812 2625910 2605360 2069522 
