53 4
3 2 4 1 0 
2030818 3999496 3022140 3112428 
3 2 0 1 4 
2056338 4648420 3360096 2661296 
3 2 1 4 0 
2114898 3901516 2878980 3364572 
4 2 0 1 3 
2237074 4791948 3271200 2515600 
4 2 3 1 0 
2283858 3849240 2910900 2978100 
3 2 1 0 4 
2301346 4440372 2613024 3353092 
4 2 1 3 0 
2305018 3782964 3050868 3049140 
4 2 1 0 3 
2459082 4626700 2512728 3347996 
1 2 4 3 0 
2472366 3165764 3642576 2409096 
1 2 0 4 3 
2486206 4021336 3780920 2228068 
1 2 0 3 4 
2492790 3691656 4116304 2180732 
1 2 3 4 0 
2535286 3134060 3359448 2590200 
0 2 4 1 3 
2603346 4737284 2901516 2986324 
1 2 4 0 3 
2605274 3989164 3156260 2923612 
1 2 3 0 4 
2674778 3627780 3208516 3057380 
0 2 3 1 4 
2675650 4443500 2879172 2997692 
2 3 0 1 4 
2689782 4429462 2677262 3276424 
0 2 1 4 3 
2706286 4604208 2767704 3123176 
0 2 1 3 4 
2738670 4299328 3039888 2812840 
4 3 1 0 2 
2893438 4821762 3077830 2384226 
4 3 0 1 2 
2963018 4918766 2299778 3723230 
2 4 0 1 3 
2988982 4546614 2618134 3311264 
0 3 1 4 2 
3035354 4505054 3230470 2008854 
3 4 1 0 2 
3063102 4745986 2970398 2634162 
3 4 0 1 2 
3081482 4892390 2329546 3903766 
0 3 4 1 2 
3085258 4602358 2558870 3010202 
3 0 1 4 2 
3155274 4161430 3012354 2744094 
0 3 4 2 1 
3187834 3058114 4172148 2552848 
3 0 4 1 2 
3247162 4218226 2228250 3802350 
4 3 2 0 1 
3269888 3385822 3143878 2481872 
4 0 1 3 2 
3340258 4028526 3179250 2421318 
0 4 1 3 2 
3390002 4296374 3289934 1936014 
0 3 2 4 1 
3403124 2859554 3527778 2485940 
0 4 3 1 2 
3444858 4412958 2508070 2998666 
4 0 3 1 2 
3488298 4055202 2147682 3610278 
1 3 2 0 4 
3585332 3938838 2949490 2768824 
1 3 0 2 4 
3604538 3737346 3593884 1860184 
3 0 2 4 1 
3727892 3145230 3999722 2425224 
1 3 4 2 0 
3802562 3592262 4269468 1788428 
0 4 2 3 1 
3812828 2746850 3876906 2337460 
1 0 4 3 2 
3817110 3743294 2973486 3282618 
1 4 2 0 3 
3851228 3983422 2900234 2715320 
1 0 3 4 2 
3873262 3713174 2726022 3413322 
1 4 0 2 3 
3877202 3780346 3508964 1857080 
4 0 2 3 1 
3909404 2928502 4259122 2254224 
1 4 3 2 0 
4155386 3292454 4292868 1904452 
3 1 2 0 4 
4205324 3720070 2483550 3506804 
4 1 2 0 3 
4243028 3660630 2344566 3430780 
3 1 2 4 0 
4243936 3400694 3013006 3980184 
4 1 2 3 0 
4404048 3124166 3251606 3778584 
0 1 2 4 3 
4415212 3243198 2766322 3490540 
1 0 4 2 3 
4444118 3686386 3727952 2321668 
0 1 2 3 4 
4537620 3026110 3143906 3364964 
