45 3
1 2 3 0 4 
5804366 4612774 4201746 
2 1 3 0 4 
5884208 4569290 3923096 
1 2 0 3 4 
5976318 4334740 3962466 
4 2 3 0 1 
5989102 4092820 3967224 
4 0 3 2 1 
6062604 3994010 4022210 
4 0 1 2 3 
6138542 4033834 3750520 
4 2 0 3 1 
6158238 3882370 3882120 
4 2 1 0 3 
6188038 3995406 3595142 
4 1 0 3 2 
6197892 3961790 3825424 
4 0 2 1 3 
6222528 3965214 3745376 
4 3 1 0 2 
6232634 3828164 3619340 
4 0 2 3 1 
6259204 3704324 3732160 
3 2 0 1 4 
6281654 4096222 3513938 
0 1 3 2 4 
6367104 4308282 3444418 
1 0 2 3 4 
6443240 3827410 3555802 
2 3 1 0 4 
6484000 3932240 3441092 
4 3 1 2 0 
6486668 3750444 3450036 
4 3 0 2 1 
6532244 3467166 3644750 
0 4 3 2 1 
6559094 4115116 3391478 
4 3 2 0 1 
6559708 3387930 3439804 
4 1 2 3 0 
6602388 3667596 3350782 
1 0 4 2 3 
6629064 4004574 3233798 
4 1 3 2 0 
6648422 3667342 3372256 
3 4 0 2 1 
6677924 3864984 3298240 
3 0 2 1 4 
6682538 3683232 3179186 
2 0 3 1 4 
6696394 3647476 3336496 
4 0 3 1 2 
6750984 3326316 3436330 
3 2 4 1 0 
6768590 3597068 3319596 
4 1 2 0 3 
6769098 3378472 3121662 
1 2 4 0 3 
6837472 3779730 3071544 
4 0 1 3 2 
6863598 3105250 3151424 
0 3 1 2 4 
6900858 3765572 3034326 
1 3 4 0 2 
6907088 3601448 3064362 
1 4 2 0 3 
6977184 3695024 3049356 
2 1 4 0 3 
6992582 3436388 3019912 
4 2 3 1 0 
7082816 3176348 3080320 
1 4 0 2 3 
7102554 3521936 2921194 
2 0 4 3 1 
7147898 3370688 2958312 
4 2 1 3 0 
7167128 2989102 2826742 
3 2 0 4 1 
7254384 3199310 2795682 
2 3 4 0 1 
7314450 3211430 2671752 
1 2 4 3 0 
7376562 3074738 2677672 
1 0 4 3 2 
7391620 3050310 2602782 
2 4 3 1 0 
7508774 3128446 2587104 
0 1 3 4 2 
7558064 3116410 2542682 
