305 4
0 4 3 5 1 6 2 
4179438 9007640 8518594 11459124 
0 4 3 5 1 2 6 
4354676 9248022 8788796 10863352 
4 5 0 1 3 2 6 
4433074 8553750 8765566 10559982 
4 0 5 1 2 3 6 
4437976 9212964 8692726 11054710 
0 4 3 2 1 6 5 
4439588 9300978 8457106 11770882 
0 4 3 5 6 1 2 
4453926 9373456 8138684 11944832 
4 0 5 1 3 2 6 
4462068 8698124 8357764 10934454 
4 0 2 1 5 3 6 
4490400 9010082 8312150 11137642 
4 2 0 6 3 5 1 
4495650 8278298 8375184 11561630 
0 3 4 1 5 6 2 
4500194 8538972 9213358 11266430 
4 5 0 6 3 2 1 
4526816 8585462 8454990 11444972 
4 0 5 3 1 6 2 
4601286 9260582 8728438 10480664 
4 2 0 1 3 5 6 
4623660 8685850 8609864 11098520 
0 4 1 5 3 2 6 
4653418 9856384 9014062 10149866 
4 0 2 1 3 5 6 
4664298 8878804 7881756 11320140 
4 0 2 1 5 6 3 
4718558 9777972 8208798 11217770 
4 0 3 1 5 2 6 
4762266 8541758 8141656 10952614 
4 0 5 3 6 1 2 
4766102 9756474 8667620 10776536 
4 2 0 6 5 3 1 
4769022 8204674 7819786 11552258 
4 5 0 1 3 6 2 
4799996 9347870 8841818 9938424 
4 0 5 1 3 6 2 
4822490 9457744 8468516 10268596 
4 0 2 3 1 6 5 
4824884 9572222 8427538 10549796 
3 0 1 4 5 2 6 
4851700 8366658 8223174 10917526 
4 5 0 6 1 2 3 
4855348 9235534 8623964 10719912 
4 5 0 1 2 3 6 
4871492 8848184 8077296 10859532 
4 2 0 1 5 3 6 
4897692 8603670 8049282 11089664 
1 0 3 4 5 2 6 
4898210 7901926 7888676 10769968 
6 3 2 1 5 0 4 
4918058 7716992 8959814 9762070 
4 2 0 1 3 6 5 
4953972 9713828 8834776 10253532 
4 3 0 1 5 2 6 
4966178 7732660 8424144 10601150 
4 5 0 6 2 3 1 
4987894 8586140 7588736 11762238 
4 0 2 1 3 6 5 
4999940 9935072 8078378 10511478 
0 1 4 5 3 2 6 
5027842 9415858 8916800 9931142 
4 5 2 1 6 0 3 
5043236 9292066 8433118 10373562 
0 4 6 5 3 2 1 
5045602 10358236 8456758 10186176 
4 2 0 1 5 6 3 
5048630 8961700 8355790 10643508 
1 0 3 4 2 5 6 
5049138 8341996 7839450 11026822 
4 3 0 6 5 2 1 
5052984 7760496 8120900 11473684 
4 5 0 1 2 6 3 
5064040 9299070 8376212 10521708 
4 2 5 6 1 0 3 
5073644 8814600 8947288 10307888 
4 2 5 1 6 0 3 
5081232 9164938 8672978 10484658 
6 2 3 1 5 0 4 
5091198 8063698 8522098 10121896 
4 0 3 1 5 6 2 
5094088 9263548 8214318 10247886 
3 4 0 5 1 6 2 
5141750 7807250 8021448 10748420 
0 4 2 5 6 1 3 
5141804 10010204 7825492 11391174 
6 2 3 4 5 0 1 
5150408 8731676 7832566 11124844 
4 0 6 1 5 2 3 
5158022 10113864 7425250 11809904 
4 5 0 3 1 6 2 
5196792 9138708 8933740 9850492 
3 1 0 5 4 6 2 
5197152 8686972 7910276 10679122 
1 0 3 4 5 6 2 
5218608 8319552 7772842 10243740 
2 3 6 1 5 0 4 
5225870 8106964 9144312 9460612 
2 6 4 3 5 0 1 
5227076 9822232 8332098 10011518 
2 4 6 5 3 0 1 
5227952 9393940 9408344 9372578 
4 3 0 6 2 5 1 
5240690 7834798 7810044 11800322 
4 0 6 1 5 3 2 
5261686 10067764 7601264 11025048 
2 4 5 0 1 6 3 
5269072 8527424 7518244 11191176 
4 0 6 1 2 5 3 
5277314 10479322 7408074 12063018 
3 6 0 2 1 4 5 
5278364 8533468 7412718 10683490 
2 6 3 5 1 4 0 
5281102 7851952 8115808 10252950 
4 3 0 1 5 6 2 
5296050 8444100 8507156 9883132 
3 6 0 5 1 4 2 
5298676 8811994 7384876 10860146 
5 4 2 0 1 6 3 
5300670 8443462 7187090 10936742 
2 6 5 3 1 4 0 
5302252 7988176 7862134 10036604 
2 6 1 3 5 0 4 
5334160 8991786 8948286 8916788 
6 2 3 5 1 4 0 
5339916 8156202 8635732 9679008 
2 1 6 3 5 0 4 
5365346 8581288 9082320 8571318 
2 4 0 5 1 6 3 
5385204 8378810 7688630 11196334 
1 0 6 4 5 2 3 
5420638 9589104 7166006 11522858 
2 5 6 1 3 4 0 
5425778 7532602 8804474 9489182 
1 0 2 4 3 5 6 
5440132 8832424 7676758 10514394 
6 1 2 3 5 0 4 
5458836 7578374 8876658 9226866 
3 2 6 1 5 0 4 
5467770 7647656 8645208 9938152 
1 2 3 6 5 0 4 
5485602 7485752 8048642 9963322 
4 6 0 2 5 3 1 
5492862 7875484 7928702 11273816 
6 5 2 1 3 4 0 
5501596 8087760 8554636 9012780 
5 4 6 0 3 2 1 
5507448 9192522 7580078 10069872 
1 0 6 4 5 3 2 
5510094 9164716 7107588 10960002 
6 2 5 3 1 4 0 
5536696 8302306 8336168 9450702 
3 1 0 5 6 4 2 
5538314 8603266 7186126 10658106 
3 4 0 5 6 1 2 
5541088 8157176 7407728 11203710 
5 4 2 0 1 3 6 
5548738 8835162 7553902 10608100 
5 6 2 3 1 4 0 
5553822 7486146 7598398 9790872 
3 6 1 2 5 0 4 
5555698 8200330 8385090 9055072 
5 6 1 2 3 4 0 
5573822 7869120 8752078 9632772 
5 4 1 0 3 2 6 
5597928 9129134 8113514 9635762 
2 6 3 5 4 1 0 
5632912 8342488 7585822 10902432 
1 0 6 4 3 2 5 
5637228 9633264 7106734 10681446 
1 3 0 6 5 2 4 
5661740 7480020 7717034 10529726 
1 0 6 4 3 5 2 
5664456 9401794 7061256 10786000 
1 3 2 6 5 0 4 
5665958 7480594 8351634 9386372 
2 6 0 5 1 4 3 
5674070 9484354 6997698 11487520 
1 6 2 3 5 0 4 
5674954 7157606 8452986 9503666 
1 0 5 4 3 6 2 
5695836 9143206 8029122 9587800 
5 4 2 0 3 6 1 
5710386 8990192 7030996 10708644 
1 5 2 4 6 0 3 
5710538 9504970 8285960 9575468 
4 5 2 1 3 6 0 
5712214 9896532 8194178 9415544 
5 1 6 3 2 0 4 
5714630 9074766 8750694 8436232 
3 1 6 5 2 0 4 
5721016 8517356 8382976 8774002 
5 2 6 1 3 4 0 
5723612 7299842 8530676 9500538 
6 5 2 3 1 4 0 
5723952 8063060 8371250 9171096 
5 4 0 2 1 6 3 
5731994 8381810 7428328 10892470 
1 2 6 4 5 0 3 
5733992 8804748 7161784 10719620 
5 0 4 3 1 6 2 
5737872 7226080 8002202 10347336 
3 6 2 5 1 4 0 
5738194 8120508 7893182 9376518 
1 5 6 4 2 0 3 
5741186 9267646 7246260 10521548 
3 1 0 2 6 4 5 
5763074 8461692 6954904 10921562 
3 6 1 5 2 0 4 
5773054 8577826 8264946 9124596 
2 5 6 3 1 4 0 
5802794 7403710 8319908 9306432 
6 2 1 4 0 5 3 
5807850 9915360 6844686 12182588 
1 2 0 6 5 3 4 
5811714 8255718 7237136 11198524 
3 4 0 2 6 1 5 
5819194 8121274 7158248 11568656 
1 6 3 2 5 0 4 
5827732 7172164 7951178 9524236 
2 6 0 3 1 4 5 
5844494 9243634 7383210 10405256 
1 3 0 6 2 5 4 
5856178 7538104 7408320 10814850 
6 1 2 5 3 0 4 
5858304 7927694 8860416 9175332 
5 2 6 3 1 4 0 
5867108 7140926 8021090 9340306 
6 5 1 4 0 2 3 
5867622 9597588 6950588 11812494 
5 1 2 3 6 0 4 
5889026 9038652 8349602 9097708 
5 1 2 3 6 4 0 
5891264 8386694 7495278 10091292 
3 2 6 5 1 4 0 
5939940 7667518 8358384 8994462 
3 1 6 2 5 0 4 
5940380 8131380 8384400 8492478 
5 4 3 0 1 2 6 
5946586 9064972 7890048 9764248 
3 4 0 5 2 1 6 
5949634 8541786 7256974 10779352 
4 5 6 1 0 2 3 
5978358 9984860 6870504 11329318 
3 6 5 2 1 4 0 
5983186 8410874 7829974 9287038 
2 6 5 0 4 1 3 
5984790 9306416 6676714 11996662 
3 1 0 5 2 4 6 
5989224 9441504 7181980 10674048 
1 6 3 5 2 0 4 
5992268 7585244 7933894 9710242 
5 6 2 0 1 4 3 
5995412 8746590 6792524 11349832 
1 2 5 6 3 4 0 
6002968 8287268 8311950 8681012 
3 1 0 5 2 6 4 
6006926 8921202 7380710 10613848 
6 2 1 4 5 3 0 
6010090 9092272 6892676 10923344 
2 3 6 0 4 1 5 
6036606 8152154 7095898 11224332 
3 4 0 2 5 6 1 
6057280 8327682 7466900 10581280 
1 5 3 4 0 6 2 
6072512 9549120 7159806 10670214 
3 1 2 5 6 4 0 
6078288 9021992 7794022 9671562 
3 6 4 2 5 0 1 
6095078 9618040 7736934 9617002 
1 3 0 5 6 4 2 
6095456 8855532 7503442 10076138 
1 5 0 6 3 4 2 
6103206 9551648 7621416 9716218 
3 1 0 2 5 6 4 
6117818 8553972 7344460 10436064 
4 5 6 1 3 2 0 
6121908 10284574 7434620 9971708 
1 5 0 4 3 6 2 
6122934 9467728 8231076 8981480 
1 5 6 4 0 2 3 
6125170 9419228 6438340 11277024 
5 6 3 2 4 1 0 
6130596 8187332 7305084 10521320 
5 6 0 2 1 4 3 
6131320 9236978 6672698 11184708 
5 1 2 0 4 6 3 
6140834 8968198 6488750 11461492 
3 1 0 2 6 5 4 
6143124 8386090 7390930 10381824 
1 3 0 4 5 2 6 
6147166 8102550 7772878 9776618 
5 4 0 2 6 1 3 
6153860 8431332 6631188 11370876 
6 2 3 4 5 1 0 
6163202 9044132 7325802 10423232 
1 6 0 2 5 3 4 
6166654 7958420 7150892 10737298 
6 1 3 2 5 0 4 
6168226 7624244 8229414 9209532 
1 3 0 2 6 4 5 
6169818 8777898 7234134 10129148 
5 1 6 3 0 2 4 
6183814 9319228 7775398 9354252 
1 5 0 4 2 3 6 
6199342 8944238 7386874 9990488 
3 1 6 5 0 2 4 
6202366 9374542 7908698 9194322 
1 2 0 4 5 3 6 
6203000 8691768 7325200 10266316 
2 1 6 0 3 5 4 
6207600 9016358 7430818 9736178 
1 3 0 6 2 4 5 
6209838 8875026 7304314 9942208 
6 0 4 1 3 5 2 
6210612 9084978 6948508 11221324 
1 5 2 4 0 6 3 
6210974 9186764 6990988 10451790 
1 6 2 3 0 5 4 
6224032 7657666 7551664 10485324 
1 6 5 2 3 4 0 
6236238 8275930 8350586 8982226 
1 2 6 4 0 5 3 
6238390 9378296 6382894 11682310 
5 3 6 0 1 4 2 
6238994 8098182 7301398 10401232 
1 3 0 6 5 4 2 
6239028 8814724 7452388 9762862 
5 6 2 1 3 4 0 
6248746 7628782 7880064 9544104 
1 5 6 4 3 2 0 
6252886 9615412 7071882 9828064 
5 6 2 0 4 1 3 
6259046 8773888 6355624 11779052 
1 5 2 6 3 4 0 
6267676 8405078 8286224 8316958 
5 1 6 0 4 3 2 
6274056 9039548 6927532 11213200 
1 3 6 2 5 0 4 
6285626 7837202 8210014 9036432 
1 5 3 2 6 4 0 
6303394 8702306 8165512 9180966 
5 6 3 2 1 0 4 
6303786 9114570 8053486 9241738 
5 1 6 2 3 0 4 
6308762 9054750 8783976 8157644 
1 2 5 3 6 4 0 
6309876 8852638 8119216 9117554 
6 5 1 4 2 3 0 
6317136 9204522 6807376 10758768 
3 2 6 5 4 1 0 
6321730 8086906 7706782 9758340 
5 6 0 3 1 4 2 
6322056 9274784 7030368 10279100 
3 0 4 2 1 6 5 
6323334 7909830 7560322 10463710 
3 6 4 5 2 0 1 
6329366 9934744 7649532 9622776 
3 4 0 2 5 1 6 
6330974 8442340 7111086 10637638 
6 1 2 0 3 5 4 
6334290 8006104 7162556 10372456 
5 2 3 6 1 4 0 
6343958 7900920 8095488 9129368 
1 5 2 4 3 6 0 
6351560 9395398 7617240 9022000 
1 6 0 5 2 3 4 
6352646 8367792 7141060 10902784 
1 2 6 4 3 5 0 
6362902 9540172 7005348 10200050 
5 1 2 0 3 4 6 
6362978 9303224 6727092 10968376 
5 4 0 2 6 3 1 
6383162 8961934 6873682 10692164 
1 4 0 5 2 3 6 
6404272 7742504 7441214 10389738 
3 1 5 2 6 0 4 
6404322 8413414 7751250 9499920 
1 2 5 4 3 6 0 
6415602 9368586 7966982 9040472 
6 3 0 1 5 4 2 
6415968 9355542 7670076 9684660 
5 4 0 3 6 1 2 
6416076 8949374 7134622 10626652 
3 1 2 6 5 0 4 
6420426 7836636 8238678 8767530 
5 1 4 0 3 2 6 
6421944 9123004 7844904 9140890 
1 5 2 3 6 4 0 
6424204 8973368 8134370 8826500 
1 2 6 4 5 3 0 
6425316 8952492 6653520 10171654 
1 2 3 4 5 6 0 
6442710 9367796 7228486 10014940 
1 5 6 4 2 3 0 
6442770 9438286 6736124 10000294 
1 5 3 6 2 4 0 
6460714 8856434 8167192 8991526 
5 1 6 0 3 2 4 
6461646 9321474 7162892 9426310 
3 5 0 6 1 4 2 
6463452 9090638 7576500 9686480 
1 3 0 4 5 6 2 
6465614 8509826 7667394 9237100 
3 1 0 6 2 4 5 
6486854 8646732 7098344 10668688 
3 5 6 2 1 4 0 
6497456 7839672 8282516 8548434 
6 1 5 0 3 2 4 
6502652 8152164 7074656 10525150 
3 1 5 2 6 4 0 
6519168 8905742 7422990 9778818 
3 1 6 2 0 5 4 
6531980 9197772 7883502 9065944 
1 5 6 4 0 3 2 
6540096 9721152 6320538 11561532 
5 1 3 0 4 6 2 
6545240 8654282 6893026 10507462 
3 2 6 4 5 1 0 
6548166 8682900 7464874 10150374 
3 1 6 0 5 2 4 
6554466 9038478 7902496 9096438 
5 1 0 3 6 4 2 
6559042 9065120 6827658 10082436 
1 5 6 2 3 4 0 
6562684 8631836 8751804 8214138 
3 1 5 6 2 0 4 
6569702 8036874 8006230 9240246 
3 0 4 5 1 2 6 
6570066 8521924 7555030 9987218 
5 3 6 0 4 1 2 
6579376 8221276 6651122 11013520 
5 1 3 2 6 0 4 
6584192 9067962 7696390 9089270 
3 1 0 6 5 4 2 
6599166 8680394 7233352 10256378 
5 1 0 2 6 4 3 
6606442 9160390 6218256 11415700 
3 2 5 6 1 4 0 
6613570 8573616 8133218 8555218 
6 4 0 2 5 3 1 
6632992 7975454 7173760 10672052 
1 4 2 0 3 5 6 
6633286 7856350 7432514 10438572 
5 1 2 6 3 4 0 
6641936 7935044 7744332 9494270 
1 3 2 4 0 5 6 
6651350 9099914 6492468 11224796 
5 3 1 0 4 6 2 
6653436 7964302 7122156 10377460 
1 3 6 0 5 2 4 
6671092 8658648 7576448 9738602 
1 4 0 2 5 3 6 
6672744 7636108 7134920 10290002 
2 5 6 0 4 1 3 
6673882 8576208 6598714 11371360 
5 3 4 0 1 6 2 
6675020 8028160 7784186 9486778 
5 3 2 6 1 4 0 
6679396 8021168 7955482 9155844 
5 3 2 0 1 4 6 
6684814 9548264 6637630 11140646 
1 0 4 6 3 2 5 
6727536 9185238 6650186 10872108 
1 5 4 6 2 0 3 
6740966 9425672 6442838 10392760 
5 2 6 0 4 1 3 
6744412 8321260 6343690 11409638 
2 3 0 6 1 4 5 
6748202 8953906 7282186 9886880 
1 2 6 5 4 3 0 
6763220 8391248 7697458 9569730 
5 2 3 6 4 1 0 
6764006 8636460 7645980 9625374 
5 1 3 6 2 0 4 
6774272 8674782 7903270 8775126 
5 1 2 0 3 6 4 
6788344 9624180 6577634 10289278 
5 6 3 0 4 1 2 
6797352 9039244 6586448 11201590 
6 1 0 2 5 3 4 
6798162 8324240 7055032 10519296 
1 3 6 0 2 5 4 
6817482 8823930 7443910 9954020 
1 3 6 4 0 2 5 
6834706 9839398 5920866 11347916 
2 3 0 1 6 4 5 
6846386 9230488 7299800 9783228 
3 5 2 1 6 4 0 
6860266 9048394 8152090 8549896 
1 0 4 6 3 5 2 
6865224 9060020 6390626 10848318 
3 2 6 0 4 1 5 
6866770 7957530 6938948 11310094 
1 3 6 4 0 5 2 
6872194 9630824 5873516 11479182 
1 6 2 0 3 5 4 
6874308 7704204 6948146 10513474 
2 4 0 6 5 3 1 
6876124 8595446 7117252 10484854 
3 5 6 2 4 1 0 
6893628 8299452 7638258 9289260 
5 2 1 0 4 6 3 
6925592 8501418 6783412 10967630 
3 5 2 6 1 4 0 
6926094 8455404 8120558 8198670 
2 5 4 0 1 6 3 
6930600 8295952 7564016 9957364 
5 3 4 0 1 2 6 
6931708 8649692 7569738 9499976 
1 3 4 6 2 0 5 
6945678 10315052 6440014 10781128 
1 3 6 2 0 5 4 
6955226 8808794 7480516 9744298 
5 4 0 6 2 3 1 
6966626 8846020 6788276 10454620 
3 2 5 1 6 4 0 
6984462 9158126 8046030 8694444 
5 1 0 6 3 2 4 
6984650 9190398 7493850 9629514 
5 3 6 0 1 2 4 
7005978 9230198 6921996 9956448 
1 6 2 4 5 3 0 
7035928 8940166 7057616 9793158 
5 1 3 6 2 4 0 
7037330 8373728 7449872 10164482 
3 1 0 4 5 6 2 
7037332 8454764 7588716 9639726 
6 5 4 3 1 2 0 
7065958 8872414 7090834 10397532 
1 5 6 2 4 3 0 
7079358 8662174 7532190 9184884 
3 5 4 6 1 2 0 
7082620 8872928 7339642 10007856 
5 4 0 6 2 1 3 
7087344 8716720 6452986 11178102 
1 5 4 6 2 3 0 
7091430 9258568 6613206 10279474 
1 5 3 0 4 6 2 
7097848 8871908 7396790 10097486 
5 3 0 6 1 4 2 
7112614 8994838 6869484 9704660 
5 1 3 0 6 2 4 
7131492 9912054 7471206 9225772 
3 5 2 4 1 6 0 
7134244 9618266 7758514 8724614 
3 5 4 2 1 6 0 
7136864 8408366 7512160 9588186 
6 5 4 2 1 3 0 
7173558 8298898 7541110 9830508 
1 4 0 6 5 3 2 
7179910 8506570 6940078 10688538 
3 5 2 6 4 1 0 
7196602 9195548 7937068 8757188 
5 3 0 1 6 4 2 
7200622 9072988 7180082 9513664 
1 0 4 2 3 5 6 
7220308 8934928 6983088 10174552 
3 5 2 4 6 1 0 
7292522 9692112 7578298 8981740 
3 5 4 2 6 1 0 
7294614 8483390 7333880 9844546 
1 3 4 6 0 5 2 
7300498 10892498 6416758 10765692 
5 3 0 2 1 4 6 
7305426 9839068 6321784 10781878 
5 1 0 6 2 4 3 
7333342 9406270 6271866 11189606 
1 5 4 2 6 0 3 
7339586 9123884 6711608 9845250 
3 2 5 4 6 1 0 
7480468 9819490 7535070 9059274 
1 5 6 0 4 3 2 
7518944 9051974 6541376 11033264 
3 1 2 4 0 6 5 
7607448 9585534 6255376 11215960 
1 3 4 2 6 0 5 
7656618 10088144 6630654 10249868 
1 5 6 0 4 2 3 
7679358 9409684 6506646 10822346 
1 5 4 2 6 3 0 
7702950 8971570 6878556 9733614 
5 3 0 4 1 6 2 
7757868 9271256 8118610 8575494 
3 1 5 4 0 6 2 
7770738 9340610 6507926 10665920 
1 3 4 0 2 5 6 
7782850 9903000 7433216 9400288 
3 5 4 0 1 6 2 
7796980 8063996 7564930 9529184 
5 3 0 2 6 1 4 
7843124 10228928 6115974 11242112 
1 5 4 0 3 2 6 
7923880 8934678 7197000 9434398 
5 1 0 4 2 3 6 
7985598 9383004 7313038 9380852 
3 5 4 0 1 2 6 
8075638 8750008 7393902 9404322 
1 3 4 0 6 5 2 
8078366 9742194 7061124 9506154 
5 3 0 4 6 1 2 
8098700 9450590 7469646 9129748 
1 5 4 0 6 2 3 
8430454 9957640 7116216 9449272 
1 2 4 0 6 5 3 
8518514 10126434 6844844 9824692 
