142 3
3 0 2 4 1 5 
3468364 8501364 9378430 
2 4 1 0 5 3 
3589040 8344998 9027948 
5 4 1 0 2 3 
3626710 8153252 9291816 
5 0 2 4 1 3 
3694358 8260634 9284384 
3 0 5 4 1 2 
3759572 8180726 8646750 
3 4 1 0 2 5 
3826748 8060404 9219496 
2 4 1 5 0 3 
3850492 8087152 9044436 
3 2 0 4 1 5 
3860072 8104878 8882142 
0 4 1 2 5 3 
3941770 7897714 8835316 
3 0 2 1 4 5 
3945194 7900252 8545412 
3 2 5 4 1 0 
3987486 8061898 8455332 
5 4 1 2 0 3 
4001714 7656834 8850728 
3 4 1 0 5 2 
4049272 7820786 8784320 
5 2 0 4 1 3 
4112104 7818464 8771364 
3 5 0 4 1 2 
4122728 7769116 8468310 
5 0 2 1 4 3 
4179212 7637810 8481574 
3 5 2 1 4 0 
4186204 7666596 8245506 
3 4 1 2 0 5 
4204948 7555338 8790440 
3 4 1 5 0 2 
4325616 7522644 8856872 
3 4 1 2 5 0 
4352462 7548296 8639902 
4 5 2 1 3 0 
4389978 7567990 8371940 
2 1 3 5 0 4 
4416424 7575976 8289672 
5 1 4 2 0 3 
4418996 7555828 8638524 
2 4 3 0 5 1 
4422136 7523880 8122966 
5 4 3 2 0 1 
4447354 7435504 8261532 
2 1 4 5 0 3 
4460706 7271326 8374192 
3 5 0 1 4 2 
4467718 7267948 8204852 
2 3 1 0 5 4 
4496870 7616376 8025836 
1 0 5 4 3 2 
4537362 7368408 8120176 
2 4 3 5 0 1 
4575228 7377404 7896246 
2 1 4 0 5 3 
4580934 7172448 8348896 
0 5 2 1 4 3 
4583524 7215984 8053942 
3 2 0 1 4 5 
4676982 7185922 8041276 
1 4 3 0 5 2 
4725794 7339610 7963356 
2 3 5 4 1 0 
4752302 7295226 7938702 
3 0 2 1 5 4 
4757558 7282452 7994774 
3 4 2 1 5 0 
4767594 7181588 7899062 
4 0 2 1 5 3 
4785540 7080998 8054660 
0 3 5 4 1 2 
4802284 7203624 7872472 
2 5 0 1 4 3 
4818858 6923422 7979074 
0 1 5 4 2 3 
4822752 7151338 7842914 
4 5 1 0 2 3 
4848996 6879484 8086752 
4 2 3 5 1 0 
4887738 7376974 7745038 
1 5 2 3 4 0 
4890400 7188826 7811700 
1 4 3 5 0 2 
4914246 7097454 7869756 
0 5 3 4 2 1 
4919764 7313660 7764292 
5 3 0 4 1 2 
4932058 7002106 7784680 
5 2 0 1 4 3 
4937038 6877796 7960706 
0 3 1 2 5 4 
4944486 7126416 7666586 
5 3 1 2 0 4 
4987138 6912860 7688466 
5 3 2 1 4 0 
4988200 6914186 7611596 
2 5 1 0 4 3 
5016470 7083410 7369250 
3 5 4 0 2 1 
5028398 6982512 7590478 
0 4 2 1 5 3 
5037254 6759454 7647596 
0 3 4 5 2 1 
5055400 7046252 7495890 
0 5 1 2 4 3 
5086980 6968214 7400202 
0 3 2 1 4 5 
5151502 6726016 7483870 
3 5 1 2 0 4 
5184632 6630126 7589376 
2 3 1 0 4 5 
5187790 7025214 7318968 
3 0 4 5 1 2 
5200480 6895110 7180666 
1 0 5 2 4 3 
5231626 6628982 8022972 
3 4 2 1 0 5 
5247200 6750790 7426640 
5 1 0 4 2 3 
5272166 6845068 7291614 
5 4 2 3 1 0 
5287430 6626098 7951488 
2 0 4 5 1 3 
5307580 6841050 7286638 
1 0 3 2 4 5 
5313140 6615338 7501944 
3 4 0 1 5 2 
5317080 6592236 7332876 
5 4 2 1 0 3 
5336398 6520654 7294848 
1 0 5 3 4 2 
5343716 6413234 7602618 
0 3 5 4 2 1 
5352450 6770988 7182520 
5 3 0 1 4 2 
5365312 6408190 7453254 
3 5 1 2 4 0 
5370012 6647274 7144886 
2 3 4 0 5 1 
5398008 6466188 7258702 
2 1 5 4 0 3 
5402052 6448646 7176798 
3 5 1 0 4 2 
5420282 6571784 7099148 
4 5 1 2 0 3 
5428952 6167702 7487840 
2 3 0 1 4 5 
5456396 6371790 7308046 
2 3 4 5 0 1 
5482460 6383864 7033566 
1 0 3 5 4 2 
5569848 6279802 7121898 
2 0 1 5 4 3 
5596236 6649306 6932726 
2 4 0 1 5 3 
5611800 6260296 7080624 
5 0 1 2 4 3 
5622828 6365640 6837754 
1 0 3 4 5 2 
5627204 6252892 7204674 
3 2 4 5 0 1 
5638244 6245382 7161316 
3 0 1 2 5 4 
5643376 6272260 7003464 
3 2 1 0 5 4 
5660426 6334444 6837426 
1 2 5 4 0 3 
5661350 6232002 7150832 
3 0 1 2 4 5 
5681242 6296450 6709512 
4 0 1 5 2 3 
5700796 6139686 7437252 
3 5 4 2 0 1 
5710638 6191508 7197670 
1 2 4 5 3 0 
5716916 6228588 7185814 
1 2 3 0 4 5 
5716970 6258594 7042182 
4 0 1 2 3 5 
5723744 6223916 7064018 
1 2 4 0 5 3 
5725912 5975674 7280130 
1 5 3 4 0 2 
5738468 6189494 7143808 
1 2 5 3 4 0 
5752190 6116352 7212536 
1 0 4 5 3 2 
5753790 6080840 6999596 
1 0 4 5 2 3 
5758880 6040270 7213982 
5 4 0 3 1 2 
5850548 5999110 7276960 
1 3 4 0 5 2 
5875068 5977682 6987664 
3 5 4 0 1 2 
5876798 6278562 6620432 
4 2 1 0 3 5 
5876968 6226718 6795840 
1 3 5 4 0 2 
5892040 6121940 6733736 
1 5 4 0 3 2 
5894930 6065690 6858354 
2 4 5 3 0 1 
5904804 6084142 6730002 
4 0 1 2 5 3 
5904856 5806008 6909980 
2 3 5 4 0 1 
5905550 6109696 6526204 
1 2 3 5 4 0 
5928408 6035748 6798274 
2 4 0 3 5 1 
5964930 5996840 6870608 
4 2 1 0 5 3 
5965490 5896794 6713524 
1 2 4 5 0 3 
5994644 5665832 7005906 
1 3 4 5 0 2 
5994880 5799678 6895648 
3 1 0 4 5 2 
6020720 6052426 6642450 
0 1 2 4 5 3 
6130612 5839688 6627566 
1 5 4 2 0 3 
6144030 5662484 6988526 
1 0 4 2 5 3 
6165588 5577508 7069798 
5 2 1 0 4 3 
6170634 5908974 6259890 
2 3 0 4 5 1 
6184004 5828486 6492834 
2 1 0 4 5 3 
6204848 5647910 6467382 
3 2 1 0 4 5 
6238072 5845706 6125350 
0 1 5 3 4 2 
6294498 5517344 7084184 
2 3 5 0 4 1 
6322322 5611958 6837260 
0 3 5 2 4 1 
6336298 5570152 6976592 
4 2 1 5 0 3 
6341386 5518690 6641884 
2 1 5 0 4 3 
6355344 5475930 6831406 
0 1 5 2 4 3 
6411120 5415324 6897338 
2 5 4 3 0 1 
6441296 5539180 6416946 
3 2 1 5 4 0 
6464560 5734832 6153546 
1 5 4 3 2 0 
6513224 5515772 6797572 
5 1 2 3 4 0 
6534326 5500544 6466706 
3 1 2 0 4 5 
6545460 5701700 6378510 
1 2 4 3 5 0 
6548666 5274798 6790136 
1 0 4 3 5 2 
6617500 5098756 6564814 
3 1 2 5 4 0 
6628428 5560666 6248626 
0 1 2 3 4 5 
6639836 5274448 6379314 
5 1 2 0 4 3 
6695190 5383944 6373498 
5 1 0 3 4 2 
6777638 5101148 6419364 
2 1 0 3 4 5 
6791730 5014222 6327890 
3 1 0 5 4 2 
6839028 5218516 6266802 
1 5 4 3 0 2 
6878452 4905602 6331556 
0 1 2 5 4 3 
6883668 5016814 6156222 
2 1 0 5 4 3 
7037912 4774072 6147286 
