26 4
0 4 5 2 3 6 1 
6176582 5419986 7157966 8591584 
0 4 5 6 1 2 3 
6191326 5483672 6960844 8083118 
5 4 3 2 1 0 6 
6342320 5332506 7147648 7436910 
0 4 5 6 3 2 1 
6365878 4962758 7194022 9097612 
4 0 1 6 2 3 5 
6372500 5137436 7090726 8646416 
2 4 3 5 6 0 1 
6421140 5291072 7103256 7979588 
2 4 5 3 1 0 6 
6448700 5431202 6891548 7929074 
4 0 1 6 5 3 2 
6463796 5402434 6955786 8527906 
3 4 5 2 1 0 6 
6516810 5218676 7117018 7442980 
2 4 5 3 6 0 1 
6525294 5198442 6844990 8309304 
2 3 1 6 4 0 5 
6527452 5391578 7010434 8090434 
4 3 1 6 2 0 5 
6537214 4632546 7571328 7789516 
2 1 3 6 4 0 5 
6553580 5673224 7179860 7412836 
5 4 3 2 6 0 1 
6599410 5068598 7428322 7875888 
4 3 1 6 5 0 2 
6612058 4897400 7426704 7636050 
5 1 3 6 4 0 2 
6667222 5825476 7095000 7438226 
2 4 5 6 1 0 3 
6690986 5650302 7083606 7874704 
6 3 1 4 2 0 5 
6755430 4723682 7177784 7856190 
5 1 3 2 4 0 6 
6859822 5649718 7440966 7392162 
6 0 3 5 2 4 1 
6919980 5562798 6793630 8659018 
2 3 1 4 6 0 5 
6920252 5162608 7131798 8167566 
3 4 5 0 6 2 1 
6952156 5281766 7721484 7264406 
1 0 3 2 5 4 6 
6961808 5600736 6802836 8541068 
6 4 3 2 1 0 5 
7096688 5619718 7681142 7225642 
6 4 5 0 1 2 3 
7452378 5279752 7827628 7050870 
2 3 1 0 4 6 5 
8223470 4542062 8242804 8948300 
