34 3
0 4 1 3 2 
3103740 5661814 4356296 
3 4 2 0 1 
3110040 5641664 4399016 
4 2 3 1 0 
3157736 6441272 3743968 
4 3 2 1 0 
3231300 5938164 4165148 
4 0 3 1 2 
3240746 6771814 3609970 
1 3 0 4 2 
3250328 5740302 4175460 
3 1 0 2 4 
3410210 5709478 4048580 
2 1 4 3 0 
3416510 6290274 3833334 
3 2 4 0 1 
3442600 6266936 3840404 
3 1 2 0 4 
3461254 5841256 4006672 
3 4 0 2 1 
3476140 5418970 4427172 
4 0 1 2 3 
3487070 6072014 3871368 
0 2 3 1 4 
3501900 5922878 3864550 
2 0 3 4 1 
3502298 6124502 3792790 
1 2 4 0 3 
3518300 6233174 3780914 
4 2 1 3 0 
3536932 6324438 3723060 
0 2 1 3 4 
3567464 5742156 3930762 
2 3 0 4 1 
3610772 5627572 4328106 
1 2 0 4 3 
3636232 5459244 4040326 
4 0 1 3 2 
3717130 6633798 3585858 
3 2 0 4 1 
3874164 5556894 4012696 
1 4 0 2 3 
3903236 5230866 4619148 
0 3 2 1 4 
4060780 5237380 4585484 
1 0 2 4 3 
4066550 5246386 4232682 
2 0 4 3 1 
4100142 6364688 3649490 
0 4 2 3 1 
4155404 5092342 5033454 
0 1 2 3 4 
4198970 5001182 4644630 
0 1 3 4 2 
4284534 5645294 4004396 
3 2 0 1 4 
4412744 5234094 4448796 
2 3 1 4 0 
4598750 4919066 4768652 
0 3 1 2 4 
4638808 5192010 4528232 
2 4 0 3 1 
4676890 4607198 5349236 
0 1 3 2 4 
4711434 5136534 4521166 
0 3 1 4 2 
4941910 4750366 4868864 
