312 4
4 1 3 0 2 5 
3550686 8228742 7877334 8489060 
4 1 3 5 2 0 
3852466 8162356 7487472 8285930 
0 2 3 4 1 5 
3875114 8098954 7748072 8223968 
0 2 5 1 3 4 
3930096 8078084 7675516 7953160 
4 3 1 0 2 5 
3958868 8166724 7757688 7770866 
4 3 1 5 2 0 
3962658 8316456 7750698 7886796 
5 1 3 0 2 4 
4043414 7686326 7894902 7746130 
5 3 1 4 2 0 
4108600 8082714 7519538 7844638 
5 2 0 1 3 4 
4125976 7847052 7564142 7670570 
0 2 3 5 1 4 
4126676 8034694 7449774 7953662 
0 3 2 4 1 5 
4127748 8087584 7592658 7549924 
1 3 4 0 2 5 
4136418 8135698 7538640 7719218 
0 2 5 4 3 1 
4137784 7890956 7256040 7810272 
0 2 5 4 1 3 
4155460 7862136 7359910 7997360 
0 3 2 5 1 4 
4164480 8179130 7570384 7509638 
0 5 2 4 3 1 
4169722 7840490 7486856 7810332 
4 1 2 0 3 5 
4170230 7739956 7381714 7648598 
1 3 5 4 2 0 
4170310 7862104 7413692 7581804 
5 3 1 0 2 4 
4213452 7643828 7500024 7311952 
3 1 4 0 2 5 
4215796 7656808 7355586 7761890 
1 4 3 5 2 0 
4220670 7810996 7170282 7665922 
3 1 5 0 2 4 
4235964 7634424 7650740 7661782 
1 4 3 0 2 5 
4238180 7798844 7131488 7704636 
0 5 2 4 1 3 
4251558 7777986 7306016 7683838 
1 5 3 4 2 0 
4290726 7738836 7484488 7380284 
2 0 3 4 1 5 
4312464 7575412 7341328 7666624 
4 1 3 0 5 2 
4320826 7720954 7013168 7809324 
5 0 2 4 3 1 
4345598 7685878 7141190 7752180 
0 2 1 4 3 5 
4345754 7650338 7309860 7703344 
4 1 5 0 2 3 
4360344 7394200 7188138 7929450 
5 2 0 4 1 3 
4361480 7635472 7221688 7708808 
5 3 2 0 1 4 
4376294 7881206 7363014 7302560 
0 2 4 1 3 5 
4396112 7601560 7233014 7721132 
5 3 2 4 1 0 
4396392 7658592 7375178 7181096 
4 1 3 2 5 0 
4399552 7698166 7049162 7613778 
4 1 3 2 0 5 
4408506 7600194 7168108 7683282 
5 1 2 0 3 4 
4419050 7581196 7617150 7192108 
0 3 1 4 2 5 
4424436 7592346 7214938 7527066 
5 0 2 4 1 3 
4433454 7468058 7109044 7630502 
2 3 0 4 1 5 
4470188 7733336 7272050 7098240 
2 5 3 4 1 0 
4486812 7442332 7309870 7337554 
3 5 1 4 2 0 
4488406 7626816 7288244 7217886 
4 1 2 5 3 0 
4494348 7555310 6990538 7328522 
5 0 2 1 3 4 
4505680 7453252 7106554 7323844 
1 3 0 4 2 5 
4510966 7471088 7094140 7387578 
3 1 4 5 2 0 
4525496 7557158 6958860 7518368 
4 2 5 1 3 0 
4525532 7263948 7343328 7289290 
4 1 5 0 3 2 
4528798 7349244 6772948 7528870 
0 3 1 5 2 4 
4533078 7303192 7188434 7110310 
2 5 0 4 3 1 
4548962 7423234 7142298 7279134 
4 2 0 1 3 5 
4557972 7221824 7215288 7272284 
3 2 0 4 1 5 
4567884 7279372 7203488 7185608 
2 0 5 4 3 1 
4572998 7314686 6869838 7278968 
2 3 5 0 1 4 
4585794 7800590 7182262 7199902 
2 5 1 4 3 0 
4591860 7309344 7125742 7429186 
4 1 5 2 3 0 
4612318 7301076 6808660 7308226 
2 5 0 4 1 3 
4612798 7420730 6983058 7229240 
2 3 5 4 1 0 
4620412 7516992 7181842 7004386 
4 1 3 5 0 2 
4631560 7556596 6742252 7675698 
0 2 1 5 3 4 
4647092 7322558 7008634 7172446 
2 0 5 1 3 4 
4649800 7431836 6907378 7275360 
1 5 2 4 3 0 
4656910 6970046 7108960 7018486 
3 4 1 5 2 0 
4672110 7421792 6898886 7174612 
0 5 1 4 3 2 
4709156 7241588 6982488 7564558 
0 5 3 4 1 2 
4716508 7197776 7066216 7340926 
3 4 1 0 2 5 
4725740 7257936 6828788 7029114 
3 2 5 4 1 0 
4737380 7068284 7247746 6977874 
3 5 2 4 1 0 
4749542 6991014 7096844 6764456 
0 2 3 1 5 4 
4770678 7220702 7012614 7005248 
2 0 1 4 3 5 
4776304 7072796 6891116 7199600 
2 0 3 5 1 4 
4802406 7452516 6722998 7273566 
4 1 0 2 3 5 
4806998 7132072 6782540 7102980 
1 4 2 0 3 5 
4818556 6999018 6566748 7172910 
1 4 2 5 3 0 
4823384 6892910 6604228 7017250 
5 1 4 0 2 3 
4832904 6874168 6910552 7286628 
2 1 5 0 3 4 
4861130 7234316 7329732 6757422 
1 3 2 4 5 0 
4871604 7075804 6816726 6914586 
5 2 1 0 3 4 
4874966 7228260 6946610 6842356 
1 2 5 4 3 0 
4904596 6997592 7201316 6684940 
0 2 4 5 3 1 
4905138 7086652 6512312 7047346 
4 3 2 0 1 5 
4914130 7157662 6912858 6830874 
0 5 3 4 2 1 
4941026 6820064 6846336 6836290 
1 0 3 4 2 5 
4944218 7200076 7030266 6711994 
1 3 2 4 0 5 
4957212 7117668 6745542 7002596 
0 1 2 5 3 4 
4959736 7281334 7311014 6668358 
5 1 4 0 3 2 
4962298 6959412 6542234 7052270 
0 2 3 4 5 1 
4966330 7097294 6593846 6925372 
1 3 4 0 5 2 
4967318 7245194 6809280 6821460 
4 3 2 5 1 0 
4970960 7026594 6902748 6669124 
3 1 2 0 5 4 
4976868 6999324 7101168 6715014 
2 5 0 1 3 4 
4989094 7276878 6713014 6886506 
5 3 0 4 1 2 
4991464 7057908 6837424 6705430 
1 3 4 5 0 2 
5006202 7306902 6748630 6828030 
5 1 4 2 3 0 
5012938 7049340 6606442 6999314 
0 5 1 4 2 3 
5015510 6801372 6581768 6933428 
1 2 0 4 3 5 
5019244 6857112 6919870 6725920 
3 0 1 4 2 5 
5021498 7107320 6849072 6568258 
4 1 5 3 2 0 
5033168 7124848 6445798 7236682 
3 1 4 0 5 2 
5038676 6973220 6428132 6857716 
2 1 4 0 3 5 
5045810 7003244 6863582 6737312 
4 1 0 5 3 2 
5047596 6995594 6355652 7003548 
1 0 2 4 3 5 
5049354 6700218 6848334 6756660 
1 4 5 0 2 3 
5058222 6967134 6514744 7083666 
3 5 1 0 2 4 
5077848 7068732 6618154 6435664 
2 5 0 3 1 4 
5083298 7408042 6537394 6844716 
3 1 4 2 5 0 
5090162 7064840 6487734 6801094 
5 1 3 2 0 4 
5114954 6784874 7053608 6703068 
2 4 1 5 3 0 
5124934 6831768 6512440 6952780 
5 0 3 4 2 1 
5131794 6783712 6526950 6660754 
2 3 1 0 5 4 
5136588 6711572 6721580 6477462 
5 3 4 0 2 1 
5148138 6650622 6750072 6626214 
1 5 0 4 3 2 
5153446 6485034 6621148 6622660 
2 4 1 0 3 5 
5182506 6675796 6420880 6790200 
2 5 1 0 3 4 
5189150 6766956 6412924 6612956 
5 2 4 0 3 1 
5215220 6893998 6296882 6775242 
2 1 3 0 5 4 
5226398 6704346 7057912 6364676 
5 0 1 4 2 3 
5232766 6772244 6447196 6601372 
5 0 3 1 2 4 
5233124 6862126 6495770 6540002 
1 4 5 0 3 2 
5238196 6624962 6384098 6692302 
1 2 3 4 5 0 
5239706 6980082 6979878 6379520 
3 2 4 1 5 0 
5267896 6935800 6726428 6474896 
5 2 3 1 0 4 
5273448 6819630 6656010 6397088 
1 5 3 4 0 2 
5289532 6842688 6606530 6512244 
4 5 2 1 3 0 
5303578 6710350 6759620 6483288 
2 0 1 5 3 4 
5316022 6686380 6269858 6545950 
2 3 1 5 0 4 
5316832 6585660 6546080 6295016 
3 5 0 4 1 2 
5340478 6389202 6530232 6313230 
3 1 4 5 0 2 
5345450 6815198 6164608 6734254 
2 1 4 5 3 0 
5351568 6895710 6488318 6510872 
3 2 5 1 4 0 
5354034 6624324 6700026 6255506 
1 4 0 5 2 3 
5360776 6604374 6221050 6874618 
5 3 1 2 0 4 
5367992 6678976 6602530 6241090 
3 2 1 4 0 5 
5379634 6977194 6598610 6235336 
0 2 5 3 4 1 
5381692 7066322 6176120 6703602 
1 4 3 2 5 0 
5385416 6840186 6264216 6693962 
5 4 1 0 2 3 
5400432 6470576 6450306 6485176 
2 0 3 4 5 1 
5404740 6546404 6213284 6368876 
1 4 0 5 3 2 
5405408 6341042 6170120 6522236 
2 3 4 0 5 1 
5416138 6528958 6518500 6176200 
1 3 0 4 5 2 
5416644 6537024 6320736 6468282 
3 0 5 4 1 2 
5423226 6297178 6594998 6420988 
1 0 5 4 3 2 
5431242 6355686 6641968 6319854 
3 2 0 1 4 5 
5448778 6505112 6519978 6201936 
5 2 3 0 4 1 
5460792 7001516 6170046 6631540 
5 2 3 4 0 1 
5462494 6683010 6273208 6345838 
5 3 2 1 4 0 
5484046 6860776 6516962 6316772 
2 0 3 1 5 4 
5493578 6599834 6250116 6302256 
0 3 1 2 5 4 
5507374 6464252 6466440 6221894 
1 4 5 3 2 0 
5514416 6751068 6063236 6502450 
3 2 0 4 5 1 
5525900 6721712 6209102 6453852 
0 5 1 3 2 4 
5545176 6505256 6110618 6242838 
5 4 3 0 2 1 
5545628 6289528 6684704 6258940 
2 4 3 5 1 0 
5551806 6629012 6268104 6216012 
3 0 1 5 2 4 
5557310 6713092 6249080 5931534 
1 4 2 5 0 3 
5564386 6381750 6071476 6764632 
3 0 5 4 2 1 
5566784 6422986 6202910 6208304 
4 2 5 3 1 0 
5573986 6345434 6550848 6437348 
2 4 3 0 1 5 
5578676 6635580 6178350 6214166 
0 1 4 5 2 3 
5582624 6323062 6413442 6580316 
2 5 4 0 3 1 
5590476 6449350 6189312 6184962 
2 0 4 5 3 1 
5602844 6458322 5974314 6250810 
0 4 1 5 2 3 
5607726 6197656 6213032 6381478 
2 4 3 0 5 1 
5623764 6204196 6495910 6208578 
4 3 0 5 1 2 
5627408 6352478 6250462 6236750 
1 3 2 0 4 5 
5643510 6371982 6238640 6243870 
3 0 5 1 2 4 
5653954 6560872 6184002 6159768 
5 1 3 2 4 0 
5654760 6649914 6201552 6153466 
2 1 3 5 0 4 
5656472 6387600 6713250 6098552 
5 2 1 4 0 3 
5666666 6557142 6176054 6179056 
3 2 5 1 0 4 
5667018 6549584 6356744 6055770 
3 2 4 1 0 5 
5669530 6646548 6301150 6095756 
3 2 1 5 0 4 
5672134 6631738 6345502 5742736 
0 4 3 5 2 1 
5685498 6097276 6573248 6107684 
4 3 5 0 1 2 
5686530 6308206 6234318 6280472 
3 2 1 0 5 4 
5686800 6597780 6373396 5830574 
2 0 5 1 4 3 
5690578 6406792 6036172 6385190 
3 4 5 0 2 1 
5690978 6245178 6446442 6181908 
3 4 2 5 1 0 
5701696 6300950 6088496 5789172 
3 4 2 0 1 5 
5702286 6417894 6021518 5921354 
1 3 2 5 4 0 
5706946 6254126 6192564 6053494 
2 5 3 4 0 1 
5710136 6168472 6212032 5964878 
5 1 4 2 0 3 
5741004 6177016 6153248 6405190 
1 4 0 2 3 5 
5768590 6329004 5786416 6310756 
1 5 2 4 0 3 
5779910 6240882 6048874 6294508 
3 2 0 5 4 1 
5807192 6690404 5879872 6304634 
3 0 2 1 4 5 
5815098 6128500 6250068 6005370 
2 5 3 0 4 1 
5816124 6398648 6027316 6198308 
1 0 3 4 5 2 
5822376 6280460 6378982 5927202 
2 3 1 0 4 5 
5825920 6256592 6176030 6120324 
1 4 0 3 2 5 
5834480 6376156 5730748 6332116 
5 3 4 0 1 2 
5836990 6242406 6133412 6207936 
4 1 5 3 0 2 
5841308 6502168 5683470 6618084 
2 4 1 0 5 3 
5857112 5916876 5945524 6212660 
4 3 5 2 1 0 
5858850 6242238 6143430 6007228 
0 3 4 2 5 1 
5860172 6194002 6126674 5972298 
2 3 4 5 0 1 
5860622 6072746 6207210 5732450 
3 1 5 0 4 2 
5865316 6324664 5784384 5852632 
4 5 0 1 3 2 
5873362 6137702 6135122 6139128 
4 2 5 1 0 3 
5874754 6281296 6016702 6195752 
2 5 1 4 0 3 
5879020 6032980 5868664 6006616 
2 0 1 4 5 3 
5884256 6066568 5817542 6087340 
1 4 2 3 5 0 
5896340 6166352 5723524 6222578 
0 2 4 3 5 1 
5897214 6246190 5706630 6014280 
3 2 4 0 5 1 
5915662 6401342 5816652 5828832 
1 3 5 2 4 0 
5927208 6255378 6048130 5830206 
5 4 2 0 1 3 
5936370 6323590 6036604 5894856 
5 2 1 3 0 4 
5937336 6315556 6069374 5637436 
3 5 2 1 4 0 
5942216 6107058 6159096 5849156 
3 1 5 2 4 0 
5944750 6268324 5842342 5649694 
2 1 3 0 4 5 
5993810 6208374 6165882 5625922 
5 2 4 1 0 3 
5997154 6135400 5816998 5985904 
0 4 3 5 1 2 
6009470 6161968 6035958 5935520 
0 1 4 2 5 3 
6013130 6002056 6025220 6011994 
2 4 3 5 0 1 
6013468 5789828 6221712 5783176 
2 0 5 3 4 1 
6018936 6324342 5636920 6074234 
4 5 2 3 1 0 
6019202 6046070 6192502 5742824 
3 5 4 0 2 1 
6022918 6078358 5940654 5688566 
2 4 5 0 1 3 
6028670 6261726 5870502 5810364 
0 4 1 3 2 5 
6028750 6190694 5768386 6107644 
2 4 1 5 0 3 
6030096 5773408 5782696 6001570 
1 4 2 3 0 5 
6033296 6178912 5581456 6247228 
4 1 0 3 5 2 
6049372 6312876 5537090 6226388 
1 3 0 5 4 2 
6054706 5961946 5797954 5802278 
5 3 4 2 0 1 
6067238 5980070 5973568 5788176 
3 0 5 1 4 2 
6075850 5940200 5984494 5840538 
1 0 2 4 5 3 
6086746 5929190 5859432 5944672 
3 1 2 5 4 0 
6108646 6190882 5764622 5484814 
2 5 3 1 0 4 
6124870 6156576 5784242 5705216 
2 5 4 0 1 3 
6141914 6162806 5742876 5994626 
1 3 0 2 4 5 
6157704 6002062 5785188 5744916 
3 2 4 5 0 1 
6165236 6105000 5652968 5479690 
2 0 4 1 5 3 
6174956 5998140 5602490 5809596 
3 5 1 2 0 4 
6190558 6138190 5752338 5385106 
5 0 4 1 2 3 
6191094 5918208 5617260 5885020 
3 1 0 2 4 5 
6201734 6022232 5764214 5407884 
2 1 4 5 0 3 
6216890 5858266 5935364 5754380 
2 4 1 3 5 0 
6221410 6067578 5587832 6097740 
4 0 5 1 2 3 
6227614 5882168 5744080 5867996 
5 0 3 2 4 1 
6237602 6287748 5519710 6045312 
5 0 4 2 3 1 
6239460 6024054 5447240 5888920 
3 1 0 4 5 2 
6243864 6115140 5502482 5740786 
1 2 3 5 4 0 
6255158 6020826 6233762 5458102 
3 5 2 1 0 4 
6274560 6022154 5729904 5554798 
4 0 3 5 1 2 
6279318 5815496 6069120 5898808 
5 4 3 0 1 2 
6284560 5855020 5845814 5595896 
2 4 0 3 1 5 
6297632 6245276 5585642 5418030 
3 5 0 1 4 2 
6297712 5799546 5713474 5630754 
5 1 4 3 0 2 
6304268 6065200 5397764 6065870 
3 0 4 1 5 2 
6316320 5915204 5768680 5551384 
2 1 5 0 4 3 
6322028 5969512 5878566 5348852 
0 5 4 1 2 3 
6325424 5877606 5548514 5861820 
1 4 5 3 0 2 
6329096 5959656 5462446 5889084 
2 1 4 3 5 0 
6350104 6206332 5630026 5688636 
2 0 1 3 5 4 
6351228 5774028 5452194 5449172 
3 4 0 5 1 2 
6378120 5632282 5575588 5238758 
3 0 4 5 2 1 
6387876 5812266 5499648 5317290 
1 4 0 2 5 3 
6401682 5788364 5378624 6025122 
2 5 1 3 0 4 
6404600 5728692 5419760 5333732 
0 5 4 3 2 1 
6434470 5581614 5537200 5456398 
3 1 0 5 4 2 
6447606 5896302 5308612 5285598 
2 4 1 3 0 5 
6451966 5768138 5333444 5724070 
5 2 4 3 0 1 
6456870 5757194 5327516 5393034 
3 4 5 0 1 2 
6500470 5575470 5522880 5218592 
1 4 0 3 5 2 
6512204 5572184 5272026 5694100 
5 0 4 3 1 2 
6541326 5554514 5617206 5801992 
2 5 1 0 4 3 
6553088 5553056 5392018 5678278 
2 0 4 3 5 1 
6553090 5652170 5200310 5238048 
5 0 4 3 2 1 
6562010 5557802 5254378 5344750 
1 5 2 3 4 0 
6565208 5421810 5604094 5362722 
1 2 5 3 4 0 
6569704 5635118 5861116 5110630 
0 4 1 2 5 3 
6614252 5436654 5434782 5620224 
4 0 5 3 1 2 
6646186 5341426 5642498 5543594 
5 4 3 2 0 1 
6653138 5475058 5780626 5357796 
2 0 1 3 4 5 
6658562 5537052 5433978 5563394 
4 5 0 3 1 2 
6660986 5383422 5531004 5327464 
3 0 1 2 5 4 
6684686 5748592 5411158 4968814 
3 0 5 2 4 1 
6703192 5878062 5138550 5514322 
3 5 4 0 1 2 
6719610 5467870 5517642 5276560 
2 0 1 5 4 3 
6731308 5443176 5178068 5547912 
1 2 0 3 4 5 
6731872 5435238 5555250 5104618 
3 4 0 2 1 5 
6748520 5634680 5152586 4996000 
3 4 5 2 0 1 
6795668 5435220 5547628 5288002 
3 5 4 2 1 0 
6818160 5550056 5510146 5192060 
0 4 5 3 2 1 
6828228 5376256 5695360 5143518 
2 1 0 5 4 3 
6828982 5710218 5517112 4881244 
5 1 0 3 4 2 
6837170 5830300 5097654 5055016 
1 0 4 3 5 2 
6863054 5627862 5529394 4938476 
1 0 3 5 4 2 
6867968 5394088 5580258 5124700 
3 4 5 2 1 0 
6870280 5460924 5166856 4843652 
3 4 2 1 0 5 
6870502 5606032 5129350 5264654 
2 5 4 1 0 3 
6874360 5479378 5125132 5141672 
5 0 4 2 1 3 
6876718 5486194 5091498 5609000 
1 5 0 3 4 2 
6898304 5141098 5200272 5128520 
3 5 4 2 0 1 
6900188 5442116 5195828 4870832 
1 0 2 3 4 5 
6950392 5134426 5356140 5072252 
4 0 5 2 1 3 
6955538 5382474 5139358 5483406 
1 0 2 5 4 3 
6976098 5238118 5140998 5296674 
5 0 1 2 4 3 
6978654 5476180 5111026 5352962 
1 5 0 2 4 3 
6980478 5318652 5032148 5345400 
2 1 5 3 4 0 
6982918 5676292 5201200 4707798 
2 5 4 3 0 1 
6985206 5186986 5104018 4728450 
3 0 4 2 5 1 
7015572 5472366 4918506 4848698 
5 4 0 3 1 2 
7062684 5331932 5163322 4721672 
1 0 5 3 4 2 
7121320 5053594 5258184 4844062 
3 4 0 1 5 2 
7131612 5261464 4952700 5011470 
1 0 4 2 5 3 
7184172 5530994 5081400 4807338 
2 1 0 3 4 5 
7190846 5488892 5214614 4431386 
2 4 5 3 0 1 
7201412 5015604 5302182 4789306 
3 4 5 1 0 2 
7256126 5279308 4842722 4969868 
5 4 0 1 2 3 
7297562 5232024 5029518 4926310 
1 0 5 2 4 3 
7420304 5073906 4811492 4828802 
2 4 5 1 0 3 
7573686 4957612 4702560 4685248 
