35 3
3 0 5 1 4 2 
7427092 7538214 8059240 
0 3 5 1 4 2 
7455264 7883322 7901954 
0 4 5 1 3 2 
7516736 7426718 8419088 
4 2 3 1 5 0 
7541008 7058750 9027384 
3 0 2 4 1 5 
7589552 7696940 7711248 
3 1 2 4 0 5 
7623468 7350890 8373172 
3 4 5 1 0 2 
7653736 7014096 9138788 
4 2 0 1 5 3 
7682986 6835386 8535666 
0 3 2 4 1 5 
7690940 7461846 7951638 
1 4 5 3 0 2 
7767410 7120078 7659990 
3 0 5 4 1 2 
7903584 7947512 7343104 
3 0 2 1 4 5 
7915620 7580242 7384056 
0 3 5 4 1 2 
7919036 7424480 7413718 
5 2 0 1 4 3 
7934816 7022896 8328316 
1 3 5 4 0 2 
8064890 6601610 8308566 
4 0 5 1 2 3 
8105460 7089150 7934584 
2 4 5 3 0 1 
8140964 7199260 7654770 
0 4 5 3 1 2 
8168102 6858774 8273558 
2 0 5 1 4 3 
8281640 6978524 7886490 
4 0 2 1 3 5 
8290896 6751492 8304010 
1 3 5 2 4 0 
8319970 7398230 7607552 
1 5 4 3 0 2 
8355702 7309782 7612914 
2 3 5 4 0 1 
8499074 6553328 8520204 
3 0 5 2 1 4 
8560352 7803338 7273796 
1 3 5 4 2 0 
8583906 7327902 7523362 
1 4 5 3 2 0 
8619410 7225526 7520526 
4 2 0 1 3 5 
8637238 7527170 7187222 
3 2 0 1 5 4 
8649514 6789480 8110184 
5 3 2 4 1 0 
8654302 6944802 8003734 
1 5 0 4 3 2 
8659760 7457886 7408728 
0 2 3 1 4 5 
8741826 6882914 7842394 
3 2 0 1 4 5 
8823678 6960188 7624100 
2 4 5 3 1 0 
8827768 7298402 7322672 
3 5 0 4 1 2 
8931884 6942108 7755676 
3 1 0 2 4 5 
9188488 7181106 7481788 
