19 2
3 4 2 1 0 
1785964 4625096 
2 4 3 1 0 
1814808 4604818 
4 2 3 1 0 
1867114 4459506 
1 0 4 2 3 
1971962 4437670 
4 1 0 2 3 
1974672 4307638 
4 3 2 0 1 
1982284 4299030 
4 2 3 0 1 
2015882 4266216 
4 0 1 3 2 
2192978 4228136 
0 3 1 4 2 
2232020 4204010 
0 2 4 1 3 
2260796 4010034 
1 2 3 0 4 
2281932 3953726 
0 2 3 1 4 
2361632 3939954 
1 2 4 0 3 
2471724 3862346 
2 0 1 3 4 
2646980 3771162 
2 0 4 3 1 
2669282 3766660 
2 1 0 3 4 
2749768 3735322 
2 4 0 3 1 
2845712 3712990 
2 1 4 3 0 
2874526 3680794 
2 4 1 3 0 
2948168 3662964 
