172 4
3 0 5 1 2 4 
8783826 8250942 8004912 5847774 
5 3 1 4 0 2 
8788182 7279482 6742380 6060118 
2 4 5 1 3 0 
8791832 7308318 7372614 5436958 
4 2 3 1 5 0 
8798084 7121036 7371396 5734162 
5 3 1 2 0 4 
8869524 6910182 7013118 6600306 
3 5 1 2 0 4 
8896696 7151944 6783404 5935160 
4 2 1 3 0 5 
8927138 6857712 7110606 6795942 
2 4 0 1 3 5 
8927400 7471768 7305610 5104628 
4 2 0 1 5 3 
8955182 7349872 7134400 5260174 
4 2 3 1 0 5 
8957680 6982924 7234406 5549906 
0 3 1 4 5 2 
8985140 6970918 6563344 6468398 
4 2 1 5 0 3 
8988482 7009490 6650712 6295762 
2 4 5 1 0 3 
9022778 7055210 7399110 5195172 
4 2 5 1 0 3 
9063210 7078886 6753950 5167672 
5 1 3 4 0 2 
9079772 6426440 7201050 6411488 
0 5 1 2 3 4 
9093946 6908132 6599442 6596838 
2 4 0 1 5 3 
9131806 7204228 7718744 4931850 
2 4 1 3 0 5 
9133146 6970178 6699208 5879770 
3 1 5 2 0 4 
9145752 6235104 7360082 6324034 
0 1 3 4 5 2 
9150450 6271708 6974372 6183202 
5 3 2 1 0 4 
9153694 6794760 6876954 5487050 
0 3 1 2 5 4 
9158882 6438322 6681874 6717274 
4 2 5 1 3 0 
9187080 6925210 7393182 5102130 
5 2 3 1 0 4 
9190304 6641192 7758752 5901956 
2 4 3 1 5 0 
9198708 7056928 7127836 4764302 
0 1 5 2 3 4 
9209682 6153700 7125822 6313658 
5 1 3 2 0 4 
9211064 6010430 7294398 6899026 
2 4 3 1 0 5 
9225248 7071360 6741198 4695294 
0 5 1 4 3 2 
9231900 6620216 6687888 6442826 
4 2 1 3 5 0 
9293900 6533180 6838334 6675404 
3 5 2 1 0 4 
9355514 6968348 6415142 4996552 
3 5 2 1 4 0 
9367894 7046156 7130134 4916370 
3 5 4 1 0 2 
9370858 6942282 6907058 5241074 
0 1 3 2 5 4 
9374142 5692402 6915512 6379428 
0 3 2 1 4 5 
9393718 6682672 7002478 5387254 
0 2 3 1 5 4 
9409224 6373348 7308280 5639920 
2 5 3 1 0 4 
9411524 7508858 6664388 4834620 
0 2 5 1 3 4 
9436264 6522118 7754518 5446228 
0 3 2 1 5 4 
9444774 6439012 6453706 5588766 
4 2 1 0 5 3 
9466954 6934234 6327218 6533092 
5 3 4 1 0 2 
9477038 6880806 6230502 4849460 
0 5 4 1 2 3 
9514278 6834518 6887350 5117524 
5 2 4 1 0 3 
9515038 6724128 6547828 5224138 
0 1 2 5 4 3 
9515208 6161684 6473946 6528900 
2 0 3 1 5 4 
9518844 7881202 6786700 4581172 
0 2 1 5 4 3 
9519988 6471442 5939000 6959790 
0 1 5 4 3 2 
9525606 5699358 6582234 5972056 
0 2 4 1 5 3 
9546710 6465580 6646484 5578958 
0 5 2 1 3 4 
9549124 6479096 6425660 5690470 
5 0 4 1 2 3 
9568678 7535130 6846598 4650688 
0 2 1 3 4 5 
9577994 6108740 6202292 7083692 
0 2 5 1 4 3 
9589662 6200054 6312266 5876464 
0 2 4 1 3 5 
9590608 6512312 7214260 5364314 
0 4 3 1 5 2 
9602292 6697084 7584814 5345672 
3 0 2 1 4 5 
9604746 7481804 6883192 4636882 
0 2 3 1 4 5 
9606520 6098016 6433804 5855512 
3 1 0 2 5 4 
9653000 5878506 7166908 5704814 
5 2 0 1 3 4 
9663092 6533732 7936048 5130126 
0 1 4 3 2 5 
9668108 6064478 6512006 6224860 
3 4 2 1 0 5 
9669126 6768058 6576328 5065778 
0 3 4 1 5 2 
9673366 6529762 6085126 5263320 
0 3 5 4 1 2 
9678776 6392906 6802508 5826020 
0 1 2 4 5 3 
9685830 6184918 6525454 5680210 
0 4 1 3 2 5 
9695676 6379418 6088018 7035712 
5 1 2 4 0 3 
9707648 6335058 6480876 5603784 
0 1 2 3 4 5 
9714924 5666464 6233976 6503432 
5 2 1 3 4 0 
9729854 6322980 6165816 7189602 
0 1 4 2 3 5 
9737056 6091334 6492854 5774764 
3 1 4 2 0 5 
9737986 6169518 6536904 5571470 
3 0 2 1 5 4 
9746882 7133724 6505310 4759504 
5 2 4 1 3 0 
9765868 6391052 7152330 5139966 
3 5 1 2 4 0 
9804068 6443096 6802508 5336722 
0 4 5 1 2 3 
9806438 6189902 6336666 5644368 
5 1 0 4 3 2 
9815008 5779396 6780042 5620770 
0 5 4 1 3 2 
9817140 6440486 6176584 5102608 
2 4 0 3 5 1 
9826996 6889454 6981086 4735096 
0 5 4 2 3 1 
9847096 7082172 6092908 5172522 
3 4 0 1 5 2 
9847846 6643604 7797562 5011282 
4 0 5 1 3 2 
9850308 7729282 6692574 4663854 
0 4 5 1 3 2 
9860948 6314862 7049148 5212348 
0 2 3 5 4 1 
9907152 6718898 6011674 6107164 
0 2 5 4 3 1 
9917194 6583172 6647644 5032190 
2 5 1 3 0 4 
9919374 7196486 5946590 5311394 
5 3 0 4 2 1 
9928332 6642382 7065510 4765054 
0 2 5 3 4 1 
9948300 6458234 6153428 6252018 
3 5 0 2 4 1 
9948958 6905086 7085644 4613446 
0 4 1 5 2 3 
9949366 5921608 6031702 7006674 
4 1 2 5 3 0 
9959114 5626532 7008940 6696168 
5 2 1 0 4 3 
9966158 6612254 5550510 6847880 
3 0 4 2 5 1 
9986668 7368068 6686726 4713610 
0 5 3 4 2 1 
9991322 6363962 6680474 5551232 
5 1 3 2 4 0 
9991500 5404730 6733568 6524906 
0 3 5 4 2 1 
10000222 6392030 6848596 5164966 
5 0 4 1 3 2 
10001428 6992186 6379536 4523268 
4 2 0 5 3 1 
10003258 6819640 6591112 4564546 
0 1 4 5 2 3 
10008008 5526050 6149528 6104952 
4 3 1 0 5 2 
10016954 7177442 5803060 6351840 
0 5 1 4 2 3 
10053280 6026092 6524516 5806736 
4 2 3 5 1 0 
10061986 6368370 6726818 5343506 
5 3 1 4 2 0 
10075296 6198138 6671718 5252704 
2 1 5 3 0 4 
10077296 6321736 6406148 5461636 
3 4 1 0 2 5 
10091984 6562816 5687586 7038946 
4 3 5 1 2 0 
10095002 6620280 7386902 4934472 
3 4 1 2 5 0 
10098486 6304256 6533982 5316870 
4 1 3 0 5 2 
10110552 6511352 6121928 5878868 
2 5 3 1 4 0 
10121632 6600746 7188516 4652054 
0 1 3 2 4 5 
10126968 5066670 6173166 6016130 
5 2 0 4 3 1 
10129352 6626556 6832414 4648678 
3 1 4 2 5 0 
10132124 5671630 6618156 5506864 
5 1 4 2 3 0 
10155364 5902178 6403864 5612900 
3 1 5 2 4 0 
10165756 5290884 6733718 5914760 
0 5 1 2 4 3 
10178632 6300916 6615198 5492810 
0 2 1 4 3 5 
10183000 6277502 6399036 5315400 
5 4 0 1 3 2 
10193280 6376540 7248486 4940262 
4 1 5 2 0 3 
10196636 6191492 6112014 5870646 
3 1 2 5 4 0 
10219852 5962928 6029356 6218376 
3 4 0 2 1 5 
10225256 6592898 6494660 4929696 
2 0 3 1 4 5 
10255492 6987522 6924190 4329598 
3 2 1 5 4 0 
10257912 6302846 6002450 7089706 
5 1 2 3 0 4 
10261180 5481888 6097440 6520640 
3 4 0 2 5 1 
10263600 6699886 6878422 4458978 
0 4 1 2 5 3 
10266510 6331356 6346902 5510448 
5 2 1 4 3 0 
10275100 6186302 6434936 5144422 
0 1 4 2 5 3 
10276084 5676922 6063724 5381970 
0 1 2 4 3 5 
10276546 5606338 6076168 5418812 
0 3 1 4 2 5 
10277740 6047930 6635490 5370218 
3 1 0 2 4 5 
10278866 5432174 6459292 5360146 
2 5 1 0 3 4 
10280632 7158152 5530326 6135006 
3 1 4 5 0 2 
10280676 5581758 6059136 6572746 
3 1 2 4 0 5 
10283748 6107434 5785114 5159966 
5 1 4 2 0 3 
10300254 5985654 5893482 5284712 
4 1 5 3 0 2 
10359380 6316308 5692542 5107556 
5 2 0 4 1 3 
10369534 6361712 6382424 4816028 
3 1 2 4 5 0 
10369774 5880362 6105934 5273776 
5 1 2 4 3 0 
10384390 5529406 6352410 5456196 
0 1 5 4 2 3 
10404082 4985918 6091658 5431858 
0 1 2 3 5 4 
10421962 5009044 5841226 6021378 
4 1 0 5 3 2 
10426214 5902400 6005110 5032938 
5 0 4 2 1 3 
10426696 7289036 6304978 4703190 
4 1 0 3 5 2 
10456516 6211734 5988368 5120272 
0 3 2 4 1 5 
10465940 6181026 6406246 5031660 
0 2 5 4 1 3 
10474224 5870608 6110980 5153046 
0 5 4 2 1 3 
10475124 6521020 6375742 4853424 
0 1 5 2 4 3 
10501536 5113556 5954346 5557566 
5 1 0 4 2 3 
10512428 5321796 6338994 5107140 
3 0 2 4 1 5 
10519800 7083182 6241088 4765200 
0 3 4 5 1 2 
10552064 6133468 5664080 5403782 
3 2 1 0 4 5 
10552222 6229418 5650436 6871886 
3 1 2 0 4 5 
10559672 5846942 5515720 5952586 
0 1 4 5 3 2 
10589396 4956338 5505008 5799798 
0 1 3 4 2 5 
10619642 4979688 6034510 5381606 
4 3 0 5 1 2 
10638290 6897802 6135958 4651322 
2 1 3 5 0 4 
10638342 6153734 5688070 5242000 
4 1 5 0 3 2 
10657572 5958532 5517564 5280594 
5 3 4 0 1 2 
10702594 6309818 5471348 5437912 
0 2 3 4 1 5 
10714296 5783948 6128134 4939636 
5 1 4 3 0 2 
10722494 5548494 5416698 5714030 
2 0 3 5 1 4 
10747406 7526416 6034144 4800470 
3 1 2 5 0 4 
10756914 5538560 5445046 5726012 
0 4 5 2 1 3 
10788454 5988094 5998068 5046658 
0 1 4 3 5 2 
10788524 5080354 5438356 5526912 
0 1 2 5 3 4 
10812962 4925684 5631910 5785448 
4 3 0 5 2 1 
10829078 6724026 6555160 4298842 
3 5 2 0 1 4 
10867548 6426786 5511860 5367650 
0 5 4 3 1 2 
10894966 6168208 5688886 4970184 
2 1 3 0 5 4 
10936596 5950732 5532974 5362260 
4 3 5 0 2 1 
10961708 6656420 6283766 4843584 
4 0 5 3 1 2 
11023520 7246206 6035718 4554708 
4 1 5 0 2 3 
11074688 5277956 5737356 5309196 
5 1 4 0 3 2 
11110156 5092508 5215270 5696168 
3 1 2 0 5 4 
11182760 5195502 5252230 5574032 
4 5 0 3 1 2 
11188210 6844006 6168142 4599644 
