54 2
6 2 4 3 0 1 5 
7876260 13724344 
3 2 4 6 0 5 1 
7991160 13701960 
0 5 4 1 6 3 2 
8223414 13254598 
2 6 4 1 5 3 0 
8313418 13081426 
0 6 4 1 5 3 2 
8405290 12894066 
6 2 4 1 0 3 5 
8571648 12823194 
5 1 4 0 3 2 6 
8615092 12800676 
0 4 6 1 5 3 2 
8628894 12770688 
2 6 4 3 5 1 0 
8639014 12741776 
5 0 4 3 2 1 6 
8650828 12699556 
0 6 4 3 5 1 2 
8651830 12689200 
0 1 4 5 3 6 2 
8693896 12582834 
0 5 3 1 6 4 2 
8813936 12536872 
3 2 6 1 0 5 4 
8833690 12478438 
5 1 4 2 3 0 6 
8960548 12468096 
0 4 6 3 5 1 2 
9006378 12351054 
6 2 3 1 0 4 5 
9050502 12281138 
3 2 6 0 1 5 4 
9095404 12159088 
1 6 2 3 5 0 4 
9187694 12116920 
3 6 2 1 5 0 4 
9237494 11916984 
5 0 1 3 2 4 6 
9287792 11911710 
5 3 2 1 0 4 6 
9378014 11884908 
0 6 3 1 5 4 2 
9415236 11862996 
0 1 6 3 5 4 2 
9417694 11854562 
3 6 0 1 5 2 4 
9443182 11803648 
0 4 1 5 3 6 2 
9538356 11751846 
5 1 0 3 2 4 6 
9557680 11623938 
3 6 2 1 0 5 4 
9596120 11615850 
0 1 5 3 2 6 4 
9712214 11550544 
6 2 3 0 1 4 5 
9737936 11473700 
3 2 6 0 5 4 1 
9834862 11459170 
3 4 2 5 1 0 6 
9839866 11406910 
3 6 2 5 1 0 4 
9846054 11249142 
3 6 0 5 1 2 4 
9973186 11191074 
5 2 3 1 0 4 6 
10074130 11120074 
0 6 4 5 3 1 2 
10114106 11036964 
0 6 3 5 1 4 2 
10255676 10862804 
2 1 6 3 5 4 0 
10427374 10808286 
6 1 2 3 0 4 5 
10504796 10798674 
5 6 3 0 1 4 2 
10567534 10697344 
5 0 1 2 3 4 6 
10656064 10620202 
3 6 2 5 0 4 1 
10663128 10547950 
5 2 3 0 1 4 6 
10685964 10437964 
0 6 1 5 3 4 2 
10716112 10382054 
0 2 3 5 1 4 6 
10999706 10269408 
5 6 1 0 3 4 2 
11028930 10250074 
3 5 2 6 0 4 1 
11144320 10219082 
1 6 0 5 3 4 2 
11194516 10115722 
2 5 3 6 1 4 0 
11267964 10048136 
5 2 1 0 3 4 6 
11365232 9918478 
2 5 3 6 0 4 1 
11654476 9807796 
0 2 1 5 3 4 6 
11678014 9716442 
5 2 1 0 6 4 3 
12059124 9613792 
1 3 6 4 0 2 5 
12366592 9595930 
