46 2
7 3 1 5 4 0 6 2 
7626664 15081610 
7 3 1 5 4 6 0 2 
7764398 14799104 
7 4 6 0 3 1 2 5 
7958780 14103892 
0 1 3 5 7 4 2 6 
8004282 13847076 
2 6 7 4 3 5 0 1 
8257830 13612000 
4 1 3 5 7 6 2 0 
8394520 13565766 
4 5 3 1 7 6 2 0 
8465050 13559058 
3 4 6 0 7 1 2 5 
8529952 13530466 
6 2 7 4 3 5 1 0 
8677192 13446694 
0 1 3 5 7 6 2 4 
8679852 13323700 
5 1 3 2 4 6 7 0 
8704552 13260194 
2 0 7 4 3 5 6 1 
8714784 13128014 
6 2 7 4 1 5 0 3 
8919640 13031820 
6 4 7 0 1 3 2 5 
9041588 13011392 
6 0 7 4 1 3 2 5 
9054814 12929828 
2 0 7 4 5 3 6 1 
9256680 12846908 
6 2 7 4 1 3 5 0 
9307708 12798252 
6 2 7 4 5 3 0 1 
9348630 12717764 
6 2 7 4 1 3 0 5 
9373092 12471186 
1 4 7 2 6 3 0 5 
9606632 12221854 
4 1 3 2 5 6 7 0 
9699050 12201960 
1 4 6 2 0 3 7 5 
9832998 12144808 
0 2 7 4 1 3 6 5 
9862674 12138726 
5 4 6 2 7 3 0 1 
9993438 12087518 
1 4 7 2 6 5 0 3 
10079748 12081994 
4 1 3 2 5 6 0 7 
10236212 12024402 
4 2 7 0 5 3 6 1 
10254248 11975470 
5 0 6 2 4 3 7 1 
10319510 11952958 
1 4 6 2 0 5 7 3 
10405714 11935948 
4 1 3 2 5 7 0 6 
10548336 11763354 
5 2 7 0 4 3 6 1 
11037642 11716526 
1 0 6 2 7 5 4 3 
11153176 11708710 
4 5 3 2 1 7 6 0 
11156256 11599928 
3 2 4 1 6 7 0 5 
11246744 11536600 
0 2 3 4 5 7 1 6 
11298640 11462372 
1 2 6 5 4 7 0 3 
11425236 11444790 
0 2 3 4 1 7 5 6 
11476526 11339062 
1 2 4 5 6 7 0 3 
11488156 11278250 
1 2 4 5 0 7 6 3 
11498622 11227472 
4 2 3 0 1 7 5 6 
11695638 11194098 
4 2 3 0 5 7 1 6 
11750874 11071004 
4 0 3 2 5 7 1 6 
12069880 10975888 
4 0 3 2 1 7 5 6 
12373324 10940504 
1 5 6 2 0 7 4 3 
12512128 10824100 
1 5 4 2 6 7 0 3 
12690332 10727180 
1 5 4 2 0 7 6 3 
12930118 10575080 
