120 3
4 1 3 2 0 
3808212 6498084 6498084 
4 3 1 2 0 
3825164 6481132 6481132 
4 0 2 1 3 
3848824 6457472 6457472 
4 2 0 1 3 
3853602 6452694 6452694 
3 0 4 2 1 
4004928 6301368 6301368 
1 0 2 4 3 
4070490 6235806 6235806 
3 4 0 2 1 
4072760 6233536 6233536 
2 3 1 4 0 
4090830 6215466 6215466 
3 2 1 0 4 
4130278 6176018 6176018 
1 2 0 4 3 
4153960 6152336 6152336 
4 1 3 0 2 
4159584 6146712 6146712 
3 1 2 0 4 
4165720 6140576 6140576 
1 4 3 0 2 
4187214 6119082 6119082 
1 0 4 2 3 
4193566 6112730 6112730 
2 4 0 3 1 
4198174 6108122 6108122 
4 3 1 0 2 
4203236 6103060 6103060 
2 1 3 4 0 
4205100 6101196 6101196 
0 3 4 1 2 
4227238 6079058 6079058 
0 1 3 2 4 
4256842 6049454 6049454 
2 3 4 1 0 
4263436 6042860 6042860 
2 1 3 0 4 
4266958 6039338 6039338 
1 3 4 0 2 
4273580 6032716 6032716 
2 0 4 3 1 
4293700 6012596 6012596 
0 1 2 3 4 
4297818 6008478 6008478 
1 4 0 2 3 
4329642 5976654 5976654 
0 3 1 2 4 
4342038 5964258 5964258 
0 4 3 1 2 
4362940 5943356 5943356 
2 3 1 0 4 
4370488 5935808 5935808 
0 2 1 3 4 
4401220 5905076 5905076 
3 4 2 0 1 
4406586 5899710 5899710 
3 2 4 0 1 
4413858 5892438 5892438 
1 3 4 2 0 
4416556 5889740 5889740 
2 0 4 1 3 
4417886 5888410 5888410 
2 4 3 0 1 
4428804 5877492 5877492 
0 3 1 4 2 
4440452 5865844 5865844 
2 4 3 1 0 
4443412 5862884 5862884 
1 4 3 2 0 
4471490 5834806 5834806 
3 2 0 1 4 
4521272 5785024 5785024 
3 0 2 4 1 
4525222 5781074 5781074 
4 0 1 2 3 
4529342 5776954 5776954 
2 4 0 1 3 
4540160 5766136 5766136 
4 3 2 1 0 
4542522 5763774 5763774 
0 1 3 4 2 
4546356 5759940 5759940 
4 2 1 0 3 
4551388 5754908 5754908 
3 0 2 1 4 
4560768 5745528 5745528 
4 2 0 3 1 
4571584 5734712 5734712 
2 3 4 0 1 
4572228 5734068 5734068 
4 0 2 3 1 
4593506 5712790 5712790 
3 2 0 4 1 
4600326 5705970 5705970 
3 1 0 2 4 
4624162 5682134 5682134 
4 1 0 2 3 
4626620 5679676 5679676 
3 0 1 2 4 
4628216 5678080 5678080 
0 4 3 2 1 
4632608 5673688 5673688 
4 2 3 1 0 
4635270 5671026 5671026 
1 4 0 3 2 
4637324 5668972 5668972 
4 1 2 0 3 
4643888 5662408 5662408 
4 1 2 3 0 
4650118 5656178 5656178 
3 0 4 1 2 
4674696 5631600 5631600 
0 3 4 2 1 
4679006 5627290 5627290 
1 2 4 0 3 
4700752 5605544 5605544 
3 4 0 1 2 
4722428 5583868 5583868 
0 4 2 3 1 
4735804 5570492 5570492 
1 0 4 3 2 
4739148 5567148 5567148 
1 4 2 0 3 
4753358 5552938 5552938 
4 2 1 3 0 
4759818 5546478 5546478 
2 1 0 3 4 
4766376 5539920 5539920 
1 2 0 3 4 
4792888 5513408 5513408 
0 2 4 3 1 
4809408 5496888 5496888 
1 0 2 3 4 
4850718 5455578 5455578 
2 0 1 3 4 
4927608 5378688 5378688 
1 3 2 4 0 
4961308 5344988 5344988 
2 0 1 4 3 
4975328 5330968 5330968 
4 1 0 3 2 
4984222 5322074 5322074 
3 4 1 0 2 
4984744 5321552 5321552 
0 3 2 1 4 
4991726 5314570 5314570 
0 2 3 1 4 
5009932 5296364 5296364 
1 2 3 0 4 
5010606 5295690 5295690 
3 1 4 0 2 
5027458 5278838 5278838 
0 1 4 3 2 
5045568 5260728 5260728 
1 2 3 4 0 
5060236 5246060 5246060 
0 4 1 3 2 
5075366 5230930 5230930 
0 2 4 1 3 
5081690 5224606 5224606 
4 3 0 1 2 
5087912 5218384 5218384 
4 0 1 3 2 
5115844 5190452 5190452 
2 1 0 4 3 
5137496 5168800 5168800 
4 2 3 0 1 
5144822 5161474 5161474 
1 3 2 0 4 
5149578 5156718 5156718 
3 2 1 4 0 
5170172 5136124 5136124 
4 0 3 1 2 
5175882 5130414 5130414 
2 1 4 3 0 
5180022 5126274 5126274 
3 1 2 4 0 
5185514 5120782 5120782 
0 4 2 1 3 
5199186 5107110 5107110 
0 2 1 4 3 
5232684 5073612 5073612 
2 4 1 3 0 
5245728 5060568 5060568 
3 0 1 4 2 
5262438 5043858 5043858 
4 3 2 0 1 
5280974 5025322 5025322 
0 1 2 4 3 
5311382 4994914 4994914 
3 1 4 2 0 
5318530 4987766 4987766 
4 0 3 2 1 
5334062 4972234 4972234 
1 4 2 3 0 
5345316 4960980 4960980 
3 1 0 4 2 
5352884 4953412 4953412 
1 3 0 4 2 
5371470 4934826 4934826 
3 2 4 1 0 
5374698 4931598 4931598 
1 0 3 4 2 
5386928 4919368 4919368 
1 2 4 3 0 
5389310 4916986 4916986 
3 4 1 2 0 
5390416 4915880 4915880 
4 3 0 2 1 
5448292 4858004 4858004 
3 4 2 1 0 
5461926 4844370 4844370 
0 3 2 4 1 
5541908 4764388 4764388 
2 0 3 4 1 
5554550 4751746 4751746 
0 2 3 4 1 
5569114 4737182 4737182 
2 4 1 0 3 
5573106 4733190 4733190 
2 3 0 1 4 
5573314 4732982 4732982 
2 3 0 4 1 
5602448 4703848 4703848 
2 1 4 0 3 
5613000 4693296 4693296 
1 0 3 2 4 
5621574 4684722 4684722 
2 0 3 1 4 
5631016 4675280 4675280 
1 3 0 2 4 
5702716 4603580 4603580 
0 1 4 2 3 
5769618 4536678 4536678 
0 4 1 2 3 
5808416 4497880 4497880 
