273 4
5 4 1 2 0 3 6 
5732874 11371608 13659206 13823044 
4 1 0 2 5 6 3 
5765102 12049968 13349538 14076450 
1 4 0 2 5 6 3 
5771444 12112718 13318614 14833102 
3 4 6 5 2 0 1 
5787158 12387342 12997006 14205988 
4 1 5 2 0 6 3 
5794200 11618146 13338364 13765012 
1 4 5 2 0 6 3 
5810692 11500296 13302540 14600064 
4 3 6 5 2 0 1 
5846252 11662000 13167864 13886466 
1 3 5 2 0 6 4 
5879170 11427962 13173220 14183984 
3 4 6 0 2 5 1 
5914236 12010248 12788126 14206354 
3 4 2 5 6 0 1 
5941698 11582556 12478564 13976250 
3 1 5 2 0 6 4 
5956444 11732688 12884792 13732430 
4 3 2 5 6 0 1 
5974402 11326774 12662162 13452888 
5 6 1 2 0 3 4 
5978002 10787202 13251888 13428536 
4 3 0 2 5 6 1 
6070044 11627202 12655552 13839382 
1 4 6 5 2 0 3 
6103630 12297158 12410612 14348274 
4 3 5 2 0 6 1 
6106822 11241700 12559058 13516424 
4 5 1 2 0 6 3 
6138894 11880720 13319908 13071100 
3 4 0 2 5 6 1 
6150180 12056598 12337880 14117600 
1 4 0 2 5 3 6 
6162984 11222946 13710780 13284374 
4 3 6 0 2 5 1 
6166970 11175396 12662414 13640552 
2 0 4 5 6 3 1 
6175462 11251466 13000112 13410998 
4 3 6 5 2 1 0 
6179470 11283530 13164472 13045872 
3 4 5 2 0 6 1 
6200588 11428576 12234806 13899922 
4 5 1 2 0 3 6 
6207608 10995864 12980836 13225440 
4 1 5 2 0 3 6 
6208082 11597808 13080790 12789566 
6 4 1 2 0 3 5 
6215138 11449996 12661270 13324976 
4 1 2 5 6 0 3 
6251940 10894636 12990988 13522148 
4 3 2 5 6 1 0 
6251972 11499456 12404210 12875142 
6 5 1 2 0 3 4 
6257482 10855718 12721536 12851548 
1 4 6 0 2 5 3 
6269348 11936144 12075972 14294400 
4 1 0 2 5 3 6 
6283888 10990634 13571844 12605500 
3 4 2 5 6 1 0 
6345660 11586814 12051892 13475760 
2 0 3 4 6 1 5 
6376866 10695444 13357726 13576864 
1 3 2 5 6 0 4 
6383028 11422184 12461838 13453888 
4 3 6 0 2 1 5 
6401392 11369042 12773560 12796294 
4 3 2 6 5 0 1 
6404942 11414322 12486830 13659180 
4 6 1 2 0 3 5 
6410392 11005736 12513252 13304360 
4 3 2 0 6 5 1 
6420240 11282986 12480936 13458302 
5 6 3 4 1 0 2 
6426468 10785538 13985196 13449338 
3 1 2 5 6 0 4 
6457926 10921110 12489658 13537534 
0 2 6 3 4 5 1 
6459296 11502940 12174758 13583150 
5 6 1 4 0 3 2 
6464912 10682392 13398992 13693170 
0 2 4 5 6 3 1 
6468598 11267482 12335564 13695262 
5 6 3 0 2 1 4 
6484472 10719558 12475240 13082012 
0 4 3 6 5 1 2 
6487388 10689910 13825240 13372658 
6 1 5 2 0 3 4 
6491748 11647358 13174258 12789242 
4 6 0 2 1 3 5 
6499702 11209858 12465026 13451892 
0 4 1 2 5 3 6 
6504194 10600230 13636154 13346646 
4 1 6 0 2 5 3 
6512044 11259762 12070936 13600948 
2 0 3 4 5 6 1 
6521536 10994732 12361634 13705776 
5 6 3 4 0 1 2 
6521666 10327864 13865920 13417398 
4 3 0 6 5 2 1 
6534566 10830330 12378758 13610544 
5 6 4 3 1 0 2 
6549796 11422152 13480870 12780508 
2 0 1 5 6 3 4 
6588590 10667852 13059036 13014982 
2 0 3 5 6 1 4 
6588656 10416292 12876380 13027618 
0 2 5 4 3 6 1 
6594860 10574092 12523480 14175526 
6 1 0 2 5 3 4 
6627632 10956204 13196962 12687864 
5 6 3 1 2 0 4 
6650152 10954560 12353514 13070666 
1 6 0 2 5 3 4 
6650800 10806360 13386620 12941002 
2 0 5 6 3 1 4 
6655040 11064170 13138598 12803860 
1 4 0 5 6 3 2 
6667892 11713162 12189070 13205642 
1 2 5 4 3 6 0 
6672174 10632110 12496168 14641178 
6 4 2 1 3 0 5 
6673270 10899018 12450486 13234936 
0 2 3 4 5 6 1 
6673284 11252820 12047318 14145528 
6 5 3 0 2 1 4 
6679396 10649410 12338236 12816032 
5 6 4 2 0 3 1 
6680296 11078014 12173492 13538414 
2 0 3 6 5 4 1 
6681488 10859282 12100132 13204504 
0 2 3 6 5 4 1 
6689860 11198454 12005404 13826608 
2 4 3 6 5 1 0 
6690892 10623030 12657172 13141958 
5 6 1 0 2 3 4 
6692390 10594054 12985976 12890408 
2 0 3 6 5 1 4 
6695784 10112408 12522256 12642742 
4 3 2 0 6 1 5 
6701286 11014856 12805362 12393820 
1 4 2 5 6 3 0 
6716900 12087098 12304082 13114042 
2 0 1 6 5 3 4 
6727110 10347552 12719696 12631114 
6 1 4 2 0 3 5 
6736312 11520988 12235422 12925062 
4 1 0 5 6 3 2 
6752802 11263218 12301992 12963722 
5 6 2 1 3 0 4 
6764338 10731706 12492624 12543776 
2 0 6 3 4 5 1 
6777772 10967176 11913174 12611798 
2 0 4 6 5 3 1 
6790142 10962654 12181540 13074746 
5 6 4 0 2 1 3 
6795116 11628098 11776972 13568474 
4 3 6 2 0 5 1 
6806446 10692004 12170478 13707812 
2 0 6 1 3 5 4 
6816316 10156566 13046166 12631378 
4 0 1 2 5 3 6 
6834470 10380056 13173458 12310628 
2 0 4 3 6 5 1 
6841290 11547240 11896418 12804990 
6 5 2 4 3 1 0 
6858848 10714228 11916446 13672692 
5 6 2 4 3 0 1 
6862008 10817938 12059426 13492906 
6 5 2 1 3 0 4 
6868042 9899798 12544844 12818532 
4 3 1 2 5 6 0 
6871922 10891582 12141648 13134192 
4 5 3 0 2 1 6 
6872878 10718832 12227872 12985388 
4 3 2 1 6 5 0 
6890498 10950798 12241502 12901404 
4 3 2 1 6 0 5 
6893974 10509986 12823880 12414668 
4 1 6 5 2 3 0 
6894152 10515516 13000218 12152776 
4 3 0 6 5 1 2 
6900116 10656408 13197082 12127998 
6 5 1 0 2 3 4 
6905938 10480946 12832556 12621932 
6 5 4 2 0 3 1 
6929824 10896162 11818244 12721042 
4 3 1 2 0 6 5 
6941952 10587068 12531970 12584192 
4 6 0 2 5 3 1 
6945272 10678600 12521390 12497936 
2 0 3 4 5 1 6 
6952014 9758392 12792210 12968112 
2 4 6 3 1 5 0 
6952616 10954848 12446932 12634336 
6 5 2 4 3 0 1 
6954192 10244078 12064798 13164782 
3 4 1 2 5 6 0 
6963602 11417474 11756488 13505058 
4 1 6 2 0 3 5 
6977702 11062544 12128010 12470238 
0 2 4 6 5 3 1 
7017346 10797046 11893924 13667522 
6 5 3 0 2 4 1 
7019230 10798564 12446092 12678346 
2 1 6 3 4 0 5 
7028286 11211348 12432492 12408806 
2 0 1 3 6 5 4 
7040098 11209436 12375992 12440464 
4 6 2 0 3 5 1 
7056854 10643462 12736936 12506320 
4 6 2 1 3 5 0 
7059090 10732060 12352420 12459860 
4 3 1 6 5 2 0 
7066492 10404326 12394694 12945018 
4 3 5 6 0 1 2 
7070662 10628070 13464372 12015520 
4 1 6 0 2 3 5 
7072154 10645908 12613386 12045038 
4 3 5 2 1 6 0 
7074166 10447512 11861486 12698486 
6 5 4 2 1 3 0 
7087484 10969820 11689234 13097604 
5 6 4 1 2 0 3 
7095772 11708292 11390326 13537296 
5 6 0 3 1 2 4 
7096874 10422678 12173174 12621086 
2 0 1 3 4 5 6 
7103738 11128392 12407628 12305594 
4 3 0 2 1 6 5 
7107418 10528500 12348302 12471444 
1 6 2 4 3 0 5 
7111450 10878926 11854178 14035824 
6 5 4 1 2 0 3 
7120440 11450416 11651386 13191972 
6 5 4 0 2 3 1 
7124440 10491378 12386032 12446042 
6 0 1 2 5 3 4 
7125948 10303218 12719712 12309478 
5 6 1 4 0 2 3 
7130192 10838876 11803640 14123156 
3 4 6 2 0 1 5 
7139532 11429804 11646976 13496134 
4 3 1 6 5 0 2 
7143048 10186410 13157818 12053994 
4 2 1 6 5 0 3 
7144778 11033516 12483684 12424734 
4 0 6 5 2 3 1 
7149164 10344280 12905424 12064148 
5 6 3 0 2 4 1 
7152242 10431720 12145336 13144774 
4 5 3 6 0 1 2 
7157032 10066704 13688228 12806542 
4 2 1 6 5 3 0 
7167236 10108160 12313614 13205438 
3 4 5 2 1 6 0 
7188060 10578148 11465602 13240936 
6 5 2 1 4 0 3 
7191908 10216332 12403206 12825458 
2 0 6 3 1 5 4 
7213132 10046366 12153432 12082544 
6 4 1 2 5 3 0 
7224684 10493450 11939404 12600330 
4 3 0 5 6 1 2 
7229432 10748552 12283006 12012610 
5 6 0 4 3 2 1 
7237720 10034698 12450442 13283778 
3 4 0 2 1 6 5 
7239642 10812356 11845258 13161004 
2 1 3 4 5 0 6 
7253014 9894322 12899226 12937430 
2 5 3 6 0 1 4 
7255158 9899588 12599440 12647316 
4 1 6 3 0 5 2 
7255792 9727980 13723626 12660768 
0 2 1 4 5 3 6 
7274984 9712424 12750238 13130292 
4 0 6 1 2 5 3 
7287422 10746336 11826578 12888222 
2 5 6 3 4 0 1 
7322498 10709332 12013436 12334314 
3 4 0 5 6 1 2 
7345116 11019774 11802096 12789760 
5 2 1 6 0 3 4 
7362466 9526594 12989806 13190740 
4 6 0 3 1 5 2 
7365830 10331488 13484958 11967146 
0 2 1 6 5 4 3 
7371754 10657066 11838764 13056184 
4 1 0 3 6 2 5 
7372394 10037058 13488686 12074550 
2 0 6 1 4 5 3 
7375602 10185370 11977318 12774304 
4 6 1 2 5 3 0 
7376010 10171930 11947718 12232812 
6 5 2 3 1 0 4 
7380034 9905470 12535766 12898138 
4 3 5 6 1 0 2 
7386916 10096896 12954944 11805680 
2 0 4 1 6 5 3 
7387288 10895386 11780018 13020320 
2 0 5 4 1 6 3 
7407802 10159742 12063294 13007286 
2 0 1 6 5 4 3 
7413926 10740390 11638004 12839728 
5 6 0 1 3 2 4 
7429922 9966766 12595964 12580600 
3 1 2 5 4 0 6 
7438306 10361552 11926580 13179720 
5 6 0 3 4 2 1 
7459126 10307222 11859842 12634912 
4 2 0 6 5 3 1 
7462290 10024014 12430854 12890402 
5 2 1 0 6 3 4 
7475408 9883270 12695712 12870878 
4 5 6 3 0 1 2 
7476162 9690224 13844678 13034930 
2 5 4 3 6 0 1 
7488084 10937326 11815154 12178666 
2 1 6 0 3 5 4 
7489818 9617198 13303074 12780508 
2 0 4 6 5 1 3 
7491254 10608618 11521972 12721598 
6 5 2 3 4 0 1 
7501206 10204578 11895158 12730128 
4 1 5 6 3 2 0 
7503684 10087516 12590796 12054372 
6 1 4 2 5 3 0 
7511358 10792992 11813856 12598716 
4 3 6 5 0 1 2 
7512018 9900706 13081808 11710872 
0 2 5 4 1 6 3 
7513762 9910710 12042170 13078126 
4 3 2 5 1 0 6 
7521276 9981308 12445328 12524078 
2 0 6 4 1 5 3 
7525034 9954830 11864354 13024154 
4 1 3 0 2 6 5 
7526352 10004842 12961324 11927652 
0 2 5 3 1 6 4 
7533456 9833142 12044964 12853432 
4 5 6 0 2 3 1 
7553602 9896414 12565652 11916450 
2 4 6 3 0 5 1 
7561414 10504464 11910896 12591514 
6 0 4 2 5 3 1 
7586190 10707312 11867870 12543672 
4 5 2 1 6 0 3 
7600284 9864056 12361170 12375260 
2 0 6 1 5 3 4 
7611060 9789970 13297254 12827772 
3 4 0 6 1 2 5 
7612460 10169978 11846562 13490350 
0 4 3 5 2 1 6 
7612462 10311772 11758418 12867648 
2 0 3 1 5 4 6 
7626004 9587916 12763644 12908708 
1 4 5 6 3 2 0 
7657704 9873704 12327798 12789328 
3 4 2 6 1 0 5 
7659356 10309378 11646782 13561318 
4 5 6 2 1 3 0 
7667486 10273042 11919686 12644146 
6 0 2 1 3 5 4 
7678436 9586034 12519576 12217666 
4 3 2 6 1 0 5 
7683220 10318272 11768504 12424246 
4 3 1 5 6 0 2 
7692108 10163642 12347230 11945662 
4 5 1 0 6 3 2 
7697446 10271566 11908998 12693744 
6 1 2 4 3 5 0 
7706186 10136476 11743164 12889876 
6 1 2 5 3 0 4 
7742876 9293930 12849194 12783358 
4 0 2 1 3 5 6 
7745734 9393898 12535976 12092564 
4 5 2 6 3 0 1 
7757052 9733718 12195066 12379906 
4 3 1 6 0 2 5 
7757770 9973604 12135480 12573450 
2 1 0 3 4 5 6 
7763214 10758124 12187694 12025474 
4 2 3 1 5 0 6 
7763708 10211354 13245960 11706174 
4 5 2 6 3 1 0 
7792466 10096732 11856808 12729902 
4 3 0 1 6 5 2 
7793174 10285666 12267078 12049860 
4 0 3 5 2 1 6 
7803536 10053770 11761328 12172606 
5 2 1 3 0 6 4 
7806870 9965058 12106674 12479146 
4 3 5 0 6 1 2 
7808838 10744708 12467258 11886814 
4 6 0 1 3 5 2 
7830870 10291352 12409748 11833388 
4 2 1 6 0 3 5 
7832530 9705998 12058796 12874554 
1 6 5 4 3 2 0 
7836072 9680390 12364292 13233708 
4 1 2 0 3 5 6 
7854490 9278076 12426970 12001064 
4 3 0 6 1 2 5 
7855156 9674092 11775396 12323950 
4 5 1 2 6 3 0 
7858098 10040014 12138418 12167140 
4 3 6 2 1 5 0 
7860478 9774504 11708442 12784034 
4 6 5 3 1 0 2 
7866262 9654224 13268888 11966264 
4 0 1 5 2 3 6 
7874910 10034234 12191128 12001098 
4 6 3 1 0 5 2 
7877054 9981050 13644492 11663702 
2 1 6 3 0 5 4 
7878606 9691076 12007394 12100574 
4 2 3 1 0 5 6 
7893818 10336648 13088924 11641086 
4 1 5 0 3 6 2 
7894774 10063808 11597814 12602870 
2 1 6 4 0 5 3 
7903092 9857948 11629220 13355648 
1 4 5 0 3 6 2 
7908446 10169110 11488298 12927742 
4 2 0 3 1 5 6 
7912642 9664198 12929246 11837346 
4 3 6 0 5 1 2 
7920878 9925200 12998770 11697554 
4 3 5 1 0 6 2 
7925916 9758396 12636840 11935154 
4 3 0 6 1 5 2 
7946684 9668204 12813894 11951642 
4 1 0 6 3 2 5 
7960344 9724160 12121492 11879474 
4 2 3 0 5 1 6 
7965568 9799340 12914662 11480936 
4 3 6 1 0 5 2 
7999860 9169200 12869200 11595662 
2 4 3 0 5 1 6 
8012992 8989386 13015882 12349930 
3 4 5 1 0 6 2 
8032582 9656312 12365048 12993752 
4 6 1 5 0 3 2 
8038614 9673280 12619816 11778690 
2 6 0 3 1 5 4 
8050046 10504252 12534600 11521092 
1 4 2 6 3 0 5 
8055678 10082664 11208258 13003604 
4 1 2 5 3 0 6 
8056688 9148368 11991984 12170034 
4 1 5 2 3 6 0 
8061138 9781708 11969622 12241578 
6 4 0 1 3 5 2 
8076948 10209756 12014668 12088214 
2 5 4 1 6 0 3 
8078002 10240592 11694674 12252156 
1 4 5 2 3 6 0 
8085790 9641058 11904758 13141070 
4 3 6 5 1 0 2 
8086656 9391372 12775996 11585704 
5 2 1 4 0 6 3 
8090502 9875780 11716372 12738218 
4 0 2 6 3 1 5 
8096446 9917474 11455976 12608990 
1 0 4 5 2 3 6 
8115940 10490436 11587560 12281760 
2 1 4 3 0 5 6 
8118480 9996842 11994932 11965084 
1 4 0 6 3 2 5 
8128014 9624448 11778694 12723980 
2 4 3 1 5 0 6 
8131668 9220126 12856262 12167496 
2 4 0 3 1 5 6 
8134690 10216400 12270008 11551604 
4 5 2 3 6 0 1 
8154110 9552470 11942898 12211978 
4 3 5 0 1 6 2 
8166218 9598204 11879774 11687314 
4 1 2 6 3 0 5 
8172024 9527236 11300712 12121034 
4 1 6 0 3 5 2 
8174254 9390852 11963806 12265202 
4 3 0 5 1 2 6 
8185836 9368228 11963328 12841766 
2 4 5 3 1 0 6 
8203866 10248954 11823350 11751866 
4 2 3 5 0 1 6 
8233844 9827966 12330856 11569886 
2 6 3 0 5 1 4 
8241148 9034744 12898954 12126310 
2 4 1 3 0 5 6 
8253404 10038124 12316562 11655942 
4 6 3 5 0 1 2 
8261720 9290336 13093256 11556790 
6 4 1 0 5 3 2 
8277176 9522062 12105656 12082718 
2 4 3 5 0 1 6 
8304694 9082544 12298150 12329264 
2 6 3 1 5 0 4 
8343084 9333746 12661772 11957268 
2 5 6 4 0 1 3 
8365178 9416444 11721204 12621790 
2 4 1 3 5 0 6 
8374252 9753112 12401342 11629278 
4 6 3 1 5 0 2 
8419328 9170316 13107384 11400214 
4 6 1 0 5 3 2 
8423282 9317470 12092742 11442020 
6 4 3 1 5 0 2 
8446078 9109610 12918116 11930552 
4 3 6 0 1 5 2 
8459906 8894096 12215622 11354878 
4 6 5 0 3 1 2 
8495472 9793304 11822320 11836330 
1 3 0 6 4 2 5 
8505016 9493946 11776212 12434486 
4 6 3 0 5 1 2 
8567908 8975566 12529222 11217600 
5 2 4 1 0 6 3 
8604150 10387570 11368986 12075896 
5 0 4 1 2 6 3 
8661206 10722806 11181514 12366540 
4 2 0 5 1 3 6 
8686752 9077080 12133086 11798534 
4 2 1 5 0 3 6 
8688834 8967326 11946768 11539642 
2 6 1 3 5 0 4 
8700740 9705780 12121540 11385818 
4 1 6 2 3 5 0 
8833242 9139852 11846722 12321894 
4 2 0 1 5 3 6 
8840114 8700538 12827072 11693162 
3 6 5 0 1 4 2 
9053640 9459580 11591250 12341236 
6 3 4 0 1 5 2 
9106100 9216414 12001442 11452308 
6 2 0 1 5 3 4 
9150324 8700938 12623424 11946436 
5 0 4 3 2 6 1 
9303784 9928924 11739706 11834890 
5 0 6 3 2 4 1 
9622928 9790114 11798962 11967972 
