120 4
2 0 3 1 4 
3876462 2990398 2990398 2990398 
2 0 3 4 1 
3940322 2926538 2926538 2926538 
2 1 3 0 4 
3949792 2917068 2917068 2917068 
3 0 2 4 1 
3995138 2871722 2871722 2871722 
2 1 3 4 0 
4014492 2852368 2852368 2852368 
3 0 2 1 4 
4015278 2851582 2851582 2851582 
3 1 2 0 4 
4116128 2750732 2750732 2750732 
2 4 3 0 1 
4127272 2739588 2739588 2739588 
2 4 3 1 0 
4128112 2738748 2738748 2738748 
3 1 2 4 0 
4154620 2712240 2712240 2712240 
3 4 2 0 1 
4169608 2697252 2697252 2697252 
3 4 2 1 0 
4228240 2638620 2638620 2638620 
1 4 3 2 0 
4271840 2595020 2595020 2595020 
4 1 3 2 0 
4302058 2564802 2564802 2564802 
1 2 3 4 0 
4330830 2536030 2536030 2536030 
0 3 1 2 4 
4331504 2535356 2535356 2535356 
0 2 1 3 4 
4338584 2528276 2528276 2528276 
0 3 4 2 1 
4344312 2522548 2522548 2522548 
0 2 3 4 1 
4389798 2477062 2477062 2477062 
1 2 0 4 3 
4390396 2476464 2476464 2476464 
3 0 4 1 2 
4392560 2474300 2474300 2474300 
1 2 0 3 4 
4392948 2473912 2473912 2473912 
0 2 4 3 1 
4407642 2459218 2459218 2459218 
4 1 3 0 2 
4408922 2457938 2457938 2457938 
1 3 0 2 4 
4413388 2453472 2453472 2453472 
4 0 3 2 1 
4417032 2449828 2449828 2449828 
3 1 4 0 2 
4426810 2440050 2440050 2440050 
1 3 0 4 2 
4426948 2439912 2439912 2439912 
4 1 2 3 0 
4434356 2432504 2432504 2432504 
2 1 4 0 3 
4440160 2426700 2426700 2426700 
0 3 1 4 2 
4444520 2422340 2422340 2422340 
0 4 3 2 1 
4444768 2422092 2422092 2422092 
4 0 3 1 2 
4449552 2417308 2417308 2417308 
2 0 4 1 3 
4472130 2394730 2394730 2394730 
4 2 3 1 0 
4474668 2392192 2392192 2392192 
0 2 3 1 4 
4484942 2381918 2381918 2381918 
0 2 1 4 3 
4493280 2373580 2373580 2373580 
4 3 0 1 2 
4497140 2369720 2369720 2369720 
3 4 1 0 2 
4497336 2369524 2369524 2369524 
1 2 3 0 4 
4500318 2366542 2366542 2366542 
3 0 4 2 1 
4515944 2350916 2350916 2350916 
3 0 1 4 2 
4530316 2336544 2336544 2336544 
1 4 3 0 2 
4537708 2329152 2329152 2329152 
0 3 2 4 1 
4538586 2328274 2328274 2328274 
4 2 3 0 1 
4549012 2317848 2317848 2317848 
1 4 0 2 3 
4558656 2308204 2308204 2308204 
4 3 2 1 0 
4569856 2297004 2297004 2297004 
0 3 4 1 2 
4572972 2293888 2293888 2293888 
4 0 2 3 1 
4573926 2292934 2292934 2292934 
1 4 0 3 2 
4574768 2292092 2292092 2292092 
4 3 0 2 1 
4578272 2288588 2288588 2288588 
3 4 0 1 2 
4578652 2288208 2288208 2288208 
1 4 2 3 0 
4581138 2285722 2285722 2285722 
4 1 2 0 3 
4588608 2278252 2278252 2278252 
1 0 3 2 4 
4609348 2257512 2257512 2257512 
1 2 4 3 0 
4613094 2253766 2253766 2253766 
1 3 4 2 0 
4615984 2250876 2250876 2250876 
2 0 4 3 1 
4618022 2248838 2248838 2248838 
4 2 0 1 3 
4620338 2246522 2246522 2246522 
2 1 4 3 0 
4625268 2241592 2241592 2241592 
4 3 2 0 1 
4630096 2236764 2236764 2236764 
3 1 4 2 0 
4633098 2233762 2233762 2233762 
1 3 2 4 0 
4643018 2223842 2223842 2223842 
3 1 0 4 2 
4645882 2220978 2220978 2220978 
4 2 0 3 1 
4654082 2212778 2212778 2212778 
0 3 2 1 4 
4654230 2212630 2212630 2212630 
0 4 2 3 1 
4656886 2209974 2209974 2209974 
0 2 4 1 3 
4657482 2209378 2209378 2209378 
0 4 1 3 2 
4667220 2199640 2199640 2199640 
0 1 3 2 4 
4667302 2199558 2199558 2199558 
4 0 2 1 3 
4667938 2198922 2198922 2198922 
3 0 1 2 4 
4673840 2193020 2193020 2193020 
2 1 0 4 3 
4703302 2163558 2163558 2163558 
1 0 3 4 2 
4705728 2161132 2161132 2161132 
0 4 1 2 3 
4708900 2157960 2157960 2157960 
0 4 3 1 2 
4711476 2155384 2155384 2155384 
4 1 0 3 2 
4712190 2154670 2154670 2154670 
2 4 0 1 3 
4732322 2134538 2134538 2134538 
4 3 1 0 2 
4747168 2119692 2119692 2119692 
2 4 1 0 3 
4748186 2118674 2118674 2118674 
2 0 1 4 3 
4751136 2115724 2115724 2115724 
3 4 1 2 0 
4754956 2111904 2111904 2111904 
4 1 0 2 3 
4759578 2107282 2107282 2107282 
4 3 1 2 0 
4768060 2098800 2098800 2098800 
3 4 0 2 1 
4777640 2089220 2089220 2089220 
1 2 4 0 3 
4780030 2086830 2086830 2086830 
3 2 4 0 1 
4797044 2069816 2069816 2069816 
4 2 1 3 0 
4805170 2061690 2061690 2061690 
1 3 4 0 2 
4805428 2061432 2061432 2061432 
3 1 0 2 4 
4813678 2053182 2053182 2053182 
3 2 1 0 4 
4814090 2052770 2052770 2052770 
1 3 2 0 4 
4818902 2047958 2047958 2047958 
2 1 0 3 4 
4823710 2043150 2043150 2043150 
1 4 2 0 3 
4830894 2035966 2035966 2035966 
2 0 1 3 4 
4833168 2033692 2033692 2033692 
2 3 4 0 1 
4835792 2031068 2031068 2031068 
0 1 3 4 2 
4838866 2027994 2027994 2027994 
0 1 2 3 4 
4843670 2023190 2023190 2023190 
4 2 1 0 3 
4845770 2021090 2021090 2021090 
3 2 0 1 4 
4853078 2013782 2013782 2013782 
2 3 4 1 0 
4875008 1991852 1991852 1991852 
3 2 4 1 0 
4879948 1986912 1986912 1986912 
2 3 0 1 4 
4883550 1983310 1983310 1983310 
3 2 0 4 1 
4884270 1982590 1982590 1982590 
1 0 2 3 4 
4907492 1959368 1959368 1959368 
0 1 4 3 2 
4923062 1943798 1943798 1943798 
3 2 1 4 0 
4928186 1938674 1938674 1938674 
0 1 4 2 3 
4944242 1922618 1922618 1922618 
2 4 0 3 1 
4947422 1919438 1919438 1919438 
2 4 1 3 0 
4964126 1902734 1902734 1902734 
0 4 2 1 3 
4965274 1901586 1901586 1901586 
2 3 1 0 4 
4966338 1900522 1900522 1900522 
2 3 0 4 1 
4978242 1888618 1888618 1888618 
1 0 2 4 3 
4981364 1885496 1885496 1885496 
4 0 1 3 2 
5002848 1864012 1864012 1864012 
0 1 2 4 3 
5036414 1830446 1830446 1830446 
4 0 1 2 3 
5064340 1802520 1802520 1802520 
1 0 4 2 3 
5098760 1768100 1768100 1768100 
2 3 1 4 0 
5100246 1766614 1766614 1766614 
1 0 4 3 2 
5121268 1745592 1745592 1745592 
