71 2
6 0 3 5 2 1 4 
5675424 13010794 
5 3 4 1 2 0 6 
5725780 12568500 
5 2 4 1 3 0 6 
5863898 12423590 
2 3 4 1 5 0 6 
5871466 12385642 
5 6 4 1 2 0 3 
5917950 12357730 
5 6 4 1 3 0 2 
5926746 12319036 
2 6 4 1 5 0 3 
6019544 12286416 
0 6 4 1 2 5 3 
6025386 12158416 
0 6 4 1 5 2 3 
6075324 12113008 
5 3 4 1 6 0 2 
6206242 12012456 
5 3 4 6 2 0 1 
6210946 12000030 
2 5 4 1 3 0 6 
6238842 11896190 
5 6 1 4 0 3 2 
6379362 11754996 
0 2 4 1 6 5 3 
6407900 11745526 
5 1 4 6 3 0 2 
6458426 11655982 
0 6 1 4 5 2 3 
6493974 11624832 
1 2 5 3 0 4 6 
6517152 11610282 
2 1 4 6 3 0 5 
6530204 11558496 
3 1 6 4 5 2 0 
6534806 11545758 
2 5 4 1 6 0 3 
6605534 11541776 
0 2 4 3 6 5 1 
6640336 11400168 
2 5 4 3 6 0 1 
6649406 11397106 
0 5 4 3 6 2 1 
6665382 11277698 
0 1 6 4 5 2 3 
6789220 11249982 
2 5 4 3 1 0 6 
6848758 11129654 
2 3 4 5 6 0 1 
6873018 11121626 
6 1 3 5 4 0 2 
6878812 11098402 
2 1 6 4 0 3 5 
6916394 11040164 
4 1 5 3 2 6 0 
6971202 10927670 
4 1 2 3 5 6 0 
7061306 10909370 
2 3 4 5 1 0 6 
7068698 10860582 
5 1 6 4 0 3 2 
7131372 10846656 
1 6 5 3 2 4 0 
7157558 10842636 
0 5 2 3 1 6 4 
7164450 10794068 
2 1 3 4 0 6 5 
7190854 10752704 
0 5 1 3 6 2 4 
7205712 10598012 
0 2 1 3 6 5 4 
7302556 10586760 
0 5 6 3 1 2 4 
7332704 10508448 
5 3 1 2 4 0 6 
7370308 10455548 
0 5 6 3 4 2 1 
7408890 10422056 
2 3 1 5 4 0 6 
7432436 10291816 
2 1 3 5 4 0 6 
7532292 10250154 
6 1 5 3 0 4 2 
7577496 10214332 
5 1 3 2 4 0 6 
7660038 10211780 
2 3 6 5 4 0 1 
7684344 10132334 
2 5 1 3 4 0 6 
7703154 10118810 
0 3 1 5 6 2 4 
7772602 10005808 
0 3 6 5 1 2 4 
7891110 9923888 
1 3 5 6 0 4 2 
7976398 9916646 
6 3 5 1 0 4 2 
8012690 9750028 
6 3 2 1 0 4 5 
8101106 9705216 
5 1 3 2 6 0 4 
8139256 9687984 
0 1 3 5 6 2 4 
8204530 9579606 
5 3 6 2 1 0 4 
8315700 9579548 
6 5 1 2 4 0 3 
8376508 9469376 
4 5 1 3 6 2 0 
8422280 9427898 
0 1 5 3 6 2 4 
8482276 9260820 
0 1 2 5 6 3 4 
8687482 9243800 
0 1 5 2 3 6 4 
8735846 9233936 
6 3 1 2 0 4 5 
8762302 9183390 
4 5 1 2 6 3 0 
8803302 9159906 
0 3 5 6 1 2 4 
8964730 9126466 
5 1 3 0 6 2 4 
8977812 9031730 
1 3 6 2 0 4 5 
9007658 8964180 
0 1 5 2 6 3 4 
9019478 8907670 
2 1 5 6 3 0 4 
9126862 8864094 
0 1 5 6 3 2 4 
9134142 8846526 
0 1 2 6 3 5 4 
9265910 8785924 
5 1 2 6 3 0 4 
9315302 8700698 
2 1 0 3 6 5 4 
9649232 8541832 
5 1 0 3 6 2 4 
9675098 8433928 
