25 4
6 0 2 3 4 5 1 
9791876 11251630 11613334 10697280 
0 6 2 3 4 5 1 
9859510 11218940 11856876 10496178 
6 0 5 3 4 2 1 
9930508 10914532 11536384 10620926 
1 4 0 5 2 6 3 
9993924 12164192 12241492 10226596 
5 2 6 1 4 0 3 
10000560 10981884 12131766 10508274 
3 5 4 1 6 0 2 
10010102 11361942 12513152 10464984 
1 4 5 2 6 3 0 
10018466 11697010 12136944 10449064 
6 0 1 3 5 4 2 
10026826 11589538 11781104 10563606 
3 2 6 0 4 1 5 
10056636 11468868 12162782 10164198 
2 5 0 1 4 6 3 
10081848 11388922 11680522 9921210 
4 0 5 2 6 3 1 
10157528 10756710 11062056 10958328 
4 3 0 6 2 1 5 
10171324 11007342 11244572 10736470 
4 1 5 2 6 3 0 
10185654 11246784 10664570 10640984 
6 1 4 5 2 3 0 
10218844 12430522 12435316 9697396 
2 5 0 1 3 6 4 
10222874 11751144 11822018 9835462 
6 1 2 5 4 3 0 
10245144 11332074 11208252 10459704 
3 5 0 1 2 6 4 
10287572 11853968 12027180 9720920 
3 2 4 0 6 1 5 
10302908 12005818 11260740 9799544 
2 6 5 4 1 3 0 
10410234 12185494 11138678 10203956 
4 0 3 2 6 5 1 
10431832 11068008 10866260 11217056 
4 5 0 6 2 1 3 
10479500 10824190 11524286 10895282 
6 1 3 5 4 2 0 
10576344 11295068 10956748 10571640 
4 1 6 5 3 2 0 
10623526 12949792 12002426 9756046 
5 6 3 4 1 2 0 
11557512 12137296 10628144 12467854 
5 4 6 3 1 2 0 
11927396 12728276 10519432 12387022 
