60 4
1 3 0 2 4 
3110898 3136576 2859894 3741198 
3 1 2 0 4 
3114102 3127688 2962464 4199482 
4 2 0 3 1 
3189858 3106452 2972580 3480464 
0 3 1 2 4 
3204868 3038288 2745160 3917978 
4 3 0 2 1 
3227552 3109090 2976392 3366102 
0 2 1 3 4 
3231508 3133850 2718616 3770374 
3 2 4 0 1 
3255684 3008168 3319838 4267830 
1 2 0 3 4 
3279954 3279438 2808582 3503810 
2 1 3 0 4 
3293598 3033638 2788952 3947086 
2 0 3 1 4 
3308960 3098252 2780476 3723860 
0 3 4 2 1 
3313960 2772666 2666814 3695824 
0 2 4 3 1 
3340850 2791478 2651770 3769470 
2 3 0 4 1 
3366738 3077800 3292300 3398842 
2 3 0 1 4 
3432598 2879948 3096430 3625026 
4 2 1 3 0 
3456506 2928834 2800306 3360280 
1 3 4 2 0 
3486810 2640532 2617186 3551080 
4 3 1 2 0 
3494372 2878668 2812030 3398138 
1 0 3 2 4 
3606802 3083224 3029040 3314738 
4 0 2 3 1 
3615828 3371892 3064476 3167222 
0 4 2 3 1 
3652962 2753110 2795712 3506770 
1 2 4 3 0 
3655944 2759448 2569462 3382722 
3 1 4 0 2 
3662328 2704642 2608796 3957096 
0 4 3 2 1 
3663396 2656394 2769338 3376540 
4 0 3 1 2 
3668874 2828544 2710180 3365642 
1 0 2 3 4 
3702168 3169278 3052596 3145496 
4 0 3 2 1 
3725712 3281338 3054170 2966714 
4 3 0 1 2 
3798572 3216240 2780704 3339528 
4 1 2 3 0 
3818100 3255614 2794308 3099830 
3 0 4 1 2 
3820402 2725684 2589168 3906046 
1 4 3 2 0 
3839054 2805060 2605986 3265492 
1 3 2 4 0 
3883568 2640300 2705428 3664230 
4 1 3 0 2 
3898304 2936202 2662416 3172396 
4 0 2 1 3 
3913132 2944026 2565536 3540764 
2 4 1 3 0 
3921974 3444406 3120898 2876526 
0 3 2 4 1 
3953734 2767106 2770744 3371190 
2 1 4 3 0 
3969680 3631954 3042886 2857464 
1 4 2 3 0 
3969832 2898680 2641476 3141334 
1 4 0 2 3 
3970562 3233500 2557950 3980674 
0 2 3 4 1 
3991058 2689202 2729326 3314606 
4 1 3 2 0 
4006072 3181744 2810318 2998738 
1 2 0 4 3 
4052422 3404106 2527718 3441362 
0 3 4 1 2 
4074912 3520606 2905388 2962076 
2 1 4 0 3 
4085910 2778878 2282728 3727602 
2 0 4 1 3 
4101740 2699816 2295780 3918556 
1 3 2 0 4 
4105370 3154258 3018896 3132198 
4 1 2 0 3 
4142390 3104488 2509860 3195298 
1 4 3 0 2 
4143820 3247492 2819912 2766826 
0 3 2 1 4 
4148550 3004324 2869720 3117232 
2 4 1 0 3 
4208532 2743234 2400972 3631232 
1 3 4 0 2 
4213772 3459492 2930836 2766290 
0 4 3 1 2 
4214156 3216878 2958264 2785240 
0 2 3 1 4 
4299124 3027420 2855052 2983898 
2 4 0 1 3 
4370214 2736984 2438134 3709990 
4 2 1 0 3 
4408654 3337652 2664160 3030246 
2 0 1 4 3 
4482482 2753424 2365856 3686142 
0 4 2 1 3 
4506462 3252800 2784604 2973856 
0 2 4 1 3 
4517792 3579624 2717060 3017358 
1 4 2 0 3 
4541906 3160778 2574356 2832978 
2 1 0 4 3 
4628334 2826236 2389966 3573946 
1 2 4 0 3 
4685548 3429586 2610412 2764296 
