26 3
3 5 1 2 4 0 
6816306 7173958 7395100 
3 0 1 2 4 5 
6865008 7329304 7128066 
5 0 1 4 2 3 
6922436 7147940 7270436 
5 3 1 4 2 0 
6990970 6987878 7440470 
2 0 1 3 5 4 
7047694 7009142 6436094 
3 1 5 2 4 0 
7057074 6213346 7981406 
2 5 1 3 0 4 
7080500 6865338 5980634 
2 4 1 3 5 0 
7156190 6414680 7075074 
3 4 1 2 0 5 
7173650 6765330 6159342 
3 1 0 2 4 5 
7213530 6070362 7403536 
2 4 1 3 0 5 
7307562 6329134 6516252 
5 2 1 4 0 3 
7313816 6803006 5800130 
4 2 1 5 0 3 
7357214 6657662 6512508 
3 1 4 2 0 5 
7449646 5539516 6551194 
5 3 1 4 0 2 
7529176 6571112 6103034 
4 1 3 5 0 2 
7571442 5996356 6243718 
3 5 2 1 0 4 
7708104 6674336 5906456 
2 5 3 1 0 4 
7716398 5965462 5463906 
3 4 2 1 0 5 
7722360 5885204 6036756 
5 2 4 1 0 3 
7735818 5514938 5973028 
2 0 3 1 5 4 
7860384 6709670 5340200 
4 3 5 1 0 2 
7962216 6081128 5369162 
2 0 5 1 3 4 
8010588 6900354 5308966 
2 5 0 1 3 4 
8082394 6223998 5248742 
4 3 0 1 5 2 
8268728 6202404 5135504 
4 2 0 1 5 3 
8507578 6162794 5357802 
