60 2
2 5 4 3 0 1 
4656100 10908166 
1 5 4 3 0 2 
4743184 10783644 
4 2 1 0 3 5 
4816816 10771200 
2 5 4 3 1 0 
4833186 10751592 
0 5 3 4 1 2 
4863552 10634802 
1 5 4 0 3 2 
4963566 10599796 
0 5 3 4 2 1 
5000362 10490592 
2 5 4 0 3 1 
5120482 10473118 
5 2 1 0 4 3 
5122734 10464460 
1 5 4 3 2 0 
5125042 10388954 
1 5 3 4 0 2 
5136428 10296126 
2 5 3 4 0 1 
5194574 10266676 
3 2 0 1 4 5 
5250330 10188030 
4 2 0 1 3 5 
5345074 10082162 
5 2 0 1 3 4 
5377370 10067754 
3 2 0 1 5 4 
5429320 9971810 
5 0 2 1 4 3 
5496560 9911436 
1 4 5 3 0 2 
5564818 9899044 
4 0 2 1 5 3 
5578254 9786584 
0 5 4 3 2 1 
5638224 9764358 
3 2 1 0 4 5 
5685216 9757222 
1 3 4 5 2 0 
5715352 9734652 
3 1 0 2 5 4 
5738346 9712388 
5 0 1 4 2 3 
5805272 9705994 
1 5 0 4 3 2 
5809168 9554646 
4 2 3 1 0 5 
5859820 9517876 
3 2 1 0 5 4 
5888788 9507036 
1 3 5 4 2 0 
5896892 9455752 
2 3 5 4 1 0 
5928228 9440272 
4 1 0 2 3 5 
5999886 9431824 
5 3 1 4 2 0 
6032360 9398830 
3 5 4 0 1 2 
6064520 9340496 
5 3 2 4 1 0 
6094086 9307262 
0 5 1 4 3 2 
6120064 9284348 
1 3 5 4 0 2 
6166062 9252390 
0 2 1 3 4 5 
6200238 9210636 
0 4 5 3 1 2 
6229586 9148066 
2 3 5 4 0 1 
6267328 9112060 
2 5 0 3 4 1 
6322582 9071198 
3 2 4 1 0 5 
6363062 8995672 
1 5 0 3 4 2 
6398456 8956352 
0 4 5 3 2 1 
6410342 8916902 
3 1 2 0 5 4 
6468168 8890868 
5 0 4 1 2 3 
6498856 8817076 
0 5 2 3 4 1 
6596528 8773168 
2 3 1 4 5 0 
6609664 8713938 
4 0 5 1 2 3 
6629070 8619400 
3 2 5 1 0 4 
6739662 8567132 
1 4 0 3 5 2 
6865124 8484452 
1 3 2 5 4 0 
6871766 8472332 
0 4 2 3 5 1 
6887390 8458228 
3 2 5 0 1 4 
6924032 8437530 
4 0 5 2 1 3 
6931450 8358026 
4 3 5 2 1 0 
7045614 8293302 
3 1 5 2 0 4 
7071208 8279750 
3 1 5 0 2 4 
7125218 8234426 
1 4 2 5 3 0 
7265258 8219056 
0 1 5 3 4 2 
7347800 8205340 
4 1 5 2 3 0 
7389954 8133404 
4 1 5 2 0 3 
7447996 7947328 
