348 4
5 1 3 2 4 0 
6129362 8948152 9772842 9810212 
4 1 2 3 5 0 
6180180 8795490 9531260 9761652 
4 1 2 3 0 5 
6202806 8669778 9452296 9838676 
3 1 5 4 2 0 
6214072 8863706 9757578 9697050 
4 2 3 1 0 5 
6261514 8922708 9878760 9604616 
5 1 0 2 4 3 
6262802 8780080 10111508 9638292 
5 2 3 1 4 0 
6280208 8930758 9730304 9697244 
0 1 3 2 4 5 
6288548 8723406 9635040 9651506 
0 1 5 2 4 3 
6304696 8767226 9916134 9531320 
3 1 0 4 2 5 
6322964 8708262 9952238 9596260 
4 3 2 1 0 5 
6329394 8930074 9490884 9487138 
2 1 4 5 3 0 
6360196 8606318 9430112 9589696 
4 3 2 1 5 0 
6372778 8923766 9484896 9531228 
4 2 5 1 0 3 
6390628 8761684 9893764 9544776 
4 1 5 2 0 3 
6445236 8532934 10031600 9660460 
0 2 3 1 4 5 
6467192 8707488 9623990 9513938 
5 1 2 3 0 4 
6492742 8431886 9456190 9572740 
2 4 5 1 0 3 
6493806 8717854 9568668 9339266 
3 1 5 2 4 0 
6500016 8565640 9379046 9333886 
2 5 4 1 3 0 
6510434 8772418 9380470 9312970 
4 1 2 5 0 3 
6520222 8168576 9108322 9460822 
5 3 2 1 0 4 
6521924 8687010 9384442 9307402 
4 1 0 3 5 2 
6533088 8267346 9907532 9430110 
0 1 3 4 2 5 
6578396 8510752 9481348 9228206 
3 1 0 2 4 5 
6617308 8353748 9436618 9282152 
4 1 5 3 0 2 
6619462 8055382 9721556 9404076 
2 1 4 3 0 5 
6620812 8148436 8977922 9378704 
0 1 5 4 2 3 
6625344 8347596 9259786 9287892 
4 1 2 5 3 0 
6628526 8371660 9097750 9183572 
0 1 2 3 5 4 
6643734 8267908 9219904 9312082 
2 1 0 5 3 4 
6643762 8146394 9724500 9322528 
2 5 4 1 0 3 
6644248 8645098 9177882 9068114 
5 1 3 4 2 0 
6646682 8466362 9231070 9159440 
4 2 1 3 5 0 
6685642 8375772 9121906 8952686 
4 5 2 1 0 3 
6696008 8512536 9087762 9123570 
0 1 4 3 5 2 
6702226 8272600 9478860 9184344 
5 2 3 1 0 4 
6703988 8373980 9114822 9144688 
2 1 4 3 5 0 
6715114 8250292 8943318 9153840 
4 3 2 5 0 1 
6757434 8077526 9030818 9022034 
2 1 4 0 3 5 
6767358 8038068 9101840 9196060 
2 3 4 1 0 5 
6774130 8419532 8999500 9046066 
3 1 5 4 0 2 
6780274 8051750 8964360 9407838 
4 2 1 5 0 3 
6787924 8020872 8837106 9022292 
4 1 3 5 0 2 
6797040 7741248 9216272 9216282 
4 1 2 0 5 3 
6802614 7914870 8996438 9118850 
3 4 5 1 0 2 
6808358 8354754 9100398 9012570 
2 5 4 3 0 1 
6836952 8142012 8951360 8877454 
4 2 0 3 5 1 
6850356 8079532 9609624 8844066 
4 2 1 3 0 5 
6864232 8059410 8840976 8849392 
4 2 3 5 0 1 
6877678 7849096 9256190 8876358 
2 1 5 3 0 4 
6883216 7708100 9080962 9125938 
3 1 5 2 0 4 
6885004 7815196 8765808 9178226 
0 1 4 5 3 2 
6887554 7989428 9043964 9079954 
2 4 1 5 3 0 
6887886 8177278 9022554 8754354 
5 3 0 2 4 1 
6889988 8328730 9548096 8643650 
2 4 0 5 3 1 
6899404 8082242 9534150 8736168 
5 3 1 2 4 0 
6905926 8287454 8893204 8644058 
3 5 0 4 2 1 
6912806 8273450 9400108 8650656 
3 5 1 4 2 0 
6920966 8326782 8998736 8555284 
2 0 4 5 3 1 
6925060 8269656 9036258 8627018 
2 5 4 0 3 1 
6925928 8033462 9056492 8791770 
4 1 2 0 3 5 
6933544 7992242 8906902 8918624 
5 1 3 4 0 2 
6935180 7711064 8707576 9221348 
4 3 1 5 0 2 
6944498 7821974 8719684 8923428 
4 3 2 0 5 1 
6985296 7825542 8901140 8771902 
3 2 5 1 0 4 
6999444 8052922 8819460 8912942 
4 0 2 3 5 1 
7000362 8131960 8842926 8597916 
4 1 0 5 3 2 
7001384 7709452 9148438 8968538 
4 5 1 3 0 2 
7004420 7879594 8806842 8807494 
2 1 3 5 0 4 
7006586 7637902 9242190 9031776 
2 1 0 3 5 4 
7009530 7717456 9060634 8950036 
3 4 5 2 0 1 
7012444 7860064 8844102 8870452 
4 3 1 2 0 5 
7034704 8117000 8871094 8743758 
2 1 5 0 3 4 
7035512 7559092 9111040 8976874 
3 1 4 2 0 5 
7036520 7676044 8872912 8942248 
4 2 1 0 5 3 
7040796 7809232 8817964 8683764 
0 1 3 2 5 4 
7047614 7738220 8636242 9056646 
2 1 4 0 5 3 
7065164 7873224 8774960 8854206 
5 1 2 4 0 3 
7072282 7558904 8809770 8977144 
0 1 2 3 4 5 
7077076 7653134 8676054 9075918 
5 2 1 4 0 3 
7079374 7711960 8561184 8935004 
4 2 5 3 0 1 
7083100 7726610 9275064 8643618 
4 1 3 0 5 2 
7087632 7432438 8970564 8922198 
5 0 3 2 4 1 
7089888 8230730 8976954 8375342 
3 0 5 4 2 1 
7102232 8164866 8957388 8372356 
2 5 1 3 0 4 
7117140 7717016 8563554 8698668 
3 4 1 2 0 5 
7125388 7742180 8401568 8832070 
2 4 5 3 0 1 
7129578 7694120 8959418 8528828 
0 3 2 1 4 5 
7138000 7977942 8720402 8692412 
4 0 2 1 3 5 
7144888 8419576 8797588 8520966 
4 2 3 0 5 1 
7144900 7541024 9002856 8621634 
2 4 1 3 0 5 
7147362 7709460 8468572 8602808 
0 3 1 2 4 5 
7155230 7952500 8518340 8384328 
0 1 5 4 3 2 
7160312 7571190 8535974 8995610 
1 0 4 3 5 2 
7162692 8243314 9058572 8343226 
0 3 5 2 4 1 
7163204 8016248 9081794 8357016 
4 3 1 0 5 2 
7166210 7611318 8690374 8637380 
4 0 1 3 5 2 
7188556 7900056 8731480 8374994 
2 3 1 5 0 4 
7196434 7666788 8634092 8691402 
2 5 1 0 3 4 
7196716 7671634 8822094 8558088 
0 5 3 2 4 1 
7213998 7969376 8826700 8362304 
3 0 1 4 2 5 
7219284 8062754 8750676 8176194 
0 5 1 2 4 3 
7222172 7949448 8544340 8269430 
3 2 1 4 0 5 
7225212 7644194 8502924 8798514 
4 2 1 5 3 0 
7225908 7820956 8399614 8363882 
5 0 1 2 4 3 
7239266 8021382 8660728 8203830 
2 4 5 0 3 1 
7246154 7546240 8977840 8439924 
2 4 1 0 3 5 
7248788 7663388 8734242 8425428 
3 5 1 2 0 4 
7249590 7673320 8237054 8552218 
5 3 1 2 0 4 
7259354 7729396 8369722 8508542 
5 1 3 0 4 2 
7260590 7489966 8904960 8741960 
5 2 1 3 0 4 
7268778 7681358 8543380 8454976 
0 2 1 3 4 5 
7272950 7611774 8462942 8630266 
2 0 4 3 5 1 
7283018 7913534 8550456 8186042 
3 5 4 2 0 1 
7288162 7652052 8786692 8354622 
3 4 1 0 2 5 
7289632 7589552 8701544 8579944 
3 5 0 2 4 1 
7298540 7916050 8914310 8182628 
2 4 1 3 5 0 
7298724 7741566 8360078 8311974 
0 2 1 3 5 4 
7302428 7660798 8407462 8331340 
2 4 0 3 5 1 
7309442 7651906 8884730 8289116 
1 2 3 5 0 4 
7309552 7588132 8821686 8471198 
5 2 1 0 4 3 
7319264 7445406 8610808 8653824 
3 5 1 2 4 0 
7322350 7864214 8257530 8178652 
2 4 1 5 0 3 
7329774 7619178 8421582 8361756 
3 2 1 5 0 4 
7338308 7575054 8481250 8491386 
1 4 0 3 5 2 
7342348 7794294 8989758 8274524 
1 0 3 4 2 5 
7347538 8229382 8991690 8065978 
0 4 1 2 5 3 
7354688 7689442 8387398 8495188 
0 3 1 2 5 4 
7367788 7635364 8227244 8421314 
0 1 3 5 2 4 
7372280 7613278 8925642 8448042 
4 1 5 0 3 2 
7378350 7188678 8716754 8648420 
0 2 1 5 4 3 
7378922 7453886 8393104 8679476 
5 1 2 0 3 4 
7379190 7570120 8645146 8496978 
0 4 3 2 5 1 
7380132 7535246 8482704 8567374 
0 2 3 5 4 1 
7386596 7435326 8891676 8579910 
1 0 5 4 2 3 
7386614 8076786 8772016 8130048 
1 0 2 5 3 4 
7388020 7981574 8866410 8127724 
5 3 1 4 0 2 
7390372 7436646 8184266 8460428 
4 2 0 5 3 1 
7391422 7519340 8874276 8259934 
1 3 4 2 5 0 
7392202 7815896 8751666 8297246 
3 1 4 0 2 5 
7393004 7249474 8568934 8667694 
5 3 2 4 0 1 
7393108 7426478 8591760 8334924 
0 5 3 4 2 1 
7412456 7759608 8643186 8092924 
5 3 4 2 0 1 
7412562 7554348 8891866 8247104 
0 2 4 3 5 1 
7412822 7575314 8720280 8292812 
5 4 2 3 0 1 
7420980 7534682 8536022 8446034 
0 2 3 4 5 1 
7421128 7345424 8471214 8648414 
0 5 1 4 2 3 
7427380 7694320 8250666 8039470 
5 1 2 0 4 3 
7429292 7125454 8491442 8682300 
5 4 1 3 0 2 
7439188 7493986 8414264 8317218 
4 0 2 5 3 1 
7445668 7708226 8408424 8024956 
3 0 5 2 4 1 
7447646 7864922 8598262 7909032 
1 4 0 5 3 2 
7450892 7611064 8754448 8202994 
5 1 0 4 3 2 
7451634 7348068 8369492 8681734 
5 3 1 4 2 0 
7455646 7759494 8249642 7989506 
3 1 0 2 5 4 
7456414 7352232 8360080 8586092 
0 1 3 4 5 2 
7458532 7189990 8279834 8718642 
0 3 1 4 2 5 
7477478 7693676 8262858 7957248 
4 5 2 0 3 1 
7479800 7485472 8407490 8213228 
2 4 3 5 0 1 
7485948 7358302 8824736 8178832 
3 1 4 2 5 0 
7490638 7424972 8409612 8401848 
0 1 3 5 4 2 
7493350 7277702 8722926 8533338 
0 3 4 2 5 1 
7495346 7508196 8774228 8174366 
1 3 4 2 0 5 
7501752 7581364 8549700 8164344 
0 1 2 4 5 3 
7502154 7212326 8472556 8527246 
5 1 3 0 2 4 
7508112 7464006 8668524 8333432 
0 3 5 4 2 1 
7509502 7595808 8433816 8070388 
0 4 3 1 5 2 
7512230 7531794 8388314 8346004 
2 1 3 0 5 4 
7524650 7059956 8608402 8510220 
0 2 1 4 3 5 
7532380 7459506 8173154 8277932 
1 2 5 3 0 4 
7535478 7373378 8588454 8203042 
0 4 1 3 5 2 
7537350 7456290 8233994 8060526 
0 1 4 5 2 3 
7544994 7165874 8225128 8541212 
0 4 1 5 2 3 
7546914 7379400 8162490 8322576 
5 0 3 4 2 1 
7547738 7750818 8415776 7824730 
0 2 1 5 3 4 
7548876 7453616 8186440 8036354 
5 1 4 0 3 2 
7555842 7245532 8445798 8445960 
1 3 5 2 0 4 
7562288 7436056 8391738 8282228 
2 0 1 3 5 4 
7566716 7470358 8143120 8005096 
3 1 2 0 5 4 
7567654 7224420 8491510 8401712 
0 1 2 5 4 3 
7576772 7032582 8266112 8574374 
0 2 5 4 3 1 
7578678 7287706 8264690 8382288 
3 0 1 2 4 5 
7588748 7601194 7999054 7853322 
0 4 2 3 5 1 
7589252 7366114 8287856 8149736 
3 2 1 5 4 0 
7606338 7375408 8250422 8476098 
3 2 5 0 4 1 
7614458 7301894 8604646 8320026 
3 5 4 0 2 1 
7621846 7226202 8475274 8118468 
3 4 1 5 0 2 
7628222 7328546 8151318 8062876 
3 4 1 2 5 0 
7636566 7421358 7864378 8225700 
0 4 1 2 3 5 
7636844 7356788 8053878 8410944 
1 2 3 0 5 4 
7637704 7207970 8464402 8155544 
3 5 1 4 0 2 
7639328 7328826 8008478 8090152 
0 3 1 4 5 2 
7639926 7250214 7990716 8277440 
0 1 5 2 3 4 
7641362 7088236 8201230 8510638 
2 3 1 0 5 4 
7645618 7186996 8216702 8177882 
4 0 1 5 3 2 
7653012 7347634 7984450 7913870 
4 2 1 0 3 5 
7657370 7292954 8099542 7922060 
0 4 1 5 3 2 
7666758 7252804 7974780 7962660 
4 5 1 0 3 2 
7690588 7116516 8030502 8060322 
0 4 2 5 3 1 
7699510 7291316 8341170 7940034 
5 0 1 4 2 3 
7703866 7496110 7989390 7692638 
1 4 3 5 0 2 
7708276 7200684 8364314 7958178 
0 3 2 4 5 1 
7712772 7109174 8330314 8112330 
0 5 1 2 3 4 
7716886 7299658 7919724 8222172 
3 1 2 5 4 0 
7722548 7053944 8338190 8462516 
0 1 4 2 3 5 
7727328 7071444 8371814 8311690 
0 5 1 4 3 2 
7730304 7201564 7827340 8015466 
0 5 1 3 4 2 
7739154 7345360 8204672 7915960 
3 1 2 0 4 5 
7748686 6857126 8248270 8386808 
0 4 5 3 2 1 
7750278 7107212 8512790 8223578 
5 3 1 0 4 2 
7750342 7166300 8273074 7977008 
3 2 1 0 4 5 
7758920 7030006 8051278 8223516 
5 2 1 4 3 0 
7769668 7264564 7823082 8055334 
0 5 2 4 3 1 
7773276 7215256 8333160 7868740 
5 3 2 0 4 1 
7777478 6992164 8282360 7994000 
1 4 5 0 3 2 
7786818 7123770 8331224 7925446 
3 4 2 5 0 1 
7809174 7090418 8374188 7956530 
0 5 2 3 4 1 
7819526 7107724 8100124 7987650 
5 4 1 0 2 3 
7823256 7025512 7995810 8052988 
5 0 1 3 4 2 
7825128 7403518 8309580 7740152 
0 3 1 5 2 4 
7828294 7316850 8089880 7796862 
3 5 2 4 0 1 
7830500 7065878 8370778 7859706 
2 4 1 0 5 3 
7842038 7137394 8024776 7741996 
5 1 4 0 2 3 
7853466 6774906 8055658 8222754 
0 5 4 2 3 1 
7862618 7078358 8365586 7964040 
2 5 4 3 1 0 
7864508 7357846 7877530 7829794 
0 3 2 5 4 1 
7869280 6926844 8150592 8021538 
1 0 2 4 3 5 
7879464 7520000 8506884 7632080 
4 2 5 0 3 1 
7891388 6858346 8286382 7804762 
1 3 4 5 2 0 
7899070 7208320 7917036 7915764 
5 4 1 2 3 0 
7912100 7163862 7746814 8154746 
2 1 0 3 4 5 
7916848 7005980 8056428 8114592 
0 5 1 3 2 4 
7930944 7188326 8003382 7892706 
2 3 4 5 1 0 
7933598 7330822 7863798 7894996 
0 1 4 3 2 5 
7937266 6755242 7943918 8219780 
5 3 4 1 2 0 
7937568 7234968 8012130 7864302 
5 3 2 4 1 0 
7941528 7285258 8137102 7613056 
5 2 4 1 3 0 
7946316 7273348 7995054 7897028 
5 3 2 0 1 4 
7948302 7273766 8249964 7646088 
0 3 4 1 2 5 
7963360 7151330 7976656 7825204 
5 1 4 3 2 0 
7976336 6842324 8052864 8201478 
4 0 1 2 3 5 
7979678 7380302 8004118 7791626 
5 1 4 2 3 0 
7988454 6895798 8101920 8071332 
1 5 3 0 2 4 
7990352 7221750 8431546 7681990 
2 3 5 1 4 0 
7992966 7465124 7941712 7818764 
5 0 4 1 2 3 
7997788 7185904 7990638 7773858 
0 3 4 5 2 1 
7998152 6905426 7946528 7796946 
4 3 2 5 1 0 
7999158 7256274 7750136 7692182 
1 2 4 0 3 5 
8000640 7044366 7981782 7737914 
1 5 4 3 2 0 
8004628 7063760 7915448 7935588 
1 0 3 5 2 4 
8008702 7358452 8458104 7498166 
1 5 4 0 2 3 
8009018 6970890 7897032 7753248 
2 4 3 0 5 1 
8012562 6780086 8193738 7642876 
1 0 4 5 2 3 
8018072 7130168 7796766 7682304 
3 0 1 2 5 4 
8027166 7089478 7441388 7620518 
2 0 5 4 1 3 
8035632 7583658 8337698 7577780 
3 2 1 0 5 4 
8040708 6831550 7695188 7703330 
5 0 2 3 1 4 
8059048 7442184 8131502 7576968 
3 0 4 2 5 1 
8062228 7086390 8010556 7425082 
1 4 3 0 5 2 
8068348 6819514 8017446 7588764 
1 4 2 0 5 3 
8084926 6897366 7970986 7617454 
2 5 4 0 1 3 
8087298 7121976 7780074 7499254 
1 2 5 0 3 4 
8089214 6806290 8034052 7618738 
4 2 3 5 1 0 
8095310 7057294 8006706 7574360 
4 1 0 5 2 3 
8098696 6796154 7902370 7873636 
0 5 4 3 2 1 
8107326 6761058 7949036 7813570 
4 2 3 0 1 5 
8111196 7009730 8028648 7515970 
1 5 2 3 4 0 
8113086 7032948 7682172 7733442 
0 3 2 4 1 5 
8119078 7071102 7999274 7432952 
5 2 3 0 1 4 
8125806 6967234 7994670 7483906 
2 0 5 1 4 3 
8132528 7490424 7910508 7445494 
3 4 5 0 1 2 
8149842 6970142 7984744 7478284 
2 0 4 5 1 3 
8152440 7226150 7674888 7455616 
5 3 1 0 2 4 
8169044 6931090 7814968 7370570 
3 0 5 4 1 2 
8181626 7243412 7751526 7403210 
4 3 2 0 1 5 
8183636 7010598 7626446 7397960 
2 0 4 3 1 5 
8216272 7027512 7511230 7363246 
5 2 1 0 3 4 
8217626 6730672 7536296 7371934 
4 1 5 0 2 3 
8229990 6605020 7788518 7724734 
1 0 5 3 4 2 
8246364 7169556 8223898 7245658 
2 1 3 0 4 5 
8259698 6579630 7827066 7794836 
3 5 2 0 1 4 
8263130 6958466 8081260 7354230 
4 0 2 3 1 5 
8268392 7177636 7478544 7351840 
5 4 2 0 3 1 
8271708 6674044 7713322 7430432 
3 5 4 2 1 0 
8274032 6908774 7762528 7343518 
1 3 4 0 2 5 
8289012 6706162 7618530 7422744 
5 4 1 0 3 2 
8302916 6545988 7379404 7377536 
5 0 2 4 3 1 
8311342 6820738 7706246 7170866 
1 3 5 0 2 4 
8315498 6789670 8016264 7341776 
5 0 1 4 3 2 
8328886 6725866 7185912 7283890 
3 5 1 0 4 2 
8334346 6709544 7609470 7243474 
5 0 3 4 1 2 
8360564 6883750 7468822 7192624 
5 3 4 0 2 1 
8362302 6486906 7683496 7343024 
3 4 1 0 5 2 
8362542 6584034 7375672 7221060 
5 2 4 0 3 1 
8363070 6534140 7670866 7373812 
0 5 4 2 1 3 
8411862 6767280 7818474 7208320 
3 0 5 2 1 4 
8417816 6861000 7479732 7205524 
5 3 4 2 1 0 
8429856 6783998 7830614 7198464 
3 0 1 5 4 2 
8448162 6791926 7550138 7170726 
2 0 5 3 1 4 
8454028 6714840 7751414 7125648 
0 5 3 4 1 2 
8466854 6684424 7411118 7172260 
0 2 5 3 1 4 
8484460 6623040 7723436 7137492 
3 0 1 4 5 2 
8487464 6666696 7173500 7175588 
5 4 2 0 1 3 
8492634 6510980 7527222 7267842 
2 5 3 0 1 4 
8494992 6576964 7901692 7187140 
5 0 2 4 1 3 
8499148 6723914 7562770 6947508 
4 3 1 5 2 0 
8503886 6679310 7004926 7142262 
0 4 3 5 1 2 
8514506 6508096 7595624 7154796 
0 5 2 4 1 3 
8524750 6632828 7524418 6972080 
5 0 4 3 2 1 
8545392 6505260 7659210 7231304 
4 5 2 0 1 3 
8547210 6593156 7222332 7039512 
3 4 2 0 5 1 
8549644 6304578 7498174 7150630 
3 5 2 0 4 1 
8549918 6282628 7573562 7155524 
0 4 2 5 1 3 
8550114 6510628 7404852 7225256 
5 0 4 2 3 1 
8553900 6558848 7707088 7107238 
3 2 4 0 1 5 
8557494 6445924 7433030 7258890 
2 5 0 3 4 1 
8562578 6585850 7593778 7101444 
2 5 1 3 4 0 
8576508 6547846 6931982 7109134 
4 0 2 5 1 3 
8579088 6683890 7138314 6972354 
0 2 4 3 1 5 
8581756 6486252 7402894 7188496 
3 0 4 2 1 5 
8593980 6594184 7449692 6954378 
0 3 4 2 1 5 
8622190 6503314 7511010 6992824 
3 0 2 5 4 1 
8667178 6356646 7561216 7040956 
4 3 0 5 2 1 
8667918 6385370 7487834 7039226 
4 0 5 3 1 2 
8684814 6564452 7749106 6917384 
1 5 3 0 4 2 
8687514 6433858 7553024 6962092 
3 0 2 4 5 1 
8688230 6354056 7482418 6939238 
2 3 1 5 4 0 
8705712 6397798 6938288 7193442 
1 0 3 5 4 2 
8744504 6493280 7529854 6849164 
1 5 2 0 4 3 
8766180 6190126 7161100 6952574 
4 5 1 0 2 3 
8774272 6249208 6801780 6868358 
4 0 1 5 2 3 
8774416 6404886 6707184 6791114 
4 5 3 0 1 2 
8817954 6184656 7275880 6851644 
2 0 5 3 4 1 
8828780 6399586 7267562 6649744 
4 5 3 0 2 1 
8834228 6209664 7232316 6833396 
4 0 3 5 2 1 
8842408 6345826 7247354 6658572 
4 0 3 5 1 2 
8854424 6264238 7254510 6728726 
4 3 1 0 2 5 
8866468 6227732 6743230 6683712 
2 3 5 0 4 1 
8872748 6189728 7259438 6877020 
2 0 1 3 4 5 
8874722 6269082 6620042 6706396 
2 3 1 0 4 5 
8927174 6038620 6727664 6830652 
4 0 1 3 2 5 
9018304 6257490 6617688 6658912 
2 5 1 0 4 3 
9071522 5997264 6623590 6527426 
4 3 5 0 2 1 
9086212 5867056 7009492 6575198 
2 0 1 5 4 3 
9148274 6077678 6522274 6487478 
2 5 3 0 4 1 
9208428 5814080 6979606 6448994 
4 0 5 3 2 1 
9246532 5876210 6999696 6447378 
2 0 3 5 4 1 
9293216 5874978 6987924 6311466 
