720 2
1 0 4 5 2 3 
5213542 7232892 
4 2 1 0 5 3 
5304200 7142234 
1 3 4 5 2 0 
5344246 7102188 
1 5 4 0 2 3 
5358330 7088104 
1 3 4 5 0 2 
5383818 7062616 
4 3 1 0 5 2 
5387186 7059248 
4 2 1 0 3 5 
5403036 7043398 
4 2 1 5 0 3 
5428670 7017764 
4 0 1 2 5 3 
5431596 7014838 
4 5 1 0 3 2 
5443570 7002864 
2 4 0 5 1 3 
5444008 7002426 
1 0 4 3 2 5 
5461768 6984666 
0 1 2 5 4 3 
5461774 6984660 
1 2 4 5 0 3 
5464704 6981730 
1 5 4 3 2 0 
5469072 6977362 
1 5 4 3 0 2 
5472172 6974262 
1 5 4 0 3 2 
5472214 6974220 
1 3 4 0 2 5 
5481730 6964704 
1 0 4 5 3 2 
5497370 6949064 
0 4 2 5 1 3 
5504388 6942046 
2 5 0 4 3 1 
5547496 6898938 
4 2 1 5 3 0 
5551414 6895020 
4 3 1 2 5 0 
5551482 6894952 
1 3 4 0 5 2 
5554362 6892072 
4 0 1 5 2 3 
5561406 6885028 
4 0 1 5 3 2 
5564146 6882288 
4 0 1 3 5 2 
5565436 6880998 
4 0 1 2 3 5 
5566904 6879530 
4 2 1 3 0 5 
5578428 6868006 
2 4 5 0 1 3 
5588462 6857972 
4 5 1 2 3 0 
5594706 6851728 
4 2 1 3 5 0 
5602336 6844098 
4 5 1 2 0 3 
5605434 6841000 
4 5 1 0 2 3 
5610774 6835660 
0 5 2 4 3 1 
5630316 6816118 
2 5 0 4 1 3 
5639248 6807186 
1 5 3 4 0 2 
5646630 6799804 
4 3 1 0 2 5 
5653226 6793208 
0 4 5 2 1 3 
5662718 6783716 
1 0 4 3 5 2 
5667872 6778562 
2 3 0 4 5 1 
5670718 6775716 
4 3 1 2 0 5 
5697518 6748916 
4 0 1 3 2 5 
5698004 6748430 
1 2 4 5 3 0 
5708960 6737474 
5 1 2 0 4 3 
5715566 6730868 
1 2 4 3 0 5 
5726090 6720344 
2 4 0 5 3 1 
5730944 6715490 
1 0 5 4 2 3 
5738156 6708278 
0 4 2 5 3 1 
5742524 6703910 
4 3 1 5 0 2 
5742920 6703514 
1 5 3 4 2 0 
5769742 6676692 
0 5 2 4 1 3 
5770868 6675566 
1 0 3 4 2 5 
5777618 6668816 
2 1 0 5 4 3 
5785292 6661142 
0 2 5 4 3 1 
5785578 6660856 
0 3 2 5 4 1 
5796116 6650318 
4 5 1 3 0 2 
5800594 6645840 
0 3 2 4 5 1 
5808716 6637718 
1 0 3 4 5 2 
5820814 6625620 
1 5 4 2 0 3 
5821908 6624526 
2 3 0 4 1 5 
5835878 6610556 
5 1 0 2 4 3 
5836044 6610390 
0 1 2 5 3 4 
5841110 6605324 
0 3 5 4 1 2 
5841694 6604740 
0 1 5 2 4 3 
5846348 6600086 
4 3 1 5 2 0 
5862924 6583510 
1 2 4 0 5 3 
5866512 6579922 
1 3 5 4 0 2 
5869018 6577416 
2 0 5 4 3 1 
5882382 6564052 
2 5 4 0 1 3 
5883718 6562716 
1 2 5 4 0 3 
5899994 6546440 
5 3 0 4 2 1 
5901718 6544716 
1 2 4 0 3 5 
5907764 6538670 
2 1 0 4 5 3 
5920304 6526130 
2 4 0 3 1 5 
5921040 6525394 
0 3 5 4 2 1 
5924938 6521496 
1 2 4 3 5 0 
5929094 6517340 
1 5 4 2 3 0 
5932692 6513742 
0 3 2 5 1 4 
5937316 6509118 
0 4 5 3 1 2 
5945188 6501246 
0 1 2 3 4 5 
5950228 6496206 
2 3 4 0 1 5 
5952238 6494196 
4 5 1 3 2 0 
5957070 6489364 
4 0 2 1 5 3 
5966312 6480122 
1 2 3 4 0 5 
5967938 6478496 
0 5 2 1 3 4 
5969076 6477358 
4 5 2 1 0 3 
5970630 6475804 
1 3 5 4 2 0 
5981790 6464644 
1 4 3 5 2 0 
5989138 6457296 
0 1 2 4 5 3 
5989702 6456732 
2 1 0 4 3 5 
5993712 6452722 
1 3 4 2 0 5 
5994940 6451494 
5 2 1 0 4 3 
5998326 6448108 
0 3 2 4 1 5 
5999740 6446694 
5 1 0 4 3 2 
6002300 6444134 
0 2 5 4 1 3 
6014350 6432084 
5 2 0 4 3 1 
6019464 6426970 
0 4 3 5 1 2 
6023400 6423034 
0 4 2 3 1 5 
6025882 6420552 
1 3 4 2 5 0 
6028000 6418434 
0 3 5 2 1 4 
6028256 6418178 
5 2 0 1 4 3 
6028890 6417544 
2 3 0 5 1 4 
6032658 6413776 
5 2 0 1 3 4 
6034638 6411796 
0 1 2 4 3 5 
6040174 6406260 
2 0 5 4 1 3 
6040354 6406080 
2 4 5 0 3 1 
6042754 6403680 
2 1 5 0 4 3 
6049388 6397046 
5 3 1 0 4 2 
6050932 6395502 
2 3 0 5 4 1 
6051034 6395400 
2 1 0 5 3 4 
6053852 6392582 
0 5 2 1 4 3 
6059996 6386438 
5 1 3 0 4 2 
6060662 6385772 
0 1 5 2 3 4 
6062776 6383658 
5 4 3 0 1 2 
6065436 6380998 
5 4 2 0 1 3 
6069396 6377038 
4 2 3 1 0 5 
6071806 6374628 
5 3 0 4 1 2 
6072234 6374200 
5 1 0 3 4 2 
6072620 6373814 
2 4 3 0 1 5 
6075932 6370502 
5 3 0 1 2 4 
6078172 6368262 
1 4 3 5 0 2 
6078650 6367784 
1 0 4 2 5 3 
6078928 6367506 
5 4 0 2 1 3 
6083272 6363162 
5 1 0 2 3 4 
6084680 6361754 
5 4 0 1 2 3 
6088438 6357996 
5 1 2 0 3 4 
6090414 6356020 
0 3 2 1 5 4 
6114436 6331998 
0 4 5 2 3 1 
6123810 6322624 
1 4 3 0 2 5 
6124378 6322056 
0 1 5 4 3 2 
6125134 6321300 
2 3 5 4 0 1 
6126780 6319654 
1 2 3 4 5 0 
6134246 6312188 
2 0 4 5 1 3 
6140370 6306064 
1 0 5 4 3 2 
6142636 6303798 
2 3 4 5 1 0 
6143394 6303040 
0 2 5 1 3 4 
6147934 6298500 
4 3 2 1 0 5 
6152874 6293560 
2 3 5 4 1 0 
6156308 6290126 
1 0 4 2 3 5 
6156652 6289782 
5 4 0 3 1 2 
6158568 6287866 
4 0 3 1 2 5 
6158782 6287652 
2 3 5 0 1 4 
6161932 6284502 
0 3 2 1 4 5 
6164260 6282174 
3 0 5 4 2 1 
6164408 6282026 
0 2 5 1 4 3 
6174394 6272040 
3 0 1 4 5 2 
6178620 6267814 
0 5 2 3 4 1 
6180306 6266128 
4 1 2 0 5 3 
6190330 6256104 
3 5 0 4 2 1 
6192624 6253810 
2 5 0 1 3 4 
6195598 6250836 
3 2 1 0 4 5 
6196912 6249522 
5 0 2 4 3 1 
6199088 6247346 
1 5 0 4 2 3 
6199210 6247224 
4 2 0 1 5 3 
6202158 6244276 
4 1 2 0 3 5 
6202926 6243508 
5 0 2 1 3 4 
6203144 6243290 
4 1 3 0 5 2 
6206020 6240414 
5 1 0 4 2 3 
6207444 6238990 
0 3 4 5 1 2 
6223888 6222546 
2 4 0 3 5 1 
6226136 6220298 
2 1 0 3 4 5 
6229284 6217150 
0 5 2 3 1 4 
6229938 6216496 
2 5 4 0 3 1 
6230650 6215784 
5 4 0 3 2 1 
6230940 6215494 
1 4 5 0 2 3 
6231964 6214470 
5 3 2 4 0 1 
6241558 6204876 
5 4 1 0 3 2 
6242986 6203448 
5 0 2 1 4 3 
6247336 6199098 
4 0 3 1 5 2 
6249170 6197264 
2 0 4 5 3 1 
6253726 6192708 
3 5 4 0 1 2 
6256434 6190000 
2 4 5 3 1 0 
6258894 6187540 
1 4 3 0 5 2 
6261470 6184964 
0 4 3 2 1 5 
6262424 6184010 
4 2 3 1 5 0 
6263070 6183364 
2 4 3 5 1 0 
6269332 6177102 
3 2 5 4 0 1 
6269446 6176988 
0 4 5 3 2 1 
6271320 6175114 
0 3 5 2 4 1 
6272920 6173514 
3 4 5 0 1 2 
6273224 6173210 
3 5 1 0 4 2 
6278466 6167968 
0 1 2 3 5 4 
6279092 6167342 
0 4 2 1 3 5 
6280348 6166086 
0 2 5 3 4 1 
6281070 6165364 
2 1 5 0 3 4 
6281252 6165182 
4 2 5 1 0 3 
6285646 6160788 
2 3 0 1 5 4 
6285780 6160654 
0 1 5 3 4 2 
6290098 6156336 
5 0 3 4 2 1 
6292736 6153698 
5 1 2 3 4 0 
6293006 6153428 
4 3 2 1 5 0 
6295958 6150476 
1 4 5 0 3 2 
6298108 6148326 
3 2 1 5 4 0 
6303578 6142856 
5 2 1 0 3 4 
6304314 6142120 
0 4 2 3 5 1 
6305114 6141320 
2 5 0 3 1 4 
6313060 6133374 
5 3 0 1 4 2 
6314256 6132178 
5 3 2 1 0 4 
6315334 6131100 
2 4 0 1 3 5 
6318906 6127528 
4 0 2 1 3 5 
6319572 6126862 
0 4 2 1 5 3 
6321444 6124990 
4 5 0 1 2 3 
6321934 6124500 
5 3 2 0 4 1 
6325624 6120810 
1 4 5 3 2 0 
6326012 6120422 
5 4 2 0 3 1 
6328000 6118434 
0 1 3 5 4 2 
6329842 6116592 
5 4 0 1 3 2 
6330270 6116164 
3 0 1 4 2 5 
6331112 6115322 
4 1 2 5 3 0 
6333624 6112810 
2 4 0 1 5 3 
6337066 6109368 
5 0 1 2 4 3 
6337250 6109184 
3 0 4 5 2 1 
6343490 6102944 
0 5 3 4 2 1 
6344172 6102262 
2 0 3 4 5 1 
6346912 6099522 
0 5 3 4 1 2 
6347168 6099266 
3 0 1 5 4 2 
6348090 6098344 
3 5 1 4 0 2 
6357810 6088624 
0 5 4 2 1 3 
6361302 6085132 
5 3 4 0 1 2 
6363076 6083358 
2 1 4 0 3 5 
6367286 6079148 
4 1 3 2 5 0 
6373716 6072718 
0 1 3 2 4 5 
6374546 6071888 
0 2 3 4 5 1 
6383212 6063222 
2 3 5 0 4 1 
6384360 6062074 
4 5 3 1 0 2 
6386202 6060232 
5 3 1 2 4 0 
6388396 6058038 
1 4 5 3 0 2 
6389392 6057042 
5 2 0 4 1 3 
6395124 6051310 
2 5 0 1 4 3 
6397294 6049140 
5 4 0 2 3 1 
6397476 6048958 
3 5 2 4 0 1 
6399360 6047074 
4 0 5 1 2 3 
6401104 6045330 
5 1 3 2 4 0 
6401526 6044908 
1 0 3 5 2 4 
6403264 6043170 
5 3 0 2 1 4 
6403534 6042900 
3 2 1 4 0 5 
6404032 6042402 
3 2 1 0 5 4 
6404064 6042370 
3 1 5 0 4 2 
6406982 6039452 
0 2 3 5 4 1 
6410974 6035460 
4 1 2 5 0 3 
6411520 6034914 
0 4 5 1 2 3 
6413564 6032870 
3 4 1 0 5 2 
6414136 6032298 
1 2 5 4 3 0 
6417246 6029188 
5 0 1 4 2 3 
6419978 6026456 
5 1 2 4 3 0 
6420176 6026258 
5 2 0 3 4 1 
6420312 6026122 
2 5 0 3 4 1 
6423004 6023430 
3 2 1 4 5 0 
6423452 6022982 
2 1 0 3 5 4 
6424436 6021998 
3 2 0 4 5 1 
6433592 6012842 
0 1 5 4 2 3 
6437150 6009284 
5 0 1 4 3 2 
6437474 6008960 
5 3 2 0 1 4 
6441868 6004566 
3 4 0 5 1 2 
6444568 6001866 
0 2 4 5 1 3 
6446454 5999980 
0 3 5 1 2 4 
6448574 5997860 
1 3 0 4 2 5 
6450720 5995714 
5 2 3 4 0 1 
6452952 5993482 
1 3 0 4 5 2 
6456076 5990358 
4 1 2 3 5 0 
6457458 5988976 
3 1 0 5 4 2 
6458684 5987750 
3 0 5 1 2 4 
6460956 5985478 
5 1 2 4 0 3 
6464684 5981750 
2 1 3 0 4 5 
6465350 5981084 
4 3 0 1 2 5 
6465356 5981078 
4 5 2 1 3 0 
6466974 5979460 
5 0 1 2 3 4 
6467086 5979348 
2 5 3 4 0 1 
6468088 5978346 
5 3 0 2 4 1 
6469102 5977332 
2 3 0 1 4 5 
6469316 5977118 
3 1 0 4 5 2 
6471308 5975126 
3 4 1 0 2 5 
6472732 5973702 
0 3 4 2 1 5 
6472874 5973560 
3 2 5 1 0 4 
6474434 5972000 
3 0 4 1 2 5 
6476040 5970394 
3 5 0 1 2 4 
6476694 5969740 
5 0 3 1 2 4 
6477656 5968778 
3 1 2 0 4 5 
6477848 5968586 
0 2 5 3 1 4 
6483382 5963052 
4 5 3 1 2 0 
6487078 5959356 
0 2 4 5 3 1 
6489010 5957424 
3 5 4 0 2 1 
6489482 5956952 
3 2 1 5 0 4 
6491310 5955124 
3 0 1 5 2 4 
6495110 5951324 
2 1 5 4 3 0 
6496548 5949886 
5 4 3 2 1 0 
6497860 5948574 
5 3 2 1 4 0 
6508242 5938192 
0 2 1 5 4 3 
6509974 5936460 
5 4 2 1 0 3 
6513102 5933332 
3 0 4 5 1 2 
6513962 5932472 
0 5 3 2 1 4 
6516390 5930044 
1 2 3 5 0 4 
6516864 5929570 
4 3 0 1 5 2 
6517904 5928530 
5 2 1 4 0 3 
6519594 5926840 
3 2 0 1 5 4 
6523342 5923092 
3 1 4 0 5 2 
6525862 5920572 
5 1 0 3 2 4 
6526400 5920034 
4 2 3 5 0 1 
6527372 5919062 
3 5 1 4 2 0 
6529722 5916712 
3 0 1 2 5 4 
6530552 5915882 
1 5 3 0 2 4 
6530628 5915806 
3 0 2 4 5 1 
6535290 5911144 
2 3 4 0 5 1 
6535454 5910980 
3 0 1 2 4 5 
6536024 5910410 
3 2 4 5 0 1 
6537852 5908582 
2 0 5 1 3 4 
6542962 5903472 
3 4 0 5 2 1 
6543596 5902838 
3 5 1 0 2 4 
6544214 5902220 
4 2 0 1 3 5 
6545078 5901356 
5 2 3 1 0 4 
6546312 5900122 
4 1 2 3 0 5 
6547950 5898484 
1 4 0 5 2 3 
6548230 5898204 
0 4 5 1 3 2 
6548524 5897910 
5 1 4 0 3 2 
6550356 5896078 
5 3 2 4 1 0 
6550710 5895724 
5 0 2 4 1 3 
6552748 5893686 
4 1 0 2 5 3 
6553572 5892862 
1 5 0 4 3 2 
6555510 5890924 
4 1 3 0 2 5 
6560280 5886154 
5 4 1 0 2 3 
6563826 5882608 
3 1 2 5 4 0 
6566834 5879600 
0 4 3 5 2 1 
6567484 5878950 
4 1 0 5 3 2 
6570060 5876374 
2 5 4 3 1 0 
6570844 5875590 
3 5 1 2 4 0 
6573066 5873368 
4 1 5 0 3 2 
6576834 5869600 
5 4 2 3 1 0 
6577116 5869318 
3 5 2 1 0 4 
6580752 5865682 
2 5 3 0 1 4 
6580882 5865552 
4 1 3 2 0 5 
6585972 5860462 
4 5 2 3 0 1 
6589588 5856846 
4 1 0 2 3 5 
6592300 5854134 
2 5 3 4 1 0 
6594196 5852238 
4 0 3 5 2 1 
6599508 5846926 
2 1 4 0 5 3 
6603570 5842864 
1 5 2 4 0 3 
6606546 5839888 
5 2 1 3 4 0 
6606774 5839660 
5 0 1 3 4 2 
6608234 5838200 
0 3 5 1 4 2 
6609994 5836440 
1 0 5 3 2 4 
6612028 5834406 
3 0 2 1 5 4 
6613922 5832512 
4 1 3 5 0 2 
6617740 5828694 
5 2 3 0 4 1 
6618114 5828320 
3 4 1 5 2 0 
6622238 5824196 
2 1 5 4 0 3 
6624992 5821442 
3 4 0 1 2 5 
6630382 5816052 
4 3 2 5 0 1 
6635402 5811032 
2 0 4 3 1 5 
6636340 5810094 
3 5 0 4 1 2 
6640676 5805758 
5 0 2 3 4 1 
6642158 5804276 
2 1 4 5 3 0 
6642722 5803712 
5 4 1 2 3 0 
6644010 5802424 
5 4 3 0 2 1 
6644880 5801554 
2 0 4 3 5 1 
6645316 5801118 
4 5 3 0 1 2 
6648036 5798398 
2 4 5 3 0 1 
6648406 5798028 
0 5 4 3 1 2 
6651150 5795284 
4 1 0 3 5 2 
6653004 5793430 
3 5 4 2 1 0 
6653712 5792722 
3 2 4 1 0 5 
6655562 5790872 
2 3 4 5 0 1 
6658190 5788244 
3 4 5 2 1 0 
6661186 5785248 
3 4 5 0 2 1 
6661372 5785062 
5 4 2 1 3 0 
6661818 5784616 
3 4 1 5 0 2 
6662950 5783484 
5 0 3 4 1 2 
6663892 5782542 
4 2 3 0 5 1 
6664772 5781662 
3 1 0 2 4 5 
6666100 5780334 
0 1 4 5 3 2 
6666416 5780018 
3 5 1 2 0 4 
6666902 5779532 
1 2 0 4 5 3 
6667946 5778488 
4 0 2 3 5 1 
6669550 5776884 
2 0 3 4 1 5 
6674872 5771562 
5 2 1 4 3 0 
6675726 5770708 
5 3 1 0 2 4 
6677760 5768674 
0 2 3 5 1 4 
6678894 5767540 
1 4 3 2 0 5 
6679810 5766624 
5 4 2 3 0 1 
6687004 5759430 
1 0 3 5 4 2 
6690076 5756358 
1 5 3 0 4 2 
6698712 5747722 
0 3 4 5 2 1 
6699112 5747322 
3 1 5 2 4 0 
6703384 5743050 
0 2 3 1 5 4 
6708516 5737918 
3 0 4 1 5 2 
6709412 5737022 
1 2 5 3 0 4 
6710306 5736128 
5 1 2 3 0 4 
6712362 5734072 
1 2 3 5 4 0 
6714164 5732270 
0 5 4 2 3 1 
6715034 5731400 
2 0 5 3 1 4 
6716410 5730024 
4 5 0 1 3 2 
6717402 5729032 
5 0 1 3 2 4 
6720574 5725860 
3 0 5 4 1 2 
6726860 5719574 
1 4 3 2 5 0 
6727390 5719044 
4 5 3 0 2 1 
6728340 5718094 
4 1 5 2 3 0 
6729772 5716662 
2 0 5 1 4 3 
6730138 5716296 
4 3 2 0 5 1 
6732068 5714366 
5 0 4 1 2 3 
6735062 5711372 
1 4 0 5 3 2 
6736138 5710296 
3 1 5 4 0 2 
6736682 5709752 
3 1 4 0 2 5 
6737138 5709296 
3 2 4 5 1 0 
6739552 5706882 
2 5 4 3 0 1 
6744976 5701458 
2 0 5 3 4 1 
6745614 5700820 
1 4 5 2 0 3 
6746506 5699928 
3 2 4 0 1 5 
6748124 5698310 
0 2 3 4 1 5 
6748696 5697738 
1 4 5 2 3 0 
6749270 5697164 
3 1 0 4 2 5 
6749860 5696574 
3 4 2 5 1 0 
6750880 5695554 
5 2 1 3 0 4 
6756630 5689804 
3 5 4 1 2 0 
6759060 5687374 
4 1 3 5 2 0 
6759744 5686690 
2 1 3 5 4 0 
6761510 5684924 
1 3 5 0 2 4 
6761614 5684820 
0 3 1 5 4 2 
6763184 5683250 
3 4 2 0 1 5 
6764654 5681780 
3 5 4 1 0 2 
6768960 5677474 
3 2 4 0 5 1 
6769896 5676538 
1 4 0 3 2 5 
6777518 5668916 
0 5 1 2 4 3 
6780150 5666284 
4 3 5 1 0 2 
6782286 5664148 
2 0 4 1 5 3 
6783072 5663362 
3 4 1 2 5 0 
6785456 5660978 
5 2 4 0 1 3 
6786246 5660188 
0 5 3 2 4 1 
6787014 5659420 
2 1 5 3 4 0 
6789540 5656894 
4 1 0 5 2 3 
6789960 5656474 
2 4 3 0 5 1 
6792468 5653966 
0 3 1 2 4 5 
6794254 5652180 
1 5 3 2 0 4 
6796716 5649718 
5 2 0 3 1 4 
6801720 5644714 
0 1 4 2 3 5 
6803122 5643312 
5 3 4 2 1 0 
6803218 5643216 
0 2 3 1 4 5 
6806080 5640354 
4 5 3 2 0 1 
6810000 5636434 
1 3 5 0 4 2 
6817498 5628936 
3 1 2 4 5 0 
6817838 5628596 
0 1 5 3 2 4 
6818542 5627892 
2 0 3 5 4 1 
6818554 5627880 
4 0 3 2 5 1 
6818568 5627866 
4 2 5 1 3 0 
6819830 5626604 
0 2 1 5 3 4 
6820450 5625984 
0 5 4 3 2 1 
6822182 5624252 
0 1 3 2 5 4 
6824062 5622372 
2 5 3 0 4 1 
6829270 5617164 
4 5 3 2 1 0 
6830572 5615862 
4 3 2 0 1 5 
6831564 5614870 
5 2 3 1 4 0 
6835140 5611294 
3 1 2 0 5 4 
6840100 5606334 
3 1 4 5 0 2 
6842938 5603496 
4 0 5 1 3 2 
6844752 5601682 
3 4 0 2 1 5 
6846304 5600130 
5 2 4 0 3 1 
6849270 5597164 
5 0 4 3 2 1 
6850738 5595696 
2 4 5 1 0 3 
6853850 5592584 
2 0 3 5 1 4 
6854958 5591476 
2 3 5 1 0 4 
6857080 5589354 
5 0 3 1 4 2 
6859600 5586834 
3 2 0 1 4 5 
6860514 5585920 
5 2 3 0 1 4 
6861078 5585356 
1 2 3 0 5 4 
6861252 5585182 
0 5 1 2 3 4 
6863258 5583176 
0 5 3 1 2 4 
6863796 5582638 
4 3 5 1 2 0 
6872822 5573612 
5 3 4 0 2 1 
6873660 5572774 
3 1 4 5 2 0 
6874166 5572268 
3 1 0 2 5 4 
6876008 5570426 
5 3 1 2 0 4 
6876588 5569846 
4 3 2 5 1 0 
6877982 5568452 
3 2 4 1 5 0 
6879034 5567400 
5 1 3 0 2 4 
6883070 5563364 
3 4 1 2 0 5 
6884764 5561670 
2 0 4 1 3 5 
6887452 5558982 
3 4 0 1 5 2 
6890374 5556060 
3 4 2 5 0 1 
6890620 5555814 
4 2 5 3 0 1 
6890970 5555464 
1 2 3 0 4 5 
6892244 5554190 
3 5 4 2 0 1 
6896660 5549774 
1 3 2 4 0 5 
6896878 5549556 
3 4 5 1 2 0 
6897664 5548770 
0 4 1 5 3 2 
6899270 5547164 
4 2 0 3 5 1 
6901996 5544438 
2 4 3 5 0 1 
6902928 5543506 
4 1 5 2 0 3 
6903300 5543134 
0 2 1 4 5 3 
6906772 5539662 
3 1 4 2 5 0 
6908300 5538134 
4 5 0 3 2 1 
6909492 5536942 
4 1 0 3 2 5 
6911632 5534802 
3 1 2 4 0 5 
6912818 5533616 
1 0 2 4 5 3 
6913444 5532990 
4 1 5 0 2 3 
6918498 5527936 
2 4 5 1 3 0 
6918630 5527804 
3 0 4 2 1 5 
6919812 5526622 
3 1 5 4 2 0 
6920254 5526180 
4 0 3 5 1 2 
6922724 5523710 
4 3 0 5 2 1 
6931242 5515192 
2 1 3 0 5 4 
6933498 5512936 
4 2 3 0 1 5 
6938728 5507706 
5 2 4 1 0 3 
6941280 5505154 
3 1 0 5 2 4 
6947144 5499290 
5 0 2 3 1 4 
6951626 5494808 
0 2 4 3 5 1 
6956740 5489694 
5 0 4 2 1 3 
6957746 5488688 
3 4 2 1 0 5 
6960764 5485670 
4 3 5 0 1 2 
6962466 5483968 
5 1 4 2 3 0 
6962498 5483936 
2 5 4 1 0 3 
6967012 5479422 
3 4 5 1 0 2 
6967844 5478590 
2 0 3 1 5 4 
6970440 5475994 
5 0 3 2 1 4 
6972650 5473784 
0 5 1 4 3 2 
6973182 5473252 
4 0 5 3 2 1 
6978428 5468006 
3 1 5 0 2 4 
6980510 5465924 
0 5 4 1 2 3 
6981018 5465416 
0 4 3 2 5 1 
6982564 5463870 
3 0 4 2 5 1 
6982712 5463722 
5 0 3 2 4 1 
6983438 5462996 
5 2 3 4 1 0 
6984744 5461690 
0 2 4 3 1 5 
6985288 5461146 
4 2 3 5 1 0 
6992592 5453842 
5 1 4 0 2 3 
6997916 5448518 
5 4 1 2 0 3 
7002366 5444068 
0 2 4 1 5 3 
7003296 5443138 
4 0 2 5 3 1 
7009300 5437134 
1 4 0 3 5 2 
7010242 5436192 
3 0 2 1 4 5 
7011374 5435060 
0 2 1 3 4 5 
7011756 5434678 
0 4 1 2 3 5 
7012380 5434054 
1 0 3 2 5 4 
7013740 5432694 
1 3 2 4 5 0 
7015006 5431428 
3 2 5 4 1 0 
7015470 5430964 
1 2 0 4 3 5 
7018890 5427544 
3 5 2 4 1 0 
7019324 5427110 
3 1 2 5 0 4 
7024066 5422368 
4 5 2 0 3 1 
7026004 5420430 
2 3 1 0 4 5 
7032258 5414176 
5 3 1 4 0 2 
7032616 5413818 
3 2 5 1 4 0 
7035078 5411356 
0 1 4 2 5 3 
7036210 5410224 
1 3 5 2 0 4 
7036444 5409990 
0 2 1 4 3 5 
7043484 5402950 
2 1 4 5 0 3 
7044162 5402272 
0 1 3 4 5 2 
7046560 5399874 
5 0 4 3 1 2 
7047866 5398568 
4 0 3 2 1 5 
7051396 5395038 
4 3 0 5 1 2 
7053818 5392616 
2 4 1 0 3 5 
7057888 5388546 
0 3 4 2 5 1 
7059694 5386740 
2 5 1 0 4 3 
7061206 5385228 
5 1 3 2 0 4 
7063298 5383136 
1 5 0 3 2 4 
7070838 5375596 
4 1 5 3 0 2 
7071498 5374936 
5 0 4 1 3 2 
7072814 5373620 
3 5 0 1 4 2 
7073858 5372576 
0 2 4 1 3 5 
7074400 5372034 
2 0 1 4 5 3 
7082872 5363562 
5 2 4 3 0 1 
7084956 5361478 
1 5 2 4 3 0 
7085958 5360476 
1 5 3 2 4 0 
7087912 5358522 
3 1 4 2 0 5 
7088348 5358086 
3 0 5 1 4 2 
7091780 5354654 
1 3 0 5 2 4 
7093060 5353374 
3 1 5 2 0 4 
7093340 5353094 
3 4 2 0 5 1 
7094206 5352228 
1 4 2 5 0 3 
7095854 5350580 
5 0 4 2 3 1 
7098370 5348064 
0 1 4 5 2 3 
7099084 5347350 
2 3 5 1 4 0 
7109036 5337398 
0 5 1 4 2 3 
7110738 5335696 
4 5 2 0 1 3 
7112904 5333530 
4 3 0 2 5 1 
7118310 5328124 
3 4 5 2 0 1 
7119514 5326920 
4 3 5 0 2 1 
7129010 5317424 
2 0 1 5 4 3 
7129954 5316480 
0 3 1 2 5 4 
7136410 5310024 
0 5 3 1 4 2 
7137416 5309018 
2 5 4 1 3 0 
7139812 5306622 
0 1 3 5 2 4 
7141846 5304588 
4 3 5 2 1 0 
7143404 5303030 
2 1 5 3 0 4 
7149848 5296586 
3 4 2 1 5 0 
7150576 5295858 
2 5 1 0 3 4 
7159750 5286684 
3 2 0 4 1 5 
7160196 5286238 
0 5 4 1 3 2 
7163718 5282716 
3 2 0 5 4 1 
7165448 5280986 
3 5 2 1 4 0 
7168016 5278418 
5 4 3 2 0 1 
7170420 5276014 
5 3 1 4 2 0 
7171252 5275182 
4 5 2 3 1 0 
7172832 5273602 
1 0 5 3 4 2 
7182400 5264034 
0 2 1 3 5 4 
7185520 5260914 
4 3 0 2 1 5 
7188338 5258096 
5 1 3 4 0 2 
7189100 5257334 
1 4 2 5 3 0 
7194250 5252184 
2 5 3 1 0 4 
7194376 5252058 
1 3 5 2 4 0 
7205100 5241334 
0 4 1 5 2 3 
7205218 5241216 
3 4 0 2 5 1 
7205324 5241110 
1 2 5 3 4 0 
7217298 5229136 
4 3 5 2 0 1 
7219412 5227022 
4 2 0 5 3 1 
7233004 5213430 
3 2 5 0 4 1 
7233346 5213088 
1 3 0 5 4 2 
7234012 5212422 
5 2 4 1 3 0 
7235856 5210578 
4 1 5 3 2 0 
7239634 5206800 
3 0 2 4 1 5 
7250234 5196200 
0 5 1 3 4 2 
7250862 5195572 
2 0 1 4 3 5 
7252860 5193574 
1 0 3 2 4 5 
7257356 5189078 
2 0 3 1 4 5 
7261996 5184438 
0 4 1 2 5 3 
7271428 5175006 
1 0 2 4 3 5 
7274728 5171706 
2 0 1 5 3 4 
7279714 5166720 
5 4 3 1 2 0 
7296466 5149968 
1 2 5 0 4 3 
7308890 5137544 
5 2 4 3 1 0 
7316508 5129926 
3 0 2 5 4 1 
7318110 5128324 
1 2 5 0 3 4 
7319150 5127284 
2 4 1 0 5 3 
7320132 5126302 
2 1 3 4 5 0 
7323692 5122742 
4 0 2 5 1 3 
7329776 5116658 
4 5 0 3 1 2 
7336260 5110174 
2 3 1 5 4 0 
7338652 5107782 
1 4 2 3 0 5 
7339900 5106534 
4 0 2 3 1 5 
7343286 5103148 
2 4 1 5 3 0 
7345802 5100632 
5 1 3 4 2 0 
7349736 5096698 
0 4 3 1 2 5 
7354310 5092124 
5 3 4 2 0 1 
7356978 5089456 
5 4 1 3 2 0 
7357914 5088520 
4 2 5 0 3 1 
7359378 5087056 
5 1 4 2 0 3 
7375634 5070800 
0 3 1 5 2 4 
7379608 5066826 
3 5 2 0 4 1 
7385766 5060668 
2 5 1 4 0 3 
7386454 5059980 
0 3 1 4 5 2 
7389134 5057300 
5 4 3 1 0 2 
7389582 5056852 
1 4 0 2 3 5 
7391306 5055128 
2 3 1 0 5 4 
7393046 5053388 
5 4 1 3 0 2 
7395430 5051004 
1 4 2 0 3 5 
7398256 5048178 
1 5 2 3 0 4 
7406896 5039538 
0 1 3 4 2 5 
7409048 5037386 
3 5 2 0 1 4 
7418466 5027968 
3 2 5 0 1 4 
7418726 5027708 
2 5 1 4 3 0 
7420810 5025624 
4 5 0 2 3 1 
7427568 5018866 
2 1 3 5 0 4 
7431510 5014924 
1 4 0 2 5 3 
7436122 5010312 
3 5 0 2 1 4 
7437096 5009338 
1 3 2 5 0 4 
7453182 4993252 
1 2 0 3 5 4 
7457534 4988900 
4 5 0 2 1 3 
7458868 4987566 
1 4 2 0 5 3 
7469204 4977230 
0 5 1 3 2 4 
7471526 4974908 
1 0 5 2 3 4 
7495702 4950732 
2 1 4 3 5 0 
7497896 4948538 
2 3 4 1 0 5 
7499116 4947318 
0 3 4 1 2 5 
7506542 4939892 
1 4 2 3 5 0 
7509244 4937190 
3 0 5 2 1 4 
7518078 4928356 
4 0 5 3 1 2 
7519596 4926838 
2 1 3 4 0 5 
7525544 4920890 
0 4 3 1 5 2 
7530366 4916068 
4 2 5 0 1 3 
7534498 4911936 
4 0 5 2 3 1 
7537238 4909196 
5 3 4 1 2 0 
7543606 4902828 
0 1 4 3 5 2 
7548098 4898336 
1 3 2 5 4 0 
7554562 4891872 
3 2 0 5 1 4 
7554880 4891554 
2 3 4 1 5 0 
7567536 4878898 
2 0 1 3 5 4 
7568644 4877790 
2 5 3 1 4 0 
7568872 4877562 
4 2 0 5 1 3 
7575480 4870954 
3 5 0 2 4 1 
7586208 4860226 
3 0 5 2 4 1 
7586450 4859984 
5 3 4 1 0 2 
7586782 4859652 
4 2 0 3 1 5 
7587392 4859042 
2 0 1 3 4 5 
7588872 4857562 
4 2 5 3 1 0 
7600274 4846160 
1 5 0 3 4 2 
7607550 4838884 
0 3 4 1 5 2 
7618138 4828296 
4 0 5 2 1 3 
7634758 4811676 
3 0 2 5 1 4 
7635602 4810832 
1 0 5 2 4 3 
7661594 4784840 
2 1 4 3 0 5 
7663052 4783382 
0 3 1 4 2 5 
7663402 4783032 
1 3 0 2 5 4 
7671544 4774890 
1 2 0 5 4 3 
7675034 4771400 
2 4 1 5 0 3 
7692462 4753972 
1 0 2 3 5 4 
7695314 4751120 
1 2 0 5 3 4 
7721990 4724444 
2 4 3 1 0 5 
7723250 4723184 
1 3 2 0 4 5 
7740088 4706346 
0 1 4 3 2 5 
7747678 4698756 
5 1 4 3 0 2 
7749114 4697320 
1 3 2 0 5 4 
7756836 4689598 
1 2 0 3 4 5 
7761522 4684912 
5 1 4 3 2 0 
7783538 4662896 
0 4 1 3 5 2 
7802900 4643534 
2 4 3 1 5 0 
7806190 4640244 
1 3 0 2 4 5 
7807140 4639294 
2 3 1 4 5 0 
7810066 4636368 
2 5 1 3 4 0 
7826518 4619916 
2 3 1 5 0 4 
7835072 4611362 
0 4 1 3 2 5 
7849800 4596634 
2 5 1 3 0 4 
7890706 4555728 
1 5 0 2 3 4 
7913778 4532656 
1 5 2 3 4 0 
7940508 4505926 
2 3 1 4 0 5 
7945698 4500736 
1 0 2 5 3 4 
7968512 4477922 
1 0 2 5 4 3 
7971496 4474938 
1 5 2 0 3 4 
7983748 4462686 
1 5 2 0 4 3 
8037948 4408486 
1 0 2 3 4 5 
8059582 4386852 
1 5 0 2 4 3 
8094190 4352244 
2 4 1 3 5 0 
8222924 4223510 
2 4 1 3 0 5 
8307340 4139094 
