25 2
1 0 2 4 3 
1601778 5178090 
1 0 2 3 4 
1723146 4968194 
1 4 2 0 3 
1851866 4919562 
1 3 2 0 4 
1946866 4761602 
1 3 2 4 0 
2131702 4458694 
1 4 2 3 0 
2158070 4406758 
0 1 4 2 3 
2413546 4392234 
4 1 2 0 3 
2473246 4387422 
3 1 2 0 4 
2535134 4291190 
0 1 2 4 3 
2577162 4271442 
0 1 2 3 4 
2594130 4206146 
3 0 2 1 4 
2771034 4081666 
0 4 2 1 3 
2855950 4030390 
4 1 2 3 0 
2865058 3756046 
3 1 2 4 0 
2909978 3725110 
0 4 3 2 1 
2938058 3724542 
3 4 2 1 0 
3018862 3670198 
0 3 4 2 1 
3091858 3648470 
2 0 3 4 1 
3123652 3636740 
4 0 3 2 1 
3156838 3609558 
3 0 4 2 1 
3296198 3584174 
2 1 3 0 4 
3543668 3400724 
2 4 3 0 1 
3553580 3201936 
2 3 4 0 1 
3753220 3086072 
2 3 0 4 1 
3962144 3018672 
