19 2
4 5 2 0 6 3 1 7 
9239090 11365636 
5 4 3 7 1 2 6 0 
9346428 10401724 
5 4 3 7 2 1 6 0 
9606276 10392892 
6 4 3 7 1 2 5 0 
9641084 10252224 
4 5 3 0 1 2 6 7 
9671848 10088324 
4 5 3 1 7 2 0 6 
9738480 10022552 
4 5 3 7 1 2 0 6 
9797340 9817910 
4 5 3 1 6 2 0 7 
9849800 9763064 
4 5 3 6 1 2 0 7 
9923838 9386696 
1 2 7 0 4 5 6 3 
10267992 9077868 
6 2 7 0 4 5 1 3 
10637522 9020084 
7 2 1 0 5 4 6 3 
10777080 8948066 
6 2 1 0 5 4 7 3 
10853802 8785628 
0 3 6 7 4 5 1 2 
11151082 8641712 
1 3 6 7 4 5 0 2 
11445968 8573504 
1 3 7 6 4 5 0 2 
11511796 8550974 
0 3 6 1 4 5 7 2 
11542208 8367668 
1 3 7 0 4 5 6 2 
11791452 8293294 
1 3 6 0 4 5 7 2 
12038902 8128976 
