25 2
1 3 0 4 5 2 
4796174 9159156 
1 4 2 3 5 0 
4914502 8981668 
4 1 5 0 2 3 
5024494 8705752 
4 1 5 3 2 0 
5219478 8593944 
2 3 0 4 5 1 
5383190 8514848 
3 1 5 0 2 4 
5393992 8385868 
3 2 5 1 0 4 
5487526 8368330 
4 2 5 0 1 3 
5519280 8246854 
4 2 5 1 0 3 
5714034 7901770 
1 2 5 4 3 0 
5988976 7894956 
2 1 5 3 4 0 
6008318 7837600 
0 2 5 4 3 1 
6145478 7786422 
0 3 5 4 2 1 
6147184 7783758 
0 1 5 3 4 2 
6242320 7742754 
4 2 5 1 3 0 
6254988 7624446 
4 5 2 1 0 3 
6286596 7604430 
0 3 5 1 2 4 
6287936 7580508 
2 1 5 4 3 0 
6320766 7550086 
0 2 5 3 1 4 
6497966 7472854 
0 2 5 3 4 1 
6517866 7229964 
2 4 5 0 1 3 
6802568 7157806 
2 3 5 4 0 1 
6833024 7143178 
2 0 5 4 3 1 
7066668 6871580 
5 0 2 3 4 1 
7627026 6770424 
5 0 2 4 3 1 
7826554 6631166 
