15 2
7 3 1 5 4 0 6 2 
7626664 11759204 
7 4 6 0 1 2 3 5 
7638348 11497144 
5 3 1 7 4 0 6 2 
7975584 11466326 
7 4 0 6 3 2 1 5 
8071060 11466256 
5 1 3 4 7 2 6 0 
8251484 11401168 
4 7 0 6 1 2 5 3 
8313632 11350946 
4 7 0 6 1 2 3 5 
8380200 11306048 
4 7 0 6 3 2 1 5 
8387456 11285268 
0 6 4 7 3 2 5 1 
8524440 11235978 
0 6 4 3 7 2 5 1 
8642660 11151690 
6 4 0 3 7 2 1 5 
8714476 11130382 
4 6 0 3 7 2 1 5 
8733612 11126210 
4 7 0 3 6 2 1 5 
9178608 10912172 
6 7 5 3 4 2 0 1 
9491920 10901590 
4 7 1 3 6 2 0 5 
9517880 10894828 
