819 4
4 0 3 2 5 6 1 
6818066 10776226 11571538 11850004 
4 0 3 5 2 6 1 
6919228 10626674 11692102 11713676 
6 2 0 5 3 4 1 
6967672 10463960 11519072 12098742 
4 0 2 5 3 6 1 
7018018 10642392 11648528 11784190 
6 3 0 5 2 4 1 
7064504 10273126 11516324 11690546 
3 0 4 6 1 2 5 
7087798 10197966 11392242 11861992 
1 0 2 5 3 4 6 
7126256 10322010 11318446 12124904 
6 2 4 1 3 0 5 
7127212 10240080 11379294 11500998 
6 2 4 3 1 0 5 
7160780 10150752 11292790 11480706 
1 3 0 5 2 4 6 
7189040 10207244 11563058 11316252 
2 6 4 1 3 0 5 
7228966 10373556 11416008 11371128 
1 3 0 2 5 4 6 
7252060 10347974 11492988 11247516 
5 6 3 4 1 0 2 
7261114 10546096 11132754 11550930 
4 0 1 2 5 6 3 
7274880 10413694 11047676 11520974 
5 4 0 6 1 2 3 
7307532 10103610 11139578 11805678 
3 0 4 6 1 5 2 
7323320 10100550 11396734 11508828 
3 0 4 1 6 2 5 
7324184 9915724 11390582 11567496 
4 0 5 2 3 6 1 
7330378 10528718 11199070 11393738 
1 0 4 6 3 2 5 
7332886 9910186 11041112 11603916 
1 0 4 6 5 2 3 
7339698 10140672 11177110 11364054 
5 4 0 1 6 3 2 
7393162 9894822 11388324 11356352 
2 6 4 3 1 0 5 
7397658 10136894 11046232 11208386 
1 0 3 2 5 6 4 
7401234 10440368 11285600 11041906 
2 6 1 4 3 0 5 
7405512 10487854 11027416 11283438 
5 6 4 1 3 0 2 
7417732 10279462 11368086 11028288 
3 0 4 1 6 5 2 
7437170 9814068 11352674 11367820 
5 4 0 1 6 2 3 
7443298 9822328 11181282 11642038 
6 2 5 0 3 4 1 
7449238 10300858 10748734 11227450 
2 6 0 5 3 4 1 
7459342 9938636 11069318 11570928 
1 0 2 3 5 6 4 
7474824 10361950 11258878 11195954 
1 0 3 5 2 6 4 
7494440 10304790 11406470 10914758 
1 2 5 0 3 4 6 
7495334 10333022 10809914 11016190 
6 2 0 5 1 4 3 
7497790 9765252 10890854 11437128 
0 4 6 1 3 2 5 
7499432 10102784 11047336 11178544 
1 5 2 0 3 4 6 
7516680 10248266 10730770 11124860 
4 0 1 6 5 2 3 
7519788 10133134 10795542 11109700 
1 0 4 2 3 6 5 
7523348 9858498 10846406 11699442 
4 0 6 5 3 2 1 
7538518 9969420 11054462 11184316 
5 6 1 4 3 0 2 
7544706 10428746 11010400 11008836 
1 6 0 5 2 4 3 
7545902 9960474 11169236 11180362 
3 6 0 5 2 4 1 
7553096 9902110 11133356 11282636 
6 5 0 2 3 4 1 
7558826 10013202 10897670 11436990 
5 6 4 3 1 0 2 
7564740 10080886 10999144 10890566 
1 2 0 5 6 4 3 
7568582 9711108 10948510 11291764 
1 2 4 3 6 0 5 
7575932 9593532 10808242 11108510 
4 0 6 5 1 2 3 
7578522 10015842 11120242 11073254 
4 0 2 5 1 6 3 
7582238 10069360 11124158 11042278 
5 6 2 4 1 0 3 
7591730 10111144 10716842 11366672 
5 4 3 1 6 0 2 
7600782 9769406 10777178 11253794 
1 0 4 5 6 2 3 
7601378 9729904 11106918 11067990 
4 0 6 1 5 2 3 
7603360 9964012 10889546 11050650 
2 6 0 5 1 4 3 
7612578 9678674 10757746 11076998 
3 0 2 5 6 4 1 
7623392 9834884 10747730 11534368 
4 0 1 2 3 6 5 
7628268 9968586 10734536 11440370 
1 2 6 0 5 4 3 
7646328 10237490 10686768 11513542 
0 4 2 3 1 6 5 
7646760 9850112 10835830 10819146 
5 4 0 2 1 6 3 
7658716 9723014 10754512 11124888 
1 0 4 6 2 5 3 
7661810 9785410 10988704 10909770 
0 4 2 1 3 6 5 
7663652 9880292 11025658 10786078 
3 2 4 1 6 0 5 
7665966 9557836 10852392 11086774 
6 2 1 4 3 0 5 
7673134 10128278 10637510 11033936 
5 2 6 4 1 0 3 
7684412 9971174 10674088 11265444 
5 4 0 6 2 3 1 
7684482 9382194 10782480 11186566 
3 0 2 5 1 4 6 
7690536 9686450 10612132 11521772 
6 5 4 3 1 0 2 
7692936 9680714 10871304 10830142 
6 2 4 1 5 0 3 
7694276 9517972 10702726 10842264 
5 4 0 1 2 3 6 
7696144 9332128 10939108 11142492 
5 1 3 4 6 0 2 
7701084 9843570 10553866 11023114 
6 2 4 3 5 0 1 
7706486 9526162 10671690 10871336 
4 0 3 6 5 2 1 
7719058 9897376 10564826 10844510 
6 5 4 1 3 0 2 
7727200 9681638 10860230 10776764 
5 2 4 1 6 0 3 
7732360 9504180 10867348 10802708 
2 6 4 1 5 0 3 
7735840 9721518 10790010 10739174 
5 2 4 3 1 0 6 
7744118 9829544 10971286 10571566 
4 0 6 2 5 3 1 
7745550 9797736 10666690 11071436 
1 2 4 3 5 0 6 
7747722 9568944 10690120 10817686 
2 6 3 4 5 0 1 
7755570 9576446 10267138 10841332 
1 5 4 3 6 0 2 
7771432 9407150 10674652 10681818 
2 6 1 4 5 0 3 
7783996 9868434 10431260 10643850 
5 4 0 6 3 2 1 
7794278 9416902 10583644 11376588 
5 2 4 1 3 0 6 
7795726 9769268 11054514 10493578 
1 0 4 5 3 2 6 
7807520 9404556 10792856 10986524 
0 4 2 1 3 5 6 
7818672 9458890 10604608 11179792 
1 3 0 5 6 4 2 
7820918 9393544 10836724 10626152 
5 6 4 1 2 0 3 
7821208 9598350 10761194 10626938 
5 6 3 4 2 0 1 
7821634 9493756 10243436 10840156 
5 4 2 1 6 0 3 
7822374 9470174 10554218 11184312 
5 6 1 4 2 0 3 
7838662 9775458 10428964 10600974 
3 0 4 2 1 6 5 
7842362 9436470 10481216 11197242 
2 3 0 5 6 4 1 
7848288 9392616 10609784 11012026 
5 4 0 3 2 6 1 
7868198 9359212 10716510 11230972 
2 4 0 6 5 3 1 
7870282 9228488 10603970 11179650 
5 4 3 1 2 0 6 
7884444 9229542 10349712 11063184 
3 2 4 6 1 0 5 
7891158 9573350 10636686 10838288 
1 0 6 5 3 2 4 
7899794 9843636 10900002 10586730 
6 3 4 1 2 0 5 
7905008 9272618 10369854 10957796 
1 5 4 6 3 0 2 
7927432 9558420 10596696 10492314 
3 0 4 6 2 5 1 
7928912 9544332 10844518 10486550 
5 6 0 2 1 4 3 
7931438 9451664 10394334 10769960 
3 0 4 5 1 2 6 
7935896 9409508 10775982 10665840 
5 4 0 2 6 3 1 
7936334 9317932 10657850 10883570 
4 0 1 6 2 5 3 
7942982 9704942 10522782 10568206 
1 5 4 3 2 0 6 
7956584 9243400 10481116 10449238 
5 1 3 4 2 0 6 
7964278 9371774 10149724 10635440 
0 4 5 6 3 2 1 
7977238 9311922 10152618 11028066 
3 0 4 2 6 5 1 
7985634 9500360 10770278 10433834 
3 6 2 0 1 4 5 
7986334 9574650 10142154 10479780 
3 6 0 5 1 4 2 
7998208 9461858 10593266 10398626 
1 0 3 5 6 4 2 
8003792 9272692 10472534 10931312 
5 4 6 1 3 2 0 
8006406 9827412 10896452 10370752 
0 4 5 1 3 2 6 
8008008 9246290 10370464 10790360 
2 1 0 5 6 4 3 
8024954 9226782 10401862 10491864 
0 4 5 3 1 6 2 
8026006 9530980 10490094 10371640 
2 4 0 1 5 3 6 
8026952 9068606 10617710 10910856 
3 0 6 5 1 2 4 
8040388 9859614 10860182 10310746 
6 5 4 3 2 0 1 
8055692 9145498 10339726 10366360 
5 1 6 4 2 0 3 
8064586 9564206 10184694 10507958 
3 6 1 4 2 0 5 
8066522 9607972 10241426 10462614 
2 5 4 1 6 0 3 
8075984 9118526 10453000 10451390 
6 3 4 1 5 0 2 
8076004 9222998 10293954 10697116 
0 4 5 1 3 6 2 
8078204 9473590 10596244 10307158 
5 1 0 2 6 4 3 
8081782 9250356 10331010 10258178 
2 3 1 4 6 0 5 
8082390 9430086 10142342 10887718 
6 2 5 0 1 4 3 
8090356 9573950 10094716 10572436 
6 5 0 2 1 4 3 
8100898 9274740 10255830 10890468 
5 1 2 4 6 0 3 
8109156 9524802 10104170 10729264 
2 5 4 3 1 0 6 
8109192 9415514 10596888 10238822 
1 6 4 3 5 0 2 
8111440 9362690 10253542 10775534 
6 2 1 4 5 0 3 
8111808 9438788 9990784 10367568 
1 3 0 2 6 4 5 
8112558 9154206 10448994 10288616 
3 6 5 0 1 4 2 
8113362 9614762 10068954 10218232 
5 4 0 1 3 2 6 
8114116 9076788 10500488 10859538 
5 2 4 3 6 0 1 
8118034 9229542 10468308 10253020 
6 5 4 1 2 0 3 
8123268 9009150 10259562 10378710 
1 6 4 3 2 0 5 
8124802 9223528 10178128 10833778 
5 4 2 3 1 6 0 
8132134 9638440 10676246 10013254 
1 6 5 0 3 4 2 
8133532 9755488 10260406 10201888 
6 2 4 5 1 0 3 
8136506 9149618 10437446 10350208 
4 5 2 3 0 6 1 
8150712 9195532 10269550 10324808 
1 5 2 0 3 6 4 
8156916 9839268 10519740 10201750 
6 3 1 4 2 0 5 
8169730 9266784 9913414 10559998 
5 4 1 3 6 0 2 
8172932 9400138 10142246 10539112 
2 1 4 3 6 0 5 
8174622 9305142 10144836 10495604 
5 4 2 3 6 0 1 
8180248 9085448 10092906 10913736 
1 0 3 6 5 2 4 
8190842 9636726 10373136 10106860 
5 3 0 2 6 4 1 
8193680 9141804 10252592 10557886 
5 4 2 1 3 6 0 
8195826 9586420 10864274 9926186 
2 4 3 1 5 0 6 
8201140 8986756 10050634 10840692 
5 1 4 3 6 0 2 
8201360 9304254 10220708 10314312 
6 2 3 4 5 0 1 
8203040 9346230 9822592 10226426 
6 3 4 2 1 0 5 
8203602 9217754 10241372 10627184 
2 5 4 1 3 0 6 
8206948 9304920 10583372 10112184 
0 4 2 5 1 6 3 
8211830 9226274 10187350 10436392 
4 2 3 5 0 6 1 
8219102 9212624 10170288 10750208 
1 5 4 6 3 2 0 
8223064 9218682 10164566 10591164 
6 3 0 2 1 4 5 
8223886 9042538 10254478 10441164 
3 0 6 1 5 2 4 
8227778 9522276 10623234 10100582 
2 4 0 5 6 3 1 
8228582 8964544 10455302 10745290 
2 5 4 6 1 0 3 
8229856 9212428 10384882 10278184 
3 0 6 5 1 4 2 
8232910 9077152 10033176 10968684 
2 1 3 4 5 0 6 
8234870 9170808 9885530 10412744 
3 6 0 2 1 4 5 
8236674 9227216 10240822 10230184 
0 4 2 6 3 5 1 
8237342 9072538 9994138 10887498 
1 0 3 5 6 2 4 
8240432 9752008 10805614 9999506 
2 4 0 3 6 1 5 
8257628 9090842 10414354 10301006 
2 6 4 3 5 0 1 
8260056 9143628 10159056 10458112 
1 3 6 4 5 0 2 
8261452 9269100 9862530 10461052 
1 3 0 6 5 4 2 
8266304 9294924 10569546 10113142 
1 0 5 6 3 2 4 
8266628 9725068 10244882 10170060 
1 5 2 3 0 6 4 
8272724 9130850 10314948 10081486 
3 1 0 5 6 4 2 
8274212 9063526 10356862 9946156 
6 0 4 1 2 3 5 
8275320 8948330 10309498 10995354 
2 6 5 0 1 4 3 
8282744 9439872 9887408 10132606 
1 3 4 6 5 0 2 
8283652 9092688 10022140 10410590 
1 5 4 2 3 0 6 
8286098 9208380 10301378 10071058 
2 5 4 3 6 0 1 
8286796 9044048 10258846 10007620 
1 3 4 6 2 0 5 
8290736 8974404 9953880 10408390 
4 0 3 1 5 2 6 
8292056 9211128 10147084 10277320 
6 2 0 3 1 4 5 
8304984 8973374 10188666 10465126 
0 4 5 2 1 6 3 
8308676 9262934 9981186 10323166 
6 3 1 4 5 0 2 
8321856 9221958 9841900 10298196 
5 4 3 2 1 6 0 
8327368 9657458 10218546 9957222 
1 2 4 6 5 0 3 
8329580 8981018 10006552 10229022 
4 0 3 6 2 5 1 
8331014 9352424 10118038 10131490 
5 6 4 2 1 0 3 
8332522 9305414 10205710 10071156 
3 0 1 6 5 2 4 
8345410 9549396 10403788 9882666 
6 0 4 3 1 2 5 
8350884 8886448 10298422 10652318 
3 5 2 0 1 4 6 
8352160 9366706 9819256 10522928 
5 4 3 6 2 0 1 
8354022 8795644 9772680 10539758 
1 2 6 4 5 0 3 
8359580 9133670 9767922 10256444 
1 3 6 4 2 0 5 
8365846 9126094 9771652 10464638 
5 4 6 1 0 2 3 
8366700 8961230 10266936 10318908 
1 2 0 3 6 4 5 
8379880 8916122 10242278 10313402 
3 1 0 2 6 4 5 
8390990 9024348 10174018 9714538 
0 4 3 2 1 6 5 
8397006 9477424 10032104 9999116 
1 2 5 3 0 6 4 
8398136 9012988 10154014 10114098 
6 5 4 2 3 0 1 
8417342 9054034 10158752 9951100 
6 3 4 5 1 0 2 
8421610 8980572 10167670 10310000 
1 3 4 2 6 0 5 
8432530 8829454 9897728 10254164 
4 0 5 6 2 3 1 
8434822 9371348 9987050 10192610 
1 6 3 4 5 0 2 
8435098 9211036 9845312 10018778 
5 6 4 3 2 0 1 
8440500 8948458 10036554 10198536 
1 2 3 4 5 0 6 
8445480 9247010 9715580 9895810 
6 5 4 2 1 0 3 
8450654 8916762 10089662 10016828 
6 5 2 0 1 4 3 
8451706 9203866 9761200 10334796 
3 1 4 6 2 0 5 
8459324 9096160 9951116 10062872 
5 4 1 6 2 0 3 
8464920 9067512 9844074 10187634 
3 6 2 4 5 0 1 
8469476 8929552 9616180 10303512 
3 0 6 2 1 4 5 
8475926 8860528 9690924 10754560 
6 2 5 4 3 0 1 
8480164 9356190 9661968 10249948 
2 4 5 3 6 0 1 
8490546 8772470 9743072 10613254 
1 3 0 6 2 4 5 
8494924 8914856 10251886 9844342 
1 5 4 6 2 0 3 
8496540 8722780 9855948 9838820 
1 3 4 5 6 0 2 
8505530 8702088 9966914 10161700 
1 6 3 4 2 0 5 
8518760 9054014 9753558 10081202 
1 3 2 0 6 4 5 
8523440 9193676 9693990 10180256 
2 4 3 6 5 0 1 
8525710 8662674 9616490 10541986 
5 1 0 2 4 6 3 
8528218 9007674 9843938 10143946 
3 1 0 6 5 4 2 
8538326 9162558 10469700 9624246 
2 5 4 6 3 0 1 
8538424 9027356 10177212 9707776 
1 2 4 5 6 0 3 
8547554 8595506 9956942 9984372 
3 1 2 0 6 4 5 
8552000 9216768 9657938 9862812 
5 3 1 4 2 0 6 
8552040 8996306 9768408 9944412 
6 1 3 4 2 0 5 
8559308 8976132 9643898 10070574 
5 1 4 6 2 0 3 
8563840 9028808 9931888 9741890 
3 2 6 0 1 4 5 
8568326 8995020 9521700 10273302 
5 4 2 1 0 6 3 
8575440 8697408 10213008 9851092 
2 5 3 4 6 0 1 
8575560 9177936 9561988 10195450 
6 5 1 4 2 0 3 
8589250 8911708 9498456 9892080 
5 4 3 2 6 0 1 
8593394 8740532 9654080 10251012 
3 1 5 0 6 4 2 
8599316 9137312 9619506 9714048 
3 0 1 2 4 6 5 
8604926 8743764 9739258 10199594 
1 3 4 2 5 0 6 
8605008 8802578 9778822 9969964 
5 2 0 6 1 4 3 
8613932 8723848 9788202 10472906 
2 6 3 1 5 0 4 
8616170 8573022 9670618 9927234 
3 6 0 1 2 4 5 
8619812 8854946 10368224 9764546 
0 4 3 1 5 6 2 
8628728 9183874 10265412 9705184 
1 6 2 3 0 4 5 
8633022 9012976 10251442 9762118 
6 2 1 0 3 4 5 
8634640 9256026 9432732 10206878 
5 3 6 4 2 0 1 
8635320 8907036 9617850 10056112 
3 1 0 6 2 4 5 
8638232 8932332 10260182 9412714 
3 1 2 4 5 0 6 
8640600 8876174 9478064 10148904 
4 2 6 3 5 0 1 
8649340 8693062 9622288 10123908 
3 0 1 6 2 5 4 
8650044 9233304 10207408 9431612 
4 2 1 5 0 6 3 
8650686 8671718 9589152 10475416 
3 2 4 5 1 0 6 
8654386 8880422 10100950 9724054 
1 2 6 3 5 0 4 
8662230 8738250 9773112 9814422 
3 4 2 1 5 0 6 
8662518 8553594 9696448 10557316 
1 5 4 2 6 0 3 
8670054 8536490 9754166 9650144 
6 1 3 4 5 0 2 
8671958 8904618 9570716 9920806 
4 5 1 2 0 6 3 
8675874 8740856 9450542 10263764 
2 6 1 5 4 0 3 
8676344 9028548 9967054 9612644 
3 1 6 4 0 2 5 
8678334 8892400 9797858 9549066 
2 3 6 4 5 0 1 
8679194 8886650 9553660 9958300 
5 2 6 0 1 4 3 
8684256 8919410 9417574 10213694 
6 2 1 3 5 0 4 
8685214 8786274 9714040 9663898 
1 3 2 4 5 0 6 
8694204 8962140 9363784 9975560 
4 2 1 3 5 0 6 
8713560 8783868 9581646 9919734 
5 6 3 1 2 0 4 
8717118 8463914 9612542 9871998 
3 4 0 6 2 1 5 
8725054 8881666 10313332 9620700 
5 1 2 0 3 4 6 
8726844 9149666 9601438 9791454 
5 4 2 3 6 1 0 
8729326 9189786 10224840 9383372 
6 2 3 0 1 4 5 
8730250 9017210 9342852 9987422 
3 4 0 2 6 1 5 
8731520 8827074 10107692 9624072 
6 3 4 2 5 0 1 
8732280 8649792 9639676 9853870 
6 5 3 4 2 0 1 
8732746 8897546 9307468 9676990 
3 1 4 2 6 0 5 
8736242 8803876 9611692 9766196 
0 1 2 3 4 6 5 
8741922 8617208 9587828 9924200 
1 6 5 3 0 4 2 
8744080 9054142 10210484 9462938 
1 3 4 6 0 2 5 
8749052 8763960 9573726 10157700 
5 2 0 1 6 4 3 
8750764 8441950 9829404 10308012 
3 0 1 2 6 4 5 
8751828 8625386 9487646 10237574 
5 4 2 0 1 6 3 
8757540 9000294 9667230 9667754 
6 2 3 1 5 0 4 
8764236 8685526 9576884 9493684 
4 5 6 3 0 2 1 
8767692 8438510 9585954 9648684 
2 4 5 3 1 6 0 
8769204 9088126 10083212 9409784 
0 3 2 5 4 6 1 
8769560 8715410 9561830 10025418 
1 0 3 6 2 5 4 
8770974 9121864 9946850 9418116 
3 2 6 4 5 0 1 
8775636 8775946 9500050 9786102 
2 4 6 3 5 0 1 
8775688 8570222 9493632 10529010 
5 4 1 6 2 3 0 
8776108 9388376 10024674 9383268 
1 5 6 4 2 0 3 
8776390 8781278 9363786 9804700 
5 1 2 0 6 4 3 
8780308 9063418 9479812 9666538 
5 1 6 4 0 2 3 
8784806 8740936 9770242 9437170 
3 6 5 4 2 0 1 
8789240 8682956 9238812 10022570 
4 5 6 1 0 2 3 
8789304 8343792 9490256 9842354 
3 6 2 4 0 5 1 
8793862 8440288 9453398 9786050 
6 3 2 4 5 0 1 
8820504 8810040 9225244 9860804 
4 2 6 1 0 5 3 
8829468 8328126 9532596 9960102 
4 2 6 1 5 0 3 
8832022 8499814 9450386 9906500 
1 5 3 4 2 0 6 
8834842 8853446 9323416 9482902 
3 6 1 4 0 5 2 
8843454 8924936 9724632 9379012 
2 4 5 1 3 6 0 
8846518 8986622 10188396 9316322 
5 1 0 3 6 4 2 
8850524 8409588 9720656 9466476 
5 1 4 2 6 0 3 
8850898 8718714 9592074 9433514 
3 4 2 1 0 5 6 
8851908 8306680 9665720 10165168 
0 6 5 4 3 2 1 
8853374 8634802 9386734 10377846 
2 4 3 5 6 0 1 
8856554 8418860 9481088 10138976 
4 2 1 3 0 6 5 
8862988 8551666 9399806 10040498 
3 4 5 6 0 2 1 
8869318 8256562 9344408 10244918 
0 1 5 4 3 2 6 
8874874 8692840 9439182 9977924 
3 6 2 1 0 5 4 
8875342 8173392 9564998 9847648 
5 2 3 0 1 4 6 
8877304 9015380 9209766 9958120 
1 5 6 0 3 2 4 
8881368 9003336 9792194 9291880 
5 4 2 6 3 1 0 
8886302 9150378 10151698 9212942 
3 0 1 5 4 6 2 
8887646 8436596 9629522 9766622 
3 2 4 6 5 0 1 
8890464 8521080 9648386 9559318 
6 3 2 0 1 4 5 
8895434 8825672 9274314 9743924 
2 6 3 0 1 4 5 
8903528 8851282 9136194 9601672 
2 1 5 0 6 4 3 
8905070 8908862 9318480 9495758 
4 5 1 3 2 0 6 
8907836 8500348 9393858 9556998 
6 4 1 3 2 0 5 
8907904 8646604 9335474 10285002 
3 5 4 2 1 0 6 
8908820 8686548 9795944 9450826 
2 1 0 3 6 4 5 
8910474 8346836 9608664 9468544 
1 2 6 4 0 5 3 
8912466 8438506 9439840 9583782 
4 5 1 6 0 2 3 
8915682 8433796 9183208 9849690 
5 6 1 4 0 2 3 
8916540 8701914 9627410 9422802 
3 6 2 5 1 4 0 
8925808 8463568 9554078 9477492 
3 4 5 1 2 0 6 
8926262 8246086 9400456 10214716 
1 3 6 4 0 2 5 
8927110 8491922 9457146 9421696 
3 6 5 1 0 4 2 
8934942 8764242 10050384 9227954 
3 4 2 5 0 6 1 
8937086 8281320 9560440 10179916 
4 2 3 1 5 0 6 
8937410 8580906 9354196 9550158 
5 4 3 6 2 1 0 
8940192 9154748 9982268 9113506 
3 1 5 4 2 0 6 
8940860 8550714 9138008 9809874 
6 2 3 5 1 0 4 
8941798 8973632 9938888 9237120 
3 6 2 1 5 0 4 
8942908 8293760 9422812 9763558 
2 4 5 3 6 1 0 
8946212 8942632 9982454 9142422 
5 4 3 2 6 1 0 
8952988 9091796 9785268 9108568 
6 1 2 0 3 4 5 
8955562 8999776 9408308 9451836 
1 3 2 5 6 4 0 
8958660 8718356 9724914 9340710 
3 6 5 1 0 2 4 
8963070 8106798 9356400 9780452 
5 6 3 0 1 4 2 
8966426 8871262 9136134 9487160 
5 1 3 2 4 6 0 
8967886 8598642 9407848 9300268 
1 5 6 3 2 0 4 
8969980 8561038 9520976 9306058 
2 6 1 0 4 3 5 
8977180 8786736 9272768 9401146 
1 3 6 5 0 2 4 
8982682 8256332 9596120 9575432 
2 5 3 0 6 4 1 
8983924 8897402 9075576 10080672 
3 1 4 5 6 0 2 
8984104 8476350 9475992 9567814 
3 6 5 4 0 2 1 
8989710 8264962 9150348 9591354 
2 3 5 4 6 0 1 
8991912 8794978 9081660 10100994 
1 3 6 5 4 2 0 
8994284 8607940 9899030 9290308 
6 3 5 0 1 4 2 
9001000 8830014 9201844 9543112 
6 2 1 5 3 0 4 
9005738 8725858 9744158 9270556 
6 1 5 0 3 4 2 
9008864 8925722 9358634 9324972 
1 5 4 3 0 2 6 
9009328 8341490 9607520 9379982 
1 5 6 3 0 2 4 
9009656 8285768 9581372 9157366 
3 6 2 0 4 1 5 
9009846 8574472 9394058 9299434 
4 5 1 3 6 0 2 
9010664 8453230 9405086 9499694 
0 3 2 1 4 6 5 
9017940 8261482 9349478 10106448 
3 2 4 5 6 0 1 
9023262 8285172 9602052 9412948 
5 6 2 0 4 1 3 
9025598 8624292 9351946 9264468 
4 5 2 1 0 6 3 
9035164 8233090 9420088 9500978 
6 4 2 3 5 0 1 
9038258 8191752 9281316 10388944 
1 5 6 4 0 2 3 
9043458 8291992 9247254 9307016 
5 1 3 4 2 6 0 
9051064 8935338 9895812 9156496 
6 3 5 4 2 0 1 
9051208 8606368 8905400 9670674 
6 5 1 3 2 0 4 
9053596 8434374 9373712 9131790 
3 4 5 1 0 2 6 
9055356 8073344 9409256 9766592 
2 4 5 3 0 6 1 
9055958 8215942 9537692 9689240 
5 6 1 0 4 3 2 
9078310 8785376 9264020 9166072 
6 1 2 4 5 0 3 
9079374 8585258 9122252 9624556 
1 4 2 3 5 0 6 
9081284 8233314 9298554 10333132 
3 1 2 4 0 5 6 
9082558 8329008 9236164 9413536 
4 2 6 3 0 5 1 
9095586 8098974 9355298 9488710 
2 4 5 6 3 1 0 
9096034 8929212 9952820 8975350 
5 6 1 4 0 3 2 
9106082 8904034 9868146 9062460 
0 1 2 5 4 6 3 
9107814 8313304 9216948 9438040 
2 5 6 0 1 4 3 
9109736 8569458 9010918 9829018 
6 2 4 3 0 5 1 
9110038 8241384 9605818 9410208 
3 4 2 6 0 5 1 
9115310 8037914 9208248 10113494 
1 3 6 4 0 5 2 
9118110 8424334 9330030 9225384 
5 6 3 4 0 2 1 
9118150 8284972 9240310 9463310 
5 4 1 2 6 3 0 
9127528 9077154 9664060 8991680 
3 1 5 6 0 4 2 
9129830 8703204 9730622 9067128 
6 4 5 3 2 0 1 
9132922 8054960 9125632 10185514 
5 1 3 0 2 4 6 
9135518 8826600 9144360 9586334 
3 4 5 1 0 6 2 
9136082 8282254 9618746 9271270 
5 3 4 2 6 0 1 
9136596 8359732 9441766 9235522 
2 6 3 5 4 1 0 
9141022 8241380 9372276 9248494 
3 2 6 4 0 5 1 
9141322 8257782 9292568 9256240 
3 5 4 6 2 0 1 
9149442 8226702 9417162 9079600 
0 4 3 6 2 1 5 
9155534 8830624 9706684 9041204 
3 1 5 6 0 2 4 
9159008 8044328 9035734 9619144 
5 1 6 0 4 3 2 
9159784 8663174 9176816 9163452 
0 4 3 2 6 1 5 
9160530 8781372 9509984 9045266 
2 6 5 1 0 4 3 
9162512 8487150 9866600 9075188 
1 3 5 4 2 0 6 
9164044 8554948 8914196 9463614 
2 6 1 3 5 0 4 
9168812 8287120 9203786 9448690 
4 5 6 1 2 0 3 
9185796 8207704 9116630 9472402 
2 6 5 0 4 1 3 
9190810 8571494 9194452 9030222 
2 1 6 4 0 5 3 
9195354 8431782 9397700 9194498 
3 5 1 4 2 0 6 
9199420 8473744 9165912 9138134 
6 5 4 1 0 2 3 
9205348 8078458 9399304 9473002 
3 6 5 0 4 1 2 
9206132 8571744 9257006 8974952 
0 1 3 2 4 6 5 
9210968 8350488 9069446 9173434 
2 6 3 4 0 5 1 
9211678 8270652 9159922 9347460 
3 5 4 6 0 2 1 
9213098 8256134 9299704 9450804 
4 3 1 2 0 6 5 
9217078 8312594 9009246 9925106 
5 4 6 3 0 2 1 
9219398 8055148 9338204 9595648 
4 2 1 6 5 0 3 
9219554 8267978 8977074 9404382 
5 6 2 3 4 1 0 
9219648 8172030 9427934 9337904 
4 5 3 6 0 2 1 
9227752 8367238 8903292 9424900 
3 6 5 1 2 0 4 
9230848 8084088 9080532 9493020 
3 2 6 1 0 5 4 
9234702 8038010 9430824 9198362 
3 6 4 2 5 0 1 
9242612 8242054 9206992 9411908 
3 2 5 1 0 6 4 
9243210 8099364 9287508 9461880 
5 1 6 0 4 2 3 
9245272 8633054 9256516 8924490 
0 1 5 2 4 6 3 
9253110 8331706 8961620 9312880 
3 1 6 5 4 2 0 
9254048 8433428 9522622 9050828 
3 1 2 4 0 6 5 
9254154 8296104 9360120 8853860 
6 4 0 3 2 5 1 
9255334 7926608 9387390 10194922 
3 4 2 6 5 0 1 
9256536 7973660 8981732 9998226 
1 6 5 4 2 0 3 
9258506 8410700 8936472 9401976 
4 2 5 1 0 6 3 
9258816 8080530 9213930 9353550 
3 5 4 2 6 0 1 
9259464 8151930 9317822 8964184 
4 2 3 6 5 0 1 
9260722 8258264 8921526 9252214 
4 5 3 1 2 0 6 
9263736 8247624 9032412 9154896 
6 5 3 1 2 0 4 
9264668 8283864 9102560 8929050 
0 3 1 2 4 6 5 
9264958 8154936 8878454 9437298 
3 1 6 0 4 2 5 
9269996 8554084 9279086 8885006 
1 2 6 3 0 5 4 
9271964 7989582 9400798 9054512 
5 2 1 0 6 4 3 
9276954 8526092 8836512 9717910 
2 5 3 0 1 4 6 
9281322 8629658 8803840 9634180 
3 5 6 4 2 0 1 
9284464 8387414 9015294 9244842 
3 6 5 2 1 4 0 
9291302 8269038 9128434 9047502 
1 6 2 4 0 5 3 
9293536 8124472 9115526 9233658 
0 6 2 5 1 4 3 
9293852 8109780 9057750 9542286 
5 2 1 0 4 3 6 
9294884 8609100 9178374 8889544 
6 1 5 4 2 0 3 
9297290 8329878 8826872 9396340 
5 1 2 3 0 6 4 
9303020 7989026 9311604 9343080 
2 5 1 3 6 0 4 
9304216 8350536 9256180 8844450 
2 6 1 0 3 4 5 
9304458 8850782 8905358 9314820 
1 4 0 5 2 3 6 
9312586 7949442 9628922 9615396 
3 1 2 0 4 6 5 
9321656 8342088 9094608 8788300 
5 6 2 3 1 4 0 
9323728 8110006 9327660 8954814 
5 1 2 0 4 3 6 
9327898 8536274 9052630 9120954 
5 1 3 6 2 0 4 
9329340 7908034 8941798 9143856 
5 1 2 0 4 6 3 
9329692 8397008 9058388 8760054 
1 2 3 6 5 0 4 
9329988 8263664 9037202 8865124 
1 3 5 2 6 4 0 
9338482 8467672 9297362 8738762 
4 5 1 3 0 2 6 
9340214 8046028 9037964 9022972 
2 6 3 0 4 1 5 
9340368 8274384 8877682 8927486 
4 3 6 1 5 0 2 
9348390 8050940 8935234 9641652 
2 3 0 1 6 4 5 
9360396 7745008 9279200 9444976 
2 6 5 3 1 4 0 
9364314 8152494 9279036 8830530 
3 1 2 5 6 4 0 
9364620 8309448 9246662 8794666 
5 6 3 0 4 1 2 
9371442 8324454 8898124 8837250 
3 1 5 4 0 2 6 
9371686 8019274 8894530 8951720 
4 5 1 6 2 0 3 
9371928 8051764 8847686 9019892 
6 5 4 3 0 2 1 
9378628 7988118 9292064 9090996 
3 4 5 6 2 0 1 
9387992 7819640 8831596 9698874 
4 3 6 1 0 2 5 
9393328 7858744 8985328 9406692 
5 1 2 4 0 6 3 
9393386 8120590 9318854 8674234 
3 1 2 5 4 6 0 
9411708 8114832 9245544 8829122 
5 3 0 1 6 4 2 
9414148 7733534 9309738 9328372 
2 1 3 6 5 0 4 
9420040 7843302 8854866 9199940 
3 1 2 6 0 5 4 
9427440 7793346 8890292 9423460 
6 3 5 2 1 4 0 
9431688 8339650 9136880 8825010 
3 6 1 0 4 5 2 
9432976 8592664 9283660 8722360 
3 2 1 4 0 5 6 
9436108 8278040 9131726 8764034 
3 5 6 1 0 2 4 
9438878 7892176 9201904 8867814 
5 3 6 4 0 2 1 
9441192 8041584 9145760 8826578 
2 5 1 0 6 4 3 
9443794 8300796 8596912 9596962 
5 1 3 0 6 4 2 
9450664 8398756 8689182 8983648 
3 5 6 4 0 2 1 
9451068 7993118 8963484 8823794 
2 1 3 5 4 6 0 
9462570 8059602 9080450 8803586 
1 3 6 2 5 0 4 
9462816 7977824 8930754 9034920 
4 5 3 6 2 0 1 
9465360 8120446 8769342 8793776 
1 3 6 5 2 0 4 
9476098 7897864 9090006 8999694 
1 6 5 3 0 2 4 
9483888 7726162 9023884 9163644 
3 4 6 5 0 2 1 
9486146 7791948 8967334 9725002 
3 5 1 0 6 4 2 
9492460 8287686 8661922 9387176 
4 3 6 1 2 0 5 
9495624 7867542 8809676 9581998 
4 6 1 3 2 0 5 
9508398 7986286 8749272 9557168 
5 1 6 2 4 3 0 
9509122 8187462 9104138 8790496 
4 5 3 2 6 0 1 
9512172 8275294 9054422 8708030 
0 2 1 3 4 6 5 
9515644 7845428 8811418 9555366 
0 1 2 6 3 5 4 
9516564 8013128 8849160 9554360 
1 3 6 2 0 5 4 
9522106 7883522 9018666 9023020 
4 5 1 2 6 0 3 
9522118 7950202 8887752 8842164 
4 3 1 6 0 2 5 
9523186 7947164 8673012 9412492 
6 3 1 2 5 0 4 
9524528 7929440 8908762 8870800 
0 3 1 5 4 6 2 
9525034 7873688 8795250 9018042 
5 3 6 1 2 0 4 
9527904 7865710 8980460 9117070 
2 1 3 0 6 4 5 
9528110 8323656 8566282 8961632 
3 1 5 2 6 4 0 
9528714 8190814 9025386 8414284 
1 3 2 4 0 6 5 
9528978 8003074 9008012 8815216 
2 3 6 1 5 0 4 
9536894 7871742 8950644 9073318 
6 4 3 5 2 0 1 
9538060 7662870 8829848 9622836 
3 1 5 2 4 6 0 
9539508 8145582 9001124 8728046 
4 6 3 5 0 2 1 
9540202 7783688 8863382 9617434 
5 6 3 1 0 2 4 
9545386 7695834 8973748 9213800 
0 6 2 5 4 1 3 
9545396 7837808 8859440 9253376 
5 6 2 1 3 4 0 
9546254 7966202 9440890 8680900 
0 2 6 3 4 1 5 
9551228 7706936 8830414 9604994 
5 6 2 4 0 1 3 
9551936 8080530 9394544 8634412 
6 2 1 5 4 3 0 
9552536 7897836 9175236 8883122 
3 6 2 5 4 1 0 
9557368 7832286 9110950 8898698 
6 3 1 5 2 0 4 
9558586 7774008 8941662 8825822 
5 3 1 2 4 6 0 
9558876 8037090 8859256 8915532 
1 6 5 4 0 2 3 
9559440 7897716 8783286 8894124 
0 3 6 5 1 4 2 
9559774 7935448 8742420 9280260 
1 4 5 6 0 2 3 
9560930 7809750 8890032 9424912 
6 3 5 1 2 0 4 
9565780 7923980 8661628 9096928 
1 5 3 6 2 0 4 
9568388 8112586 8855438 8373842 
5 1 6 3 2 0 4 
9569012 7843486 8805976 9215312 
4 6 1 5 0 2 3 
9572112 7814210 8725062 9628356 
1 3 2 6 5 0 4 
9574212 7960974 8675326 8990054 
5 0 1 3 4 6 2 
9575158 7787460 8901938 9445418 
1 5 3 2 6 0 4 
9578072 8332646 9141946 8330936 
2 0 1 3 4 6 5 
9582630 7717158 8828452 9583900 
5 3 6 0 1 4 2 
9582932 8189154 8534158 9195010 
4 3 6 2 0 5 1 
9587856 7834850 8799710 9213314 
6 3 1 4 0 2 5 
9589200 8013422 8882726 8776626 
2 1 6 0 3 4 5 
9594430 8589586 8750508 8905192 
2 6 5 1 3 4 0 
9600462 7959206 9309422 8550222 
4 3 1 5 0 2 6 
9600866 7830898 8844774 9150562 
6 2 3 4 0 5 1 
9601348 8083036 8753376 8805654 
1 6 3 5 2 0 4 
9604912 7730348 9017928 8858222 
3 1 6 5 0 2 4 
9608216 7656010 8912402 9173212 
1 6 3 2 5 0 4 
9608712 7809870 8851376 8871256 
2 1 3 5 6 0 4 
9609852 7783292 8922342 8950100 
6 1 2 3 5 0 4 
9610180 7764048 8750084 9348590 
4 3 1 6 5 0 2 
9616442 7873488 8642790 9192270 
6 3 1 4 0 5 2 
9616536 8061162 8943866 8684618 
1 6 2 3 0 5 4 
9620784 7547838 9004244 9028178 
4 6 2 1 0 5 3 
9624658 7676608 8897930 9214898 
4 3 1 2 5 0 6 
9626494 7878974 8723628 9052476 
5 2 1 0 4 6 3 
9628924 7997824 8628754 8870698 
3 4 5 2 6 0 1 
9633734 7741388 8674256 9407138 
4 2 3 6 0 5 1 
9635070 7960104 8608688 9170318 
1 3 2 6 0 5 4 
9640402 7838272 8767638 8925054 
0 3 6 2 4 1 5 
9646622 7707856 8553430 9231486 
4 3 6 1 0 5 2 
9649608 7729650 8813026 9132248 
2 3 6 0 1 4 5 
9650704 8080114 8447202 9151696 
2 0 3 6 1 4 5 
9655644 7683292 8765416 9694102 
5 1 3 2 6 4 0 
9656738 8139084 8848248 8382876 
4 6 2 1 5 0 3 
9668512 7819396 8771020 9148896 
4 5 3 1 0 2 6 
9673896 7884752 8662350 8791852 
1 5 2 4 0 6 3 
9673926 7761934 8786290 8618636 
0 6 5 2 1 4 3 
9676842 7902902 8621198 9088212 
2 6 3 1 0 5 4 
9680326 7636124 8868370 9034914 
4 3 1 6 2 0 5 
9685236 7710018 8535464 9127952 
4 3 6 2 5 0 1 
9692054 7774572 8606474 9100502 
2 4 3 0 1 6 5 
9692292 8334646 8682530 8758404 
4 3 1 5 2 0 6 
9701580 7651480 8754950 8960158 
3 1 5 4 0 6 2 
9702312 7887368 8888868 8341682 
4 3 5 6 0 2 1 
9703656 7895140 8535294 8969748 
2 3 6 4 0 5 1 
9704956 7881994 8912218 8593636 
1 2 3 4 0 5 6 
9705884 8114206 8735206 8580234 
3 1 2 6 5 0 4 
9708050 7660448 8569980 9049860 
1 3 5 6 2 4 0 
9708148 8259822 9130354 8305788 
6 1 5 3 2 0 4 
9709536 7646228 8585424 9159134 
6 5 1 4 0 2 3 
9714524 7803232 8665742 8653966 
2 1 5 3 0 6 4 
9717384 7633128 8871538 8954818 
3 1 5 0 4 6 2 
9726126 8041712 8726900 8314994 
3 2 1 0 4 6 5 
9726498 7870924 8594646 8771386 
6 2 1 3 0 5 4 
9732970 7721576 8976192 8526078 
6 4 5 1 0 2 3 
9734998 7533020 8893320 9118106 
1 4 2 6 0 5 3 
9736866 7642532 8783062 9438326 
4 6 3 5 2 0 1 
9738286 7583882 8762478 9040020 
5 1 3 6 0 2 4 
9740196 7636172 8652002 9052888 
3 5 6 1 2 0 4 
9740522 7845768 8889382 8570214 
6 3 2 4 0 5 1 
9747166 7876884 8666502 8581640 
2 0 6 3 1 4 5 
9748254 7605486 8654834 9618702 
5 1 2 3 6 4 0 
9755124 7962978 9028524 8274064 
4 6 5 3 0 2 1 
9759234 7526324 8683978 9030144 
3 2 5 4 0 6 1 
9762510 7702988 8614024 8797258 
3 1 5 6 2 4 0 
9763256 8130298 9141650 8123760 
0 1 5 2 6 4 3 
9763980 7883698 8649810 8601182 
3 5 1 6 0 2 4 
9766460 7840178 8769414 8598184 
3 4 6 2 0 5 1 
9766718 7633682 8646324 9501774 
5 1 3 4 0 6 2 
9771596 7952998 9043642 8253598 
2 5 6 0 4 1 3 
9779088 7868122 8576328 8798306 
3 5 6 0 4 1 2 
9780090 7878132 8648418 8760332 
1 3 5 4 0 2 6 
9780986 7886336 8548358 8370078 
0 1 5 3 6 4 2 
9785854 7752112 8817158 8531224 
5 2 6 3 1 4 0 
9790120 7612646 8786366 8881336 
5 3 2 1 0 6 4 
9790468 7586070 8936164 8951068 
2 5 1 3 4 6 0 
9790708 7609044 8713878 9012366 
0 3 2 6 4 1 5 
9790730 7645894 8486458 9316196 
3 2 1 5 4 6 0 
9803000 7590010 8715230 8948250 
4 3 1 2 6 0 5 
9803706 7649796 8621160 8984674 
2 3 1 6 5 0 4 
9805918 7693604 8657594 8622598 
4 6 5 1 0 2 3 
9808146 7539714 8649432 8949722 
1 2 5 4 0 6 3 
9808838 7681692 8646636 8555868 
4 1 6 5 0 2 3 
9810998 7551198 8590142 9289144 
1 4 3 5 2 0 6 
9814390 7505028 8720978 9253236 
0 3 6 2 1 4 5 
9825434 7692904 8373636 9052420 
6 4 1 5 2 0 3 
9832414 7631162 8488466 9311116 
2 4 6 3 0 5 1 
9838082 7522018 8821562 9114566 
2 5 3 0 4 6 1 
9842264 8019898 8481390 8665088 
3 1 5 6 2 0 4 
9844198 7525400 8410868 8764482 
6 1 3 2 5 0 4 
9846830 7502012 8575306 8772522 
3 2 1 6 5 0 4 
9849704 7813440 8734584 8347588 
5 1 2 6 3 4 0 
9850272 7959298 8984498 8176366 
6 3 2 0 4 1 5 
9851898 7874910 8570298 8648374 
2 1 5 3 6 4 0 
9856342 7830778 8891708 8126036 
5 3 6 1 0 2 4 
9865528 7440962 8872702 8606184 
1 2 3 6 0 5 4 
9867824 7810924 8619040 8658516 
2 3 1 5 6 0 4 
9867966 7636870 8779670 8538742 
4 6 2 3 0 5 1 
9870426 7366870 8675048 8947820 
5 3 2 4 0 6 1 
9870692 7679276 8768446 8576462 
2 5 3 0 4 1 6 
9871910 7977042 8441866 8675040 
6 4 5 3 0 2 1 
9873528 7305070 8708240 9084990 
3 5 2 4 0 6 1 
9876408 7613650 8587990 8559508 
5 1 3 0 4 6 2 
9877828 7807946 8380438 8188224 
1 3 5 6 2 0 4 
9879940 7744194 8406682 8531760 
0 6 3 2 4 1 5 
9885098 7670256 8519698 8709806 
1 4 5 3 0 2 6 
9885498 7398582 8769800 8913470 
2 1 6 5 4 3 0 
9885838 7777048 8896606 8400248 
5 1 3 6 2 4 0 
9897650 8055428 8925772 8089362 
0 5 6 3 4 1 2 
9898700 7488194 8529536 9241894 
0 2 6 5 4 1 3 
9901450 7404142 8464038 9163452 
6 3 2 1 0 5 4 
9901610 7526468 8692610 8599042 
3 2 1 5 6 0 4 
9909096 7759602 8862228 8266532 
2 0 3 1 6 4 5 
9913050 7327104 8640578 9389180 
6 1 3 5 2 0 4 
9913414 7345746 8594306 8685288 
3 6 5 2 4 1 0 
9915824 7666724 8680818 8522870 
4 6 1 3 0 2 5 
9918964 7542708 8408056 9063568 
6 5 2 1 3 4 0 
9919104 7600196 8910168 8570100 
2 0 1 3 6 4 5 
9920332 7418960 8435900 9372400 
6 3 1 5 0 2 4 
9923376 7513286 8731594 8661130 
5 3 1 6 2 0 4 
9924552 7562068 8577170 8378030 
6 1 4 0 2 3 5 
9931468 8119450 8290394 9324414 
4 3 2 1 0 5 6 
9934492 7597018 8556808 8690844 
5 0 3 1 6 4 2 
9934582 7337590 8692572 9311492 
4 3 2 6 0 5 1 
9937488 7626332 8404454 8796904 
6 3 5 4 0 2 1 
9938342 7682286 8365496 8371030 
2 3 1 4 0 5 6 
9939178 7801312 8753436 8272822 
3 1 6 2 0 5 4 
9940808 7451946 8537332 8872668 
2 1 5 6 3 4 0 
9944336 7853086 8891190 8031696 
5 3 1 4 0 2 6 
9945926 7767134 8754202 8180556 
4 6 1 2 5 0 3 
9949372 7660230 8340018 8905896 
6 5 1 3 0 2 4 
9951478 7539914 8717926 8242668 
5 3 1 2 6 0 4 
9952542 7660766 8666346 8339152 
1 4 6 2 5 0 3 
9953596 7601848 8366264 9345604 
3 5 1 4 0 2 6 
9954038 7715728 8571986 8182764 
0 5 1 3 4 6 2 
9956396 7492278 8471956 8925146 
2 3 6 5 4 1 0 
9962156 7539846 8689784 8522592 
1 5 3 0 4 2 6 
9968582 8180180 8786248 8163328 
4 1 6 3 5 0 2 
9969962 7617832 8339858 9282306 
3 1 5 2 6 0 4 
9973796 7598516 8420604 8598886 
2 1 5 0 4 6 3 
9975720 7866362 8462054 8139544 
1 4 5 6 2 0 3 
9979140 7467818 8441942 8955504 
6 3 5 1 0 2 4 
9984666 7440602 8486056 8515932 
2 3 1 0 6 4 5 
9985314 7813684 8032140 8921284 
2 1 3 4 0 6 5 
9986322 7769856 8816048 8137354 
4 6 1 5 2 0 3 
9988834 7479164 8422586 8852268 
3 5 1 2 4 6 0 
9998400 7508496 8448424 8722454 
3 4 6 5 2 0 1 
9999162 7378314 8450914 9222500 
6 4 2 3 0 5 1 
10001552 7215048 8691946 9060000 
0 3 2 6 1 4 5 
10002386 7495758 8327608 8884374 
0 2 6 3 1 4 5 
10015384 7352768 8412044 9038168 
1 3 5 4 0 6 2 
10018002 7662448 8535370 8187390 
6 3 1 2 0 5 4 
10021840 7519108 8631140 8480990 
4 3 2 6 5 0 1 
10034786 7594454 8206818 8737192 
5 3 6 0 4 1 2 
10035856 7608822 8244296 8530716 
1 3 5 0 4 2 6 
10037800 8196270 8787310 8025520 
3 4 1 5 2 0 6 
10048308 7450586 8438374 8954338 
3 6 1 2 5 0 4 
10051912 7550122 8475498 8380582 
5 3 6 2 4 1 0 
10051924 7508240 8487822 8479438 
2 3 5 0 4 6 1 
10052322 7913958 8353234 8435992 
3 5 1 0 4 2 6 
10052768 7890088 8659618 8075700 
2 1 5 4 0 6 3 
10056270 7528712 8620008 8045812 
0 5 1 2 4 6 3 
10059262 7457940 8177672 8887860 
1 4 6 5 2 0 3 
10059598 7401048 8392136 9209678 
4 6 3 2 0 5 1 
10060278 7436518 8323694 9045838 
0 1 3 5 6 4 2 
10060890 7667494 8523040 8280504 
3 6 1 5 2 0 4 
10061734 7421116 8559206 8361154 
5 1 6 3 0 2 4 
10061840 7234232 8568452 8493516 
2 3 1 5 6 4 0 
10066066 7674946 8432166 8424282 
5 3 6 2 1 4 0 
10067248 7647868 8413352 8425084 
6 5 3 4 0 2 1 
10076658 7653830 8273182 8240202 
5 0 1 3 6 4 2 
10076972 7334092 8403660 9108730 
0 3 5 6 1 4 2 
10077376 7550696 8323934 8676828 
4 3 5 1 0 6 2 
10082476 7476982 8492904 8515616 
6 5 2 4 0 3 1 
10090794 7736430 8564778 8157628 
6 3 1 0 4 2 5 
10092254 7663592 8380210 8230852 
1 6 3 2 0 5 4 
10098348 7414430 8473514 8730148 
6 1 5 4 0 2 3 
10098772 7447978 8344606 8255442 
2 5 1 0 4 6 3 
10099792 7548452 8189274 8365244 
3 5 6 2 1 4 0 
10106024 7416502 8266072 8740628 
1 4 2 5 6 0 3 
10106128 7364708 8543236 8964936 
1 5 3 4 0 6 2 
10110348 7691362 8509098 8033264 
6 1 3 4 0 2 5 
10111764 7629712 8469276 8247274 
5 2 3 6 1 4 0 
10112986 7483558 8331178 8706998 
2 1 3 0 4 6 5 
10119386 7577676 8151812 8041020 
3 5 1 6 2 0 4 
10127858 7547826 8494996 7840738 
2 3 6 0 4 1 5 
10135452 7469692 8136838 8463126 
6 5 3 1 0 2 4 
10140332 7480852 8432606 8210910 
4 3 5 1 0 2 6 
10150100 7413842 8295024 8333688 
5 3 1 0 6 4 2 
10156678 7719204 7989352 8642782 
4 1 6 3 0 2 5 
10158150 7280884 8273808 8721344 
0 3 2 1 6 4 5 
10164240 7295080 8483538 8668378 
2 3 6 1 0 5 4 
10170704 7235982 8614170 8310206 
4 1 5 6 0 2 3 
10173410 7366706 8207464 8617846 
3 5 1 2 6 0 4 
10177428 7622994 8538932 7779110 
2 3 5 1 0 6 4 
10178700 7295224 8471078 8571980 
2 5 6 3 1 4 0 
10192956 7288614 8406242 8510376 
4 3 5 1 2 0 6 
10196718 7457080 8170704 8559588 
0 1 3 2 6 4 5 
10201212 7605960 8315680 8026134 
6 4 3 5 0 2 1 
10202352 7227084 8363792 9109598 
5 3 1 6 0 2 4 
10202422 7383264 8431308 8326990 
5 6 1 3 0 2 4 
10203924 7236196 8448804 8375234 
3 5 1 0 4 6 2 
10204618 7482242 8218104 8112618 
4 6 1 3 0 5 2 
10206290 7377806 8302170 8603830 
4 1 3 2 5 0 6 
10215506 7269766 8212564 8632060 
6 3 1 0 4 5 2 
10219006 7714772 8475750 8014316 
4 1 3 6 5 0 2 
10225804 7344866 8177310 8567540 
3 1 6 2 5 0 4 
10228318 7290648 8221420 8445968 
3 5 2 6 1 4 0 
10230696 7246806 8286204 8609292 
4 1 6 2 0 5 3 
10232510 7287094 8139832 8932360 
5 2 1 3 6 4 0 
10241170 7383676 8361480 8431860 
0 3 1 5 6 4 2 
10244904 7413342 8214410 8437638 
2 1 3 6 0 5 4 
10271152 7159670 8230744 8597130 
2 6 1 3 0 5 4 
10274368 7179822 8427938 8237770 
2 3 4 0 1 6 5 
10276180 7562308 7989154 8688958 
6 1 5 3 0 2 4 
10283626 6978344 8280086 8367228 
3 1 6 5 2 0 4 
10287748 7160370 8283928 8362092 
2 3 4 0 6 1 5 
10292726 7611744 7960054 8884048 
5 3 2 6 1 4 0 
10292800 7416422 8337024 8190138 
4 1 3 6 0 2 5 
10305010 7352172 8065266 8635800 
2 5 3 4 0 6 1 
10312368 7425982 8277954 8106342 
4 1 3 5 2 0 6 
10323118 7041438 8229986 8497486 
5 3 1 0 4 2 6 
10323868 7637052 8256498 7779142 
2 3 5 4 0 6 1 
10325632 7325088 8233898 8132910 
6 4 3 2 0 5 1 
10331084 7199196 8207032 9014558 
0 5 3 2 4 1 6 
10331524 7453848 8168342 8522386 
4 1 3 6 2 0 5 
10334074 7208084 8071652 8391188 
0 5 6 3 1 4 2 
10335724 7147388 8129424 8725354 
5 3 4 0 1 6 2 
10340960 7574038 8020880 8458226 
4 1 2 6 0 5 3 
10346082 7186024 8101922 8620142 
2 3 5 6 1 4 0 
10347110 7424746 8301540 8061036 
4 1 3 5 0 2 6 
10355390 7127798 8175876 8647962 
0 2 5 6 1 4 3 
10368736 7151686 8024066 8787858 
5 3 1 2 6 4 0 
10370802 7491410 8166450 7961188 
0 3 1 2 6 4 5 
10378276 7324286 7991482 8253046 
0 2 5 6 4 1 3 
10383810 7181430 8013096 8864890 
2 5 1 3 6 4 0 
10385366 7184300 8148412 8324628 
6 5 2 4 0 1 3 
10385376 7328104 8417364 7986348 
0 2 3 6 4 1 5 
10388510 7187498 8064604 8671962 
4 3 5 6 2 0 1 
10398042 7328714 7906962 8201480 
3 5 1 2 6 4 0 
10402258 7263572 8023898 8284196 
2 5 3 6 1 4 0 
10402526 7228876 8059386 8452400 
2 3 1 6 0 5 4 
10409230 7183372 8301672 8094188 
6 1 3 5 0 2 4 
10411190 6991966 8240304 8480668 
2 3 1 4 0 6 5 
10412882 7343636 8375612 8013878 
5 3 2 1 6 4 0 
10420178 7276298 8494280 8013922 
4 3 5 2 6 0 1 
10429644 7483952 8198542 8135494 
0 5 6 2 1 4 3 
10432494 7090626 7798172 8852684 
6 1 2 3 0 5 4 
10434090 6855988 8254510 8277978 
0 5 6 2 4 1 3 
10438286 7014664 7853740 8689608 
2 3 1 0 4 5 6 
10443368 7627542 8289100 7715920 
5 3 1 4 0 6 2 
10446966 7357198 8437518 7829604 
0 1 3 6 2 4 5 
10449924 7508604 8392904 7723620 
6 3 5 4 0 1 2 
10452604 7428842 8405220 7880730 
2 3 1 0 4 6 5 
10453516 7153826 7750876 8037624 
5 3 1 0 4 6 2 
10460768 7214516 7813814 7884310 
4 1 5 3 2 0 6 
10462356 7099762 8007186 8499018 
2 5 1 4 0 6 3 
10469566 7203386 8223628 7895768 
3 5 1 4 0 6 2 
10470028 7320482 8256472 7763562 
0 2 5 1 6 4 3 
10483910 6948464 8196984 8633130 
3 5 6 2 4 1 0 
10491832 6981230 8076822 8287668 
2 3 5 1 6 4 0 
10495264 7209150 8332444 7875068 
4 1 6 2 5 0 3 
10496308 7148216 7839196 8523748 
0 5 2 6 4 1 3 
10544694 6969862 7843838 8790958 
4 1 3 5 6 0 2 
10547124 7053874 8239728 8165960 
4 1 3 2 6 0 5 
10547782 7145420 8116648 8124182 
0 2 1 5 6 4 3 
10550576 7093076 7885310 8607160 
2 5 3 1 6 4 0 
10552084 7013244 8089690 8264608 
2 5 6 1 3 4 0 
10556868 7092050 8382028 8064084 
6 5 3 4 0 1 2 
10558942 7445816 8366360 7716980 
4 1 6 3 0 5 2 
10560380 6952742 7975850 8379902 
4 1 5 3 0 2 6 
10570942 6872018 8001740 8062208 
0 5 2 6 1 4 3 
10571746 6910640 7809214 8701278 
4 1 6 5 2 0 3 
10585378 6965878 7900564 8405672 
4 1 2 3 0 5 6 
10588854 6846972 8031394 8247004 
6 1 2 5 4 3 0 
10590760 7202788 8419476 7780742 
2 3 1 0 6 5 4 
10597510 7495862 8181854 7879484 
2 3 5 4 0 1 6 
10602878 7295532 8286610 7825298 
4 1 2 6 5 0 3 
10602980 7075546 7796886 8264630 
2 1 6 3 0 5 4 
10626668 6755978 8102810 8016004 
4 1 3 2 0 5 6 
10659226 6971004 7860908 8397758 
6 1 5 2 4 3 0 
10684688 7235290 8219440 7701420 
0 5 3 6 4 1 2 
10693642 6988028 7827820 8327550 
5 3 1 6 2 4 0 
10706952 7405312 8203274 7543946 
6 1 3 0 4 2 5 
10707248 7277512 7927260 7581420 
0 2 1 3 6 4 5 
10715722 6911638 7851906 8253214 
3 5 1 6 2 4 0 
10716828 7201004 8105962 7889704 
0 3 1 6 2 4 5 
10722226 7224488 8028006 7826804 
0 5 2 1 6 4 3 
10736528 6706146 7960932 8482102 
4 1 3 6 0 5 2 
10744324 6975704 7767454 8218438 
6 1 3 0 2 5 4 
10751258 7120338 7846290 8136230 
0 5 4 2 6 3 1 
10754242 7191194 8211462 7825372 
0 6 1 2 5 3 4 
10807028 7089516 7982248 8162710 
0 5 1 6 2 3 4 
10834542 7147526 8054408 7649692 
0 2 3 6 1 4 5 
10844662 6866274 7641130 8166732 
0 1 4 5 2 3 6 
10846248 7114892 8040740 7961270 
0 2 1 6 3 4 5 
10873036 7047034 7749706 8062944 
0 5 3 6 2 4 1 
10886426 7091030 7854594 8039688 
0 5 1 2 6 3 4 
10895122 7218884 8101254 7574504 
6 1 3 0 4 5 2 
10909338 7221662 7896866 7442446 
0 5 6 1 2 4 3 
10909506 6827674 8032044 8241716 
0 5 3 4 2 1 6 
10910300 7107738 8060820 7834630 
4 1 2 5 6 0 3 
10922268 6789594 7864120 7864858 
4 1 3 0 2 5 6 
10934918 6968658 7673238 8091396 
0 5 4 2 6 1 3 
10939068 6849344 7795780 8033564 
4 1 5 6 2 0 3 
10953448 6758098 7521494 7690832 
0 2 3 1 6 4 5 
10958312 6666832 7817660 8013360 
4 1 5 6 2 3 0 
10974798 7046864 7863404 7621364 
0 5 1 2 6 4 3 
10984784 6719776 7417074 8051666 
0 5 1 3 6 4 2 
11016558 6627394 7606598 7882312 
0 5 3 6 1 4 2 
11122662 6680166 7422604 7872606 
4 1 5 2 6 0 3 
11183666 6654484 7527360 7409136 
4 1 5 2 6 3 0 
11213686 6943550 7872270 7328808 
0 5 1 6 2 4 3 
11297014 6661318 7499228 7659874 
0 5 3 1 6 4 2 
11339768 6345892 7450310 7606874 
