66 3
3 0 5 1 4 2 
7427092 8077386 7556360 
0 3 5 1 4 2 
7455264 7732278 7713646 
0 4 5 1 3 2 
7516736 8188882 7196512 
4 2 3 1 5 0 
7541008 8556850 6588216 
2 4 3 1 5 0 
7579588 8080358 6897322 
3 0 4 1 5 2 
7650090 7834078 7244450 
3 4 5 1 0 2 
7653736 8601504 6476812 
2 5 3 1 4 0 
7687648 8065584 7192910 
4 0 5 1 3 2 
7816352 8659896 6476502 
3 5 4 1 0 2 
7883276 8520136 6660640 
1 5 0 4 2 3 
7901800 8431068 6622150 
3 0 5 4 1 2 
7903584 7668088 8272496 
4 5 3 1 2 0 
7934578 8701268 5985876 
2 4 0 1 5 3 
7938046 7578382 6961360 
4 3 5 1 0 2 
7981524 8727410 5914088 
0 3 2 1 4 5 
8029728 7402312 8219054 
5 4 3 1 2 0 
8069194 8689722 6002312 
1 2 0 4 5 3 
8165672 8521982 5705192 
3 1 5 4 0 2 
8182110 7457550 7301802 
4 1 5 3 0 2 
8212418 7064988 7387654 
4 1 3 2 5 0 
8246636 8052754 6674840 
1 4 0 2 5 3 
8298286 7385136 6846784 
1 5 0 3 2 4 
8310498 8210876 6650834 
3 4 5 2 0 1 
8356690 8344996 6347176 
5 0 4 1 3 2 
8381866 8518188 6181516 
2 1 0 3 5 4 
8402358 8461916 6058348 
3 4 2 1 0 5 
8407614 7955696 6817046 
5 4 0 1 2 3 
8421626 8293856 6135256 
5 1 3 4 2 0 
8443020 7326060 7084732 
4 0 5 3 1 2 
8495726 7316294 7123842 
0 1 5 4 3 2 
8499850 7946988 6766462 
4 2 3 0 5 1 
8532856 8030298 6358750 
3 2 4 1 5 0 
8549910 7854934 6320604 
1 0 2 3 4 5 
8572340 7759344 6504928 
3 2 5 1 4 0 
8601732 7737882 6803334 
1 3 2 0 4 5 
8662338 7113184 7145000 
4 1 3 0 5 2 
8667650 7710854 6664370 
2 1 3 4 5 0 
8670702 8139568 6000094 
1 0 2 3 5 4 
8686640 7564244 6177284 
4 0 5 3 2 1 
8723226 7282966 6837398 
4 1 3 5 2 0 
8752832 7206760 7059140 
3 5 4 1 2 0 
8845592 7982936 6159064 
2 0 1 3 5 4 
8854128 7585898 6082240 
1 3 2 0 5 4 
8861810 7076886 6652186 
5 2 4 3 0 1 
8964062 7075158 7368922 
3 1 4 2 5 0 
8973538 7468432 6556688 
3 2 4 0 5 1 
8979924 7936080 6024890 
5 1 4 3 0 2 
9009854 6789102 7224338 
2 3 0 1 5 4 
9042762 6925434 6963474 
0 2 1 4 5 3 
9087460 7906304 5884182 
2 4 0 1 3 5 
9140458 6778968 7936154 
2 3 0 1 4 5 
9144062 6786328 7559268 
3 1 5 4 2 0 
9215398 6508212 7312676 
5 0 4 3 1 2 
9309584 7043162 6886576 
5 0 4 3 2 1 
9334844 7155352 6561106 
0 4 2 1 5 3 
9398708 6563842 6941598 
2 3 1 0 5 4 
9429298 6931740 6345142 
2 3 1 0 4 5 
9432066 6822520 6876982 
4 3 0 1 5 2 
9514628 6845326 6671582 
3 4 2 1 5 0 
9563722 6765062 6682068 
0 1 5 4 2 3 
9607618 6650920 6890686 
0 2 5 4 1 3 
9743966 6549676 7108932 
0 4 1 2 5 3 
9920074 6477558 6654774 
3 1 4 5 2 0 
9989846 6352486 7059548 
0 1 4 5 2 3 
10739470 6396888 7011280 
0 2 4 5 1 3 
10920058 6296434 7190974 
