120 3
2 3 4 0 1 
1705048 5546196 5546196 
0 3 4 2 1 
1719370 5531874 5531874 
3 2 1 4 0 
1736384 5514860 5514860 
2 3 0 4 1 
1769184 5482060 5482060 
4 2 1 3 0 
1796624 5454620 5454620 
1 2 4 3 0 
1824028 5427216 5427216 
2 4 3 0 1 
1858392 5392852 5392852 
0 4 3 2 1 
1858506 5392738 5392738 
1 2 3 4 0 
1861092 5390152 5390152 
4 3 0 2 1 
1884050 5367194 5367194 
4 2 3 0 1 
1915668 5335576 5335576 
3 2 4 0 1 
1918564 5332680 5332680 
3 2 0 4 1 
1921692 5329552 5329552 
3 2 4 1 0 
1933120 5318124 5318124 
4 2 0 3 1 
1981132 5270112 5270112 
2 4 0 3 1 
1987840 5263404 5263404 
4 0 3 2 1 
2029746 5221498 5221498 
4 2 3 1 0 
2030424 5220820 5220820 
3 4 0 2 1 
2043266 5207978 5207978 
3 0 4 2 1 
2049826 5201418 5201418 
0 2 3 4 1 
2106388 5144856 5144856 
0 2 4 3 1 
2168724 5082520 5082520 
1 2 3 0 4 
2175708 5075536 5075536 
0 3 2 4 1 
2188572 5062672 5062672 
4 3 2 1 0 
2192936 5058308 5058308 
2 0 3 4 1 
2220352 5030892 5030892 
3 2 1 0 4 
2233364 5017880 5017880 
3 4 2 1 0 
2269376 4981868 4981868 
2 3 1 4 0 
2280792 4970452 4970452 
2 0 4 3 1 
2285664 4965580 4965580 
4 3 2 0 1 
2289116 4962128 4962128 
1 2 0 3 4 
2322680 4928564 4928564 
1 3 2 4 0 
2344468 4906776 4906776 
2 3 1 0 4 
2385156 4866088 4866088 
4 3 1 2 0 
2388186 4863058 4863058 
0 4 2 3 1 
2390044 4861200 4861200 
0 3 1 2 4 
2394486 4856758 4856758 
1 4 2 3 0 
2407740 4843504 4843504 
2 4 1 3 0 
2432848 4818396 4818396 
3 2 0 1 4 
2433228 4818016 4818016 
3 4 2 0 1 
2445356 4805888 4805888 
3 0 2 4 1 
2455044 4796200 4796200 
4 1 2 3 0 
2464392 4786852 4786852 
3 1 2 4 0 
2477560 4773684 4773684 
3 4 1 2 0 
2480002 4771242 4771242 
0 2 1 3 4 
2482868 4768376 4768376 
4 0 2 3 1 
2500276 4750968 4750968 
0 3 2 1 4 
2507376 4743868 4743868 
1 2 4 0 3 
2510212 4741032 4741032 
2 1 4 3 0 
2516904 4734340 4734340 
0 2 3 1 4 
2535760 4715484 4715484 
2 1 3 4 0 
2538592 4712652 4712652 
2 3 4 1 0 
2544736 4706508 4706508 
4 2 1 0 3 
2564972 4686272 4686272 
2 1 3 0 4 
2605828 4645416 4645416 
1 2 0 4 3 
2694248 4556996 4556996 
2 3 0 1 4 
2713236 4538008 4538008 
2 4 3 1 0 
2718480 4532764 4532764 
0 2 1 4 3 
2754236 4497008 4497008 
1 3 2 0 4 
2759452 4491792 4491792 
3 0 1 2 4 
2780210 4471034 4471034 
0 4 1 2 3 
2784742 4466502 4466502 
2 4 1 0 3 
2789428 4461816 4461816 
1 3 4 2 0 
2803662 4447582 4447582 
2 1 0 3 4 
2806616 4444628 4444628 
3 0 2 1 4 
2839284 4411960 4411960 
2 1 4 0 3 
2856756 4394488 4394488 
4 2 0 1 3 
2864236 4387008 4387008 
0 2 4 1 3 
2869464 4381780 4381780 
3 1 4 2 0 
2884922 4366322 4366322 
4 1 3 2 0 
2893442 4357802 4357802 
1 4 3 2 0 
2903998 4347246 4347246 
0 1 3 2 4 
2970358 4280886 4280886 
1 3 0 2 4 
2974642 4276602 4276602 
0 4 2 1 3 
3005512 4245732 4245732 
2 0 1 3 4 
3020384 4230860 4230860 
0 1 2 3 4 
3030356 4220888 4220888 
3 1 2 0 4 
3037780 4213464 4213464 
4 0 1 2 3 
3078650 4172594 4172594 
2 1 0 4 3 
3079232 4172012 4172012 
1 0 2 3 4 
3083936 4167308 4167308 
2 0 3 1 4 
3147676 4103568 4103568 
1 0 3 2 4 
3152154 4099090 4099090 
3 1 0 2 4 
3178570 4072674 4072674 
1 4 2 0 3 
3199188 4052056 4052056 
2 4 0 1 3 
3204508 4046736 4046736 
0 1 4 2 3 
3221478 4029766 4029766 
4 0 2 1 3 
3260980 3990264 3990264 
2 0 1 4 3 
3272600 3978644 3978644 
4 3 0 1 2 
3284606 3966638 3966638 
4 1 2 0 3 
3321276 3929968 3929968 
0 1 2 4 3 
3327020 3924224 3924224 
3 4 0 1 2 
3344870 3906374 3906374 
1 4 0 2 3 
3393498 3857746 3857746 
3 0 4 1 2 
3414670 3836574 3836574 
0 3 4 1 2 
3430546 3820698 3820698 
1 3 0 4 2 
3431146 3820098 3820098 
4 1 0 2 3 
3438210 3813034 3813034 
1 0 2 4 3 
3460400 3790844 3790844 
2 0 4 1 3 
3465204 3786040 3786040 
1 0 4 2 3 
3470674 3780570 3780570 
1 4 0 3 2 
3478434 3772810 3772810 
4 0 3 1 2 
3518838 3732406 3732406 
0 4 3 1 2 
3594978 3656266 3656266 
1 0 4 3 2 
3655978 3595266 3595266 
1 3 4 0 2 
3675150 3576094 3576094 
1 0 3 4 2 
3713922 3537322 3537322 
3 0 1 4 2 
3760814 3490430 3490430 
1 4 3 0 2 
3780382 3470862 3470862 
0 3 1 4 2 
3786858 3464386 3464386 
4 0 1 3 2 
3807038 3444206 3444206 
4 3 1 0 2 
3884922 3366322 3366322 
0 4 1 3 2 
3905746 3345498 3345498 
4 1 0 3 2 
3955662 3295582 3295582 
3 4 1 0 2 
3957586 3293658 3293658 
3 1 0 4 2 
3968638 3282606 3282606 
0 1 4 3 2 
4231914 3019330 3019330 
3 1 4 0 2 
4235210 3016034 3016034 
4 1 3 0 2 
4267778 2983466 2983466 
0 1 3 4 2 
4277458 2973786 2973786 
