15 3
6 4 3 1 0 5 2 
7045246 9267980 7666396 
4 6 3 1 0 2 5 
7081440 9342762 7380064 
2 4 3 1 0 5 6 
7217342 8613188 7788948 
2 5 4 3 0 6 1 
7407386 8803164 7347116 
5 2 4 3 0 6 1 
7412828 8815822 7143494 
6 5 4 3 0 1 2 
7423844 8288862 8129930 
2 6 3 1 0 5 4 
7528530 8498462 7970810 
3 2 4 5 0 6 1 
7552496 9140220 6893614 
1 2 4 3 0 6 5 
7556422 8214324 7821652 
2 6 3 4 0 5 1 
7646576 8637966 7599732 
6 2 4 3 0 1 5 
7655642 8044984 7930660 
2 3 4 5 0 6 1 
7742110 9095314 7060744 
1 2 4 5 0 6 3 
7769278 8605426 7313200 
6 2 4 5 0 1 3 
7859174 8435702 7413268 
1 0 2 5 6 4 3 
8123538 9527430 6878234 
