28 3
6 3 5 1 0 4 2 
7616434 9087520 8638586 
6 3 5 0 1 4 2 
7637390 8992408 9280186 
3 6 1 0 4 5 2 
7715312 9264212 8365928 
2 4 0 1 5 3 6 
7751100 9241274 8162626 
6 3 0 1 5 4 2 
7794726 8720284 8450900 
2 5 1 3 0 6 4 
7921248 8682830 9065116 
2 5 1 0 4 6 3 
7961524 8420080 8688716 
3 6 0 1 4 5 2 
8036372 8712510 8577258 
2 1 0 3 5 4 6 
8179538 9198070 8407718 
2 3 0 1 5 4 6 
8199452 9593008 8084166 
3 1 6 0 4 2 5 
8222812 8304012 8271486 
3 0 6 1 4 2 5 
8289716 8438214 8105612 
2 5 3 1 0 6 4 
8414504 8300842 9215532 
4 5 3 1 2 6 0 
8569556 8258718 9031468 
5 1 0 6 2 3 4 
8682350 9579554 8062392 
6 5 1 0 4 2 3 
8722262 8109496 9166498 
3 1 5 0 4 2 6 
8801512 8042856 8994698 
3 0 1 4 6 2 5 
8807588 9088508 8055192 
0 5 3 4 2 6 1 
8876452 8283504 8622138 
2 0 1 4 5 3 6 
8894940 8276496 8714512 
3 2 1 0 4 5 6 
8941830 9673152 7916584 
3 5 1 6 4 2 0 
8976846 9130668 7821668 
3 0 6 5 4 2 1 
9163296 8402976 8244580 
1 3 0 6 4 5 2 
9276952 8109796 8842202 
2 1 6 0 4 3 5 
9345754 7923658 9891484 
3 0 1 2 4 5 6 
9613806 9073896 8029404 
2 0 6 1 4 3 5 
9812186 7764658 10028478 
5 6 3 4 2 1 0 
10094054 7952164 9337710 
