22 2
5 2 6 3 4 0 1 
6343186 12654222 
2 5 1 3 4 0 6 
6382264 12050584 
2 1 5 6 4 0 3 
6486940 11980498 
6 2 3 1 4 5 0 
6648510 11588828 
2 6 1 3 4 0 5 
6891968 11423420 
6 4 5 0 2 1 3 
6970362 10897478 
1 2 6 5 4 3 0 
7473550 10819258 
6 0 5 4 2 1 3 
7536078 10643994 
6 4 0 5 2 1 3 
7570836 10384760 
4 6 0 5 2 1 3 
7782444 10360492 
4 0 5 6 2 1 3 
7848002 10234484 
4 0 6 5 2 1 3 
7912510 10163756 
4 1 5 6 2 0 3 
8026572 10158184 
4 1 6 5 2 0 3 
8181800 10106944 
1 5 0 2 4 3 6 
8430582 10040422 
0 5 1 2 4 3 6 
8622806 9932026 
1 4 5 6 2 0 3 
8731534 9905590 
6 2 0 5 4 3 1 
8778436 9873526 
5 0 1 2 4 3 6 
9077380 9779610 
5 0 3 6 4 1 2 
9134582 9712196 
5 1 3 6 4 0 2 
9151864 9663030 
0 1 3 4 6 5 2 
9648478 9552986 
