57 4
2 4 1 3 0 
2722744 2681004 5708460 4575012 
2 0 1 3 4 
2796084 2657004 5176012 4960928 
3 4 0 2 1 
2801000 3191432 5457724 3963216 
2 3 1 4 0 
2814088 2711060 5845892 4548612 
2 4 3 1 0 
2869772 1962924 5206244 5739276 
4 3 0 2 1 
2894856 3494184 5463820 3689928 
0 2 4 3 1 
2921696 3257444 4850400 4372728 
0 2 3 4 1 
2931072 3084132 4692272 4647648 
2 0 3 1 4 
2947844 1806428 4421180 5881676 
2 3 4 1 0 
2962020 2060852 5322012 5288172 
2 0 1 4 3 
2968172 2600564 4975012 5068072 
1 3 0 2 4 
3036568 3471216 4797156 4089188 
3 1 2 0 4 
3072092 2273800 4251312 5808560 
1 3 2 4 0 
3113620 3346496 4476824 4982664 
2 0 4 1 3 
3118236 1890660 4337316 5697916 
1 4 0 2 3 
3121408 3433712 4726484 4244188 
2 3 1 0 4 
3144300 3002824 5822480 4531568 
1 3 4 2 0 
3198932 3542824 4669412 4262028 
0 2 1 3 4 
3204168 3330072 4627732 3719228 
1 4 2 3 0 
3213484 3538896 4502328 4840920 
2 0 4 3 1 
3216236 2722904 4703544 4710876 
2 0 3 4 1 
3217932 2582232 4586408 5001780 
2 4 1 0 3 
3225044 2916328 5484048 4665112 
3 2 4 0 1 
3242284 2727528 5050124 4338284 
4 1 2 0 3 
3257844 2523880 4179056 5706400 
3 0 4 2 1 
3268204 3184980 5106464 3812684 
4 2 3 0 1 
3322372 2867312 4728660 4399516 
0 1 4 3 2 
3331926 3051448 4296944 5154174 
4 2 1 3 0 
3332752 3485900 5240768 3306508 
1 4 3 2 0 
3337572 3498712 4504788 4462404 
0 1 3 4 2 
3338078 2968408 4310928 5595006 
0 2 1 4 3 
3356912 3235664 4412476 3845140 
3 1 2 4 0 
3357912 2659940 4037492 5129000 
2 3 0 1 4 
3360136 2183304 5005216 4769372 
3 2 1 0 4 
3376500 2748824 4945044 3776296 
1 0 4 2 3 
3378584 3289304 4136076 4278568 
4 2 1 0 3 
3419156 2904912 4709852 3800120 
1 0 3 2 4 
3432384 3282696 4042124 4323944 
2 4 0 1 3 
3438280 2169608 4805584 5036716 
3 2 1 4 0 
3442840 3235404 5260704 3408596 
4 1 2 3 0 
3478712 2964252 3968700 4776184 
4 3 0 1 2 
3509054 2972476 4574404 4472062 
3 4 0 1 2 
3515142 2865892 4641964 4648382 
3 1 0 4 2 
3547602 2878988 4161980 4924070 
4 1 0 3 2 
3625010 3168276 4127604 4598038 
3 1 4 0 2 
3629078 2604860 4045308 5512934 
0 1 2 3 4 
3707868 3043404 3763004 4873944 
4 3 1 2 0 
3709336 3857388 4939968 3389212 
4 1 3 0 2 
3712638 2811108 4024916 5627734 
3 4 1 2 0 
3728080 3576836 4822472 3517700 
0 1 2 4 3 
3772820 2989172 3759540 5124600 
3 0 1 2 4 
3827988 3458372 4801704 3457864 
4 0 1 2 3 
3891284 3647820 4605728 3441176 
1 3 0 4 2 
3978910 3698744 3932912 3908934 
0 3 1 2 4 
4003872 4385440 5130860 2971436 
1 4 0 3 2 
4062406 3881448 3966096 3759222 
0 4 1 2 3 
4085912 4294336 4817388 3083236 
