22 2
4 3 1 2 0 
4551830 6217942 
3 4 0 2 1 
4573866 6123790 
1 4 0 3 2 
4577074 5838034 
2 4 3 0 1 
4656794 5753444 
1 4 3 0 2 
4862748 5698230 
0 4 3 2 1 
4899250 5554872 
1 4 2 3 0 
4941356 5398776 
1 4 2 0 3 
5171762 5311894 
4 2 3 0 1 
5210682 5292628 
4 1 2 0 3 
5214804 5242364 
4 3 2 0 1 
5257602 5213434 
2 4 1 0 3 
5259396 5072956 
1 2 0 3 4 
5508484 5061164 
0 4 1 2 3 
5516448 4869400 
2 3 1 0 4 
5638520 4844380 
3 2 4 1 0 
5698038 4717364 
2 3 4 0 1 
5730124 4663754 
1 2 4 3 0 
5802160 4605770 
0 3 4 2 1 
5882148 4540542 
1 0 4 3 2 
5944624 4525994 
2 1 4 0 3 
6128130 4251880 
0 1 4 2 3 
6311838 4109444 
