67 2
3 2 6 5 1 4 0 
8714698 14184272 
2 3 6 5 1 4 0 
8718754 13860662 
6 0 2 1 5 4 3 
8739788 13593692 
6 1 2 0 3 4 5 
8757340 13549330 
3 5 0 4 6 2 1 
8933264 13405386 
4 5 0 3 6 2 1 
9043212 13299442 
4 3 1 5 6 2 0 
9265848 13157506 
4 1 3 0 2 6 5 
9266614 13008480 
0 4 5 6 3 1 2 
9314382 12948186 
5 3 0 2 1 4 6 
9423186 12833412 
5 0 4 2 1 6 3 
9458234 12799600 
0 5 6 4 2 3 1 
9528220 12781420 
5 4 0 2 1 3 6 
9531862 12759202 
0 5 4 6 3 2 1 
9587188 12687730 
4 1 5 0 2 6 3 
9744266 12595996 
1 6 2 4 5 0 3 
9805756 12559438 
5 0 3 2 1 6 4 
9845034 12458896 
0 1 5 4 2 6 3 
9853986 12454714 
5 2 0 4 6 3 1 
9913602 12332538 
5 2 0 3 1 6 4 
10061536 12262762 
5 3 2 0 1 4 6 
10071218 12262154 
5 2 3 0 1 6 4 
10073390 12228594 
0 6 5 4 2 1 3 
10115180 12063130 
0 6 5 4 3 1 2 
10414048 11988782 
0 1 6 3 2 4 5 
10435420 11986404 
0 6 5 2 4 1 3 
10476132 11982380 
0 6 4 5 1 2 3 
10487116 11921772 
5 2 4 0 1 6 3 
10510582 11919194 
5 4 2 0 1 3 6 
10542490 11903400 
0 5 1 6 3 2 4 
10547900 11872280 
5 0 2 3 1 6 4 
10567588 11842872 
0 6 2 4 3 1 5 
10581228 11827192 
1 6 4 2 5 0 3 
10702810 11808690 
1 0 4 2 5 6 3 
10729320 11737330 
0 1 6 5 2 4 3 
10766256 11716412 
5 2 1 4 6 3 0 
10787158 11711924 
5 3 4 0 1 2 6 
10824648 11682068 
0 1 4 2 3 6 5 
10847152 11589746 
0 6 3 4 2 1 5 
10873812 11442042 
5 2 4 0 1 3 6 
11031852 11423254 
0 6 4 2 3 1 5 
11165136 11265794 
0 5 3 1 2 4 6 
11268976 11246982 
0 6 3 5 1 2 4 
11353728 11160640 
0 1 5 2 4 6 3 
11406128 11130722 
0 4 6 3 2 1 5 
11428738 11116380 
0 5 4 1 2 3 6 
11438992 10978110 
0 1 5 2 3 6 4 
11658556 10960218 
0 5 6 1 3 2 4 
11689978 10837098 
0 6 4 3 2 1 5 
11770418 10688044 
0 6 4 5 2 1 3 
11946940 10617732 
0 1 5 3 2 4 6 
12044332 10582606 
5 2 4 1 6 3 0 
12152252 10572038 
1 6 4 5 2 0 3 
12153638 10504068 
5 3 0 1 6 4 2 
12230248 10485754 
0 6 5 3 1 2 4 
12275470 10422344 
0 6 4 3 5 1 2 
12409210 10411146 
0 5 6 1 4 2 3 
12420034 10408404 
5 3 1 0 6 4 2 
12459088 10404800 
0 1 2 5 4 6 3 
12477978 10311108 
0 4 6 2 3 1 5 
12512836 10181850 
0 1 3 5 2 4 6 
12650832 10162642 
5 2 0 1 4 6 3 
12684272 10122766 
0 4 5 2 1 3 6 
12784198 10069122 
0 2 1 4 3 6 5 
13032318 9958008 
0 2 1 4 5 6 3 
13201686 9878726 
0 4 6 2 5 1 3 
13277488 9723156 
0 2 3 4 1 5 6 
13469054 9691450 
