103 3
6 3 5 1 0 4 2 
7616434 13054600 13503534 
6 3 5 0 1 4 2 
7637390 13149712 12861934 
6 3 5 0 4 1 2 
7654450 13031318 13009686 
3 6 1 0 4 5 2 
7715312 12877908 13776192 
3 6 4 0 1 5 2 
7729550 12156984 13509134 
4 2 3 5 1 0 6 
7851088 12326672 13278070 
6 3 0 5 1 4 2 
7995340 13359774 12770148 
2 5 0 3 1 6 4 
8055252 13008074 13022002 
4 3 0 5 1 6 2 
8064414 13629404 12548034 
2 6 0 3 5 1 4 
8071812 12163164 13409942 
6 4 0 1 5 3 2 
8073464 12970950 13114080 
4 3 5 0 1 6 2 
8089542 13606682 12313590 
0 6 2 3 5 1 4 
8132400 11880484 13127146 
6 2 1 3 5 0 4 
8139594 12936068 12974236 
4 6 3 0 1 5 2 
8149562 11782940 13594782 
4 3 5 0 6 1 2 
8161470 12605548 12608808 
6 4 5 1 0 3 2 
8180462 12433574 12868584 
4 0 3 5 1 2 6 
8183612 12336148 13112786 
0 6 2 3 1 5 4 
8265348 11907346 12971486 
6 2 5 3 1 0 4 
8269590 12265348 12747260 
5 2 6 3 0 1 4 
8272178 12770504 12471930 
6 1 5 0 4 3 2 
8309338 12862898 12298452 
6 2 5 3 0 1 4 
8315794 12004680 12779170 
6 4 5 0 1 3 2 
8374874 12486654 12185544 
6 0 5 3 2 1 4 
8382586 12189416 12762774 
4 2 3 5 0 1 6 
8388244 12469994 12661786 
1 2 6 3 5 0 4 
8490548 12448658 12397738 
1 6 2 3 0 5 4 
8498312 11900736 12893740 
3 6 4 0 5 1 2 
8510368 11823438 12534854 
3 5 4 0 1 6 2 
8593774 11589012 12934742 
4 5 1 0 3 6 2 
8612328 12287156 12526894 
6 1 5 0 3 4 2 
8654714 12566066 12152734 
2 6 0 1 3 5 4 
8710078 11776246 12739314 
2 6 1 0 3 5 4 
8721040 11735016 12878588 
6 4 0 5 1 3 2 
8722954 12800116 12085768 
0 5 2 3 1 6 4 
8726816 11470746 12865718 
6 4 5 0 3 1 2 
8737310 12071428 12187578 
2 1 0 5 3 4 6 
8759006 12435796 12129074 
4 1 5 0 6 3 2 
8803710 12236992 11937998 
4 1 5 0 3 6 2 
8844482 12979636 11924806 
1 0 4 6 3 2 5 
8883250 11337746 13172638 
0 6 2 3 5 4 1 
8914432 11718758 12715528 
3 4 6 0 5 1 2 
8914852 11554768 12645848 
1 5 2 3 0 6 4 
8942644 11192984 12842740 
6 5 1 3 2 0 4 
8972302 13133960 11886362 
4 1 0 5 2 3 6 
8978412 12064218 12505794 
5 6 2 3 0 4 1 
9010584 11729588 12640570 
4 1 6 0 5 3 2 
9016238 11860400 12450058 
6 3 4 0 1 5 2 
9042930 11689800 12519846 
2 1 5 3 6 0 4 
9081536 11695030 12392864 
2 4 0 5 3 1 6 
9085138 11741210 11985896 
3 2 4 6 1 0 5 
9088720 11571268 12607402 
6 4 1 0 3 5 2 
9098928 11272268 12451504 
2 5 1 3 6 0 4 
9103700 12598264 11793802 
6 4 3 0 1 5 2 
9203298 11143056 13001192 
1 4 2 6 0 3 5 
9214764 11401886 12123608 
2 4 5 0 3 1 6 
9222346 12322188 11874648 
1 6 4 0 5 3 2 
9257794 12129306 11812704 
4 1 0 5 6 3 2 
9273066 12846862 11574794 
5 1 2 3 0 6 4 
9355842 10716952 12808672 
4 5 1 0 6 3 2 
9394526 12479342 11483808 
2 4 1 5 3 0 6 
9403462 11184236 11998888 
0 4 2 6 3 1 5 
9450006 12448566 11613508 
2 5 4 1 6 0 3 
9473366 12601546 11427766 
2 4 5 1 3 0 6 
9488230 11934784 11815326 
5 4 2 3 0 6 1 
9538694 10920288 12413596 
3 2 4 6 0 1 5 
9588052 11471958 11923486 
5 0 2 3 1 6 4 
9608006 11041286 12356800 
5 6 4 2 3 1 0 
9639222 12191654 11695396 
5 4 6 0 3 1 2 
9656842 11810788 11917734 
6 5 4 0 1 3 2 
9727254 12203628 11528398 
6 1 4 0 3 5 2 
9728142 11040146 12042710 
5 6 4 0 3 1 2 
9738358 12055698 11670660 
2 1 4 5 3 0 6 
9765602 11400166 11456814 
2 0 4 5 3 1 6 
9772036 11884546 11392612 
2 0 4 1 6 5 3 
9822988 12864602 11158518 
2 4 5 1 6 0 3 
9887444 11017384 12372328 
5 2 4 3 0 6 1 
10006584 12052396 11303212 
5 1 4 2 3 6 0 
10011666 11014962 12046482 
2 5 4 3 6 0 1 
10077468 12639272 11212668 
5 6 4 2 1 3 0 
10088506 12356776 11278442 
6 4 2 3 0 5 1 
10126478 11327472 11901116 
0 2 4 3 5 6 1 
10142278 12553164 11217180 
1 5 4 0 6 3 2 
10237562 11869746 11444644 
6 5 4 1 2 0 3 
10267952 13094654 10971514 
5 6 4 1 0 2 3 
10272348 12361178 11179578 
1 2 4 6 0 3 5 
10280422 11854434 11158328 
5 4 2 1 0 6 3 
10287408 10805378 12345910 
5 3 4 2 1 6 0 
10325430 11289448 11572162 
2 4 0 6 3 1 5 
10354514 11718150 11348200 
0 4 6 3 5 2 1 
10390662 11176506 12005110 
2 0 4 3 6 5 1 
10395410 12894288 11011940 
5 1 4 0 3 6 2 
10395922 10951366 11405066 
1 6 4 2 0 3 5 
10453522 11767178 11330350 
5 4 1 0 3 6 2 
10507828 11615872 11209444 
6 0 4 1 2 5 3 
10562086 12479694 10879610 
5 1 2 4 0 6 3 
10619104 10522136 12683486 
2 1 4 6 3 0 5 
10620546 11433650 11171246 
0 2 4 6 1 3 5 
10629952 12178448 10926526 
2 0 4 6 3 1 5 
10715684 11940542 10915188 
5 0 4 1 3 6 2 
10934932 11125818 11357566 
6 1 4 0 2 5 3 
11262880 12335752 10910760 
1 4 0 6 5 2 3 
11889896 12421686 10900818 
