24 4
1 3 0 2 4 
3110898 3730284 4006966 3125662 
3 1 2 0 4 
3114102 3739172 3904396 2667378 
3 4 2 0 1 
3116326 3699100 3756580 2478940 
2 4 3 0 1 
3140322 3688150 3776342 2792586 
2 3 4 0 1 
3207490 3754550 3552666 2826530 
2 3 4 1 0 
3241480 3825570 3627742 2775488 
3 2 4 0 1 
3255684 3858692 3547022 2599030 
3 0 2 1 4 
3271880 3627258 3937640 2980388 
1 2 0 3 4 
3279954 3587422 4058278 3363050 
3 2 1 4 0 
3294310 3743298 3561634 2957208 
3 0 2 4 1 
3324848 3451252 3819288 3130254 
2 4 3 1 0 
3386316 3570098 3801342 2885220 
3 4 2 1 0 
3397752 3461508 3700568 2703498 
3 2 4 1 0 
3403022 3740684 3522682 2732716 
2 0 3 4 1 
3413428 3418852 3850282 3484616 
3 1 2 4 0 
3448496 3325574 3730032 3041802 
0 3 1 4 2 
3771004 3317850 3982102 3428672 
3 4 1 2 0 
3802632 3407484 3680678 3684454 
3 4 0 2 1 
3824100 3654422 3690412 3635526 
2 0 4 3 1 
3951520 3242948 3735846 3869484 
3 1 4 2 0 
3962088 3268936 3671190 3798266 
2 1 4 3 0 
3969680 3234906 3823974 4009396 
3 0 4 2 1 
3972824 3365902 3715158 3715630 
0 2 1 4 3 
4100384 3283082 4208680 3517890 
