53 3
3 0 4 1 2 5 6 
6781492 8175156 10090910 
3 0 4 1 6 5 2 
6921676 8250280 9539598 
4 0 3 5 2 1 6 
7130730 8473116 8997178 
3 0 1 4 2 5 6 
7149956 8221222 9987862 
5 0 4 1 2 3 6 
7166872 7969776 9814732 
3 0 4 1 5 6 2 
7265648 8076280 9044200 
3 0 4 1 6 2 5 
7296298 8110016 8947432 
5 0 4 1 6 3 2 
7299646 8068560 9183730 
4 0 5 3 2 1 6 
7369536 8044392 9408226 
3 0 1 4 6 5 2 
7382008 7910310 9522706 
3 0 4 1 2 6 5 
7388476 7795306 8873608 
0 4 3 1 6 5 2 
7402784 9013636 8702930 
2 4 0 6 1 5 3 
7403012 8959296 8458570 
3 4 0 6 1 5 2 
7406246 8838178 8727772 
5 4 0 6 1 2 3 
7411168 9118536 8458140 
3 0 4 6 5 1 2 
7411984 8311766 8752590 
4 0 3 2 5 1 6 
7439088 8689400 8626048 
3 4 0 6 1 2 5 
7515172 8962162 8431318 
5 2 4 1 0 3 6 
7555516 7779102 10213444 
5 2 4 6 0 1 3 
7590618 7780934 9909484 
4 5 0 2 3 6 1 
7622632 8650380 8629810 
4 3 0 2 5 6 1 
7641326 9043990 8278374 
4 0 3 2 5 6 1 
7648208 8796978 8018296 
4 0 3 5 2 6 1 
7665058 8378022 8204138 
2 0 4 1 6 3 5 
7679656 7874272 8856522 
0 3 4 1 2 6 5 
7700070 8182430 8681740 
4 2 0 5 3 6 1 
7712610 8156400 8647582 
3 0 1 4 6 2 5 
7815382 7780348 8972462 
5 0 4 1 6 2 3 
7836574 8075236 8730986 
4 0 5 3 2 6 1 
7896952 7948086 8610254 
5 0 4 1 2 6 3 
7943182 7665236 8741922 
2 0 4 6 5 1 3 
7974526 7986070 8546232 
4 0 3 5 6 2 1 
7975918 8471692 8121260 
6 2 3 5 0 4 1 
8055494 8140946 8539634 
2 0 4 3 5 6 1 
8060544 8351426 8506660 
0 2 4 1 6 3 5 
8087294 8360346 8441122 
2 0 4 1 5 6 3 
8184158 7858940 8490114 
3 0 1 2 5 4 6 
8221188 9058812 7902736 
0 2 4 6 3 1 5 
8294188 8343714 8469488 
0 2 4 1 3 6 5 
8330036 8177014 8275726 
3 2 6 0 5 4 1 
8332546 9249550 7857716 
2 3 6 4 1 0 5 
8447332 9178222 7875068 
2 6 4 1 0 3 5 
8489304 7619442 9515278 
6 2 3 0 5 4 1 
8524562 9578674 7740672 
6 0 3 2 5 4 1 
8528486 8870260 7572884 
3 2 4 6 0 1 5 
8594958 7476508 9937380 
6 0 3 5 2 4 1 
8654744 8455512 7887596 
0 3 1 2 5 4 6 
8662658 9958852 7504980 
6 2 5 3 4 0 1 
8682776 8266924 8270684 
2 6 1 4 3 0 5 
8894400 8836002 7775362 
4 2 5 3 1 0 6 
8934444 9534212 7490492 
0 2 1 4 3 6 5 
9066224 8150842 8444920 
2 0 1 6 5 4 3 
9253254 8591892 7817934 
