33 0 4418 10 2
9 1 8 2 7 0 3 4 6 5 
23123030 62757182 
9 1 8 0 7 2 3 4 6 5 
23351722 62662582 
9 3 8 2 7 0 1 4 6 5 
23602010 54421960 
9 3 8 0 7 2 1 4 6 5 
23830702 54248334 
9 3 7 2 8 0 1 4 6 5 
24026396 52136048 
9 3 2 7 0 8 1 4 6 5 
25070030 50197170 
5 3 2 7 0 8 1 4 6 9 
25555648 49537472 
9 0 2 8 7 3 1 4 6 5 
26027928 46739198 
5 0 2 8 7 3 1 4 6 9 
26206962 46413432 
9 0 3 7 8 2 1 4 6 5 
27979404 45914802 
5 9 0 7 2 3 8 4 6 1 
28180828 44541782 
5 9 2 7 0 3 8 4 6 1 
28375694 43180112 
9 0 2 7 8 3 1 4 6 5 
29318430 40846752 
5 9 3 2 7 0 8 4 6 1 
30308102 39364844 
5 9 3 2 8 0 7 4 6 1 
30582870 38545954 
5 9 2 0 7 3 8 4 6 1 
30851318 37065660 
8 9 6 0 4 2 7 5 1 3 
31805786 36380284 
3 9 5 4 1 6 7 0 2 8 
32180804 34462636 
7 9 5 4 1 6 8 0 2 3 
33044858 34315334 
5 9 2 0 7 3 8 6 4 1 
34385712 33321548 
2 9 5 4 1 6 8 3 0 7 
35818772 30762720 
3 9 6 4 1 5 7 0 2 8 
36327780 29730620 
3 9 6 4 1 5 7 2 0 8 
37398838 29670582 
7 9 6 4 1 5 8 0 2 3 
37710456 29647218 
2 9 5 4 1 6 7 3 0 8 
38070570 28957108 
8 9 6 4 0 2 7 5 1 3 
40053402 27946422 
8 9 6 4 2 0 7 5 1 3 
40425442 27354516 
2 9 6 4 1 5 8 3 0 7 
41441868 25929796 
8 9 6 4 0 3 2 5 1 7 
43079052 25495362 
2 9 6 4 1 5 7 3 0 8 
43414492 24013556 
8 9 6 4 0 3 7 5 1 2 
43900872 23636504 
8 9 6 4 2 3 7 5 1 0 
45844914 23410898 
7 9 6 4 2 3 8 5 1 0 
49959124 23272664 
--------------------
35 0 4058 10 2
9 1 0 8 2 3 7 4 6 5 
23526478 64777400 
9 1 2 8 0 3 7 4 6 5 
23675410 62340376 
9 1 0 7 2 3 8 4 6 5 
23737078 61422530 
9 1 2 7 0 3 8 4 6 5 
23929458 58610418 
9 3 0 8 2 1 7 4 6 5 
24043462 55932486 
9 3 2 8 0 1 7 4 6 5 
24192394 53340880 
9 3 0 7 2 8 1 4 6 5 
24877650 53091624 
9 3 2 7 0 8 1 4 6 5 
25070030 50197170 
5 3 2 7 0 8 1 4 6 9 
25555648 49537472 
9 0 2 8 7 3 1 4 6 5 
26027928 46739198 
5 0 2 8 7 3 1 4 6 9 
26206962 46413432 
9 0 3 7 8 2 1 4 6 5 
27979404 45914802 
5 9 0 7 2 3 8 4 6 1 
28180828 44541782 
5 9 2 7 0 3 8 4 6 1 
28375694 43180112 
9 0 2 7 8 3 1 4 6 5 
29318430 40846752 
5 9 3 2 7 0 8 4 6 1 
30308102 39364844 
5 9 3 2 8 0 7 4 6 1 
30582870 38545954 
0 9 1 5 8 3 7 4 6 2 
30730964 37365610 
5 9 2 0 7 3 8 4 6 1 
30851318 37065660 
0 9 5 8 1 3 7 4 6 2 
31287736 36360648 
0 9 3 1 8 5 7 4 6 2 
32088930 33049758 
0 9 5 1 8 3 7 4 6 2 
32954582 31330866 
0 9 3 1 8 5 7 6 4 2 
33795896 29514994 
0 9 5 1 8 3 7 6 4 2 
34661548 27796102 
0 9 5 1 7 3 8 6 4 2 
37649138 26436924 
2 9 5 1 8 3 4 6 0 7 
38117512 25868962 
0 9 5 1 8 3 4 6 2 7 
40849712 25785982 
2 9 5 1 4 6 8 3 7 0 
42503658 25776718 
2 9 5 1 4 6 7 3 8 0 
44742182 25242982 
7 9 5 1 4 6 2 3 8 0 
48128976 24895582 
7 9 5 1 0 3 8 6 4 2 
48288096 24601432 
7 9 5 1 2 3 8 6 4 0 
49803020 24376670 
7 9 5 1 0 6 4 3 8 2 
50044958 23578198 
7 9 5 1 0 3 4 6 8 2 
54241866 23455424 
7 9 5 1 2 3 4 6 8 0 
55848934 23229570 
--------------------
37 0 4328 10 2
9 1 0 8 2 3 7 4 6 5 
23526478 64777400 
9 1 2 8 0 3 7 4 6 5 
23675410 62340376 
9 1 0 7 2 3 8 4 6 5 
23737078 61422530 
9 1 2 7 0 3 8 4 6 5 
23929458 58610418 
9 3 0 8 2 1 7 4 6 5 
24043462 55932486 
9 3 2 8 0 1 7 4 6 5 
24192394 53340880 
9 3 0 7 2 8 1 4 6 5 
24877650 53091624 
9 3 2 7 0 8 1 4 6 5 
25070030 50197170 
5 3 2 7 0 8 1 4 6 9 
25555648 49537472 
9 0 2 8 7 3 1 4 6 5 
26027928 46739198 
5 0 2 8 7 3 1 4 6 9 
26206962 46413432 
9 0 3 7 8 2 1 4 6 5 
27979404 45914802 
5 9 0 7 2 3 8 4 6 1 
28180828 44541782 
5 9 2 7 0 3 8 4 6 1 
28375694 43180112 
6 3 8 1 7 5 4 2 0 9 
28787394 42674436 
9 0 2 7 8 3 1 4 6 5 
29318430 40846752 
5 9 3 2 7 0 8 4 6 1 
30308102 39364844 
6 3 1 5 8 9 7 2 0 4 
30483602 38940902 
5 9 3 2 8 0 7 4 6 1 
30582870 38545954 
5 9 2 0 7 3 8 4 6 1 
30851318 37065660 
6 9 3 1 8 5 7 2 0 4 
31480976 36102442 
6 9 3 1 8 5 7 0 2 4 
32668974 35861184 
4 9 3 1 8 5 7 2 0 6 
33353372 35254010 
6 9 3 8 1 5 7 2 0 4 
33589422 34963280 
5 9 3 2 8 0 7 6 4 1 
34115652 34909214 
5 9 2 0 8 3 7 4 6 1 
34252408 34453816 
5 9 2 0 7 3 8 6 4 1 
34385712 33321548 
2 9 1 5 8 3 4 6 0 7 
35895172 32242618 
2 5 1 3 8 9 4 6 0 7 
36234278 31702594 
2 9 3 1 8 5 4 6 0 7 
37690750 27669010 
2 9 5 1 8 3 4 6 0 7 
38117512 25868962 
0 9 5 1 8 3 4 6 2 7 
40849712 25785982 
7 5 9 6 0 3 4 1 8 2 
44766338 25175100 
7 5 9 6 2 3 4 1 8 0 
46642148 24949244 
7 5 9 3 0 6 4 1 8 2 
46960430 24776370 
7 5 9 6 0 3 8 1 4 2 
61414448 23990516 
7 5 9 6 2 3 8 1 4 0 
63198114 23765752 
--------------------
33 0 2978 10 2
9 1 0 8 2 3 7 4 6 5 
23526478 64777400 
9 1 2 8 0 3 7 4 6 5 
23675410 62340376 
9 1 0 7 2 3 8 4 6 5 
23737078 61422530 
9 1 2 7 0 3 8 4 6 5 
23929458 58610418 
9 3 0 8 2 1 7 4 6 5 
24043462 55932486 
9 3 2 8 0 1 7 4 6 5 
24192394 53340880 
9 3 0 7 2 8 1 4 6 5 
24877650 53091624 
9 3 2 7 0 8 1 4 6 5 
25070030 50197170 
5 3 2 7 0 8 1 4 6 9 
25555648 49537472 
9 0 2 8 7 3 1 4 6 5 
26027928 46739198 
5 0 2 8 7 3 1 4 6 9 
26206962 46413432 
9 0 3 7 8 2 1 4 6 5 
27979404 45914802 
9 0 3 7 1 2 8 4 6 5 
28644860 44664616 
5 0 2 7 3 8 1 4 6 9 
29172242 44399546 
9 0 2 7 8 3 1 4 6 5 
29318430 40846752 
0 5 1 3 8 9 7 4 6 2 
30705392 37340324 
0 9 5 8 1 3 7 4 6 2 
31287736 36360648 
0 9 3 1 8 5 7 4 6 2 
32088930 33049758 
0 9 5 1 8 3 7 4 6 2 
32954582 31330866 
0 9 5 8 1 3 7 6 4 2 
32994706 32837376 
0 9 3 1 8 5 7 6 4 2 
33795896 29514994 
0 9 5 1 8 3 7 6 4 2 
34661548 27796102 
0 9 5 1 7 3 8 6 4 2 
37649138 26436924 
2 9 5 1 8 3 4 6 0 7 
38117512 25868962 
0 9 5 1 8 3 4 6 2 7 
40849712 25785982 
2 9 5 1 4 6 8 3 7 0 
42503658 25776718 
2 9 5 1 4 6 7 3 8 0 
44742182 25242982 
7 9 5 1 4 6 2 3 8 0 
48128976 24895582 
7 9 5 1 0 3 8 6 4 2 
48288096 24601432 
7 9 5 1 2 3 8 6 4 0 
49803020 24376670 
7 9 5 1 0 6 4 3 8 2 
50044958 23578198 
7 9 5 1 0 3 4 6 8 2 
54241866 23455424 
7 9 5 1 2 3 4 6 8 0 
55848934 23229570 
--------------------
38 0 3698 10 2
9 1 0 8 2 3 7 4 6 5 
23526478 64777400 
9 1 2 8 0 3 7 4 6 5 
23675410 62340376 
9 1 0 7 2 3 8 4 6 5 
23737078 61422530 
9 1 2 7 0 3 8 4 6 5 
23929458 58610418 
9 3 0 8 2 1 7 4 6 5 
24043462 55932486 
9 3 2 8 0 1 7 4 6 5 
24192394 53340880 
9 3 0 7 2 8 1 4 6 5 
24877650 53091624 
9 3 2 7 0 8 1 4 6 5 
25070030 50197170 
5 3 2 7 0 8 1 4 6 9 
25555648 49537472 
5 9 2 7 0 8 1 4 6 3 
26822742 49038488 
9 0 2 8 3 1 7 4 6 5 
27734418 48485870 
9 5 2 7 0 3 8 4 6 1 
27943890 47939650 
5 9 0 7 2 3 8 4 6 1 
28180828 44541782 
5 9 2 7 0 3 8 4 6 1 
28375694 43180112 
9 5 3 2 8 0 7 4 6 1 
29348526 42890192 
0 3 1 5 8 9 7 4 6 2 
29425920 41637060 
5 3 2 0 7 9 8 4 6 1 
30000886 41631778 
5 9 3 2 7 0 8 4 6 1 
30308102 39364844 
5 9 3 2 8 0 7 4 6 1 
30582870 38545954 
0 5 1 3 8 9 7 4 6 2 
30705392 37340324 
0 9 1 5 8 3 7 4 6 2 
30730964 37365610 
5 9 2 0 7 3 8 4 6 1 
30851318 37065660 
0 9 5 8 1 3 7 4 6 2 
31287736 36360648 
0 9 3 1 8 5 7 4 6 2 
32088930 33049758 
0 9 5 1 8 3 7 4 6 2 
32954582 31330866 
0 9 3 1 8 5 7 6 4 2 
33795896 29514994 
0 9 5 1 8 3 7 6 4 2 
34661548 27796102 
0 9 5 1 7 3 8 6 4 2 
37649138 26436924 
2 9 5 1 8 3 4 6 0 7 
38117512 25868962 
0 9 5 1 8 3 4 6 2 7 
40849712 25785982 
7 5 9 6 0 3 4 1 8 2 
44766338 25175100 
7 5 9 6 2 3 4 1 8 0 
46642148 24949244 
7 5 9 3 0 6 4 1 8 2 
46960430 24776370 
7 9 5 1 0 3 8 6 4 2 
48288096 24601432 
7 9 5 1 2 3 8 6 4 0 
49803020 24376670 
7 9 5 1 0 6 4 3 8 2 
50044958 23578198 
7 9 5 1 0 3 4 6 8 2 
54241866 23455424 
7 9 5 1 2 3 4 6 8 0 
55848934 23229570 
--------------------
35 0 3203 10 2
9 1 0 8 2 3 7 4 6 5 
23526478 64777400 
9 1 2 8 0 3 7 4 6 5 
23675410 62340376 
9 1 0 7 2 3 8 4 6 5 
23737078 61422530 
9 1 2 7 0 3 8 4 6 5 
23929458 58610418 
9 3 0 8 2 1 7 4 6 5 
24043462 55932486 
9 3 2 8 0 1 7 4 6 5 
24192394 53340880 
9 3 0 7 2 8 1 4 6 5 
24877650 53091624 
9 3 2 7 0 8 1 4 6 5 
25070030 50197170 
5 3 2 7 0 8 1 4 6 9 
25555648 49537472 
9 0 2 8 7 3 1 4 6 5 
26027928 46739198 
5 0 2 8 7 3 1 4 6 9 
26206962 46413432 
9 0 3 7 8 2 1 4 6 5 
27979404 45914802 
5 9 0 7 2 3 8 4 6 1 
28180828 44541782 
5 9 2 7 0 3 8 4 6 1 
28375694 43180112 
9 0 2 7 8 3 1 4 6 5 
29318430 40846752 
5 9 3 2 7 0 8 4 6 1 
30308102 39364844 
5 9 3 2 8 0 7 4 6 1 
30582870 38545954 
0 9 1 5 8 3 7 4 6 2 
30730964 37365610 
5 9 2 0 7 3 8 4 6 1 
30851318 37065660 
0 9 5 8 1 3 7 4 6 2 
31287736 36360648 
0 9 3 1 8 5 7 4 6 2 
32088930 33049758 
0 9 5 1 8 3 7 4 6 2 
32954582 31330866 
0 9 3 1 8 5 7 6 4 2 
33795896 29514994 
0 9 5 1 8 3 7 6 4 2 
34661548 27796102 
0 9 5 1 7 3 8 6 4 2 
37649138 26436924 
2 9 5 1 8 3 4 6 0 7 
38117512 25868962 
0 9 5 1 8 3 4 6 2 7 
40849712 25785982 
2 9 5 1 4 6 8 3 7 0 
42503658 25776718 
2 9 5 1 4 6 7 3 8 0 
44742182 25242982 
7 9 5 1 4 6 2 3 8 0 
48128976 24895582 
7 9 5 1 0 3 8 6 4 2 
48288096 24601432 
7 9 5 1 2 3 8 6 4 0 
49803020 24376670 
7 9 5 1 0 6 4 3 8 2 
50044958 23578198 
7 9 5 1 0 3 4 6 8 2 
54241866 23455424 
7 9 5 1 2 3 4 6 8 0 
55848934 23229570 
--------------------
32 0 2483 10 2
9 1 8 2 7 0 3 4 6 5 
23123030 62757182 
9 1 8 0 7 2 3 4 6 5 
23351722 62662582 
9 3 8 2 7 0 1 4 6 5 
23602010 54421960 
9 3 8 0 7 2 1 4 6 5 
23830702 54248334 
9 3 7 2 8 0 1 4 6 5 
24026396 52136048 
9 3 2 7 0 8 1 4 6 5 
25070030 50197170 
5 3 2 7 0 8 1 4 6 9 
25555648 49537472 
9 0 2 8 7 3 1 4 6 5 
26027928 46739198 
5 0 2 8 7 3 1 4 6 9 
26206962 46413432 
9 0 3 7 8 2 1 4 6 5 
27979404 45914802 
9 0 3 7 1 2 8 4 6 5 
28644860 44664616 
5 0 2 7 3 8 1 4 6 9 
29172242 44399546 
9 0 2 7 8 3 1 4 6 5 
29318430 40846752 
0 9 1 5 8 3 7 4 6 2 
30730964 37365610 
0 9 5 8 1 3 7 4 6 2 
31287736 36360648 
0 9 3 1 8 5 7 4 6 2 
32088930 33049758 
0 9 5 1 3 8 7 4 6 2 
32597956 36500318 
0 9 5 1 8 3 7 4 6 2 
32954582 31330866 
0 9 3 1 8 5 7 6 4 2 
33795896 29514994 
0 9 5 1 8 3 7 6 4 2 
34661548 27796102 
0 9 5 1 7 3 8 6 4 2 
37649138 26436924 
2 9 5 1 8 3 4 6 0 7 
38117512 25868962 
0 9 5 1 8 3 4 6 2 7 
40849712 25785982 
2 9 5 1 4 6 8 3 7 0 
42503658 25776718 
2 9 5 1 4 6 7 3 8 0 
44742182 25242982 
7 9 5 1 4 6 0 3 8 2 
47137768 25339828 
7 9 5 1 4 6 2 3 8 0 
48128976 24895582 
7 9 5 1 0 3 8 6 4 2 
48288096 24601432 
7 9 5 1 2 3 8 6 4 0 
49803020 24376670 
7 9 5 1 0 6 4 3 8 2 
50044958 23578198 
7 9 5 1 0 3 4 6 8 2 
54241866 23455424 
7 9 5 1 2 3 4 6 8 0 
55848934 23229570 
--------------------
34 0 4103 10 2
9 1 0 8 2 3 7 4 6 5 
23526478 64777400 
9 1 2 8 0 3 7 4 6 5 
23675410 62340376 
9 1 0 7 2 3 8 4 6 5 
23737078 61422530 
9 1 2 7 0 3 8 4 6 5 
23929458 58610418 
9 3 0 8 2 1 7 4 6 5 
24043462 55932486 
9 3 2 8 0 1 7 4 6 5 
24192394 53340880 
5 3 2 8 0 1 7 4 6 9 
25196008 52681182 
9 3 7 8 2 1 0 4 6 5 
25728614 51961634 
9 0 2 8 7 3 1 4 6 5 
26027928 46739198 
5 0 2 8 7 3 1 4 6 9 
26206962 46413432 
6 3 7 2 8 0 1 5 9 4 
26842334 45576982 
6 3 7 2 8 0 1 9 5 4 
28044336 44955658 
9 0 3 7 1 2 8 4 6 5 
28644860 44664616 
6 3 2 8 0 1 7 5 9 4 
28715048 44015176 
6 3 8 7 1 2 0 5 9 4 
29166448 43069496 
9 0 2 7 8 3 1 4 6 5 
29318430 40846752 
0 9 1 5 8 3 7 4 6 2 
30730964 37365610 
0 9 5 8 1 3 7 4 6 2 
31287736 36360648 
0 9 3 1 8 5 7 4 6 2 
32088930 33049758 
0 9 5 1 8 3 7 4 6 2 
32954582 31330866 
0 9 3 1 8 5 7 6 4 2 
33795896 29514994 
0 9 5 1 8 3 7 6 4 2 
34661548 27796102 
0 9 5 1 7 3 8 6 4 2 
37649138 26436924 
2 9 5 1 8 3 4 6 0 7 
38117512 25868962 
0 9 5 1 8 3 4 6 2 7 
40849712 25785982 
2 9 5 1 4 6 8 3 7 0 
42503658 25776718 
2 9 5 1 4 6 7 3 8 0 
44742182 25242982 
7 9 5 1 4 6 0 3 8 2 
47137768 25339828 
7 9 5 1 4 6 2 3 8 0 
48128976 24895582 
7 9 5 1 0 3 8 6 4 2 
48288096 24601432 
7 9 5 1 2 3 8 6 4 0 
49803020 24376670 
7 9 5 1 0 6 4 3 8 2 
50044958 23578198 
7 9 5 1 0 3 4 6 8 2 
54241866 23455424 
7 9 5 1 2 3 4 6 8 0 
55848934 23229570 
--------------------
34 0 3563 10 2
9 8 2 4 0 6 7 1 5 3 
23743192 58549872 
3 1 2 4 0 6 7 5 9 8 
25370098 56305098 
3 1 0 4 2 6 7 5 9 8 
25476942 55815476 
5 3 2 4 0 6 7 8 1 9 
26864856 46886250 
3 5 0 4 2 6 7 8 1 9 
27695100 51960902 
3 9 2 4 0 6 7 8 1 5 
28263118 50226436 
3 5 2 4 0 6 7 1 8 9 
29266262 46885544 
3 5 0 4 2 6 7 1 8 9 
29371788 45980436 
3 9 0 4 2 6 7 1 8 5 
30029118 44916516 
3 9 6 5 4 1 7 0 2 8 
30372044 41934572 
2 5 1 4 8 6 7 9 3 0 
30486828 41442750 
3 9 6 1 4 5 7 0 2 8 
30920112 41182514 
8 9 4 0 6 2 7 5 1 3 
31597286 40790568 
8 9 6 0 4 2 7 5 1 3 
31805786 36380284 
3 9 5 4 1 6 7 0 2 8 
32180804 34462636 
7 9 5 4 1 6 8 0 2 3 
33044858 34315334 
2 5 9 4 8 6 7 1 3 0 
34873588 34204198 
3 9 4 6 1 5 7 0 2 8 
35735992 34050390 
7 9 5 4 1 6 3 0 2 8 
35790058 33721396 
2 9 5 4 1 6 8 3 0 7 
35818772 30762720 
3 9 6 4 1 5 7 0 2 8 
36327780 29730620 
3 9 6 4 1 5 7 2 0 8 
37398838 29670582 
7 9 6 4 1 5 8 0 2 3 
37710456 29647218 
2 9 5 4 1 6 7 3 0 8 
38070570 28957108 
3 5 6 4 0 9 7 1 8 2 
39436580 27796828 
8 9 6 4 2 0 7 5 1 3 
40425442 27354516 
2 9 6 4 1 5 8 3 0 7 
41441868 25929796 
2 9 5 1 4 6 8 3 7 0 
42503658 25776718 
8 9 6 4 0 3 2 5 1 7 
43079052 25495362 
2 9 6 4 1 5 7 3 0 8 
43414492 24013556 
8 9 6 4 0 3 7 5 1 2 
43900872 23636504 
8 9 6 4 2 3 7 5 1 0 
45844914 23410898 
7 9 6 4 2 3 8 5 1 0 
49959124 23272664 
7 9 5 1 2 3 4 6 8 0 
55848934 23229570 
--------------------
32 0 2528 10 2
9 1 0 8 2 3 7 4 6 5 
23526478 64777400 
9 1 2 8 0 3 7 4 6 5 
23675410 62340376 
9 1 0 7 2 3 8 4 6 5 
23737078 61422530 
9 1 2 7 0 3 8 4 6 5 
23929458 58610418 
9 3 0 8 2 1 7 4 6 5 
24043462 55932486 
9 3 2 8 0 1 7 4 6 5 
24192394 53340880 
9 3 0 7 2 8 1 4 6 5 
24877650 53091624 
9 3 2 7 0 8 1 4 6 5 
25070030 50197170 
5 3 2 7 0 8 1 4 6 9 
25555648 49537472 
9 0 2 8 7 3 1 4 6 5 
26027928 46739198 
5 0 2 8 7 3 1 4 6 9 
26206962 46413432 
9 0 3 7 8 2 1 4 6 5 
27979404 45914802 
9 0 3 7 1 2 8 4 6 5 
28644860 44664616 
5 0 2 7 3 8 1 4 6 9 
29172242 44399546 
9 0 2 7 8 3 1 4 6 5 
29318430 40846752 
0 9 1 5 8 3 7 4 6 2 
30730964 37365610 
0 9 5 8 1 3 7 4 6 2 
31287736 36360648 
0 9 3 1 8 5 7 4 6 2 
32088930 33049758 
0 9 5 1 8 3 7 4 6 2 
32954582 31330866 
0 9 3 1 8 5 7 6 4 2 
33795896 29514994 
0 9 5 1 8 3 7 6 4 2 
34661548 27796102 
0 9 5 1 7 3 8 6 4 2 
37649138 26436924 
2 9 5 1 8 3 4 6 0 7 
38117512 25868962 
0 9 5 1 8 3 4 6 2 7 
40849712 25785982 
2 9 5 1 4 6 8 3 7 0 
42503658 25776718 
2 9 5 1 4 6 7 3 8 0 
44742182 25242982 
7 9 5 1 4 6 2 3 8 0 
48128976 24895582 
7 9 5 1 0 3 8 6 4 2 
48288096 24601432 
7 9 5 1 2 3 8 6 4 0 
49803020 24376670 
7 9 5 1 0 6 4 3 8 2 
50044958 23578198 
7 9 5 1 0 3 4 6 8 2 
54241866 23455424 
7 9 5 1 2 3 4 6 8 0 
55848934 23229570 
--------------------
33 1 4733 10 2
9 4 8 2 7 0 1 3 5 6 
24049428 71750228 
5 4 8 2 7 0 1 3 9 6 
24252086 71532834 
9 4 7 2 8 0 1 3 5 6 
24471948 68106702 
5 4 7 2 8 0 1 3 9 6 
24631374 67871248 
9 1 8 2 7 0 4 6 5 3 
25317084 58396284 
5 1 8 2 7 0 4 6 9 3 
25652138 58173466 
5 1 8 0 7 2 4 6 9 3 
25741496 58171984 
9 1 8 2 7 0 4 3 5 6 
26267076 53904914 
6 3 8 2 7 0 1 5 9 4 
26398582 46924664 
6 3 7 2 8 0 1 5 9 4 
26842334 45576982 
6 3 7 2 8 0 1 9 5 4 
28044336 44955658 
6 3 2 8 0 1 7 5 9 4 
28715048 44015176 
9 3 2 7 0 8 4 1 5 6 
28821538 42851442 
0 3 1 5 8 9 7 4 6 2 
29425920 41637060 
6 3 2 7 0 8 1 5 9 4 
29733162 40915682 
0 5 1 3 8 9 7 4 6 2 
30705392 37340324 
0 9 5 8 1 3 7 4 6 2 
31287736 36360648 
0 9 3 1 8 5 7 4 6 2 
32088930 33049758 
0 9 5 1 8 3 7 4 6 2 
32954582 31330866 
0 9 3 1 8 5 7 6 4 2 
33795896 29514994 
0 9 5 1 8 3 7 6 4 2 
34661548 27796102 
0 9 5 1 7 3 8 6 4 2 
37649138 26436924 
2 9 5 1 8 3 4 6 0 7 
38117512 25868962 
0 9 5 1 8 3 4 6 2 7 
40849712 25785982 
2 9 5 1 4 6 8 3 7 0 
42503658 25776718 
2 9 5 1 4 6 7 3 8 0 
44742182 25242982 
7 9 5 1 4 6 0 3 8 2 
47137768 25339828 
7 9 5 1 4 6 2 3 8 0 
48128976 24895582 
7 9 5 1 0 3 8 6 4 2 
48288096 24601432 
7 9 5 1 2 3 8 6 4 0 
49803020 24376670 
7 9 5 1 0 6 4 3 8 2 
50044958 23578198 
7 9 5 1 0 3 4 6 8 2 
54241866 23455424 
7 9 5 1 2 3 4 6 8 0 
55848934 23229570 
--------------------
36 0 4283 10 2
9 1 0 8 2 3 7 4 6 5 
23526478 64777400 
9 1 2 8 0 3 7 4 6 5 
23675410 62340376 
9 1 0 7 2 3 8 4 6 5 
23737078 61422530 
9 1 2 7 0 3 8 4 6 5 
23929458 58610418 
9 3 0 8 2 1 7 4 6 5 
24043462 55932486 
9 3 2 8 0 1 7 4 6 5 
24192394 53340880 
5 3 0 8 2 1 7 4 6 9 
25043902 55313434 
5 3 2 8 0 1 7 4 6 9 
25196008 52681182 
9 5 1 2 8 0 7 4 6 3 
25398978 51148086 
9 0 2 8 7 3 1 4 6 5 
26027928 46739198 
5 0 2 8 7 3 1 4 6 9 
26206962 46413432 
9 0 3 7 8 2 1 4 6 5 
27979404 45914802 
5 9 0 7 2 3 8 4 6 1 
28180828 44541782 
5 9 2 7 0 3 8 4 6 1 
28375694 43180112 
9 0 2 7 8 3 1 4 6 5 
29318430 40846752 
5 9 3 2 7 0 8 4 6 1 
30308102 39364844 
5 9 3 2 8 0 7 4 6 1 
30582870 38545954 
0 5 1 3 8 9 7 4 6 2 
30705392 37340324 
0 9 1 5 8 3 7 4 6 2 
30730964 37365610 
5 9 2 0 7 3 8 4 6 1 
30851318 37065660 
0 9 5 8 1 3 7 4 6 2 
31287736 36360648 
0 9 3 1 8 5 7 4 6 2 
32088930 33049758 
0 9 5 1 8 3 7 4 6 2 
32954582 31330866 
0 9 3 1 8 5 7 6 4 2 
33795896 29514994 
0 9 5 1 8 3 7 6 4 2 
34661548 27796102 
0 9 5 1 7 3 8 6 4 2 
37649138 26436924 
2 9 5 1 8 3 4 6 0 7 
38117512 25868962 
0 9 5 1 8 3 4 6 2 7 
40849712 25785982 
2 9 5 1 4 6 8 3 7 0 
42503658 25776718 
2 9 5 1 4 6 7 3 8 0 
44742182 25242982 
7 9 5 1 4 6 2 3 8 0 
48128976 24895582 
7 9 5 1 0 3 8 6 4 2 
48288096 24601432 
7 9 5 1 2 3 8 6 4 0 
49803020 24376670 
7 9 5 1 0 6 4 3 8 2 
50044958 23578198 
7 9 5 1 0 3 4 6 8 2 
54241866 23455424 
7 9 5 1 2 3 4 6 8 0 
55848934 23229570 
--------------------
29 0 3203 10 2
3 5 8 4 1 6 7 0 2 9 
26420838 59605836 
3 5 4 8 6 1 7 0 2 9 
26601178 56704544 
3 5 1 4 8 6 7 0 2 9 
26854030 51045364 
3 5 6 8 4 1 7 0 2 9 
26961690 51013388 
3 9 6 8 4 1 7 0 2 5 
27296240 48302486 
3 9 4 5 6 1 7 0 2 8 
30011532 47625728 
3 9 6 5 4 1 7 0 2 8 
30372044 41934572 
2 5 1 4 8 6 7 9 3 0 
30486828 41442750 
3 9 6 1 4 5 7 0 2 8 
30920112 41182514 
0 5 1 4 8 6 7 9 3 2 
31872590 40955480 
2 5 1 4 8 6 7 9 0 3 
32103550 39522814 
3 9 5 4 1 6 7 0 2 8 
32180804 34462636 
3 5 9 4 8 6 7 0 2 1 
32305824 38190708 
7 9 5 4 1 6 8 0 2 3 
33044858 34315334 
2 5 9 4 8 6 7 1 3 0 
34873588 34204198 
3 9 4 6 1 5 7 0 2 8 
35735992 34050390 
7 9 5 4 1 6 3 0 2 8 
35790058 33721396 
2 9 5 4 1 6 8 3 0 7 
35818772 30762720 
3 9 6 4 1 5 7 0 2 8 
36327780 29730620 
3 9 6 4 1 5 7 2 0 8 
37398838 29670582 
2 9 3 1 8 5 4 6 0 7 
37690750 27669010 
2 9 5 1 8 3 4 6 0 7 
38117512 25868962 
0 9 5 1 8 3 4 6 2 7 
40849712 25785982 
2 6 9 3 1 5 7 4 0 8 
42176434 25520820 
2 9 6 4 1 5 7 3 0 8 
43414492 24013556 
2 9 6 4 1 3 7 5 0 8 
46170102 23929676 
7 9 6 4 1 5 0 3 2 8 
46798212 23774386 
7 9 6 4 1 5 2 3 0 8 
49702390 23631556 
7 9 6 4 1 3 2 5 0 8 
52026010 23528670 
--------------------
32 0 4103 10 2
9 1 0 8 2 3 7 4 6 5 
23526478 64777400 
9 1 2 8 0 3 7 4 6 5 
23675410 62340376 
9 1 0 7 2 3 8 4 6 5 
23737078 61422530 
9 1 2 7 0 3 8 4 6 5 
23929458 58610418 
9 3 0 8 2 1 7 4 6 5 
24043462 55932486 
9 3 2 8 0 1 7 4 6 5 
24192394 53340880 
9 3 0 7 2 8 1 4 6 5 
24877650 53091624 
9 3 2 7 0 8 1 4 6 5 
25070030 50197170 
5 3 2 7 0 8 1 4 6 9 
25555648 49537472 
9 0 2 8 7 3 1 4 6 5 
26027928 46739198 
5 0 2 8 7 3 1 4 6 9 
26206962 46413432 
9 0 3 7 8 2 1 4 6 5 
27979404 45914802 
9 0 3 7 1 2 8 4 6 5 
28644860 44664616 
6 3 2 8 0 1 7 5 9 4 
28715048 44015176 
9 0 2 7 8 3 1 4 6 5 
29318430 40846752 
0 9 1 5 8 3 7 4 6 2 
30730964 37365610 
0 9 5 8 1 3 7 4 6 2 
31287736 36360648 
0 9 3 1 8 5 7 4 6 2 
32088930 33049758 
0 9 5 1 8 3 7 4 6 2 
32954582 31330866 
0 9 3 1 8 5 7 6 4 2 
33795896 29514994 
0 9 5 1 8 3 7 6 4 2 
34661548 27796102 
0 9 5 1 7 3 8 6 4 2 
37649138 26436924 
2 9 5 1 8 3 4 6 0 7 
38117512 25868962 
0 9 5 1 8 3 4 6 2 7 
40849712 25785982 
2 9 5 1 4 6 8 3 7 0 
42503658 25776718 
2 9 5 1 4 6 7 3 8 0 
44742182 25242982 
7 9 5 1 4 6 2 3 8 0 
48128976 24895582 
7 9 5 1 0 3 8 6 4 2 
48288096 24601432 
7 9 5 1 2 3 8 6 4 0 
49803020 24376670 
7 9 5 1 0 6 4 3 8 2 
50044958 23578198 
7 9 5 1 0 3 4 6 8 2 
54241866 23455424 
7 9 5 1 2 3 4 6 8 0 
55848934 23229570 
--------------------
35 0 3563 10 2
9 1 0 8 2 3 7 4 6 5 
23526478 64777400 
9 1 2 8 0 3 7 4 6 5 
23675410 62340376 
9 1 0 7 2 3 8 4 6 5 
23737078 61422530 
9 1 2 7 0 3 8 4 6 5 
23929458 58610418 
9 3 0 8 2 1 7 4 6 5 
24043462 55932486 
9 3 2 8 0 1 7 4 6 5 
24192394 53340880 
9 3 0 7 2 8 1 4 6 5 
24877650 53091624 
9 3 2 7 0 8 1 4 6 5 
25070030 50197170 
5 3 2 7 0 8 1 4 6 9 
25555648 49537472 
9 0 2 8 7 3 1 4 6 5 
26027928 46739198 
5 0 2 8 7 3 1 4 6 9 
26206962 46413432 
9 0 3 7 8 2 1 4 6 5 
27979404 45914802 
9 0 3 7 1 2 8 4 6 5 
28644860 44664616 
5 0 2 7 3 8 1 4 6 9 
29172242 44399546 
9 0 2 7 8 3 1 4 6 5 
29318430 40846752 
9 0 2 8 1 3 7 4 6 5 
29765400 42965158 
0 5 1 3 8 9 7 4 6 2 
30705392 37340324 
0 9 1 5 8 3 7 4 6 2 
30730964 37365610 
0 9 5 8 1 3 7 4 6 2 
31287736 36360648 
0 9 3 1 8 5 7 4 6 2 
32088930 33049758 
0 9 5 1 8 3 7 4 6 2 
32954582 31330866 
0 9 3 1 8 5 7 6 4 2 
33795896 29514994 
0 9 5 1 8 3 7 6 4 2 
34661548 27796102 
0 9 5 1 7 3 8 6 4 2 
37649138 26436924 
2 9 5 1 8 3 4 6 0 7 
38117512 25868962 
0 9 5 1 8 3 4 6 2 7 
40849712 25785982 
2 9 5 1 4 6 8 3 7 0 
42503658 25776718 
2 9 5 1 4 6 7 3 8 0 
44742182 25242982 
7 9 5 1 4 6 0 3 8 2 
47137768 25339828 
7 9 5 1 4 6 2 3 8 0 
48128976 24895582 
7 9 5 1 0 3 8 6 4 2 
48288096 24601432 
7 9 5 1 2 3 8 6 4 0 
49803020 24376670 
7 9 5 1 0 6 4 3 8 2 
50044958 23578198 
7 9 5 1 0 3 4 6 8 2 
54241866 23455424 
7 9 5 1 2 3 4 6 8 0 
55848934 23229570 
--------------------
31 0 3878 10 2
9 1 0 8 2 3 7 4 6 5 
23526478 64777400 
9 1 2 8 0 3 7 4 6 5 
23675410 62340376 
9 1 0 7 2 3 8 4 6 5 
23737078 61422530 
9 1 2 7 0 3 8 4 6 5 
23929458 58610418 
9 3 0 8 2 1 7 4 6 5 
24043462 55932486 
9 3 2 8 0 1 7 4 6 5 
24192394 53340880 
5 3 2 8 0 1 7 4 6 9 
25196008 52681182 
9 3 7 8 2 1 0 4 6 5 
25728614 51961634 
6 3 8 2 7 0 1 5 9 4 
26398582 46924664 
6 3 7 2 8 0 1 5 9 4 
26842334 45576982 
6 3 7 2 8 0 1 9 5 4 
28044336 44955658 
6 3 2 8 0 1 7 5 9 4 
28715048 44015176 
6 3 8 7 1 2 0 5 9 4 
29166448 43069496 
0 3 1 5 8 9 7 4 6 2 
29425920 41637060 
6 3 2 7 0 8 1 5 9 4 
29733162 40915682 
0 5 1 3 8 9 7 4 6 2 
30705392 37340324 
0 9 1 5 8 3 7 4 6 2 
30730964 37365610 
0 9 5 8 1 3 7 4 6 2 
31287736 36360648 
0 9 3 1 8 5 7 4 6 2 
32088930 33049758 
0 9 5 1 8 3 7 4 6 2 
32954582 31330866 
0 9 3 1 8 5 7 6 4 2 
33795896 29514994 
0 9 5 1 8 3 7 6 4 2 
34661548 27796102 
0 9 5 1 7 3 8 6 4 2 
37649138 26436924 
2 9 5 1 8 3 4 6 0 7 
38117512 25868962 
0 9 5 1 8 3 4 6 2 7 
40849712 25785982 
8 9 6 4 0 3 2 5 1 7 
43079052 25495362 
8 9 6 4 0 3 7 5 1 2 
43900872 23636504 
8 9 6 4 2 3 7 5 1 0 
45844914 23410898 
7 9 6 4 0 3 8 5 1 2 
47667786 23498262 
7 9 6 4 2 3 8 5 1 0 
49959124 23272664 
7 9 5 1 2 3 4 6 8 0 
55848934 23229570 
--------------------
32 0 4373 10 2
5 7 0 8 2 1 4 6 9 3 
25029722 68625474 
5 4 0 8 2 1 7 3 9 6 
25126076 65846166 
5 7 2 8 0 1 4 6 9 3 
25181066 64946090 
3 4 0 8 2 1 7 5 9 6 
26076336 62262180 
3 4 2 8 0 1 7 5 9 6 
26253882 62250976 
6 3 8 2 7 0 1 5 9 4 
26398582 46924664 
6 3 7 2 8 0 1 5 9 4 
26842334 45576982 
6 3 8 0 7 2 1 5 9 4 
27051762 46835814 
6 3 7 2 8 0 1 9 5 4 
28044336 44955658 
6 3 2 8 0 1 7 5 9 4 
28715048 44015176 
6 3 8 7 1 2 0 5 9 4 
29166448 43069496 
0 3 1 5 8 9 7 4 6 2 
29425920 41637060 
6 3 2 7 0 8 1 5 9 4 
29733162 40915682 
0 5 1 3 8 9 7 4 6 2 
30705392 37340324 
0 9 1 5 8 3 7 4 6 2 
30730964 37365610 
0 9 5 8 1 3 7 4 6 2 
31287736 36360648 
0 9 3 1 8 5 7 4 6 2 
32088930 33049758 
0 9 5 1 8 3 7 4 6 2 
32954582 31330866 
0 9 3 1 8 5 7 6 4 2 
33795896 29514994 
0 9 5 1 8 3 7 6 4 2 
34661548 27796102 
0 9 5 1 7 3 8 6 4 2 
37649138 26436924 
2 9 5 1 8 3 4 6 0 7 
38117512 25868962 
0 9 5 1 8 3 4 6 2 7 
40849712 25785982 
2 9 5 1 4 6 8 3 7 0 
42503658 25776718 
2 9 5 1 4 6 7 3 8 0 
44742182 25242982 
7 9 5 1 4 6 0 3 8 2 
47137768 25339828 
7 9 5 1 4 6 2 3 8 0 
48128976 24895582 
7 9 5 1 0 3 8 6 4 2 
48288096 24601432 
7 9 5 1 2 3 8 6 4 0 
49803020 24376670 
7 9 5 1 0 6 4 3 8 2 
50044958 23578198 
7 9 5 1 0 3 4 6 8 2 
54241866 23455424 
7 9 5 1 2 3 4 6 8 0 
55848934 23229570 
--------------------
32 0 3788 10 2
9 1 0 8 2 3 7 4 6 5 
23526478 64777400 
9 1 2 8 0 3 7 4 6 5 
23675410 62340376 
9 1 0 7 2 3 8 4 6 5 
23737078 61422530 
9 1 2 7 0 3 8 4 6 5 
23929458 58610418 
9 3 0 8 2 1 7 4 6 5 
24043462 55932486 
9 3 2 8 0 1 7 4 6 5 
24192394 53340880 
5 3 0 8 2 1 7 4 6 9 
25043902 55313434 
5 3 2 8 0 1 7 4 6 9 
25196008 52681182 
9 3 7 8 2 1 0 4 6 5 
25728614 51961634 
9 0 2 8 7 3 1 4 6 5 
26027928 46739198 
5 0 2 8 7 3 1 4 6 9 
26206962 46413432 
9 0 3 7 8 2 1 4 6 5 
27979404 45914802 
9 0 3 7 1 2 8 4 6 5 
28644860 44664616 
6 3 2 8 0 1 7 5 9 4 
28715048 44015176 
9 0 2 7 8 3 1 4 6 5 
29318430 40846752 
0 9 1 5 8 3 7 4 6 2 
30730964 37365610 
0 9 5 8 1 3 7 4 6 2 
31287736 36360648 
0 9 3 1 8 5 7 4 6 2 
32088930 33049758 
0 9 5 1 8 3 7 4 6 2 
32954582 31330866 
0 9 3 1 8 5 7 6 4 2 
33795896 29514994 
0 9 5 1 8 3 7 6 4 2 
34661548 27796102 
0 9 5 1 7 3 8 6 4 2 
37649138 26436924 
2 9 5 1 8 3 4 6 0 7 
38117512 25868962 
0 9 5 1 8 3 4 6 2 7 
40849712 25785982 
2 9 5 1 4 6 8 3 7 0 
42503658 25776718 
2 9 5 1 4 6 7 3 8 0 
44742182 25242982 
7 9 5 1 4 6 2 3 8 0 
48128976 24895582 
7 9 5 1 0 3 8 6 4 2 
48288096 24601432 
7 9 5 1 2 3 8 6 4 0 
49803020 24376670 
7 9 5 1 0 6 4 3 8 2 
50044958 23578198 
7 9 5 1 0 3 4 6 8 2 
54241866 23455424 
7 9 5 1 2 3 4 6 8 0 
55848934 23229570 
--------------------
35 1 4013 10 2
5 7 0 8 2 1 4 6 9 3 
25029722 68625474 
5 4 0 8 2 1 7 3 9 6 
25126076 65846166 
5 7 2 8 0 1 4 6 9 3 
25181066 64946090 
9 4 0 8 2 3 7 1 5 6 
25405108 64681946 
9 4 0 7 2 3 8 1 5 6 
25605502 61333810 
9 4 2 7 0 3 8 1 5 6 
25798732 60979416 
3 4 0 8 2 1 7 6 9 5 
26442346 55457100 
5 4 0 8 2 1 7 6 9 3 
26771146 54566216 
3 9 4 8 6 1 7 0 2 5 
26935728 53993642 
3 5 6 8 4 1 7 0 2 9 
26961690 51013388 
5 0 2 8 7 1 4 6 9 3 
27137342 49436800 
3 9 6 8 4 1 7 0 2 5 
27296240 48302486 
6 3 0 8 2 1 7 5 9 4 
28589740 47063118 
9 3 0 7 2 8 4 1 5 6 
28628308 46029156 
6 3 2 8 0 1 7 5 9 4 
28715048 44015176 
9 3 2 7 0 8 4 1 5 6 
28821538 42851442 
0 3 1 5 8 9 7 4 6 2 
29425920 41637060 
6 3 2 7 0 8 1 5 9 4 
29733162 40915682 
0 5 1 3 8 9 7 4 6 2 
30705392 37340324 
0 9 5 8 1 3 7 4 6 2 
31287736 36360648 
0 9 3 1 8 5 7 4 6 2 
32088930 33049758 
0 9 5 1 8 3 7 4 6 2 
32954582 31330866 
0 9 3 1 8 5 7 6 4 2 
33795896 29514994 
0 9 5 1 8 3 7 6 4 2 
34661548 27796102 
0 9 5 1 7 3 8 6 4 2 
37649138 26436924 
2 9 5 1 8 3 4 6 0 7 
38117512 25868962 
0 9 5 1 8 3 4 6 2 7 
40849712 25785982 
2 9 5 1 4 6 8 3 7 0 
42503658 25776718 
2 9 5 1 4 6 7 3 8 0 
44742182 25242982 
7 9 5 1 4 6 2 3 8 0 
48128976 24895582 
7 9 5 1 0 3 8 6 4 2 
48288096 24601432 
7 9 5 1 2 3 8 6 4 0 
49803020 24376670 
7 9 5 1 0 6 4 3 8 2 
50044958 23578198 
7 9 5 1 0 3 4 6 8 2 
54241866 23455424 
7 9 5 1 2 3 4 6 8 0 
55848934 23229570 
--------------------
33 0 4328 10 2
9 1 8 2 7 0 3 4 6 5 
23123030 62757182 
9 1 8 0 7 2 3 4 6 5 
23351722 62662582 
9 3 8 2 7 0 1 4 6 5 
23602010 54421960 
9 3 8 0 7 2 1 4 6 5 
23830702 54248334 
9 3 7 2 8 0 1 4 6 5 
24026396 52136048 
9 3 2 7 0 8 1 4 6 5 
25070030 50197170 
5 3 2 7 0 8 1 4 6 9 
25555648 49537472 
6 3 8 2 7 0 1 5 9 4 
26398582 46924664 
6 3 7 2 8 0 1 5 9 4 
26842334 45576982 
6 3 7 2 8 0 1 9 5 4 
28044336 44955658 
6 3 2 8 0 1 7 5 9 4 
28715048 44015176 
6 3 8 7 1 2 0 5 9 4 
29166448 43069496 
0 3 1 5 8 9 7 4 6 2 
29425920 41637060 
6 3 2 7 0 8 1 5 9 4 
29733162 40915682 
0 5 1 3 8 9 7 4 6 2 
30705392 37340324 
0 9 1 5 8 3 7 4 6 2 
30730964 37365610 
0 9 5 8 1 3 7 4 6 2 
31287736 36360648 
0 9 3 1 8 5 7 4 6 2 
32088930 33049758 
0 9 5 1 8 3 7 4 6 2 
32954582 31330866 
0 9 3 1 8 5 7 6 4 2 
33795896 29514994 
0 9 5 1 8 3 7 6 4 2 
34661548 27796102 
0 9 5 1 7 3 8 6 4 2 
37649138 26436924 
2 9 5 1 8 3 4 6 0 7 
38117512 25868962 
0 9 5 1 8 3 2 6 4 7 
40232504 25999544 
0 9 5 1 8 3 4 6 2 7 
40849712 25785982 
7 5 9 6 0 3 4 1 8 2 
44766338 25175100 
7 5 9 6 2 3 4 1 8 0 
46642148 24949244 
7 5 9 3 0 6 4 1 8 2 
46960430 24776370 
7 9 5 1 0 3 8 6 4 2 
48288096 24601432 
7 9 5 1 2 3 8 6 4 0 
49803020 24376670 
7 9 5 1 0 6 4 3 8 2 
50044958 23578198 
7 9 5 1 0 3 4 6 8 2 
54241866 23455424 
7 9 5 1 2 3 4 6 8 0 
55848934 23229570 
--------------------
34 0 3878 10 2
9 1 8 2 7 0 3 4 6 5 
23123030 62757182 
9 1 8 0 7 2 3 4 6 5 
23351722 62662582 
9 3 8 2 7 0 1 4 6 5 
23602010 54421960 
9 3 8 0 7 2 1 4 6 5 
23830702 54248334 
9 3 7 2 8 0 1 4 6 5 
24026396 52136048 
9 5 1 2 8 0 7 4 6 3 
25398978 51148086 
6 3 8 2 7 0 1 5 9 4 
26398582 46924664 
6 3 7 2 8 0 1 5 9 4 
26842334 45576982 
6 3 7 2 8 0 1 9 5 4 
28044336 44955658 
5 9 0 7 2 3 8 4 6 1 
28180828 44541782 
5 9 2 7 0 3 8 4 6 1 
28375694 43180112 
9 5 3 2 8 0 7 4 6 1 
29348526 42890192 
0 3 1 5 8 9 7 4 6 2 
29425920 41637060 
5 3 2 0 7 9 8 4 6 1 
30000886 41631778 
5 9 3 2 7 0 8 4 6 1 
30308102 39364844 
5 9 3 2 8 0 7 4 6 1 
30582870 38545954 
0 5 1 3 8 9 7 4 6 2 
30705392 37340324 
5 9 2 0 7 3 8 4 6 1 
30851318 37065660 
0 9 5 8 1 3 7 4 6 2 
31287736 36360648 
0 9 3 1 8 5 7 4 6 2 
32088930 33049758 
0 9 5 1 8 3 7 4 6 2 
32954582 31330866 
0 9 3 1 8 5 7 6 4 2 
33795896 29514994 
0 9 5 1 8 3 7 6 4 2 
34661548 27796102 
0 9 5 1 7 3 8 6 4 2 
37649138 26436924 
2 9 5 1 8 3 4 6 0 7 
38117512 25868962 
0 9 5 1 8 3 4 6 2 7 
40849712 25785982 
7 5 9 6 0 3 4 1 8 2 
44766338 25175100 
7 5 9 6 2 3 4 1 8 0 
46642148 24949244 
7 5 9 3 0 6 4 1 8 2 
46960430 24776370 
7 9 5 1 0 3 8 6 4 2 
48288096 24601432 
7 9 5 1 2 3 8 6 4 0 
49803020 24376670 
7 9 5 1 0 6 4 3 8 2 
50044958 23578198 
7 9 5 1 0 3 4 6 8 2 
54241866 23455424 
7 9 5 1 2 3 4 6 8 0 
55848934 23229570 
--------------------
30 0 2618 10 2
9 1 0 8 2 3 7 4 6 5 
23526478 64777400 
9 1 2 8 0 3 7 4 6 5 
23675410 62340376 
9 1 0 7 2 3 8 4 6 5 
23737078 61422530 
9 1 2 7 0 3 8 4 6 5 
23929458 58610418 
9 3 0 8 2 1 7 4 6 5 
24043462 55932486 
9 3 2 8 0 1 7 4 6 5 
24192394 53340880 
9 3 0 7 2 8 1 4 6 5 
24877650 53091624 
9 3 2 7 0 8 1 4 6 5 
25070030 50197170 
5 3 2 7 0 8 1 4 6 9 
25555648 49537472 
9 0 2 8 7 3 1 4 6 5 
26027928 46739198 
5 0 2 8 7 3 1 4 6 9 
26206962 46413432 
9 0 3 7 8 2 1 4 6 5 
27979404 45914802 
9 0 3 7 1 2 8 4 6 5 
28644860 44664616 
5 0 2 7 3 8 1 4 6 9 
29172242 44399546 
9 0 2 7 8 3 1 4 6 5 
29318430 40846752 
9 0 2 7 1 3 8 4 6 5 
31040476 38961472 
8 9 6 0 4 2 7 5 1 3 
31805786 36380284 
3 5 9 4 0 6 7 8 1 2 
36455962 35500566 
0 3 5 1 4 8 7 9 6 2 
36811366 35313986 
2 3 5 1 4 8 7 9 6 0 
37430492 34871154 
3 5 6 4 0 9 7 8 1 2 
37877944 33594162 
3 5 9 4 0 6 7 1 8 2 
38014608 29674392 
3 5 6 4 0 9 7 1 8 2 
39436580 27796828 
8 9 6 4 2 0 7 5 1 3 
40425442 27354516 
8 9 5 4 0 6 7 3 1 2 
42971290 27043478 
8 9 6 4 0 3 2 5 1 7 
43079052 25495362 
8 9 6 4 0 3 7 5 1 2 
43900872 23636504 
8 9 6 4 2 3 7 5 1 0 
45844914 23410898 
7 9 6 4 2 3 8 5 1 0 
49959124 23272664 
8 9 6 4 2 3 1 5 7 0 
56406354 23367358 
--------------------
30 0 3923 10 2
9 1 8 2 7 0 3 4 6 5 
23123030 62757182 
9 1 8 0 7 2 3 4 6 5 
23351722 62662582 
9 3 8 2 7 0 1 4 6 5 
23602010 54421960 
9 3 8 0 7 2 1 4 6 5 
23830702 54248334 
9 3 7 2 8 0 1 4 6 5 
24026396 52136048 
9 3 8 2 1 0 7 4 6 5 
24475610 53369196 
9 5 1 2 8 0 7 4 6 3 
25398978 51148086 
6 3 8 2 7 0 1 5 9 4 
26398582 46924664 
6 3 7 2 8 0 1 5 9 4 
26842334 45576982 
6 3 7 2 8 0 1 9 5 4 
28044336 44955658 
5 9 0 7 2 3 8 4 6 1 
28180828 44541782 
5 9 2 7 0 3 8 4 6 1 
28375694 43180112 
9 5 3 2 8 0 7 4 6 1 
29348526 42890192 
6 3 2 7 0 8 1 5 9 4 
29733162 40915682 
5 9 3 2 7 0 8 4 6 1 
30308102 39364844 
5 9 3 2 8 0 7 4 6 1 
30582870 38545954 
5 9 2 0 7 3 8 4 6 1 
30851318 37065660 
8 9 6 0 4 2 7 5 1 3 
31805786 36380284 
5 9 3 2 7 0 8 6 4 1 
33842468 35721656 
5 9 3 2 8 0 7 6 4 1 
34115652 34909214 
5 9 2 0 8 3 7 4 6 1 
34252408 34453816 
5 9 2 0 7 3 8 6 4 1 
34385712 33321548 
5 9 2 0 8 3 7 6 4 1 
37785218 30716152 
5 9 2 0 7 3 1 6 4 8 
38298110 31498282 
8 9 6 4 0 2 7 5 1 3 
40053402 27946422 
8 9 6 4 2 0 7 5 1 3 
40425442 27354516 
8 9 6 4 0 3 2 5 1 7 
43079052 25495362 
8 9 6 4 0 3 7 5 1 2 
43900872 23636504 
8 9 6 4 2 3 7 5 1 0 
45844914 23410898 
7 9 6 4 2 3 8 5 1 0 
49959124 23272664 
--------------------
31 0 3428 10 2
9 1 8 2 7 0 3 4 6 5 
23123030 62757182 
9 1 8 0 7 2 3 4 6 5 
23351722 62662582 
9 3 8 2 7 0 1 4 6 5 
23602010 54421960 
9 3 8 0 7 2 1 4 6 5 
23830702 54248334 
9 3 7 2 8 0 1 4 6 5 
24026396 52136048 
9 3 2 7 0 8 1 4 6 5 
25070030 50197170 
5 3 2 7 0 8 1 4 6 9 
25555648 49537472 
9 0 2 8 7 3 1 4 6 5 
26027928 46739198 
5 0 2 8 7 3 1 4 6 9 
26206962 46413432 
9 0 3 7 8 2 1 4 6 5 
27979404 45914802 
9 0 3 7 1 2 8 4 6 5 
28644860 44664616 
5 0 2 7 3 8 1 4 6 9 
29172242 44399546 
9 0 2 7 8 3 1 4 6 5 
29318430 40846752 
0 9 1 5 8 3 7 4 6 2 
30730964 37365610 
0 9 5 8 1 3 7 4 6 2 
31287736 36360648 
0 9 3 1 8 5 7 4 6 2 
32088930 33049758 
0 9 5 1 8 3 7 4 6 2 
32954582 31330866 
0 9 3 1 8 5 7 6 4 2 
33795896 29514994 
0 9 5 1 8 3 7 6 4 2 
34661548 27796102 
0 9 5 1 7 3 8 6 4 2 
37649138 26436924 
2 9 5 1 8 3 4 6 0 7 
38117512 25868962 
0 9 5 1 8 3 4 6 2 7 
40849712 25785982 
2 9 5 1 4 6 8 3 7 0 
42503658 25776718 
2 9 5 1 4 6 7 3 8 0 
44742182 25242982 
7 9 5 1 4 6 0 3 8 2 
47137768 25339828 
7 9 5 1 4 6 2 3 8 0 
48128976 24895582 
7 9 5 1 0 3 8 6 4 2 
48288096 24601432 
7 9 5 1 2 3 8 6 4 0 
49803020 24376670 
7 9 5 1 0 6 4 3 8 2 
50044958 23578198 
7 9 5 1 0 3 4 6 8 2 
54241866 23455424 
7 9 5 1 2 3 4 6 8 0 
55848934 23229570 
--------------------
32 0 5048 10 2
5 7 0 8 2 1 4 6 9 3 
25029722 68625474 
5 4 0 8 2 1 7 3 9 6 
25126076 65846166 
5 7 2 8 0 1 4 6 9 3 
25181066 64946090 
9 4 0 8 2 3 7 1 5 6 
25405108 64681946 
9 4 0 7 2 3 8 1 5 6 
25605502 61333810 
9 4 2 7 0 3 8 1 5 6 
25798732 60979416 
6 3 8 2 7 0 1 5 9 4 
26398582 46924664 
6 3 7 2 8 0 1 5 9 4 
26842334 45576982 
6 3 7 2 8 0 1 9 5 4 
28044336 44955658 
6 3 2 8 0 1 7 5 9 4 
28715048 44015176 
6 3 8 7 1 2 0 5 9 4 
29166448 43069496 
0 3 1 5 8 9 7 4 6 2 
29425920 41637060 
6 3 2 7 0 8 1 5 9 4 
29733162 40915682 
0 5 1 3 8 9 7 4 6 2 
30705392 37340324 
0 9 1 5 8 3 7 4 6 2 
30730964 37365610 
0 9 5 8 1 3 7 4 6 2 
31287736 36360648 
0 9 3 1 8 5 7 4 6 2 
32088930 33049758 
0 9 5 1 8 3 7 4 6 2 
32954582 31330866 
0 9 3 1 8 5 7 6 4 2 
33795896 29514994 
0 9 5 1 8 3 7 6 4 2 
34661548 27796102 
0 9 5 1 7 3 8 6 4 2 
37649138 26436924 
2 9 5 1 8 3 4 6 0 7 
38117512 25868962 
0 9 5 1 8 3 4 6 2 7 
40849712 25785982 
2 9 5 1 4 6 8 3 7 0 
42503658 25776718 
2 9 6 4 1 5 7 3 0 8 
43414492 24013556 
2 9 6 4 1 3 7 5 0 8 
46170102 23929676 
7 9 6 4 1 5 0 3 2 8 
46798212 23774386 
7 9 6 4 1 5 2 3 0 8 
49702390 23631556 
7 9 5 1 0 6 4 3 8 2 
50044958 23578198 
7 9 6 4 1 3 2 5 0 8 
52026010 23528670 
7 9 5 1 0 3 4 6 8 2 
54241866 23455424 
7 9 5 1 2 3 4 6 8 0 
55848934 23229570 
--------------------
32 0 3968 10 2
9 1 8 2 7 0 3 4 6 5 
23123030 62757182 
9 1 8 0 7 2 3 4 6 5 
23351722 62662582 
9 3 8 2 7 0 1 4 6 5 
23602010 54421960 
9 3 8 0 7 2 1 4 6 5 
23830702 54248334 
9 3 7 2 8 0 1 4 6 5 
24026396 52136048 
9 0 2 8 7 3 1 4 6 5 
26027928 46739198 
5 0 2 8 7 3 1 4 6 9 
26206962 46413432 
9 0 3 7 8 2 1 4 6 5 
27979404 45914802 
5 9 0 7 2 3 8 4 6 1 
28180828 44541782 
5 9 2 7 0 3 8 4 6 1 
28375694 43180112 
9 0 2 7 8 3 1 4 6 5 
29318430 40846752 
5 9 3 2 7 0 8 4 6 1 
30308102 39364844 
5 9 3 2 8 0 7 4 6 1 
30582870 38545954 
5 9 2 0 7 3 8 4 6 1 
30851318 37065660 
8 9 6 0 4 2 7 5 1 3 
31805786 36380284 
3 9 5 4 1 6 7 0 2 8 
32180804 34462636 
7 9 5 4 1 6 8 0 2 3 
33044858 34315334 
5 9 2 0 7 3 8 6 4 1 
34385712 33321548 
2 9 5 4 1 6 8 3 0 7 
35818772 30762720 
3 9 6 4 1 5 7 0 2 8 
36327780 29730620 
3 9 6 4 1 5 7 2 0 8 
37398838 29670582 
7 9 6 4 1 5 8 0 2 3 
37710456 29647218 
2 9 5 4 1 6 7 3 0 8 
38070570 28957108 
8 9 6 4 0 2 7 5 1 3 
40053402 27946422 
8 9 6 4 2 0 7 5 1 3 
40425442 27354516 
2 9 6 4 1 5 8 3 0 7 
41441868 25929796 
8 9 6 4 0 3 2 5 1 7 
43079052 25495362 
2 9 6 4 1 5 7 3 0 8 
43414492 24013556 
8 9 6 4 0 3 7 5 1 2 
43900872 23636504 
8 9 6 4 2 3 7 5 1 0 
45844914 23410898 
7 9 6 4 0 3 8 5 1 2 
47667786 23498262 
7 9 6 4 2 3 8 5 1 0 
49959124 23272664 
--------------------
30 0 3743 10 2
9 1 8 2 7 0 3 4 6 5 
23123030 62757182 
9 1 8 0 7 2 3 4 6 5 
23351722 62662582 
9 3 8 2 7 0 1 4 6 5 
23602010 54421960 
9 3 8 0 7 2 1 4 6 5 
23830702 54248334 
9 3 7 2 8 0 1 4 6 5 
24026396 52136048 
6 3 8 2 7 0 1 5 9 4 
26398582 46924664 
6 3 7 2 8 0 1 5 9 4 
26842334 45576982 
6 3 7 2 8 0 1 9 5 4 
28044336 44955658 
9 3 2 7 0 8 4 1 5 6 
28821538 42851442 
0 3 1 5 8 9 7 4 6 2 
29425920 41637060 
6 3 2 7 0 8 1 5 9 4 
29733162 40915682 
0 5 1 3 8 9 7 4 6 2 
30705392 37340324 
0 9 1 5 8 3 7 4 6 2 
30730964 37365610 
0 9 5 8 1 3 7 4 6 2 
31287736 36360648 
0 9 3 1 8 5 7 4 6 2 
32088930 33049758 
0 9 5 1 8 3 7 4 6 2 
32954582 31330866 
0 9 3 1 8 5 7 6 4 2 
33795896 29514994 
0 9 5 1 8 3 7 6 4 2 
34661548 27796102 
0 9 5 1 7 3 8 6 4 2 
37649138 26436924 
2 9 5 1 8 3 4 6 0 7 
38117512 25868962 
0 9 5 1 8 3 4 6 2 7 
40849712 25785982 
2 9 5 1 4 6 8 3 7 0 
42503658 25776718 
2 9 5 1 4 6 7 3 8 0 
44742182 25242982 
7 9 5 1 4 6 0 3 8 2 
47137768 25339828 
7 9 5 1 4 6 2 3 8 0 
48128976 24895582 
7 9 5 1 0 3 8 6 4 2 
48288096 24601432 
7 9 5 1 2 3 8 6 4 0 
49803020 24376670 
7 9 5 1 0 6 4 3 8 2 
50044958 23578198 
7 9 5 1 0 3 4 6 8 2 
54241866 23455424 
7 9 5 1 2 3 4 6 8 0 
55848934 23229570 
--------------------
27 0 2843 10 2
9 1 8 2 7 0 3 4 6 5 
23123030 62757182 
9 1 8 0 7 2 3 4 6 5 
23351722 62662582 
9 3 8 2 7 0 1 4 6 5 
23602010 54421960 
9 3 8 0 7 2 1 4 6 5 
23830702 54248334 
9 3 7 2 8 0 1 4 6 5 
24026396 52136048 
9 3 2 7 0 8 1 4 6 5 
25070030 50197170 
5 3 2 7 0 8 1 4 6 9 
25555648 49537472 
9 0 2 8 7 3 1 4 6 5 
26027928 46739198 
5 0 2 8 7 3 1 4 6 9 
26206962 46413432 
9 0 3 7 8 2 1 4 6 5 
27979404 45914802 
9 0 3 7 1 2 8 4 6 5 
28644860 44664616 
6 3 8 7 1 2 0 5 9 4 
29166448 43069496 
9 0 2 7 8 3 1 4 6 5 
29318430 40846752 
6 3 2 7 0 8 1 9 5 4 
30935026 40263566 
9 0 2 7 1 3 8 4 6 5 
31040476 38961472 
8 9 6 0 4 2 7 5 1 3 
31805786 36380284 
3 5 9 4 0 6 7 8 1 2 
36455962 35500566 
3 5 6 4 0 9 7 8 1 2 
37877944 33594162 
3 5 9 4 0 6 7 1 8 2 
38014608 29674392 
3 5 6 4 0 9 7 1 8 2 
39436580 27796828 
8 9 6 4 2 0 7 5 1 3 
40425442 27354516 
8 9 5 4 0 6 7 3 1 2 
42971290 27043478 
8 9 6 4 0 3 2 5 1 7 
43079052 25495362 
8 9 6 4 0 3 7 5 1 2 
43900872 23636504 
8 9 6 4 2 3 7 5 1 0 
45844914 23410898 
7 9 6 4 2 3 8 5 1 0 
49959124 23272664 
8 9 6 4 2 3 1 5 7 0 
56406354 23367358 
--------------------
36 1 3338 10 2
5 7 0 8 2 1 4 6 9 3 
25029722 68625474 
5 4 0 8 2 1 7 3 9 6 
25126076 65846166 
5 7 2 8 0 1 4 6 9 3 
25181066 64946090 
9 4 0 8 2 3 7 1 5 6 
25405108 64681946 
9 4 0 7 2 3 8 1 5 6 
25605502 61333810 
9 4 2 7 0 3 8 1 5 6 
25798732 60979416 
3 4 0 8 2 1 7 6 9 5 
26442346 55457100 
5 4 0 8 2 1 7 6 9 3 
26771146 54566216 
5 0 2 8 7 1 4 6 9 3 
27137342 49436800 
9 0 2 8 7 1 4 6 5 3 
28121248 49422908 
9 8 2 7 0 3 4 1 5 6 
28462752 48678940 
6 3 0 8 2 1 7 5 9 4 
28589740 47063118 
9 3 0 7 2 8 4 1 5 6 
28628308 46029156 
6 3 2 8 0 1 7 5 9 4 
28715048 44015176 
9 3 2 7 0 8 4 1 5 6 
28821538 42851442 
0 3 1 5 8 9 7 4 6 2 
29425920 41637060 
6 3 2 7 0 8 1 5 9 4 
29733162 40915682 
0 5 1 3 8 9 7 4 6 2 
30705392 37340324 
0 9 1 5 8 3 7 4 6 2 
30730964 37365610 
0 3 1 5 8 9 7 6 4 2 
31132886 38109020 
0 9 5 8 1 3 7 4 6 2 
31287736 36360648 
0 9 3 1 8 5 7 4 6 2 
32088930 33049758 
0 9 5 1 8 3 7 4 6 2 
32954582 31330866 
0 9 3 1 8 5 7 6 4 2 
33795896 29514994 
0 9 5 1 8 3 7 6 4 2 
34661548 27796102 
0 9 5 1 7 3 8 6 4 2 
37649138 26436924 
2 9 5 1 8 3 4 6 0 7 
38117512 25868962 
0 9 5 1 8 3 4 6 2 7 
40849712 25785982 
2 9 5 1 4 6 8 3 7 0 
42503658 25776718 
2 9 5 1 4 6 7 3 8 0 
44742182 25242982 
7 9 5 1 4 6 2 3 8 0 
48128976 24895582 
7 9 5 1 0 3 8 6 4 2 
48288096 24601432 
7 9 5 1 2 3 8 6 4 0 
49803020 24376670 
7 9 5 1 0 6 4 3 8 2 
50044958 23578198 
7 9 5 1 0 3 4 6 8 2 
54241866 23455424 
7 9 5 1 2 3 4 6 8 0 
55848934 23229570 
--------------------
38 0 3518 10 2
9 1 0 8 2 3 7 4 6 5 
23526478 64777400 
9 1 2 8 0 3 7 4 6 5 
23675410 62340376 
9 1 0 7 2 3 8 4 6 5 
23737078 61422530 
9 1 2 7 0 3 8 4 6 5 
23929458 58610418 
9 3 0 8 2 1 7 4 6 5 
24043462 55932486 
9 3 2 8 0 1 7 4 6 5 
24192394 53340880 
9 3 0 7 2 8 1 4 6 5 
24877650 53091624 
9 3 2 7 0 8 1 4 6 5 
25070030 50197170 
5 3 2 7 0 8 1 4 6 9 
25555648 49537472 
5 9 2 7 0 8 1 4 6 3 
26822742 49038488 
9 0 2 8 3 1 7 4 6 5 
27734418 48485870 
9 5 2 7 0 3 8 4 6 1 
27943890 47939650 
5 9 0 7 2 3 8 4 6 1 
28180828 44541782 
5 9 2 7 0 3 8 4 6 1 
28375694 43180112 
9 5 3 2 8 0 7 4 6 1 
29348526 42890192 
0 3 1 5 8 9 7 4 6 2 
29425920 41637060 
5 3 2 0 7 9 8 4 6 1 
30000886 41631778 
5 9 3 2 7 0 8 4 6 1 
30308102 39364844 
5 9 3 2 8 0 7 4 6 1 
30582870 38545954 
0 5 1 3 8 9 7 4 6 2 
30705392 37340324 
5 9 2 0 7 3 8 4 6 1 
30851318 37065660 
0 9 5 8 1 3 7 4 6 2 
31287736 36360648 
0 9 3 1 8 5 7 4 6 2 
32088930 33049758 
0 9 5 1 8 3 7 4 6 2 
32954582 31330866 
0 9 3 1 8 5 7 6 4 2 
33795896 29514994 
0 9 5 1 8 3 7 6 4 2 
34661548 27796102 
0 9 3 1 7 5 8 6 4 2 
36227386 28490076 
0 9 5 1 7 3 8 6 4 2 
37649138 26436924 
2 9 5 1 8 3 4 6 0 7 
38117512 25868962 
0 9 5 1 8 3 4 6 2 7 
40849712 25785982 
2 9 5 1 4 6 8 3 7 0 
42503658 25776718 
2 9 5 1 4 6 7 3 8 0 
44742182 25242982 
7 9 5 1 4 6 2 3 8 0 
48128976 24895582 
7 9 5 1 0 3 8 6 4 2 
48288096 24601432 
7 9 5 1 2 3 8 6 4 0 
49803020 24376670 
7 9 5 1 0 6 4 3 8 2 
50044958 23578198 
7 9 5 1 0 3 4 6 8 2 
54241866 23455424 
7 9 5 1 2 3 4 6 8 0 
55848934 23229570 
--------------------
