33 0 3788 10 2
9 1 0 8 2 3 7 4 6 5 
23526478 64777400 
9 1 2 8 0 3 7 4 6 5 
23675410 62340376 
9 1 0 7 2 3 8 4 6 5 
23737078 61422530 
9 1 2 7 0 3 8 4 6 5 
23929458 58610418 
9 3 0 8 2 1 7 4 6 5 
24043462 55932486 
9 3 2 8 0 1 7 4 6 5 
24192394 53340880 
9 3 0 7 2 8 1 4 6 5 
24877650 53091624 
9 3 2 7 0 8 1 4 6 5 
25070030 50197170 
5 3 2 7 0 8 1 4 6 9 
25555648 49537472 
9 0 2 8 7 3 1 4 6 5 
26027928 46739198 
5 0 2 8 7 3 1 4 6 9 
26206962 46413432 
9 0 3 7 8 2 1 4 6 5 
27979404 45914802 
9 0 3 7 1 2 8 4 6 5 
28644860 44664616 
5 0 2 7 3 8 1 4 6 9 
29172242 44399546 
9 0 2 7 8 3 1 4 6 5 
29318430 40846752 
0 5 1 3 8 9 7 4 6 2 
30705392 37340324 
0 9 1 5 8 3 7 4 6 2 
30730964 37365610 
0 9 5 8 1 3 7 4 6 2 
31287736 36360648 
0 9 3 1 8 5 7 4 6 2 
32088930 33049758 
0 9 5 1 8 3 7 4 6 2 
32954582 31330866 
0 9 3 1 8 5 7 6 4 2 
33795896 29514994 
0 9 5 1 8 3 7 6 4 2 
34661548 27796102 
0 9 5 1 7 3 8 6 4 2 
37649138 26436924 
2 9 5 1 8 3 4 6 0 7 
38117512 25868962 
0 9 5 1 8 3 4 6 2 7 
40849712 25785982 
2 9 5 1 4 6 8 3 7 0 
42503658 25776718 
2 9 5 1 4 6 7 3 8 0 
44742182 25242982 
7 9 5 1 4 6 2 3 8 0 
48128976 24895582 
7 9 5 1 0 3 8 6 4 2 
48288096 24601432 
7 9 5 1 2 3 8 6 4 0 
49803020 24376670 
7 9 5 1 0 6 4 3 8 2 
50044958 23578198 
7 9 5 1 0 3 4 6 8 2 
54241866 23455424 
7 9 5 1 2 3 4 6 8 0 
55848934 23229570 
--------------------
31 0 3518 10 2
9 1 8 2 7 0 3 4 6 5 
23123030 62757182 
9 1 8 0 7 2 3 4 6 5 
23351722 62662582 
9 3 8 2 7 0 1 4 6 5 
23602010 54421960 
9 3 8 0 7 2 1 4 6 5 
23830702 54248334 
9 3 7 2 8 0 1 4 6 5 
24026396 52136048 
9 5 1 2 8 0 7 4 6 3 
25398978 51148086 
5 3 0 7 2 8 4 6 9 1 
26806212 49874692 
5 3 2 7 0 8 4 6 9 1 
27001090 47292956 
5 9 0 7 2 3 8 4 6 1 
28180828 44541782 
5 9 2 7 0 3 8 4 6 1 
28375694 43180112 
9 5 3 2 8 0 7 4 6 1 
29348526 42890192 
0 3 1 5 8 9 7 4 6 2 
29425920 41637060 
5 3 2 0 7 9 8 4 6 1 
30000886 41631778 
5 9 3 2 7 0 8 4 6 1 
30308102 39364844 
5 9 3 2 8 0 7 4 6 1 
30582870 38545954 
0 5 1 3 8 9 7 4 6 2 
30705392 37340324 
0 9 1 5 8 3 7 4 6 2 
30730964 37365610 
5 9 2 0 7 3 8 4 6 1 
30851318 37065660 
0 9 5 8 1 3 7 4 6 2 
31287736 36360648 
0 9 3 1 8 5 7 4 6 2 
32088930 33049758 
0 9 5 1 8 3 7 4 6 2 
32954582 31330866 
0 9 3 1 8 5 7 6 4 2 
33795896 29514994 
0 9 5 1 8 3 7 6 4 2 
34661548 27796102 
0 9 5 1 7 3 8 6 4 2 
37649138 26436924 
2 9 5 1 8 3 4 6 0 7 
38117512 25868962 
0 9 5 1 8 3 4 6 2 7 
40849712 25785982 
2 9 6 4 1 5 7 3 0 8 
43414492 24013556 
2 9 6 4 1 3 7 5 0 8 
46170102 23929676 
7 9 6 4 1 5 0 3 2 8 
46798212 23774386 
7 9 6 4 1 5 2 3 0 8 
49702390 23631556 
7 9 6 4 1 3 2 5 0 8 
52026010 23528670 
--------------------
34 0 4193 10 2
9 1 0 8 2 3 7 4 6 5 
23526478 64777400 
9 1 2 8 0 3 7 4 6 5 
23675410 62340376 
9 1 0 7 2 3 8 4 6 5 
23737078 61422530 
9 1 2 7 0 3 8 4 6 5 
23929458 58610418 
9 3 0 8 2 1 7 4 6 5 
24043462 55932486 
9 3 2 8 0 1 7 4 6 5 
24192394 53340880 
5 3 2 8 0 1 7 4 6 9 
25196008 52681182 
9 5 1 2 8 0 7 4 6 3 
25398978 51148086 
6 3 8 2 7 0 1 5 9 4 
26398582 46924664 
6 3 7 2 8 0 1 5 9 4 
26842334 45576982 
6 3 7 2 8 0 1 9 5 4 
28044336 44955658 
5 9 0 7 2 3 8 4 6 1 
28180828 44541782 
5 9 2 7 0 3 8 4 6 1 
28375694 43180112 
6 3 8 7 1 2 0 5 9 4 
29166448 43069496 
9 5 3 2 8 0 7 4 6 1 
29348526 42890192 
6 3 2 7 0 8 1 5 9 4 
29733162 40915682 
5 9 3 2 7 0 8 4 6 1 
30308102 39364844 
5 9 3 2 8 0 7 4 6 1 
30582870 38545954 
5 9 2 0 7 3 8 4 6 1 
30851318 37065660 
3 9 5 4 1 6 7 0 2 8 
32180804 34462636 
3 9 5 4 1 6 7 2 0 8 
33251844 34454510 
5 9 2 0 8 3 7 4 6 1 
34252408 34453816 
5 9 2 0 7 3 8 6 4 1 
34385712 33321548 
2 9 5 4 1 6 8 3 0 7 
35818772 30762720 
3 9 6 4 1 5 7 0 2 8 
36327780 29730620 
3 9 6 4 1 5 7 2 0 8 
37398838 29670582 
2 9 5 4 1 6 7 3 0 8 
38070570 28957108 
2 5 6 4 1 9 8 3 0 7 
40519276 28464068 
2 9 6 4 1 5 8 3 0 7 
41441868 25929796 
2 9 6 4 1 5 7 3 0 8 
43414492 24013556 
2 9 6 4 1 3 7 5 0 8 
46170102 23929676 
7 9 6 4 1 5 0 3 2 8 
46798212 23774386 
7 9 6 4 1 5 2 3 0 8 
49702390 23631556 
7 9 6 4 1 3 2 5 0 8 
52026010 23528670 
--------------------
24 0 2258 10 2
3 5 4 8 6 1 7 0 2 9 
26601178 56704544 
3 9 4 8 6 1 7 0 2 5 
26935728 53993642 
3 5 6 8 4 1 7 0 2 9 
26961690 51013388 
3 9 6 8 4 1 7 0 2 5 
27296240 48302486 
3 9 4 5 6 1 7 0 2 8 
30011532 47625728 
3 9 6 5 4 1 7 0 2 8 
30372044 41934572 
3 9 6 1 4 5 7 0 2 8 
30920112 41182514 
3 9 5 4 1 6 7 0 2 8 
32180804 34462636 
7 9 5 4 1 6 8 0 2 3 
33044858 34315334 
7 9 5 4 1 6 8 2 0 3 
35378734 34313480 
3 9 4 6 1 5 7 0 2 8 
35735992 34050390 
7 9 5 4 1 6 3 0 2 8 
35790058 33721396 
2 9 5 4 1 6 8 3 0 7 
35818772 30762720 
3 9 6 4 1 5 7 0 2 8 
36327780 29730620 
3 9 6 4 1 5 7 2 0 8 
37398838 29670582 
7 9 6 4 1 5 8 0 2 3 
37710456 29647218 
2 9 5 4 1 6 7 3 0 8 
38070570 28957108 
2 5 6 4 1 9 8 3 0 7 
40519276 28464068 
2 9 6 4 1 5 8 3 0 7 
41441868 25929796 
2 9 6 4 1 5 7 3 0 8 
43414492 24013556 
2 9 6 4 1 3 7 5 0 8 
46170102 23929676 
7 9 6 4 1 5 0 3 2 8 
46798212 23774386 
7 9 6 4 1 5 2 3 0 8 
49702390 23631556 
7 9 6 4 1 3 2 5 0 8 
52026010 23528670 
--------------------
36 0 4193 10 2
9 1 0 8 2 3 7 4 6 5 
23526478 64777400 
9 1 2 8 0 3 7 4 6 5 
23675410 62340376 
9 1 0 7 2 3 8 4 6 5 
23737078 61422530 
9 1 2 7 0 3 8 4 6 5 
23929458 58610418 
9 3 0 8 2 1 7 4 6 5 
24043462 55932486 
9 3 2 8 0 1 7 4 6 5 
24192394 53340880 
9 3 0 7 2 8 1 4 6 5 
24877650 53091624 
9 3 2 7 0 8 1 4 6 5 
25070030 50197170 
5 3 2 7 0 8 1 4 6 9 
25555648 49537472 
9 0 2 8 7 3 1 4 6 5 
26027928 46739198 
5 0 2 8 7 3 1 4 6 9 
26206962 46413432 
9 0 3 7 8 2 1 4 6 5 
27979404 45914802 
5 9 0 7 2 3 8 4 6 1 
28180828 44541782 
5 9 2 7 0 3 8 4 6 1 
28375694 43180112 
9 0 2 7 8 3 1 4 6 5 
29318430 40846752 
9 0 2 8 1 3 7 4 6 5 
29765400 42965158 
5 9 3 2 7 0 8 4 6 1 
30308102 39364844 
5 9 3 2 8 0 7 4 6 1 
30582870 38545954 
0 9 1 5 8 3 7 4 6 2 
30730964 37365610 
5 9 2 0 7 3 8 4 6 1 
30851318 37065660 
0 9 5 8 1 3 7 4 6 2 
31287736 36360648 
0 9 3 1 8 5 7 4 6 2 
32088930 33049758 
0 9 5 1 8 3 7 4 6 2 
32954582 31330866 
0 9 3 1 8 5 7 6 4 2 
33795896 29514994 
0 9 5 1 8 3 7 6 4 2 
34661548 27796102 
0 9 5 1 7 3 8 6 4 2 
37649138 26436924 
2 9 5 1 8 3 4 6 0 7 
38117512 25868962 
0 9 5 1 8 3 4 6 2 7 
40849712 25785982 
2 9 5 1 4 6 8 3 7 0 
42503658 25776718 
2 9 5 1 4 6 7 3 8 0 
44742182 25242982 
7 9 5 1 4 6 2 3 8 0 
48128976 24895582 
7 9 5 1 0 3 8 6 4 2 
48288096 24601432 
7 9 5 1 2 3 8 6 4 0 
49803020 24376670 
7 9 5 1 0 6 4 3 8 2 
50044958 23578198 
7 9 5 1 0 3 4 6 8 2 
54241866 23455424 
7 9 5 1 2 3 4 6 8 0 
55848934 23229570 
--------------------
35 0 4013 10 2
9 1 0 8 2 3 7 4 6 5 
23526478 64777400 
9 1 2 8 0 3 7 4 6 5 
23675410 62340376 
9 1 0 7 2 3 8 4 6 5 
23737078 61422530 
9 1 2 7 0 3 8 4 6 5 
23929458 58610418 
9 3 0 8 2 1 7 4 6 5 
24043462 55932486 
9 3 2 8 0 1 7 4 6 5 
24192394 53340880 
9 3 0 7 2 8 1 4 6 5 
24877650 53091624 
9 3 2 7 0 8 1 4 6 5 
25070030 50197170 
5 3 0 7 2 8 1 4 6 9 
25360094 52472572 
5 3 2 7 0 8 1 4 6 9 
25555648 49537472 
6 3 8 2 7 0 1 5 9 4 
26398582 46924664 
6 3 7 2 8 0 1 5 9 4 
26842334 45576982 
6 3 7 2 8 0 1 9 5 4 
28044336 44955658 
5 9 0 7 2 3 8 4 6 1 
28180828 44541782 
5 9 2 7 0 3 8 4 6 1 
28375694 43180112 
9 5 3 2 8 0 7 4 6 1 
29348526 42890192 
6 3 2 7 0 8 1 5 9 4 
29733162 40915682 
5 9 3 2 7 0 8 4 6 1 
30308102 39364844 
5 9 3 2 8 0 7 4 6 1 
30582870 38545954 
5 9 2 0 7 3 8 4 6 1 
30851318 37065660 
3 9 5 4 1 6 7 0 2 8 
32180804 34462636 
3 9 5 4 1 6 7 2 0 8 
33251844 34454510 
5 9 2 0 8 3 7 4 6 1 
34252408 34453816 
5 9 2 0 7 3 8 6 4 1 
34385712 33321548 
2 9 5 4 1 6 8 3 0 7 
35818772 30762720 
3 9 6 4 1 5 7 0 2 8 
36327780 29730620 
3 9 6 4 1 5 7 2 0 8 
37398838 29670582 
2 9 5 4 1 6 7 3 0 8 
38070570 28957108 
2 5 6 4 1 9 8 3 0 7 
40519276 28464068 
2 9 6 4 1 5 8 3 0 7 
41441868 25929796 
2 9 6 4 1 5 7 3 0 8 
43414492 24013556 
2 9 6 4 1 3 7 5 0 8 
46170102 23929676 
7 9 6 4 1 5 0 3 2 8 
46798212 23774386 
7 9 6 4 1 5 2 3 0 8 
49702390 23631556 
7 9 6 4 1 3 2 5 0 8 
52026010 23528670 
--------------------
32 0 3563 10 2
9 1 0 8 2 3 7 4 6 5 
23526478 64777400 
9 1 2 8 0 3 7 4 6 5 
23675410 62340376 
9 1 0 7 2 3 8 4 6 5 
23737078 61422530 
9 1 2 7 0 3 8 4 6 5 
23929458 58610418 
9 3 0 8 2 1 7 4 6 5 
24043462 55932486 
9 3 2 8 0 1 7 4 6 5 
24192394 53340880 
9 3 0 7 2 8 1 4 6 5 
24877650 53091624 
9 3 2 7 0 8 1 4 6 5 
25070030 50197170 
5 3 2 7 0 8 1 4 6 9 
25555648 49537472 
9 0 2 8 7 3 1 4 6 5 
26027928 46739198 
5 0 2 8 7 3 1 4 6 9 
26206962 46413432 
9 0 3 7 8 2 1 4 6 5 
27979404 45914802 
9 0 3 7 1 2 8 4 6 5 
28644860 44664616 
6 3 2 8 0 1 7 5 9 4 
28715048 44015176 
9 0 2 7 8 3 1 4 6 5 
29318430 40846752 
0 9 1 5 8 3 7 4 6 2 
30730964 37365610 
0 9 5 8 1 3 7 4 6 2 
31287736 36360648 
0 9 3 1 8 5 7 4 6 2 
32088930 33049758 
0 9 5 1 8 3 7 4 6 2 
32954582 31330866 
0 9 3 1 8 5 7 6 4 2 
33795896 29514994 
0 9 5 1 8 3 7 6 4 2 
34661548 27796102 
0 9 5 1 7 3 8 6 4 2 
37649138 26436924 
2 9 5 1 8 3 4 6 0 7 
38117512 25868962 
0 9 5 1 8 3 4 6 2 7 
40849712 25785982 
2 9 5 1 4 6 8 3 7 0 
42503658 25776718 
2 9 5 1 4 6 7 3 8 0 
44742182 25242982 
7 9 5 1 4 6 2 3 8 0 
48128976 24895582 
7 9 5 1 0 3 8 6 4 2 
48288096 24601432 
7 9 5 1 2 3 8 6 4 0 
49803020 24376670 
7 9 5 1 0 6 4 3 8 2 
50044958 23578198 
7 9 5 1 0 3 4 6 8 2 
54241866 23455424 
7 9 5 1 2 3 4 6 8 0 
55848934 23229570 
--------------------
33 0 2753 10 2
9 1 0 8 2 3 7 4 6 5 
23526478 64777400 
9 1 2 8 0 3 7 4 6 5 
23675410 62340376 
9 1 0 7 2 3 8 4 6 5 
23737078 61422530 
9 1 2 7 0 3 8 4 6 5 
23929458 58610418 
9 3 0 8 2 1 7 4 6 5 
24043462 55932486 
9 3 2 8 0 1 7 4 6 5 
24192394 53340880 
9 3 0 7 2 8 1 4 6 5 
24877650 53091624 
9 3 2 7 0 8 1 4 6 5 
25070030 50197170 
5 3 2 7 0 8 1 4 6 9 
25555648 49537472 
9 0 2 8 7 3 1 4 6 5 
26027928 46739198 
5 0 2 8 7 3 1 4 6 9 
26206962 46413432 
9 0 3 7 8 2 1 4 6 5 
27979404 45914802 
9 0 3 7 1 2 8 4 6 5 
28644860 44664616 
5 0 2 7 3 8 1 4 6 9 
29172242 44399546 
9 0 2 7 8 3 1 4 6 5 
29318430 40846752 
0 9 1 5 8 3 7 4 6 2 
30730964 37365610 
0 9 5 8 1 3 7 4 6 2 
31287736 36360648 
0 9 3 1 8 5 7 4 6 2 
32088930 33049758 
0 9 5 1 8 3 7 4 6 2 
32954582 31330866 
0 9 3 1 8 5 7 6 4 2 
33795896 29514994 
0 9 5 1 8 3 7 6 4 2 
34661548 27796102 
0 9 5 1 7 3 8 6 4 2 
37649138 26436924 
2 9 5 1 8 3 4 6 0 7 
38117512 25868962 
0 9 5 1 8 3 4 6 2 7 
40849712 25785982 
2 9 5 1 4 6 8 3 7 0 
42503658 25776718 
2 9 5 1 4 6 7 3 8 0 
44742182 25242982 
7 9 5 1 4 6 0 3 8 2 
47137768 25339828 
7 9 5 1 4 6 2 3 8 0 
48128976 24895582 
7 9 5 1 0 3 8 6 4 2 
48288096 24601432 
7 9 5 1 2 3 8 6 4 0 
49803020 24376670 
7 9 5 1 0 6 4 3 8 2 
50044958 23578198 
7 9 5 1 0 3 4 6 8 2 
54241866 23455424 
7 9 5 1 2 3 4 6 8 0 
55848934 23229570 
--------------------
32 0 3338 10 2
9 1 0 8 2 3 7 4 6 5 
23526478 64777400 
9 1 2 8 0 3 7 4 6 5 
23675410 62340376 
9 1 0 7 2 3 8 4 6 5 
23737078 61422530 
9 1 2 7 0 3 8 4 6 5 
23929458 58610418 
9 3 0 8 2 1 7 4 6 5 
24043462 55932486 
9 3 2 8 0 1 7 4 6 5 
24192394 53340880 
9 3 0 7 2 8 1 4 6 5 
24877650 53091624 
9 3 2 7 0 8 1 4 6 5 
25070030 50197170 
5 3 2 7 0 8 1 4 6 9 
25555648 49537472 
9 0 2 8 7 3 1 4 6 5 
26027928 46739198 
5 0 2 8 7 3 1 4 6 9 
26206962 46413432 
9 0 3 7 8 2 1 4 6 5 
27979404 45914802 
9 0 3 7 1 2 8 4 6 5 
28644860 44664616 
5 0 2 7 3 8 1 4 6 9 
29172242 44399546 
9 0 2 7 8 3 1 4 6 5 
29318430 40846752 
0 9 1 5 8 3 7 4 6 2 
30730964 37365610 
0 9 5 8 1 3 7 4 6 2 
31287736 36360648 
0 9 3 1 8 5 7 4 6 2 
32088930 33049758 
0 9 5 1 8 3 7 4 6 2 
32954582 31330866 
0 9 3 1 8 5 7 6 4 2 
33795896 29514994 
0 9 5 1 8 3 7 6 4 2 
34661548 27796102 
0 9 5 1 7 3 8 6 4 2 
37649138 26436924 
2 9 5 1 8 3 4 6 0 7 
38117512 25868962 
0 9 5 1 8 3 4 6 2 7 
40849712 25785982 
2 9 5 1 4 6 8 3 7 0 
42503658 25776718 
2 9 5 1 4 6 7 3 8 0 
44742182 25242982 
7 9 5 1 4 6 2 3 8 0 
48128976 24895582 
7 9 5 1 0 3 8 6 4 2 
48288096 24601432 
7 9 5 1 2 3 8 6 4 0 
49803020 24376670 
7 9 5 1 0 6 4 3 8 2 
50044958 23578198 
7 9 5 1 0 3 4 6 8 2 
54241866 23455424 
7 9 5 1 2 3 4 6 8 0 
55848934 23229570 
--------------------
33 0 3248 10 2
9 1 0 8 2 3 7 4 6 5 
23526478 64777400 
9 1 2 8 0 3 7 4 6 5 
23675410 62340376 
9 1 0 7 2 3 8 4 6 5 
23737078 61422530 
9 1 2 7 0 3 8 4 6 5 
23929458 58610418 
9 3 0 8 2 1 7 4 6 5 
24043462 55932486 
9 3 2 8 0 1 7 4 6 5 
24192394 53340880 
9 3 0 7 2 8 1 4 6 5 
24877650 53091624 
9 3 2 7 0 8 1 4 6 5 
25070030 50197170 
5 3 2 7 0 8 1 4 6 9 
25555648 49537472 
9 0 2 8 7 3 1 4 6 5 
26027928 46739198 
5 0 2 8 7 3 1 4 6 9 
26206962 46413432 
9 0 3 7 8 2 1 4 6 5 
27979404 45914802 
9 0 3 7 1 2 8 4 6 5 
28644860 44664616 
5 0 2 7 3 8 1 4 6 9 
29172242 44399546 
9 0 2 7 8 3 1 4 6 5 
29318430 40846752 
0 5 1 3 8 9 7 4 6 2 
30705392 37340324 
0 9 1 5 8 3 7 4 6 2 
30730964 37365610 
0 9 5 8 1 3 7 4 6 2 
31287736 36360648 
0 9 3 1 8 5 7 4 6 2 
32088930 33049758 
0 9 5 1 8 3 7 4 6 2 
32954582 31330866 
0 9 3 1 8 5 7 6 4 2 
33795896 29514994 
0 9 5 1 8 3 7 6 4 2 
34661548 27796102 
0 9 5 1 7 3 8 6 4 2 
37649138 26436924 
2 9 5 1 8 3 4 6 0 7 
38117512 25868962 
0 9 5 1 8 3 4 6 2 7 
40849712 25785982 
2 9 5 1 4 6 8 3 7 0 
42503658 25776718 
2 9 5 1 4 6 7 3 8 0 
44742182 25242982 
7 9 5 1 4 6 2 3 8 0 
48128976 24895582 
7 9 5 1 0 3 8 6 4 2 
48288096 24601432 
7 9 5 1 2 3 8 6 4 0 
49803020 24376670 
7 9 5 1 0 6 4 3 8 2 
50044958 23578198 
7 9 5 1 0 3 4 6 8 2 
54241866 23455424 
7 9 5 1 2 3 4 6 8 0 
55848934 23229570 
--------------------
30 0 3788 10 2
9 1 0 8 2 3 7 4 6 5 
23526478 64777400 
9 1 2 8 0 3 7 4 6 5 
23675410 62340376 
9 1 0 7 2 3 8 4 6 5 
23737078 61422530 
9 1 2 7 0 3 8 4 6 5 
23929458 58610418 
9 3 0 8 2 1 7 4 6 5 
24043462 55932486 
9 3 2 8 0 1 7 4 6 5 
24192394 53340880 
9 3 0 7 2 8 1 4 6 5 
24877650 53091624 
9 3 2 7 0 8 1 4 6 5 
25070030 50197170 
5 3 2 7 0 8 1 4 6 9 
25555648 49537472 
9 0 2 8 7 3 1 4 6 5 
26027928 46739198 
5 0 2 8 7 3 1 4 6 9 
26206962 46413432 
9 0 3 7 8 2 1 4 6 5 
27979404 45914802 
9 0 3 7 1 2 8 4 6 5 
28644860 44664616 
5 0 2 7 3 8 1 4 6 9 
29172242 44399546 
9 0 2 7 8 3 1 4 6 5 
29318430 40846752 
0 5 1 3 8 9 7 4 6 2 
30705392 37340324 
0 9 5 8 1 3 7 4 6 2 
31287736 36360648 
0 9 3 1 8 5 7 4 6 2 
32088930 33049758 
0 9 5 1 8 3 7 4 6 2 
32954582 31330866 
0 9 3 1 8 5 7 6 4 2 
33795896 29514994 
0 9 5 1 8 3 7 6 4 2 
34661548 27796102 
0 9 5 1 7 3 8 6 4 2 
37649138 26436924 
2 9 5 1 8 3 4 6 0 7 
38117512 25868962 
0 9 5 1 8 3 4 6 2 7 
40849712 25785982 
2 9 5 1 4 6 8 3 7 0 
42503658 25776718 
2 9 6 4 1 5 7 3 0 8 
43414492 24013556 
2 9 6 4 1 3 7 5 0 8 
46170102 23929676 
7 9 6 4 1 5 0 3 2 8 
46798212 23774386 
7 9 6 4 1 5 2 3 0 8 
49702390 23631556 
7 9 6 4 1 3 2 5 0 8 
52026010 23528670 
--------------------
31 0 3473 10 2
9 1 8 2 7 0 3 4 6 5 
23123030 62757182 
9 1 8 0 7 2 3 4 6 5 
23351722 62662582 
9 3 8 2 7 0 1 4 6 5 
23602010 54421960 
9 3 8 0 7 2 1 4 6 5 
23830702 54248334 
9 3 7 2 8 0 1 4 6 5 
24026396 52136048 
9 3 2 7 0 8 1 4 6 5 
25070030 50197170 
5 3 2 7 0 8 1 4 6 9 
25555648 49537472 
9 0 2 8 7 3 1 4 6 5 
26027928 46739198 
5 0 2 8 7 3 1 4 6 9 
26206962 46413432 
9 0 3 7 8 2 1 4 6 5 
27979404 45914802 
5 9 0 7 2 3 8 4 6 1 
28180828 44541782 
5 9 2 7 0 3 8 4 6 1 
28375694 43180112 
9 0 2 7 8 3 1 4 6 5 
29318430 40846752 
5 9 3 2 7 0 8 4 6 1 
30308102 39364844 
5 9 3 2 8 0 7 4 6 1 
30582870 38545954 
5 9 2 0 7 3 8 4 6 1 
30851318 37065660 
3 9 5 4 1 6 7 0 2 8 
32180804 34462636 
3 9 5 4 1 6 7 2 0 8 
33251844 34454510 
5 9 2 0 8 3 7 4 6 1 
34252408 34453816 
5 9 2 0 7 3 8 6 4 1 
34385712 33321548 
2 9 5 4 1 6 8 3 0 7 
35818772 30762720 
3 9 6 4 1 5 7 0 2 8 
36327780 29730620 
3 9 6 4 1 5 7 2 0 8 
37398838 29670582 
2 9 5 4 1 6 7 3 0 8 
38070570 28957108 
2 5 6 4 1 9 8 3 0 7 
40519276 28464068 
2 9 6 4 1 5 8 3 0 7 
41441868 25929796 
2 9 6 4 1 5 7 3 0 8 
43414492 24013556 
2 9 6 4 1 3 7 5 0 8 
46170102 23929676 
7 9 6 4 1 5 0 3 2 8 
46798212 23774386 
7 9 6 4 1 5 2 3 0 8 
49702390 23631556 
7 9 6 4 1 3 2 5 0 8 
52026010 23528670 
--------------------
33 0 3788 10 2
9 1 0 8 2 3 7 4 6 5 
23526478 64777400 
9 1 2 8 0 3 7 4 6 5 
23675410 62340376 
9 1 0 7 2 3 8 4 6 5 
23737078 61422530 
9 1 2 7 0 3 8 4 6 5 
23929458 58610418 
9 3 0 8 2 1 7 4 6 5 
24043462 55932486 
9 3 2 8 0 1 7 4 6 5 
24192394 53340880 
9 3 0 7 2 8 1 4 6 5 
24877650 53091624 
9 3 2 7 0 8 1 4 6 5 
25070030 50197170 
5 3 2 7 0 8 1 4 6 9 
25555648 49537472 
9 0 2 8 7 3 1 4 6 5 
26027928 46739198 
5 0 2 8 7 3 1 4 6 9 
26206962 46413432 
6 3 7 2 8 0 1 5 9 4 
26842334 45576982 
6 3 7 2 8 0 1 9 5 4 
28044336 44955658 
6 3 2 8 0 1 7 5 9 4 
28715048 44015176 
9 0 2 7 8 3 1 4 6 5 
29318430 40846752 
0 5 1 3 8 9 7 4 6 2 
30705392 37340324 
0 9 1 5 8 3 7 4 6 2 
30730964 37365610 
0 9 5 8 1 3 7 4 6 2 
31287736 36360648 
0 9 3 1 8 5 7 4 6 2 
32088930 33049758 
0 9 5 1 8 3 7 4 6 2 
32954582 31330866 
0 9 3 1 8 5 7 6 4 2 
33795896 29514994 
0 9 5 1 8 3 7 6 4 2 
34661548 27796102 
0 9 5 1 7 3 8 6 4 2 
37649138 26436924 
2 9 5 1 8 3 4 6 0 7 
38117512 25868962 
0 9 5 1 8 3 4 6 2 7 
40849712 25785982 
7 5 9 6 0 3 4 1 8 2 
44766338 25175100 
7 5 9 6 2 3 4 1 8 0 
46642148 24949244 
7 5 9 3 0 6 4 1 8 2 
46960430 24776370 
7 9 5 1 0 3 8 6 4 2 
48288096 24601432 
7 9 5 1 2 3 8 6 4 0 
49803020 24376670 
7 9 5 1 0 6 4 3 8 2 
50044958 23578198 
7 9 5 1 0 3 4 6 8 2 
54241866 23455424 
7 9 5 1 2 3 4 6 8 0 
55848934 23229570 
--------------------
33 0 3833 10 2
9 1 0 8 2 3 7 4 6 5 
23526478 64777400 
9 1 2 8 0 3 7 4 6 5 
23675410 62340376 
9 1 0 7 2 3 8 4 6 5 
23737078 61422530 
9 1 2 7 0 3 8 4 6 5 
23929458 58610418 
9 3 0 8 2 1 7 4 6 5 
24043462 55932486 
9 3 2 8 0 1 7 4 6 5 
24192394 53340880 
9 3 0 7 2 8 1 4 6 5 
24877650 53091624 
9 3 2 7 0 8 1 4 6 5 
25070030 50197170 
5 3 0 7 2 8 1 4 6 9 
25360094 52472572 
5 3 2 7 0 8 1 4 6 9 
25555648 49537472 
9 0 2 8 7 3 1 4 6 5 
26027928 46739198 
5 0 2 8 7 3 1 4 6 9 
26206962 46413432 
9 0 3 7 8 2 1 4 6 5 
27979404 45914802 
5 9 0 7 2 3 8 4 6 1 
28180828 44541782 
5 9 2 7 0 3 8 4 6 1 
28375694 43180112 
9 0 2 7 8 3 1 4 6 5 
29318430 40846752 
5 9 3 2 7 0 8 4 6 1 
30308102 39364844 
5 9 3 2 8 0 7 4 6 1 
30582870 38545954 
5 9 2 0 7 3 8 4 6 1 
30851318 37065660 
8 9 6 0 4 2 7 5 1 3 
31805786 36380284 
5 9 3 2 7 0 8 6 4 1 
33842468 35721656 
5 9 3 2 8 0 7 6 4 1 
34115652 34909214 
5 9 2 0 8 3 7 4 6 1 
34252408 34453816 
5 9 2 0 7 3 8 6 4 1 
34385712 33321548 
0 5 1 8 7 3 4 9 6 2 
37405498 30400238 
4 5 3 8 2 1 7 9 6 0 
39175284 29436344 
8 9 6 4 0 2 7 5 1 3 
40053402 27946422 
8 9 6 4 2 0 7 5 1 3 
40425442 27354516 
8 9 6 4 0 3 2 5 1 7 
43079052 25495362 
8 9 6 4 0 3 7 5 1 2 
43900872 23636504 
8 9 6 4 2 3 7 5 1 0 
45844914 23410898 
7 9 6 4 2 3 8 5 1 0 
49959124 23272664 
7 9 5 1 2 3 4 6 8 0 
55848934 23229570 
--------------------
32 0 3158 10 2
9 1 8 2 7 0 3 4 6 5 
23123030 62757182 
9 1 8 0 7 2 3 4 6 5 
23351722 62662582 
9 3 8 2 7 0 1 4 6 5 
23602010 54421960 
9 3 8 0 7 2 1 4 6 5 
23830702 54248334 
9 3 7 2 8 0 1 4 6 5 
24026396 52136048 
9 3 2 7 0 8 1 4 6 5 
25070030 50197170 
5 3 2 7 0 8 1 4 6 9 
25555648 49537472 
9 0 2 8 7 3 1 4 6 5 
26027928 46739198 
5 0 2 8 7 3 1 4 6 9 
26206962 46413432 
9 0 3 7 8 2 1 4 6 5 
27979404 45914802 
9 0 3 7 1 2 8 4 6 5 
28644860 44664616 
5 0 2 7 3 8 1 4 6 9 
29172242 44399546 
9 0 2 7 8 3 1 4 6 5 
29318430 40846752 
0 5 1 3 8 9 7 4 6 2 
30705392 37340324 
0 9 5 8 1 3 7 4 6 2 
31287736 36360648 
0 9 3 1 8 5 7 4 6 2 
32088930 33049758 
0 9 5 1 8 3 7 4 6 2 
32954582 31330866 
0 9 3 1 8 5 7 6 4 2 
33795896 29514994 
0 9 5 1 8 3 7 6 4 2 
34661548 27796102 
0 9 5 1 7 3 8 6 4 2 
37649138 26436924 
2 9 5 1 8 3 4 6 0 7 
38117512 25868962 
0 9 5 1 8 3 2 6 4 7 
40232504 25999544 
0 9 5 1 8 3 4 6 2 7 
40849712 25785982 
2 9 5 1 4 6 8 3 7 0 
42503658 25776718 
2 9 5 1 4 6 7 3 8 0 
44742182 25242982 
7 9 5 1 4 6 0 3 8 2 
47137768 25339828 
7 9 5 1 4 6 2 3 8 0 
48128976 24895582 
7 9 5 1 0 3 8 6 4 2 
48288096 24601432 
7 9 5 1 2 3 8 6 4 0 
49803020 24376670 
7 9 5 1 0 6 4 3 8 2 
50044958 23578198 
7 9 5 1 0 3 4 6 8 2 
54241866 23455424 
7 9 5 1 2 3 4 6 8 0 
55848934 23229570 
--------------------
38 0 4013 10 2
9 1 0 8 2 3 7 4 6 5 
23526478 64777400 
9 1 2 8 0 3 7 4 6 5 
23675410 62340376 
9 1 0 7 2 3 8 4 6 5 
23737078 61422530 
9 1 2 7 0 3 8 4 6 5 
23929458 58610418 
9 3 0 8 2 1 7 4 6 5 
24043462 55932486 
9 3 2 8 0 1 7 4 6 5 
24192394 53340880 
9 3 0 7 2 8 1 4 6 5 
24877650 53091624 
9 3 2 7 0 8 1 4 6 5 
25070030 50197170 
5 3 2 7 0 8 1 4 6 9 
25555648 49537472 
5 9 2 7 0 8 1 4 6 3 
26822742 49038488 
9 0 2 8 3 1 7 4 6 5 
27734418 48485870 
9 5 2 7 0 3 8 4 6 1 
27943890 47939650 
5 9 0 7 2 3 8 4 6 1 
28180828 44541782 
5 9 2 7 0 3 8 4 6 1 
28375694 43180112 
6 3 8 1 7 5 4 2 0 9 
28787394 42674436 
0 3 1 5 8 9 7 4 6 2 
29425920 41637060 
5 3 2 0 7 9 8 4 6 1 
30000886 41631778 
5 9 3 2 7 0 8 4 6 1 
30308102 39364844 
5 9 3 2 8 0 7 4 6 1 
30582870 38545954 
0 5 1 3 8 9 7 4 6 2 
30705392 37340324 
0 9 1 5 8 3 7 4 6 2 
30730964 37365610 
5 9 2 0 7 3 8 4 6 1 
30851318 37065660 
0 9 5 8 1 3 7 4 6 2 
31287736 36360648 
0 9 3 1 8 5 7 4 6 2 
32088930 33049758 
0 9 5 1 8 3 7 4 6 2 
32954582 31330866 
0 9 3 1 8 5 7 6 4 2 
33795896 29514994 
0 9 5 1 8 3 7 6 4 2 
34661548 27796102 
0 9 5 1 7 3 8 6 4 2 
37649138 26436924 
2 9 5 1 8 3 4 6 0 7 
38117512 25868962 
0 9 5 1 8 3 4 6 2 7 
40849712 25785982 
2 9 5 1 4 6 8 3 7 0 
42503658 25776718 
2 9 5 1 4 6 7 3 8 0 
44742182 25242982 
7 9 5 1 4 6 2 3 8 0 
48128976 24895582 
7 9 5 1 0 3 8 6 4 2 
48288096 24601432 
7 9 5 1 2 3 8 6 4 0 
49803020 24376670 
7 9 5 1 0 6 4 3 8 2 
50044958 23578198 
7 9 5 1 0 3 4 6 8 2 
54241866 23455424 
7 9 5 1 2 3 4 6 8 0 
55848934 23229570 
--------------------
38 0 4373 10 2
9 1 8 2 7 0 3 4 6 5 
23123030 62757182 
9 1 8 0 7 2 3 4 6 5 
23351722 62662582 
9 3 8 2 7 0 1 4 6 5 
23602010 54421960 
9 3 8 0 7 2 1 4 6 5 
23830702 54248334 
9 3 7 2 8 0 1 4 6 5 
24026396 52136048 
9 5 1 2 8 0 7 4 6 3 
25398978 51148086 
6 3 8 2 7 0 1 5 9 4 
26398582 46924664 
6 3 7 2 8 0 1 5 9 4 
26842334 45576982 
6 3 7 2 8 0 1 9 5 4 
28044336 44955658 
5 9 0 7 2 3 8 4 6 1 
28180828 44541782 
5 9 2 7 0 3 8 4 6 1 
28375694 43180112 
9 5 3 2 8 0 7 4 6 1 
29348526 42890192 
5 0 2 3 7 9 8 4 6 1 
29863528 41866812 
5 3 2 0 7 9 8 4 6 1 
30000886 41631778 
5 9 3 2 7 0 8 4 6 1 
30308102 39364844 
5 9 3 2 8 0 7 4 6 1 
30582870 38545954 
5 9 2 0 7 3 8 4 6 1 
30851318 37065660 
3 9 5 4 1 6 7 0 2 8 
32180804 34462636 
3 9 5 4 1 6 7 2 0 8 
33251844 34454510 
5 9 2 0 8 3 7 4 6 1 
34252408 34453816 
5 9 2 0 7 3 8 6 4 1 
34385712 33321548 
2 9 5 4 1 6 8 3 0 7 
35818772 30762720 
3 9 6 4 1 5 7 0 2 8 
36327780 29730620 
3 9 6 4 1 5 7 2 0 8 
37398838 29670582 
2 6 5 3 1 9 8 4 0 7 
37962930 29189136 
2 9 5 4 1 6 7 3 0 8 
38070570 28957108 
2 6 9 5 1 3 8 4 0 7 
38556850 28705370 
2 6 5 9 1 3 7 4 0 8 
39829972 28130460 
2 6 9 3 1 5 8 4 0 7 
39969110 27482390 
2 6 5 3 1 9 7 4 0 8 
40356370 27301318 
2 6 9 5 1 3 7 4 0 8 
40896874 26743040 
2 9 6 4 1 5 8 3 0 7 
41441868 25929796 
2 6 9 3 1 5 7 4 0 8 
42176434 25520820 
2 9 6 4 1 5 7 3 0 8 
43414492 24013556 
2 9 6 4 1 3 7 5 0 8 
46170102 23929676 
7 9 6 4 1 5 0 3 2 8 
46798212 23774386 
7 9 6 4 1 5 2 3 0 8 
49702390 23631556 
7 9 6 4 1 3 2 5 0 8 
52026010 23528670 
--------------------
32 0 3608 10 2
9 1 0 8 2 3 7 4 6 5 
23526478 64777400 
9 1 2 8 0 3 7 4 6 5 
23675410 62340376 
9 1 0 7 2 3 8 4 6 5 
23737078 61422530 
9 1 2 7 0 3 8 4 6 5 
23929458 58610418 
9 3 0 8 2 1 7 4 6 5 
24043462 55932486 
9 3 2 8 0 1 7 4 6 5 
24192394 53340880 
9 3 0 7 2 8 1 4 6 5 
24877650 53091624 
9 3 2 7 0 8 1 4 6 5 
25070030 50197170 
5 3 2 7 0 8 1 4 6 9 
25555648 49537472 
9 0 2 8 7 3 1 4 6 5 
26027928 46739198 
5 0 2 8 7 3 1 4 6 9 
26206962 46413432 
9 0 3 7 8 2 1 4 6 5 
27979404 45914802 
5 9 0 7 2 3 8 4 6 1 
28180828 44541782 
5 9 2 7 0 3 8 4 6 1 
28375694 43180112 
9 0 2 7 8 3 1 4 6 5 
29318430 40846752 
5 9 3 2 7 0 8 4 6 1 
30308102 39364844 
5 9 3 2 8 0 7 4 6 1 
30582870 38545954 
5 9 2 0 7 3 8 4 6 1 
30851318 37065660 
5 9 3 2 7 0 8 6 4 1 
33842468 35721656 
5 9 3 2 8 0 7 6 4 1 
34115652 34909214 
5 9 2 0 8 3 7 4 6 1 
34252408 34453816 
5 9 2 0 7 3 8 6 4 1 
34385712 33321548 
5 9 2 0 8 3 7 6 4 1 
37785218 30716152 
3 5 9 4 0 6 7 1 8 2 
38014608 29674392 
4 5 3 8 2 1 7 9 6 0 
39175284 29436344 
3 5 6 4 0 9 7 1 8 2 
39436580 27796828 
7 5 6 4 0 9 8 1 3 2 
42399666 26706214 
7 5 9 6 0 3 4 1 8 2 
44766338 25175100 
7 5 9 6 2 3 4 1 8 0 
46642148 24949244 
7 5 9 3 0 6 4 1 8 2 
46960430 24776370 
7 5 9 6 0 3 8 1 4 2 
61414448 23990516 
7 5 9 6 2 3 8 1 4 0 
63198114 23765752 
--------------------
33 0 2933 10 2
9 1 0 8 2 3 7 4 6 5 
23526478 64777400 
9 1 2 8 0 3 7 4 6 5 
23675410 62340376 
9 1 0 7 2 3 8 4 6 5 
23737078 61422530 
9 1 2 7 0 3 8 4 6 5 
23929458 58610418 
9 3 0 8 2 1 7 4 6 5 
24043462 55932486 
9 3 2 8 0 1 7 4 6 5 
24192394 53340880 
9 3 0 7 2 8 1 4 6 5 
24877650 53091624 
9 3 2 7 0 8 1 4 6 5 
25070030 50197170 
5 3 2 7 0 8 1 4 6 9 
25555648 49537472 
9 0 2 8 7 3 1 4 6 5 
26027928 46739198 
5 0 2 8 7 3 1 4 6 9 
26206962 46413432 
6 3 7 2 8 0 1 5 9 4 
26842334 45576982 
6 3 7 2 8 0 1 9 5 4 
28044336 44955658 
9 0 3 7 1 2 8 4 6 5 
28644860 44664616 
6 3 8 7 1 2 0 5 9 4 
29166448 43069496 
9 0 2 7 8 3 1 4 6 5 
29318430 40846752 
6 3 2 7 0 8 1 9 5 4 
30935026 40263566 
9 0 2 7 1 3 8 4 6 5 
31040476 38961472 
6 3 8 7 0 2 1 5 9 4 
32825282 38533512 
6 3 8 7 0 2 1 9 5 4 
34027190 37754500 
2 9 5 4 8 6 7 1 3 0 
34028066 36691230 
2 5 9 4 8 6 7 1 3 0 
34873588 34204198 
0 5 9 4 8 6 7 1 3 2 
36255910 33685776 
2 5 9 4 7 6 8 1 3 0 
36572670 32559768 
2 5 9 4 3 6 7 1 8 0 
37805142 31683546 
3 5 9 4 0 6 7 1 8 2 
38014608 29674392 
3 5 6 4 0 9 7 1 8 2 
39436580 27796828 
2 5 9 3 4 6 7 1 8 0 
42593718 26439680 
7 5 9 6 0 3 4 1 8 2 
44766338 25175100 
7 5 9 6 2 3 4 1 8 0 
46642148 24949244 
7 5 9 3 0 6 4 1 8 2 
46960430 24776370 
7 5 9 6 0 3 8 1 4 2 
61414448 23990516 
7 5 9 6 2 3 8 1 4 0 
63198114 23765752 
--------------------
35 0 4103 10 2
9 1 0 8 2 3 7 4 6 5 
23526478 64777400 
9 1 2 8 0 3 7 4 6 5 
23675410 62340376 
9 1 0 7 2 3 8 4 6 5 
23737078 61422530 
9 1 2 7 0 3 8 4 6 5 
23929458 58610418 
9 3 0 8 2 1 7 4 6 5 
24043462 55932486 
9 3 2 8 0 1 7 4 6 5 
24192394 53340880 
5 3 0 8 2 1 7 4 6 9 
25043902 55313434 
5 3 2 8 0 1 7 4 6 9 
25196008 52681182 
9 5 1 2 8 0 7 4 6 3 
25398978 51148086 
9 0 2 8 7 3 1 4 6 5 
26027928 46739198 
5 0 2 8 7 3 1 4 6 9 
26206962 46413432 
9 0 3 7 8 2 1 4 6 5 
27979404 45914802 
5 9 0 7 2 3 8 4 6 1 
28180828 44541782 
5 9 2 7 0 3 8 4 6 1 
28375694 43180112 
9 0 2 7 8 3 1 4 6 5 
29318430 40846752 
5 9 3 2 7 0 8 4 6 1 
30308102 39364844 
5 9 3 2 8 0 7 4 6 1 
30582870 38545954 
5 9 2 0 7 3 8 4 6 1 
30851318 37065660 
8 9 6 0 4 2 7 5 1 3 
31805786 36380284 
3 9 5 4 1 6 7 0 2 8 
32180804 34462636 
3 9 5 4 1 6 7 2 0 8 
33251844 34454510 
5 9 2 0 8 3 7 4 6 1 
34252408 34453816 
5 9 2 0 7 3 8 6 4 1 
34385712 33321548 
2 9 5 4 1 6 8 3 0 7 
35818772 30762720 
3 9 6 4 1 5 7 0 2 8 
36327780 29730620 
3 9 6 4 1 5 7 2 0 8 
37398838 29670582 
2 9 5 4 1 6 7 3 0 8 
38070570 28957108 
8 9 6 4 0 2 7 5 1 3 
40053402 27946422 
8 9 6 4 2 0 7 5 1 3 
40425442 27354516 
2 9 6 4 1 5 8 3 0 7 
41441868 25929796 
8 9 6 4 0 3 2 5 1 7 
43079052 25495362 
2 9 6 4 1 5 7 3 0 8 
43414492 24013556 
8 9 6 4 0 3 7 5 1 2 
43900872 23636504 
8 9 6 4 2 3 7 5 1 0 
45844914 23410898 
7 9 6 4 2 3 8 5 1 0 
49959124 23272664 
--------------------
34 0 3248 10 2
9 1 0 8 2 3 7 4 6 5 
23526478 64777400 
9 1 2 8 0 3 7 4 6 5 
23675410 62340376 
9 1 0 7 2 3 8 4 6 5 
23737078 61422530 
9 1 2 7 0 3 8 4 6 5 
23929458 58610418 
9 3 0 8 2 1 7 4 6 5 
24043462 55932486 
9 3 2 8 0 1 7 4 6 5 
24192394 53340880 
9 3 0 7 2 8 1 4 6 5 
24877650 53091624 
9 3 2 7 0 8 1 4 6 5 
25070030 50197170 
5 3 2 7 0 8 1 4 6 9 
25555648 49537472 
9 0 2 8 7 3 1 4 6 5 
26027928 46739198 
5 0 2 8 7 3 1 4 6 9 
26206962 46413432 
9 0 3 7 8 2 1 4 6 5 
27979404 45914802 
9 0 3 7 1 2 8 4 6 5 
28644860 44664616 
5 0 2 7 3 8 1 4 6 9 
29172242 44399546 
9 0 2 7 8 3 1 4 6 5 
29318430 40846752 
0 5 1 3 8 9 7 4 6 2 
30705392 37340324 
0 9 1 5 8 3 7 4 6 2 
30730964 37365610 
0 3 1 5 8 9 7 6 4 2 
31132886 38109020 
0 9 5 8 1 3 7 4 6 2 
31287736 36360648 
0 9 3 1 8 5 7 4 6 2 
32088930 33049758 
0 9 5 1 8 3 7 4 6 2 
32954582 31330866 
0 9 3 1 8 5 7 6 4 2 
33795896 29514994 
0 9 5 1 8 3 7 6 4 2 
34661548 27796102 
0 9 5 1 7 3 8 6 4 2 
37649138 26436924 
2 9 5 1 8 3 4 6 0 7 
38117512 25868962 
0 9 5 1 8 3 4 6 2 7 
40849712 25785982 
7 5 9 6 0 3 4 1 8 2 
44766338 25175100 
7 5 9 6 2 3 4 1 8 0 
46642148 24949244 
7 5 9 3 0 6 4 1 8 2 
46960430 24776370 
7 9 5 1 0 3 8 6 4 2 
48288096 24601432 
7 9 5 1 2 3 8 6 4 0 
49803020 24376670 
7 9 5 1 0 6 4 3 8 2 
50044958 23578198 
7 9 5 1 0 3 4 6 8 2 
54241866 23455424 
7 9 5 1 2 3 4 6 8 0 
55848934 23229570 
--------------------
31 0 3428 10 2
5 7 0 8 2 1 4 6 9 3 
25029722 68625474 
5 4 0 8 2 1 7 3 9 6 
25126076 65846166 
5 7 2 8 0 1 4 6 9 3 
25181066 64946090 
9 4 0 8 2 3 7 1 5 6 
25405108 64681946 
9 4 0 7 2 3 8 1 5 6 
25605502 61333810 
9 4 2 7 0 3 8 1 5 6 
25798732 60979416 
3 4 0 8 2 1 7 6 9 5 
26442346 55457100 
5 4 0 8 2 1 7 6 9 3 
26771146 54566216 
5 0 2 8 7 1 4 6 9 3 
27137342 49436800 
9 0 2 8 7 1 4 6 5 3 
28121248 49422908 
9 8 2 7 0 3 4 1 5 6 
28462752 48678940 
9 3 0 7 2 8 4 1 5 6 
28628308 46029156 
9 3 2 7 0 8 4 1 5 6 
28821538 42851442 
2 5 1 4 8 6 7 9 3 0 
30486828 41442750 
6 9 3 2 7 0 8 1 5 4 
31509880 40664104 
2 5 1 4 8 6 7 9 0 3 
32103550 39522814 
6 3 2 7 0 9 8 1 5 4 
33508306 38045632 
2 9 5 4 8 6 7 1 3 0 
34028066 36691230 
6 3 2 0 7 9 8 1 5 4 
34103866 36350700 
2 5 9 4 8 6 7 1 3 0 
34873588 34204198 
0 5 9 4 8 6 7 1 3 2 
36255910 33685776 
2 5 9 4 7 6 8 1 3 0 
36572670 32559768 
2 5 9 4 3 6 7 1 8 0 
37805142 31683546 
3 5 9 4 0 6 7 1 8 2 
38014608 29674392 
3 5 6 4 0 9 7 1 8 2 
39436580 27796828 
2 5 9 3 4 6 7 1 8 0 
42593718 26439680 
7 5 9 6 0 3 4 1 8 2 
44766338 25175100 
7 5 9 6 2 3 4 1 8 0 
46642148 24949244 
7 5 9 3 0 6 4 1 8 2 
46960430 24776370 
7 5 9 6 0 3 8 1 4 2 
61414448 23990516 
7 5 9 6 2 3 8 1 4 0 
63198114 23765752 
--------------------
37 0 3383 10 2
9 1 0 8 2 3 7 4 6 5 
23526478 64777400 
9 1 2 8 0 3 7 4 6 5 
23675410 62340376 
9 1 0 7 2 3 8 4 6 5 
23737078 61422530 
9 1 2 7 0 3 8 4 6 5 
23929458 58610418 
9 3 0 8 2 1 7 4 6 5 
24043462 55932486 
9 3 2 8 0 1 7 4 6 5 
24192394 53340880 
5 3 2 8 0 1 7 4 6 9 
25196008 52681182 
9 3 7 8 2 1 0 4 6 5 
25728614 51961634 
9 0 2 8 7 3 1 4 6 5 
26027928 46739198 
5 0 2 8 7 3 1 4 6 9 
26206962 46413432 
6 3 7 2 8 0 1 5 9 4 
26842334 45576982 
6 3 7 2 8 0 1 9 5 4 
28044336 44955658 
9 0 3 7 1 2 8 4 6 5 
28644860 44664616 
6 3 2 8 0 1 7 5 9 4 
28715048 44015176 
6 3 8 7 1 2 0 5 9 4 
29166448 43069496 
9 0 2 7 8 3 1 4 6 5 
29318430 40846752 
6 3 2 7 0 8 1 9 5 4 
30935026 40263566 
9 0 2 7 1 3 8 4 6 5 
31040476 38961472 
6 3 8 7 0 2 1 5 9 4 
32825282 38533512 
9 5 3 8 2 1 7 4 6 0 
33836564 37282752 
2 9 5 4 8 6 7 1 3 0 
34028066 36691230 
0 5 8 1 7 3 4 9 6 2 
34803950 36563320 
0 3 8 1 7 5 4 9 6 2 
34808036 36160732 
2 5 9 4 8 6 7 1 3 0 
34873588 34204198 
0 5 9 4 8 6 7 1 3 2 
36255910 33685776 
2 5 9 4 7 6 8 1 3 0 
36572670 32559768 
0 5 1 8 7 3 4 9 6 2 
37405498 30400238 
0 5 3 1 7 8 4 9 6 2 
37799240 31783880 
3 5 9 4 0 6 7 1 8 2 
38014608 29674392 
4 5 3 8 2 1 7 9 6 0 
39175284 29436344 
3 5 6 4 0 9 7 1 8 2 
39436580 27796828 
2 5 9 3 4 6 7 1 8 0 
42593718 26439680 
7 5 9 6 0 3 4 1 8 2 
44766338 25175100 
7 5 9 6 2 3 4 1 8 0 
46642148 24949244 
7 5 9 3 0 6 4 1 8 2 
46960430 24776370 
7 5 9 6 0 3 8 1 4 2 
61414448 23990516 
7 5 9 6 2 3 8 1 4 0 
63198114 23765752 
--------------------
28 0 3608 10 2
3 8 4 0 6 2 7 5 9 1 
23708170 68904344 
3 8 6 0 4 2 7 5 9 1 
23916756 64452124 
3 1 4 0 6 2 7 5 9 8 
24590218 59350012 
3 1 6 0 4 2 7 5 9 8 
24798718 55084178 
3 1 6 0 4 2 8 5 9 7 
27025106 54550050 
3 5 4 0 6 2 7 8 1 9 
27572286 53333016 
3 5 6 0 4 2 7 8 1 9 
27780786 48922732 
3 9 6 0 4 2 7 8 1 5 
28588452 46310128 
5 3 6 0 4 2 7 8 1 9 
28592524 45186992 
0 3 1 5 8 9 7 4 6 2 
29425920 41637060 
0 5 1 3 8 9 7 4 6 2 
30705392 37340324 
0 9 1 5 8 3 7 4 6 2 
30730964 37365610 
0 9 5 8 1 3 7 4 6 2 
31287736 36360648 
0 9 3 1 8 5 7 4 6 2 
32088930 33049758 
0 9 5 1 8 3 7 4 6 2 
32954582 31330866 
0 9 3 1 8 5 7 6 4 2 
33795896 29514994 
0 9 5 1 8 3 7 6 4 2 
34661548 27796102 
0 9 5 1 7 3 8 6 4 2 
37649138 26436924 
2 9 5 1 8 3 4 6 0 7 
38117512 25868962 
0 9 5 1 8 3 4 6 2 7 
40849712 25785982 
2 9 5 1 4 6 8 3 7 0 
42503658 25776718 
2 9 5 1 4 6 7 3 8 0 
44742182 25242982 
7 9 5 1 4 6 2 3 8 0 
48128976 24895582 
7 9 5 1 0 3 8 6 4 2 
48288096 24601432 
7 9 5 1 2 3 8 6 4 0 
49803020 24376670 
7 9 5 1 0 6 4 3 8 2 
50044958 23578198 
7 9 5 1 0 3 4 6 8 2 
54241866 23455424 
7 9 5 1 2 3 4 6 8 0 
55848934 23229570 
--------------------
37 0 3878 10 2
9 1 0 8 2 3 7 4 6 5 
23526478 64777400 
9 1 2 8 0 3 7 4 6 5 
23675410 62340376 
9 1 0 7 2 3 8 4 6 5 
23737078 61422530 
9 1 2 7 0 3 8 4 6 5 
23929458 58610418 
9 3 0 8 2 1 7 4 6 5 
24043462 55932486 
9 3 2 8 0 1 7 4 6 5 
24192394 53340880 
9 3 0 7 2 8 1 4 6 5 
24877650 53091624 
9 3 2 7 0 8 1 4 6 5 
25070030 50197170 
5 3 2 7 0 8 1 4 6 9 
25555648 49537472 
9 0 2 8 7 3 1 4 6 5 
26027928 46739198 
5 0 2 8 7 3 1 4 6 9 
26206962 46413432 
9 0 3 7 8 2 1 4 6 5 
27979404 45914802 
5 9 0 7 2 3 8 4 6 1 
28180828 44541782 
5 9 2 7 0 3 8 4 6 1 
28375694 43180112 
9 0 2 7 8 3 1 4 6 5 
29318430 40846752 
5 9 3 2 7 0 8 4 6 1 
30308102 39364844 
5 9 3 2 8 0 7 4 6 1 
30582870 38545954 
5 9 2 0 7 3 8 4 6 1 
30851318 37065660 
3 9 5 4 1 6 7 0 2 8 
32180804 34462636 
3 9 5 4 1 6 7 2 0 8 
33251844 34454510 
5 9 2 0 8 3 7 4 6 1 
34252408 34453816 
5 9 2 0 7 3 8 6 4 1 
34385712 33321548 
2 9 5 4 1 6 8 3 0 7 
35818772 30762720 
3 9 6 4 1 5 7 0 2 8 
36327780 29730620 
3 9 6 4 1 5 7 2 0 8 
37398838 29670582 
2 9 5 4 1 6 7 3 0 8 
38070570 28957108 
2 5 6 4 1 9 8 3 0 7 
40519276 28464068 
2 9 6 4 1 5 8 3 0 7 
41441868 25929796 
2 9 5 1 4 6 8 3 7 0 
42503658 25776718 
2 9 6 4 1 5 7 3 0 8 
43414492 24013556 
2 9 6 4 1 3 7 5 0 8 
46170102 23929676 
7 9 6 4 1 5 0 3 2 8 
46798212 23774386 
7 9 6 4 1 5 2 3 0 8 
49702390 23631556 
7 9 5 1 0 6 4 3 8 2 
50044958 23578198 
7 9 6 4 1 3 2 5 0 8 
52026010 23528670 
7 9 5 1 0 3 4 6 8 2 
54241866 23455424 
7 9 5 1 2 3 4 6 8 0 
55848934 23229570 
--------------------
24 0 4868 10 2
6 3 8 2 7 0 1 5 9 4 
26398582 46924664 
6 3 7 2 8 0 1 5 9 4 
26842334 45576982 
6 3 7 2 8 0 1 9 5 4 
28044336 44955658 
6 3 2 8 0 1 7 5 9 4 
28715048 44015176 
6 3 8 7 1 2 0 5 9 4 
29166448 43069496 
0 3 1 5 8 9 7 4 6 2 
29425920 41637060 
6 3 2 7 0 8 1 5 9 4 
29733162 40915682 
0 5 1 3 8 9 7 4 6 2 
30705392 37340324 
0 9 5 8 1 3 7 4 6 2 
31287736 36360648 
0 9 3 1 8 5 7 4 6 2 
32088930 33049758 
0 9 5 1 8 3 7 4 6 2 
32954582 31330866 
0 9 3 1 8 5 7 6 4 2 
33795896 29514994 
0 9 5 1 8 3 7 6 4 2 
34661548 27796102 
0 9 5 1 7 3 8 6 4 2 
37649138 26436924 
2 9 5 1 8 3 4 6 0 7 
38117512 25868962 
0 9 5 1 8 3 4 6 2 7 
40849712 25785982 
2 9 5 1 4 6 8 3 7 0 
42503658 25776718 
2 9 5 1 4 6 7 3 8 0 
44742182 25242982 
7 9 5 1 4 6 2 3 8 0 
48128976 24895582 
7 9 5 1 0 3 8 6 4 2 
48288096 24601432 
7 9 5 1 2 3 8 6 4 0 
49803020 24376670 
7 9 5 1 0 6 4 3 8 2 
50044958 23578198 
7 9 5 1 0 3 4 6 8 2 
54241866 23455424 
7 9 5 1 2 3 4 6 8 0 
55848934 23229570 
--------------------
27 0 2483 10 2
6 3 8 2 7 0 1 5 9 4 
26398582 46924664 
6 3 7 2 8 0 1 5 9 4 
26842334 45576982 
6 3 7 2 8 0 1 9 5 4 
28044336 44955658 
6 3 2 8 0 1 7 5 9 4 
28715048 44015176 
6 3 8 7 1 2 0 5 9 4 
29166448 43069496 
6 3 2 7 0 8 1 5 9 4 
29733162 40915682 
6 3 2 7 0 8 1 9 5 4 
30935026 40263566 
6 3 2 7 0 1 8 5 9 4 
31859692 40209450 
6 3 8 7 2 0 1 5 9 4 
32601356 40024760 
6 3 8 7 0 2 1 5 9 4 
32825282 38533512 
6 3 2 7 0 9 8 1 5 4 
33508306 38045632 
6 3 8 7 0 2 1 9 5 4 
34027190 37754500 
2 9 5 4 8 6 7 1 3 0 
34028066 36691230 
6 3 2 0 7 9 8 1 5 4 
34103866 36350700 
2 5 9 4 8 6 7 1 3 0 
34873588 34204198 
0 5 9 4 8 6 7 1 3 2 
36255910 33685776 
2 5 9 4 7 6 8 1 3 0 
36572670 32559768 
2 5 9 4 3 6 7 1 8 0 
37805142 31683546 
3 5 9 4 0 6 7 1 8 2 
38014608 29674392 
3 5 6 4 0 9 7 1 8 2 
39436580 27796828 
7 5 6 4 0 9 8 1 3 2 
42399666 26706214 
2 5 9 3 4 6 7 1 8 0 
42593718 26439680 
7 5 9 6 0 3 4 1 8 2 
44766338 25175100 
7 5 9 6 2 3 4 1 8 0 
46642148 24949244 
7 5 9 3 0 6 4 1 8 2 
46960430 24776370 
7 5 9 6 0 3 8 1 4 2 
61414448 23990516 
7 5 9 6 2 3 8 1 4 0 
63198114 23765752 
--------------------
31 0 4283 10 2
9 1 8 2 7 0 3 4 6 5 
23123030 62757182 
9 1 8 0 7 2 3 4 6 5 
23351722 62662582 
9 3 8 2 7 0 1 4 6 5 
23602010 54421960 
9 3 8 0 7 2 1 4 6 5 
23830702 54248334 
9 3 7 2 8 0 1 4 6 5 
24026396 52136048 
9 3 2 7 0 8 1 4 6 5 
25070030 50197170 
5 3 2 7 0 8 1 4 6 9 
25555648 49537472 
9 0 2 8 7 3 1 4 6 5 
26027928 46739198 
5 0 2 8 7 3 1 4 6 9 
26206962 46413432 
9 0 3 7 8 2 1 4 6 5 
27979404 45914802 
5 9 0 7 2 3 8 4 6 1 
28180828 44541782 
5 9 2 7 0 3 8 4 6 1 
28375694 43180112 
9 0 2 7 8 3 1 4 6 5 
29318430 40846752 
5 9 3 2 7 0 8 4 6 1 
30308102 39364844 
5 9 3 2 8 0 7 4 6 1 
30582870 38545954 
5 9 2 0 7 3 8 4 6 1 
30851318 37065660 
3 9 5 4 1 6 7 0 2 8 
32180804 34462636 
3 9 5 4 1 6 7 2 0 8 
33251844 34454510 
5 9 2 0 8 3 7 4 6 1 
34252408 34453816 
5 9 2 0 7 3 8 6 4 1 
34385712 33321548 
2 9 5 4 1 6 8 3 0 7 
35818772 30762720 
3 9 6 4 1 5 7 0 2 8 
36327780 29730620 
3 9 6 4 1 5 7 2 0 8 
37398838 29670582 
2 9 5 4 1 6 7 3 0 8 
38070570 28957108 
2 5 6 4 1 9 8 3 0 7 
40519276 28464068 
2 9 6 4 1 5 8 3 0 7 
41441868 25929796 
2 9 6 4 1 5 7 3 0 8 
43414492 24013556 
2 9 6 4 1 3 7 5 0 8 
46170102 23929676 
7 9 6 4 1 5 0 3 2 8 
46798212 23774386 
7 9 6 4 1 5 2 3 0 8 
49702390 23631556 
7 9 6 4 1 3 2 5 0 8 
52026010 23528670 
--------------------
32 1 3428 10 2
9 1 0 8 2 3 7 4 6 5 
23526478 64777400 
9 1 2 8 0 3 7 4 6 5 
23675410 62340376 
9 1 0 7 2 3 8 4 6 5 
23737078 61422530 
9 1 2 7 0 3 8 4 6 5 
23929458 58610418 
9 3 0 8 2 1 7 4 6 5 
24043462 55932486 
9 3 2 8 0 1 7 4 6 5 
24192394 53340880 
9 3 0 7 2 8 1 4 6 5 
24877650 53091624 
9 3 2 7 0 8 1 4 6 5 
25070030 50197170 
5 3 2 7 0 8 1 4 6 9 
25555648 49537472 
9 0 2 8 7 3 1 4 6 5 
26027928 46739198 
5 0 2 8 7 3 1 4 6 9 
26206962 46413432 
9 0 3 7 8 2 1 4 6 5 
27979404 45914802 
9 0 3 7 1 2 8 4 6 5 
28644860 44664616 
5 0 2 7 3 8 1 4 6 9 
29172242 44399546 
9 0 2 7 8 3 1 4 6 5 
29318430 40846752 
0 9 1 5 8 3 7 4 6 2 
30730964 37365610 
0 9 5 8 1 3 7 4 6 2 
31287736 36360648 
0 9 3 1 8 5 7 4 6 2 
32088930 33049758 
0 9 5 1 8 3 7 4 6 2 
32954582 31330866 
0 9 3 1 8 5 7 6 4 2 
33795896 29514994 
0 9 5 1 8 3 7 6 4 2 
34661548 27796102 
0 9 5 1 7 3 8 6 4 2 
37649138 26436924 
2 9 5 1 8 3 4 6 0 7 
38117512 25868962 
0 9 5 1 8 3 4 6 2 7 
40849712 25785982 
2 9 5 1 4 6 8 3 7 0 
42503658 25776718 
2 9 5 1 4 6 7 3 8 0 
44742182 25242982 
7 9 5 1 4 6 2 3 8 0 
48128976 24895582 
7 9 5 1 0 3 8 6 4 2 
48288096 24601432 
7 9 5 1 2 3 8 6 4 0 
49803020 24376670 
7 9 5 1 0 6 4 3 8 2 
50044958 23578198 
7 9 5 1 0 3 4 6 8 2 
54241866 23455424 
7 9 5 1 2 3 4 6 8 0 
55848934 23229570 
--------------------
33 0 3023 10 2
9 1 8 2 7 0 3 4 6 5 
23123030 62757182 
9 1 8 0 7 2 3 4 6 5 
23351722 62662582 
9 3 8 2 7 0 1 4 6 5 
23602010 54421960 
9 3 8 0 7 2 1 4 6 5 
23830702 54248334 
9 3 7 2 8 0 1 4 6 5 
24026396 52136048 
9 3 8 2 1 0 7 4 6 5 
24475610 53369196 
9 3 2 7 0 8 1 4 6 5 
25070030 50197170 
5 3 2 7 0 8 1 4 6 9 
25555648 49537472 
9 0 2 8 7 3 1 4 6 5 
26027928 46739198 
5 0 2 8 7 3 1 4 6 9 
26206962 46413432 
9 0 3 7 8 2 1 4 6 5 
27979404 45914802 
9 0 3 7 1 2 8 4 6 5 
28644860 44664616 
5 0 2 7 3 8 1 4 6 9 
29172242 44399546 
9 0 2 7 8 3 1 4 6 5 
29318430 40846752 
0 5 1 3 8 9 7 4 6 2 
30705392 37340324 
0 9 1 5 8 3 7 4 6 2 
30730964 37365610 
0 3 1 5 8 9 7 6 4 2 
31132886 38109020 
0 9 5 8 1 3 7 4 6 2 
31287736 36360648 
0 9 3 1 8 5 7 4 6 2 
32088930 33049758 
0 9 5 1 8 3 7 4 6 2 
32954582 31330866 
0 9 3 1 8 5 7 6 4 2 
33795896 29514994 
0 9 5 1 8 3 7 6 4 2 
34661548 27796102 
0 9 5 1 7 3 8 6 4 2 
37649138 26436924 
2 9 5 1 8 3 4 6 0 7 
38117512 25868962 
0 9 5 1 8 3 4 6 2 7 
40849712 25785982 
7 5 9 6 0 3 4 1 8 2 
44766338 25175100 
7 5 9 6 2 3 4 1 8 0 
46642148 24949244 
7 5 9 3 0 6 4 1 8 2 
46960430 24776370 
7 9 5 1 0 3 8 6 4 2 
48288096 24601432 
7 9 5 1 2 3 8 6 4 0 
49803020 24376670 
7 9 5 1 0 6 4 3 8 2 
50044958 23578198 
7 9 5 1 0 3 4 6 8 2 
54241866 23455424 
7 9 5 1 2 3 4 6 8 0 
55848934 23229570 
--------------------
